#
# There is insufficient memory for the Java Runtime Environment to continue.
# Native memory allocation (malloc) failed to allocate 1009296 bytes for Chunk::new
# Possible reasons:
#   The system is out of physical RAM or swap space
#   In 32 bit mode, the process size limit was hit
# Possible solutions:
#   Reduce memory load on the system
#   Increase physical memory or swap space
#   Check if swap backing store is full
#   Use 64 bit Java on a 64 bit OS
#   Decrease Java heap size (-Xmx/-Xms)
#   Decrease number of Java threads
#   Decrease Java thread stack sizes (-Xss)
#   Set larger code cache with -XX:ReservedCodeCacheSize=
# This output file may be truncated or incomplete.
#
#  Out of Memory Error (allocation.cpp:390), pid=10008, tid=11716
#
# JRE version: Java(TM) SE Runtime Environment (8.0_20-b26) (build 1.8.0_20-b26)
# Java VM: Java HotSpot(TM) 64-Bit Server VM (25.20-b23 mixed mode windows-amd64 )
# Failed to write core dump. Minidumps are not enabled by default on client versions of Windows
#

---------------  T H R E A D  ---------------

Current thread (0x0000000023c50800):  JavaThread "C2 CompilerThread1" daemon [_thread_in_native, id=11716, stack(0x0000000025190000,0x0000000025290000)]

Stack: [0x0000000025190000,0x0000000025290000]
Native frames: (J=compiled Java code, j=interpreted, Vv=VM code, C=native code)
V  [jvm.dll+0x3152fa]
V  [jvm.dll+0x265d03]
V  [jvm.dll+0x266943]
V  [jvm.dll+0x25e265]
V  [jvm.dll+0xbe255]
V  [jvm.dll+0xbe6fc]
V  [jvm.dll+0x45c472]
V  [jvm.dll+0x49d76f]
V  [jvm.dll+0x451045]
V  [jvm.dll+0x452634]
V  [jvm.dll+0x435fc2]
V  [jvm.dll+0x97b62]
V  [jvm.dll+0x98353]
V  [jvm.dll+0x22aac4]
V  [jvm.dll+0x283f5a]
C  [msvcr100.dll+0x21d9f]
C  [msvcr100.dll+0x21e3b]
C  [KERNEL32.DLL+0x8364]
C  [ntdll.dll+0x65e91]


Current CompileTask:
C2:  38566 3243       4       java.util.concurrent.AbstractExecutorService::submit (25 bytes)


---------------  P R O C E S S  ---------------

Java Threads: ( => current thread )
  0x000000002915e000 JavaThread "pool-1-thread-1" [_thread_in_Java, id=12104, stack(0x0000000027660000,0x0000000027760000)]
  0x0000000025f78000 JavaThread "pool-2-thread-4" [_thread_in_Java, id=5564, stack(0x0000000027560000,0x0000000027660000)]
  0x000000002578c000 JavaThread "pool-2-thread-3" [_thread_blocked, id=8212, stack(0x0000000027460000,0x0000000027560000)]
  0x0000000025f0e800 JavaThread "pool-2-thread-2" [_thread_blocked, id=6940, stack(0x0000000027360000,0x0000000027460000)]
  0x0000000025ee6000 JavaThread "pool-3-thread-1" [_thread_blocked, id=3476, stack(0x0000000027260000,0x0000000027360000)]
  0x00000000259d6000 JavaThread "pool-2-thread-1" [_thread_in_Java, id=7916, stack(0x0000000027160000,0x0000000027260000)]
  0x00000000253c0800 JavaThread "Service Thread" daemon [_thread_blocked, id=5484, stack(0x0000000025790000,0x0000000025890000)]
  0x0000000023c57000 JavaThread "C1 CompilerThread2" daemon [_thread_blocked, id=3836, stack(0x0000000025290000,0x0000000025390000)]
=>0x0000000023c50800 JavaThread "C2 CompilerThread1" daemon [_thread_in_native, id=11716, stack(0x0000000025190000,0x0000000025290000)]
  0x0000000023c4e000 JavaThread "C2 CompilerThread0" daemon [_thread_in_native, id=2348, stack(0x0000000025090000,0x0000000025190000)]
  0x0000000023c4c800 JavaThread "Attach Listener" daemon [_thread_blocked, id=12348, stack(0x0000000024f90000,0x0000000025090000)]
  0x0000000023c4c000 JavaThread "Signal Dispatcher" daemon [_thread_blocked, id=9788, stack(0x0000000024e90000,0x0000000024f90000)]
  0x00000000016d6000 JavaThread "Finalizer" daemon [_thread_blocked, id=7512, stack(0x0000000024d90000,0x0000000024e90000)]
  0x00000000016cd000 JavaThread "Reference Handler" daemon [_thread_blocked, id=7856, stack(0x0000000024c90000,0x0000000024d90000)]
  0x00000000015e2800 JavaThread "main" [_thread_in_Java, id=7528, stack(0x0000000001440000,0x0000000001540000)]

Other Threads:
  0x0000000023c15800 VMThread [stack: 0x0000000024b90000,0x0000000024c90000] [id=12872]
  0x0000000023cae000 WatcherThread [stack: 0x0000000025890000,0x0000000025990000] [id=12304]

VM state:not at safepoint (normal execution)

VM Mutex/Monitor currently owned by a thread: None

Heap:
 PSYoungGen      total 951808K, used 914399K [0x00000008d5580000, 0x0000000926280000, 0x0000000d00000000)
  eden space 669696K, 94% used [0x00000008d5580000,0x00000008fc064fb0,0x00000008fe380000)
  from space 282112K, 99% used [0x0000000914f00000,0x0000000926112f28,0x0000000926280000)
  to   space 272896K, 0% used [0x00000008fe380000,0x00000008fe380000,0x000000090ee00000)
 ParOldGen       total 1131520K, used 886226K [0x0000000080000000, 0x00000000c5100000, 0x00000008d5580000)
  object space 1131520K, 78% used [0x0000000080000000,0x00000000b6174bb0,0x00000000c5100000)
 Metaspace       used 6704K, capacity 6984K, committed 7168K, reserved 8192K

Card table byte_map: [0x0000000012400000,0x0000000018810000] byte_map_base: 0x0000000012000000

Marking Bits: (ParMarkBitMap*) 0x0000000053cdb460
 Begin Bits: [0x0000000d00000000, 0x0000000d32000000)
 End Bits:   [0x0000000d32000000, 0x0000000d64000000)

Polling page: 0x0000000000b70000

CodeCache: size=245760Kb used=14376Kb max_used=14527Kb free=231383Kb
 bounds [0x0000000003400000, 0x0000000004250000, 0x0000000012400000]
 total_blobs=3080 nmethods=2814 adapters=179
 compilation: enabled

Compilation events (10 events):
Event: 38.480 Thread 0x0000000023c57000 3254       3       java.util.HashMap::keySet (27 bytes)
Event: 38.481 Thread 0x0000000023c57000 nmethod 3254 0x0000000003b001d0 code [0x0000000003b00360, 0x0000000003b006f0]
Event: 38.481 Thread 0x0000000023c57000 3255       3       java.util.HashMap$KeySet::<init> (10 bytes)
Event: 38.481 Thread 0x0000000023c57000 nmethod 3255 0x0000000003aea6d0 code [0x0000000003aea840, 0x0000000003aeaad0]
Event: 38.482 Thread 0x0000000023c57000 3256       3       com.android.dx.dex.file.DebugInfoItem::<init> (36 bytes)
Event: 38.482 Thread 0x0000000023c57000 nmethod 3256 0x0000000004238f10 code [0x0000000004239080, 0x0000000004239338]
Event: 38.484 Thread 0x0000000023c57000 3258       3       java.util.HashMap$KeySet::iterator (12 bytes)
Event: 38.484 Thread 0x0000000023c57000 nmethod 3258 0x0000000004238a50 code [0x0000000004238bc0, 0x0000000004238e28]
Event: 38.484 Thread 0x0000000023c57000 3259       3       java.util.HashMap$KeyIterator::<init> (11 bytes)
Event: 38.485 Thread 0x0000000023c57000 nmethod 3259 0x0000000003adfb10 code [0x0000000003adfc80, 0x0000000003adfe28]

GC Heap History (10 events):
Event: 31.704 GC heap before
{Heap before GC invocations=25 (full 5):
 PSYoungGen      total 779264K, used 590848K [0x00000008d5580000, 0x0000000914b00000, 0x0000000d00000000)
  eden space 590848K, 100% used [0x00000008d5580000,0x00000008f9680000,0x00000008f9680000)
  from space 188416K, 0% used [0x00000008f9680000,0x00000008f9680000,0x0000000904e80000)
  to   space 185344K, 0% used [0x0000000909600000,0x0000000909600000,0x0000000914b00000)
 ParOldGen       total 1131520K, used 757946K [0x0000000080000000, 0x00000000c5100000, 0x00000008d5580000)
  object space 1131520K, 66% used [0x0000000080000000,0x00000000ae42ebc0,0x00000000c5100000)
 Metaspace       used 6596K, capacity 6920K, committed 7168K, reserved 8192K
Event: 31.825 GC heap after
Heap after GC invocations=25 (full 5):
 PSYoungGen      total 838144K, used 143344K [0x00000008d5580000, 0x0000000915980000, 0x0000000d00000000)
  eden space 652800K, 0% used [0x00000008d5580000,0x00000008d5580000,0x00000008fd300000)
  from space 185344K, 77% used [0x0000000909600000,0x00000009121fc188,0x0000000914b00000)
  to   space 199680K, 0% used [0x00000008fd300000,0x00000008fd300000,0x0000000909600000)
 ParOldGen       total 1131520K, used 757946K [0x0000000080000000, 0x00000000c5100000, 0x00000008d5580000)
  object space 1131520K, 66% used [0x0000000080000000,0x00000000ae42ebc0,0x00000000c5100000)
 Metaspace       used 6596K, capacity 6920K, committed 7168K, reserved 8192K
}
Event: 32.775 GC heap before
{Heap before GC invocations=26 (full 5):
 PSYoungGen      total 838144K, used 796144K [0x00000008d5580000, 0x0000000915980000, 0x0000000d00000000)
  eden space 652800K, 100% used [0x00000008d5580000,0x00000008fd300000,0x00000008fd300000)
  from space 185344K, 77% used [0x0000000909600000,0x00000009121fc188,0x0000000914b00000)
  to   space 199680K, 0% used [0x00000008fd300000,0x00000008fd300000,0x0000000909600000)
 ParOldGen       total 1131520K, used 757946K [0x0000000080000000, 0x00000000c5100000, 0x00000008d5580000)
  object space 1131520K, 66% used [0x0000000080000000,0x00000000ae42ebc0,0x00000000c5100000)
 Metaspace       used 6596K, capacity 6920K, committed 7168K, reserved 8192K
Event: 32.895 GC heap after
Heap after GC invocations=26 (full 5):
 PSYoungGen      total 852480K, used 165921K [0x00000008d5580000, 0x000000091c400000, 0x0000000d00000000)
  eden space 652800K, 0% used [0x00000008d5580000,0x00000008d5580000,0x00000008fd300000)
  from space 199680K, 83% used [0x00000008fd300000,0x0000000907508608,0x0000000909600000)
  to   space 219136K, 0% used [0x000000090ee00000,0x000000090ee00000,0x000000091c400000)
 ParOldGen       total 1131520K, used 757946K [0x0000000080000000, 0x00000000c5100000, 0x00000008d5580000)
  object space 1131520K, 66% used [0x0000000080000000,0x00000000ae42ebc0,0x00000000c5100000)
 Metaspace       used 6596K, capacity 6920K, committed 7168K, reserved 8192K
}
Event: 34.564 GC heap before
{Heap before GC invocations=27 (full 5):
 PSYoungGen      total 852480K, used 818721K [0x00000008d5580000, 0x000000091c400000, 0x0000000d00000000)
  eden space 652800K, 100% used [0x00000008d5580000,0x00000008fd300000,0x00000008fd300000)
  from space 199680K, 83% used [0x00000008fd300000,0x0000000907508608,0x0000000909600000)
  to   space 219136K, 0% used [0x000000090ee00000,0x000000090ee00000,0x000000091c400000)
 ParOldGen       total 1131520K, used 757946K [0x0000000080000000, 0x00000000c5100000, 0x00000008d5580000)
  object space 1131520K, 66% used [0x0000000080000000,0x00000000ae42ebc0,0x00000000c5100000)
 Metaspace       used 6596K, capacity 6920K, committed 7168K, reserved 8192K
Event: 34.890 GC heap after
Heap after GC invocations=27 (full 5):
 PSYoungGen      total 888832K, used 219118K [0x00000008d5580000, 0x0000000923400000, 0x0000000d00000000)
  eden space 669696K, 0% used [0x00000008d5580000,0x00000008d5580000,0x00000008fe380000)
  from space 219136K, 99% used [0x000000090ee00000,0x000000091c3fb928,0x000000091c400000)
  to   space 272896K, 0% used [0x00000008fe380000,0x00000008fe380000,0x000000090ee00000)
 ParOldGen       total 1131520K, used 808545K [0x0000000080000000, 0x00000000c5100000, 0x00000008d5580000)
  object space 1131520K, 71% used [0x0000000080000000,0x00000000b15984c8,0x00000000c5100000)
 Metaspace       used 6596K, capacity 6920K, committed 7168K, reserved 8192K
}
Event: 35.860 GC heap before
{Heap before GC invocations=28 (full 5):
 PSYoungGen      total 888832K, used 888814K [0x00000008d5580000, 0x0000000923400000, 0x0000000d00000000)
  eden space 669696K, 100% used [0x00000008d5580000,0x00000008fe380000,0x00000008fe380000)
  from space 219136K, 99% used [0x000000090ee00000,0x000000091c3fb928,0x000000091c400000)
  to   space 272896K, 0% used [0x00000008fe380000,0x00000008fe380000,0x000000090ee00000)
 ParOldGen       total 1131520K, used 808545K [0x0000000080000000, 0x00000000c5100000, 0x00000008d5580000)
  object space 1131520K, 71% used [0x0000000080000000,0x00000000b15984c8,0x00000000c5100000)
 Metaspace       used 6596K, capacity 6920K, committed 7168K, reserved 8192K
Event: 36.120 GC heap after
Heap after GC invocations=28 (full 5):
 PSYoungGen      total 942592K, used 176376K [0x00000008d5580000, 0x0000000926280000, 0x0000000d00000000)
  eden space 669696K, 0% used [0x00000008d5580000,0x00000008d5580000,0x00000008fe380000)
  from space 272896K, 64% used [0x00000008fe380000,0x0000000908fbe258,0x000000090ee00000)
  to   space 282112K, 0% used [0x0000000914f00000,0x0000000914f00000,0x0000000926280000)
 ParOldGen       total 1131520K, used 886226K [0x0000000080000000, 0x00000000c5100000, 0x00000008d5580000)
  object space 1131520K, 78% used [0x0000000080000000,0x00000000b6174bb0,0x00000000c5100000)
 Metaspace       used 6596K, capacity 6920K, committed 7168K, reserved 8192K
}
Event: 36.989 GC heap before
{Heap before GC invocations=29 (full 5):
 PSYoungGen      total 942592K, used 846072K [0x00000008d5580000, 0x0000000926280000, 0x0000000d00000000)
  eden space 669696K, 100% used [0x00000008d5580000,0x00000008fe380000,0x00000008fe380000)
  from space 272896K, 64% used [0x00000008fe380000,0x0000000908fbe258,0x000000090ee00000)
  to   space 282112K, 0% used [0x0000000914f00000,0x0000000914f00000,0x0000000926280000)
 ParOldGen       total 1131520K, used 886226K [0x0000000080000000, 0x00000000c5100000, 0x00000008d5580000)
  object space 1131520K, 78% used [0x0000000080000000,0x00000000b6174bb0,0x00000000c5100000)
 Metaspace       used 6596K, capacity 6920K, committed 7168K, reserved 8192K
Event: 37.284 GC heap after
Heap after GC invocations=29 (full 5):
 PSYoungGen      total 951808K, used 280651K [0x00000008d5580000, 0x0000000926280000, 0x0000000d00000000)
  eden space 669696K, 0% used [0x00000008d5580000,0x00000008d5580000,0x00000008fe380000)
  from space 282112K, 99% used [0x0000000914f00000,0x0000000926112f28,0x0000000926280000)
  to   space 272896K, 0% used [0x00000008fe380000,0x00000008fe380000,0x000000090ee00000)
 ParOldGen       total 1131520K, used 886226K [0x0000000080000000, 0x00000000c5100000, 0x00000008d5580000)
  object space 1131520K, 78% used [0x0000000080000000,0x00000000b6174bb0,0x00000000c5100000)
 Metaspace       used 6596K, capacity 6920K, committed 7168K, reserved 8192K
}

Deoptimization events (10 events):
Event: 37.334 Thread 0x000000002915e000 Uncommon trap: reason=class_check action=maybe_recompile pc=0x000000000398e0d4 method=java.util.Arrays.hashCode([Ljava/lang/Object;)I @ 43
Event: 37.335 Thread 0x000000002915e000 Uncommon trap: reason=class_check action=maybe_recompile pc=0x000000000398e0d4 method=java.util.Arrays.hashCode([Ljava/lang/Object;)I @ 43
Event: 37.335 Thread 0x000000002915e000 Uncommon trap: reason=class_check action=maybe_recompile pc=0x000000000398e0d4 method=java.util.Arrays.hashCode([Ljava/lang/Object;)I @ 43
Event: 37.335 Thread 0x000000002915e000 Uncommon trap: reason=class_check action=maybe_recompile pc=0x000000000398e0d4 method=java.util.Arrays.hashCode([Ljava/lang/Object;)I @ 43
Event: 37.335 Thread 0x000000002915e000 Uncommon trap: reason=class_check action=maybe_recompile pc=0x000000000397e64c method=java.util.Arrays.hashCode([Ljava/lang/Object;)I @ 43
Event: 37.335 Thread 0x000000002915e000 Uncommon trap: reason=unreached action=reinterpret pc=0x00000000041733fc method=java.util.Arrays.sort([Ljava/lang/Object;IILjava/util/Comparator;)V @ 1
Event: 38.203 Thread 0x000000002915e000 Uncommon trap: reason=unreached action=reinterpret pc=0x0000000003e42fdc method=com.android.dx.dex.file.OffsettedItem.equals(Ljava/lang/Object;)Z @ 26
Event: 38.461 Thread 0x000000002915e000 Uncommon trap: reason=unreached action=reinterpret pc=0x0000000003cbdf3c method=com.android.dx.dex.file.DexFile.internIfAppropriate(Lcom/android/dx/rop/cst/Constant;)V @ 70
Event: 38.468 Thread 0x000000002915e000 Uncommon trap: reason=unreached action=reinterpret pc=0x0000000003b5d70c method=com.android.dx.dex.code.OutputFinisher.addConstants(Ljava/util/HashSet;Lcom/android/dx/rop/code/RegisterSpec;)V @ 57
Event: 38.475 Thread 0x000000002915e000 Uncommon trap: reason=unreached action=reinterpret pc=0x0000000003cbc4a0 method=com.android.dx.dex.code.OutputFinisher.addConstants(Ljava/util/HashSet;Lcom/android/dx/rop/code/RegisterSpec;)V @ 57

Internal exceptions (10 events):
Event: 12.932 Thread 0x000000002578c000 Exception <a 'java/security/PrivilegedActionException'> (0x00000008e46778e0) thrown at [D:\re\workspace\8-2-build-windows-amd64-cygwin\jdk8u20\1074\hotspot\src\share\vm\prims\jvm.cpp, line 1275]
Event: 15.130 Thread 0x000000002578c000 Implicit null exception at 0x0000000003cc1af6 to 0x0000000003cc4c39
Event: 19.290 Thread 0x00000000015e2800 Exception <a 'java/security/PrivilegedActionException'> (0x00000008e2ad1930) thrown at [D:\re\workspace\8-2-build-windows-amd64-cygwin\jdk8u20\1074\hotspot\src\share\vm\prims\jvm.cpp, line 1275]
Event: 19.874 Thread 0x00000000259d6000 Exception <a 'java/security/PrivilegedActionException'> (0x00000008ee392f70) thrown at [D:\re\workspace\8-2-build-windows-amd64-cygwin\jdk8u20\1074\hotspot\src\share\vm\prims\jvm.cpp, line 1275]
Event: 26.932 Thread 0x000000002578c000 Exception <a 'java/security/PrivilegedActionException'> (0x00000008e2f67c60) thrown at [D:\re\workspace\8-2-build-windows-amd64-cygwin\jdk8u20\1074\hotspot\src\share\vm\prims\jvm.cpp, line 1275]
Event: 26.963 Thread 0x000000002578c000 Exception <a 'java/security/PrivilegedActionException'> (0x00000008e2ffd188) thrown at [D:\re\workspace\8-2-build-windows-amd64-cygwin\jdk8u20\1074\hotspot\src\share\vm\prims\jvm.cpp, line 1275]
Event: 35.409 Thread 0x0000000025f78000 Implicit null exception at 0x0000000003599f9c to 0x0000000003599fc4
Event: 37.295 Thread 0x00000000015e2800 Exception <a 'java/security/PrivilegedActionException'> (0x00000008d5814798) thrown at [D:\re\workspace\8-2-build-windows-amd64-cygwin\jdk8u20\1074\hotspot\src\share\vm\prims\jvm.cpp, line 1275]
Event: 37.342 Thread 0x000000002915e000 Exception <a 'java/security/PrivilegedActionException'> (0x00000008d62918e8) thrown at [D:\re\workspace\8-2-build-windows-amd64-cygwin\jdk8u20\1074\hotspot\src\share\vm\prims\jvm.cpp, line 1275]
Event: 38.485 Thread 0x000000002915e000 Exception <a 'java/security/PrivilegedActionException'> (0x00000008f6e13240) thrown at [D:\re\workspace\8-2-build-windows-amd64-cygwin\jdk8u20\1074\hotspot\src\share\vm\prims\jvm.cpp, line 1275]

Events (10 events):
Event: 38.461 Thread 0x000000002915e000 DEOPT PACKING pc=0x0000000003cbdf3c sp=0x000000002775ed00
Event: 38.461 Thread 0x000000002915e000 DEOPT UNPACKING pc=0x000000000344556a sp=0x000000002775ecf8 mode 2
Event: 38.468 Thread 0x000000002915e000 Uncommon trap: trap_request=0xffffffad fr.pc=0x0000000003b5d70c
Event: 38.468 Thread 0x000000002915e000 DEOPT PACKING pc=0x0000000003b5d70c sp=0x000000002775eb90
Event: 38.468 Thread 0x000000002915e000 DEOPT UNPACKING pc=0x000000000344556a sp=0x000000002775eb18 mode 2
Event: 38.475 Thread 0x000000002915e000 Uncommon trap: trap_request=0xffffffad fr.pc=0x0000000003cbc4a0
Event: 38.475 Thread 0x000000002915e000 DEOPT PACKING pc=0x0000000003cbc4a0 sp=0x000000002775ec10
Event: 38.475 Thread 0x000000002915e000 DEOPT UNPACKING pc=0x000000000344556a sp=0x000000002775eb40 mode 2
Event: 38.485 loading class com/android/dx/dex/file/CatchStructs
Event: 38.485 loading class com/android/dx/dex/file/CatchStructs done


Dynamic libraries:
0x00007ff75dbf0000 - 0x00007ff75dc24000 	C:\Program Files\Java\jdk1.8.0_20\bin\java.exe
0x00007ff9b0c20000 - 0x00007ff9b0df1000 	C:\WINDOWS\SYSTEM32\ntdll.dll
0x00007ff9b0060000 - 0x00007ff9b010b000 	C:\WINDOWS\System32\KERNEL32.DLL
0x00007ff9adb20000 - 0x00007ff9add3d000 	C:\WINDOWS\System32\KERNELBASE.dll
0x00007ff9b0210000 - 0x00007ff9b02b2000 	C:\WINDOWS\System32\ADVAPI32.dll
0x00007ff9affc0000 - 0x00007ff9b005e000 	C:\WINDOWS\System32\msvcrt.dll
0x00007ff9b0bc0000 - 0x00007ff9b0c19000 	C:\WINDOWS\System32\sechost.dll
0x00007ff9b0970000 - 0x00007ff9b0a91000 	C:\WINDOWS\System32\RPCRT4.dll
0x00007ff9b07f0000 - 0x00007ff9b0955000 	C:\WINDOWS\System32\USER32.dll
0x00007ff9ad300000 - 0x00007ff9ad31e000 	C:\WINDOWS\System32\win32u.dll
0x00007ff9b02c0000 - 0x00007ff9b02f4000 	C:\WINDOWS\System32\GDI32.dll
0x00007ff9adda0000 - 0x00007ff9adf22000 	C:\WINDOWS\System32\gdi32full.dll
0x00007ff9a7ae0000 - 0x00007ff9a7d5a000 	C:\WINDOWS\WinSxS\amd64_microsoft.windows.common-controls_6595b64144ccf1df_6.0.14393.351_none_4213128bc687e6d3\COMCTL32.dll
0x00007ff9b03c0000 - 0x00007ff9b0687000 	C:\WINDOWS\System32\combase.dll
0x00007ff9ad1b0000 - 0x00007ff9ad2a5000 	C:\WINDOWS\System32\ucrtbase.dll
0x00007ff9ad320000 - 0x00007ff9ad38a000 	C:\WINDOWS\System32\bcryptPrimitives.dll
0x00007ff9ae370000 - 0x00007ff9ae39e000 	C:\WINDOWS\System32\IMM32.DLL
0x0000000054c30000 - 0x0000000054d02000 	C:\Program Files\Java\jdk1.8.0_20\jre\bin\msvcr100.dll
0x0000000053500000 - 0x0000000053d58000 	C:\Program Files\Java\jdk1.8.0_20\jre\bin\server\jvm.dll
0x00007ff9b0960000 - 0x00007ff9b0968000 	C:\WINDOWS\System32\PSAPI.DLL
0x00007ff9a20a0000 - 0x00007ff9a20a9000 	C:\WINDOWS\SYSTEM32\WSOCK32.dll
0x00007ff9ab2a0000 - 0x00007ff9ab2c3000 	C:\WINDOWS\SYSTEM32\WINMM.dll
0x00007ff9aea40000 - 0x00007ff9aeaaa000 	C:\WINDOWS\System32\WS2_32.dll
0x00007ff9ab270000 - 0x00007ff9ab29b000 	C:\WINDOWS\SYSTEM32\WINMMBASE.dll
0x00007ff9ad2b0000 - 0x00007ff9ad2f2000 	C:\WINDOWS\System32\cfgmgr32.dll
0x00000000550b0000 - 0x00000000550bf000 	C:\Program Files\Java\jdk1.8.0_20\jre\bin\verify.dll
0x0000000055080000 - 0x00000000550a8000 	C:\Program Files\Java\jdk1.8.0_20\jre\bin\java.dll
0x0000000055060000 - 0x0000000055076000 	C:\Program Files\Java\jdk1.8.0_20\jre\bin\zip.dll
0x00007ff9aeab0000 - 0x00007ff9affb9000 	C:\WINDOWS\System32\SHELL32.dll
0x00007ff9ad440000 - 0x00007ff9adb1a000 	C:\WINDOWS\System32\windows.storage.dll
0x00007ff9ad0b0000 - 0x00007ff9ad0fc000 	C:\WINDOWS\System32\powrprof.dll
0x00007ff9ae970000 - 0x00007ff9ae9c2000 	C:\WINDOWS\System32\shlwapi.dll
0x00007ff9ad0a0000 - 0x00007ff9ad0af000 	C:\WINDOWS\System32\kernel.appcore.dll
0x00007ff9adf30000 - 0x00007ff9adfd9000 	C:\WINDOWS\System32\shcore.dll
0x00007ff9ad080000 - 0x00007ff9ad094000 	C:\WINDOWS\System32\profapi.dll
0x00007ff9a64b0000 - 0x00007ff9a6642000 	C:\WINDOWS\SYSTEM32\dbghelp.dll

VM Arguments:
jvm_args: -Djava.awt.headless=true -Xmx50g -Dfile.encoding=windows-1251 -Duser.country=RU -Duser.language=ru -Duser.variant 
java_command: com.android.dx.command.Main --dex --num-threads=4 --multi-dex --main-dex-list C:\Users\User\Documents\GitHub\iCRM\iCRM\app\build\intermediates\multi-dex\debug\maindexlist.txt --output C:\Users\User\Documents\GitHub\iCRM\iCRM\app\build\intermediates\transforms\dex\debug\folders\1000\1f\main C:\Users\User\Documents\GitHub\iCRM\iCRM\app\build\intermediates\transforms\jarMerging\debug\jars\1\1f\combined.jar
java_class_path (initial): C:\Users\User\AppData\Local\Android\sdk\build-tools\23.0.3\lib\dx.jar
Launcher Type: SUN_STANDARD

Environment Variables:
PATH=C:\ProgramData\Oracle\Java\javapath;C:\Program Files\Broadcom\Broadcom 802.11 Network Adapter;C:\Program Files (x86)\NVIDIA Corporation\PhysX\Common;C:\Program Files (x86)\Intel\iCLS Client\;C:\Program Files\Intel\iCLS Client\;C:\Windows\system32;C:\Windows;C:\Windows\System32\Wbem;C:\Windows\System32\WindowsPowerShell\v1.0\;C:\Program Files\Intel\Intel(R) Management Engine Components\DAL;C:\Program Files\Intel\Intel(R) Management Engine Components\IPT;C:\Program Files (x86)\Intel\Intel(R) Management Engine Components\DAL;C:\Program Files (x86)\Intel\Intel(R) Management Engine Components\IPT;C:\Program Files\WIDCOMM\Bluetooth Software\;C:\Program Files\WIDCOMM\Bluetooth Software\syswow64;C:\Program Files\Acer\Remote Files\;C:\Program Files (x86)\Skype\Phone\;C:\Program Files\OpenVPN\bin;C:\WINDOWS\system32;C:\WINDOWS;C:\WINDOWS\System32\Wbem;C:\WINDOWS\System32\WindowsPowerShell\v1.0\;C:\Users\User\AppData\Local\Microsoft\WindowsApps;
USERNAME=User
OS=Windows_NT
PROCESSOR_IDENTIFIER=Intel64 Family 6 Model 69 Stepping 1, GenuineIntel



---------------  S Y S T E M  ---------------

OS: Windows 8.1 , 64 bit Build 9600 

CPU:total 4 (2 cores per cpu, 2 threads per core) family 6 model 69 stepping 1, cmov, cx8, fxsr, mmx, sse, sse2, sse3, ssse3, sse4.1, sse4.2, popcnt, avx, avx2, aes, clmul, erms, lzcnt, ht, tsc, tscinvbit, bmi1, bmi2

Memory: 4k page, physical 8310040k(564632k free), swap 12406040k(2544k free)

vm_info: Java HotSpot(TM) 64-Bit Server VM (25.20-b23) for windows-amd64 JRE (1.8.0_20-b26), built on Jul 30 2014 13:51:23 by "java_re" with MS VC++ 10.0 (VS2010)

time: Tue Nov 01 12:27:56 2016
elapsed time: 38 seconds (0d 0h 0m 38s)

