#
# There is insufficient memory for the Java Runtime Environment to continue.
# Native memory allocation (malloc) failed to allocate 33554448 bytes for Chunk::new
# Possible reasons:
#   The system is out of physical RAM or swap space
#   In 32 bit mode, the process size limit was hit
# Possible solutions:
#   Reduce memory load on the system
#   Increase physical memory or swap space
#   Check if swap backing store is full
#   Use 64 bit Java on a 64 bit OS
#   Decrease Java heap size (-Xmx/-Xms)
#   Decrease number of Java threads
#   Decrease Java thread stack sizes (-Xss)
#   Set larger code cache with -XX:ReservedCodeCacheSize=
# This output file may be truncated or incomplete.
#
#  Out of Memory Error (allocation.cpp:390), pid=11100, tid=8528
#
# JRE version: Java(TM) SE Runtime Environment (8.0_20-b26) (build 1.8.0_20-b26)
# Java VM: Java HotSpot(TM) 64-Bit Server VM (25.20-b23 mixed mode windows-amd64 )
# Failed to write core dump. Minidumps are not enabled by default on client versions of Windows
#

---------------  T H R E A D  ---------------

Current thread (0x0000000023c4f000):  JavaThread "C2 CompilerThread1" daemon [_thread_in_native, id=8528, stack(0x00000000252a0000,0x00000000253a0000)]

Stack: [0x00000000252a0000,0x00000000253a0000]
Native frames: (J=compiled Java code, j=interpreted, Vv=VM code, C=native code)
V  [jvm.dll+0x3152fa]
V  [jvm.dll+0x265d03]
V  [jvm.dll+0x266943]
V  [jvm.dll+0x25e265]
V  [jvm.dll+0xbe255]
V  [jvm.dll+0xbe6fc]
V  [jvm.dll+0xf3878]
V  [jvm.dll+0x45df30]
V  [jvm.dll+0x45e1ea]
V  [jvm.dll+0x45f0cf]
V  [jvm.dll+0x461191]
V  [jvm.dll+0x4635c5]
V  [jvm.dll+0x463f4c]
V  [jvm.dll+0x464293]
V  [jvm.dll+0x451093]
V  [jvm.dll+0x452634]
V  [jvm.dll+0x435fc2]
V  [jvm.dll+0x97b62]
V  [jvm.dll+0x98353]
V  [jvm.dll+0x22aac4]
V  [jvm.dll+0x283f5a]
C  [msvcr100.dll+0x21d9f]
C  [msvcr100.dll+0x21e3b]
C  [KERNEL32.DLL+0x8364]
C  [ntdll.dll+0x65e91]


Current CompileTask:
C2:  29718 2120   !   4       com.android.dx.cf.code.Ropper::processBlock (1101 bytes)


---------------  P R O C E S S  ---------------

Java Threads: ( => current thread )
  0x0000000025d0c800 JavaThread "pool-2-thread-4" [_thread_in_Java, id=4040, stack(0x0000000027670000,0x0000000027770000)]
  0x0000000025d0c000 JavaThread "pool-2-thread-3" [_thread_in_Java, id=9152, stack(0x0000000027570000,0x0000000027670000)]
  0x000000002607b000 JavaThread "pool-2-thread-2" [_thread_in_Java, id=4296, stack(0x0000000027470000,0x0000000027570000)]
  0x0000000025c9d000 JavaThread "pool-3-thread-1" [_thread_blocked, id=6512, stack(0x0000000027370000,0x0000000027470000)]
  0x0000000025c9c000 JavaThread "pool-2-thread-1" [_thread_blocked, id=10708, stack(0x0000000027270000,0x0000000027370000)]
  0x00000000254c8800 JavaThread "Service Thread" daemon [_thread_blocked, id=3340, stack(0x00000000258a0000,0x00000000259a0000)]
  0x0000000023c57800 JavaThread "C1 CompilerThread2" daemon [_thread_blocked, id=4684, stack(0x00000000253a0000,0x00000000254a0000)]
=>0x0000000023c4f000 JavaThread "C2 CompilerThread1" daemon [_thread_in_native, id=8528, stack(0x00000000252a0000,0x00000000253a0000)]
  0x0000000023c4d000 JavaThread "C2 CompilerThread0" daemon [_thread_in_native, id=1360, stack(0x00000000251a0000,0x00000000252a0000)]
  0x0000000023c4b800 JavaThread "Attach Listener" daemon [_thread_blocked, id=11440, stack(0x00000000250a0000,0x00000000251a0000)]
  0x0000000023c4a800 JavaThread "Signal Dispatcher" daemon [_thread_blocked, id=6820, stack(0x0000000024fa0000,0x00000000250a0000)]
  0x0000000001726000 JavaThread "Finalizer" daemon [_thread_blocked, id=1896, stack(0x0000000024ea0000,0x0000000024fa0000)]
  0x000000000171d000 JavaThread "Reference Handler" daemon [_thread_blocked, id=7368, stack(0x0000000024da0000,0x0000000024ea0000)]
  0x0000000001632800 JavaThread "main" [_thread_in_vm, id=10820, stack(0x0000000001530000,0x0000000001630000)]

Other Threads:
  0x0000000023c15800 VMThread [stack: 0x0000000024ca0000,0x0000000024da0000] [id=10008]
  0x00000000254d2000 WatcherThread [stack: 0x00000000259a0000,0x0000000025aa0000] [id=7188]

VM state:not at safepoint (normal execution)

VM Mutex/Monitor currently owned by a thread: None

Heap:
 PSYoungGen      total 944128K, used 336030K [0x00000008d5580000, 0x0000000926580000, 0x0000000d00000000)
  eden space 690176K, 20% used [0x00000008d5580000,0x00000008ddd87210,0x00000008ff780000)
  from space 253952K, 77% used [0x00000008ff780000,0x000000090b7a0910,0x000000090ef80000)
  to   space 275968K, 0% used [0x0000000915800000,0x0000000915800000,0x0000000926580000)
 ParOldGen       total 876032K, used 589849K [0x0000000080000000, 0x00000000b5780000, 0x00000008d5580000)
  object space 876032K, 67% used [0x0000000080000000,0x00000000a4006680,0x00000000b5780000)
 Metaspace       used 6598K, capacity 6920K, committed 7168K, reserved 8192K

Card table byte_map: [0x0000000012400000,0x0000000018810000] byte_map_base: 0x0000000012000000

Marking Bits: (ParMarkBitMap*) 0x0000000053c3b460
 Begin Bits: [0x0000000d00000000, 0x0000000d32000000)
 End Bits:   [0x0000000d32000000, 0x0000000d64000000)

Polling page: 0x0000000000c70000

CodeCache: size=245760Kb used=10027Kb max_used=11638Kb free=235732Kb
 bounds [0x0000000003400000, 0x0000000003f80000, 0x0000000012400000]
 total_blobs=2418 nmethods=2152 adapters=179
 compilation: enabled

Compilation events (10 events):
Event: 29.515 Thread 0x0000000023c4d000 nmethod 2538 0x0000000003a3e790 code [0x0000000003a3e8c0, 0x0000000003a3e978]
Event: 29.515 Thread 0x0000000023c4d000 2368       4       java.util.TreeMap::get (19 bytes)
Event: 29.518 Thread 0x0000000023c4d000 nmethod 2368 0x00000000038c4f50 code [0x00000000038c50a0, 0x00000000038c51b8]
Event: 29.518 Thread 0x0000000023c4d000 2626       4       java.lang.AbstractStringBuilder::<init> (12 bytes)
Event: 29.519 Thread 0x0000000023c4d000 nmethod 2626 0x0000000003b70110 code [0x0000000003b70260, 0x0000000003b70378]
Event: 29.519 Thread 0x0000000023c4d000 2334       4       com.android.dx.rop.code.RegisterSpec::getType (10 bytes)
Event: 29.520 Thread 0x0000000023c4d000 nmethod 2334 0x0000000003e2df10 code [0x0000000003e2e040, 0x0000000003e2e0b8]
Event: 29.520 Thread 0x0000000023c4d000 2374       4       com.android.dx.rop.code.Rop::<init> (137 bytes)
Event: 29.522 Thread 0x0000000023c4d000 nmethod 2374 0x000000000353b710 code [0x000000000353b860, 0x000000000353b9f8]
Event: 29.522 Thread 0x0000000023c4d000 2379       4       com.android.dx.cf.code.Simulator$SimVisitor::visitConstant (332 bytes)

GC Heap History (10 events):
Event: 16.886 GC heap before
{Heap before GC invocations=17 (full 3):
 PSYoungGen      total 772096K, used 128196K [0x00000008d5580000, 0x0000000912780000, 0x0000000d00000000)
  eden space 589824K, 0% used [0x00000008d5580000,0x00000008d5580000,0x00000008f9580000)
  from space 182272K, 70% used [0x0000000905300000,0x000000090d031098,0x0000000910500000)
  to   space 194048K, 0% used [0x00000008f9580000,0x00000008f9580000,0x0000000905300000)
 ParOldGen       total 378880K, used 378762K [0x0000000080000000, 0x0000000097200000, 0x00000008d5580000)
  object space 378880K, 99% used [0x0000000080000000,0x00000000971e28a0,0x0000000097200000)
 Metaspace       used 6581K, capacity 6920K, committed 7168K, reserved 8192K
Event: 19.319 GC heap after
Heap after GC invocations=17 (full 3):
 PSYoungGen      total 772096K, used 113415K [0x00000008d5580000, 0x0000000912780000, 0x0000000d00000000)
  eden space 589824K, 0% used [0x00000008d5580000,0x00000008d5580000,0x00000008f9580000)
  from space 182272K, 62% used [0x0000000905300000,0x000000090c1c1da0,0x0000000910500000)
  to   space 194048K, 0% used [0x00000008f9580000,0x00000008f9580000,0x0000000905300000)
 ParOldGen       total 590336K, used 377558K [0x0000000080000000, 0x00000000a4080000, 0x00000008d5580000)
  object space 590336K, 63% used [0x0000000080000000,0x00000000970b5bd0,0x00000000a4080000)
 Metaspace       used 6581K, capacity 6920K, committed 7168K, reserved 8192K
}
Event: 21.068 GC heap before
{Heap before GC invocations=18 (full 3):
 PSYoungGen      total 772096K, used 703239K [0x00000008d5580000, 0x0000000912780000, 0x0000000d00000000)
  eden space 589824K, 100% used [0x00000008d5580000,0x00000008f9580000,0x00000008f9580000)
  from space 182272K, 62% used [0x0000000905300000,0x000000090c1c1da0,0x0000000910500000)
  to   space 194048K, 0% used [0x00000008f9580000,0x00000008f9580000,0x0000000905300000)
 ParOldGen       total 590336K, used 377558K [0x0000000080000000, 0x00000000a4080000, 0x00000008d5580000)
  object space 590336K, 63% used [0x0000000080000000,0x00000000970b5bd0,0x00000000a4080000)
 Metaspace       used 6582K, capacity 6920K, committed 7168K, reserved 8192K
Event: 21.401 GC heap after
Heap after GC invocations=18 (full 3):
 PSYoungGen      total 783872K, used 194019K [0x00000008d5580000, 0x000000091d100000, 0x0000000d00000000)
  eden space 589824K, 0% used [0x00000008d5580000,0x00000008d5580000,0x00000008f9580000)
  from space 194048K, 99% used [0x00000008f9580000,0x00000009052f8fe0,0x0000000905300000)
  to   space 230912K, 0% used [0x000000090ef80000,0x000000090ef80000,0x000000091d100000)
 ParOldGen       total 590336K, used 386997K [0x0000000080000000, 0x00000000a4080000, 0x00000008d5580000)
  object space 590336K, 65% used [0x0000000080000000,0x00000000979ed7e0,0x00000000a4080000)
 Metaspace       used 6582K, capacity 6920K, committed 7168K, reserved 8192K
}
Event: 23.087 GC heap before
{Heap before GC invocations=19 (full 3):
 PSYoungGen      total 783872K, used 783843K [0x00000008d5580000, 0x000000091d100000, 0x0000000d00000000)
  eden space 589824K, 100% used [0x00000008d5580000,0x00000008f9580000,0x00000008f9580000)
  from space 194048K, 99% used [0x00000008f9580000,0x00000009052f8fe0,0x0000000905300000)
  to   space 230912K, 0% used [0x000000090ef80000,0x000000090ef80000,0x000000091d100000)
 ParOldGen       total 590336K, used 386997K [0x0000000080000000, 0x00000000a4080000, 0x00000008d5580000)
  object space 590336K, 65% used [0x0000000080000000,0x00000000979ed7e0,0x00000000a4080000)
 Metaspace       used 6585K, capacity 6920K, committed 7168K, reserved 8192K
Event: 23.502 GC heap after
Heap after GC invocations=19 (full 3):
 PSYoungGen      total 921088K, used 185023K [0x00000008d5580000, 0x0000000920d00000, 0x0000000d00000000)
  eden space 690176K, 0% used [0x00000008d5580000,0x00000008d5580000,0x00000008ff780000)
  from space 230912K, 80% used [0x000000090ef80000,0x000000091a42fe08,0x000000091d100000)
  to   space 253952K, 0% used [0x00000008ff780000,0x00000008ff780000,0x000000090ef80000)
 ParOldGen       total 590336K, used 494346K [0x0000000080000000, 0x00000000a4080000, 0x00000008d5580000)
  object space 590336K, 83% used [0x0000000080000000,0x000000009e2c2858,0x00000000a4080000)
 Metaspace       used 6585K, capacity 6920K, committed 7168K, reserved 8192K
}
Event: 23.502 GC heap before
{Heap before GC invocations=20 (full 4):
 PSYoungGen      total 921088K, used 185023K [0x00000008d5580000, 0x0000000920d00000, 0x0000000d00000000)
  eden space 690176K, 0% used [0x00000008d5580000,0x00000008d5580000,0x00000008ff780000)
  from space 230912K, 80% used [0x000000090ef80000,0x000000091a42fe08,0x000000091d100000)
  to   space 253952K, 0% used [0x00000008ff780000,0x00000008ff780000,0x000000090ef80000)
 ParOldGen       total 590336K, used 494346K [0x0000000080000000, 0x00000000a4080000, 0x00000008d5580000)
  object space 590336K, 83% used [0x0000000080000000,0x000000009e2c2858,0x00000000a4080000)
 Metaspace       used 6585K, capacity 6920K, committed 7168K, reserved 8192K
Event: 26.737 GC heap after
Heap after GC invocations=20 (full 4):
 PSYoungGen      total 921088K, used 84049K [0x00000008d5580000, 0x0000000920d00000, 0x0000000d00000000)
  eden space 690176K, 0% used [0x00000008d5580000,0x00000008d5580000,0x00000008ff780000)
  from space 230912K, 36% used [0x000000090ef80000,0x0000000914194580,0x000000091d100000)
  to   space 253952K, 0% used [0x00000008ff780000,0x00000008ff780000,0x000000090ef80000)
 ParOldGen       total 876032K, used 589849K [0x0000000080000000, 0x00000000b5780000, 0x00000008d5580000)
  object space 876032K, 67% used [0x0000000080000000,0x00000000a4006680,0x00000000b5780000)
 Metaspace       used 6585K, capacity 6920K, committed 7168K, reserved 8192K
}
Event: 28.829 GC heap before
{Heap before GC invocations=21 (full 4):
 PSYoungGen      total 921088K, used 774225K [0x00000008d5580000, 0x0000000920d00000, 0x0000000d00000000)
  eden space 690176K, 100% used [0x00000008d5580000,0x00000008ff780000,0x00000008ff780000)
  from space 230912K, 36% used [0x000000090ef80000,0x0000000914194580,0x000000091d100000)
  to   space 253952K, 0% used [0x00000008ff780000,0x00000008ff780000,0x000000090ef80000)
 ParOldGen       total 876032K, used 589849K [0x0000000080000000, 0x00000000b5780000, 0x00000008d5580000)
  object space 876032K, 67% used [0x0000000080000000,0x00000000a4006680,0x00000000b5780000)
 Metaspace       used 6598K, capacity 6920K, committed 7168K, reserved 8192K
Event: 29.230 GC heap after
Heap after GC invocations=21 (full 4):
 PSYoungGen      total 944128K, used 196738K [0x00000008d5580000, 0x0000000926580000, 0x0000000d00000000)
  eden space 690176K, 0% used [0x00000008d5580000,0x00000008d5580000,0x00000008ff780000)
  from space 253952K, 77% used [0x00000008ff780000,0x000000090b7a0910,0x000000090ef80000)
  to   space 275968K, 0% used [0x0000000915800000,0x0000000915800000,0x0000000926580000)
 ParOldGen       total 876032K, used 589849K [0x0000000080000000, 0x00000000b5780000, 0x00000008d5580000)
  object space 876032K, 67% used [0x0000000080000000,0x00000000a4006680,0x00000000b5780000)
 Metaspace       used 6598K, capacity 6920K, committed 7168K, reserved 8192K
}

Deoptimization events (10 events):
Event: 12.515 Thread 0x000000002607b000 Uncommon trap: reason=class_check action=maybe_recompile pc=0x0000000003e0726c method=com.android.dx.cf.code.BytecodeArray.parseInstruction(ILcom/android/dx/cf/code/BytecodeArray$Visitor;)I @ 2017
Event: 12.522 Thread 0x000000002607b000 Uncommon trap: reason=class_check action=maybe_recompile pc=0x0000000003e0726c method=com.android.dx.cf.code.BytecodeArray.parseInstruction(ILcom/android/dx/cf/code/BytecodeArray$Visitor;)I @ 2017
Event: 20.149 Thread 0x0000000001632800 Uncommon trap: reason=bimorphic action=maybe_recompile pc=0x0000000003e58cc0 method=com.android.dx.cf.code.BytecodeArray.parseInstruction(ILcom/android/dx/cf/code/BytecodeArray$Visitor;)I @ 1067
Event: 20.149 Thread 0x0000000001632800 Uncommon trap: reason=bimorphic action=maybe_recompile pc=0x0000000003e58cc0 method=com.android.dx.cf.code.BytecodeArray.parseInstruction(ILcom/android/dx/cf/code/BytecodeArray$Visitor;)I @ 1067
Event: 27.313 Thread 0x0000000025d0c000 Uncommon trap: reason=predicate action=maybe_recompile pc=0x0000000003563730 method=com.android.dx.ssa.DomFront.run()[Lcom/android/dx/ssa/DomFront$DomInfo; @ 175
Event: 27.318 Thread 0x0000000025d0c000 Uncommon trap: reason=class_check action=maybe_recompile pc=0x0000000003c496cc method=com.android.dx.ssa.DomFront.calcDomFronts()V @ 101
Event: 27.318 Thread 0x0000000025d0c000 Uncommon trap: reason=class_check action=maybe_recompile pc=0x0000000003c481f0 method=com.android.dx.ssa.DomFront.calcDomFronts()V @ 101
Event: 27.322 Thread 0x0000000025d0c000 Uncommon trap: reason=class_check action=maybe_recompile pc=0x0000000003c481f0 method=com.android.dx.ssa.DomFront.calcDomFronts()V @ 101
Event: 27.322 Thread 0x0000000025d0c000 Uncommon trap: reason=class_check action=maybe_recompile pc=0x0000000003c481f0 method=com.android.dx.ssa.DomFront.calcDomFronts()V @ 101
Event: 27.325 Thread 0x0000000025d0c000 Uncommon trap: reason=class_check action=maybe_recompile pc=0x0000000003f16a70 method=com.android.dx.ssa.SsaConverter.placePhiFunctions(Lcom/android/dx/ssa/SsaMethod;Lcom/android/dx/ssa/LocalVariableInfo;I)V @ 257

Internal exceptions (10 events):
Event: 2.000 Thread 0x0000000025d0c000 Exception <a 'java/lang/ArrayIndexOutOfBoundsException'> (0x00000008dbb3faf0) thrown at [D:\re\workspace\8-2-build-windows-amd64-cygwin\jdk8u20\1074\hotspot\src\share\vm\runtime\sharedRuntime.cpp, line 604]
Event: 2.000 Thread 0x0000000025d0c000 Exception <a 'java/lang/ArrayIndexOutOfBoundsException'> (0x00000008dbb41338) thrown at [D:\re\workspace\8-2-build-windows-amd64-cygwin\jdk8u20\1074\hotspot\src\share\vm\runtime\sharedRuntime.cpp, line 604]
Event: 2.935 Thread 0x0000000025c9c000 Exception <a 'java/security/PrivilegedActionException'> (0x00000008d8d33220) thrown at [D:\re\workspace\8-2-build-windows-amd64-cygwin\jdk8u20\1074\hotspot\src\share\vm\prims\jvm.cpp, line 1275]
Event: 10.669 Thread 0x0000000001632800 Exception <a 'java/security/PrivilegedActionException'> (0x00000008e4575fd8) thrown at [D:\re\workspace\8-2-build-windows-amd64-cygwin\jdk8u20\1074\hotspot\src\share\vm\prims\jvm.cpp, line 1275]
Event: 10.673 Thread 0x0000000001632800 Implicit null exception at 0x000000000358f2a8 to 0x000000000358f899
Event: 15.838 Thread 0x0000000001632800 Exception <a 'java/security/PrivilegedActionException'> (0x00000008e4799370) thrown at [D:\re\workspace\8-2-build-windows-amd64-cygwin\jdk8u20\1074\hotspot\src\share\vm\prims\jvm.cpp, line 1275]
Event: 27.314 Thread 0x0000000025d0c000 Exception <a 'java/security/PrivilegedActionException'> (0x00000008e03d3b98) thrown at [D:\re\workspace\8-2-build-windows-amd64-cygwin\jdk8u20\1074\hotspot\src\share\vm\prims\jvm.cpp, line 1275]
Event: 27.326 Thread 0x0000000025d0c000 Exception <a 'java/security/PrivilegedActionException'> (0x00000008e0442448) thrown at [D:\re\workspace\8-2-build-windows-amd64-cygwin\jdk8u20\1074\hotspot\src\share\vm\prims\jvm.cpp, line 1275]
Event: 27.733 Thread 0x0000000001632800 Exception <a 'java/security/PrivilegedActionException'> (0x00000008e3bdf470) thrown at [D:\re\workspace\8-2-build-windows-amd64-cygwin\jdk8u20\1074\hotspot\src\share\vm\prims\jvm.cpp, line 1275]
Event: 28.761 Thread 0x0000000025d0c000 Exception <a 'java/security/PrivilegedActionException'> (0x00000008fc576838) thrown at [D:\re\workspace\8-2-build-windows-amd64-cygwin\jdk8u20\1074\hotspot\src\share\vm\prims\jvm.cpp, line 1275]

Events (10 events):
Event: 27.372 Thread 0x0000000023c4d000 flushing nmethod 0x0000000003caa510
Event: 27.373 Thread 0x0000000023c4d000 flushing nmethod 0x0000000003d1cf50
Event: 27.733 loading class com/android/dx/cf/iface/ParseObserver
Event: 27.733 loading class com/android/dx/cf/iface/ParseObserver done
Event: 27.874 Thread 0x0000000025c9c000 DEOPT PACKING pc=0x0000000003ba244d sp=0x000000002736e550
Event: 27.874 Thread 0x0000000025c9c000 DEOPT UNPACKING pc=0x00000000034475bf sp=0x000000002736e2c0 mode 0
Event: 28.760 loading class com/android/dx/rop/code/RegisterSpec$1
Event: 28.760 loading class com/android/dx/rop/code/RegisterSpec$1 done
Event: 28.827 Executing VM operation: ParallelGCFailedAllocation
Event: 29.230 Executing VM operation: ParallelGCFailedAllocation done


Dynamic libraries:
0x00007ff61d090000 - 0x00007ff61d0c4000 	C:\Program Files\Java\jdk1.8.0_20\bin\java.exe
0x00007ff9b0c20000 - 0x00007ff9b0df1000 	C:\WINDOWS\SYSTEM32\ntdll.dll
0x00007ff9b0060000 - 0x00007ff9b010b000 	C:\WINDOWS\System32\KERNEL32.DLL
0x00007ff9adb20000 - 0x00007ff9add3d000 	C:\WINDOWS\System32\KERNELBASE.dll
0x00007ff9b0210000 - 0x00007ff9b02b2000 	C:\WINDOWS\System32\ADVAPI32.dll
0x00007ff9affc0000 - 0x00007ff9b005e000 	C:\WINDOWS\System32\msvcrt.dll
0x00007ff9b0bc0000 - 0x00007ff9b0c19000 	C:\WINDOWS\System32\sechost.dll
0x00007ff9b0970000 - 0x00007ff9b0a91000 	C:\WINDOWS\System32\RPCRT4.dll
0x00007ff9b07f0000 - 0x00007ff9b0955000 	C:\WINDOWS\System32\USER32.dll
0x00007ff9ad300000 - 0x00007ff9ad31e000 	C:\WINDOWS\System32\win32u.dll
0x00007ff9b02c0000 - 0x00007ff9b02f4000 	C:\WINDOWS\System32\GDI32.dll
0x00007ff9adda0000 - 0x00007ff9adf22000 	C:\WINDOWS\System32\gdi32full.dll
0x00007ff9a7ae0000 - 0x00007ff9a7d5a000 	C:\WINDOWS\WinSxS\amd64_microsoft.windows.common-controls_6595b64144ccf1df_6.0.14393.351_none_4213128bc687e6d3\COMCTL32.dll
0x00007ff9b03c0000 - 0x00007ff9b0687000 	C:\WINDOWS\System32\combase.dll
0x00007ff9ad1b0000 - 0x00007ff9ad2a5000 	C:\WINDOWS\System32\ucrtbase.dll
0x00007ff9ad320000 - 0x00007ff9ad38a000 	C:\WINDOWS\System32\bcryptPrimitives.dll
0x00007ff9ae370000 - 0x00007ff9ae39e000 	C:\WINDOWS\System32\IMM32.DLL
0x0000000054c10000 - 0x0000000054ce2000 	C:\Program Files\Java\jdk1.8.0_20\jre\bin\msvcr100.dll
0x0000000053460000 - 0x0000000053cb8000 	C:\Program Files\Java\jdk1.8.0_20\jre\bin\server\jvm.dll
0x00007ff9b0960000 - 0x00007ff9b0968000 	C:\WINDOWS\System32\PSAPI.DLL
0x00007ff9a2eb0000 - 0x00007ff9a2eb9000 	C:\WINDOWS\SYSTEM32\WSOCK32.dll
0x00007ff9ab2a0000 - 0x00007ff9ab2c3000 	C:\WINDOWS\SYSTEM32\WINMM.dll
0x00007ff9aea40000 - 0x00007ff9aeaaa000 	C:\WINDOWS\System32\WS2_32.dll
0x00007ff9ab270000 - 0x00007ff9ab29b000 	C:\WINDOWS\SYSTEM32\WINMMBASE.dll
0x00007ff9ad2b0000 - 0x00007ff9ad2f2000 	C:\WINDOWS\System32\cfgmgr32.dll
0x0000000055090000 - 0x000000005509f000 	C:\Program Files\Java\jdk1.8.0_20\jre\bin\verify.dll
0x0000000055060000 - 0x0000000055088000 	C:\Program Files\Java\jdk1.8.0_20\jre\bin\java.dll
0x0000000055040000 - 0x0000000055056000 	C:\Program Files\Java\jdk1.8.0_20\jre\bin\zip.dll
0x00007ff9aeab0000 - 0x00007ff9affb9000 	C:\WINDOWS\System32\SHELL32.dll
0x00007ff9ad440000 - 0x00007ff9adb1a000 	C:\WINDOWS\System32\windows.storage.dll
0x00007ff9ad0b0000 - 0x00007ff9ad0fc000 	C:\WINDOWS\System32\powrprof.dll
0x00007ff9ae970000 - 0x00007ff9ae9c2000 	C:\WINDOWS\System32\shlwapi.dll
0x00007ff9ad0a0000 - 0x00007ff9ad0af000 	C:\WINDOWS\System32\kernel.appcore.dll
0x00007ff9adf30000 - 0x00007ff9adfd9000 	C:\WINDOWS\System32\shcore.dll
0x00007ff9ad080000 - 0x00007ff9ad094000 	C:\WINDOWS\System32\profapi.dll
0x00007ff9a64b0000 - 0x00007ff9a6642000 	C:\WINDOWS\SYSTEM32\dbghelp.dll

VM Arguments:
jvm_args: -Djava.awt.headless=true -Xmx50g -Dfile.encoding=windows-1251 -Duser.country=RU -Duser.language=ru -Duser.variant 
java_command: com.android.dx.command.Main --dex --num-threads=4 --multi-dex --main-dex-list C:\Users\User\Documents\GitHub\iCRM\iCRM\app\build\intermediates\multi-dex\debug\maindexlist.txt --output C:\Users\User\Documents\GitHub\iCRM\iCRM\app\build\intermediates\transforms\dex\debug\folders\1000\1f\main C:\Users\User\Documents\GitHub\iCRM\iCRM\app\build\intermediates\transforms\jarMerging\debug\jars\1\1f\combined.jar
java_class_path (initial): C:\Users\User\AppData\Local\Android\sdk\build-tools\23.0.3\lib\dx.jar
Launcher Type: SUN_STANDARD

Environment Variables:
PATH=C:\ProgramData\Oracle\Java\javapath;C:\Program Files\Broadcom\Broadcom 802.11 Network Adapter;C:\Program Files (x86)\NVIDIA Corporation\PhysX\Common;C:\Program Files (x86)\Intel\iCLS Client\;C:\Program Files\Intel\iCLS Client\;C:\Windows\system32;C:\Windows;C:\Windows\System32\Wbem;C:\Windows\System32\WindowsPowerShell\v1.0\;C:\Program Files\Intel\Intel(R) Management Engine Components\DAL;C:\Program Files\Intel\Intel(R) Management Engine Components\IPT;C:\Program Files (x86)\Intel\Intel(R) Management Engine Components\DAL;C:\Program Files (x86)\Intel\Intel(R) Management Engine Components\IPT;C:\Program Files\WIDCOMM\Bluetooth Software\;C:\Program Files\WIDCOMM\Bluetooth Software\syswow64;C:\Program Files\Acer\Remote Files\;C:\Program Files (x86)\Skype\Phone\;C:\Program Files\OpenVPN\bin;C:\WINDOWS\system32;C:\WINDOWS;C:\WINDOWS\System32\Wbem;C:\WINDOWS\System32\WindowsPowerShell\v1.0\;C:\Users\User\AppData\Local\Microsoft\WindowsApps;
USERNAME=User
OS=Windows_NT
PROCESSOR_IDENTIFIER=Intel64 Family 6 Model 69 Stepping 1, GenuineIntel



---------------  S Y S T E M  ---------------

OS: Windows 8.1 , 64 bit Build 9600 

CPU:total 4 (2 cores per cpu, 2 threads per core) family 6 model 69 stepping 1, cmov, cx8, fxsr, mmx, sse, sse2, sse3, ssse3, sse4.1, sse4.2, popcnt, avx, avx2, aes, clmul, erms, lzcnt, ht, tsc, tscinvbit, bmi1, bmi2

Memory: 4k page, physical 8310040k(1035268k free), swap 12406032k(14232k free)

vm_info: Java HotSpot(TM) 64-Bit Server VM (25.20-b23) for windows-amd64 JRE (1.8.0_20-b26), built on Jul 30 2014 13:51:23 by "java_re" with MS VC++ 10.0 (VS2010)

time: Mon Oct 31 18:14:14 2016
elapsed time: 29 seconds (0d 0h 0m 29s)

