#
# There is insufficient memory for the Java Runtime Environment to continue.
# Native memory allocation (malloc) failed to allocate 33554448 bytes for Chunk::new
# Possible reasons:
#   The system is out of physical RAM or swap space
#   In 32 bit mode, the process size limit was hit
# Possible solutions:
#   Reduce memory load on the system
#   Increase physical memory or swap space
#   Check if swap backing store is full
#   Use 64 bit Java on a 64 bit OS
#   Decrease Java heap size (-Xmx/-Xms)
#   Decrease number of Java threads
#   Decrease Java thread stack sizes (-Xss)
#   Set larger code cache with -XX:ReservedCodeCacheSize=
# This output file may be truncated or incomplete.
#
#  Out of Memory Error (allocation.cpp:390), pid=11156, tid=9888
#
# JRE version: Java(TM) SE Runtime Environment (8.0_20-b26) (build 1.8.0_20-b26)
# Java VM: Java HotSpot(TM) 64-Bit Server VM (25.20-b23 mixed mode windows-amd64 )
# Failed to write core dump. Minidumps are not enabled by default on client versions of Windows
#

---------------  T H R E A D  ---------------

Current thread (0x000000002404f000):  JavaThread "C2 CompilerThread1" daemon [_thread_in_native, id=9888, stack(0x00000000256c0000,0x00000000257c0000)]

Stack: [0x00000000256c0000,0x00000000257c0000]
Native frames: (J=compiled Java code, j=interpreted, Vv=VM code, C=native code)
V  [jvm.dll+0x3152fa]


Current CompileTask:
C2:  30245 2117   !   4       com.android.dx.cf.code.Ropper::processBlock (1101 bytes)


---------------  P R O C E S S  ---------------

Java Threads: ( => current thread )
  0x000000002635b800 JavaThread "pool-2-thread-4" [_thread_blocked, id=4712, stack(0x0000000027a90000,0x0000000027b90000)]
  0x0000000026114000 JavaThread "pool-2-thread-3" [_thread_blocked, id=7392, stack(0x0000000027990000,0x0000000027a90000)]
  0x0000000025b61000 JavaThread "pool-2-thread-2" [_thread_blocked, id=10076, stack(0x0000000027890000,0x0000000027990000)]
  0x0000000026113000 JavaThread "pool-3-thread-1" [_thread_blocked, id=6916, stack(0x0000000027790000,0x0000000027890000)]
  0x0000000025bab800 JavaThread "pool-2-thread-1" [_thread_blocked, id=12732, stack(0x0000000027690000,0x0000000027790000)]
  0x00000000240ad800 JavaThread "Service Thread" daemon [_thread_blocked, id=5876, stack(0x0000000025cc0000,0x0000000025dc0000)]
  0x0000000024052800 JavaThread "C1 CompilerThread2" daemon [_thread_blocked, id=12024, stack(0x00000000257c0000,0x00000000258c0000)]
=>0x000000002404f000 JavaThread "C2 CompilerThread1" daemon [_thread_in_native, id=9888, stack(0x00000000256c0000,0x00000000257c0000)]
  0x000000002404d000 JavaThread "C2 CompilerThread0" daemon [_thread_blocked, id=12132, stack(0x00000000255c0000,0x00000000256c0000)]
  0x000000002404b800 JavaThread "Attach Listener" daemon [_thread_blocked, id=6900, stack(0x00000000254c0000,0x00000000255c0000)]
  0x000000002404a800 JavaThread "Signal Dispatcher" daemon [_thread_blocked, id=924, stack(0x00000000253c0000,0x00000000254c0000)]
  0x0000000001b66000 JavaThread "Finalizer" daemon [_thread_blocked, id=7416, stack(0x00000000252c0000,0x00000000253c0000)]
  0x0000000001b5d000 JavaThread "Reference Handler" daemon [_thread_blocked, id=4056, stack(0x00000000251c0000,0x00000000252c0000)]
  0x0000000001a72800 JavaThread "main" [_thread_blocked, id=3892, stack(0x0000000001970000,0x0000000001a70000)]

Other Threads:
  0x0000000024015800 VMThread [stack: 0x00000000250c0000,0x00000000251c0000] [id=11160]
  0x00000000258f3800 WatcherThread [stack: 0x0000000025dc0000,0x0000000025ec0000] [id=3132]

VM state:at safepoint (normal execution)

VM Mutex/Monitor currently owned by a thread:  ([mutex/lock_event])
[0x000000000196c4b0] Threads_lock - owner thread: 0x0000000024015800
[0x000000000196c430] Heap_lock - owner thread: 0x0000000025bab800

Heap:
 PSYoungGen      total 818688K, used 676031K [0x00000008d5580000, 0x000000091cf80000, 0x0000000d00000000)
  eden space 583680K, 100% used [0x00000008d5580000,0x00000008f8f80000,0x00000008f8f80000)
  from space 235008K, 39% used [0x000000090ea00000,0x000000091442fc10,0x000000091cf80000)
  to   space 196096K, 0% used [0x00000008f8f80000,0x00000008f8f80000,0x0000000904f00000)
 ParOldGen       total 584192K, used 583742K [0x0000000080000000, 0x00000000a3a80000, 0x00000008d5580000)
  object space 584192K, 99% used [0x0000000080000000,0x00000000a3a0fa10,0x00000000a3a80000)
 Metaspace       used 6597K, capacity 6920K, committed 7168K, reserved 8192K

Card table byte_map: [0x0000000012400000,0x0000000018810000] byte_map_base: 0x0000000012000000

Marking Bits: (ParMarkBitMap*) 0x0000000076c4b460
 Begin Bits: [0x0000000d00000000, 0x0000000d32000000)
 End Bits:   [0x0000000d32000000, 0x0000000d64000000)

Polling page: 0x0000000001810000

CodeCache: size=245760Kb used=9995Kb max_used=11998Kb free=235764Kb
 bounds [0x0000000003400000, 0x0000000003fd0000, 0x0000000012400000]
 total_blobs=2417 nmethods=2151 adapters=179
 compilation: enabled

Compilation events (10 events):
Event: 27.282 Thread 0x000000002404d000 nmethod 2563 0x00000000038fa250 code [0x00000000038fa3a0, 0x00000000038fa4b8]
Event: 27.282 Thread 0x000000002404d000 2342       4       com.android.dx.dex.code.RopTranslator::getRegs (64 bytes)
Event: 27.292 Thread 0x000000002404d000 nmethod 2342 0x0000000003583e10 code [0x0000000003583f80, 0x0000000003584558]
Event: 27.292 Thread 0x000000002404d000 2357       4       com.android.dx.rop.cst.CstInteger::getValue (5 bytes)
Event: 27.293 Thread 0x000000002404d000 nmethod 2357 0x0000000003a70590 code [0x0000000003a706c0, 0x0000000003a70718]
Event: 27.293 Thread 0x000000002404d000 2372       4       com.android.dx.rop.code.Rop::<init> (137 bytes)
Event: 27.295 Thread 0x000000002404d000 nmethod 2372 0x00000000036ecad0 code [0x00000000036ecc20, 0x00000000036ecdb8]
Event: 27.295 Thread 0x000000002404d000 2390       4       com.android.dx.cf.code.Simulator$SimVisitor::visitConstant (332 bytes)
Event: 27.615 Thread 0x0000000024052800 2636       2       com.android.dx.rop.code.Rops::opMul (29 bytes)
Event: 27.615 Thread 0x0000000024052800 nmethod 2636 0x000000000350cc90 code [0x000000000350ce00, 0x000000000350cfa8]

GC Heap History (10 events):
Event: 16.110 GC heap after
Heap after GC invocations=16 (full 2):
 PSYoungGen      total 763392K, used 138222K [0x00000008d5580000, 0x0000000912d80000, 0x0000000d00000000)
  eden space 583680K, 0% used [0x00000008d5580000,0x00000008d5580000,0x00000008f8f80000)
  from space 179712K, 76% used [0x0000000904f00000,0x000000090d5fb828,0x000000090fe80000)
  to   space 196096K, 0% used [0x00000008f8f80000,0x00000008f8f80000,0x0000000904f00000)
 ParOldGen       total 370688K, used 366233K [0x0000000080000000, 0x0000000096a00000, 0x00000008d5580000)
  object space 370688K, 98% used [0x0000000080000000,0x00000000965a64a8,0x0000000096a00000)
 Metaspace       used 6580K, capacity 6920K, committed 7168K, reserved 8192K
}
Event: 16.110 GC heap before
{Heap before GC invocations=17 (full 3):
 PSYoungGen      total 763392K, used 138222K [0x00000008d5580000, 0x0000000912d80000, 0x0000000d00000000)
  eden space 583680K, 0% used [0x00000008d5580000,0x00000008d5580000,0x00000008f8f80000)
  from space 179712K, 76% used [0x0000000904f00000,0x000000090d5fb828,0x000000090fe80000)
  to   space 196096K, 0% used [0x00000008f8f80000,0x00000008f8f80000,0x0000000904f00000)
 ParOldGen       total 370688K, used 366233K [0x0000000080000000, 0x0000000096a00000, 0x00000008d5580000)
  object space 370688K, 98% used [0x0000000080000000,0x00000000965a64a8,0x0000000096a00000)
 Metaspace       used 6580K, capacity 6920K, committed 7168K, reserved 8192K
Event: 18.708 GC heap after
Heap after GC invocations=17 (full 3):
 PSYoungGen      total 763392K, used 118957K [0x00000008d5580000, 0x0000000912d80000, 0x0000000d00000000)
  eden space 583680K, 0% used [0x00000008d5580000,0x00000008d5580000,0x00000008f8f80000)
  from space 179712K, 66% used [0x0000000904f00000,0x000000090c32b7e0,0x000000090fe80000)
  to   space 196096K, 0% used [0x00000008f8f80000,0x00000008f8f80000,0x0000000904f00000)
 ParOldGen       total 584192K, used 370359K [0x0000000080000000, 0x00000000a3a80000, 0x00000008d5580000)
  object space 584192K, 63% used [0x0000000080000000,0x00000000969adc40,0x00000000a3a80000)
 Metaspace       used 6580K, capacity 6920K, committed 7168K, reserved 8192K
}
Event: 20.807 GC heap before
{Heap before GC invocations=18 (full 3):
 PSYoungGen      total 763392K, used 702637K [0x00000008d5580000, 0x0000000912d80000, 0x0000000d00000000)
  eden space 583680K, 100% used [0x00000008d5580000,0x00000008f8f80000,0x00000008f8f80000)
  from space 179712K, 66% used [0x0000000904f00000,0x000000090c32b7e0,0x000000090fe80000)
  to   space 196096K, 0% used [0x00000008f8f80000,0x00000008f8f80000,0x0000000904f00000)
 ParOldGen       total 584192K, used 370359K [0x0000000080000000, 0x00000000a3a80000, 0x00000008d5580000)
  object space 584192K, 63% used [0x0000000080000000,0x00000000969adc40,0x00000000a3a80000)
 Metaspace       used 6581K, capacity 6920K, committed 7168K, reserved 8192K
Event: 21.151 GC heap after
Heap after GC invocations=18 (full 3):
 PSYoungGen      total 779776K, used 196091K [0x00000008d5580000, 0x000000091cf80000, 0x0000000d00000000)
  eden space 583680K, 0% used [0x00000008d5580000,0x00000008d5580000,0x00000008f8f80000)
  from space 196096K, 99% used [0x00000008f8f80000,0x0000000904efed58,0x0000000904f00000)
  to   space 235008K, 0% used [0x000000090ea00000,0x000000090ea00000,0x000000091cf80000)
 ParOldGen       total 584192K, used 384936K [0x0000000080000000, 0x00000000a3a80000, 0x00000008d5580000)
  object space 584192K, 65% used [0x0000000080000000,0x00000000977ea350,0x00000000a3a80000)
 Metaspace       used 6581K, capacity 6920K, committed 7168K, reserved 8192K
}
Event: 22.703 GC heap before
{Heap before GC invocations=19 (full 3):
 PSYoungGen      total 779776K, used 779771K [0x00000008d5580000, 0x000000091cf80000, 0x0000000d00000000)
  eden space 583680K, 100% used [0x00000008d5580000,0x00000008f8f80000,0x00000008f8f80000)
  from space 196096K, 99% used [0x00000008f8f80000,0x0000000904efed58,0x0000000904f00000)
  to   space 235008K, 0% used [0x000000090ea00000,0x000000090ea00000,0x000000091cf80000)
 ParOldGen       total 584192K, used 384936K [0x0000000080000000, 0x00000000a3a80000, 0x00000008d5580000)
  object space 584192K, 65% used [0x0000000080000000,0x00000000977ea350,0x00000000a3a80000)
 Metaspace       used 6585K, capacity 6920K, committed 7168K, reserved 8192K
Event: 23.065 GC heap after
Heap after GC invocations=19 (full 3):
 PSYoungGen      total 818688K, used 180569K [0x00000008d5580000, 0x000000091cf80000, 0x0000000d00000000)
  eden space 583680K, 0% used [0x00000008d5580000,0x00000008d5580000,0x00000008f8f80000)
  from space 235008K, 76% used [0x000000090ea00000,0x0000000919a56450,0x000000091cf80000)
  to   space 196096K, 0% used [0x00000008f8f80000,0x00000008f8f80000,0x0000000904f00000)
 ParOldGen       total 584192K, used 498852K [0x0000000080000000, 0x00000000a3a80000, 0x00000008d5580000)
  object space 584192K, 85% used [0x0000000080000000,0x000000009e7293d0,0x00000000a3a80000)
 Metaspace       used 6585K, capacity 6920K, committed 7168K, reserved 8192K
}
Event: 23.065 GC heap before
{Heap before GC invocations=20 (full 4):
 PSYoungGen      total 818688K, used 180569K [0x00000008d5580000, 0x000000091cf80000, 0x0000000d00000000)
  eden space 583680K, 0% used [0x00000008d5580000,0x00000008d5580000,0x00000008f8f80000)
  from space 235008K, 76% used [0x000000090ea00000,0x0000000919a56450,0x000000091cf80000)
  to   space 196096K, 0% used [0x00000008f8f80000,0x00000008f8f80000,0x0000000904f00000)
 ParOldGen       total 584192K, used 498852K [0x0000000080000000, 0x00000000a3a80000, 0x00000008d5580000)
  object space 584192K, 85% used [0x0000000080000000,0x000000009e7293d0,0x00000000a3a80000)
 Metaspace       used 6585K, capacity 6920K, committed 7168K, reserved 8192K
Event: 25.928 GC heap after
Heap after GC invocations=20 (full 4):
 PSYoungGen      total 818688K, used 92351K [0x00000008d5580000, 0x000000091cf80000, 0x0000000d00000000)
  eden space 583680K, 0% used [0x00000008d5580000,0x00000008d5580000,0x00000008f8f80000)
  from space 235008K, 39% used [0x000000090ea00000,0x000000091442fc10,0x000000091cf80000)
  to   space 196096K, 0% used [0x00000008f8f80000,0x00000008f8f80000,0x0000000904f00000)
 ParOldGen       total 584192K, used 583742K [0x0000000080000000, 0x00000000a3a80000, 0x00000008d5580000)
  object space 584192K, 99% used [0x0000000080000000,0x00000000a3a0fa10,0x00000000a3a80000)
 Metaspace       used 6585K, capacity 6920K, committed 7168K, reserved 8192K
}
Event: 27.616 GC heap before
{Heap before GC invocations=21 (full 5):
 PSYoungGen      total 818688K, used 676031K [0x00000008d5580000, 0x000000091cf80000, 0x0000000d00000000)
  eden space 583680K, 100% used [0x00000008d5580000,0x00000008f8f80000,0x00000008f8f80000)
  from space 235008K, 39% used [0x000000090ea00000,0x000000091442fc10,0x000000091cf80000)
  to   space 196096K, 0% used [0x00000008f8f80000,0x00000008f8f80000,0x0000000904f00000)
 ParOldGen       total 584192K, used 583742K [0x0000000080000000, 0x00000000a3a80000, 0x00000008d5580000)
  object space 584192K, 99% used [0x0000000080000000,0x00000000a3a0fa10,0x00000000a3a80000)
 Metaspace       used 6597K, capacity 6920K, committed 7168K, reserved 8192K

Deoptimization events (10 events):
Event: 11.762 Thread 0x0000000026114000 Uncommon trap: reason=class_check action=maybe_recompile pc=0x0000000003ddbb30 method=com.android.dx.cf.code.BytecodeArray.parseInstruction(ILcom/android/dx/cf/code/BytecodeArray$Visitor;)I @ 2047
Event: 19.626 Thread 0x0000000026114000 Uncommon trap: reason=bimorphic action=maybe_recompile pc=0x0000000003e10340 method=com.android.dx.cf.code.BytecodeArray.parseInstruction(ILcom/android/dx/cf/code/BytecodeArray$Visitor;)I @ 1067
Event: 19.627 Thread 0x0000000026114000 Uncommon trap: reason=bimorphic action=maybe_recompile pc=0x0000000003e10340 method=com.android.dx.cf.code.BytecodeArray.parseInstruction(ILcom/android/dx/cf/code/BytecodeArray$Visitor;)I @ 1067
Event: 26.199 Thread 0x0000000026114000 Uncommon trap: reason=predicate action=maybe_recompile pc=0x0000000003dc2cbc method=com.android.dx.ssa.DomFront.run()[Lcom/android/dx/ssa/DomFront$DomInfo; @ 175
Event: 26.204 Thread 0x0000000026114000 Uncommon trap: reason=class_check action=maybe_recompile pc=0x0000000003c2284c method=com.android.dx.ssa.DomFront.calcDomFronts()V @ 101
Event: 26.205 Thread 0x0000000026114000 Uncommon trap: reason=class_check action=maybe_recompile pc=0x0000000003c12c70 method=com.android.dx.ssa.DomFront.calcDomFronts()V @ 101
Event: 26.205 Thread 0x0000000026114000 Uncommon trap: reason=class_check action=maybe_recompile pc=0x0000000003c11348 method=com.android.dx.ssa.DomFront.calcDomFronts()V @ 101
Event: 26.206 Thread 0x0000000026114000 Uncommon trap: reason=class_check action=maybe_recompile pc=0x0000000003c12c70 method=com.android.dx.ssa.DomFront.calcDomFronts()V @ 101
Event: 26.207 Thread 0x0000000026114000 Uncommon trap: reason=class_check action=maybe_recompile pc=0x0000000003c11348 method=com.android.dx.ssa.DomFront.calcDomFronts()V @ 101
Event: 26.209 Thread 0x0000000026114000 Uncommon trap: reason=class_check action=maybe_recompile pc=0x0000000003d491dc method=com.android.dx.ssa.SsaConverter.placePhiFunctions(Lcom/android/dx/ssa/SsaMethod;Lcom/android/dx/ssa/LocalVariableInfo;I)V @ 257

Internal exceptions (10 events):
Event: 1.765 Thread 0x000000002635b800 Exception <a 'java/lang/ArrayIndexOutOfBoundsException': 145> (0x00000008db7f30d0) thrown at [D:\re\workspace\8-2-build-windows-amd64-cygwin\jdk8u20\1074\hotspot\src\share\vm\interpreter\interpreterRuntime.cpp, line 366]
Event: 1.766 Thread 0x000000002635b800 Exception <a 'java/lang/ArrayIndexOutOfBoundsException': 40> (0x00000008db7f4918) thrown at [D:\re\workspace\8-2-build-windows-amd64-cygwin\jdk8u20\1074\hotspot\src\share\vm\interpreter\interpreterRuntime.cpp, line 366]
Event: 2.906 Thread 0x0000000026114000 Exception <a 'java/security/PrivilegedActionException'> (0x00000008d849b458) thrown at [D:\re\workspace\8-2-build-windows-amd64-cygwin\jdk8u20\1074\hotspot\src\share\vm\prims\jvm.cpp, line 1275]
Event: 10.518 Thread 0x0000000001a72800 Exception <a 'java/security/PrivilegedActionException'> (0x00000008e2fe8628) thrown at [D:\re\workspace\8-2-build-windows-amd64-cygwin\jdk8u20\1074\hotspot\src\share\vm\prims\jvm.cpp, line 1275]
Event: 10.522 Thread 0x0000000001a72800 Implicit null exception at 0x000000000358df28 to 0x000000000358e519
Event: 21.269 Thread 0x0000000026114000 Exception <a 'java/security/PrivilegedActionException'> (0x00000008d6887440) thrown at [D:\re\workspace\8-2-build-windows-amd64-cygwin\jdk8u20\1074\hotspot\src\share\vm\prims\jvm.cpp, line 1275]
Event: 22.351 Thread 0x0000000026114000 Exception <a 'java/security/PrivilegedActionException'> (0x00000008f01d6830) thrown at [D:\re\workspace\8-2-build-windows-amd64-cygwin\jdk8u20\1074\hotspot\src\share\vm\prims\jvm.cpp, line 1275]
Event: 26.199 Thread 0x0000000026114000 Exception <a 'java/security/PrivilegedActionException'> (0x00000008dcfbc580) thrown at [D:\re\workspace\8-2-build-windows-amd64-cygwin\jdk8u20\1074\hotspot\src\share\vm\prims\jvm.cpp, line 1275]
Event: 26.210 Thread 0x0000000026114000 Exception <a 'java/security/PrivilegedActionException'> (0x00000008dd051aa8) thrown at [D:\re\workspace\8-2-build-windows-amd64-cygwin\jdk8u20\1074\hotspot\src\share\vm\prims\jvm.cpp, line 1275]
Event: 26.497 Thread 0x0000000001a72800 Exception <a 'java/security/PrivilegedActionException'> (0x00000008e095c4f8) thrown at [D:\re\workspace\8-2-build-windows-amd64-cygwin\jdk8u20\1074\hotspot\src\share\vm\prims\jvm.cpp, line 1275]

Events (10 events):
Event: 27.268 Thread 0x000000002404d000 flushing nmethod 0x0000000003b12f90
Event: 27.268 Thread 0x000000002404d000 flushing nmethod 0x0000000003b2e750
Event: 27.270 Thread 0x000000002404d000 flushing nmethod 0x0000000003b73910
Event: 27.270 Thread 0x000000002404d000 flushing nmethod 0x0000000003b76c50
Event: 27.270 Thread 0x000000002404d000 flushing nmethod 0x0000000003ba9e10
Event: 27.270 Thread 0x000000002404d000 flushing nmethod 0x0000000003bbde90
Event: 27.273 Thread 0x000000002404d000 flushing nmethod 0x0000000003be2310
Event: 27.274 Thread 0x000000002404d000 flushing nmethod 0x0000000003c8e6d0
Event: 27.274 Thread 0x000000002404d000 flushing nmethod 0x0000000003cd34d0
Event: 27.616 Executing VM operation: ParallelGCFailedAllocation


Dynamic libraries:
0x00007ff62e540000 - 0x00007ff62e574000 	C:\Program Files\Java\jdk1.8.0_20\bin\java.exe
0x00007ffd3f9f0000 - 0x00007ffd3fbc1000 	C:\WINDOWS\SYSTEM32\ntdll.dll
0x00007ffd3ee50000 - 0x00007ffd3eefb000 	C:\WINDOWS\System32\KERNEL32.DLL
0x00007ffd3c940000 - 0x00007ffd3cb5d000 	C:\WINDOWS\System32\KERNELBASE.dll
0x00007ffd3d2d0000 - 0x00007ffd3d372000 	C:\WINDOWS\System32\ADVAPI32.dll
0x00007ffd3f8c0000 - 0x00007ffd3f95e000 	C:\WINDOWS\System32\msvcrt.dll
0x00007ffd3f990000 - 0x00007ffd3f9e9000 	C:\WINDOWS\System32\sechost.dll
0x00007ffd3f400000 - 0x00007ffd3f521000 	C:\WINDOWS\System32\RPCRT4.dll
0x00007ffd3d430000 - 0x00007ffd3d595000 	C:\WINDOWS\System32\USER32.dll
0x00007ffd3cd90000 - 0x00007ffd3cdae000 	C:\WINDOWS\System32\win32u.dll
0x00007ffd3d380000 - 0x00007ffd3d3b4000 	C:\WINDOWS\System32\GDI32.dll
0x00007ffd3bf30000 - 0x00007ffd3c0b2000 	C:\WINDOWS\System32\gdi32full.dll
0x00007ffd389f0000 - 0x00007ffd38c69000 	C:\WINDOWS\WinSxS\amd64_microsoft.windows.common-controls_6595b64144ccf1df_6.0.14393.0_none_2d0f50fcbdb171b8\COMCTL32.dll
0x00007ffd3f5d0000 - 0x00007ffd3f897000 	C:\WINDOWS\System32\combase.dll
0x00007ffd3c0c0000 - 0x00007ffd3c1b5000 	C:\WINDOWS\System32\ucrtbase.dll
0x00007ffd3ccc0000 - 0x00007ffd3cd2a000 	C:\WINDOWS\System32\bcryptPrimitives.dll
0x00007ffd3f960000 - 0x00007ffd3f98e000 	C:\WINDOWS\System32\IMM32.DLL
0x0000000076cd0000 - 0x0000000076da2000 	C:\Program Files\Java\jdk1.8.0_20\jre\bin\msvcr100.dll
0x0000000076470000 - 0x0000000076cc8000 	C:\Program Files\Java\jdk1.8.0_20\jre\bin\server\jvm.dll
0x00007ffd3ef60000 - 0x00007ffd3ef68000 	C:\WINDOWS\System32\PSAPI.DLL
0x00007ffd3a390000 - 0x00007ffd3a3b3000 	C:\WINDOWS\SYSTEM32\WINMM.dll
0x00007ffd38710000 - 0x00007ffd38719000 	C:\WINDOWS\SYSTEM32\WSOCK32.dll
0x00007ffd3d3c0000 - 0x00007ffd3d42a000 	C:\WINDOWS\System32\WS2_32.dll
0x00007ffd3a330000 - 0x00007ffd3a35b000 	C:\WINDOWS\SYSTEM32\WINMMBASE.dll
0x00007ffd3bee0000 - 0x00007ffd3bf22000 	C:\WINDOWS\System32\cfgmgr32.dll
0x0000000050010000 - 0x000000005001f000 	C:\Program Files\Java\jdk1.8.0_20\jre\bin\verify.dll
0x0000000077fd0000 - 0x0000000077ff8000 	C:\Program Files\Java\jdk1.8.0_20\jre\bin\java.dll
0x0000000077fb0000 - 0x0000000077fc6000 	C:\Program Files\Java\jdk1.8.0_20\jre\bin\zip.dll
0x00007ffd3d6e0000 - 0x00007ffd3ebe8000 	C:\WINDOWS\System32\SHELL32.dll
0x00007ffd3c1c0000 - 0x00007ffd3c89a000 	C:\WINDOWS\System32\windows.storage.dll
0x00007ffd3be80000 - 0x00007ffd3becc000 	C:\WINDOWS\System32\powrprof.dll
0x00007ffd3ef00000 - 0x00007ffd3ef52000 	C:\WINDOWS\System32\shlwapi.dll
0x00007ffd3bed0000 - 0x00007ffd3bedf000 	C:\WINDOWS\System32\kernel.appcore.dll
0x00007ffd3cb60000 - 0x00007ffd3cc09000 	C:\WINDOWS\System32\shcore.dll
0x00007ffd3be50000 - 0x00007ffd3be64000 	C:\WINDOWS\System32\profapi.dll
0x00007ffd2d520000 - 0x00007ffd2d6b2000 	C:\WINDOWS\SYSTEM32\dbghelp.dll

VM Arguments:
jvm_args: -Djava.awt.headless=true -Xmx50g -Dfile.encoding=windows-1251 -Duser.country=RU -Duser.language=ru -Duser.variant 
java_command: com.android.dx.command.Main --dex --num-threads=4 --multi-dex --main-dex-list C:\Users\User\Documents\GitHub\iCRM\iCRM\app\build\intermediates\multi-dex\debug\maindexlist.txt --output C:\Users\User\Documents\GitHub\iCRM\iCRM\app\build\intermediates\transforms\dex\debug\folders\1000\1f\main C:\Users\User\Documents\GitHub\iCRM\iCRM\app\build\intermediates\transforms\jarMerging\debug\jars\1\1f\combined.jar
java_class_path (initial): C:\Users\User\AppData\Local\Android\sdk\build-tools\23.0.3\lib\dx.jar
Launcher Type: SUN_STANDARD

Environment Variables:
PATH=C:\ProgramData\Oracle\Java\javapath;C:\Program Files\Broadcom\Broadcom 802.11 Network Adapter;C:\Program Files (x86)\NVIDIA Corporation\PhysX\Common;C:\Program Files (x86)\Intel\iCLS Client\;C:\Program Files\Intel\iCLS Client\;C:\Windows\system32;C:\Windows;C:\Windows\System32\Wbem;C:\Windows\System32\WindowsPowerShell\v1.0\;C:\Program Files\Intel\Intel(R) Management Engine Components\DAL;C:\Program Files\Intel\Intel(R) Management Engine Components\IPT;C:\Program Files (x86)\Intel\Intel(R) Management Engine Components\DAL;C:\Program Files (x86)\Intel\Intel(R) Management Engine Components\IPT;C:\Program Files\WIDCOMM\Bluetooth Software\;C:\Program Files\WIDCOMM\Bluetooth Software\syswow64;C:\Program Files\Acer\Remote Files\;C:\Program Files (x86)\Skype\Phone\;C:\Program Files\OpenVPN\bin;C:\WINDOWS\system32;C:\WINDOWS;C:\WINDOWS\System32\Wbem;C:\WINDOWS\System32\WindowsPowerShell\v1.0\;C:\Users\User\AppData\Local\Microsoft\WindowsApps;
USERNAME=User
OS=Windows_NT
PROCESSOR_IDENTIFIER=Intel64 Family 6 Model 69 Stepping 1, GenuineIntel



---------------  S Y S T E M  ---------------

OS: Windows 8.1 , 64 bit Build 9600 

CPU:total 4 (2 cores per cpu, 2 threads per core) family 6 model 69 stepping 1, cmov, cx8, fxsr, mmx, sse, sse2, sse3, ssse3, sse4.1, sse4.2, popcnt, avx, avx2, aes, clmul, erms, lzcnt, ht, tsc, tscinvbit, bmi1, bmi2

Memory: 4k page, physical 8310040k(1201384k free), swap 12406040k(5120k free)

vm_info: Java HotSpot(TM) 64-Bit Server VM (25.20-b23) for windows-amd64 JRE (1.8.0_20-b26), built on Jul 30 2014 13:51:23 by "java_re" with MS VC++ 10.0 (VS2010)

time: Wed Oct 19 18:21:09 2016
elapsed time: 30 seconds (0d 0h 0m 30s)

