#
# There is insufficient memory for the Java Runtime Environment to continue.
# Native memory allocation (malloc) failed to allocate 32744 bytes for ChunkPool::allocate
# Possible reasons:
#   The system is out of physical RAM or swap space
#   In 32 bit mode, the process size limit was hit
# Possible solutions:
#   Reduce memory load on the system
#   Increase physical memory or swap space
#   Check if swap backing store is full
#   Use 64 bit Java on a 64 bit OS
#   Decrease Java heap size (-Xmx/-Xms)
#   Decrease number of Java threads
#   Decrease Java thread stack sizes (-Xss)
#   Set larger code cache with -XX:ReservedCodeCacheSize=
# This output file may be truncated or incomplete.
#
#  Out of Memory Error (allocation.cpp:273), pid=16768, tid=0x0000000000000648
#
# JRE version: OpenJDK Runtime Environment (8.0_112-b06) (build 1.8.0_112-release-b06)
# Java VM: OpenJDK 64-Bit Server VM (25.112-b06 mixed mode windows-amd64 )
# Failed to write core dump. Minidumps are not enabled by default on client versions of Windows
#

---------------  T H R E A D  ---------------

Current thread (0x0000000001ecd800):  JavaThread "C2 CompilerThread0" daemon [_thread_in_native, id=1608, stack(0x00000000250a0000,0x00000000251a0000)]

Stack: [0x00000000250a0000,0x00000000251a0000]
[error occurred during error reporting (printing stack bounds), id 0xc0000005]

Native frames: (J=compiled Java code, j=interpreted, Vv=VM code, C=native code)


Current CompileTask:
C2:   2624 1273   !   4       com.android.dx.cf.code.BytecodeArray::parseInstruction (2764 bytes)


---------------  P R O C E S S  ---------------

Java Threads: ( => current thread )
  0x0000000025634800 JavaThread "pool-2-thread-4" [_thread_in_Java, id=15416, stack(0x0000000025da0000,0x0000000025ea0000)]
  0x0000000025638800 JavaThread "pool-2-thread-3" [_thread_in_Java, id=11932, stack(0x0000000025ca0000,0x0000000025da0000)]
  0x0000000025633800 JavaThread "pool-2-thread-2" [_thread_in_Java, id=6952, stack(0x0000000025ba0000,0x0000000025ca0000)]
  0x000000002560d000 JavaThread "pool-3-thread-1" [_thread_blocked, id=11724, stack(0x0000000025aa0000,0x0000000025ba0000)]
  0x0000000025610000 JavaThread "pool-2-thread-1" [_thread_in_Java, id=13248, stack(0x00000000259a0000,0x0000000025aa0000)]
  0x00000000253ba800 JavaThread "Service Thread" daemon [_thread_blocked, id=12004, stack(0x00000000257a0000,0x00000000258a0000)]
  0x0000000001edf800 JavaThread "C1 CompilerThread2" daemon [_thread_blocked, id=6308, stack(0x00000000252a0000,0x00000000253a0000)]
  0x0000000001ecf800 JavaThread "C2 CompilerThread1" daemon [_thread_in_native, id=7428, stack(0x00000000251a0000,0x00000000252a0000)]
=>0x0000000001ecd800 JavaThread "C2 CompilerThread0" daemon [_thread_in_native, id=1608, stack(0x00000000250a0000,0x00000000251a0000)]
  0x0000000001ecc000 JavaThread "Attach Listener" daemon [_thread_blocked, id=5504, stack(0x0000000024fa0000,0x00000000250a0000)]
  0x0000000001ecb000 JavaThread "Signal Dispatcher" daemon [_thread_blocked, id=15704, stack(0x0000000024ea0000,0x0000000024fa0000)]
  0x000000000149b000 JavaThread "Finalizer" daemon [_thread_blocked, id=9396, stack(0x0000000024cb0000,0x0000000024db0000)]
  0x0000000001490000 JavaThread "Reference Handler" daemon [_thread_blocked, id=13200, stack(0x0000000024bb0000,0x0000000024cb0000)]
  0x00000000013a0800 JavaThread "main" [_thread_in_vm, id=11600, stack(0x0000000000f50000,0x0000000001050000)]

Other Threads:
  0x0000000001e94800 VMThread [stack: 0x0000000024ab0000,0x0000000024bb0000] [id=6956]
  0x00000000253d4800 WatcherThread [stack: 0x00000000258a0000,0x00000000259a0000] [id=9796]

VM state:not at safepoint (normal execution)

VM Mutex/Monitor currently owned by a thread: None

Heap:
 PSYoungGen      total 38400K, used 22045K [0x00000008d5580000, 0x00000008d8000000, 0x0000000d00000000)
  eden space 33280K, 50% used [0x00000008d5580000,0x00000008d660da58,0x00000008d7600000)
  from space 5120K, 99% used [0x00000008d7600000,0x00000008d7af9c90,0x00000008d7b00000)
  to   space 5120K, 0% used [0x00000008d7b00000,0x00000008d7b00000,0x00000008d8000000)
 ParOldGen       total 87552K, used 2080K [0x0000000080000000, 0x0000000085580000, 0x00000008d5580000)
  object space 87552K, 2% used [0x0000000080000000,0x00000000802081d0,0x0000000085580000)
 Metaspace       used 5974K, capacity 6536K, committed 6656K, reserved 8192K

Card table byte_map: [0x0000000012400000,0x0000000018810000] byte_map_base: 0x0000000012000000

Marking Bits: (ParMarkBitMap*) 0x0000000066d518f0
 Begin Bits: [0x0000000d00000000, 0x0000000d32000000)
 End Bits:   [0x0000000d32000000, 0x0000000d64000000)

Polling page: 0x0000000001380000

CodeCache: size=245760Kb used=5127Kb max_used=5147Kb free=240633Kb
 bounds [0x0000000003400000, 0x0000000003910000, 0x0000000012400000]
 total_blobs=1562 nmethods=1294 adapters=181
 compilation: enabled

Compilation events (10 events):
Event: 2.393 Thread 0x0000000001edf800 1305       3       java.util.HashMap$EntryIterator::next (5 bytes)
Event: 2.393 Thread 0x0000000001edf800 nmethod 1305 0x00000000038fa1d0 code [0x00000000038fa340, 0x00000000038fa628]
Event: 2.579 Thread 0x0000000001ecd800 nmethod 1253 0x0000000003901310 code [0x0000000003901720, 0x00000000039055e0]
Event: 2.579 Thread 0x0000000001ecd800 1291       4       com.android.dx.cf.code.Ropper::labelToResultIndex (47 bytes)
Event: 2.584 Thread 0x0000000001ecd800 nmethod 1291 0x00000000038fdf50 code [0x00000000038fe0a0, 0x00000000038fe318]
Event: 2.584 Thread 0x0000000001ecd800 1254       4       java.util.Collections$UnmodifiableCollection::iterator (9 bytes)
Event: 2.590 Thread 0x0000000001ecd800 nmethod 1254 0x00000000038ff790 code [0x00000000038ff8e0, 0x00000000038ffb78]
Event: 2.590 Thread 0x0000000001ecd800 1258       4       com.android.dx.ssa.SsaMethod$2::visitNonMoveInsn (6 bytes)
Event: 2.599 Thread 0x0000000001ecd800 nmethod 1258 0x00000000038fea10 code [0x00000000038feb80, 0x00000000038ff0b8]
Event: 2.599 Thread 0x0000000001ecd800 1273   !   4       com.android.dx.cf.code.BytecodeArray::parseInstruction (2764 bytes)

GC Heap History (2 events):
Event: 1.902 GC heap before
{Heap before GC invocations=1 (full 0):
 PSYoungGen      total 38400K, used 33280K [0x00000008d5580000, 0x00000008d8000000, 0x0000000d00000000)
  eden space 33280K, 100% used [0x00000008d5580000,0x00000008d7600000,0x00000008d7600000)
  from space 5120K, 0% used [0x00000008d7b00000,0x00000008d7b00000,0x00000008d8000000)
  to   space 5120K, 0% used [0x00000008d7600000,0x00000008d7600000,0x00000008d7b00000)
 ParOldGen       total 87552K, used 0K [0x0000000080000000, 0x0000000085580000, 0x00000008d5580000)
  object space 87552K, 0% used [0x0000000080000000,0x0000000080000000,0x0000000085580000)
 Metaspace       used 5832K, capacity 6408K, committed 6656K, reserved 8192K
Event: 1.911 GC heap after
Heap after GC invocations=1 (full 0):
 PSYoungGen      total 38400K, used 5095K [0x00000008d5580000, 0x00000008d8000000, 0x0000000d00000000)
  eden space 33280K, 0% used [0x00000008d5580000,0x00000008d5580000,0x00000008d7600000)
  from space 5120K, 99% used [0x00000008d7600000,0x00000008d7af9c90,0x00000008d7b00000)
  to   space 5120K, 0% used [0x00000008d7b00000,0x00000008d7b00000,0x00000008d8000000)
 ParOldGen       total 87552K, used 2080K [0x0000000080000000, 0x0000000085580000, 0x00000008d5580000)
  object space 87552K, 2% used [0x0000000080000000,0x00000000802081d0,0x0000000085580000)
 Metaspace       used 5832K, capacity 6408K, committed 6656K, reserved 8192K
}

Deoptimization events (9 events):
Event: 0.983 Thread 0x00000000013a0800 Uncommon trap: reason=unstable_if action=reinterpret pc=0x00000000035465c8 method=java.lang.String.indexOf(II)I @ 49
Event: 1.408 Thread 0x00000000013a0800 Uncommon trap: reason=unstable_if action=reinterpret pc=0x0000000003614838 method=java.util.HashMap.getNode(ILjava/lang/Object;)Ljava/util/HashMap$Node; @ 129
Event: 1.979 Thread 0x0000000025634800 Uncommon trap: reason=unstable_if action=reinterpret pc=0x0000000003777d4c method=com.android.dx.ssa.SsaMethod.updateOneDefinition(Lcom/android/dx/ssa/SsaInsn;Lcom/android/dx/rop/code/RegisterSpec;)V @ 4
Event: 2.009 Thread 0x0000000025634800 Uncommon trap: reason=bimorphic action=maybe_recompile pc=0x000000000360f778 method=java.util.HashMap.getNode(ILjava/lang/Object;)Ljava/util/HashMap$Node; @ 126
Event: 2.011 Thread 0x0000000025634800 Uncommon trap: reason=bimorphic action=maybe_recompile pc=0x000000000360f778 method=java.util.HashMap.getNode(ILjava/lang/Object;)Ljava/util/HashMap$Node; @ 126
Event: 2.048 Thread 0x0000000025633800 Uncommon trap: reason=unstable_if action=reinterpret pc=0x000000000360e720 method=java.util.BitSet.nextSetBit(I)I @ 87
Event: 2.049 Thread 0x0000000025633800 Uncommon trap: reason=unstable_if action=reinterpret pc=0x00000000037bdce4 method=java.util.BitSet.nextSetBit(I)I @ 87
Event: 2.050 Thread 0x0000000025633800 Uncommon trap: reason=bimorphic action=maybe_recompile pc=0x000000000360f778 method=java.util.HashMap.getNode(ILjava/lang/Object;)Ljava/util/HashMap$Node; @ 126
Event: 2.053 Thread 0x0000000025634800 Uncommon trap: reason=bimorphic action=maybe_recompile pc=0x000000000360f778 method=java.util.HashMap.getNode(ILjava/lang/Object;)Ljava/util/HashMap$Node; @ 126

Internal exceptions (2 events):
Event: 0.069 Thread 0x00000000013a0800 Exception <a 'java/lang/NoSuchMethodError': Method sun.misc.Unsafe.defineClass(Ljava/lang/String;[BII)Ljava/lang/Class; name or signature does not match> (0x00000008d558b8b8) thrown at [C:\src\android\AOSP-openjdk\external\jetbrains\jdk\hotspot\src\share\v„«(ç·ñ±?
Event: 0.069 Thread 0x00000000013a0800 Exception <a 'java/lang/NoSuchMethodError': Method sun.misc.Unsafe.prefetchRead(Ljava/lang/Object;J)V name or signature does not match> (0x00000008d558bc80) thrown at [C:\src\android\AOSP-openjdk\external\jetbrains\jdk\hotspot\src\share\vm\prims\jni.cpp, l

Events (10 events):
Event: 2.048 Thread 0x0000000025633800 DEOPT UNPACKING pc=0x000000000344556a sp=0x0000000025c9ef58 mode 2
Event: 2.049 Thread 0x0000000025633800 Uncommon trap: trap_request=0xffffff65 fr.pc=0x00000000037bdce4
Event: 2.049 Thread 0x0000000025633800 DEOPT PACKING pc=0x00000000037bdce4 sp=0x0000000025c9ee40
Event: 2.049 Thread 0x0000000025633800 DEOPT UNPACKING pc=0x000000000344556a sp=0x0000000025c9eda0 mode 2
Event: 2.050 Thread 0x0000000025633800 Uncommon trap: trap_request=0xffffffc6 fr.pc=0x000000000360f778
Event: 2.050 Thread 0x0000000025633800 DEOPT PACKING pc=0x000000000360f778 sp=0x0000000025c9ee70
Event: 2.050 Thread 0x0000000025633800 DEOPT UNPACKING pc=0x000000000344556a sp=0x0000000025c9ed78 mode 2
Event: 2.053 Thread 0x0000000025634800 Uncommon trap: trap_request=0xffffffc6 fr.pc=0x000000000360f778
Event: 2.053 Thread 0x0000000025634800 DEOPT PACKING pc=0x000000000360f778 sp=0x0000000025e9eae0
Event: 2.053 Thread 0x0000000025634800 DEOPT UNPACKING pc=0x000000000344556a sp=0x0000000025e9e9f8 mode 2


Dynamic libraries:
0x00007ff79e7b0000 - 0x00007ff79e7e1000 	C:\Program Files\Android\Android Studio\jre\bin\java.exe
0x00007fff75380000 - 0x00007fff75551000 	C:\WINDOWS\SYSTEM32\ntdll.dll
0x00007fff73760000 - 0x00007fff7380b000 	C:\WINDOWS\System32\KERNEL32.DLL
0x00007fff71c60000 - 0x00007fff71e7d000 	C:\WINDOWS\System32\KERNELBASE.dll
0x00007fff72a80000 - 0x00007fff72b22000 	C:\WINDOWS\System32\ADVAPI32.dll
0x00007fff73120000 - 0x00007fff731be000 	C:\WINDOWS\System32\msvcrt.dll
0x00007fff73840000 - 0x00007fff73899000 	C:\WINDOWS\System32\sechost.dll
0x00007fff72b30000 - 0x00007fff72c51000 	C:\WINDOWS\System32\RPCRT4.dll
0x00007fff72910000 - 0x00007fff72a75000 	C:\WINDOWS\System32\USER32.dll
0x00007fff71ac0000 - 0x00007fff71ade000 	C:\WINDOWS\System32\win32u.dll
0x00007fff72d00000 - 0x00007fff72d34000 	C:\WINDOWS\System32\GDI32.dll
0x00007fff71e80000 - 0x00007fff72002000 	C:\WINDOWS\System32\gdi32full.dll
0x00007fff66140000 - 0x00007fff663ba000 	C:\WINDOWS\WinSxS\amd64_microsoft.windows.common-controls_6595b64144ccf1df_6.0.14393.953_none_42151e83c686086b\COMCTL32.dll
0x00007fff73390000 - 0x00007fff73658000 	C:\WINDOWS\System32\combase.dll
0x00007fff71910000 - 0x00007fff71a05000 	C:\WINDOWS\System32\ucrtbase.dll
0x00007fff71b90000 - 0x00007fff71bfa000 	C:\WINDOWS\System32\bcryptPrimitives.dll
0x00007fff73810000 - 0x00007fff7383e000 	C:\WINDOWS\System32\IMM32.DLL
0x00000000663d0000 - 0x00000000664a2000 	C:\Program Files\Android\Android Studio\jre\jre\bin\msvcr100.dll
0x0000000066590000 - 0x0000000066dcc000 	C:\Program Files\Android\Android Studio\jre\jre\bin\server\jvm.dll
0x00007fff730f0000 - 0x00007fff730f8000 	C:\WINDOWS\System32\PSAPI.DLL
0x00007fff665f0000 - 0x00007fff665f9000 	C:\WINDOWS\SYSTEM32\WSOCK32.dll
0x00007fff72d40000 - 0x00007fff72daa000 	C:\WINDOWS\System32\WS2_32.dll
0x00007fff6f720000 - 0x00007fff6f743000 	C:\WINDOWS\SYSTEM32\WINMM.dll
0x00007fff648a0000 - 0x00007fff648aa000 	C:\WINDOWS\SYSTEM32\VERSION.dll
0x00007fff6f6c0000 - 0x00007fff6f6eb000 	C:\WINDOWS\SYSTEM32\WINMMBASE.dll
0x00007fff72010000 - 0x00007fff72052000 	C:\WINDOWS\System32\cfgmgr32.dll
0x00007fff68020000 - 0x00007fff6802f000 	C:\Program Files\Android\Android Studio\jre\jre\bin\verify.dll
0x00007fff66ae0000 - 0x00007fff66b09000 	C:\Program Files\Android\Android Studio\jre\jre\bin\java.dll
0x00007fff66ac0000 - 0x00007fff66ad6000 	C:\Program Files\Android\Android Studio\jre\jre\bin\zip.dll
0x00007fff73a40000 - 0x00007fff74f48000 	C:\WINDOWS\System32\SHELL32.dll
0x00007fff72230000 - 0x00007fff7290a000 	C:\WINDOWS\System32\windows.storage.dll
0x00007fff717f0000 - 0x00007fff7183c000 	C:\WINDOWS\System32\powrprof.dll
0x00007fff72e20000 - 0x00007fff72e72000 	C:\WINDOWS\System32\shlwapi.dll
0x00007fff717e0000 - 0x00007fff717ef000 	C:\WINDOWS\System32\kernel.appcore.dll
0x00007fff71a10000 - 0x00007fff71ab9000 	C:\WINDOWS\System32\shcore.dll
0x00007fff71850000 - 0x00007fff71864000 	C:\WINDOWS\System32\profapi.dll

VM Arguments:
jvm_args: -Djava.awt.headless=true -Xmx50g -Dfile.encoding=windows-1251 -Duser.country=RU -Duser.language=ru -Duser.variant 
java_command: com.android.dx.command.Main --dex --num-threads=4 --multi-dex --output C:\Users\User\Documents\GitHub\iCRM\iCRM\app\build\intermediates\transforms\dex\debug\folders\1000\10\classes_9eab84a99cfd2b0765c42c8cb428c9e44d8c991e C:\Users\User\.android\build-cache\6150efba5c3819594c1d025a4d3cb81139c7b353\output\jars\classes.jar
java_class_path (initial): C:\Users\User\AppData\Local\Android\sdk\build-tools\25.0.2\lib\dx.jar
Launcher Type: SUN_STANDARD

Environment Variables:
PATH=C:\ProgramData\Oracle\Java\javapath;C:\Program Files\Broadcom\Broadcom 802.11 Network Adapter;C:\Program Files (x86)\NVIDIA Corporation\PhysX\Common;C:\Program Files (x86)\Intel\iCLS Client\;C:\Program Files\Intel\iCLS Client\;C:\Windows\system32;C:\Windows;C:\Windows\System32\Wbem;C:\Windows\System32\WindowsPowerShell\v1.0\;C:\Program Files\Intel\Intel(R) Management Engine Components\DAL;C:\Program Files\Intel\Intel(R) Management Engine Components\IPT;C:\Program Files (x86)\Intel\Intel(R) Management Engine Components\DAL;C:\Program Files (x86)\Intel\Intel(R) Management Engine Components\IPT;C:\Program Files\WIDCOMM\Bluetooth Software\;C:\Program Files\WIDCOMM\Bluetooth Software\syswow64;C:\Program Files\Acer\Remote Files\;C:\Program Files\OpenVPN\bin;C:\WINDOWS\system32;C:\WINDOWS;C:\WINDOWS\System32\Wbem;C:\WINDOWS\System32\WindowsPowerShell\v1.0\;C:\Users\User\AppData\Local\Microsoft\WindowsApps;
USERNAME=User
OS=Windows_NT
PROCESSOR_IDENTIFIER=Intel64 Family 6 Model 69 Stepping 1, GenuineIntel



---------------  S Y S T E M  ---------------

OS: Windows 10.0 , 64 bit Build 14393 (10.0.14393.0)

CPU:total 4 (2 cores per cpu, 2 threads per core) family 6 model 69 stepping 1, cmov, cx8, fxsr, mmx, sse, sse2, sse3, ssse3, sse4.1, sse4.2, popcnt, avx, avx2, aes, clmul, erms, lzcnt, ht, tsc, tscinvbit, bmi1, bmi2

Memory: 4k page, physical 8310040k(3827332k free), swap 12406040k(3096k free)

vm_info: OpenJDK 64-Bit Server VM (25.112-b06) for windows-amd64 JRE (1.8.0_112-release-b06), built on Dec  8 2016 00:54:26 by "builder" with MS VC++ 10.0 (VS2010)

time: Thu Apr 27 12:59:07 2017
elapsed time: 2 seconds (0d 0h 0m 2s)

