#
# There is insufficient memory for the Java Runtime Environment to continue.
# Native memory allocation (malloc) failed to allocate 1524656 bytes for Chunk::new
# Possible reasons:
#   The system is out of physical RAM or swap space
#   In 32 bit mode, the process size limit was hit
# Possible solutions:
#   Reduce memory load on the system
#   Increase physical memory or swap space
#   Check if swap backing store is full
#   Use 64 bit Java on a 64 bit OS
#   Decrease Java heap size (-Xmx/-Xms)
#   Decrease number of Java threads
#   Decrease Java thread stack sizes (-Xss)
#   Set larger code cache with -XX:ReservedCodeCacheSize=
# This output file may be truncated or incomplete.
#
#  Out of Memory Error (allocation.cpp:390), pid=4624, tid=224
#
# JRE version: Java(TM) SE Runtime Environment (8.0_20-b26) (build 1.8.0_20-b26)
# Java VM: Java HotSpot(TM) 64-Bit Server VM (25.20-b23 mixed mode windows-amd64 )
# Failed to write core dump. Minidumps are not enabled by default on client versions of Windows
#

---------------  T H R E A D  ---------------

Current thread (0x0000000023c4e800):  JavaThread "C2 CompilerThread1" daemon [_thread_in_native, id=224, stack(0x00000000252b0000,0x00000000253b0000)]

Stack: [0x00000000252b0000,0x00000000253b0000]
Native frames: (J=compiled Java code, j=interpreted, Vv=VM code, C=native code)
V  [jvm.dll+0x3152fa]
V  [jvm.dll+0x265d03]
V  [jvm.dll+0x266943]
V  [jvm.dll+0x25e265]
V  [jvm.dll+0xbe255]
V  [jvm.dll+0xbe6fc]
V  [jvm.dll+0x45c472]
V  [jvm.dll+0x49d76f]
V  [jvm.dll+0x451438]
V  [jvm.dll+0x452634]
V  [jvm.dll+0x435fc2]
V  [jvm.dll+0x97b62]
V  [jvm.dll+0x98353]
V  [jvm.dll+0x22aac4]
V  [jvm.dll+0x283f5a]
C  [msvcr100.dll+0x21d9f]
C  [msvcr100.dll+0x21e3b]
C  [KERNEL32.DLL+0x8364]
C  [ntdll.dll+0x65e91]


Current CompileTask:
C2:  27766 2606       4       com.android.dx.cf.code.Simulator$SimVisitor::visitNoArgs (2108 bytes)


---------------  P R O C E S S  ---------------

Java Threads: ( => current thread )
  0x0000000025d28800 JavaThread "pool-2-thread-4" [_thread_blocked, id=8168, stack(0x0000000027680000,0x0000000027780000)]
  0x0000000025cbc800 JavaThread "pool-2-thread-3" [_thread_blocked, id=3100, stack(0x0000000027580000,0x0000000027680000)]
  0x0000000025cbb800 JavaThread "pool-2-thread-2" [_thread_blocked, id=6692, stack(0x0000000027480000,0x0000000027580000)]
  0x00000000262a9000 JavaThread "pool-3-thread-1" [_thread_blocked, id=4900, stack(0x0000000027380000,0x0000000027480000)]
  0x00000000263a3000 JavaThread "pool-2-thread-1" [_thread_blocked, id=13072, stack(0x0000000027280000,0x0000000027380000)]
  0x00000000254e0800 JavaThread "Service Thread" daemon [_thread_blocked, id=12964, stack(0x00000000258b0000,0x00000000259b0000)]
  0x0000000023c51800 JavaThread "C1 CompilerThread2" daemon [_thread_blocked, id=11884, stack(0x00000000253b0000,0x00000000254b0000)]
=>0x0000000023c4e800 JavaThread "C2 CompilerThread1" daemon [_thread_in_native, id=224, stack(0x00000000252b0000,0x00000000253b0000)]
  0x0000000023c4c000 JavaThread "C2 CompilerThread0" daemon [_thread_in_native, id=1292, stack(0x00000000251b0000,0x00000000252b0000)]
  0x0000000023c4a800 JavaThread "Attach Listener" daemon [_thread_blocked, id=12632, stack(0x00000000250b0000,0x00000000251b0000)]
  0x0000000023c49800 JavaThread "Signal Dispatcher" daemon [_thread_blocked, id=1120, stack(0x0000000024fb0000,0x00000000250b0000)]
  0x0000000001806000 JavaThread "Finalizer" daemon [_thread_blocked, id=10872, stack(0x0000000024eb0000,0x0000000024fb0000)]
  0x00000000017fd000 JavaThread "Reference Handler" daemon [_thread_blocked, id=8468, stack(0x0000000024db0000,0x0000000024eb0000)]
  0x0000000001712800 JavaThread "main" [_thread_in_Java, id=12340, stack(0x00000000015d0000,0x00000000016d0000)]

Other Threads:
  0x0000000023c15800 VMThread [stack: 0x0000000024cb0000,0x0000000024db0000] [id=8480]
  0x00000000254e1000 WatcherThread [stack: 0x00000000259b0000,0x0000000025ab0000] [id=6840]

VM state:not at safepoint (normal execution)

VM Mutex/Monitor currently owned by a thread: None

Heap:
 PSYoungGen      total 957952K, used 898368K [0x00000008d5580000, 0x0000000929b80000, 0x0000000d00000000)
  eden space 744448K, 91% used [0x00000008d5580000,0x00000008ff252408,0x0000000902c80000)
  from space 213504K, 99% used [0x0000000902c80000,0x000000090fcfdd30,0x000000090fd00000)
  to   space 256512K, 0% used [0x000000091a100000,0x000000091a100000,0x0000000929b80000)
 ParOldGen       total 805888K, used 524543K [0x0000000080000000, 0x00000000b1300000, 0x00000008d5580000)
  object space 805888K, 65% used [0x0000000080000000,0x00000000a003fc20,0x00000000b1300000)
 Metaspace       used 6604K, capacity 6920K, committed 7168K, reserved 8192K

Card table byte_map: [0x0000000012400000,0x0000000018810000] byte_map_base: 0x0000000012000000

Marking Bits: (ParMarkBitMap*) 0x00000000772ab460
 Begin Bits: [0x0000000d00000000, 0x0000000d32000000)
 End Bits:   [0x0000000d32000000, 0x0000000d64000000)

Polling page: 0x0000000000d30000

CodeCache: size=245760Kb used=13310Kb max_used=13310Kb free=232449Kb
 bounds [0x0000000003400000, 0x0000000004120000, 0x0000000012400000]
 total_blobs=2870 nmethods=2604 adapters=179
 compilation: enabled

Compilation events (10 events):
Event: 27.666 Thread 0x0000000023c4e800 nmethod 2658 0x00000000040d0250 code [0x00000000040d03e0, 0x00000000040d0a38]
Event: 27.666 Thread 0x0000000023c4e800 2606       4       com.android.dx.cf.code.Simulator$SimVisitor::visitNoArgs (2108 bytes)
Event: 27.734 Thread 0x0000000023c51800 2668       2       com.android.dx.ssa.SsaBasicBlock::addLiveIn (32 bytes)
Event: 27.735 Thread 0x0000000023c51800 nmethod 2668 0x00000000040cc2d0 code [0x00000000040cc460, 0x00000000040cc828]
Event: 27.735 Thread 0x0000000023c51800 2670       2       com.android.dx.ssa.back.LivenessAnalyzer::handleTailRecursion (94 bytes)
Event: 27.735 Thread 0x0000000023c51800 nmethod 2670 0x00000000040b0950 code [0x00000000040b0b00, 0x00000000040b0ee8]
Event: 27.735 Thread 0x0000000023c51800 2669       2       com.android.dx.ssa.back.LivenessAnalyzer::liveInAtStatement (55 bytes)
Event: 27.736 Thread 0x0000000023c51800 nmethod 2669 0x00000000040affd0 code [0x00000000040b0180, 0x00000000040b05f8]
Event: 27.736 Thread 0x0000000023c51800 2671       2       com.android.dx.ssa.SetFactory::makeLivenessSet (26 bytes)
Event: 27.737 Thread 0x0000000023c51800 nmethod 2671 0x00000000040bab90 code [0x00000000040bad40, 0x00000000040bb1b8]

GC Heap History (10 events):
Event: 15.275 GC heap before
{Heap before GC invocations=15 (full 3):
 PSYoungGen      total 708608K, used 618225K [0x00000008d5580000, 0x000000090d900000, 0x0000000d00000000)
  eden space 587776K, 100% used [0x00000008d5580000,0x00000008f9380000,0x00000008f9380000)
  from space 120832K, 25% used [0x00000008f9380000,0x00000008fb13c590,0x0000000900980000)
  to   space 122368K, 0% used [0x0000000906180000,0x0000000906180000,0x000000090d900000)
 ParOldGen       total 507904K, used 303129K [0x0000000080000000, 0x000000009f000000, 0x00000008d5580000)
  object space 507904K, 59% used [0x0000000080000000,0x00000000928066a0,0x000000009f000000)
 Metaspace       used 6584K, capacity 6920K, committed 7168K, reserved 8192K
Event: 15.493 GC heap after
Heap after GC invocations=15 (full 3):
 PSYoungGen      total 778752K, used 118797K [0x00000008d5580000, 0x000000090fc00000, 0x0000000d00000000)
  eden space 656384K, 0% used [0x00000008d5580000,0x00000008d5580000,0x00000008fd680000)
  from space 122368K, 97% used [0x0000000906180000,0x000000090d583738,0x000000090d900000)
  to   space 142336K, 0% used [0x00000008fd680000,0x00000008fd680000,0x0000000906180000)
 ParOldGen       total 507904K, used 303129K [0x0000000080000000, 0x000000009f000000, 0x00000008d5580000)
  object space 507904K, 59% used [0x0000000080000000,0x00000000928066a0,0x000000009f000000)
 Metaspace       used 6584K, capacity 6920K, committed 7168K, reserved 8192K
}
Event: 17.586 GC heap before
{Heap before GC invocations=16 (full 3):
 PSYoungGen      total 778752K, used 775181K [0x00000008d5580000, 0x000000090fc00000, 0x0000000d00000000)
  eden space 656384K, 100% used [0x00000008d5580000,0x00000008fd680000,0x00000008fd680000)
  from space 122368K, 97% used [0x0000000906180000,0x000000090d583738,0x000000090d900000)
  to   space 142336K, 0% used [0x00000008fd680000,0x00000008fd680000,0x0000000906180000)
 ParOldGen       total 507904K, used 303129K [0x0000000080000000, 0x000000009f000000, 0x00000008d5580000)
  object space 507904K, 59% used [0x0000000080000000,0x00000000928066a0,0x000000009f000000)
 Metaspace       used 6588K, capacity 6920K, committed 7168K, reserved 8192K
Event: 17.923 GC heap after
Heap after GC invocations=16 (full 3):
 PSYoungGen      total 798720K, used 142304K [0x00000008d5580000, 0x000000091bc80000, 0x0000000d00000000)
  eden space 656384K, 0% used [0x00000008d5580000,0x00000008d5580000,0x00000008fd680000)
  from space 142336K, 99% used [0x00000008fd680000,0x00000009061780f0,0x0000000906180000)
  to   space 196096K, 0% used [0x000000090fd00000,0x000000090fd00000,0x000000091bc80000)
 ParOldGen       total 507904K, used 382243K [0x0000000080000000, 0x000000009f000000, 0x00000008d5580000)
  object space 507904K, 75% used [0x0000000080000000,0x0000000097548e68,0x000000009f000000)
 Metaspace       used 6588K, capacity 6920K, committed 7168K, reserved 8192K
}
Event: 19.606 GC heap before
{Heap before GC invocations=17 (full 3):
 PSYoungGen      total 798720K, used 798688K [0x00000008d5580000, 0x000000091bc80000, 0x0000000d00000000)
  eden space 656384K, 100% used [0x00000008d5580000,0x00000008fd680000,0x00000008fd680000)
  from space 142336K, 99% used [0x00000008fd680000,0x00000009061780f0,0x0000000906180000)
  to   space 196096K, 0% used [0x000000090fd00000,0x000000090fd00000,0x000000091bc80000)
 ParOldGen       total 507904K, used 382243K [0x0000000080000000, 0x000000009f000000, 0x00000008d5580000)
  object space 507904K, 75% used [0x0000000080000000,0x0000000097548e68,0x000000009f000000)
 Metaspace       used 6591K, capacity 6920K, committed 7168K, reserved 8192K
Event: 19.951 GC heap after
Heap after GC invocations=17 (full 3):
 PSYoungGen      total 940544K, used 150364K [0x00000008d5580000, 0x000000091eb80000, 0x0000000d00000000)
  eden space 744448K, 0% used [0x00000008d5580000,0x00000008d5580000,0x0000000902c80000)
  from space 196096K, 76% used [0x000000090fd00000,0x0000000918fd73f0,0x000000091bc80000)
  to   space 213504K, 0% used [0x0000000902c80000,0x0000000902c80000,0x000000090fd00000)
 ParOldGen       total 507904K, used 479519K [0x0000000080000000, 0x000000009f000000, 0x00000008d5580000)
  object space 507904K, 94% used [0x0000000080000000,0x000000009d447dd0,0x000000009f000000)
 Metaspace       used 6591K, capacity 6920K, committed 7168K, reserved 8192K
}
Event: 19.951 GC heap before
{Heap before GC invocations=18 (full 4):
 PSYoungGen      total 940544K, used 150364K [0x00000008d5580000, 0x000000091eb80000, 0x0000000d00000000)
  eden space 744448K, 0% used [0x00000008d5580000,0x00000008d5580000,0x0000000902c80000)
  from space 196096K, 76% used [0x000000090fd00000,0x0000000918fd73f0,0x000000091bc80000)
  to   space 213504K, 0% used [0x0000000902c80000,0x0000000902c80000,0x000000090fd00000)
 ParOldGen       total 507904K, used 479519K [0x0000000080000000, 0x000000009f000000, 0x00000008d5580000)
  object space 507904K, 94% used [0x0000000080000000,0x000000009d447dd0,0x000000009f000000)
 Metaspace       used 6591K, capacity 6920K, committed 7168K, reserved 8192K
Event: 22.898 GC heap after
Heap after GC invocations=18 (full 4):
 PSYoungGen      total 940544K, used 113223K [0x00000008d5580000, 0x000000091eb80000, 0x0000000d00000000)
  eden space 744448K, 0% used [0x00000008d5580000,0x00000008d5580000,0x0000000902c80000)
  from space 196096K, 57% used [0x000000090fd00000,0x0000000916b91c20,0x000000091bc80000)
  to   space 213504K, 0% used [0x0000000902c80000,0x0000000902c80000,0x000000090fd00000)
 ParOldGen       total 805888K, used 507399K [0x0000000080000000, 0x00000000b1300000, 0x00000008d5580000)
  object space 805888K, 62% used [0x0000000080000000,0x000000009ef81db0,0x00000000b1300000)
 Metaspace       used 6591K, capacity 6920K, committed 7168K, reserved 8192K
}
Event: 25.102 GC heap before
{Heap before GC invocations=19 (full 4):
 PSYoungGen      total 940544K, used 857671K [0x00000008d5580000, 0x000000091eb80000, 0x0000000d00000000)
  eden space 744448K, 100% used [0x00000008d5580000,0x0000000902c80000,0x0000000902c80000)
  from space 196096K, 57% used [0x000000090fd00000,0x0000000916b91c20,0x000000091bc80000)
  to   space 213504K, 0% used [0x0000000902c80000,0x0000000902c80000,0x000000090fd00000)
 ParOldGen       total 805888K, used 507399K [0x0000000080000000, 0x00000000b1300000, 0x00000008d5580000)
  object space 805888K, 62% used [0x0000000080000000,0x000000009ef81db0,0x00000000b1300000)
 Metaspace       used 6603K, capacity 6920K, committed 7168K, reserved 8192K
Event: 25.598 GC heap after
Heap after GC invocations=19 (full 4):
 PSYoungGen      total 957952K, used 213495K [0x00000008d5580000, 0x0000000929b80000, 0x0000000d00000000)
  eden space 744448K, 0% used [0x00000008d5580000,0x00000008d5580000,0x0000000902c80000)
  from space 213504K, 99% used [0x0000000902c80000,0x000000090fcfdd30,0x000000090fd00000)
  to   space 256512K, 0% used [0x000000091a100000,0x000000091a100000,0x0000000929b80000)
 ParOldGen       total 805888K, used 524543K [0x0000000080000000, 0x00000000b1300000, 0x00000008d5580000)
  object space 805888K, 65% used [0x0000000080000000,0x00000000a003fc20,0x00000000b1300000)
 Metaspace       used 6603K, capacity 6920K, committed 7168K, reserved 8192K
}

Deoptimization events (10 events):
Event: 24.243 Thread 0x0000000025cbc800 Uncommon trap: reason=class_check action=maybe_recompile pc=0x0000000003c5737c method=com.android.dx.ssa.DomFront.calcDomFronts()V @ 101
Event: 24.244 Thread 0x0000000025cbc800 Uncommon trap: reason=class_check action=maybe_recompile pc=0x0000000003c5737c method=com.android.dx.ssa.DomFront.calcDomFronts()V @ 101
Event: 24.245 Thread 0x0000000025cbc800 Uncommon trap: reason=class_check action=maybe_recompile pc=0x0000000003c5737c method=com.android.dx.ssa.DomFront.calcDomFronts()V @ 101
Event: 24.248 Thread 0x0000000025cbc800 Uncommon trap: reason=class_check action=maybe_recompile pc=0x0000000003fb203c method=com.android.dx.ssa.SsaConverter.placePhiFunctions(Lcom/android/dx/ssa/SsaMethod;Lcom/android/dx/ssa/LocalVariableInfo;I)V @ 257
Event: 26.995 Thread 0x00000000263a3000 Uncommon trap: reason=class_check action=maybe_recompile pc=0x0000000003f6c07c method=com.android.dx.cf.code.BytecodeArray.parseInstruction(ILcom/android/dx/cf/code/BytecodeArray$Visitor;)I @ 2092
Event: 27.046 Thread 0x0000000025cbb800 Uncommon trap: reason=class_check action=maybe_recompile pc=0x0000000003f6c07c method=com.android.dx.cf.code.BytecodeArray.parseInstruction(ILcom/android/dx/cf/code/BytecodeArray$Visitor;)I @ 2092
Event: 27.532 Thread 0x0000000001712800 Uncommon trap: reason=class_check action=maybe_recompile pc=0x0000000003fb203c method=com.android.dx.ssa.SsaConverter.placePhiFunctions(Lcom/android/dx/ssa/SsaMethod;Lcom/android/dx/ssa/LocalVariableInfo;I)V @ 257
Event: 27.731 Thread 0x0000000001712800 Uncommon trap: reason=predicate action=maybe_recompile pc=0x0000000003e960e0 method=com.android.dx.ssa.back.InterferenceGraph.<init>(I)V @ 23
Event: 27.734 Thread 0x0000000001712800 Uncommon trap: reason=unloaded action=reinterpret pc=0x0000000003882e70 method=com.android.dx.ssa.SetFactory.makeLivenessSet(I)Lcom/android/dx/util/IntSet; @ 18
Event: 27.734 Thread 0x0000000001712800 Uncommon trap: reason=unloaded action=reinterpret pc=0x00000000038703ec method=com.android.dx.ssa.SetFactory.makeLivenessSet(I)Lcom/android/dx/util/IntSet; @ 18

Internal exceptions (10 events):
Event: 1.824 Thread 0x0000000025cbb800 Exception <a 'java/lang/ArrayIndexOutOfBoundsException': 145> (0x00000008db4e2a18) thrown at [D:\re\workspace\8-2-build-windows-amd64-cygwin\jdk8u20\1074\hotspot\src\share\vm\interpreter\interpreterRuntime.cpp, line 366]
Event: 1.825 Thread 0x0000000025cbb800 Exception <a 'java/lang/ArrayIndexOutOfBoundsException'> (0x00000008db4e4260) thrown at [D:\re\workspace\8-2-build-windows-amd64-cygwin\jdk8u20\1074\hotspot\src\share\vm\runtime\sharedRuntime.cpp, line 604]
Event: 2.742 Thread 0x0000000001712800 Exception <a 'java/security/PrivilegedActionException'> (0x00000008d7398d38) thrown at [D:\re\workspace\8-2-build-windows-amd64-cygwin\jdk8u20\1074\hotspot\src\share\vm\prims\jvm.cpp, line 1275]
Event: 10.006 Thread 0x0000000001712800 Exception <a 'java/security/PrivilegedActionException'> (0x00000008f2485800) thrown at [D:\re\workspace\8-2-build-windows-amd64-cygwin\jdk8u20\1074\hotspot\src\share\vm\prims\jvm.cpp, line 1275]
Event: 10.010 Thread 0x0000000001712800 Implicit null exception at 0x00000000035ce5a8 to 0x00000000035ceb99
Event: 18.933 Thread 0x0000000025cbb800 Exception <a 'java/security/PrivilegedActionException'> (0x00000008ed5889d8) thrown at [D:\re\workspace\8-2-build-windows-amd64-cygwin\jdk8u20\1074\hotspot\src\share\vm\prims\jvm.cpp, line 1275]
Event: 23.941 Thread 0x0000000001712800 Exception <a 'java/security/PrivilegedActionException'> (0x00000008eaf8d400) thrown at [D:\re\workspace\8-2-build-windows-amd64-cygwin\jdk8u20\1074\hotspot\src\share\vm\prims\jvm.cpp, line 1275]
Event: 24.237 Thread 0x0000000025cbc800 Exception <a 'java/security/PrivilegedActionException'> (0x00000008f3369f10) thrown at [D:\re\workspace\8-2-build-windows-amd64-cygwin\jdk8u20\1074\hotspot\src\share\vm\prims\jvm.cpp, line 1275]
Event: 24.248 Thread 0x0000000025cbc800 Exception <a 'java/security/PrivilegedActionException'> (0x00000008f33d87c0) thrown at [D:\re\workspace\8-2-build-windows-amd64-cygwin\jdk8u20\1074\hotspot\src\share\vm\prims\jvm.cpp, line 1275]
Event: 25.622 Thread 0x00000000263a3000 Exception <a 'java/security/PrivilegedActionException'> (0x00000008d5b47c30) thrown at [D:\re\workspace\8-2-build-windows-amd64-cygwin\jdk8u20\1074\hotspot\src\share\vm\prims\jvm.cpp, line 1275]

Events (10 events):
Event: 27.532 Thread 0x0000000001712800 DEOPT UNPACKING pc=0x000000000344556a sp=0x00000000016ce328 mode 2
Event: 27.731 Thread 0x0000000001712800 Uncommon trap: trap_request=0xffffff86 fr.pc=0x0000000003e960e0
Event: 27.731 Thread 0x0000000001712800 DEOPT PACKING pc=0x0000000003e960e0 sp=0x00000000016ce430
Event: 27.732 Thread 0x0000000001712800 DEOPT UNPACKING pc=0x000000000344556a sp=0x00000000016ce3f0 mode 2
Event: 27.734 Thread 0x0000000001712800 Uncommon trap: trap_request=0x00000004 fr.pc=0x0000000003882e70
Event: 27.734 Thread 0x0000000001712800 DEOPT PACKING pc=0x0000000003882e70 sp=0x00000000016ce360
Event: 27.734 Thread 0x0000000001712800 DEOPT UNPACKING pc=0x000000000344556a sp=0x00000000016ce228 mode 2
Event: 27.734 Thread 0x0000000001712800 Uncommon trap: trap_request=0x00000004 fr.pc=0x00000000038703ec
Event: 27.734 Thread 0x0000000001712800 DEOPT PACKING pc=0x00000000038703ec sp=0x00000000016ce300
Event: 27.734 Thread 0x0000000001712800 DEOPT UNPACKING pc=0x000000000344556a sp=0x00000000016ce218 mode 2


Dynamic libraries:
0x00007ff608380000 - 0x00007ff6083b4000 	C:\Program Files\Java\jdk1.8.0_20\bin\java.exe
0x00007ffd3f9f0000 - 0x00007ffd3fbc1000 	C:\WINDOWS\SYSTEM32\ntdll.dll
0x00007ffd3ee50000 - 0x00007ffd3eefb000 	C:\WINDOWS\System32\KERNEL32.DLL
0x00007ffd3c940000 - 0x00007ffd3cb5d000 	C:\WINDOWS\System32\KERNELBASE.dll
0x00007ffd3d2d0000 - 0x00007ffd3d372000 	C:\WINDOWS\System32\ADVAPI32.dll
0x00007ffd3f8c0000 - 0x00007ffd3f95e000 	C:\WINDOWS\System32\msvcrt.dll
0x00007ffd3f990000 - 0x00007ffd3f9e9000 	C:\WINDOWS\System32\sechost.dll
0x00007ffd3f400000 - 0x00007ffd3f521000 	C:\WINDOWS\System32\RPCRT4.dll
0x00007ffd3d430000 - 0x00007ffd3d595000 	C:\WINDOWS\System32\USER32.dll
0x00007ffd3cd90000 - 0x00007ffd3cdae000 	C:\WINDOWS\System32\win32u.dll
0x00007ffd3d380000 - 0x00007ffd3d3b4000 	C:\WINDOWS\System32\GDI32.dll
0x00007ffd3bf30000 - 0x00007ffd3c0b2000 	C:\WINDOWS\System32\gdi32full.dll
0x00007ffd389f0000 - 0x00007ffd38c69000 	C:\WINDOWS\WinSxS\amd64_microsoft.windows.common-controls_6595b64144ccf1df_6.0.14393.0_none_2d0f50fcbdb171b8\COMCTL32.dll
0x00007ffd3f5d0000 - 0x00007ffd3f897000 	C:\WINDOWS\System32\combase.dll
0x00007ffd3c0c0000 - 0x00007ffd3c1b5000 	C:\WINDOWS\System32\ucrtbase.dll
0x00007ffd3ccc0000 - 0x00007ffd3cd2a000 	C:\WINDOWS\System32\bcryptPrimitives.dll
0x00007ffd3f960000 - 0x00007ffd3f98e000 	C:\WINDOWS\System32\IMM32.DLL
0x0000000077330000 - 0x0000000077402000 	C:\Program Files\Java\jdk1.8.0_20\jre\bin\msvcr100.dll
0x0000000076ad0000 - 0x0000000077328000 	C:\Program Files\Java\jdk1.8.0_20\jre\bin\server\jvm.dll
0x00007ffd3ef60000 - 0x00007ffd3ef68000 	C:\WINDOWS\System32\PSAPI.DLL
0x00007ffd3a390000 - 0x00007ffd3a3b3000 	C:\WINDOWS\SYSTEM32\WINMM.dll
0x00007ffd2fef0000 - 0x00007ffd2fef9000 	C:\WINDOWS\SYSTEM32\WSOCK32.dll
0x00007ffd3a330000 - 0x00007ffd3a35b000 	C:\WINDOWS\SYSTEM32\WINMMBASE.dll
0x00007ffd3bee0000 - 0x00007ffd3bf22000 	C:\WINDOWS\System32\cfgmgr32.dll
0x00007ffd3d3c0000 - 0x00007ffd3d42a000 	C:\WINDOWS\System32\WS2_32.dll
0x0000000050010000 - 0x000000005001f000 	C:\Program Files\Java\jdk1.8.0_20\jre\bin\verify.dll
0x0000000077fd0000 - 0x0000000077ff8000 	C:\Program Files\Java\jdk1.8.0_20\jre\bin\java.dll
0x0000000077fb0000 - 0x0000000077fc6000 	C:\Program Files\Java\jdk1.8.0_20\jre\bin\zip.dll
0x00007ffd3d6e0000 - 0x00007ffd3ebe8000 	C:\WINDOWS\System32\SHELL32.dll
0x00007ffd3c1c0000 - 0x00007ffd3c89a000 	C:\WINDOWS\System32\windows.storage.dll
0x00007ffd3be80000 - 0x00007ffd3becc000 	C:\WINDOWS\System32\powrprof.dll
0x00007ffd3ef00000 - 0x00007ffd3ef52000 	C:\WINDOWS\System32\shlwapi.dll
0x00007ffd3bed0000 - 0x00007ffd3bedf000 	C:\WINDOWS\System32\kernel.appcore.dll
0x00007ffd3cb60000 - 0x00007ffd3cc09000 	C:\WINDOWS\System32\shcore.dll
0x00007ffd3be50000 - 0x00007ffd3be64000 	C:\WINDOWS\System32\profapi.dll
0x00007ffd2d520000 - 0x00007ffd2d6b2000 	C:\WINDOWS\SYSTEM32\dbghelp.dll

VM Arguments:
jvm_args: -Djava.awt.headless=true -Xmx50g -Dfile.encoding=windows-1251 -Duser.country=RU -Duser.language=ru -Duser.variant 
java_command: com.android.dx.command.Main --dex --num-threads=4 --multi-dex --main-dex-list C:\Users\User\Documents\GitHub\iCRM\iCRM\app\build\intermediates\multi-dex\debug\maindexlist.txt --output C:\Users\User\Documents\GitHub\iCRM\iCRM\app\build\intermediates\transforms\dex\debug\folders\1000\1f\main C:\Users\User\Documents\GitHub\iCRM\iCRM\app\build\intermediates\transforms\jarMerging\debug\jars\1\1f\combined.jar
java_class_path (initial): C:\Users\User\AppData\Local\Android\sdk\build-tools\23.0.3\lib\dx.jar
Launcher Type: SUN_STANDARD

Environment Variables:
PATH=C:\ProgramData\Oracle\Java\javapath;C:\Program Files\Broadcom\Broadcom 802.11 Network Adapter;C:\Program Files (x86)\NVIDIA Corporation\PhysX\Common;C:\Program Files (x86)\Intel\iCLS Client\;C:\Program Files\Intel\iCLS Client\;C:\Windows\system32;C:\Windows;C:\Windows\System32\Wbem;C:\Windows\System32\WindowsPowerShell\v1.0\;C:\Program Files\Intel\Intel(R) Management Engine Components\DAL;C:\Program Files\Intel\Intel(R) Management Engine Components\IPT;C:\Program Files (x86)\Intel\Intel(R) Management Engine Components\DAL;C:\Program Files (x86)\Intel\Intel(R) Management Engine Components\IPT;C:\Program Files\WIDCOMM\Bluetooth Software\;C:\Program Files\WIDCOMM\Bluetooth Software\syswow64;C:\Program Files\Acer\Remote Files\;C:\Program Files (x86)\Skype\Phone\;C:\Program Files\OpenVPN\bin;C:\WINDOWS\system32;C:\WINDOWS;C:\WINDOWS\System32\Wbem;C:\WINDOWS\System32\WindowsPowerShell\v1.0\;C:\Users\User\AppData\Local\Microsoft\WindowsApps;
USERNAME=User
OS=Windows_NT
PROCESSOR_IDENTIFIER=Intel64 Family 6 Model 69 Stepping 1, GenuineIntel



---------------  S Y S T E M  ---------------

OS: Windows 8.1 , 64 bit Build 9600 

CPU:total 4 (2 cores per cpu, 2 threads per core) family 6 model 69 stepping 1, cmov, cx8, fxsr, mmx, sse, sse2, sse3, ssse3, sse4.1, sse4.2, popcnt, avx, avx2, aes, clmul, erms, lzcnt, ht, tsc, tscinvbit, bmi1, bmi2

Memory: 4k page, physical 8310040k(1656712k free), swap 12406040k(4560k free)

vm_info: Java HotSpot(TM) 64-Bit Server VM (25.20-b23) for windows-amd64 JRE (1.8.0_20-b26), built on Jul 30 2014 13:51:23 by "java_re" with MS VC++ 10.0 (VS2010)

time: Tue Oct 18 20:19:29 2016
elapsed time: 27 seconds (0d 0h 0m 27s)

