#
# There is insufficient memory for the Java Runtime Environment to continue.
# Native memory allocation (malloc) failed to allocate 2255776 bytes for Chunk::new
# Possible reasons:
#   The system is out of physical RAM or swap space
#   In 32 bit mode, the process size limit was hit
# Possible solutions:
#   Reduce memory load on the system
#   Increase physical memory or swap space
#   Check if swap backing store is full
#   Use 64 bit Java on a 64 bit OS
#   Decrease Java heap size (-Xmx/-Xms)
#   Decrease number of Java threads
#   Decrease Java thread stack sizes (-Xss)
#   Set larger code cache with -XX:ReservedCodeCacheSize=
# This output file may be truncated or incomplete.
#
#  Out of Memory Error (allocation.cpp:390), pid=5220, tid=8004
#
# JRE version: Java(TM) SE Runtime Environment (8.0_20-b26) (build 1.8.0_20-b26)
# Java VM: Java HotSpot(TM) 64-Bit Server VM (25.20-b23 mixed mode windows-amd64 )
# Failed to write core dump. Minidumps are not enabled by default on client versions of Windows
#

---------------  T H R E A D  ---------------

Current thread (0x0000000001ebf000):  JavaThread "C2 CompilerThread0" daemon [_thread_in_native, id=8004, stack(0x0000000024fb0000,0x00000000250b0000)]

Stack: [0x0000000024fb0000,0x00000000250b0000]
Native frames: (J=compiled Java code, j=interpreted, Vv=VM code, C=native code)
V  [jvm.dll+0x3152fa]
V  [jvm.dll+0x265d03]
V  [jvm.dll+0x266943]
V  [jvm.dll+0x25e265]
V  [jvm.dll+0xbe255]
V  [jvm.dll+0xbe6fc]
V  [jvm.dll+0x45c472]
V  [jvm.dll+0x49d76f]
V  [jvm.dll+0x451911]
V  [jvm.dll+0x452634]
V  [jvm.dll+0x435fc2]
V  [jvm.dll+0x97b62]
V  [jvm.dll+0x98353]
V  [jvm.dll+0x22aac4]
V  [jvm.dll+0x283f5a]
C  [msvcr100.dll+0x21d9f]
C  [msvcr100.dll+0x21e3b]
C  [KERNEL32.DLL+0x8364]
C  [ntdll.dll+0x65e91]


Current CompileTask:
C2:  57132 3148       4       com.android.dx.dex.file.ClassDataItem::addContents (207 bytes)


---------------  P R O C E S S  ---------------

Java Threads: ( => current thread )
  0x0000000026228000 JavaThread "pool-1-thread-1" [_thread_in_Java, id=5292, stack(0x0000000027580000,0x0000000027680000)]
  0x0000000025a96800 JavaThread "pool-2-thread-4" [_thread_blocked, id=7552, stack(0x0000000027480000,0x0000000027580000)]
  0x0000000025b43800 JavaThread "pool-2-thread-3" [_thread_blocked, id=13112, stack(0x0000000027380000,0x0000000027480000)]
  0x0000000025b43000 JavaThread "pool-2-thread-2" [_thread_blocked, id=8416, stack(0x0000000027280000,0x0000000027380000)]
  0x00000000256ae000 JavaThread "pool-3-thread-1" [_thread_blocked, id=208, stack(0x0000000027180000,0x0000000027280000)]
  0x0000000025ac4800 JavaThread "pool-2-thread-1" [_thread_blocked, id=9728, stack(0x0000000027080000,0x0000000027180000)]
  0x00000000252d4800 JavaThread "Service Thread" daemon [_thread_blocked, id=7464, stack(0x00000000256b0000,0x00000000257b0000)]
  0x0000000001ec3800 JavaThread "C1 CompilerThread2" daemon [_thread_blocked, id=6216, stack(0x00000000251b0000,0x00000000252b0000)]
  0x0000000001ec1000 JavaThread "C2 CompilerThread1" daemon [_thread_in_native, id=232, stack(0x00000000250b0000,0x00000000251b0000)]
=>0x0000000001ebf000 JavaThread "C2 CompilerThread0" daemon [_thread_in_native, id=8004, stack(0x0000000024fb0000,0x00000000250b0000)]
  0x0000000001ebd800 JavaThread "Attach Listener" daemon [_thread_blocked, id=5556, stack(0x0000000024eb0000,0x0000000024fb0000)]
  0x0000000001ebc000 JavaThread "Signal Dispatcher" daemon [_thread_blocked, id=8180, stack(0x0000000024db0000,0x0000000024eb0000)]
  0x0000000001558000 JavaThread "Finalizer" daemon [_thread_blocked, id=9820, stack(0x0000000024cb0000,0x0000000024db0000)]
  0x000000000154f000 JavaThread "Reference Handler" daemon [_thread_blocked, id=8168, stack(0x0000000024bb0000,0x0000000024cb0000)]
  0x0000000001462800 JavaThread "main" [_thread_in_native, id=9040, stack(0x0000000001360000,0x0000000001460000)]

Other Threads:
  0x0000000001e85000 VMThread [stack: 0x0000000024ab0000,0x0000000024bb0000] [id=2324]
  0x00000000252d7000 WatcherThread [stack: 0x00000000257b0000,0x00000000258b0000] [id=9596]

VM state:not at safepoint (normal execution)

VM Mutex/Monitor currently owned by a thread: None

Heap:
 PSYoungGen      total 953344K, used 436040K [0x00000008d5580000, 0x000000093d680000, 0x0000000d00000000)
  eden space 648704K, 67% used [0x00000008d5580000,0x00000008eff52238,0x00000008fcf00000)
  from space 304640K, 0% used [0x0000000918480000,0x0000000918480000,0x000000092ae00000)
  to   space 448000K, 0% used [0x00000008fcf00000,0x00000008fcf00000,0x0000000918480000)
 ParOldGen       total 812032K, used 811842K [0x0000000080000000, 0x00000000b1900000, 0x00000008d5580000)
  object space 812032K, 99% used [0x0000000080000000,0x00000000b18d0a18,0x00000000b1900000)
 Metaspace       used 6718K, capacity 6984K, committed 7168K, reserved 8192K

Card table byte_map: [0x0000000012400000,0x0000000018810000] byte_map_base: 0x0000000012000000

Marking Bits: (ParMarkBitMap*) 0x0000000076c4b460
 Begin Bits: [0x0000000d00000000, 0x0000000d32000000)
 End Bits:   [0x0000000d32000000, 0x0000000d64000000)

Polling page: 0x0000000000e70000

CodeCache: size=245760Kb used=11333Kb max_used=14716Kb free=234426Kb
 bounds [0x0000000003400000, 0x0000000004280000, 0x0000000012400000]
 total_blobs=2720 nmethods=2454 adapters=179
 compilation: enabled

Compilation events (10 events):
Event: 52.253 Thread 0x0000000001ec3800 3189       2       java.util.HashMap::keySet (27 bytes)
Event: 52.254 Thread 0x0000000001ec3800 nmethod 3189 0x000000000392bfd0 code [0x000000000392c120, 0x000000000392c2f0]
Event: 52.254 Thread 0x0000000001ec3800 3190       2       java.util.HashMap$KeySet::iterator (12 bytes)
Event: 52.254 Thread 0x0000000001ec3800 nmethod 3190 0x000000000392bbd0 code [0x000000000392bd40, 0x000000000392bf28]
Event: 52.255 Thread 0x0000000001ec3800 3191       2       com.android.dx.dex.file.DebugInfoItem::<init> (36 bytes)
Event: 52.256 Thread 0x0000000001ec3800 nmethod 3191 0x000000000372a7d0 code [0x000000000372a940, 0x000000000372ab98]
Event: 52.295 Thread 0x0000000001ec1000 nmethod 3123 0x0000000003c0ed10 code [0x0000000003c0f3e0, 0x0000000003c181c0]
Event: 52.295 Thread 0x0000000001ec1000 3167  s    4       com.android.dx.dex.file.MixedItemSection::intern (39 bytes)
Event: 52.331 Thread 0x0000000001ec1000 nmethod 3167 0x00000000035dae90 code [0x00000000035db0a0, 0x00000000035dc4d0]
Event: 52.331 Thread 0x0000000001ec1000 3149       4       java.util.Arrays::sort (47 bytes)

GC Heap History (10 events):
Event: 36.004 GC heap before
{Heap before GC invocations=26 (full 8):
 PSYoungGen      total 953344K, used 648704K [0x00000008d5580000, 0x000000093d680000, 0x0000000d00000000)
  eden space 648704K, 100% used [0x00000008d5580000,0x00000008fcf00000,0x00000008fcf00000)
  from space 304640K, 0% used [0x0000000918480000,0x0000000918480000,0x000000092ae00000)
  to   space 448000K, 0% used [0x00000008fcf00000,0x00000008fcf00000,0x0000000918480000)
 ParOldGen       total 812032K, used 811909K [0x0000000080000000, 0x00000000b1900000, 0x00000008d5580000)
  object space 812032K, 99% used [0x0000000080000000,0x00000000b18e1428,0x00000000b1900000)
 Metaspace       used 6614K, capacity 6920K, committed 7168K, reserved 8192K
Event: 38.955 GC heap after
Heap after GC invocations=26 (full 8):
 PSYoungGen      total 953344K, used 228175K [0x00000008d5580000, 0x000000093d680000, 0x0000000d00000000)
  eden space 648704K, 35% used [0x00000008d5580000,0x00000008e3453e50,0x00000008fcf00000)
  from space 304640K, 0% used [0x0000000918480000,0x0000000918480000,0x000000092ae00000)
  to   space 448000K, 0% used [0x00000008fcf00000,0x00000008fcf00000,0x0000000918480000)
 ParOldGen       total 812032K, used 811632K [0x0000000080000000, 0x00000000b1900000, 0x00000008d5580000)
  object space 812032K, 99% used [0x0000000080000000,0x00000000b189c020,0x00000000b1900000)
 Metaspace       used 6614K, capacity 6920K, committed 7168K, reserved 8192K
}
Event: 39.653 GC heap before
{Heap before GC invocations=27 (full 9):
 PSYoungGen      total 953344K, used 648704K [0x00000008d5580000, 0x000000093d680000, 0x0000000d00000000)
  eden space 648704K, 100% used [0x00000008d5580000,0x00000008fcf00000,0x00000008fcf00000)
  from space 304640K, 0% used [0x0000000918480000,0x0000000918480000,0x000000092ae00000)
  to   space 448000K, 0% used [0x00000008fcf00000,0x00000008fcf00000,0x0000000918480000)
 ParOldGen       total 812032K, used 811632K [0x0000000080000000, 0x00000000b1900000, 0x00000008d5580000)
  object space 812032K, 99% used [0x0000000080000000,0x00000000b189c020,0x00000000b1900000)
 Metaspace       used 6614K, capacity 6920K, committed 7168K, reserved 8192K
Event: 42.833 GC heap after
Heap after GC invocations=27 (full 9):
 PSYoungGen      total 953344K, used 293638K [0x00000008d5580000, 0x000000093d680000, 0x0000000d00000000)
  eden space 648704K, 45% used [0x00000008d5580000,0x00000008e7441ac8,0x00000008fcf00000)
  from space 304640K, 0% used [0x0000000918480000,0x0000000918480000,0x000000092ae00000)
  to   space 448000K, 0% used [0x00000008fcf00000,0x00000008fcf00000,0x0000000918480000)
 ParOldGen       total 812032K, used 811593K [0x0000000080000000, 0x00000000b1900000, 0x00000008d5580000)
  object space 812032K, 99% used [0x0000000080000000,0x00000000b1892778,0x00000000b1900000)
 Metaspace       used 6614K, capacity 6920K, committed 7168K, reserved 8192K
}
Event: 43.344 GC heap before
{Heap before GC invocations=28 (full 10):
 PSYoungGen      total 953344K, used 648704K [0x00000008d5580000, 0x000000093d680000, 0x0000000d00000000)
  eden space 648704K, 100% used [0x00000008d5580000,0x00000008fcf00000,0x00000008fcf00000)
  from space 304640K, 0% used [0x0000000918480000,0x0000000918480000,0x000000092ae00000)
  to   space 448000K, 0% used [0x00000008fcf00000,0x00000008fcf00000,0x0000000918480000)
 ParOldGen       total 812032K, used 811593K [0x0000000080000000, 0x00000000b1900000, 0x00000008d5580000)
  object space 812032K, 99% used [0x0000000080000000,0x00000000b1892778,0x00000000b1900000)
 Metaspace       used 6614K, capacity 6920K, committed 7168K, reserved 8192K
Event: 46.605 GC heap after
Heap after GC invocations=28 (full 10):
 PSYoungGen      total 953344K, used 347265K [0x00000008d5580000, 0x000000093d680000, 0x0000000d00000000)
  eden space 648704K, 53% used [0x00000008d5580000,0x00000008ea8a0720,0x00000008fcf00000)
  from space 304640K, 0% used [0x0000000918480000,0x0000000918480000,0x000000092ae00000)
  to   space 448000K, 0% used [0x00000008fcf00000,0x00000008fcf00000,0x0000000918480000)
 ParOldGen       total 812032K, used 811588K [0x0000000080000000, 0x00000000b1900000, 0x00000008d5580000)
  object space 812032K, 99% used [0x0000000080000000,0x00000000b1891020,0x00000000b1900000)
 Metaspace       used 6614K, capacity 6920K, committed 7168K, reserved 8192K
}
Event: 47.118 GC heap before
{Heap before GC invocations=29 (full 11):
 PSYoungGen      total 953344K, used 648704K [0x00000008d5580000, 0x000000093d680000, 0x0000000d00000000)
  eden space 648704K, 100% used [0x00000008d5580000,0x00000008fcf00000,0x00000008fcf00000)
  from space 304640K, 0% used [0x0000000918480000,0x0000000918480000,0x000000092ae00000)
  to   space 448000K, 0% used [0x00000008fcf00000,0x00000008fcf00000,0x0000000918480000)
 ParOldGen       total 812032K, used 811588K [0x0000000080000000, 0x00000000b1900000, 0x00000008d5580000)
  object space 812032K, 99% used [0x0000000080000000,0x00000000b1891020,0x00000000b1900000)
 Metaspace       used 6679K, capacity 6984K, committed 7168K, reserved 8192K
Event: 51.789 GC heap after
Heap after GC invocations=29 (full 11):
 PSYoungGen      total 953344K, used 385937K [0x00000008d5580000, 0x000000093d680000, 0x0000000d00000000)
  eden space 648704K, 59% used [0x00000008d5580000,0x00000008ece64650,0x00000008fcf00000)
  from space 304640K, 0% used [0x0000000918480000,0x0000000918480000,0x000000092ae00000)
  to   space 448000K, 0% used [0x00000008fcf00000,0x00000008fcf00000,0x0000000918480000)
 ParOldGen       total 812032K, used 811977K [0x0000000080000000, 0x00000000b1900000, 0x00000008d5580000)
  object space 812032K, 99% used [0x0000000080000000,0x00000000b18f2578,0x00000000b1900000)
 Metaspace       used 6679K, capacity 6984K, committed 7168K, reserved 8192K
}
Event: 52.376 GC heap before
{Heap before GC invocations=30 (full 12):
 PSYoungGen      total 953344K, used 648704K [0x00000008d5580000, 0x000000093d680000, 0x0000000d00000000)
  eden space 648704K, 100% used [0x00000008d5580000,0x00000008fcf00000,0x00000008fcf00000)
  from space 304640K, 0% used [0x0000000918480000,0x0000000918480000,0x000000092ae00000)
  to   space 448000K, 0% used [0x00000008fcf00000,0x00000008fcf00000,0x0000000918480000)
 ParOldGen       total 812032K, used 811977K [0x0000000080000000, 0x00000000b1900000, 0x00000008d5580000)
  object space 812032K, 99% used [0x0000000080000000,0x00000000b18f2578,0x00000000b1900000)
 Metaspace       used 6718K, capacity 6984K, committed 7168K, reserved 8192K
Event: 57.099 GC heap after
Heap after GC invocations=30 (full 12):
 PSYoungGen      total 953344K, used 420303K [0x00000008d5580000, 0x000000093d680000, 0x0000000d00000000)
  eden space 648704K, 64% used [0x00000008d5580000,0x00000008eeff3fa8,0x00000008fcf00000)
  from space 304640K, 0% used [0x0000000918480000,0x0000000918480000,0x000000092ae00000)
  to   space 448000K, 0% used [0x00000008fcf00000,0x00000008fcf00000,0x0000000918480000)
 ParOldGen       total 812032K, used 811842K [0x0000000080000000, 0x00000000b1900000, 0x00000008d5580000)
  object space 812032K, 99% used [0x0000000080000000,0x00000000b18d0a18,0x00000000b1900000)
 Metaspace       used 6718K, capacity 6984K, committed 7168K, reserved 8192K
}

Deoptimization events (10 events):
Event: 39.124 Thread 0x0000000025ac4800 Uncommon trap: reason=range_check action=make_not_entrant pc=0x000000000371f1c0 method=java.util.DualPivotQuicksort.sort([IIIZ)V @ 56
Event: 46.658 Thread 0x0000000026228000 Uncommon trap: reason=class_check action=maybe_recompile pc=0x0000000003a66b94 method=java.util.Arrays.hashCode([Ljava/lang/Object;)I @ 43
Event: 46.658 Thread 0x0000000026228000 Uncommon trap: reason=class_check action=maybe_recompile pc=0x0000000003a66b94 method=java.util.Arrays.hashCode([Ljava/lang/Object;)I @ 43
Event: 46.658 Thread 0x0000000026228000 Uncommon trap: reason=class_check action=maybe_recompile pc=0x0000000003a66b94 method=java.util.Arrays.hashCode([Ljava/lang/Object;)I @ 43
Event: 46.658 Thread 0x0000000026228000 Uncommon trap: reason=class_check action=maybe_recompile pc=0x0000000003a66b94 method=java.util.Arrays.hashCode([Ljava/lang/Object;)I @ 43
Event: 46.659 Thread 0x0000000026228000 Uncommon trap: reason=class_check action=maybe_recompile pc=0x000000000392314c method=java.util.Arrays.hashCode([Ljava/lang/Object;)I @ 43
Event: 46.659 Thread 0x0000000026228000 Uncommon trap: reason=unreached action=reinterpret pc=0x0000000003842384 method=java.util.Arrays.sort([Ljava/lang/Object;IILjava/util/Comparator;)V @ 1
Event: 52.027 Thread 0x0000000026228000 Uncommon trap: reason=unreached action=reinterpret pc=0x0000000003907b78 method=com.android.dx.dex.file.OffsettedItem.equals(Ljava/lang/Object;)Z @ 26
Event: 52.104 Thread 0x0000000026228000 Uncommon trap: reason=bimorphic action=maybe_recompile pc=0x00000000041463e8 method=java.util.HashMap$TreeNode.find(ILjava/lang/Object;Ljava/lang/Class;)Ljava/util/HashMap$TreeNode; @ 68
Event: 52.168 Thread 0x0000000026228000 Uncommon trap: reason=bimorphic action=maybe_recompile pc=0x00000000041463e8 method=java.util.HashMap$TreeNode.find(ILjava/lang/Object;Ljava/lang/Class;)Ljava/util/HashMap$TreeNode; @ 68

Internal exceptions (10 events):
Event: 10.560 Thread 0x0000000025a96800 Implicit null exception at 0x0000000003f01eb3 to 0x0000000003f04e45
Event: 11.856 Thread 0x0000000025b43800 Exception <a 'java/security/PrivilegedActionException'> (0x00000008eaea49b0) thrown at [D:\re\workspace\8-2-build-windows-amd64-cygwin\jdk8u20\1074\hotspot\src\share\vm\prims\jvm.cpp, line 1275]
Event: 14.804 Thread 0x0000000001462800 Exception <a 'java/security/PrivilegedActionException'> (0x00000008f0e41448) thrown at [D:\re\workspace\8-2-build-windows-amd64-cygwin\jdk8u20\1074\hotspot\src\share\vm\prims\jvm.cpp, line 1275]
Event: 20.378 Thread 0x0000000025b43800 Exception <a 'java/security/PrivilegedActionException'> (0x00000008d646e448) thrown at [D:\re\workspace\8-2-build-windows-amd64-cygwin\jdk8u20\1074\hotspot\src\share\vm\prims\jvm.cpp, line 1275]
Event: 20.410 Thread 0x0000000025b43800 Exception <a 'java/security/PrivilegedActionException'> (0x00000008d6a68f68) thrown at [D:\re\workspace\8-2-build-windows-amd64-cygwin\jdk8u20\1074\hotspot\src\share\vm\prims\jvm.cpp, line 1275]
Event: 35.666 Thread 0x0000000025a96800 Implicit null exception at 0x00000000040fcf1c to 0x00000000040fcf44
Event: 46.631 Thread 0x0000000001462800 Exception <a 'java/security/PrivilegedActionException'> (0x00000008eab1fc70) thrown at [D:\re\workspace\8-2-build-windows-amd64-cygwin\jdk8u20\1074\hotspot\src\share\vm\prims\jvm.cpp, line 1275]
Event: 46.659 Thread 0x0000000026228000 Implicit null exception at 0x0000000003841279 to 0x0000000003842365
Event: 46.662 Thread 0x0000000026228000 Exception <a 'java/security/PrivilegedActionException'> (0x00000008ebe99e80) thrown at [D:\re\workspace\8-2-build-windows-amd64-cygwin\jdk8u20\1074\hotspot\src\share\vm\prims\jvm.cpp, line 1275]
Event: 52.261 Thread 0x0000000026228000 Exception <a 'java/security/PrivilegedActionException'> (0x00000008f96be1b0) thrown at [D:\re\workspace\8-2-build-windows-amd64-cygwin\jdk8u20\1074\hotspot\src\share\vm\prims\jvm.cpp, line 1275]

Events (10 events):
Event: 52.209 loading class java/util/HashMap$KeyIterator
Event: 52.209 loading class java/util/HashMap$KeyIterator done
Event: 52.225 Thread 0x0000000026228000 DEOPT PACKING pc=0x0000000003922478 sp=0x000000002767ea80
Event: 52.225 Thread 0x0000000026228000 DEOPT UNPACKING pc=0x00000000034475bf sp=0x000000002767e838 mode 0
Event: 52.248 Thread 0x0000000026228000 DEOPT PACKING pc=0x0000000003921b2d sp=0x000000002767eb30
Event: 52.248 Thread 0x0000000026228000 DEOPT UNPACKING pc=0x00000000034475bf sp=0x000000002767e8c0 mode 0
Event: 52.261 loading class com/android/dx/dex/file/CatchStructs
Event: 52.261 loading class com/android/dx/dex/file/CatchStructs done
Event: 52.376 Executing VM operation: ParallelGCFailedAllocation
Event: 57.099 Executing VM operation: ParallelGCFailedAllocation done


Dynamic libraries:
0x00007ff62e540000 - 0x00007ff62e574000 	C:\Program Files\Java\jdk1.8.0_20\bin\java.exe
0x00007ffd3f9f0000 - 0x00007ffd3fbc1000 	C:\WINDOWS\SYSTEM32\ntdll.dll
0x00007ffd3ee50000 - 0x00007ffd3eefb000 	C:\WINDOWS\System32\KERNEL32.DLL
0x00007ffd3c940000 - 0x00007ffd3cb5d000 	C:\WINDOWS\System32\KERNELBASE.dll
0x00007ffd3d2d0000 - 0x00007ffd3d372000 	C:\WINDOWS\System32\ADVAPI32.dll
0x00007ffd3f8c0000 - 0x00007ffd3f95e000 	C:\WINDOWS\System32\msvcrt.dll
0x00007ffd3f990000 - 0x00007ffd3f9e9000 	C:\WINDOWS\System32\sechost.dll
0x00007ffd3f400000 - 0x00007ffd3f521000 	C:\WINDOWS\System32\RPCRT4.dll
0x00007ffd3d430000 - 0x00007ffd3d595000 	C:\WINDOWS\System32\USER32.dll
0x00007ffd3cd90000 - 0x00007ffd3cdae000 	C:\WINDOWS\System32\win32u.dll
0x00007ffd3d380000 - 0x00007ffd3d3b4000 	C:\WINDOWS\System32\GDI32.dll
0x00007ffd3bf30000 - 0x00007ffd3c0b2000 	C:\WINDOWS\System32\gdi32full.dll
0x00007ffd389f0000 - 0x00007ffd38c69000 	C:\WINDOWS\WinSxS\amd64_microsoft.windows.common-controls_6595b64144ccf1df_6.0.14393.0_none_2d0f50fcbdb171b8\COMCTL32.dll
0x00007ffd3f5d0000 - 0x00007ffd3f897000 	C:\WINDOWS\System32\combase.dll
0x00007ffd3c0c0000 - 0x00007ffd3c1b5000 	C:\WINDOWS\System32\ucrtbase.dll
0x00007ffd3ccc0000 - 0x00007ffd3cd2a000 	C:\WINDOWS\System32\bcryptPrimitives.dll
0x00007ffd3f960000 - 0x00007ffd3f98e000 	C:\WINDOWS\System32\IMM32.DLL
0x0000000076cd0000 - 0x0000000076da2000 	C:\Program Files\Java\jdk1.8.0_20\jre\bin\msvcr100.dll
0x0000000076470000 - 0x0000000076cc8000 	C:\Program Files\Java\jdk1.8.0_20\jre\bin\server\jvm.dll
0x00007ffd3ef60000 - 0x00007ffd3ef68000 	C:\WINDOWS\System32\PSAPI.DLL
0x00007ffd38710000 - 0x00007ffd38719000 	C:\WINDOWS\SYSTEM32\WSOCK32.dll
0x00007ffd3a390000 - 0x00007ffd3a3b3000 	C:\WINDOWS\SYSTEM32\WINMM.dll
0x00007ffd3d3c0000 - 0x00007ffd3d42a000 	C:\WINDOWS\System32\WS2_32.dll
0x0000000000e40000 - 0x0000000000e6b000 	C:\WINDOWS\SYSTEM32\WINMMBASE.dll
0x00007ffd3bee0000 - 0x00007ffd3bf22000 	C:\WINDOWS\System32\cfgmgr32.dll
0x0000000050010000 - 0x000000005001f000 	C:\Program Files\Java\jdk1.8.0_20\jre\bin\verify.dll
0x0000000077fd0000 - 0x0000000077ff8000 	C:\Program Files\Java\jdk1.8.0_20\jre\bin\java.dll
0x0000000077fb0000 - 0x0000000077fc6000 	C:\Program Files\Java\jdk1.8.0_20\jre\bin\zip.dll
0x00007ffd3d6e0000 - 0x00007ffd3ebe8000 	C:\WINDOWS\System32\SHELL32.dll
0x00007ffd3c1c0000 - 0x00007ffd3c89a000 	C:\WINDOWS\System32\windows.storage.dll
0x00007ffd3be80000 - 0x00007ffd3becc000 	C:\WINDOWS\System32\powrprof.dll
0x00007ffd3ef00000 - 0x00007ffd3ef52000 	C:\WINDOWS\System32\shlwapi.dll
0x00007ffd3bed0000 - 0x00007ffd3bedf000 	C:\WINDOWS\System32\kernel.appcore.dll
0x00007ffd3cb60000 - 0x00007ffd3cc09000 	C:\WINDOWS\System32\shcore.dll
0x00007ffd3be50000 - 0x00007ffd3be64000 	C:\WINDOWS\System32\profapi.dll
0x00007ffd2d520000 - 0x00007ffd2d6b2000 	C:\WINDOWS\SYSTEM32\dbghelp.dll

VM Arguments:
jvm_args: -Djava.awt.headless=true -Xmx50g -Dfile.encoding=windows-1251 -Duser.country=RU -Duser.language=ru -Duser.variant 
java_command: com.android.dx.command.Main --dex --num-threads=4 --multi-dex --main-dex-list C:\Users\User\Documents\GitHub\iCRM\iCRM\app\build\intermediates\multi-dex\debug\maindexlist.txt --output C:\Users\User\Documents\GitHub\iCRM\iCRM\app\build\intermediates\transforms\dex\debug\folders\1000\1f\main C:\Users\User\Documents\GitHub\iCRM\iCRM\app\build\intermediates\transforms\jarMerging\debug\jars\1\1f\combined.jar
java_class_path (initial): C:\Users\User\AppData\Local\Android\sdk\build-tools\23.0.3\lib\dx.jar
Launcher Type: SUN_STANDARD

Environment Variables:
PATH=C:\ProgramData\Oracle\Java\javapath;C:\Program Files\Broadcom\Broadcom 802.11 Network Adapter;C:\Program Files (x86)\NVIDIA Corporation\PhysX\Common;C:\Program Files (x86)\Intel\iCLS Client\;C:\Program Files\Intel\iCLS Client\;C:\Windows\system32;C:\Windows;C:\Windows\System32\Wbem;C:\Windows\System32\WindowsPowerShell\v1.0\;C:\Program Files\Intel\Intel(R) Management Engine Components\DAL;C:\Program Files\Intel\Intel(R) Management Engine Components\IPT;C:\Program Files (x86)\Intel\Intel(R) Management Engine Components\DAL;C:\Program Files (x86)\Intel\Intel(R) Management Engine Components\IPT;C:\Program Files\WIDCOMM\Bluetooth Software\;C:\Program Files\WIDCOMM\Bluetooth Software\syswow64;C:\Program Files\Acer\Remote Files\;C:\Program Files (x86)\Skype\Phone\;C:\Program Files\OpenVPN\bin;C:\WINDOWS\system32;C:\WINDOWS;C:\WINDOWS\System32\Wbem;C:\WINDOWS\System32\WindowsPowerShell\v1.0\;C:\Users\User\AppData\Local\Microsoft\WindowsApps;
USERNAME=User
OS=Windows_NT
PROCESSOR_IDENTIFIER=Intel64 Family 6 Model 69 Stepping 1, GenuineIntel



---------------  S Y S T E M  ---------------

OS: Windows 8.1 , 64 bit Build 9600 

CPU:total 4 (2 cores per cpu, 2 threads per core) family 6 model 69 stepping 1, cmov, cx8, fxsr, mmx, sse, sse2, sse3, ssse3, sse4.1, sse4.2, popcnt, avx, avx2, aes, clmul, erms, lzcnt, ht, tsc, tscinvbit, bmi1, bmi2

Memory: 4k page, physical 8310040k(1468956k free), swap 12406040k(4480k free)

vm_info: Java HotSpot(TM) 64-Bit Server VM (25.20-b23) for windows-amd64 JRE (1.8.0_20-b26), built on Jul 30 2014 13:51:23 by "java_re" with MS VC++ 10.0 (VS2010)

time: Wed Oct 19 19:25:43 2016
elapsed time: 57 seconds (0d 0h 0m 57s)

