#
# There is insufficient memory for the Java Runtime Environment to continue.
# Native memory allocation (malloc) failed to allocate 67108880 bytes for Chunk::new
# Possible reasons:
#   The system is out of physical RAM or swap space
#   In 32 bit mode, the process size limit was hit
# Possible solutions:
#   Reduce memory load on the system
#   Increase physical memory or swap space
#   Check if swap backing store is full
#   Use 64 bit Java on a 64 bit OS
#   Decrease Java heap size (-Xmx/-Xms)
#   Decrease number of Java threads
#   Decrease Java thread stack sizes (-Xss)
#   Set larger code cache with -XX:ReservedCodeCacheSize=
# This output file may be truncated or incomplete.
#
#  Out of Memory Error (allocation.cpp:390), pid=10480, tid=8000
#
# JRE version: Java(TM) SE Runtime Environment (8.0_20-b26) (build 1.8.0_20-b26)
# Java VM: Java HotSpot(TM) 64-Bit Server VM (25.20-b23 mixed mode windows-amd64 )
# Failed to write core dump. Minidumps are not enabled by default on client versions of Windows
#

---------------  T H R E A D  ---------------

Current thread (0x000000002420f800):  JavaThread "C2 CompilerThread1" daemon [_thread_in_native, id=8000, stack(0x0000000025880000,0x0000000025980000)]

Stack: [0x0000000025880000,0x0000000025980000]
Native frames: (J=compiled Java code, j=interpreted, Vv=VM code, C=native code)
V  [jvm.dll+0x3152fa]
V  [jvm.dll+0x265d03]
V  [jvm.dll+0x266943]
V  [jvm.dll+0x25e265]
V  [jvm.dll+0xbe255]
V  [jvm.dll+0xbe6fc]
V  [jvm.dll+0xf3878]
V  [jvm.dll+0x45df30]
V  [jvm.dll+0x45e1ea]
V  [jvm.dll+0x45f0cf]
V  [jvm.dll+0x461191]
V  [jvm.dll+0x4635c5]
V  [jvm.dll+0x463f4c]
V  [jvm.dll+0x464293]
V  [jvm.dll+0x451093]
V  [jvm.dll+0x452634]
V  [jvm.dll+0x435fc2]
V  [jvm.dll+0x97b62]
V  [jvm.dll+0x98353]
V  [jvm.dll+0x22aac4]
V  [jvm.dll+0x283f5a]
C  [msvcr100.dll+0x21d9f]
C  [msvcr100.dll+0x21e3b]
C  [KERNEL32.DLL+0x8364]
C  [ntdll.dll+0x65e91]


Current CompileTask:
C2:  83620 3311   !   4       com.android.dx.cf.code.Ropper::processBlock (1101 bytes)


---------------  P R O C E S S  ---------------

Java Threads: ( => current thread )
  0x0000000025aa4800 JavaThread "Service Thread" daemon [_thread_blocked, id=5680, stack(0x0000000025e80000,0x0000000025f80000)]
  0x0000000024216000 JavaThread "C1 CompilerThread2" daemon [_thread_blocked, id=7044, stack(0x0000000025980000,0x0000000025a80000)]
=>0x000000002420f800 JavaThread "C2 CompilerThread1" daemon [_thread_in_native, id=8000, stack(0x0000000025880000,0x0000000025980000)]
  0x000000002420d000 JavaThread "C2 CompilerThread0" daemon [_thread_blocked, id=8416, stack(0x0000000025780000,0x0000000025880000)]
  0x000000002420b800 JavaThread "Attach Listener" daemon [_thread_blocked, id=6856, stack(0x0000000025680000,0x0000000025780000)]
  0x000000002420a800 JavaThread "Signal Dispatcher" daemon [_thread_blocked, id=5192, stack(0x0000000025580000,0x0000000025680000)]
  0x0000000001d86000 JavaThread "Finalizer" daemon [_thread_blocked, id=5256, stack(0x0000000025480000,0x0000000025580000)]
  0x0000000001d7d000 JavaThread "Reference Handler" daemon [_thread_blocked, id=4036, stack(0x0000000025380000,0x0000000025480000)]

Other Threads:
  0x00000000241d5800 VMThread [stack: 0x0000000025280000,0x0000000025380000] [id=10836]

VM state:at safepoint (normal execution)

VM Mutex/Monitor currently owned by a thread:  ([mutex/lock_event])
[0x0000000001adc6b0] Threads_lock - owner thread: 0x00000000241d5800
[0x0000000001adc630] Heap_lock - owner thread: 0x0000000001c92800

Heap:
 PSYoungGen      total 941568K, used 517350K [0x00000008d5580000, 0x0000000922280000, 0x0000000d00000000)
  eden space 717824K, 72% used [0x00000008d5580000,0x00000008f4eb9810,0x0000000901280000)
  from space 223744K, 0% used [0x0000000910600000,0x0000000910600000,0x000000091e080000)
  to   space 249344K, 0% used [0x0000000901280000,0x0000000901280000,0x0000000910600000)
 ParOldGen       total 798720K, used 798443K [0x0000000080000000, 0x00000000b0c00000, 0x00000008d5580000)
  object space 798720K, 99% used [0x0000000080000000,0x00000000b0bbace8,0x00000000b0c00000)
 Metaspace       used 7448K, capacity 7512K, committed 7680K, reserved 8192K

Card table byte_map: [0x00000000127c0000,0x0000000018bd0000] byte_map_base: 0x00000000123c0000

Marking Bits: (ParMarkBitMap*) 0x00000000772ab460
 Begin Bits: [0x0000000d00000000, 0x0000000d32000000)
 End Bits:   [0x0000000d32000000, 0x0000000d64000000)

Polling page: 0x0000000001a70000

CodeCache: size=245760Kb used=14717Kb max_used=14717Kb free=231042Kb
 bounds [0x0000000003400000, 0x0000000004280000, 0x0000000012400000]
 total_blobs=3495 nmethods=3221 adapters=187
 compilation: enabled

Compilation events (10 events):
Event: 83.072 Thread 0x0000000024216000 4067 %     3       com.android.dx.dex.file.TypeListItem::writeTo0 @ 175 (210 bytes)
Event: 83.075 Thread 0x0000000024216000 nmethod 4067% 0x0000000004268b10 code [0x0000000004268fc0, 0x000000000426ba88]
Event: 83.078 Thread 0x0000000024216000 4068       3       com.android.dx.dex.file.TypeListItem::writeTo0 (210 bytes)
Event: 83.080 Thread 0x0000000024216000 nmethod 4068 0x000000000426d390 code [0x000000000426d820, 0x00000000042701e8]
Event: 83.112 Thread 0x0000000024216000 4070       3       com.android.dx.dex.file.EncodedArrayItem::writeTo0 (75 bytes)
Event: 83.114 Thread 0x0000000024216000 nmethod 4070 0x0000000003ce7cd0 code [0x0000000003ce7fc0, 0x0000000003ce95f8]
Event: 83.168 Thread 0x0000000024216000 4072 %     3       sun.security.provider.DigestBase::engineUpdate @ 136 (188 bytes)
Event: 83.169 Thread 0x0000000024216000 nmethod 4072% 0x0000000003cd5890 code [0x0000000003cd5a80, 0x0000000003cd6678]
Event: 83.170 Thread 0x0000000024216000 4073       3       sun.security.provider.DigestBase::engineUpdate (188 bytes)
Event: 83.171 Thread 0x0000000024216000 nmethod 4073 0x0000000004271a90 code [0x0000000004271c80, 0x0000000004272798]

GC Heap History (10 events):
Event: 56.366 GC heap before
{Heap before GC invocations=29 (full 13):
 PSYoungGen      total 941568K, used 717824K [0x00000008d5580000, 0x0000000922280000, 0x0000000d00000000)
  eden space 717824K, 100% used [0x00000008d5580000,0x0000000901280000,0x0000000901280000)
  from space 223744K, 0% used [0x0000000910600000,0x0000000910600000,0x000000091e080000)
  to   space 249344K, 0% used [0x0000000901280000,0x0000000901280000,0x0000000910600000)
 ParOldGen       total 798720K, used 798353K [0x0000000080000000, 0x00000000b0c00000, 0x00000008d5580000)
  object space 798720K, 99% used [0x0000000080000000,0x00000000b0ba46b0,0x00000000b0c00000)
 Metaspace       used 6712K, capacity 6984K, committed 7168K, reserved 8192K
Event: 58.918 GC heap after
Heap after GC invocations=29 (full 13):
 PSYoungGen      total 941568K, used 481809K [0x00000008d5580000, 0x0000000922280000, 0x0000000d00000000)
  eden space 717824K, 67% used [0x00000008d5580000,0x00000008f2c04438,0x0000000901280000)
  from space 223744K, 0% used [0x0000000910600000,0x0000000910600000,0x000000091e080000)
  to   space 249344K, 0% used [0x0000000901280000,0x0000000901280000,0x0000000910600000)
 ParOldGen       total 798720K, used 798278K [0x0000000080000000, 0x00000000b0c00000, 0x00000008d5580000)
  object space 798720K, 99% used [0x0000000080000000,0x00000000b0b91ba0,0x00000000b0c00000)
 Metaspace       used 6712K, capacity 6984K, committed 7168K, reserved 8192K
}
Event: 59.165 GC heap before
{Heap before GC invocations=30 (full 14):
 PSYoungGen      total 941568K, used 717824K [0x00000008d5580000, 0x0000000922280000, 0x0000000d00000000)
  eden space 717824K, 100% used [0x00000008d5580000,0x0000000901280000,0x0000000901280000)
  from space 223744K, 0% used [0x0000000910600000,0x0000000910600000,0x000000091e080000)
  to   space 249344K, 0% used [0x0000000901280000,0x0000000901280000,0x0000000910600000)
 ParOldGen       total 798720K, used 798278K [0x0000000080000000, 0x00000000b0c00000, 0x00000008d5580000)
  object space 798720K, 99% used [0x0000000080000000,0x00000000b0b91ba0,0x00000000b0c00000)
 Metaspace       used 6713K, capacity 6984K, committed 7168K, reserved 8192K
Event: 61.800 GC heap after
Heap after GC invocations=30 (full 14):
 PSYoungGen      total 941568K, used 520335K [0x00000008d5580000, 0x0000000922280000, 0x0000000d00000000)
  eden space 717824K, 72% used [0x00000008d5580000,0x00000008f51a3c40,0x0000000901280000)
  from space 223744K, 0% used [0x0000000910600000,0x0000000910600000,0x000000091e080000)
  to   space 249344K, 0% used [0x0000000901280000,0x0000000901280000,0x0000000910600000)
 ParOldGen       total 798720K, used 798277K [0x0000000080000000, 0x00000000b0c00000, 0x00000008d5580000)
  object space 798720K, 99% used [0x0000000080000000,0x00000000b0b91528,0x00000000b0c00000)
 Metaspace       used 6713K, capacity 6984K, committed 7168K, reserved 8192K
}
Event: 62.239 GC heap before
{Heap before GC invocations=31 (full 15):
 PSYoungGen      total 941568K, used 717824K [0x00000008d5580000, 0x0000000922280000, 0x0000000d00000000)
  eden space 717824K, 100% used [0x00000008d5580000,0x0000000901280000,0x0000000901280000)
  from space 223744K, 0% used [0x0000000910600000,0x0000000910600000,0x000000091e080000)
  to   space 249344K, 0% used [0x0000000901280000,0x0000000901280000,0x0000000910600000)
 ParOldGen       total 798720K, used 798277K [0x0000000080000000, 0x00000000b0c00000, 0x00000008d5580000)
  object space 798720K, 99% used [0x0000000080000000,0x00000000b0b91528,0x00000000b0c00000)
 Metaspace       used 6744K, capacity 6984K, committed 7168K, reserved 8192K
Event: 64.993 GC heap after
Heap after GC invocations=31 (full 15):
 PSYoungGen      total 941568K, used 541375K [0x00000008d5580000, 0x0000000922280000, 0x0000000d00000000)
  eden space 717824K, 75% used [0x00000008d5580000,0x00000008f662fc50,0x0000000901280000)
  from space 223744K, 0% used [0x0000000910600000,0x0000000910600000,0x000000091e080000)
  to   space 249344K, 0% used [0x0000000901280000,0x0000000901280000,0x0000000910600000)
 ParOldGen       total 798720K, used 798267K [0x0000000080000000, 0x00000000b0c00000, 0x00000008d5580000)
  object space 798720K, 99% used [0x0000000080000000,0x00000000b0b8ef18,0x00000000b0c00000)
 Metaspace       used 6744K, capacity 6984K, committed 7168K, reserved 8192K
}
Event: 65.370 GC heap before
{Heap before GC invocations=32 (full 16):
 PSYoungGen      total 941568K, used 717824K [0x00000008d5580000, 0x0000000922280000, 0x0000000d00000000)
  eden space 717824K, 100% used [0x00000008d5580000,0x0000000901280000,0x0000000901280000)
  from space 223744K, 0% used [0x0000000910600000,0x0000000910600000,0x000000091e080000)
  to   space 249344K, 0% used [0x0000000901280000,0x0000000901280000,0x0000000910600000)
 ParOldGen       total 798720K, used 798267K [0x0000000080000000, 0x00000000b0c00000, 0x00000008d5580000)
  object space 798720K, 99% used [0x0000000080000000,0x00000000b0b8ef18,0x00000000b0c00000)
 Metaspace       used 6745K, capacity 6984K, committed 7168K, reserved 8192K
Event: 68.501 GC heap after
Heap after GC invocations=32 (full 16):
 PSYoungGen      total 941568K, used 558929K [0x00000008d5580000, 0x0000000922280000, 0x0000000d00000000)
  eden space 717824K, 77% used [0x00000008d5580000,0x00000008f77546f0,0x0000000901280000)
  from space 223744K, 0% used [0x0000000910600000,0x0000000910600000,0x000000091e080000)
  to   space 249344K, 0% used [0x0000000901280000,0x0000000901280000,0x0000000910600000)
 ParOldGen       total 798720K, used 798384K [0x0000000080000000, 0x00000000b0c00000, 0x00000008d5580000)
  object space 798720K, 99% used [0x0000000080000000,0x00000000b0bac3e8,0x00000000b0c00000)
 Metaspace       used 6745K, capacity 6984K, committed 7168K, reserved 8192K
}
Event: 70.297 GC heap before
{Heap before GC invocations=33 (full 17):
 PSYoungGen      total 941568K, used 717824K [0x00000008d5580000, 0x0000000922280000, 0x0000000d00000000)
  eden space 717824K, 100% used [0x00000008d5580000,0x0000000901280000,0x0000000901280000)
  from space 223744K, 0% used [0x0000000910600000,0x0000000910600000,0x000000091e080000)
  to   space 249344K, 0% used [0x0000000901280000,0x0000000901280000,0x0000000910600000)
 ParOldGen       total 798720K, used 798384K [0x0000000080000000, 0x00000000b0c00000, 0x00000008d5580000)
  object space 798720K, 99% used [0x0000000080000000,0x00000000b0bac3e8,0x00000000b0c00000)
 Metaspace       used 7411K, capacity 7512K, committed 7680K, reserved 8192K
Event: 79.399 GC heap after
Heap after GC invocations=33 (full 17):
 PSYoungGen      total 941568K, used 294835K [0x00000008d5580000, 0x0000000922280000, 0x0000000d00000000)
  eden space 717824K, 41% used [0x00000008d5580000,0x00000008e756ce00,0x0000000901280000)
  from space 223744K, 0% used [0x0000000910600000,0x0000000910600000,0x000000091e080000)
  to   space 249344K, 0% used [0x0000000901280000,0x0000000901280000,0x0000000910600000)
 ParOldGen       total 798720K, used 798443K [0x0000000080000000, 0x00000000b0c00000, 0x00000008d5580000)
  object space 798720K, 99% used [0x0000000080000000,0x00000000b0bbace8,0x00000000b0c00000)
 Metaspace       used 7411K, capacity 7512K, committed 7680K, reserved 8192K
}

Deoptimization events (10 events):
Event: 70.105 Thread 0x000000002623b800 Uncommon trap: reason=class_check action=maybe_recompile pc=0x0000000003963cc0 method=java.io.FilterInputStream.read([B)I @ 5
Event: 70.106 Thread 0x000000002623b800 Uncommon trap: reason=class_check action=maybe_recompile pc=0x0000000003963cc0 method=java.io.FilterInputStream.read([B)I @ 5
Event: 70.113 Thread 0x000000002623b800 Uncommon trap: reason=unreached action=reinterpret pc=0x000000000370ca18 method=java.util.Arrays.copyOf([Ljava/lang/Object;ILjava/lang/Class;)[Ljava/lang/Object; @ 3
Event: 70.115 Thread 0x000000002623b800 Uncommon trap: reason=speculate_class_check action=maybe_recompile pc=0x000000000383e9d4 method=java.util.HashMap.putVal(ILjava/lang/Object;Ljava/lang/Object;ZZ)Ljava/lang/Object; @ 56
Event: 70.115 Thread 0x000000002623b800 Uncommon trap: reason=speculate_class_check action=maybe_recompile pc=0x000000000383ea0c method=java.util.HashMap.putVal(ILjava/lang/Object;Ljava/lang/Object;ZZ)Ljava/lang/Object; @ 152
Event: 70.115 Thread 0x000000002623b800 Uncommon trap: reason=speculate_class_check action=maybe_recompile pc=0x000000000383e9d4 method=java.util.HashMap.putVal(ILjava/lang/Object;Ljava/lang/Object;ZZ)Ljava/lang/Object; @ 56
Event: 70.115 Thread 0x000000002623b800 Uncommon trap: reason=speculate_class_check action=maybe_recompile pc=0x000000000383e9d4 method=java.util.HashMap.putVal(ILjava/lang/Object;Ljava/lang/Object;ZZ)Ljava/lang/Object; @ 56
Event: 70.115 Thread 0x000000002623b800 Uncommon trap: reason=class_check action=maybe_recompile pc=0x00000000041992e8 method=java.util.HashMap.putVal(ILjava/lang/Object;Ljava/lang/Object;ZZ)Ljava/lang/Object; @ 56
Event: 70.115 Thread 0x000000002623b800 Uncommon trap: reason=class_check action=maybe_recompile pc=0x00000000041992e8 method=java.util.HashMap.putVal(ILjava/lang/Object;Ljava/lang/Object;ZZ)Ljava/lang/Object; @ 56
Event: 81.525 Thread 0x0000000026b60000 Uncommon trap: reason=null_check action=make_not_entrant pc=0x0000000003d1eae4 method=java.util.HashMap$TreeNode.treeify([Ljava/util/HashMap$Node;)V @ 12

Internal exceptions (10 events):
Event: 69.181 Thread 0x000000002623b800 Exception <a 'java/security/PrivilegedActionException'> (0x00000008fb281ae8) thrown at [D:\re\workspace\8-2-build-windows-amd64-cygwin\jdk8u20\1074\hotspot\src\share\vm\prims\jvm.cpp, line 1275]
Event: 69.461 Thread 0x0000000026b60000 Implicit null exception at 0x0000000003dbef88 to 0x0000000003dbf5dd
Event: 69.708 Thread 0x000000002623b800 Exception <a 'java/security/PrivilegedActionException'> (0x00000008fe490af8) thrown at [D:\re\workspace\8-2-build-windows-amd64-cygwin\jdk8u20\1074\hotspot\src\share\vm\prims\jvm.cpp, line 1275]
Event: 69.710 Thread 0x000000002623b800 Exception <a 'java/security/PrivilegedActionException'> (0x00000008fe49cea0) thrown at [D:\re\workspace\8-2-build-windows-amd64-cygwin\jdk8u20\1074\hotspot\src\share\vm\prims\jvm.cpp, line 1275]
Event: 69.710 Thread 0x000000002623b800 Exception <a 'java/security/PrivilegedActionException'> (0x00000008fe4a00d0) thrown at [D:\re\workspace\8-2-build-windows-amd64-cygwin\jdk8u20\1074\hotspot\src\share\vm\prims\jvm.cpp, line 1275]
Event: 69.721 Thread 0x000000002623b800 Exception <a 'java/security/PrivilegedActionException'> (0x00000008fe516a18) thrown at [D:\re\workspace\8-2-build-windows-amd64-cygwin\jdk8u20\1074\hotspot\src\share\vm\prims\jvm.cpp, line 1275]
Event: 69.773 Thread 0x000000002623b800 Exception <a 'java/security/PrivilegedActionException'> (0x00000008fec9be18) thrown at [D:\re\workspace\8-2-build-windows-amd64-cygwin\jdk8u20\1074\hotspot\src\share\vm\prims\jvm.cpp, line 1275]
Event: 69.801 Thread 0x000000002623b800 Exception <a 'java/security/PrivilegedActionException'> (0x00000008feca2418) thrown at [D:\re\workspace\8-2-build-windows-amd64-cygwin\jdk8u20\1074\hotspot\src\share\vm\prims\jvm.cpp, line 1275]
Event: 70.096 Thread 0x000000002623b800 Exception <a 'java/security/PrivilegedActionException'> (0x00000008fecc4c80) thrown at [D:\re\workspace\8-2-build-windows-amd64-cygwin\jdk8u20\1074\hotspot\src\share\vm\prims\jvm.cpp, line 1275]
Event: 81.525 Thread 0x0000000026b60000 Implicit null exception at 0x0000000003d1e610 to 0x0000000003d1ead5

Events (10 events):
Event: 83.333 Thread 0x0000000026b60000 Thread exited: 0x0000000026b60000
Event: 83.345 loading class java/io/FileOutputStream$1
Event: 83.345 loading class java/io/FileOutputStream$1 done
Event: 83.373 Thread 0x0000000001c92800 Thread exited: 0x0000000001c92800
Event: 83.373 Thread 0x0000000001c92800 Thread added: 0x0000000001c92800
Event: 83.373 loading class java/lang/Shutdown
Event: 83.373 loading class java/lang/Shutdown done
Event: 83.373 loading class java/lang/Shutdown$Lock
Event: 83.373 loading class java/lang/Shutdown$Lock done
Event: 83.374 Thread 0x0000000001c92800 Thread exited: 0x0000000001c92800


Dynamic libraries:
0x00007ff608380000 - 0x00007ff6083b4000 	C:\Program Files\Java\jdk1.8.0_20\bin\java.exe
0x00007ffd3f9f0000 - 0x00007ffd3fbc1000 	C:\WINDOWS\SYSTEM32\ntdll.dll
0x00007ffd3ee50000 - 0x00007ffd3eefb000 	C:\WINDOWS\System32\KERNEL32.DLL
0x00007ffd3c940000 - 0x00007ffd3cb5d000 	C:\WINDOWS\System32\KERNELBASE.dll
0x00007ffd3d2d0000 - 0x00007ffd3d372000 	C:\WINDOWS\System32\ADVAPI32.dll
0x00007ffd3f8c0000 - 0x00007ffd3f95e000 	C:\WINDOWS\System32\msvcrt.dll
0x00007ffd3f990000 - 0x00007ffd3f9e9000 	C:\WINDOWS\System32\sechost.dll
0x00007ffd3f400000 - 0x00007ffd3f521000 	C:\WINDOWS\System32\RPCRT4.dll
0x00007ffd3d430000 - 0x00007ffd3d595000 	C:\WINDOWS\System32\USER32.dll
0x00007ffd3cd90000 - 0x00007ffd3cdae000 	C:\WINDOWS\System32\win32u.dll
0x00007ffd3d380000 - 0x00007ffd3d3b4000 	C:\WINDOWS\System32\GDI32.dll
0x00007ffd3bf30000 - 0x00007ffd3c0b2000 	C:\WINDOWS\System32\gdi32full.dll
0x00007ffd389f0000 - 0x00007ffd38c69000 	C:\WINDOWS\WinSxS\amd64_microsoft.windows.common-controls_6595b64144ccf1df_6.0.14393.0_none_2d0f50fcbdb171b8\COMCTL32.dll
0x00007ffd3f5d0000 - 0x00007ffd3f897000 	C:\WINDOWS\System32\combase.dll
0x00007ffd3c0c0000 - 0x00007ffd3c1b5000 	C:\WINDOWS\System32\ucrtbase.dll
0x00007ffd3ccc0000 - 0x00007ffd3cd2a000 	C:\WINDOWS\System32\bcryptPrimitives.dll
0x00007ffd3f960000 - 0x00007ffd3f98e000 	C:\WINDOWS\System32\IMM32.DLL
0x0000000077330000 - 0x0000000077402000 	C:\Program Files\Java\jdk1.8.0_20\jre\bin\msvcr100.dll
0x0000000076ad0000 - 0x0000000077328000 	C:\Program Files\Java\jdk1.8.0_20\jre\bin\server\jvm.dll
0x00007ffd3ef60000 - 0x00007ffd3ef68000 	C:\WINDOWS\System32\PSAPI.DLL
0x00007ffd3a390000 - 0x00007ffd3a3b3000 	C:\WINDOWS\SYSTEM32\WINMM.dll
0x00007ffd2fef0000 - 0x00007ffd2fef9000 	C:\WINDOWS\SYSTEM32\WSOCK32.dll
0x00007ffd3a330000 - 0x00007ffd3a35b000 	C:\WINDOWS\SYSTEM32\WINMMBASE.dll
0x00007ffd3d3c0000 - 0x00007ffd3d42a000 	C:\WINDOWS\System32\WS2_32.dll
0x00007ffd3bee0000 - 0x00007ffd3bf22000 	C:\WINDOWS\System32\cfgmgr32.dll
0x0000000050010000 - 0x000000005001f000 	C:\Program Files\Java\jdk1.8.0_20\jre\bin\verify.dll
0x0000000077fd0000 - 0x0000000077ff8000 	C:\Program Files\Java\jdk1.8.0_20\jre\bin\java.dll
0x0000000077fb0000 - 0x0000000077fc6000 	C:\Program Files\Java\jdk1.8.0_20\jre\bin\zip.dll
0x00007ffd3d6e0000 - 0x00007ffd3ebe8000 	C:\WINDOWS\System32\SHELL32.dll
0x00007ffd3c1c0000 - 0x00007ffd3c89a000 	C:\WINDOWS\System32\windows.storage.dll
0x00007ffd3be80000 - 0x00007ffd3becc000 	C:\WINDOWS\System32\powrprof.dll
0x00007ffd3ef00000 - 0x00007ffd3ef52000 	C:\WINDOWS\System32\shlwapi.dll
0x00007ffd3bed0000 - 0x00007ffd3bedf000 	C:\WINDOWS\System32\kernel.appcore.dll
0x00007ffd3cb60000 - 0x00007ffd3cc09000 	C:\WINDOWS\System32\shcore.dll
0x00007ffd3be50000 - 0x00007ffd3be64000 	C:\WINDOWS\System32\profapi.dll
0x00007ffd2d520000 - 0x00007ffd2d6b2000 	C:\WINDOWS\SYSTEM32\dbghelp.dll

VM Arguments:
jvm_args: -Djava.awt.headless=true -Xmx50g -Dfile.encoding=windows-1251 -Duser.country=RU -Duser.language=ru -Duser.variant 
java_command: com.android.dx.command.Main --dex --num-threads=4 --multi-dex --main-dex-list C:\Users\User\Documents\GitHub\iCRM\iCRM\app\build\intermediates\multi-dex\debug\maindexlist.txt --output C:\Users\User\Documents\GitHub\iCRM\iCRM\app\build\intermediates\transforms\dex\debug\folders\1000\1f\main C:\Users\User\Documents\GitHub\iCRM\iCRM\app\build\intermediates\transforms\jarMerging\debug\jars\1\1f\combined.jar
java_class_path (initial): C:\Users\User\AppData\Local\Android\sdk\build-tools\23.0.3\lib\dx.jar
Launcher Type: SUN_STANDARD

Environment Variables:
PATH=C:\ProgramData\Oracle\Java\javapath;C:\Program Files\Broadcom\Broadcom 802.11 Network Adapter;C:\Program Files (x86)\NVIDIA Corporation\PhysX\Common;C:\Program Files (x86)\Intel\iCLS Client\;C:\Program Files\Intel\iCLS Client\;C:\Windows\system32;C:\Windows;C:\Windows\System32\Wbem;C:\Windows\System32\WindowsPowerShell\v1.0\;C:\Program Files\Intel\Intel(R) Management Engine Components\DAL;C:\Program Files\Intel\Intel(R) Management Engine Components\IPT;C:\Program Files (x86)\Intel\Intel(R) Management Engine Components\DAL;C:\Program Files (x86)\Intel\Intel(R) Management Engine Components\IPT;C:\Program Files\WIDCOMM\Bluetooth Software\;C:\Program Files\WIDCOMM\Bluetooth Software\syswow64;C:\Program Files\Acer\Remote Files\;C:\Program Files (x86)\Skype\Phone\;C:\Program Files\OpenVPN\bin;C:\WINDOWS\system32;C:\WINDOWS;C:\WINDOWS\System32\Wbem;C:\WINDOWS\System32\WindowsPowerShell\v1.0\;C:\Users\User\AppData\Local\Microsoft\WindowsApps;
USERNAME=User
OS=Windows_NT
PROCESSOR_IDENTIFIER=Intel64 Family 6 Model 69 Stepping 1, GenuineIntel



---------------  S Y S T E M  ---------------

OS: Windows 8.1 , 64 bit Build 9600 

CPU:total 4 (2 cores per cpu, 2 threads per core) family 6 model 69 stepping 1, cmov, cx8, fxsr, mmx, sse, sse2, sse3, ssse3, sse4.1, sse4.2, popcnt, avx, avx2, aes, clmul, erms, lzcnt, ht, tsc, tscinvbit, bmi1, bmi2

Memory: 4k page, physical 8310040k(1336392k free), swap 12404568k(65180k free)

vm_info: Java HotSpot(TM) 64-Bit Server VM (25.20-b23) for windows-amd64 JRE (1.8.0_20-b26), built on Jul 30 2014 13:51:23 by "java_re" with MS VC++ 10.0 (VS2010)

time: Tue Oct 18 20:24:30 2016
elapsed time: 83 seconds (0d 0h 1m 23s)

