#
# There is insufficient memory for the Java Runtime Environment to continue.
# Native memory allocation (malloc) failed to allocate 32744 bytes for ChunkPool::allocate
# Possible reasons:
#   The system is out of physical RAM or swap space
#   In 32 bit mode, the process size limit was hit
# Possible solutions:
#   Reduce memory load on the system
#   Increase physical memory or swap space
#   Check if swap backing store is full
#   Use 64 bit Java on a 64 bit OS
#   Decrease Java heap size (-Xmx/-Xms)
#   Decrease number of Java threads
#   Decrease Java thread stack sizes (-Xss)
#   Set larger code cache with -XX:ReservedCodeCacheSize=
# This output file may be truncated or incomplete.
#
#  Out of Memory Error (allocation.cpp:273), pid=7284, tid=12068
#
# JRE version: Java(TM) SE Runtime Environment (8.0_20-b26) (build 1.8.0_20-b26)
# Java VM: Java HotSpot(TM) 64-Bit Server VM (25.20-b23 mixed mode windows-amd64 )
# Failed to write core dump. Minidumps are not enabled by default on client versions of Windows
#

---------------  T H R E A D  ---------------

Current thread (0x0000000023f4c000):  JavaThread "C2 CompilerThread0" daemon [_thread_in_native, id=12068, stack(0x00000000254b0000,0x00000000255b0000)]

Stack: [0x00000000254b0000,0x00000000255b0000]
Native frames: (J=compiled Java code, j=interpreted, Vv=VM code, C=native code)
V  [jvm.dll+0x3152fa]
V  [jvm.dll+0x265d03]
V  [jvm.dll+0x266943]
V  [jvm.dll+0x25e265]
V  [jvm.dll+0xbdfb1]
V  [jvm.dll+0xbe6fc]
V  [jvm.dll+0xbe9a4]
V  [jvm.dll+0x4e4e30]
V  [jvm.dll+0x49a06a]
V  [jvm.dll+0x49a313]
V  [jvm.dll+0x49bbb9]
V  [jvm.dll+0x49da9f]
V  [jvm.dll+0x4515a4]
V  [jvm.dll+0x452634]
V  [jvm.dll+0x435fc2]
V  [jvm.dll+0x97b62]
V  [jvm.dll+0x98353]
V  [jvm.dll+0x22aac4]
V  [jvm.dll+0x283f5a]
C  [msvcr100.dll+0x21d9f]
C  [msvcr100.dll+0x21e3b]
C  [KERNEL32.DLL+0x8364]
C  [ntdll.dll+0x65e91]


Current CompileTask:
C2:  32774 3015       4       com.android.dx.dex.code.OutputCollector::appendSuffixToOutput (45 bytes)


---------------  P R O C E S S  ---------------

Java Threads: ( => current thread )
  0x000000002606b000 JavaThread "pool-2-thread-4" [_thread_blocked, id=10652, stack(0x0000000027980000,0x0000000027a80000)]
  0x000000002659e800 JavaThread "pool-2-thread-3" [_thread_in_Java, id=10760, stack(0x0000000027880000,0x0000000027980000)]
  0x000000002659d800 JavaThread "pool-2-thread-2" [_thread_blocked, id=5816, stack(0x0000000027780000,0x0000000027880000)]
  0x0000000026480800 JavaThread "pool-3-thread-1" [_thread_blocked, id=9504, stack(0x0000000027680000,0x0000000027780000)]
  0x0000000025ec1000 JavaThread "pool-2-thread-1" [_thread_in_Java, id=5864, stack(0x0000000027580000,0x0000000027680000)]
  0x00000000257df000 JavaThread "Service Thread" daemon [_thread_blocked, id=11804, stack(0x0000000025bb0000,0x0000000025cb0000)]
  0x0000000023f55000 JavaThread "C1 CompilerThread2" daemon [_thread_blocked, id=8536, stack(0x00000000256b0000,0x00000000257b0000)]
  0x0000000023f4e800 JavaThread "C2 CompilerThread1" daemon [_thread_in_native, id=3280, stack(0x00000000255b0000,0x00000000256b0000)]
=>0x0000000023f4c000 JavaThread "C2 CompilerThread0" daemon [_thread_in_native, id=12068, stack(0x00000000254b0000,0x00000000255b0000)]
  0x0000000023f4a800 JavaThread "Attach Listener" daemon [_thread_blocked, id=7292, stack(0x00000000253b0000,0x00000000254b0000)]
  0x0000000023f49800 JavaThread "Signal Dispatcher" daemon [_thread_blocked, id=76, stack(0x00000000252b0000,0x00000000253b0000)]
  0x0000000001a16000 JavaThread "Finalizer" daemon [_thread_blocked, id=9344, stack(0x00000000251b0000,0x00000000252b0000)]
  0x0000000001a0d000 JavaThread "Reference Handler" daemon [_thread_blocked, id=7744, stack(0x00000000250b0000,0x00000000251b0000)]
  0x0000000001922800 JavaThread "main" [_thread_in_native, id=9708, stack(0x0000000001780000,0x0000000001880000)]

Other Threads:
  0x0000000023f15800 VMThread [stack: 0x0000000024fb0000,0x00000000250b0000] [id=12048]
  0x00000000257e2000 WatcherThread [stack: 0x0000000025cb0000,0x0000000025db0000] [id=4528]

VM state:not at safepoint (normal execution)

VM Mutex/Monitor currently owned by a thread: None

Heap:
 PSYoungGen      total 961536K, used 581709K [0x00000008d5580000, 0x0000000922600000, 0x0000000d00000000)
  eden space 700416K, 57% used [0x00000008d5580000,0x00000008ee00c1e8,0x0000000900180000)
  from space 261120K, 68% used [0x0000000910c80000,0x000000091ba075e0,0x0000000920b80000)
  to   space 273408K, 0% used [0x0000000900180000,0x0000000900180000,0x0000000910c80000)
 ParOldGen       total 1146368K, used 892632K [0x0000000080000000, 0x00000000c5f80000, 0x00000008d5580000)
  object space 1146368K, 77% used [0x0000000080000000,0x00000000b67b63b8,0x00000000c5f80000)
 Metaspace       used 6595K, capacity 6920K, committed 7168K, reserved 8192K

Card table byte_map: [0x0000000012400000,0x0000000018810000] byte_map_base: 0x0000000012000000

Marking Bits: (ParMarkBitMap*) 0x0000000053c3b460
 Begin Bits: [0x0000000d00000000, 0x0000000d32000000)
 End Bits:   [0x0000000d32000000, 0x0000000d64000000)

Polling page: 0x0000000000ff0000

CodeCache: size=245760Kb used=12186Kb max_used=14595Kb free=233573Kb
 bounds [0x0000000003400000, 0x0000000004260000, 0x0000000012400000]
 total_blobs=2794 nmethods=2528 adapters=179
 compilation: enabled

Compilation events (10 events):
Event: 32.621 Thread 0x0000000023f55000 3011       3       com.android.dx.rop.code.Rops::opGetStatic (97 bytes)
Event: 32.622 Thread 0x0000000023f55000 nmethod 3011 0x00000000036f8010 code [0x00000000036f8240, 0x00000000036f8e38]
Event: 32.627 Thread 0x0000000023f4c000 3012       4       com.android.dx.rop.cst.CstInterfaceMethodRef::toMethodRef (31 bytes)
Event: 32.630 Thread 0x0000000023f4c000 nmethod 3012 0x000000000361e710 code [0x000000000361e860, 0x000000000361ea28]
Event: 32.643 Thread 0x0000000023f55000 3013       3       com.android.dx.rop.type.Type::getArrayType (50 bytes)
Event: 32.643 Thread 0x0000000023f4e800 3014       4       com.android.dx.rop.cst.CstKnownNull::equals (5 bytes)
Event: 32.643 Thread 0x0000000023f4e800 nmethod 3014 0x0000000003ddcbd0 code [0x0000000003ddcd00, 0x0000000003ddcd78]
Event: 32.643 Thread 0x0000000023f55000 nmethod 3013 0x00000000037749d0 code [0x0000000003774bc0, 0x0000000003775628]
Event: 32.656 Thread 0x0000000023f4c000 3015       4       com.android.dx.dex.code.OutputCollector::appendSuffixToOutput (45 bytes)
Event: 32.658 Thread 0x0000000023f4e800 3016       4       com.android.dx.ssa.ConstCollector::run (236 bytes)

GC Heap History (10 events):
Event: 25.230 GC heap before
{Heap before GC invocations=23 (full 4):
 PSYoungGen      total 747520K, used 747493K [0x00000008d5580000, 0x0000000911f00000, 0x0000000d00000000)
  eden space 583168K, 100% used [0x00000008d5580000,0x00000008f8f00000,0x00000008f8f00000)
  from space 164352K, 99% used [0x0000000904c00000,0x000000090ec797a0,0x000000090ec80000)
  to   space 193536K, 0% used [0x00000008f8f00000,0x00000008f8f00000,0x0000000904c00000)
 ParOldGen       total 798208K, used 520099K [0x0000000080000000, 0x00000000b0b80000, 0x00000008d5580000)
  object space 798208K, 65% used [0x0000000080000000,0x000000009fbe8e58,0x00000000b0b80000)
 Metaspace       used 6594K, capacity 6920K, committed 7168K, reserved 8192K
Event: 25.664 GC heap after
Heap after GC invocations=23 (full 4):
 PSYoungGen      total 776704K, used 92879K [0x00000008d5580000, 0x0000000914c80000, 0x0000000d00000000)
  eden space 583168K, 0% used [0x00000008d5580000,0x00000008d5580000,0x00000008f8f00000)
  from space 193536K, 47% used [0x00000008f8f00000,0x00000008fe9b3fe0,0x0000000904c00000)
  to   space 188928K, 0% used [0x0000000909400000,0x0000000909400000,0x0000000914c80000)
 ParOldGen       total 798208K, used 685741K [0x0000000080000000, 0x00000000b0b80000, 0x00000008d5580000)
  object space 798208K, 85% used [0x0000000080000000,0x00000000a9dab7b0,0x00000000b0b80000)
 Metaspace       used 6594K, capacity 6920K, committed 7168K, reserved 8192K
}
Event: 25.664 GC heap before
{Heap before GC invocations=24 (full 5):
 PSYoungGen      total 776704K, used 92879K [0x00000008d5580000, 0x0000000914c80000, 0x0000000d00000000)
  eden space 583168K, 0% used [0x00000008d5580000,0x00000008d5580000,0x00000008f8f00000)
  from space 193536K, 47% used [0x00000008f8f00000,0x00000008fe9b3fe0,0x0000000904c00000)
  to   space 188928K, 0% used [0x0000000909400000,0x0000000909400000,0x0000000914c80000)
 ParOldGen       total 798208K, used 685741K [0x0000000080000000, 0x00000000b0b80000, 0x00000008d5580000)
  object space 798208K, 85% used [0x0000000080000000,0x00000000a9dab7b0,0x00000000b0b80000)
 Metaspace       used 6594K, capacity 6920K, committed 7168K, reserved 8192K
Event: 27.682 GC heap after
Heap after GC invocations=24 (full 5):
 PSYoungGen      total 776704K, used 0K [0x00000008d5580000, 0x0000000914c80000, 0x0000000d00000000)
  eden space 583168K, 0% used [0x00000008d5580000,0x00000008d5580000,0x00000008f8f00000)
  from space 193536K, 0% used [0x00000008f8f00000,0x00000008f8f00000,0x0000000904c00000)
  to   space 188928K, 0% used [0x0000000909400000,0x0000000909400000,0x0000000914c80000)
 ParOldGen       total 1146368K, used 770708K [0x0000000080000000, 0x00000000c5f80000, 0x00000008d5580000)
  object space 1146368K, 67% used [0x0000000080000000,0x00000000af0a5128,0x00000000c5f80000)
 Metaspace       used 6594K, capacity 6920K, committed 7168K, reserved 8192K
}
Event: 28.760 GC heap before
{Heap before GC invocations=25 (full 5):
 PSYoungGen      total 776704K, used 583168K [0x00000008d5580000, 0x0000000914c80000, 0x0000000d00000000)
  eden space 583168K, 100% used [0x00000008d5580000,0x00000008f8f00000,0x00000008f8f00000)
  from space 193536K, 0% used [0x00000008f8f00000,0x00000008f8f00000,0x0000000904c00000)
  to   space 188928K, 0% used [0x0000000909400000,0x0000000909400000,0x0000000914c80000)
 ParOldGen       total 1146368K, used 770708K [0x0000000080000000, 0x00000000c5f80000, 0x00000008d5580000)
  object space 1146368K, 67% used [0x0000000080000000,0x00000000af0a5128,0x00000000c5f80000)
 Metaspace       used 6595K, capacity 6920K, committed 7168K, reserved 8192K
Event: 28.864 GC heap after
Heap after GC invocations=25 (full 5):
 PSYoungGen      total 830976K, used 159638K [0x00000008d5580000, 0x0000000916400000, 0x0000000d00000000)
  eden space 642048K, 0% used [0x00000008d5580000,0x00000008d5580000,0x00000008fc880000)
  from space 188928K, 84% used [0x0000000909400000,0x0000000912fe5a30,0x0000000914c80000)
  to   space 208384K, 0% used [0x00000008fc880000,0x00000008fc880000,0x0000000909400000)
 ParOldGen       total 1146368K, used 770708K [0x0000000080000000, 0x00000000c5f80000, 0x00000008d5580000)
  object space 1146368K, 67% used [0x0000000080000000,0x00000000af0a5128,0x00000000c5f80000)
 Metaspace       used 6595K, capacity 6920K, committed 7168K, reserved 8192K
}
Event: 30.195 GC heap before
{Heap before GC invocations=26 (full 5):
 PSYoungGen      total 830976K, used 801686K [0x00000008d5580000, 0x0000000916400000, 0x0000000d00000000)
  eden space 642048K, 100% used [0x00000008d5580000,0x00000008fc880000,0x00000008fc880000)
  from space 188928K, 84% used [0x0000000909400000,0x0000000912fe5a30,0x0000000914c80000)
  to   space 208384K, 0% used [0x00000008fc880000,0x00000008fc880000,0x0000000909400000)
 ParOldGen       total 1146368K, used 770708K [0x0000000080000000, 0x00000000c5f80000, 0x00000008d5580000)
  object space 1146368K, 67% used [0x0000000080000000,0x00000000af0a5128,0x00000000c5f80000)
 Metaspace       used 6595K, capacity 6920K, committed 7168K, reserved 8192K
Event: 30.363 GC heap after
Heap after GC invocations=26 (full 5):
 PSYoungGen      total 850432K, used 208360K [0x00000008d5580000, 0x0000000920b80000, 0x0000000d00000000)
  eden space 642048K, 0% used [0x00000008d5580000,0x00000008d5580000,0x00000008fc880000)
  from space 208384K, 99% used [0x00000008fc880000,0x00000009093fa048,0x0000000909400000)
  to   space 261120K, 0% used [0x0000000910c80000,0x0000000910c80000,0x0000000920b80000)
 ParOldGen       total 1146368K, used 822643K [0x0000000080000000, 0x00000000c5f80000, 0x00000008d5580000)
  object space 1146368K, 71% used [0x0000000080000000,0x00000000b235ced8,0x00000000c5f80000)
 Metaspace       used 6595K, capacity 6920K, committed 7168K, reserved 8192K
}
Event: 31.959 GC heap before
{Heap before GC invocations=27 (full 5):
 PSYoungGen      total 850432K, used 850408K [0x00000008d5580000, 0x0000000920b80000, 0x0000000d00000000)
  eden space 642048K, 100% used [0x00000008d5580000,0x00000008fc880000,0x00000008fc880000)
  from space 208384K, 99% used [0x00000008fc880000,0x00000009093fa048,0x0000000909400000)
  to   space 261120K, 0% used [0x0000000910c80000,0x0000000910c80000,0x0000000920b80000)
 ParOldGen       total 1146368K, used 822643K [0x0000000080000000, 0x00000000c5f80000, 0x00000008d5580000)
  object space 1146368K, 71% used [0x0000000080000000,0x00000000b235ced8,0x00000000c5f80000)
 Metaspace       used 6595K, capacity 6920K, committed 7168K, reserved 8192K
Event: 32.191 GC heap after
Heap after GC invocations=27 (full 5):
 PSYoungGen      total 961536K, used 177693K [0x00000008d5580000, 0x0000000922600000, 0x0000000d00000000)
  eden space 700416K, 0% used [0x00000008d5580000,0x00000008d5580000,0x0000000900180000)
  from space 261120K, 68% used [0x0000000910c80000,0x000000091ba075e0,0x0000000920b80000)
  to   space 273408K, 0% used [0x0000000900180000,0x0000000900180000,0x0000000910c80000)
 ParOldGen       total 1146368K, used 892632K [0x0000000080000000, 0x00000000c5f80000, 0x00000008d5580000)
  object space 1146368K, 77% used [0x0000000080000000,0x00000000b67b63b8,0x00000000c5f80000)
 Metaspace       used 6595K, capacity 6920K, committed 7168K, reserved 8192K
}

Deoptimization events (10 events):
Event: 29.002 Thread 0x000000002659d800 Uncommon trap: reason=predicate action=maybe_recompile pc=0x0000000003eef5c4 method=com.android.dx.ssa.back.InterferenceGraph.<init>(I)V @ 23
Event: 29.063 Thread 0x0000000001922800 Uncommon trap: reason=class_check action=maybe_recompile pc=0x0000000003dd6800 method=com.android.dx.ssa.back.InterferenceGraph.mergeInterferenceSet(ILcom/android/dx/util/IntSet;)V @ 20
Event: 29.063 Thread 0x0000000001922800 Uncommon trap: reason=class_check action=maybe_recompile pc=0x000000000400e520 method=com.android.dx.util.BitIntSet.merge(Lcom/android/dx/util/IntSet;)V @ 1
Event: 29.064 Thread 0x0000000001922800 Uncommon trap: reason=class_check action=maybe_recompile pc=0x0000000003dd6800 method=com.android.dx.ssa.back.InterferenceGraph.mergeInterferenceSet(ILcom/android/dx/util/IntSet;)V @ 20
Event: 29.064 Thread 0x0000000001922800 Uncommon trap: reason=class_check action=maybe_recompile pc=0x000000000400e520 method=com.android.dx.util.BitIntSet.merge(Lcom/android/dx/util/IntSet;)V @ 1
Event: 29.064 Thread 0x0000000001922800 Uncommon trap: reason=class_check action=maybe_recompile pc=0x0000000003dd6800 method=com.android.dx.ssa.back.InterferenceGraph.mergeInterferenceSet(ILcom/android/dx/util/IntSet;)V @ 20
Event: 29.064 Thread 0x0000000001922800 Uncommon trap: reason=class_check action=maybe_recompile pc=0x000000000400e520 method=com.android.dx.util.BitIntSet.merge(Lcom/android/dx/util/IntSet;)V @ 1
Event: 29.070 Thread 0x0000000001922800 Uncommon trap: reason=class_check action=maybe_recompile pc=0x0000000003dd6800 method=com.android.dx.ssa.back.InterferenceGraph.mergeInterferenceSet(ILcom/android/dx/util/IntSet;)V @ 20
Event: 29.070 Thread 0x0000000001922800 Uncommon trap: reason=class_check action=maybe_recompile pc=0x000000000400e520 method=com.android.dx.util.BitIntSet.merge(Lcom/android/dx/util/IntSet;)V @ 1
Event: 32.637 Thread 0x0000000001922800 Uncommon trap: reason=null_check action=make_not_entrant pc=0x000000000401f4d0 method=com.android.dx.rop.cst.CstKnownNull.equals(Ljava/lang/Object;)Z @ 1

Internal exceptions (10 events):
Event: 5.498 Thread 0x000000002606b000 Implicit null exception at 0x0000000003c6acec to 0x0000000003c729a9
Event: 10.049 Thread 0x000000002606b000 Exception <a 'java/security/PrivilegedActionException'> (0x00000008d6a98600) thrown at [D:\re\workspace\8-2-build-windows-amd64-cygwin\jdk8u20\1074\hotspot\src\share\vm\prims\jvm.cpp, line 1275]
Event: 10.732 Thread 0x0000000001922800 Exception <a 'java/security/PrivilegedActionException'> (0x00000008e2cef0a8) thrown at [D:\re\workspace\8-2-build-windows-amd64-cygwin\jdk8u20\1074\hotspot\src\share\vm\prims\jvm.cpp, line 1275]
Event: 10.737 Thread 0x0000000001922800 Implicit null exception at 0x00000000035ba8d0 to 0x00000000035bb44d
Event: 12.402 Thread 0x0000000001922800 Implicit null exception at 0x0000000003eb3cdd to 0x0000000003eb4a81
Event: 15.764 Thread 0x0000000001922800 Exception <a 'java/security/PrivilegedActionException'> (0x00000008eec44030) thrown at [D:\re\workspace\8-2-build-windows-amd64-cygwin\jdk8u20\1074\hotspot\src\share\vm\prims\jvm.cpp, line 1275]
Event: 16.957 Thread 0x000000002659d800 Exception <a 'java/security/PrivilegedActionException'> (0x00000008e1ca7a68) thrown at [D:\re\workspace\8-2-build-windows-amd64-cygwin\jdk8u20\1074\hotspot\src\share\vm\prims\jvm.cpp, line 1275]
Event: 24.041 Thread 0x000000002659e800 Exception <a 'java/security/PrivilegedActionException'> (0x00000008ded85318) thrown at [D:\re\workspace\8-2-build-windows-amd64-cygwin\jdk8u20\1074\hotspot\src\share\vm\prims\jvm.cpp, line 1275]
Event: 24.056 Thread 0x000000002659e800 Exception <a 'java/security/PrivilegedActionException'> (0x00000008dee1a840) thrown at [D:\re\workspace\8-2-build-windows-amd64-cygwin\jdk8u20\1074\hotspot\src\share\vm\prims\jvm.cpp, line 1275]
Event: 32.637 Thread 0x0000000001922800 Implicit null exception at 0x000000000401f49c to 0x000000000401f4c4

Events (10 events):
Event: 32.503 Thread 0x0000000023f4c000 flushing nmethod 0x0000000003bbc210
Event: 32.503 Thread 0x0000000023f4c000 flushing nmethod 0x0000000003bcb6d0
Event: 32.503 Thread 0x0000000023f4c000 flushing nmethod 0x0000000003c16290
Event: 32.512 Thread 0x0000000023f55000 flushing nmethod 0x0000000003c3df50
Event: 32.513 Thread 0x0000000023f55000 flushing nmethod 0x0000000003c68350
Event: 32.513 Thread 0x0000000023f55000 flushing nmethod 0x0000000003ccd310
Event: 32.513 Thread 0x0000000023f55000 flushing nmethod 0x0000000003cd0590
Event: 32.637 Thread 0x0000000001922800 Uncommon trap: trap_request=0xfffffff4 fr.pc=0x000000000401f4d0
Event: 32.637 Thread 0x0000000001922800 DEOPT PACKING pc=0x000000000401f4d0 sp=0x000000000187e680
Event: 32.637 Thread 0x0000000001922800 DEOPT UNPACKING pc=0x000000000344556a sp=0x000000000187e608 mode 2


Dynamic libraries:
0x00007ff61d090000 - 0x00007ff61d0c4000 	C:\Program Files\Java\jdk1.8.0_20\bin\java.exe
0x00007ff9b0c20000 - 0x00007ff9b0df1000 	C:\WINDOWS\SYSTEM32\ntdll.dll
0x00007ff9b0060000 - 0x00007ff9b010b000 	C:\WINDOWS\System32\KERNEL32.DLL
0x00007ff9adb20000 - 0x00007ff9add3d000 	C:\WINDOWS\System32\KERNELBASE.dll
0x00007ff9b0210000 - 0x00007ff9b02b2000 	C:\WINDOWS\System32\ADVAPI32.dll
0x00007ff9affc0000 - 0x00007ff9b005e000 	C:\WINDOWS\System32\msvcrt.dll
0x00007ff9b0bc0000 - 0x00007ff9b0c19000 	C:\WINDOWS\System32\sechost.dll
0x00007ff9b0970000 - 0x00007ff9b0a91000 	C:\WINDOWS\System32\RPCRT4.dll
0x00007ff9b07f0000 - 0x00007ff9b0955000 	C:\WINDOWS\System32\USER32.dll
0x00007ff9ad300000 - 0x00007ff9ad31e000 	C:\WINDOWS\System32\win32u.dll
0x00007ff9b02c0000 - 0x00007ff9b02f4000 	C:\WINDOWS\System32\GDI32.dll
0x00007ff9adda0000 - 0x00007ff9adf22000 	C:\WINDOWS\System32\gdi32full.dll
0x00007ff9a7ae0000 - 0x00007ff9a7d5a000 	C:\WINDOWS\WinSxS\amd64_microsoft.windows.common-controls_6595b64144ccf1df_6.0.14393.351_none_4213128bc687e6d3\COMCTL32.dll
0x00007ff9b03c0000 - 0x00007ff9b0687000 	C:\WINDOWS\System32\combase.dll
0x00007ff9ad1b0000 - 0x00007ff9ad2a5000 	C:\WINDOWS\System32\ucrtbase.dll
0x00007ff9ad320000 - 0x00007ff9ad38a000 	C:\WINDOWS\System32\bcryptPrimitives.dll
0x00007ff9ae370000 - 0x00007ff9ae39e000 	C:\WINDOWS\System32\IMM32.DLL
0x0000000054c10000 - 0x0000000054ce2000 	C:\Program Files\Java\jdk1.8.0_20\jre\bin\msvcr100.dll
0x0000000053460000 - 0x0000000053cb8000 	C:\Program Files\Java\jdk1.8.0_20\jre\bin\server\jvm.dll
0x00007ff9b0960000 - 0x00007ff9b0968000 	C:\WINDOWS\System32\PSAPI.DLL
0x00007ff9ab2a0000 - 0x00007ff9ab2c3000 	C:\WINDOWS\SYSTEM32\WINMM.dll
0x00007ff9a2eb0000 - 0x00007ff9a2eb9000 	C:\WINDOWS\SYSTEM32\WSOCK32.dll
0x00007ff9aea40000 - 0x00007ff9aeaaa000 	C:\WINDOWS\System32\WS2_32.dll
0x00007ff9ab270000 - 0x00007ff9ab29b000 	C:\WINDOWS\SYSTEM32\WINMMBASE.dll
0x00007ff9ad2b0000 - 0x00007ff9ad2f2000 	C:\WINDOWS\System32\cfgmgr32.dll
0x0000000055090000 - 0x000000005509f000 	C:\Program Files\Java\jdk1.8.0_20\jre\bin\verify.dll
0x0000000055060000 - 0x0000000055088000 	C:\Program Files\Java\jdk1.8.0_20\jre\bin\java.dll
0x0000000055040000 - 0x0000000055056000 	C:\Program Files\Java\jdk1.8.0_20\jre\bin\zip.dll
0x00007ff9aeab0000 - 0x00007ff9affb9000 	C:\WINDOWS\System32\SHELL32.dll
0x00007ff9ad440000 - 0x00007ff9adb1a000 	C:\WINDOWS\System32\windows.storage.dll
0x00007ff9ad0b0000 - 0x00007ff9ad0fc000 	C:\WINDOWS\System32\powrprof.dll
0x00007ff9ae970000 - 0x00007ff9ae9c2000 	C:\WINDOWS\System32\shlwapi.dll
0x00007ff9ad0a0000 - 0x00007ff9ad0af000 	C:\WINDOWS\System32\kernel.appcore.dll
0x00007ff9adf30000 - 0x00007ff9adfd9000 	C:\WINDOWS\System32\shcore.dll
0x00007ff9ad080000 - 0x00007ff9ad094000 	C:\WINDOWS\System32\profapi.dll
0x00007ff9a64b0000 - 0x00007ff9a6642000 	C:\WINDOWS\SYSTEM32\dbghelp.dll

VM Arguments:
jvm_args: -Djava.awt.headless=true -Xmx50g -Dfile.encoding=windows-1251 -Duser.country=RU -Duser.language=ru -Duser.variant 
java_command: com.android.dx.command.Main --dex --num-threads=4 --multi-dex --main-dex-list C:\Users\User\Documents\GitHub\iCRM\iCRM\app\build\intermediates\multi-dex\debug\maindexlist.txt --output C:\Users\User\Documents\GitHub\iCRM\iCRM\app\build\intermediates\transforms\dex\debug\folders\1000\1f\main C:\Users\User\Documents\GitHub\iCRM\iCRM\app\build\intermediates\transforms\jarMerging\debug\jars\1\1f\combined.jar
java_class_path (initial): C:\Users\User\AppData\Local\Android\sdk\build-tools\23.0.3\lib\dx.jar
Launcher Type: SUN_STANDARD

Environment Variables:
PATH=C:\ProgramData\Oracle\Java\javapath;C:\Program Files\Broadcom\Broadcom 802.11 Network Adapter;C:\Program Files (x86)\NVIDIA Corporation\PhysX\Common;C:\Program Files (x86)\Intel\iCLS Client\;C:\Program Files\Intel\iCLS Client\;C:\Windows\system32;C:\Windows;C:\Windows\System32\Wbem;C:\Windows\System32\WindowsPowerShell\v1.0\;C:\Program Files\Intel\Intel(R) Management Engine Components\DAL;C:\Program Files\Intel\Intel(R) Management Engine Components\IPT;C:\Program Files (x86)\Intel\Intel(R) Management Engine Components\DAL;C:\Program Files (x86)\Intel\Intel(R) Management Engine Components\IPT;C:\Program Files\WIDCOMM\Bluetooth Software\;C:\Program Files\WIDCOMM\Bluetooth Software\syswow64;C:\Program Files\Acer\Remote Files\;C:\Program Files (x86)\Skype\Phone\;C:\Program Files\OpenVPN\bin;C:\WINDOWS\system32;C:\WINDOWS;C:\WINDOWS\System32\Wbem;C:\WINDOWS\System32\WindowsPowerShell\v1.0\;C:\Users\User\AppData\Local\Microsoft\WindowsApps;
USERNAME=User
OS=Windows_NT
PROCESSOR_IDENTIFIER=Intel64 Family 6 Model 69 Stepping 1, GenuineIntel



---------------  S Y S T E M  ---------------

OS: Windows 8.1 , 64 bit Build 9600 

CPU:total 4 (2 cores per cpu, 2 threads per core) family 6 model 69 stepping 1, cmov, cx8, fxsr, mmx, sse, sse2, sse3, ssse3, sse4.1, sse4.2, popcnt, avx, avx2, aes, clmul, erms, lzcnt, ht, tsc, tscinvbit, bmi1, bmi2

Memory: 4k page, physical 8310040k(1045296k free), swap 12406040k(532k free)

vm_info: Java HotSpot(TM) 64-Bit Server VM (25.20-b23) for windows-amd64 JRE (1.8.0_20-b26), built on Jul 30 2014 13:51:23 by "java_re" with MS VC++ 10.0 (VS2010)

time: Mon Oct 31 11:18:09 2016
elapsed time: 32 seconds (0d 0h 0m 32s)

