#
# There is insufficient memory for the Java Runtime Environment to continue.
# Native memory allocation (malloc) failed to allocate 67108880 bytes for Chunk::new
# Possible reasons:
#   The system is out of physical RAM or swap space
#   In 32 bit mode, the process size limit was hit
# Possible solutions:
#   Reduce memory load on the system
#   Increase physical memory or swap space
#   Check if swap backing store is full
#   Use 64 bit Java on a 64 bit OS
#   Decrease Java heap size (-Xmx/-Xms)
#   Decrease number of Java threads
#   Decrease Java thread stack sizes (-Xss)
#   Set larger code cache with -XX:ReservedCodeCacheSize=
# This output file may be truncated or incomplete.
#
#  Out of Memory Error (allocation.cpp:390), pid=13516, tid=3048
#
# JRE version: Java(TM) SE Runtime Environment (8.0_20-b26) (build 1.8.0_20-b26)
# Java VM: Java HotSpot(TM) 64-Bit Server VM (25.20-b23 mixed mode windows-amd64 )
# Failed to write core dump. Minidumps are not enabled by default on client versions of Windows
#

---------------  T H R E A D  ---------------

Current thread (0x000000002410d000):  JavaThread "C2 CompilerThread0" daemon [_thread_in_native, id=3048, stack(0x0000000025660000,0x0000000025760000)]

Stack: [0x0000000025660000,0x0000000025760000]
Native frames: (J=compiled Java code, j=interpreted, Vv=VM code, C=native code)
V  [jvm.dll+0x3152fa]
V  [jvm.dll+0x265d03]
V  [jvm.dll+0x266943]
V  [jvm.dll+0x25e265]
V  [jvm.dll+0xbe255]
V  [jvm.dll+0xbe6fc]
V  [jvm.dll+0xf3878]
V  [jvm.dll+0x45df30]
V  [jvm.dll+0x45e1ea]
V  [jvm.dll+0x45f0cf]
V  [jvm.dll+0x46147a]
V  [jvm.dll+0x4635c5]
V  [jvm.dll+0x463f4c]
V  [jvm.dll+0x464293]
V  [jvm.dll+0x451093]
V  [jvm.dll+0x452634]
V  [jvm.dll+0x435fc2]
V  [jvm.dll+0x97b62]
V  [jvm.dll+0x98353]
V  [jvm.dll+0x22aac4]
V  [jvm.dll+0x283f5a]
C  [msvcr100.dll+0x21d9f]
C  [msvcr100.dll+0x21e3b]
C  [KERNEL32.DLL+0x8364]
C  [ntdll.dll+0x65e91]


Current CompileTask:
C2:  47255 3311   !   4       com.android.dx.cf.code.Ropper::processBlock (1101 bytes)


---------------  P R O C E S S  ---------------

Java Threads: ( => current thread )
  0x0000000027cf0800 JavaThread "pool-1-thread-1" [_thread_in_Java, id=14596, stack(0x0000000029bd0000,0x0000000029cd0000)]
  0x0000000025984800 JavaThread "Service Thread" daemon [_thread_blocked, id=5004, stack(0x0000000025d60000,0x0000000025e60000)]
  0x0000000024115800 JavaThread "C1 CompilerThread2" daemon [_thread_blocked, id=12612, stack(0x0000000025860000,0x0000000025960000)]
  0x000000002410f000 JavaThread "C2 CompilerThread1" daemon [_thread_in_native, id=9576, stack(0x0000000025760000,0x0000000025860000)]
=>0x000000002410d000 JavaThread "C2 CompilerThread0" daemon [_thread_in_native, id=3048, stack(0x0000000025660000,0x0000000025760000)]
  0x000000002410b800 JavaThread "Attach Listener" daemon [_thread_blocked, id=4588, stack(0x0000000025560000,0x0000000025660000)]
  0x000000002410a800 JavaThread "Signal Dispatcher" daemon [_thread_blocked, id=424, stack(0x0000000025460000,0x0000000025560000)]
  0x0000000001c68000 JavaThread "Finalizer" daemon [_thread_blocked, id=7932, stack(0x0000000025360000,0x0000000025460000)]
  0x0000000001c5f000 JavaThread "Reference Handler" daemon [_thread_blocked, id=15864, stack(0x0000000025260000,0x0000000025360000)]
  0x0000000001b72800 JavaThread "main" [_thread_blocked, id=8628, stack(0x0000000001a70000,0x0000000001b70000)]

Other Threads:
  0x00000000240d5000 VMThread [stack: 0x0000000025160000,0x0000000025260000] [id=13148]
  0x0000000025988000 WatcherThread [stack: 0x0000000025e60000,0x0000000025f60000] [id=12884]

VM state:not at safepoint (normal execution)

VM Mutex/Monitor currently owned by a thread: None

Heap:
 PSYoungGen      total 1319424K, used 730176K [0x00000008d5580000, 0x000000094f980000, 0x0000000d00000000)
  eden space 861696K, 66% used [0x00000008d5580000,0x00000008f8608b78,0x0000000909f00000)
  from space 457728K, 34% used [0x0000000909f00000,0x0000000913787608,0x0000000925e00000)
  to   space 505344K, 0% used [0x0000000930c00000,0x0000000930c00000,0x000000094f980000)
 ParOldGen       total 1190400K, used 1190268K [0x0000000080000000, 0x00000000c8a80000, 0x00000008d5580000)
  object space 1190400K, 99% used [0x0000000080000000,0x00000000c8a5f348,0x00000000c8a80000)
 Metaspace       used 7449K, capacity 7512K, committed 7680K, reserved 8192K

Card table byte_map: [0x00000000127c0000,0x0000000018bd0000] byte_map_base: 0x00000000123c0000

Marking Bits: (ParMarkBitMap*) 0x0000000076c4b460
 Begin Bits: [0x0000000d00000000, 0x0000000d32000000)
 End Bits:   [0x0000000d32000000, 0x0000000d64000000)

Polling page: 0x0000000001120000

CodeCache: size=245760Kb used=13622Kb max_used=14608Kb free=232137Kb
 bounds [0x0000000003400000, 0x0000000004260000, 0x0000000012400000]
 total_blobs=3327 nmethods=3053 adapters=187
 compilation: enabled

Compilation events (10 events):
Event: 46.919 Thread 0x0000000024115800 4024       2       com.android.dx.dex.file.DebugInfoEncoder::emitLocalStartExtended (103 bytes)
Event: 46.920 Thread 0x0000000024115800 nmethod 4024 0x0000000003e15f50 code [0x0000000003e16160, 0x0000000003e16778]
Event: 46.931 Thread 0x0000000024115800 4025 %     3       com.android.dx.dex.file.DebugInfoEncoder::buildSortedPositions @ 30 (68 bytes)
Event: 46.933 Thread 0x0000000024115800 nmethod 4025% 0x0000000003e8b190 code [0x0000000003e8b3c0, 0x0000000003e8c178]
Event: 46.933 Thread 0x0000000024115800 4026       3       com.android.dx.dex.file.DebugInfoEncoder::buildSortedPositions (68 bytes)
Event: 46.934 Thread 0x0000000024115800 nmethod 4026 0x0000000003e89c90 code [0x0000000003e89ec0, 0x0000000003e8ab18]
Event: 46.960 Thread 0x0000000024115800 4027 %     3       com.android.dx.dex.file.DebugInfoEncoder::emitLocalsAtAddress @ 8 (150 bytes)
Event: 46.961 Thread 0x0000000024115800 nmethod 4027% 0x0000000003e87d90 code [0x0000000003e88020, 0x0000000003e89448]
Event: 46.961 Thread 0x0000000024115800 4028       3       com.android.dx.dex.file.DebugInfoEncoder::emitLocalsAtAddress (150 bytes)
Event: 46.963 Thread 0x0000000024115800 nmethod 4028 0x0000000003e85f50 code [0x0000000003e861e0, 0x0000000003e87588]

GC Heap History (10 events):
Event: 31.590 GC heap before
{Heap before GC invocations=23 (full 5):
 PSYoungGen      total 1038848K, used 960983K [0x00000008d5580000, 0x0000000936300000, 0x0000000d00000000)
  eden space 754176K, 100% used [0x00000008d5580000,0x0000000903600000,0x0000000903600000)
  from space 284672K, 72% used [0x0000000903600000,0x000000090fff5d40,0x0000000914c00000)
  to   space 372224K, 0% used [0x000000091f780000,0x000000091f780000,0x0000000936300000)
 ParOldGen       total 1190400K, used 800608K [0x0000000080000000, 0x00000000c8a80000, 0x00000008d5580000)
  object space 1190400K, 67% used [0x0000000080000000,0x00000000b0dd8278,0x00000000c8a80000)
 Metaspace       used 6609K, capacity 6920K, committed 7168K, reserved 8192K
Event: 31.934 GC heap after
Heap after GC invocations=23 (full 5):
 PSYoungGen      total 1159168K, used 150662K [0x00000008d5580000, 0x0000000933700000, 0x0000000d00000000)
  eden space 832000K, 0% used [0x00000008d5580000,0x00000008d5580000,0x0000000908200000)
  from space 327168K, 46% used [0x000000091f780000,0x0000000928aa1a00,0x0000000933700000)
  to   space 354816K, 0% used [0x0000000908200000,0x0000000908200000,0x000000091dc80000)
 ParOldGen       total 1190400K, used 925198K [0x0000000080000000, 0x00000000c8a80000, 0x00000008d5580000)
  object space 1190400K, 77% used [0x0000000080000000,0x00000000b8783b58,0x00000000c8a80000)
 Metaspace       used 6609K, capacity 6920K, committed 7168K, reserved 8192K
}
Event: 32.727 GC heap before
{Heap before GC invocations=24 (full 5):
 PSYoungGen      total 1159168K, used 982662K [0x00000008d5580000, 0x0000000933700000, 0x0000000d00000000)
  eden space 832000K, 100% used [0x00000008d5580000,0x0000000908200000,0x0000000908200000)
  from space 327168K, 46% used [0x000000091f780000,0x0000000928aa1a00,0x0000000933700000)
  to   space 354816K, 0% used [0x0000000908200000,0x0000000908200000,0x000000091dc80000)
 ParOldGen       total 1190400K, used 925198K [0x0000000080000000, 0x00000000c8a80000, 0x00000008d5580000)
  object space 1190400K, 77% used [0x0000000080000000,0x00000000b8783b58,0x00000000c8a80000)
 Metaspace       used 6610K, capacity 6920K, committed 7168K, reserved 8192K
Event: 32.945 GC heap after
Heap after GC invocations=24 (full 5):
 PSYoungGen      total 1186816K, used 281173K [0x00000008d5580000, 0x000000093d780000, 0x0000000d00000000)
  eden space 832000K, 0% used [0x00000008d5580000,0x00000008d5580000,0x0000000908200000)
  from space 354816K, 79% used [0x0000000908200000,0x00000009194956f0,0x000000091dc80000)
  to   space 386560K, 0% used [0x0000000925e00000,0x0000000925e00000,0x000000093d780000)
 ParOldGen       total 1190400K, used 925198K [0x0000000080000000, 0x00000000c8a80000, 0x00000008d5580000)
  object space 1190400K, 77% used [0x0000000080000000,0x00000000b8783b58,0x00000000c8a80000)
 Metaspace       used 6610K, capacity 6920K, committed 7168K, reserved 8192K
}
Event: 34.104 GC heap before
{Heap before GC invocations=25 (full 5):
 PSYoungGen      total 1186816K, used 1113173K [0x00000008d5580000, 0x000000093d780000, 0x0000000d00000000)
  eden space 832000K, 100% used [0x00000008d5580000,0x0000000908200000,0x0000000908200000)
  from space 354816K, 79% used [0x0000000908200000,0x00000009194956f0,0x000000091dc80000)
  to   space 386560K, 0% used [0x0000000925e00000,0x0000000925e00000,0x000000093d780000)
 ParOldGen       total 1190400K, used 925198K [0x0000000080000000, 0x00000000c8a80000, 0x00000008d5580000)
  object space 1190400K, 77% used [0x0000000080000000,0x00000000b8783b58,0x00000000c8a80000)
 Metaspace       used 6687K, capacity 6984K, committed 7168K, reserved 8192K
Event: 34.442 GC heap after
Heap after GC invocations=25 (full 5):
 PSYoungGen      total 1248256K, used 386554K [0x00000008d5580000, 0x0000000946d80000, 0x0000000d00000000)
  eden space 861696K, 0% used [0x00000008d5580000,0x00000008d5580000,0x0000000909f00000)
  from space 386560K, 99% used [0x0000000925e00000,0x000000093d77e980,0x000000093d780000)
  to   space 457728K, 0% used [0x0000000909f00000,0x0000000909f00000,0x0000000925e00000)
 ParOldGen       total 1190400K, used 945192K [0x0000000080000000, 0x00000000c8a80000, 0x00000008d5580000)
  object space 1190400K, 79% used [0x0000000080000000,0x00000000b9b0a018,0x00000000c8a80000)
 Metaspace       used 6687K, capacity 6984K, committed 7168K, reserved 8192K
}
Event: 35.709 GC heap before
{Heap before GC invocations=26 (full 5):
 PSYoungGen      total 1248256K, used 1248250K [0x00000008d5580000, 0x0000000946d80000, 0x0000000d00000000)
  eden space 861696K, 100% used [0x00000008d5580000,0x0000000909f00000,0x0000000909f00000)
  from space 386560K, 99% used [0x0000000925e00000,0x000000093d77e980,0x000000093d780000)
  to   space 457728K, 0% used [0x0000000909f00000,0x0000000909f00000,0x0000000925e00000)
 ParOldGen       total 1190400K, used 945192K [0x0000000080000000, 0x00000000c8a80000, 0x00000008d5580000)
  object space 1190400K, 79% used [0x0000000080000000,0x00000000b9b0a018,0x00000000c8a80000)
 Metaspace       used 6750K, capacity 6984K, committed 7168K, reserved 8192K
Event: 36.208 GC heap after
Heap after GC invocations=26 (full 5):
 PSYoungGen      total 1319424K, used 381599K [0x00000008d5580000, 0x000000094f980000, 0x0000000d00000000)
  eden space 861696K, 0% used [0x00000008d5580000,0x00000008d5580000,0x0000000909f00000)
  from space 457728K, 83% used [0x0000000909f00000,0x00000009213a7f48,0x0000000925e00000)
  to   space 505344K, 0% used [0x0000000930c00000,0x0000000930c00000,0x000000094f980000)
 ParOldGen       total 1190400K, used 1087078K [0x0000000080000000, 0x00000000c8a80000, 0x00000008d5580000)
  object space 1190400K, 91% used [0x0000000080000000,0x00000000c2599bc0,0x00000000c8a80000)
 Metaspace       used 6750K, capacity 6984K, committed 7168K, reserved 8192K
}
Event: 36.209 GC heap before
{Heap before GC invocations=27 (full 6):
 PSYoungGen      total 1319424K, used 381599K [0x00000008d5580000, 0x000000094f980000, 0x0000000d00000000)
  eden space 861696K, 0% used [0x00000008d5580000,0x00000008d5580000,0x0000000909f00000)
  from space 457728K, 83% used [0x0000000909f00000,0x00000009213a7f48,0x0000000925e00000)
  to   space 505344K, 0% used [0x0000000930c00000,0x0000000930c00000,0x000000094f980000)
 ParOldGen       total 1190400K, used 1087078K [0x0000000080000000, 0x00000000c8a80000, 0x00000008d5580000)
  object space 1190400K, 91% used [0x0000000080000000,0x00000000c2599bc0,0x00000000c8a80000)
 Metaspace       used 6750K, capacity 6984K, committed 7168K, reserved 8192K
Event: 41.889 GC heap after
Heap after GC invocations=27 (full 6):
 PSYoungGen      total 1319424K, used 156189K [0x00000008d5580000, 0x000000094f980000, 0x0000000d00000000)
  eden space 861696K, 0% used [0x00000008d5580000,0x00000008d5580000,0x0000000909f00000)
  from space 457728K, 34% used [0x0000000909f00000,0x0000000913787608,0x0000000925e00000)
  to   space 505344K, 0% used [0x0000000930c00000,0x0000000930c00000,0x000000094f980000)
 ParOldGen       total 1190400K, used 1190268K [0x0000000080000000, 0x00000000c8a80000, 0x00000008d5580000)
  object space 1190400K, 99% used [0x0000000080000000,0x00000000c8a5f348,0x00000000c8a80000)
 Metaspace       used 6750K, capacity 6984K, committed 7168K, reserved 8192K
}

Deoptimization events (10 events):
Event: 44.450 Thread 0x00000000261d9800 Uncommon trap: reason=unreached action=reinterpret pc=0x000000000370b8d8 method=java.util.Arrays.copyOf([Ljava/lang/Object;ILjava/lang/Class;)[Ljava/lang/Object; @ 3
Event: 44.453 Thread 0x00000000261d9800 Uncommon trap: reason=class_check action=maybe_recompile pc=0x00000000040dbb80 method=java.util.HashMap.putVal(ILjava/lang/Object;Ljava/lang/Object;ZZ)Ljava/lang/Object; @ 56
Event: 44.453 Thread 0x00000000261d9800 Uncommon trap: reason=class_check action=maybe_recompile pc=0x00000000040dbbec method=java.util.HashMap.putVal(ILjava/lang/Object;Ljava/lang/Object;ZZ)Ljava/lang/Object; @ 152
Event: 44.453 Thread 0x00000000261d9800 Uncommon trap: reason=class_check action=maybe_recompile pc=0x00000000040dbb80 method=java.util.HashMap.putVal(ILjava/lang/Object;Ljava/lang/Object;ZZ)Ljava/lang/Object; @ 56
Event: 44.493 Thread 0x0000000027cf0800 Uncommon trap: reason=unreached action=reinterpret pc=0x0000000003819430 method=com.android.dx.dex.code.LocalList$MakeState.filterSpec(Lcom/android/dx/rop/code/RegisterSpec;)Lcom/android/dx/rop/code/RegisterSpec; @ 11
Event: 44.615 Thread 0x0000000027cf0800 Uncommon trap: reason=array_check action=maybe_recompile pc=0x0000000003b54d24 method=java.util.ComparableTimSort.binarySort([Ljava/lang/Object;III)V @ 193
Event: 44.662 Thread 0x0000000027cf0800 Uncommon trap: reason=array_check action=maybe_recompile pc=0x0000000003b54d24 method=java.util.ComparableTimSort.binarySort([Ljava/lang/Object;III)V @ 193
Event: 44.663 Thread 0x0000000027cf0800 Uncommon trap: reason=array_check action=maybe_recompile pc=0x0000000003b54d24 method=java.util.ComparableTimSort.binarySort([Ljava/lang/Object;III)V @ 193
Event: 44.689 Thread 0x0000000027cf0800 Uncommon trap: reason=array_check action=maybe_recompile pc=0x0000000003e22664 method=java.util.ComparableTimSort.binarySort([Ljava/lang/Object;III)V @ 193
Event: 44.698 Thread 0x0000000027cf0800 Uncommon trap: reason=array_check action=maybe_recompile pc=0x0000000003b54d24 method=java.util.ComparableTimSort.binarySort([Ljava/lang/Object;III)V @ 193

Internal exceptions (10 events):
Event: 43.318 Thread 0x00000000261d9800 Exception <a 'java/security/PrivilegedActionException'> (0x00000008e4edec88) thrown at [D:\re\workspace\8-2-build-windows-amd64-cygwin\jdk8u20\1074\hotspot\src\share\vm\prims\jvm.cpp, line 1275]
Event: 43.319 Thread 0x00000000261d9800 Exception <a 'java/security/PrivilegedActionException'> (0x00000008e4ee2270) thrown at [D:\re\workspace\8-2-build-windows-amd64-cygwin\jdk8u20\1074\hotspot\src\share\vm\prims\jvm.cpp, line 1275]
Event: 43.606 Thread 0x00000000261d9800 Implicit null exception at 0x00000000037d490f to 0x00000000037d4ec9
Event: 43.796 Thread 0x00000000261d9800 Exception <a 'java/security/PrivilegedActionException'> (0x00000008e799de00) thrown at [D:\re\workspace\8-2-build-windows-amd64-cygwin\jdk8u20\1074\hotspot\src\share\vm\prims\jvm.cpp, line 1275]
Event: 43.802 Thread 0x00000000261d9800 Exception <a 'java/security/PrivilegedActionException'> (0x00000008e79aa1a8) thrown at [D:\re\workspace\8-2-build-windows-amd64-cygwin\jdk8u20\1074\hotspot\src\share\vm\prims\jvm.cpp, line 1275]
Event: 43.803 Thread 0x00000000261d9800 Exception <a 'java/security/PrivilegedActionException'> (0x00000008e79ad3d8) thrown at [D:\re\workspace\8-2-build-windows-amd64-cygwin\jdk8u20\1074\hotspot\src\share\vm\prims\jvm.cpp, line 1275]
Event: 43.849 Thread 0x00000000261d9800 Exception <a 'java/security/PrivilegedActionException'> (0x00000008e7a78ce0) thrown at [D:\re\workspace\8-2-build-windows-amd64-cygwin\jdk8u20\1074\hotspot\src\share\vm\prims\jvm.cpp, line 1275]
Event: 44.067 Thread 0x00000000261d9800 Exception <a 'java/security/PrivilegedActionException'> (0x00000008e84fc018) thrown at [D:\re\workspace\8-2-build-windows-amd64-cygwin\jdk8u20\1074\hotspot\src\share\vm\prims\jvm.cpp, line 1275]
Event: 44.093 Thread 0x00000000261d9800 Exception <a 'java/security/PrivilegedActionException'> (0x00000008e8692c30) thrown at [D:\re\workspace\8-2-build-windows-amd64-cygwin\jdk8u20\1074\hotspot\src\share\vm\prims\jvm.cpp, line 1275]
Event: 44.432 Thread 0x00000000261d9800 Exception <a 'java/security/PrivilegedActionException'> (0x00000008e86b5fb8) thrown at [D:\re\workspace\8-2-build-windows-amd64-cygwin\jdk8u20\1074\hotspot\src\share\vm\prims\jvm.cpp, line 1275]

Events (10 events):
Event: 46.816 Thread 0x0000000027cf0800 DEOPT PACKING pc=0x00000000037f1fa9 sp=0x0000000029ccecb0
Event: 46.816 Thread 0x0000000027cf0800 DEOPT UNPACKING pc=0x00000000034475bf sp=0x0000000029ccea00 mode 0
Event: 46.822 Thread 0x0000000027cf0800 DEOPT PACKING pc=0x00000000037f1fa9 sp=0x0000000029ccecb0
Event: 46.822 Thread 0x0000000027cf0800 DEOPT UNPACKING pc=0x00000000034475bf sp=0x0000000029ccea00 mode 0
Event: 46.829 Thread 0x0000000027cf0800 DEOPT PACKING pc=0x00000000037f1fa9 sp=0x0000000029ccecb0
Event: 46.829 Thread 0x0000000027cf0800 DEOPT UNPACKING pc=0x00000000034475bf sp=0x0000000029ccea00 mode 0
Event: 46.934 Thread 0x0000000027cf0800 DEOPT PACKING pc=0x0000000004249a37 sp=0x0000000029cceae0
Event: 46.934 Thread 0x0000000027cf0800 DEOPT UNPACKING pc=0x00000000034475bf sp=0x0000000029cce880 mode 0
Event: 46.964 Thread 0x0000000027cf0800 DEOPT PACKING pc=0x0000000003e3bf9a sp=0x0000000029cceaf0
Event: 46.964 Thread 0x0000000027cf0800 DEOPT UNPACKING pc=0x00000000034475bf sp=0x0000000029cce870 mode 0


Dynamic libraries:
0x00007ff634000000 - 0x00007ff634034000 	C:\Program Files\Java\jdk1.8.0_20\bin\java.exe
0x00007ffd3f9f0000 - 0x00007ffd3fbc1000 	C:\WINDOWS\SYSTEM32\ntdll.dll
0x00007ffd3ee50000 - 0x00007ffd3eefb000 	C:\WINDOWS\System32\KERNEL32.DLL
0x00007ffd3c940000 - 0x00007ffd3cb5d000 	C:\WINDOWS\System32\KERNELBASE.dll
0x00007ffd3d2d0000 - 0x00007ffd3d372000 	C:\WINDOWS\System32\ADVAPI32.dll
0x00007ffd3f8c0000 - 0x00007ffd3f95e000 	C:\WINDOWS\System32\msvcrt.dll
0x00007ffd3f990000 - 0x00007ffd3f9e9000 	C:\WINDOWS\System32\sechost.dll
0x00007ffd3f400000 - 0x00007ffd3f521000 	C:\WINDOWS\System32\RPCRT4.dll
0x00007ffd3d430000 - 0x00007ffd3d595000 	C:\WINDOWS\System32\USER32.dll
0x00007ffd3cd90000 - 0x00007ffd3cdae000 	C:\WINDOWS\System32\win32u.dll
0x00007ffd3d380000 - 0x00007ffd3d3b4000 	C:\WINDOWS\System32\GDI32.dll
0x00007ffd3bf30000 - 0x00007ffd3c0b2000 	C:\WINDOWS\System32\gdi32full.dll
0x00007ffd389f0000 - 0x00007ffd38c69000 	C:\WINDOWS\WinSxS\amd64_microsoft.windows.common-controls_6595b64144ccf1df_6.0.14393.0_none_2d0f50fcbdb171b8\COMCTL32.dll
0x00007ffd3f5d0000 - 0x00007ffd3f897000 	C:\WINDOWS\System32\combase.dll
0x00007ffd3c0c0000 - 0x00007ffd3c1b5000 	C:\WINDOWS\System32\ucrtbase.dll
0x00007ffd3ccc0000 - 0x00007ffd3cd2a000 	C:\WINDOWS\System32\bcryptPrimitives.dll
0x00007ffd3f960000 - 0x00007ffd3f98e000 	C:\WINDOWS\System32\IMM32.DLL
0x0000000077b70000 - 0x0000000077c42000 	C:\Program Files\Java\jdk1.8.0_20\jre\bin\msvcr100.dll
0x0000000076470000 - 0x0000000076cc8000 	C:\Program Files\Java\jdk1.8.0_20\jre\bin\server\jvm.dll
0x00007ffd3ef60000 - 0x00007ffd3ef68000 	C:\WINDOWS\System32\PSAPI.DLL
0x00007ffd32410000 - 0x00007ffd32419000 	C:\WINDOWS\SYSTEM32\WSOCK32.dll
0x00007ffd3a390000 - 0x00007ffd3a3b3000 	C:\WINDOWS\SYSTEM32\WINMM.dll
0x00007ffd3d3c0000 - 0x00007ffd3d42a000 	C:\WINDOWS\System32\WS2_32.dll
0x00007ffd3a330000 - 0x00007ffd3a35b000 	C:\WINDOWS\SYSTEM32\WINMMBASE.dll
0x00007ffd3bee0000 - 0x00007ffd3bf22000 	C:\WINDOWS\System32\cfgmgr32.dll
0x0000000050030000 - 0x000000005003f000 	C:\Program Files\Java\jdk1.8.0_20\jre\bin\verify.dll
0x0000000050000000 - 0x0000000050028000 	C:\Program Files\Java\jdk1.8.0_20\jre\bin\java.dll
0x0000000077fe0000 - 0x0000000077ff6000 	C:\Program Files\Java\jdk1.8.0_20\jre\bin\zip.dll
0x00007ffd3d6e0000 - 0x00007ffd3ebe8000 	C:\WINDOWS\System32\SHELL32.dll
0x00007ffd3c1c0000 - 0x00007ffd3c89a000 	C:\WINDOWS\System32\windows.storage.dll
0x00007ffd3be80000 - 0x00007ffd3becc000 	C:\WINDOWS\System32\powrprof.dll
0x00007ffd3ef00000 - 0x00007ffd3ef52000 	C:\WINDOWS\System32\shlwapi.dll
0x00007ffd3bed0000 - 0x00007ffd3bedf000 	C:\WINDOWS\System32\kernel.appcore.dll
0x00007ffd3cb60000 - 0x00007ffd3cc09000 	C:\WINDOWS\System32\shcore.dll
0x00007ffd3be50000 - 0x00007ffd3be64000 	C:\WINDOWS\System32\profapi.dll
0x00007ffd2d520000 - 0x00007ffd2d6b2000 	C:\WINDOWS\SYSTEM32\dbghelp.dll

VM Arguments:
jvm_args: -Djava.awt.headless=true -Xmx50g -Dfile.encoding=windows-1251 -Duser.country=RU -Duser.language=ru -Duser.variant 
java_command: com.android.dx.command.Main --dex --num-threads=4 --multi-dex --main-dex-list C:\Users\User\Documents\GitHub\iCRM\iCRM\app\build\intermediates\multi-dex\debug\maindexlist.txt --output C:\Users\User\Documents\GitHub\iCRM\iCRM\app\build\intermediates\transforms\dex\debug\folders\1000\1f\main C:\Users\User\Documents\GitHub\iCRM\iCRM\app\build\intermediates\transforms\jarMerging\debug\jars\1\1f\combined.jar
java_class_path (initial): C:\Users\User\AppData\Local\Android\sdk\build-tools\23.0.3\lib\dx.jar
Launcher Type: SUN_STANDARD

Environment Variables:
PATH=C:\ProgramData\Oracle\Java\javapath;C:\Program Files\Broadcom\Broadcom 802.11 Network Adapter;C:\Program Files (x86)\NVIDIA Corporation\PhysX\Common;C:\Program Files (x86)\Intel\iCLS Client\;C:\Program Files\Intel\iCLS Client\;C:\Windows\system32;C:\Windows;C:\Windows\System32\Wbem;C:\Windows\System32\WindowsPowerShell\v1.0\;C:\Program Files\Intel\Intel(R) Management Engine Components\DAL;C:\Program Files\Intel\Intel(R) Management Engine Components\IPT;C:\Program Files (x86)\Intel\Intel(R) Management Engine Components\DAL;C:\Program Files (x86)\Intel\Intel(R) Management Engine Components\IPT;C:\Program Files\WIDCOMM\Bluetooth Software\;C:\Program Files\WIDCOMM\Bluetooth Software\syswow64;C:\Program Files\Acer\Remote Files\;C:\Program Files (x86)\Skype\Phone\;C:\Program Files\OpenVPN\bin;C:\WINDOWS\system32;C:\WINDOWS;C:\WINDOWS\System32\Wbem;C:\WINDOWS\System32\WindowsPowerShell\v1.0\;C:\Users\User\AppData\Local\Microsoft\WindowsApps;
USERNAME=User
OS=Windows_NT
PROCESSOR_IDENTIFIER=Intel64 Family 6 Model 69 Stepping 1, GenuineIntel



---------------  S Y S T E M  ---------------

OS: Windows 8.1 , 64 bit Build 9600 

CPU:total 4 (2 cores per cpu, 2 threads per core) family 6 model 69 stepping 1, cmov, cx8, fxsr, mmx, sse, sse2, sse3, ssse3, sse4.1, sse4.2, popcnt, avx, avx2, aes, clmul, erms, lzcnt, ht, tsc, tscinvbit, bmi1, bmi2

Memory: 4k page, physical 8310040k(582812k free), swap 12405944k(42428k free)

vm_info: Java HotSpot(TM) 64-Bit Server VM (25.20-b23) for windows-amd64 JRE (1.8.0_20-b26), built on Jul 30 2014 13:51:23 by "java_re" with MS VC++ 10.0 (VS2010)

time: Fri Oct 28 02:07:14 2016
elapsed time: 47 seconds (0d 0h 0m 47s)

