#
# There is insufficient memory for the Java Runtime Environment to continue.
# Native memory allocation (malloc) failed to allocate 1188176 bytes for Chunk::new
# Possible reasons:
#   The system is out of physical RAM or swap space
#   In 32 bit mode, the process size limit was hit
# Possible solutions:
#   Reduce memory load on the system
#   Increase physical memory or swap space
#   Check if swap backing store is full
#   Use 64 bit Java on a 64 bit OS
#   Decrease Java heap size (-Xmx/-Xms)
#   Decrease number of Java threads
#   Decrease Java thread stack sizes (-Xss)
#   Set larger code cache with -XX:ReservedCodeCacheSize=
# This output file may be truncated or incomplete.
#
#  Out of Memory Error (allocation.cpp:390), pid=9940, tid=1872
#
# JRE version: Java(TM) SE Runtime Environment (8.0_20-b26) (build 1.8.0_20-b26)
# Java VM: Java HotSpot(TM) 64-Bit Server VM (25.20-b23 mixed mode windows-amd64 )
# Failed to write core dump. Minidumps are not enabled by default on client versions of Windows
#

---------------  T H R E A D  ---------------

Current thread (0x000000002440f800):  JavaThread "C2 CompilerThread1" daemon [_thread_in_native, id=1872, stack(0x0000000025a70000,0x0000000025b70000)]

Stack: [0x0000000025a70000,0x0000000025b70000]
Native frames: (J=compiled Java code, j=interpreted, Vv=VM code, C=native code)
V  [jvm.dll+0x3152fa]
V  [jvm.dll+0x265d03]
V  [jvm.dll+0x266943]
V  [jvm.dll+0x25e265]
V  [jvm.dll+0xbe255]
V  [jvm.dll+0xbe6fc]
V  [jvm.dll+0x477e2c]
V  [jvm.dll+0x445170]
V  [jvm.dll+0x4500de]
V  [jvm.dll+0x4526c8]
V  [jvm.dll+0x435fc2]
V  [jvm.dll+0x97b62]
V  [jvm.dll+0x98353]
V  [jvm.dll+0x22aac4]
V  [jvm.dll+0x283f5a]
C  [msvcr100.dll+0x21d9f]
C  [msvcr100.dll+0x21e3b]
C  [KERNEL32.DLL+0x8364]
C  [ntdll.dll+0x65e91]


Current CompileTask:
C2:  47295 3210       4       com.android.dx.dex.file.ClassDefItem::addContents (201 bytes)


---------------  P R O C E S S  ---------------

Java Threads: ( => current thread )
  0x0000000025dfd800 JavaThread "pool-1-thread-1" [_thread_blocked, id=13060, stack(0x0000000027f40000,0x0000000028040000)]
  0x0000000025f04800 JavaThread "pool-2-thread-4" [_thread_in_Java, id=7196, stack(0x0000000027e40000,0x0000000027f40000)]
  0x0000000026363800 JavaThread "pool-2-thread-3" [_thread_blocked, id=10036, stack(0x0000000027d40000,0x0000000027e40000)]
  0x0000000026b49000 JavaThread "pool-2-thread-2" [_thread_in_Java, id=6164, stack(0x0000000027c40000,0x0000000027d40000)]
  0x0000000025f64000 JavaThread "pool-3-thread-1" [_thread_blocked, id=2120, stack(0x0000000027b40000,0x0000000027c40000)]
  0x0000000026657800 JavaThread "pool-2-thread-1" [_thread_in_vm, id=4040, stack(0x0000000027a40000,0x0000000027b40000)]
  0x0000000025c9c000 JavaThread "Service Thread" daemon [_thread_blocked, id=2744, stack(0x0000000026070000,0x0000000026170000)]
  0x0000000024448800 JavaThread "C1 CompilerThread2" daemon [_thread_blocked, id=12432, stack(0x0000000025b70000,0x0000000025c70000)]
=>0x000000002440f800 JavaThread "C2 CompilerThread1" daemon [_thread_in_native, id=1872, stack(0x0000000025a70000,0x0000000025b70000)]
  0x000000002440d000 JavaThread "C2 CompilerThread0" daemon [_thread_in_native, id=12936, stack(0x0000000025970000,0x0000000025a70000)]
  0x000000002440c000 JavaThread "Attach Listener" daemon [_thread_blocked, id=11480, stack(0x0000000025870000,0x0000000025970000)]
  0x000000002440b000 JavaThread "Signal Dispatcher" daemon [_thread_blocked, id=5420, stack(0x0000000025770000,0x0000000025870000)]
  0x0000000001f16000 JavaThread "Finalizer" daemon [_thread_blocked, id=10672, stack(0x0000000025670000,0x0000000025770000)]
  0x0000000001f0d000 JavaThread "Reference Handler" daemon [_thread_blocked, id=2916, stack(0x0000000025570000,0x0000000025670000)]
  0x0000000001e22800 JavaThread "main" [_thread_blocked, id=5692, stack(0x0000000001c20000,0x0000000001d20000)]

Other Threads:
  0x00000000243d5800 VMThread [stack: 0x0000000025470000,0x0000000025570000] [id=1276]
  0x0000000025c9e800 WatcherThread [stack: 0x0000000026170000,0x0000000026270000] [id=3624]

VM state:not at safepoint (normal execution)

VM Mutex/Monitor currently owned by a thread: None

Heap:
 PSYoungGen      total 1049088K, used 882950K [0x00000008d5580000, 0x0000000932800000, 0x0000000d00000000)
  eden space 659456K, 84% used [0x00000008d5580000,0x00000008f787f098,0x00000008fd980000)
  from space 389632K, 82% used [0x000000091ab80000,0x000000092e6c2898,0x0000000932800000)
  to   space 386560K, 0% used [0x00000008fd980000,0x00000008fd980000,0x0000000915300000)
 ParOldGen       total 1105920K, used 880643K [0x0000000080000000, 0x00000000c3800000, 0x00000008d5580000)
  object space 1105920K, 79% used [0x0000000080000000,0x00000000b5c00f18,0x00000000c3800000)
 Metaspace       used 6680K, capacity 6920K, committed 7168K, reserved 8192K

Card table byte_map: [0x00000000127c0000,0x0000000018bd0000] byte_map_base: 0x00000000123c0000

Marking Bits: (ParMarkBitMap*) 0x0000000076c4b460
 Begin Bits: [0x0000000d00000000, 0x0000000d32000000)
 End Bits:   [0x0000000d32000000, 0x0000000d64000000)

Polling page: 0x0000000001890000

CodeCache: size=245760Kb used=12232Kb max_used=12289Kb free=233527Kb
 bounds [0x0000000003400000, 0x0000000004010000, 0x0000000012400000]
 total_blobs=2872 nmethods=2606 adapters=179
 compilation: enabled

Compilation events (10 events):
Event: 46.671 Thread 0x0000000024448800 nmethod 3228 0x0000000003670b90 code [0x0000000003670d80, 0x00000000036716b8]
Event: 46.735 Thread 0x0000000024448800 3229       3       java.util.ComparableTimSort::gallopRight (327 bytes)
Event: 46.737 Thread 0x0000000024448800 nmethod 3229 0x000000000366fa50 code [0x000000000366fc40, 0x00000000036706f8]
Event: 46.738 Thread 0x0000000024448800 3230       3       java.util.ComparableTimSort::gallopLeft (327 bytes)
Event: 46.740 Thread 0x0000000024448800 nmethod 3230 0x000000000366e950 code [0x000000000366eb40, 0x000000000366f5d8]
Event: 46.742 Thread 0x000000002440d000 3231       4       com.android.dx.dex.file.ClassDataItem::addContents (207 bytes)
Event: 46.847 Thread 0x0000000024448800 3233       3       java.util.ComparableTimSort::mergeCollapse (101 bytes)
Event: 46.848 Thread 0x0000000024448800 nmethod 3233 0x000000000365c150 code [0x000000000365c2e0, 0x000000000365c6f8]
Event: 46.992 Thread 0x0000000024448800 3235       3       java.util.ComparableTimSort::mergeHi (729 bytes)
Event: 47.193 Thread 0x0000000024448800 nmethod 3235 0x0000000004008d10 code [0x0000000004009060, 0x000000000400b4d8]

GC Heap History (10 events):
Event: 35.130 GC heap before
{Heap before GC invocations=25 (full 5):
 PSYoungGen      total 859648K, used 265715K [0x00000008d5580000, 0x000000092d700000, 0x0000000d00000000)
  eden space 593920K, 0% used [0x00000008d5580000,0x00000008d5580000,0x00000008f9980000)
  from space 265728K, 99% used [0x0000000910200000,0x000000092057ccb8,0x0000000920580000)
  to   space 369152K, 0% used [0x00000008f9980000,0x00000008f9980000,0x0000000910200000)
 ParOldGen       total 751104K, used 715031K [0x0000000080000000, 0x00000000add80000, 0x00000008d5580000)
  object space 751104K, 95% used [0x0000000080000000,0x00000000aba45c28,0x00000000add80000)
 Metaspace       used 6605K, capacity 6920K, committed 7168K, reserved 8192K
Event: 39.543 GC heap after
Heap after GC invocations=25 (full 5):
 PSYoungGen      total 859648K, used 218108K [0x00000008d5580000, 0x000000092d700000, 0x0000000d00000000)
  eden space 593920K, 0% used [0x00000008d5580000,0x00000008d5580000,0x00000008f9980000)
  from space 265728K, 82% used [0x0000000910200000,0x000000091d6ff338,0x0000000920580000)
  to   space 369152K, 0% used [0x00000008f9980000,0x00000008f9980000,0x0000000910200000)
 ParOldGen       total 1105920K, used 750624K [0x0000000080000000, 0x00000000c3800000, 0x00000008d5580000)
  object space 1105920K, 67% used [0x0000000080000000,0x00000000add082d0,0x00000000c3800000)
 Metaspace       used 6605K, capacity 6920K, committed 7168K, reserved 8192K
}
Event: 41.376 GC heap before
{Heap before GC invocations=26 (full 5):
 PSYoungGen      total 859648K, used 812028K [0x00000008d5580000, 0x000000092d700000, 0x0000000d00000000)
  eden space 593920K, 100% used [0x00000008d5580000,0x00000008f9980000,0x00000008f9980000)
  from space 265728K, 82% used [0x0000000910200000,0x000000091d6ff338,0x0000000920580000)
  to   space 369152K, 0% used [0x00000008f9980000,0x00000008f9980000,0x0000000910200000)
 ParOldGen       total 1105920K, used 750624K [0x0000000080000000, 0x00000000c3800000, 0x00000008d5580000)
  object space 1105920K, 67% used [0x0000000080000000,0x00000000add082d0,0x00000000c3800000)
 Metaspace       used 6605K, capacity 6920K, committed 7168K, reserved 8192K
Event: 41.799 GC heap after
Heap after GC invocations=26 (full 5):
 PSYoungGen      total 963072K, used 206247K [0x00000008d5580000, 0x000000092bf80000, 0x0000000d00000000)
  eden space 593920K, 0% used [0x00000008d5580000,0x00000008d5580000,0x00000008f9980000)
  from space 369152K, 55% used [0x00000008f9980000,0x00000009062e9e70,0x0000000910200000)
  to   space 373248K, 0% used [0x0000000915300000,0x0000000915300000,0x000000092bf80000)
 ParOldGen       total 1105920K, used 880643K [0x0000000080000000, 0x00000000c3800000, 0x00000008d5580000)
  object space 1105920K, 79% used [0x0000000080000000,0x00000000b5c00f18,0x00000000c3800000)
 Metaspace       used 6605K, capacity 6920K, committed 7168K, reserved 8192K
}
Event: 43.264 GC heap before
{Heap before GC invocations=27 (full 5):
 PSYoungGen      total 963072K, used 800167K [0x00000008d5580000, 0x000000092bf80000, 0x0000000d00000000)
  eden space 593920K, 100% used [0x00000008d5580000,0x00000008f9980000,0x00000008f9980000)
  from space 369152K, 55% used [0x00000008f9980000,0x00000009062e9e70,0x0000000910200000)
  to   space 373248K, 0% used [0x0000000915300000,0x0000000915300000,0x000000092bf80000)
 ParOldGen       total 1105920K, used 880643K [0x0000000080000000, 0x00000000c3800000, 0x00000008d5580000)
  object space 1105920K, 79% used [0x0000000080000000,0x00000000b5c00f18,0x00000000c3800000)
 Metaspace       used 6605K, capacity 6920K, committed 7168K, reserved 8192K
Event: 43.468 GC heap after
Heap after GC invocations=27 (full 5):
 PSYoungGen      total 1032704K, used 236743K [0x00000008d5580000, 0x000000092d580000, 0x0000000d00000000)
  eden space 659456K, 0% used [0x00000008d5580000,0x00000008d5580000,0x00000008fd980000)
  from space 373248K, 63% used [0x0000000915300000,0x0000000923a31d90,0x000000092bf80000)
  to   space 386560K, 0% used [0x00000008fd980000,0x00000008fd980000,0x0000000915300000)
 ParOldGen       total 1105920K, used 880643K [0x0000000080000000, 0x00000000c3800000, 0x00000008d5580000)
  object space 1105920K, 79% used [0x0000000080000000,0x00000000b5c00f18,0x00000000c3800000)
 Metaspace       used 6605K, capacity 6920K, committed 7168K, reserved 8192K
}
Event: 44.441 GC heap before
{Heap before GC invocations=28 (full 5):
 PSYoungGen      total 1032704K, used 896199K [0x00000008d5580000, 0x000000092d580000, 0x0000000d00000000)
  eden space 659456K, 100% used [0x00000008d5580000,0x00000008fd980000,0x00000008fd980000)
  from space 373248K, 63% used [0x0000000915300000,0x0000000923a31d90,0x000000092bf80000)
  to   space 386560K, 0% used [0x00000008fd980000,0x00000008fd980000,0x0000000915300000)
 ParOldGen       total 1105920K, used 880643K [0x0000000080000000, 0x00000000c3800000, 0x00000008d5580000)
  object space 1105920K, 79% used [0x0000000080000000,0x00000000b5c00f18,0x00000000c3800000)
 Metaspace       used 6606K, capacity 6920K, committed 7168K, reserved 8192K
Event: 44.701 GC heap after
Heap after GC invocations=28 (full 5):
 PSYoungGen      total 1046016K, used 220691K [0x00000008d5580000, 0x0000000932800000, 0x0000000d00000000)
  eden space 659456K, 0% used [0x00000008d5580000,0x00000008d5580000,0x00000008fd980000)
  from space 386560K, 57% used [0x00000008fd980000,0x000000090b104ff8,0x0000000915300000)
  to   space 389632K, 0% used [0x000000091ab80000,0x000000091ab80000,0x0000000932800000)
 ParOldGen       total 1105920K, used 880643K [0x0000000080000000, 0x00000000c3800000, 0x00000008d5580000)
  object space 1105920K, 79% used [0x0000000080000000,0x00000000b5c00f18,0x00000000c3800000)
 Metaspace       used 6606K, capacity 6920K, committed 7168K, reserved 8192K
}
Event: 45.628 GC heap before
{Heap before GC invocations=29 (full 5):
 PSYoungGen      total 1046016K, used 880147K [0x00000008d5580000, 0x0000000932800000, 0x0000000d00000000)
  eden space 659456K, 100% used [0x00000008d5580000,0x00000008fd980000,0x00000008fd980000)
  from space 386560K, 57% used [0x00000008fd980000,0x000000090b104ff8,0x0000000915300000)
  to   space 389632K, 0% used [0x000000091ab80000,0x000000091ab80000,0x0000000932800000)
 ParOldGen       total 1105920K, used 880643K [0x0000000080000000, 0x00000000c3800000, 0x00000008d5580000)
  object space 1105920K, 79% used [0x0000000080000000,0x00000000b5c00f18,0x00000000c3800000)
 Metaspace       used 6606K, capacity 6920K, committed 7168K, reserved 8192K
Event: 46.120 GC heap after
Heap after GC invocations=29 (full 5):
 PSYoungGen      total 1049088K, used 322826K [0x00000008d5580000, 0x0000000932800000, 0x0000000d00000000)
  eden space 659456K, 0% used [0x00000008d5580000,0x00000008d5580000,0x00000008fd980000)
  from space 389632K, 82% used [0x000000091ab80000,0x000000092e6c2898,0x0000000932800000)
  to   space 386560K, 0% used [0x00000008fd980000,0x00000008fd980000,0x0000000915300000)
 ParOldGen       total 1105920K, used 880643K [0x0000000080000000, 0x00000000c3800000, 0x00000008d5580000)
  object space 1105920K, 79% used [0x0000000080000000,0x00000000b5c00f18,0x00000000c3800000)
 Metaspace       used 6606K, capacity 6920K, committed 7168K, reserved 8192K
}

Deoptimization events (10 events):
Event: 40.212 Thread 0x0000000026657800 Uncommon trap: reason=class_check action=maybe_recompile pc=0x0000000003d11954 method=com.android.dx.ssa.back.InterferenceGraph.mergeInterferenceSet(ILcom/android/dx/util/IntSet;)V @ 20
Event: 40.213 Thread 0x0000000026657800 Uncommon trap: reason=class_check action=maybe_recompile pc=0x0000000003df107c method=com.android.dx.util.BitIntSet.merge(Lcom/android/dx/util/IntSet;)V @ 1
Event: 43.926 Thread 0x0000000026b49000 Uncommon trap: reason=null_check action=make_not_entrant pc=0x00000000035fc550 method=com.android.dx.rop.cst.CstKnownNull.equals(Ljava/lang/Object;)Z @ 1
Event: 44.751 Thread 0x0000000025f04800 Uncommon trap: reason=range_check action=make_not_entrant pc=0x0000000003fee0c0 method=java.util.DualPivotQuicksort.sort([IIIZ)V @ 56
Event: 46.224 Thread 0x0000000025dfd800 Uncommon trap: reason=bimorphic action=maybe_recompile pc=0x0000000003fb071c method=java.util.concurrent.FutureTask.run()V @ 42
Event: 46.261 Thread 0x0000000025dfd800 Uncommon trap: reason=class_check action=maybe_recompile pc=0x00000000038ffad4 method=java.util.Arrays.hashCode([Ljava/lang/Object;)I @ 43
Event: 46.261 Thread 0x0000000025dfd800 Uncommon trap: reason=class_check action=maybe_recompile pc=0x00000000038ffad4 method=java.util.Arrays.hashCode([Ljava/lang/Object;)I @ 43
Event: 46.262 Thread 0x0000000025dfd800 Uncommon trap: reason=class_check action=maybe_recompile pc=0x00000000038ffad4 method=java.util.Arrays.hashCode([Ljava/lang/Object;)I @ 43
Event: 46.262 Thread 0x0000000025dfd800 Uncommon trap: reason=class_check action=maybe_recompile pc=0x00000000038ffad4 method=java.util.Arrays.hashCode([Ljava/lang/Object;)I @ 43
Event: 46.262 Thread 0x0000000025dfd800 Uncommon trap: reason=class_check action=maybe_recompile pc=0x00000000038c9e4c method=java.util.Arrays.hashCode([Ljava/lang/Object;)I @ 43

Internal exceptions (10 events):
Event: 12.366 Thread 0x0000000026657800 Exception <a 'java/security/PrivilegedActionException'> (0x00000008df8ae400) thrown at [D:\re\workspace\8-2-build-windows-amd64-cygwin\jdk8u20\1074\hotspot\src\share\vm\prims\jvm.cpp, line 1275]
Event: 15.069 Thread 0x0000000001e22800 Exception <a 'java/security/PrivilegedActionException'> (0x00000008ddbdc158) thrown at [D:\re\workspace\8-2-build-windows-amd64-cygwin\jdk8u20\1074\hotspot\src\share\vm\prims\jvm.cpp, line 1275]
Event: 15.075 Thread 0x0000000001e22800 Implicit null exception at 0x00000000035b3690 to 0x00000000035b420d
Event: 15.638 Thread 0x0000000026657800 Exception <a 'java/security/PrivilegedActionException'> (0x00000008ea472b00) thrown at [D:\re\workspace\8-2-build-windows-amd64-cygwin\jdk8u20\1074\hotspot\src\share\vm\prims\jvm.cpp, line 1275]
Event: 19.765 Thread 0x0000000026657800 Implicit null exception at 0x0000000003dd6abb to 0x0000000003dd9ad1
Event: 30.998 Thread 0x0000000026b49000 Exception <a 'java/security/PrivilegedActionException'> (0x00000008dcc25d50) thrown at [D:\re\workspace\8-2-build-windows-amd64-cygwin\jdk8u20\1074\hotspot\src\share\vm\prims\jvm.cpp, line 1275]
Event: 31.037 Thread 0x0000000026b49000 Exception <a 'java/security/PrivilegedActionException'> (0x00000008dccbb278) thrown at [D:\re\workspace\8-2-build-windows-amd64-cygwin\jdk8u20\1074\hotspot\src\share\vm\prims\jvm.cpp, line 1275]
Event: 43.926 Thread 0x0000000026b49000 Implicit null exception at 0x00000000035fc51c to 0x00000000035fc544
Event: 46.223 Thread 0x0000000001e22800 Exception <a 'java/security/PrivilegedActionException'> (0x00000008d598d6f0) thrown at [D:\re\workspace\8-2-build-windows-amd64-cygwin\jdk8u20\1074\hotspot\src\share\vm\prims\jvm.cpp, line 1275]
Event: 46.313 Thread 0x0000000025dfd800 Exception <a 'java/security/PrivilegedActionException'> (0x00000008d81a41e0) thrown at [D:\re\workspace\8-2-build-windows-amd64-cygwin\jdk8u20\1074\hotspot\src\share\vm\prims\jvm.cpp, line 1275]

Events (10 events):
Event: 46.313 loading class com/android/dx/rop/cst/Zeroes done
Event: 46.313 Thread 0x0000000024448800 flushing nmethod 0x0000000003ada510
Event: 46.314 Thread 0x0000000024448800 flushing nmethod 0x0000000003b398d0
Event: 46.314 Thread 0x0000000024448800 flushing nmethod 0x0000000003b3b150
Event: 46.315 Thread 0x000000002440f800 flushing nmethod 0x0000000003c4d250
Event: 46.317 Thread 0x0000000024448800 flushing nmethod 0x0000000003dc0810
Event: 46.506 Thread 0x0000000001e22800 DEOPT PACKING pc=0x000000000354e837 sp=0x0000000001d1e400
Event: 46.506 Thread 0x0000000001e22800 DEOPT UNPACKING pc=0x00000000034475bf sp=0x0000000001d1e238 mode 0
Event: 46.672 Thread 0x0000000026657800 DEOPT PACKING pc=0x0000000003d29bb6 sp=0x0000000027b3e9c0
Event: 46.672 Thread 0x0000000026657800 DEOPT UNPACKING pc=0x00000000034475bf sp=0x0000000027b3e6e8 mode 0


Dynamic libraries:
0x00007ff62e540000 - 0x00007ff62e574000 	C:\Program Files\Java\jdk1.8.0_20\bin\java.exe
0x00007ffd3f9f0000 - 0x00007ffd3fbc1000 	C:\WINDOWS\SYSTEM32\ntdll.dll
0x00007ffd3ee50000 - 0x00007ffd3eefb000 	C:\WINDOWS\System32\KERNEL32.DLL
0x00007ffd3c940000 - 0x00007ffd3cb5d000 	C:\WINDOWS\System32\KERNELBASE.dll
0x00007ffd3d2d0000 - 0x00007ffd3d372000 	C:\WINDOWS\System32\ADVAPI32.dll
0x00007ffd3f8c0000 - 0x00007ffd3f95e000 	C:\WINDOWS\System32\msvcrt.dll
0x00007ffd3f990000 - 0x00007ffd3f9e9000 	C:\WINDOWS\System32\sechost.dll
0x00007ffd3f400000 - 0x00007ffd3f521000 	C:\WINDOWS\System32\RPCRT4.dll
0x00007ffd3d430000 - 0x00007ffd3d595000 	C:\WINDOWS\System32\USER32.dll
0x00007ffd3cd90000 - 0x00007ffd3cdae000 	C:\WINDOWS\System32\win32u.dll
0x00007ffd3d380000 - 0x00007ffd3d3b4000 	C:\WINDOWS\System32\GDI32.dll
0x00007ffd3bf30000 - 0x00007ffd3c0b2000 	C:\WINDOWS\System32\gdi32full.dll
0x00007ffd389f0000 - 0x00007ffd38c69000 	C:\WINDOWS\WinSxS\amd64_microsoft.windows.common-controls_6595b64144ccf1df_6.0.14393.0_none_2d0f50fcbdb171b8\COMCTL32.dll
0x00007ffd3f5d0000 - 0x00007ffd3f897000 	C:\WINDOWS\System32\combase.dll
0x00007ffd3c0c0000 - 0x00007ffd3c1b5000 	C:\WINDOWS\System32\ucrtbase.dll
0x00007ffd3ccc0000 - 0x00007ffd3cd2a000 	C:\WINDOWS\System32\bcryptPrimitives.dll
0x00007ffd3f960000 - 0x00007ffd3f98e000 	C:\WINDOWS\System32\IMM32.DLL
0x0000000076cd0000 - 0x0000000076da2000 	C:\Program Files\Java\jdk1.8.0_20\jre\bin\msvcr100.dll
0x0000000076470000 - 0x0000000076cc8000 	C:\Program Files\Java\jdk1.8.0_20\jre\bin\server\jvm.dll
0x00007ffd3ef60000 - 0x00007ffd3ef68000 	C:\WINDOWS\System32\PSAPI.DLL
0x00007ffd3a390000 - 0x00007ffd3a3b3000 	C:\WINDOWS\SYSTEM32\WINMM.dll
0x00007ffd3a330000 - 0x00007ffd3a35b000 	C:\WINDOWS\SYSTEM32\WINMMBASE.dll
0x00007ffd3bee0000 - 0x00007ffd3bf22000 	C:\WINDOWS\System32\cfgmgr32.dll
0x00007ffd38710000 - 0x00007ffd38719000 	C:\WINDOWS\SYSTEM32\WSOCK32.dll
0x00007ffd3d3c0000 - 0x00007ffd3d42a000 	C:\WINDOWS\System32\WS2_32.dll
0x0000000050010000 - 0x000000005001f000 	C:\Program Files\Java\jdk1.8.0_20\jre\bin\verify.dll
0x0000000077fd0000 - 0x0000000077ff8000 	C:\Program Files\Java\jdk1.8.0_20\jre\bin\java.dll
0x0000000077fb0000 - 0x0000000077fc6000 	C:\Program Files\Java\jdk1.8.0_20\jre\bin\zip.dll
0x00007ffd3d6e0000 - 0x00007ffd3ebe8000 	C:\WINDOWS\System32\SHELL32.dll
0x00007ffd3c1c0000 - 0x00007ffd3c89a000 	C:\WINDOWS\System32\windows.storage.dll
0x00007ffd3be80000 - 0x00007ffd3becc000 	C:\WINDOWS\System32\powrprof.dll
0x00007ffd3ef00000 - 0x00007ffd3ef52000 	C:\WINDOWS\System32\shlwapi.dll
0x00007ffd3bed0000 - 0x00007ffd3bedf000 	C:\WINDOWS\System32\kernel.appcore.dll
0x00007ffd3cb60000 - 0x00007ffd3cc09000 	C:\WINDOWS\System32\shcore.dll
0x00007ffd3be50000 - 0x00007ffd3be64000 	C:\WINDOWS\System32\profapi.dll
0x00007ffd2d520000 - 0x00007ffd2d6b2000 	C:\WINDOWS\SYSTEM32\dbghelp.dll

VM Arguments:
jvm_args: -Djava.awt.headless=true -Xmx50g -Dfile.encoding=windows-1251 -Duser.country=RU -Duser.language=ru -Duser.variant 
java_command: com.android.dx.command.Main --dex --num-threads=4 --multi-dex --main-dex-list C:\Users\User\Documents\GitHub\iCRM\iCRM\app\build\intermediates\multi-dex\debug\maindexlist.txt --output C:\Users\User\Documents\GitHub\iCRM\iCRM\app\build\intermediates\transforms\dex\debug\folders\1000\1f\main C:\Users\User\Documents\GitHub\iCRM\iCRM\app\build\intermediates\transforms\jarMerging\debug\jars\1\1f\combined.jar
java_class_path (initial): C:\Users\User\AppData\Local\Android\sdk\build-tools\23.0.3\lib\dx.jar
Launcher Type: SUN_STANDARD

Environment Variables:
PATH=C:\ProgramData\Oracle\Java\javapath;C:\Program Files\Broadcom\Broadcom 802.11 Network Adapter;C:\Program Files (x86)\NVIDIA Corporation\PhysX\Common;C:\Program Files (x86)\Intel\iCLS Client\;C:\Program Files\Intel\iCLS Client\;C:\Windows\system32;C:\Windows;C:\Windows\System32\Wbem;C:\Windows\System32\WindowsPowerShell\v1.0\;C:\Program Files\Intel\Intel(R) Management Engine Components\DAL;C:\Program Files\Intel\Intel(R) Management Engine Components\IPT;C:\Program Files (x86)\Intel\Intel(R) Management Engine Components\DAL;C:\Program Files (x86)\Intel\Intel(R) Management Engine Components\IPT;C:\Program Files\WIDCOMM\Bluetooth Software\;C:\Program Files\WIDCOMM\Bluetooth Software\syswow64;C:\Program Files\Acer\Remote Files\;C:\Program Files (x86)\Skype\Phone\;C:\Program Files\OpenVPN\bin;C:\WINDOWS\system32;C:\WINDOWS;C:\WINDOWS\System32\Wbem;C:\WINDOWS\System32\WindowsPowerShell\v1.0\;C:\Users\User\AppData\Local\Microsoft\WindowsApps;
USERNAME=User
OS=Windows_NT
PROCESSOR_IDENTIFIER=Intel64 Family 6 Model 69 Stepping 1, GenuineIntel



---------------  S Y S T E M  ---------------

OS: Windows 8.1 , 64 bit Build 9600 

CPU:total 4 (2 cores per cpu, 2 threads per core) family 6 model 69 stepping 1, cmov, cx8, fxsr, mmx, sse, sse2, sse3, ssse3, sse4.1, sse4.2, popcnt, avx, avx2, aes, clmul, erms, lzcnt, ht, tsc, tscinvbit, bmi1, bmi2

Memory: 4k page, physical 8310040k(1120384k free), swap 12406040k(5312k free)

vm_info: Java HotSpot(TM) 64-Bit Server VM (25.20-b23) for windows-amd64 JRE (1.8.0_20-b26), built on Jul 30 2014 13:51:23 by "java_re" with MS VC++ 10.0 (VS2010)

time: Wed Oct 19 16:57:23 2016
elapsed time: 47 seconds (0d 0h 0m 47s)

