#
# There is insufficient memory for the Java Runtime Environment to continue.
# Native memory allocation (malloc) failed to allocate 67108880 bytes for Chunk::new
# Possible reasons:
#   The system is out of physical RAM or swap space
#   In 32 bit mode, the process size limit was hit
# Possible solutions:
#   Reduce memory load on the system
#   Increase physical memory or swap space
#   Check if swap backing store is full
#   Use 64 bit Java on a 64 bit OS
#   Decrease Java heap size (-Xmx/-Xms)
#   Decrease number of Java threads
#   Decrease Java thread stack sizes (-Xss)
#   Set larger code cache with -XX:ReservedCodeCacheSize=
# This output file may be truncated or incomplete.
#
#  Out of Memory Error (allocation.cpp:390), pid=9752, tid=12144
#
# JRE version: Java(TM) SE Runtime Environment (8.0_20-b26) (build 1.8.0_20-b26)
# Java VM: Java HotSpot(TM) 64-Bit Server VM (25.20-b23 mixed mode windows-amd64 )
# Failed to write core dump. Minidumps are not enabled by default on client versions of Windows
#

---------------  T H R E A D  ---------------

Current thread (0x0000000001e3d000):  JavaThread "C2 CompilerThread0" daemon [_thread_in_native, id=12144, stack(0x0000000024e90000,0x0000000024f90000)]

Stack: [0x0000000024e90000,0x0000000024f90000]
Native frames: (J=compiled Java code, j=interpreted, Vv=VM code, C=native code)
V  [jvm.dll+0x3152fa]
V  [jvm.dll+0x265d03]
V  [jvm.dll+0x266943]
V  [jvm.dll+0x25e265]
V  [jvm.dll+0xbe255]
V  [jvm.dll+0xbe6fc]
V  [jvm.dll+0xf3878]
V  [jvm.dll+0x45df30]
V  [jvm.dll+0x45e1ea]
V  [jvm.dll+0x45f0cf]
V  [jvm.dll+0x461191]
V  [jvm.dll+0x4635c5]
V  [jvm.dll+0x463f4c]
V  [jvm.dll+0x464293]
V  [jvm.dll+0x451093]
V  [jvm.dll+0x452634]
V  [jvm.dll+0x435fc2]
V  [jvm.dll+0x97b62]
V  [jvm.dll+0x98353]
V  [jvm.dll+0x22aac4]
V  [jvm.dll+0x283f5a]
C  [msvcr100.dll+0x21d9f]
C  [msvcr100.dll+0x21e3b]
C  [KERNEL32.DLL+0x8364]
C  [ntdll.dll+0x65e91]


Current CompileTask:
C2:  63310 3340   !   4       com.android.dx.cf.code.Ropper::processBlock (1101 bytes)


---------------  P R O C E S S  ---------------

Java Threads: ( => current thread )
  0x00000000251be800 JavaThread "Service Thread" daemon [_thread_blocked, id=8156, stack(0x0000000025590000,0x0000000025690000)]
  0x0000000001e41800 JavaThread "C1 CompilerThread2" daemon [_thread_blocked, id=11416, stack(0x0000000025090000,0x0000000025190000)]
  0x0000000001e3f000 JavaThread "C2 CompilerThread1" daemon [_thread_blocked, id=5296, stack(0x0000000024f90000,0x0000000025090000)]
=>0x0000000001e3d000 JavaThread "C2 CompilerThread0" daemon [_thread_in_native, id=12144, stack(0x0000000024e90000,0x0000000024f90000)]
  0x0000000001e3b800 JavaThread "Attach Listener" daemon [_thread_blocked, id=2432, stack(0x0000000024d90000,0x0000000024e90000)]
  0x00000000014d6000 JavaThread "Finalizer" daemon [_thread_blocked, id=9516, stack(0x0000000024b90000,0x0000000024c90000)]
  0x00000000014cd000 JavaThread "Reference Handler" daemon [_thread_blocked, id=11592, stack(0x0000000024a90000,0x0000000024b90000)]
  0x00000000013e0800 JavaThread "main" [_thread_blocked, id=12200, stack(0x0000000001200000,0x0000000001300000)]

Other Threads:
  0x0000000001e05800 VMThread [stack: 0x0000000024990000,0x0000000024a90000] [id=4088]

VM state:at safepoint (normal execution)

VM Mutex/Monitor currently owned by a thread:  ([mutex/lock_event])
[0x00000000013dc500] Threads_lock - owner thread: 0x0000000001e05800

Heap:
 PSYoungGen      total 1298432K, used 29514K [0x00000008d5580000, 0x000000093cd80000, 0x0000000d00000000)
  eden space 913408K, 3% used [0x00000008d5580000,0x00000008d7252ad8,0x000000090d180000)
  from space 385024K, 0% used [0x0000000925580000,0x0000000925580000,0x000000093cd80000)
  to   space 391168K, 0% used [0x000000090d180000,0x000000090d180000,0x0000000924f80000)
 ParOldGen       total 1209344K, used 666289K [0x0000000080000000, 0x00000000c9d00000, 0x00000008d5580000)
  object space 1209344K, 55% used [0x0000000080000000,0x00000000a8aac5a0,0x00000000c9d00000)
 Metaspace       used 7470K, capacity 7512K, committed 7680K, reserved 8192K

Card table byte_map: [0x0000000012400000,0x0000000018810000] byte_map_base: 0x0000000012000000

Marking Bits: (ParMarkBitMap*) 0x0000000063f0b460
 Begin Bits: [0x0000000d00000000, 0x0000000d32000000)
 End Bits:   [0x0000000d32000000, 0x0000000d64000000)

Polling page: 0x0000000000de0000

CodeCache: size=245760Kb used=14653Kb max_used=15257Kb free=231106Kb
 bounds [0x0000000003400000, 0x00000000042f0000, 0x0000000012400000]
 total_blobs=3479 nmethods=3205 adapters=187
 compilation: enabled

Compilation events (10 events):
Event: 55.998 Thread 0x0000000001e3f000 4168       4       com.android.dx.util.ByteArrayAnnotatedOutput::writeZeroes (55 bytes)
Event: 56.000 Thread 0x0000000001e3f000 nmethod 4168 0x0000000003ec2dd0 code [0x0000000003ec2f20, 0x0000000003ec2ff8]
Event: 56.002 Thread 0x0000000001e41800 4187 %     3       sun.security.provider.DigestBase::engineUpdate @ 136 (188 bytes)
Event: 56.003 Thread 0x0000000001e41800 nmethod 4187% 0x0000000003b22510 code [0x0000000003b22700, 0x0000000003b232f8]
Event: 56.004 Thread 0x0000000001e41800 4188       3       sun.security.provider.DigestBase::engineUpdate (188 bytes)
Event: 56.005 Thread 0x0000000001e41800 nmethod 4188 0x0000000003d8d790 code [0x0000000003d8d980, 0x0000000003d8e498]
Event: 56.027 Thread 0x0000000001e3f000 4189 %     4       sun.security.provider.DigestBase::engineUpdate @ 136 (188 bytes)
Event: 56.030 Thread 0x0000000001e3f000 nmethod 4189% 0x0000000003ec2890 code [0x0000000003ec29e0, 0x0000000003ec2c08]
Event: 56.096 Thread 0x0000000001e41800 4190       1       java.nio.Buffer::limit (5 bytes)
Event: 56.096 Thread 0x0000000001e41800 nmethod 4190 0x0000000003d8d410 code [0x0000000003d8d560, 0x0000000003d8d670]

GC Heap History (10 events):
Event: 30.711 GC heap before
{Heap before GC invocations=23 (full 5):
 PSYoungGen      total 1177600K, used 1064397K [0x00000008d5580000, 0x000000093d800000, 0x0000000d00000000)
  eden space 805888K, 100% used [0x00000008d5580000,0x0000000906880000,0x0000000906880000)
  from space 371712K, 69% used [0x0000000906880000,0x00000009164f35f0,0x000000091d380000)
  to   space 395776K, 0% used [0x0000000925580000,0x0000000925580000,0x000000093d800000)
 ParOldGen       total 1201664K, used 952666K [0x0000000080000000, 0x00000000c9580000, 0x00000008d5580000)
  object space 1201664K, 79% used [0x0000000080000000,0x00000000ba256ba0,0x00000000c9580000)
 Metaspace       used 6593K, capacity 6920K, committed 7168K, reserved 8192K
Event: 30.880 GC heap after
Heap after GC invocations=23 (full 5):
 PSYoungGen      total 1298432K, used 197948K [0x00000008d5580000, 0x000000093cd80000, 0x0000000d00000000)
  eden space 913408K, 0% used [0x00000008d5580000,0x00000008d5580000,0x000000090d180000)
  from space 385024K, 51% used [0x0000000925580000,0x00000009316cf378,0x000000093cd80000)
  to   space 391168K, 0% used [0x000000090d180000,0x000000090d180000,0x0000000924f80000)
 ParOldGen       total 1201664K, used 952666K [0x0000000080000000, 0x00000000c9580000, 0x00000008d5580000)
  object space 1201664K, 79% used [0x0000000080000000,0x00000000ba256ba0,0x00000000c9580000)
 Metaspace       used 6593K, capacity 6920K, committed 7168K, reserved 8192K
}
Event: 32.201 GC heap before
{Heap before GC invocations=24 (full 5):
 PSYoungGen      total 1298432K, used 1111356K [0x00000008d5580000, 0x000000093cd80000, 0x0000000d00000000)
  eden space 913408K, 100% used [0x00000008d5580000,0x000000090d180000,0x000000090d180000)
  from space 385024K, 51% used [0x0000000925580000,0x00000009316cf378,0x000000093cd80000)
  to   space 391168K, 0% used [0x000000090d180000,0x000000090d180000,0x0000000924f80000)
 ParOldGen       total 1201664K, used 952666K [0x0000000080000000, 0x00000000c9580000, 0x00000008d5580000)
  object space 1201664K, 79% used [0x0000000080000000,0x00000000ba256ba0,0x00000000c9580000)
 Metaspace       used 6593K, capacity 6920K, committed 7168K, reserved 8192K
Event: 32.513 GC heap after
Heap after GC invocations=24 (full 5):
 PSYoungGen      total 1304576K, used 342039K [0x00000008d5580000, 0x000000093cd80000, 0x0000000d00000000)
  eden space 913408K, 0% used [0x00000008d5580000,0x00000008d5580000,0x000000090d180000)
  from space 391168K, 87% used [0x000000090d180000,0x0000000921f85cb8,0x0000000924f80000)
  to   space 385024K, 0% used [0x0000000925580000,0x0000000925580000,0x000000093cd80000)
 ParOldGen       total 1201664K, used 952666K [0x0000000080000000, 0x00000000c9580000, 0x00000008d5580000)
  object space 1201664K, 79% used [0x0000000080000000,0x00000000ba256ba0,0x00000000c9580000)
 Metaspace       used 6593K, capacity 6920K, committed 7168K, reserved 8192K
}
Event: 34.576 GC heap before
{Heap before GC invocations=25 (full 5):
 PSYoungGen      total 1304576K, used 1255447K [0x00000008d5580000, 0x000000093cd80000, 0x0000000d00000000)
  eden space 913408K, 100% used [0x00000008d5580000,0x000000090d180000,0x000000090d180000)
  from space 391168K, 87% used [0x000000090d180000,0x0000000921f85cb8,0x0000000924f80000)
  to   space 385024K, 0% used [0x0000000925580000,0x0000000925580000,0x000000093cd80000)
 ParOldGen       total 1201664K, used 952666K [0x0000000080000000, 0x00000000c9580000, 0x00000008d5580000)
  object space 1201664K, 79% used [0x0000000080000000,0x00000000ba256ba0,0x00000000c9580000)
 Metaspace       used 6699K, capacity 6984K, committed 7168K, reserved 8192K
Event: 35.193 GC heap after
Heap after GC invocations=25 (full 5):
 PSYoungGen      total 1298432K, used 385003K [0x00000008d5580000, 0x000000093cd80000, 0x0000000d00000000)
  eden space 913408K, 0% used [0x00000008d5580000,0x00000008d5580000,0x000000090d180000)
  from space 385024K, 99% used [0x0000000925580000,0x000000093cd7afa0,0x000000093cd80000)
  to   space 391168K, 0% used [0x000000090d180000,0x000000090d180000,0x0000000924f80000)
 ParOldGen       total 1201664K, used 1054516K [0x0000000080000000, 0x00000000c9580000, 0x00000008d5580000)
  object space 1201664K, 87% used [0x0000000080000000,0x00000000c05cd1f8,0x00000000c9580000)
 Metaspace       used 6699K, capacity 6984K, committed 7168K, reserved 8192K
}
Event: 35.193 GC heap before
{Heap before GC invocations=26 (full 6):
 PSYoungGen      total 1298432K, used 385003K [0x00000008d5580000, 0x000000093cd80000, 0x0000000d00000000)
  eden space 913408K, 0% used [0x00000008d5580000,0x00000008d5580000,0x000000090d180000)
  from space 385024K, 99% used [0x0000000925580000,0x000000093cd7afa0,0x000000093cd80000)
  to   space 391168K, 0% used [0x000000090d180000,0x000000090d180000,0x0000000924f80000)
 ParOldGen       total 1201664K, used 1054516K [0x0000000080000000, 0x00000000c9580000, 0x00000008d5580000)
  object space 1201664K, 87% used [0x0000000080000000,0x00000000c05cd1f8,0x00000000c9580000)
 Metaspace       used 6699K, capacity 6984K, committed 7168K, reserved 8192K
Event: 43.098 GC heap after
Heap after GC invocations=26 (full 6):
 PSYoungGen      total 1298432K, used 85643K [0x00000008d5580000, 0x000000093cd80000, 0x0000000d00000000)
  eden space 913408K, 0% used [0x00000008d5580000,0x00000008d5580000,0x000000090d180000)
  from space 385024K, 22% used [0x0000000925580000,0x000000092a922ff0,0x000000093cd80000)
  to   space 391168K, 0% used [0x000000090d180000,0x000000090d180000,0x0000000924f80000)
 ParOldGen       total 1201664K, used 1201390K [0x0000000080000000, 0x00000000c9580000, 0x00000008d5580000)
  object space 1201664K, 99% used [0x0000000080000000,0x00000000c953bba0,0x00000000c9580000)
 Metaspace       used 6699K, capacity 6984K, committed 7168K, reserved 8192K
}
Event: 49.005 GC heap before
{Heap before GC invocations=27 (full 7):
 PSYoungGen      total 1298432K, used 999051K [0x00000008d5580000, 0x000000093cd80000, 0x0000000d00000000)
  eden space 913408K, 100% used [0x00000008d5580000,0x000000090d180000,0x000000090d180000)
  from space 385024K, 22% used [0x0000000925580000,0x000000092a922ff0,0x000000093cd80000)
  to   space 391168K, 0% used [0x000000090d180000,0x000000090d180000,0x0000000924f80000)
 ParOldGen       total 1201664K, used 1201390K [0x0000000080000000, 0x00000000c9580000, 0x00000008d5580000)
  object space 1201664K, 99% used [0x0000000080000000,0x00000000c953bba0,0x00000000c9580000)
 Metaspace       used 7425K, capacity 7512K, committed 7680K, reserved 8192K
Event: 54.674 GC heap after
Heap after GC invocations=27 (full 7):
 PSYoungGen      total 1298432K, used 0K [0x00000008d5580000, 0x000000093cd80000, 0x0000000d00000000)
  eden space 913408K, 0% used [0x00000008d5580000,0x00000008d5580000,0x000000090d180000)
  from space 385024K, 0% used [0x0000000925580000,0x0000000925580000,0x000000093cd80000)
  to   space 391168K, 0% used [0x000000090d180000,0x000000090d180000,0x0000000924f80000)
 ParOldGen       total 1209344K, used 666289K [0x0000000080000000, 0x00000000c9d00000, 0x00000008d5580000)
  object space 1209344K, 55% used [0x0000000080000000,0x00000000a8aac5a0,0x00000000c9d00000)
 Metaspace       used 7425K, capacity 7512K, committed 7680K, reserved 8192K
}

Deoptimization events (10 events):
Event: 46.208 Thread 0x00000000261d7000 Uncommon trap: reason=class_check action=maybe_recompile pc=0x0000000003f6703c method=java.util.HashMap.putVal(ILjava/lang/Object;Ljava/lang/Object;ZZ)Ljava/lang/Object; @ 152
Event: 46.208 Thread 0x00000000261d7000 Uncommon trap: reason=class_check action=maybe_recompile pc=0x0000000003f66fc8 method=java.util.HashMap.putVal(ILjava/lang/Object;Ljava/lang/Object;ZZ)Ljava/lang/Object; @ 56
Event: 48.949 Thread 0x0000000025e41000 Uncommon trap: reason=unreached action=reinterpret pc=0x0000000003a0f730 method=com.android.dx.dex.file.DebugInfoEncoder.emitLocalsAtAddress(I)I @ 137
Event: 54.675 Thread 0x00000000014d6000 Uncommon trap: reason=bimorphic action=maybe_recompile pc=0x000000000372a5b0 method=java.lang.System$2.invokeFinalize(Ljava/lang/Object;)V @ 1
Event: 54.676 Thread 0x00000000014d6000 Uncommon trap: reason=bimorphic action=maybe_recompile pc=0x000000000372a5b0 method=java.lang.System$2.invokeFinalize(Ljava/lang/Object;)V @ 1
Event: 54.676 Thread 0x00000000014d6000 Uncommon trap: reason=bimorphic action=maybe_recompile pc=0x000000000372a5b0 method=java.lang.System$2.invokeFinalize(Ljava/lang/Object;)V @ 1
Event: 55.863 Thread 0x0000000025e41000 Uncommon trap: reason=bimorphic action=maybe_recompile pc=0x0000000003b3f0c4 method=com.android.dx.dex.file.OffsettedItem.writeTo(Lcom/android/dx/dex/file/DexFile;Lcom/android/dx/util/AnnotatedOutput;)V @ 68
Event: 55.863 Thread 0x0000000025e41000 Uncommon trap: reason=bimorphic action=maybe_recompile pc=0x0000000003b3f0c4 method=com.android.dx.dex.file.OffsettedItem.writeTo(Lcom/android/dx/dex/file/DexFile;Lcom/android/dx/util/AnnotatedOutput;)V @ 68
Event: 55.863 Thread 0x0000000025e41000 Uncommon trap: reason=bimorphic action=maybe_recompile pc=0x0000000003b3f0c4 method=com.android.dx.dex.file.OffsettedItem.writeTo(Lcom/android/dx/dex/file/DexFile;Lcom/android/dx/util/AnnotatedOutput;)V @ 68
Event: 55.863 Thread 0x0000000025e41000 Uncommon trap: reason=bimorphic action=maybe_recompile pc=0x0000000003b3f0c4 method=com.android.dx.dex.file.OffsettedItem.writeTo(Lcom/android/dx/dex/file/DexFile;Lcom/android/dx/util/AnnotatedOutput;)V @ 68

Internal exceptions (10 events):
Event: 45.066 Thread 0x00000000261d7000 Exception <a 'java/security/PrivilegedActionException'> (0x00000008fb04b790) thrown at [D:\re\workspace\8-2-build-windows-amd64-cygwin\jdk8u20\1074\hotspot\src\share\vm\prims\jvm.cpp, line 1275]
Event: 45.600 Thread 0x00000000261d7000 Exception <a 'java/security/PrivilegedActionException'> (0x00000008fd79ea50) thrown at [D:\re\workspace\8-2-build-windows-amd64-cygwin\jdk8u20\1074\hotspot\src\share\vm\prims\jvm.cpp, line 1275]
Event: 45.609 Thread 0x00000000261d7000 Exception <a 'java/security/PrivilegedActionException'> (0x00000008fd7aadf8) thrown at [D:\re\workspace\8-2-build-windows-amd64-cygwin\jdk8u20\1074\hotspot\src\share\vm\prims\jvm.cpp, line 1275]
Event: 45.609 Thread 0x00000000261d7000 Exception <a 'java/security/PrivilegedActionException'> (0x00000008fd7ae028) thrown at [D:\re\workspace\8-2-build-windows-amd64-cygwin\jdk8u20\1074\hotspot\src\share\vm\prims\jvm.cpp, line 1275]
Event: 45.616 Thread 0x00000000261d7000 Exception <a 'java/security/PrivilegedActionException'> (0x00000008fd802108) thrown at [D:\re\workspace\8-2-build-windows-amd64-cygwin\jdk8u20\1074\hotspot\src\share\vm\prims\jvm.cpp, line 1275]
Event: 45.677 Thread 0x00000000261d7000 Exception <a 'java/security/PrivilegedActionException'> (0x00000008fe18ba60) thrown at [D:\re\workspace\8-2-build-windows-amd64-cygwin\jdk8u20\1074\hotspot\src\share\vm\prims\jvm.cpp, line 1275]
Event: 45.705 Thread 0x00000000261d7000 Exception <a 'java/security/PrivilegedActionException'> (0x00000008fe192060) thrown at [D:\re\workspace\8-2-build-windows-amd64-cygwin\jdk8u20\1074\hotspot\src\share\vm\prims\jvm.cpp, line 1275]
Event: 46.026 Thread 0x00000000261d7000 Exception <a 'java/security/PrivilegedActionException'> (0x00000008fe1b4488) thrown at [D:\re\workspace\8-2-build-windows-amd64-cygwin\jdk8u20\1074\hotspot\src\share\vm\prims\jvm.cpp, line 1275]
Event: 48.380 Thread 0x0000000025e41000 Exception <a 'java/security/PrivilegedActionException'> (0x0000000908ea44a0) thrown at [D:\re\workspace\8-2-build-windows-amd64-cygwin\jdk8u20\1074\hotspot\src\share\vm\prims\jvm.cpp, line 1275]
Event: 56.065 Thread 0x00000000013e0800 Exception <a 'java/lang/OutOfMemoryError'> (0x00000008d705eea0) thrown at [D:\re\workspace\8-2-build-windows-amd64-cygwin\jdk8u20\1074\hotspot\src\share\vm\prims\jni.cpp, line 742]

Events (10 events):
Event: 56.085 loading class java/util/IdentityHashMap
Event: 56.095 loading class java/util/IdentityHashMap done
Event: 56.095 loading class java/util/IdentityHashMap$KeySet
Event: 56.095 loading class java/util/IdentityHashMap$KeySet done
Event: 56.096 loading class java/lang/Shutdown
Event: 56.097 loading class java/lang/Shutdown done
Event: 56.097 loading class java/lang/Shutdown$Lock
Event: 56.097 loading class java/lang/Shutdown$Lock done
Event: 56.098 Thread 0x0000000001e3a800 Thread exited: 0x0000000001e3a800
Event: 56.098 Executing VM operation: Exit


Dynamic libraries:
0x00007ff7e9cf0000 - 0x00007ff7e9d24000 	C:\Program Files\Java\jdk1.8.0_20\bin\java.exe
0x00007ff92d9b0000 - 0x00007ff92db81000 	C:\WINDOWS\SYSTEM32\ntdll.dll
0x00007ff92c3f0000 - 0x00007ff92c49b000 	C:\WINDOWS\System32\KERNEL32.DLL
0x00007ff929f40000 - 0x00007ff92a15d000 	C:\WINDOWS\System32\KERNELBASE.dll
0x00007ff92b8e0000 - 0x00007ff92b982000 	C:\WINDOWS\System32\ADVAPI32.dll
0x00007ff92b560000 - 0x00007ff92b5fe000 	C:\WINDOWS\System32\msvcrt.dll
0x00007ff92b200000 - 0x00007ff92b259000 	C:\WINDOWS\System32\sechost.dll
0x00007ff92b9f0000 - 0x00007ff92bb11000 	C:\WINDOWS\System32\RPCRT4.dll
0x00007ff92b770000 - 0x00007ff92b8d5000 	C:\WINDOWS\System32\USER32.dll
0x00007ff92a2b0000 - 0x00007ff92a2ce000 	C:\WINDOWS\System32\win32u.dll
0x00007ff92afa0000 - 0x00007ff92afd4000 	C:\WINDOWS\System32\GDI32.dll
0x00007ff92a2d0000 - 0x00007ff92a452000 	C:\WINDOWS\System32\gdi32full.dll
0x00007ff924b10000 - 0x00007ff924d89000 	C:\WINDOWS\WinSxS\amd64_microsoft.windows.common-controls_6595b64144ccf1df_6.0.14393.0_none_2d0f50fcbdb171b8\COMCTL32.dll
0x00007ff92bc30000 - 0x00007ff92bef7000 	C:\WINDOWS\System32\combase.dll
0x00007ff92a1b0000 - 0x00007ff92a2a5000 	C:\WINDOWS\System32\ucrtbase.dll
0x00007ff92a460000 - 0x00007ff92a4ca000 	C:\WINDOWS\System32\bcryptPrimitives.dll
0x00007ff92afe0000 - 0x00007ff92b00e000 	C:\WINDOWS\System32\IMM32.DLL
0x0000000063f90000 - 0x0000000064062000 	C:\Program Files\Java\jdk1.8.0_20\jre\bin\msvcr100.dll
0x0000000063730000 - 0x0000000063f88000 	C:\Program Files\Java\jdk1.8.0_20\jre\bin\server\jvm.dll
0x00007ff92bb20000 - 0x00007ff92bb28000 	C:\WINDOWS\System32\PSAPI.DLL
0x00007ff9279e0000 - 0x00007ff927a03000 	C:\WINDOWS\SYSTEM32\WINMM.dll
0x00007ff91cf40000 - 0x00007ff91cf49000 	C:\WINDOWS\SYSTEM32\WSOCK32.dll
0x00007ff92b4f0000 - 0x00007ff92b55a000 	C:\WINDOWS\System32\WS2_32.dll
0x0000000000db0000 - 0x0000000000ddb000 	C:\WINDOWS\SYSTEM32\WINMMBASE.dll
0x00007ff92a160000 - 0x00007ff92a1a2000 	C:\WINDOWS\System32\cfgmgr32.dll
0x0000000063720000 - 0x000000006372f000 	C:\Program Files\Java\jdk1.8.0_20\jre\bin\verify.dll
0x00000000636f0000 - 0x0000000063718000 	C:\Program Files\Java\jdk1.8.0_20\jre\bin\java.dll
0x00000000636d0000 - 0x00000000636e6000 	C:\Program Files\Java\jdk1.8.0_20\jre\bin\zip.dll
0x00007ff92c4a0000 - 0x00007ff92d9a8000 	C:\WINDOWS\System32\SHELL32.dll
0x00007ff92a860000 - 0x00007ff92af3a000 	C:\WINDOWS\System32\windows.storage.dll
0x00007ff929e40000 - 0x00007ff929e8c000 	C:\WINDOWS\System32\powrprof.dll
0x00007ff92b990000 - 0x00007ff92b9e2000 	C:\WINDOWS\System32\shlwapi.dll
0x00007ff929e90000 - 0x00007ff929e9f000 	C:\WINDOWS\System32\kernel.appcore.dll
0x00007ff92a4d0000 - 0x00007ff92a579000 	C:\WINDOWS\System32\shcore.dll
0x00007ff929e20000 - 0x00007ff929e34000 	C:\WINDOWS\System32\profapi.dll
0x00007ff9197a0000 - 0x00007ff919932000 	C:\WINDOWS\SYSTEM32\dbghelp.dll

VM Arguments:
jvm_args: -Djava.awt.headless=true -Xmx50g -Dfile.encoding=windows-1251 -Duser.country=RU -Duser.language=ru -Duser.variant 
java_command: com.android.dx.command.Main --dex --num-threads=4 --multi-dex --main-dex-list C:\Users\User\Documents\GitHub\iCRM\iCRM\app\build\intermediates\multi-dex\debug\maindexlist.txt --output C:\Users\User\Documents\GitHub\iCRM\iCRM\app\build\intermediates\transforms\dex\debug\folders\1000\1f\main C:\Users\User\Documents\GitHub\iCRM\iCRM\app\build\intermediates\transforms\jarMerging\debug\jars\1\1f\combined.jar
java_class_path (initial): C:\Users\User\AppData\Local\Android\sdk\build-tools\23.0.3\lib\dx.jar
Launcher Type: SUN_STANDARD

Environment Variables:
PATH=C:\ProgramData\Oracle\Java\javapath;C:\Program Files\Broadcom\Broadcom 802.11 Network Adapter;C:\Program Files (x86)\NVIDIA Corporation\PhysX\Common;C:\Program Files (x86)\Intel\iCLS Client\;C:\Program Files\Intel\iCLS Client\;C:\Windows\system32;C:\Windows;C:\Windows\System32\Wbem;C:\Windows\System32\WindowsPowerShell\v1.0\;C:\Program Files\Intel\Intel(R) Management Engine Components\DAL;C:\Program Files\Intel\Intel(R) Management Engine Components\IPT;C:\Program Files (x86)\Intel\Intel(R) Management Engine Components\DAL;C:\Program Files (x86)\Intel\Intel(R) Management Engine Components\IPT;C:\Program Files\WIDCOMM\Bluetooth Software\;C:\Program Files\WIDCOMM\Bluetooth Software\syswow64;C:\Program Files\Acer\Remote Files\;C:\Program Files (x86)\Skype\Phone\;C:\Program Files\OpenVPN\bin;C:\WINDOWS\system32;C:\WINDOWS;C:\WINDOWS\System32\Wbem;C:\WINDOWS\System32\WindowsPowerShell\v1.0\;C:\Users\User\AppData\Local\Microsoft\WindowsApps;
USERNAME=User
OS=Windows_NT
PROCESSOR_IDENTIFIER=Intel64 Family 6 Model 69 Stepping 1, GenuineIntel



---------------  S Y S T E M  ---------------

OS: Windows 8.1 , 64 bit Build 9600 

CPU:total 4 (2 cores per cpu, 2 threads per core) family 6 model 69 stepping 1, cmov, cx8, fxsr, mmx, sse, sse2, sse3, ssse3, sse4.1, sse4.2, popcnt, avx, avx2, aes, clmul, erms, lzcnt, ht, tsc, tscinvbit, bmi1, bmi2

Memory: 4k page, physical 8310040k(238228k free), swap 12406040k(67824k free)

vm_info: Java HotSpot(TM) 64-Bit Server VM (25.20-b23) for windows-amd64 JRE (1.8.0_20-b26), built on Jul 30 2014 13:51:23 by "java_re" with MS VC++ 10.0 (VS2010)

time: Wed Oct 12 16:47:40 2016
elapsed time: 63 seconds (0d 0h 1m 3s)

