#
# There is insufficient memory for the Java Runtime Environment to continue.
# Native memory allocation (malloc) failed to allocate 1915936 bytes for Chunk::new
# Possible reasons:
#   The system is out of physical RAM or swap space
#   In 32 bit mode, the process size limit was hit
# Possible solutions:
#   Reduce memory load on the system
#   Increase physical memory or swap space
#   Check if swap backing store is full
#   Use 64 bit Java on a 64 bit OS
#   Decrease Java heap size (-Xmx/-Xms)
#   Decrease number of Java threads
#   Decrease Java thread stack sizes (-Xss)
#   Set larger code cache with -XX:ReservedCodeCacheSize=
# This output file may be truncated or incomplete.
#
#  Out of Memory Error (allocation.cpp:390), pid=11236, tid=11200
#
# JRE version: Java(TM) SE Runtime Environment (8.0_20-b26) (build 1.8.0_20-b26)
# Java VM: Java HotSpot(TM) 64-Bit Server VM (25.20-b23 mixed mode windows-amd64 )
# Failed to write core dump. Minidumps are not enabled by default on client versions of Windows
#

---------------  T H R E A D  ---------------

Current thread (0x0000000023c4b800):  JavaThread "C2 CompilerThread0" daemon [_thread_in_native, id=11200, stack(0x00000000250a0000,0x00000000251a0000)]

Stack: [0x00000000250a0000,0x00000000251a0000]
Native frames: (J=compiled Java code, j=interpreted, Vv=VM code, C=native code)
V  [jvm.dll+0x3152fa]
V  [jvm.dll+0x265d03]
V  [jvm.dll+0x266943]
V  [jvm.dll+0x25e265]
V  [jvm.dll+0xbe255]
V  [jvm.dll+0xbe6fc]
V  [jvm.dll+0x45c472]
V  [jvm.dll+0x49d76f]
V  [jvm.dll+0x451911]
V  [jvm.dll+0x452634]
V  [jvm.dll+0x435fc2]
V  [jvm.dll+0x97b62]
V  [jvm.dll+0x98353]
V  [jvm.dll+0x22aac4]
V  [jvm.dll+0x283f5a]
C  [msvcr100.dll+0x21d9f]
C  [msvcr100.dll+0x21e3b]
C  [KERNEL32.DLL+0x8364]
C  [ntdll.dll+0x65e91]


Current CompileTask:
C2:  31658 2721       4       com.android.dx.dex.cf.CfTranslator::translate0 (259 bytes)


---------------  P R O C E S S  ---------------

Java Threads: ( => current thread )
  0x00000000256ad000 JavaThread "pool-2-thread-4" [_thread_in_Java, id=13276, stack(0x0000000027570000,0x0000000027670000)]
  0x0000000025c18000 JavaThread "pool-2-thread-3" [_thread_in_Java, id=1400, stack(0x0000000027470000,0x0000000027570000)]
  0x0000000025bb4800 JavaThread "pool-2-thread-2" [_thread_in_Java, id=11212, stack(0x0000000027370000,0x0000000027470000)]
  0x0000000025bb4000 JavaThread "pool-3-thread-1" [_thread_blocked, id=3048, stack(0x0000000027270000,0x0000000027370000)]
  0x0000000025d9c000 JavaThread "pool-2-thread-1" [_thread_in_Java, id=12340, stack(0x0000000027170000,0x0000000027270000)]
  0x00000000253cd800 JavaThread "Service Thread" daemon [_thread_blocked, id=9592, stack(0x00000000257a0000,0x00000000258a0000)]
  0x0000000023c54000 JavaThread "C1 CompilerThread2" daemon [_thread_blocked, id=13052, stack(0x00000000252a0000,0x00000000253a0000)]
  0x0000000023c4e000 JavaThread "C2 CompilerThread1" daemon [_thread_in_native, id=9600, stack(0x00000000251a0000,0x00000000252a0000)]
=>0x0000000023c4b800 JavaThread "C2 CompilerThread0" daemon [_thread_in_native, id=11200, stack(0x00000000250a0000,0x00000000251a0000)]
  0x0000000023c4a000 JavaThread "Attach Listener" daemon [_thread_blocked, id=5928, stack(0x0000000024fa0000,0x00000000250a0000)]
  0x0000000023c48800 JavaThread "Signal Dispatcher" daemon [_thread_blocked, id=1276, stack(0x0000000024ea0000,0x0000000024fa0000)]
  0x0000000001636000 JavaThread "Finalizer" daemon [_thread_blocked, id=8184, stack(0x0000000024da0000,0x0000000024ea0000)]
  0x000000000162d000 JavaThread "Reference Handler" daemon [_thread_blocked, id=11844, stack(0x0000000024ca0000,0x0000000024da0000)]
  0x0000000001542800 JavaThread "main" [_thread_in_Java, id=8708, stack(0x0000000001370000,0x0000000001470000)]

Other Threads:
  0x0000000023c15800 VMThread [stack: 0x0000000024ba0000,0x0000000024ca0000] [id=8544]
  0x00000000253d5800 WatcherThread [stack: 0x00000000258a0000,0x00000000259a0000] [id=10300]

VM state:not at safepoint (normal execution)

VM Mutex/Monitor currently owned by a thread: None

Heap:
 PSYoungGen      total 953856K, used 274299K [0x00000008d5580000, 0x0000000934980000, 0x0000000d00000000)
  eden space 684032K, 21% used [0x00000008d5580000,0x00000008de400d10,0x00000008ff180000)
  from space 269824K, 47% used [0x0000000916300000,0x000000091e05e020,0x0000000926a80000)
  to   space 378368K, 0% used [0x00000008ff180000,0x00000008ff180000,0x0000000916300000)
 ParOldGen       total 895488K, used 895199K [0x0000000080000000, 0x00000000b6a80000, 0x00000008d5580000)
  object space 895488K, 99% used [0x0000000080000000,0x00000000b6a37f08,0x00000000b6a80000)
 Metaspace       used 6730K, capacity 6920K, committed 7168K, reserved 8192K

Card table byte_map: [0x0000000012400000,0x0000000018810000] byte_map_base: 0x0000000012000000

Marking Bits: (ParMarkBitMap*) 0x000000005196b460
 Begin Bits: [0x0000000d00000000, 0x0000000d32000000)
 End Bits:   [0x0000000d32000000, 0x0000000d64000000)

Polling page: 0x0000000000fc0000

CodeCache: size=245760Kb used=11522Kb max_used=11868Kb free=234237Kb
 bounds [0x0000000003400000, 0x0000000003fc0000, 0x0000000012400000]
 total_blobs=2624 nmethods=2352 adapters=185
 compilation: enabled

Compilation events (10 events):
Event: 31.444 Thread 0x0000000023c54000 2774       3       com.android.dx.util.ListIntSet::add (26 bytes)
Event: 31.444 Thread 0x0000000023c54000 nmethod 2774 0x00000000037ba1d0 code [0x00000000037ba340, 0x00000000037ba658]
Event: 31.450 Thread 0x0000000023c54000 2778       3       com.android.dx.ssa.SetFactory::makeLivenessSet (26 bytes)
Event: 31.451 Thread 0x0000000023c54000 nmethod 2778 0x000000000395f990 code [0x000000000395fb80, 0x0000000003960538]
Event: 31.452 Thread 0x0000000023c54000 2779       2       com.android.dx.ssa.SsaBasicBlock::addLiveOut (32 bytes)
Event: 31.453 Thread 0x0000000023c54000 nmethod 2779 0x0000000003c04150 code [0x0000000003c042e0, 0x0000000003c046a8]
Event: 31.458 Thread 0x0000000023c4e000 nmethod 2769% 0x0000000003967c10 code [0x0000000003967da0, 0x0000000003968838]
Event: 31.462 Thread 0x0000000023c4e000 2781       4       com.android.dx.ssa.back.LivenessAnalyzer::liveOutAtStatement (61 bytes)
Event: 31.572 Thread 0x0000000023c4e000 nmethod 2781 0x0000000003eba390 code [0x0000000003eba5e0, 0x0000000003ebcc08]
Event: 31.572 Thread 0x0000000023c4e000 2790       4       com.android.dx.ssa.back.LivenessAnalyzer::handleTailRecursion (94 bytes)

GC Heap History (10 events):
Event: 20.681 GC heap before
{Heap before GC invocations=19 (full 3):
 PSYoungGen      total 784384K, used 784372K [0x00000008d5580000, 0x000000091d180000, 0x0000000d00000000)
  eden space 595968K, 100% used [0x00000008d5580000,0x00000008f9b80000,0x00000008f9b80000)
  from space 188416K, 99% used [0x00000008f9b80000,0x000000090537d3e0,0x0000000905380000)
  to   space 224256K, 0% used [0x000000090f680000,0x000000090f680000,0x000000091d180000)
 ParOldGen       total 605184K, used 394537K [0x0000000080000000, 0x00000000a4f00000, 0x00000008d5580000)
  object space 605184K, 65% used [0x0000000080000000,0x000000009814a6c8,0x00000000a4f00000)
 Metaspace       used 6718K, capacity 6920K, committed 7168K, reserved 8192K
Event: 21.011 GC heap after
Heap after GC invocations=19 (full 3):
 PSYoungGen      total 926208K, used 187126K [0x00000008d5580000, 0x0000000921180000, 0x0000000d00000000)
  eden space 701952K, 0% used [0x00000008d5580000,0x00000008d5580000,0x0000000900300000)
  from space 224256K, 83% used [0x000000090f680000,0x000000091ad3da88,0x000000091d180000)
  to   space 249344K, 0% used [0x0000000900300000,0x0000000900300000,0x000000090f680000)
 ParOldGen       total 605184K, used 496749K [0x0000000080000000, 0x00000000a4f00000, 0x00000008d5580000)
  object space 605184K, 82% used [0x0000000080000000,0x000000009e51b760,0x00000000a4f00000)
 Metaspace       used 6718K, capacity 6920K, committed 7168K, reserved 8192K
}
Event: 21.011 GC heap before
{Heap before GC invocations=20 (full 4):
 PSYoungGen      total 926208K, used 187126K [0x00000008d5580000, 0x0000000921180000, 0x0000000d00000000)
  eden space 701952K, 0% used [0x00000008d5580000,0x00000008d5580000,0x0000000900300000)
  from space 224256K, 83% used [0x000000090f680000,0x000000091ad3da88,0x000000091d180000)
  to   space 249344K, 0% used [0x0000000900300000,0x0000000900300000,0x000000090f680000)
 ParOldGen       total 605184K, used 496749K [0x0000000080000000, 0x00000000a4f00000, 0x00000008d5580000)
  object space 605184K, 82% used [0x0000000080000000,0x000000009e51b760,0x00000000a4f00000)
 Metaspace       used 6718K, capacity 6920K, committed 7168K, reserved 8192K
Event: 23.257 GC heap after
Heap after GC invocations=20 (full 4):
 PSYoungGen      total 926208K, used 75493K [0x00000008d5580000, 0x0000000921180000, 0x0000000d00000000)
  eden space 701952K, 0% used [0x00000008d5580000,0x00000008d5580000,0x0000000900300000)
  from space 224256K, 33% used [0x000000090f680000,0x0000000914039580,0x000000091d180000)
  to   space 249344K, 0% used [0x0000000900300000,0x0000000900300000,0x000000090f680000)
 ParOldGen       total 895488K, used 604986K [0x0000000080000000, 0x00000000b6a80000, 0x00000008d5580000)
  object space 895488K, 67% used [0x0000000080000000,0x00000000a4eceb10,0x00000000b6a80000)
 Metaspace       used 6718K, capacity 6920K, committed 7168K, reserved 8192K
}
Event: 25.112 GC heap before
{Heap before GC invocations=21 (full 4):
 PSYoungGen      total 926208K, used 777445K [0x00000008d5580000, 0x0000000921180000, 0x0000000d00000000)
  eden space 701952K, 100% used [0x00000008d5580000,0x0000000900300000,0x0000000900300000)
  from space 224256K, 33% used [0x000000090f680000,0x0000000914039580,0x000000091d180000)
  to   space 249344K, 0% used [0x0000000900300000,0x0000000900300000,0x000000090f680000)
 ParOldGen       total 895488K, used 604986K [0x0000000080000000, 0x00000000b6a80000, 0x00000008d5580000)
  object space 895488K, 67% used [0x0000000080000000,0x00000000a4eceb10,0x00000000b6a80000)
 Metaspace       used 6729K, capacity 6920K, committed 7168K, reserved 8192K
Event: 25.370 GC heap after
Heap after GC invocations=21 (full 4):
 PSYoungGen      total 951296K, used 190160K [0x00000008d5580000, 0x0000000926a80000, 0x0000000d00000000)
  eden space 701952K, 0% used [0x00000008d5580000,0x00000008d5580000,0x0000000900300000)
  from space 249344K, 76% used [0x0000000900300000,0x000000090bcb41d0,0x000000090f680000)
  to   space 269824K, 0% used [0x0000000916300000,0x0000000916300000,0x0000000926a80000)
 ParOldGen       total 895488K, used 604994K [0x0000000080000000, 0x00000000b6a80000, 0x00000008d5580000)
  object space 895488K, 67% used [0x0000000080000000,0x00000000a4ed0b10,0x00000000b6a80000)
 Metaspace       used 6729K, capacity 6920K, committed 7168K, reserved 8192K
}
Event: 27.261 GC heap before
{Heap before GC invocations=22 (full 4):
 PSYoungGen      total 951296K, used 892112K [0x00000008d5580000, 0x0000000926a80000, 0x0000000d00000000)
  eden space 701952K, 100% used [0x00000008d5580000,0x0000000900300000,0x0000000900300000)
  from space 249344K, 76% used [0x0000000900300000,0x000000090bcb41d0,0x000000090f680000)
  to   space 269824K, 0% used [0x0000000916300000,0x0000000916300000,0x0000000926a80000)
 ParOldGen       total 895488K, used 604994K [0x0000000080000000, 0x00000000b6a80000, 0x00000008d5580000)
  object space 895488K, 67% used [0x0000000080000000,0x00000000a4ed0b10,0x00000000b6a80000)
 Metaspace       used 6730K, capacity 6920K, committed 7168K, reserved 8192K
Event: 27.732 GC heap after
Heap after GC invocations=22 (full 4):
 PSYoungGen      total 953856K, used 269794K [0x00000008d5580000, 0x0000000934980000, 0x0000000d00000000)
  eden space 684032K, 0% used [0x00000008d5580000,0x00000008d5580000,0x00000008ff180000)
  from space 269824K, 99% used [0x0000000916300000,0x0000000926a78bc0,0x0000000926a80000)
  to   space 378368K, 0% used [0x00000008ff180000,0x00000008ff180000,0x0000000916300000)
 ParOldGen       total 895488K, used 776048K [0x0000000080000000, 0x00000000b6a80000, 0x00000008d5580000)
  object space 895488K, 86% used [0x0000000080000000,0x00000000af5dc3d0,0x00000000b6a80000)
 Metaspace       used 6730K, capacity 6920K, committed 7168K, reserved 8192K
}
Event: 27.732 GC heap before
{Heap before GC invocations=23 (full 5):
 PSYoungGen      total 953856K, used 269794K [0x00000008d5580000, 0x0000000934980000, 0x0000000d00000000)
  eden space 684032K, 0% used [0x00000008d5580000,0x00000008d5580000,0x00000008ff180000)
  from space 269824K, 99% used [0x0000000916300000,0x0000000926a78bc0,0x0000000926a80000)
  to   space 378368K, 0% used [0x00000008ff180000,0x00000008ff180000,0x0000000916300000)
 ParOldGen       total 895488K, used 776048K [0x0000000080000000, 0x00000000b6a80000, 0x00000008d5580000)
  object space 895488K, 86% used [0x0000000080000000,0x00000000af5dc3d0,0x00000000b6a80000)
 Metaspace       used 6730K, capacity 6920K, committed 7168K, reserved 8192K
Event: 31.161 GC heap after
Heap after GC invocations=23 (full 5):
 PSYoungGen      total 953856K, used 128376K [0x00000008d5580000, 0x0000000934980000, 0x0000000d00000000)
  eden space 684032K, 0% used [0x00000008d5580000,0x00000008d5580000,0x00000008ff180000)
  from space 269824K, 47% used [0x0000000916300000,0x000000091e05e020,0x0000000926a80000)
  to   space 378368K, 0% used [0x00000008ff180000,0x00000008ff180000,0x0000000916300000)
 ParOldGen       total 895488K, used 895199K [0x0000000080000000, 0x00000000b6a80000, 0x00000008d5580000)
  object space 895488K, 99% used [0x0000000080000000,0x00000000b6a37f08,0x00000000b6a80000)
 Metaspace       used 6730K, capacity 6920K, committed 7168K, reserved 8192K
}

Deoptimization events (10 events):
Event: 23.762 Thread 0x0000000025c18000 Uncommon trap: reason=class_check action=maybe_recompile pc=0x0000000003ea5560 method=com.android.dx.ssa.SsaConverter.placePhiFunctions(Lcom/android/dx/ssa/SsaMethod;Lcom/android/dx/ssa/LocalVariableInfo;I)V @ 266
Event: 31.434 Thread 0x00000000256ad000 Uncommon trap: reason=predicate action=maybe_recompile pc=0x000000000356fa98 method=com.android.dx.ssa.back.InterferenceGraph.<init>(I)V @ 23
Event: 31.438 Thread 0x00000000256ad000 Uncommon trap: reason=unloaded action=reinterpret pc=0x0000000003883644 method=com.android.dx.ssa.SetFactory.makeLivenessSet(I)Lcom/android/dx/util/IntSet; @ 18
Event: 31.438 Thread 0x00000000256ad000 Uncommon trap: reason=unloaded action=reinterpret pc=0x000000000386b570 method=com.android.dx.ssa.SetFactory.makeLivenessSet(I)Lcom/android/dx/util/IntSet; @ 18
Event: 31.450 Thread 0x00000000256ad000 Uncommon trap: reason=class_check action=maybe_recompile pc=0x00000000038a8d54 method=com.android.dx.ssa.back.InterferenceGraph.add(II)V @ 19
Event: 31.450 Thread 0x00000000256ad000 Uncommon trap: reason=class_check action=maybe_recompile pc=0x00000000038a8d54 method=com.android.dx.ssa.back.InterferenceGraph.add(II)V @ 19
Event: 31.450 Thread 0x00000000256ad000 Uncommon trap: reason=class_check action=maybe_recompile pc=0x00000000038a8d54 method=com.android.dx.ssa.back.InterferenceGraph.add(II)V @ 19
Event: 31.450 Thread 0x00000000256ad000 Uncommon trap: reason=class_check action=maybe_recompile pc=0x00000000038a8d54 method=com.android.dx.ssa.back.InterferenceGraph.add(II)V @ 19
Event: 31.450 Thread 0x00000000256ad000 Uncommon trap: reason=class_check action=maybe_recompile pc=0x0000000003749a9c method=com.android.dx.ssa.back.InterferenceGraph.add(II)V @ 19
Event: 31.491 Thread 0x0000000025d9c000 Uncommon trap: reason=predicate action=maybe_recompile pc=0x000000000354a9ec method=com.android.dx.ssa.back.InterferenceGraph.<init>(I)V @ 23

Internal exceptions (10 events):
Event: 1.764 Thread 0x0000000025bb4800 Exception <a 'java/lang/ArrayIndexOutOfBoundsException'> (0x00000008daa67100) thrown at [D:\re\workspace\8-2-build-windows-amd64-cygwin\jdk8u20\1074\hotspot\src\share\vm\runtime\sharedRuntime.cpp, line 604]
Event: 2.690 Thread 0x0000000001542800 Exception <a 'java/security/PrivilegedActionException'> (0x00000008d7204770) thrown at [D:\re\workspace\8-2-build-windows-amd64-cygwin\jdk8u20\1074\hotspot\src\share\vm\prims\jvm.cpp, line 1275]
Event: 5.519 Thread 0x00000000256ad000 Implicit null exception at 0x0000000003ca9c70 to 0x0000000003cb1aa1
Event: 9.646 Thread 0x0000000001542800 Exception <a 'java/security/PrivilegedActionException'> (0x00000008e7471000) thrown at [D:\re\workspace\8-2-build-windows-amd64-cygwin\jdk8u20\1074\hotspot\src\share\vm\prims\jvm.cpp, line 1275]
Event: 9.651 Thread 0x0000000001542800 Implicit null exception at 0x00000000035e0f68 to 0x00000000035e1559
Event: 19.481 Thread 0x0000000025d9c000 Exception <a 'java/security/PrivilegedActionException'> (0x00000008da2377b8) thrown at [D:\re\workspace\8-2-build-windows-amd64-cygwin\jdk8u20\1074\hotspot\src\share\vm\prims\jvm.cpp, line 1275]
Event: 19.625 Thread 0x0000000001542800 Exception <a 'java/security/PrivilegedActionException'> (0x00000008dd5bc8d8) thrown at [D:\re\workspace\8-2-build-windows-amd64-cygwin\jdk8u20\1074\hotspot\src\share\vm\prims\jvm.cpp, line 1275]
Event: 19.840 Thread 0x0000000025d9c000 Exception <a 'java/security/PrivilegedActionException'> (0x00000008e00fe5a0) thrown at [D:\re\workspace\8-2-build-windows-amd64-cygwin\jdk8u20\1074\hotspot\src\share\vm\prims\jvm.cpp, line 1275]
Event: 23.749 Thread 0x0000000025c18000 Exception <a 'java/security/PrivilegedActionException'> (0x00000008e2d3b058) thrown at [D:\re\workspace\8-2-build-windows-amd64-cygwin\jdk8u20\1074\hotspot\src\share\vm\prims\jvm.cpp, line 1275]
Event: 23.760 Thread 0x0000000025c18000 Exception <a 'java/security/PrivilegedActionException'> (0x00000008e2dd05a0) thrown at [D:\re\workspace\8-2-build-windows-amd64-cygwin\jdk8u20\1074\hotspot\src\share\vm\prims\jvm.cpp, line 1275]

Events (10 events):
Event: 31.450 Thread 0x00000000256ad000 Uncommon trap: trap_request=0xffffffde fr.pc=0x0000000003749a9c
Event: 31.450 Thread 0x00000000256ad000 DEOPT PACKING pc=0x0000000003749a9c sp=0x000000002766ea80
Event: 31.450 Thread 0x00000000256ad000 DEOPT UNPACKING pc=0x000000000344556a sp=0x000000002766ea98 mode 2
Event: 31.452 Thread 0x0000000023c54000 flushing nmethod 0x0000000003bdac10
Event: 31.460 Thread 0x0000000023c4e000 flushing nmethod 0x0000000003e6b450
Event: 31.461 Thread 0x0000000023c4e000 flushing nmethod 0x0000000003eacbd0
Event: 31.461 Thread 0x0000000023c4e000 flushing nmethod 0x0000000003ecbfd0
Event: 31.491 Thread 0x0000000025d9c000 Uncommon trap: trap_request=0xffffff86 fr.pc=0x000000000354a9ec
Event: 31.491 Thread 0x0000000025d9c000 DEOPT PACKING pc=0x000000000354a9ec sp=0x000000002726ef00
Event: 31.491 Thread 0x0000000025d9c000 DEOPT UNPACKING pc=0x000000000344556a sp=0x000000002726ef08 mode 2


Dynamic libraries:
0x00007ff63a9b0000 - 0x00007ff63a9e4000 	C:\Program Files\Java\jdk1.8.0_20\bin\java.exe
0x00007ff8b1230000 - 0x00007ff8b1401000 	C:\WINDOWS\SYSTEM32\ntdll.dll
0x00007ff8b02d0000 - 0x00007ff8b037b000 	C:\WINDOWS\System32\KERNEL32.DLL
0x00007ff8add70000 - 0x00007ff8adf8d000 	C:\WINDOWS\System32\KERNELBASE.dll
0x00007ff8aec10000 - 0x00007ff8aecb2000 	C:\WINDOWS\System32\ADVAPI32.dll
0x00007ff8aea90000 - 0x00007ff8aeb2e000 	C:\WINDOWS\System32\msvcrt.dll
0x00007ff8b0f30000 - 0x00007ff8b0f89000 	C:\WINDOWS\System32\sechost.dll
0x00007ff8b0be0000 - 0x00007ff8b0d01000 	C:\WINDOWS\System32\RPCRT4.dll
0x00007ff8b0f90000 - 0x00007ff8b10f5000 	C:\WINDOWS\System32\USER32.dll
0x00007ff8ad8b0000 - 0x00007ff8ad8ce000 	C:\WINDOWS\System32\win32u.dll
0x00007ff8b01d0000 - 0x00007ff8b0204000 	C:\WINDOWS\System32\GDI32.dll
0x00007ff8ad720000 - 0x00007ff8ad8a2000 	C:\WINDOWS\System32\gdi32full.dll
0x00007ff8a7aa0000 - 0x00007ff8a7d1a000 	C:\WINDOWS\WinSxS\amd64_microsoft.windows.common-controls_6595b64144ccf1df_6.0.14393.351_none_4213128bc687e6d3\COMCTL32.dll
0x00007ff8b07b0000 - 0x00007ff8b0a77000 	C:\WINDOWS\System32\combase.dll
0x00007ff8ad940000 - 0x00007ff8ada35000 	C:\WINDOWS\System32\ucrtbase.dll
0x00007ff8ad8d0000 - 0x00007ff8ad93a000 	C:\WINDOWS\System32\bcryptPrimitives.dll
0x00007ff8ae820000 - 0x00007ff8ae84e000 	C:\WINDOWS\System32\IMM32.DLL
0x00000000519f0000 - 0x0000000051ac2000 	C:\Program Files\Java\jdk1.8.0_20\jre\bin\msvcr100.dll
0x0000000051190000 - 0x00000000519e8000 	C:\Program Files\Java\jdk1.8.0_20\jre\bin\server\jvm.dll
0x00007ff8aeb30000 - 0x00007ff8aeb38000 	C:\WINDOWS\System32\PSAPI.DLL
0x00007ff8ab450000 - 0x00007ff8ab473000 	C:\WINDOWS\SYSTEM32\WINMM.dll
0x00007ff8a2d60000 - 0x00007ff8a2d69000 	C:\WINDOWS\SYSTEM32\WSOCK32.dll
0x00007ff8b11c0000 - 0x00007ff8b122a000 	C:\WINDOWS\System32\WS2_32.dll
0x00007ff8ab420000 - 0x00007ff8ab44b000 	C:\WINDOWS\SYSTEM32\WINMMBASE.dll
0x00007ff8ae770000 - 0x00007ff8ae7b2000 	C:\WINDOWS\System32\cfgmgr32.dll
0x0000000052c40000 - 0x0000000052c4f000 	C:\Program Files\Java\jdk1.8.0_20\jre\bin\verify.dll
0x0000000052c10000 - 0x0000000052c38000 	C:\Program Files\Java\jdk1.8.0_20\jre\bin\java.dll
0x0000000052bf0000 - 0x0000000052c06000 	C:\Program Files\Java\jdk1.8.0_20\jre\bin\zip.dll
0x00007ff8aecc0000 - 0x00007ff8b01c9000 	C:\WINDOWS\System32\SHELL32.dll
0x00007ff8ae090000 - 0x00007ff8ae76a000 	C:\WINDOWS\System32\windows.storage.dll
0x00007ff8ad6c0000 - 0x00007ff8ad70c000 	C:\WINDOWS\System32\powrprof.dll
0x00007ff8aebb0000 - 0x00007ff8aec02000 	C:\WINDOWS\System32\shlwapi.dll
0x00007ff8ad710000 - 0x00007ff8ad71f000 	C:\WINDOWS\System32\kernel.appcore.dll
0x00007ff8ada40000 - 0x00007ff8adae9000 	C:\WINDOWS\System32\shcore.dll
0x00007ff8ad6a0000 - 0x00007ff8ad6b4000 	C:\WINDOWS\System32\profapi.dll
0x0000000052bd0000 - 0x0000000052bea000 	C:\Program Files\Java\jdk1.8.0_20\jre\bin\net.dll
0x00007ff8ace40000 - 0x00007ff8ace9c000 	C:\WINDOWS\system32\mswsock.dll
0x00007ff8acbd0000 - 0x00007ff8acc08000 	C:\WINDOWS\SYSTEM32\IPHLPAPI.DLL
0x00007ff8b11b0000 - 0x00007ff8b11b8000 	C:\WINDOWS\System32\NSI.dll
0x00007ff8a55c0000 - 0x00007ff8a55d6000 	C:\WINDOWS\SYSTEM32\dhcpcsvc6.DLL
0x00007ff8a5570000 - 0x00007ff8a558a000 	C:\WINDOWS\SYSTEM32\dhcpcsvc.DLL
0x00007ff89e170000 - 0x00007ff89e302000 	C:\WINDOWS\SYSTEM32\dbghelp.dll

VM Arguments:
jvm_args: -Djava.awt.headless=true -Xmx50g -Dfile.encoding=windows-1251 -Duser.country=RU -Duser.language=ru -Duser.variant 
java_command: com.android.dx.command.Main --dex --num-threads=4 --multi-dex --main-dex-list C:\Users\User\Documents\GitHub\iCRM\iCRM\app\build\intermediates\multi-dex\debug\maindexlist.txt --output C:\Users\User\Documents\GitHub\iCRM\iCRM\app\build\intermediates\transforms\dex\debug\folders\1000\1f\main C:\Users\User\Documents\GitHub\iCRM\iCRM\app\build\intermediates\transforms\jarMerging\debug\jars\1\1f\combined.jar
java_class_path (initial): C:\Users\User\AppData\Local\Android\sdk\build-tools\23.0.3\lib\dx.jar
Launcher Type: SUN_STANDARD

Environment Variables:
PATH=C:\ProgramData\Oracle\Java\javapath;C:\Program Files\Broadcom\Broadcom 802.11 Network Adapter;C:\Program Files (x86)\NVIDIA Corporation\PhysX\Common;C:\Program Files (x86)\Intel\iCLS Client\;C:\Program Files\Intel\iCLS Client\;C:\Windows\system32;C:\Windows;C:\Windows\System32\Wbem;C:\Windows\System32\WindowsPowerShell\v1.0\;C:\Program Files\Intel\Intel(R) Management Engine Components\DAL;C:\Program Files\Intel\Intel(R) Management Engine Components\IPT;C:\Program Files (x86)\Intel\Intel(R) Management Engine Components\DAL;C:\Program Files (x86)\Intel\Intel(R) Management Engine Components\IPT;C:\Program Files\WIDCOMM\Bluetooth Software\;C:\Program Files\WIDCOMM\Bluetooth Software\syswow64;C:\Program Files\Acer\Remote Files\;C:\Program Files (x86)\Skype\Phone\;C:\Program Files\OpenVPN\bin;C:\WINDOWS\system32;C:\WINDOWS;C:\WINDOWS\System32\Wbem;C:\WINDOWS\System32\WindowsPowerShell\v1.0\;C:\Users\User\AppData\Local\Microsoft\WindowsApps;
USERNAME=User
OS=Windows_NT
PROCESSOR_IDENTIFIER=Intel64 Family 6 Model 69 Stepping 1, GenuineIntel



---------------  S Y S T E M  ---------------

OS: Windows 8.1 , 64 bit Build 9600 

CPU:total 4 (2 cores per cpu, 2 threads per core) family 6 model 69 stepping 1, cmov, cx8, fxsr, mmx, sse, sse2, sse3, ssse3, sse4.1, sse4.2, popcnt, avx, avx2, aes, clmul, erms, lzcnt, ht, tsc, tscinvbit, bmi1, bmi2

Memory: 4k page, physical 8310040k(826412k free), swap 12406040k(5728k free)

vm_info: Java HotSpot(TM) 64-Bit Server VM (25.20-b23) for windows-amd64 JRE (1.8.0_20-b26), built on Jul 30 2014 13:51:23 by "java_re" with MS VC++ 10.0 (VS2010)

time: Sat Nov 05 00:23:03 2016
elapsed time: 31 seconds (0d 0h 0m 31s)

