#
# There is insufficient memory for the Java Runtime Environment to continue.
# Native memory allocation (malloc) failed to allocate 1162576 bytes for Chunk::new
# Possible reasons:
#   The system is out of physical RAM or swap space
#   In 32 bit mode, the process size limit was hit
# Possible solutions:
#   Reduce memory load on the system
#   Increase physical memory or swap space
#   Check if swap backing store is full
#   Use 64 bit Java on a 64 bit OS
#   Decrease Java heap size (-Xmx/-Xms)
#   Decrease number of Java threads
#   Decrease Java thread stack sizes (-Xss)
#   Set larger code cache with -XX:ReservedCodeCacheSize=
# This output file may be truncated or incomplete.
#
#  Out of Memory Error (allocation.cpp:390), pid=6148, tid=11456
#
# JRE version: Java(TM) SE Runtime Environment (8.0_20-b26) (build 1.8.0_20-b26)
# Java VM: Java HotSpot(TM) 64-Bit Server VM (25.20-b23 mixed mode windows-amd64 )
# Failed to write core dump. Minidumps are not enabled by default on client versions of Windows
#

---------------  T H R E A D  ---------------

Current thread (0x0000000001e40000):  JavaThread "C2 CompilerThread1" daemon [_thread_in_native, id=11456, stack(0x0000000024bb0000,0x0000000024cb0000)]

Stack: [0x0000000024bb0000,0x0000000024cb0000]
Native frames: (J=compiled Java code, j=interpreted, Vv=VM code, C=native code)
V  [jvm.dll+0x3152fa]
V  [jvm.dll+0x265d03]
V  [jvm.dll+0x266943]
V  [jvm.dll+0x25e265]
V  [jvm.dll+0xbe255]
V  [jvm.dll+0xbe6fc]
V  [jvm.dll+0x45c472]
V  [jvm.dll+0x49d76f]
V  [jvm.dll+0x4512bf]
V  [jvm.dll+0x452634]
V  [jvm.dll+0x435fc2]
V  [jvm.dll+0x97b62]
V  [jvm.dll+0x98353]
V  [jvm.dll+0x22aac4]
V  [jvm.dll+0x283f5a]
C  [msvcr100.dll+0x21d9f]
C  [msvcr100.dll+0x21e3b]
C  [KERNEL32.DLL+0x8364]
C  [ntdll.dll+0x670d1]


Current CompileTask:
C2:  66129 3271   !   4       com.android.dx.cf.code.RopperMachine::run (1550 bytes)


---------------  P R O C E S S  ---------------

Java Threads: ( => current thread )
  0x0000000025920800 JavaThread "pool-1-thread-2" [_thread_in_Java, id=4916, stack(0x00000000281a0000,0x00000000282a0000)]
  0x00000000276af800 JavaThread "pool-1-thread-1" [_thread_in_Java, id=9012, stack(0x0000000027080000,0x0000000027180000)]
  0x0000000024dd8800 JavaThread "Service Thread" daemon [_thread_blocked, id=9988, stack(0x00000000251b0000,0x00000000252b0000)]
  0x0000000001e46800 JavaThread "C1 CompilerThread2" daemon [_thread_blocked, id=12468, stack(0x0000000024cb0000,0x0000000024db0000)]
=>0x0000000001e40000 JavaThread "C2 CompilerThread1" daemon [_thread_in_native, id=11456, stack(0x0000000024bb0000,0x0000000024cb0000)]
  0x0000000001e3e000 JavaThread "C2 CompilerThread0" daemon [_thread_in_native, id=5580, stack(0x0000000024ab0000,0x0000000024bb0000)]
  0x0000000001e3c800 JavaThread "Attach Listener" daemon [_thread_blocked, id=13832, stack(0x00000000249b0000,0x0000000024ab0000)]
  0x0000000001e3b800 JavaThread "Signal Dispatcher" daemon [_thread_blocked, id=6244, stack(0x00000000248b0000,0x00000000249b0000)]
  0x00000000010e6000 JavaThread "Finalizer" daemon [_thread_blocked, id=1412, stack(0x00000000247b0000,0x00000000248b0000)]
  0x00000000010dd000 JavaThread "Reference Handler" daemon [_thread_blocked, id=8616, stack(0x00000000246b0000,0x00000000247b0000)]
  0x0000000000ff2800 JavaThread "main" [_thread_blocked, id=7956, stack(0x0000000000e80000,0x0000000000f80000)]

Other Threads:
  0x0000000001e05800 VMThread [stack: 0x00000000245b0000,0x00000000246b0000] [id=13804]
  0x0000000024dd9000 WatcherThread [stack: 0x00000000252b0000,0x00000000253b0000] [id=9932]

VM state:not at safepoint (normal execution)

VM Mutex/Monitor currently owned by a thread: None

Heap:
 PSYoungGen      total 880640K, used 512188K [0x00000008d5580000, 0x0000000921a80000, 0x0000000d00000000)
  eden space 622080K, 82% used [0x00000008d5580000,0x00000008f49af278,0x00000008fb500000)
  from space 258560K, 0% used [0x00000008fb500000,0x00000008fb500000,0x000000090b180000)
  to   space 280064K, 0% used [0x0000000910900000,0x0000000910900000,0x0000000921a80000)
 ParOldGen       total 1157120K, used 1157012K [0x0000000080000000, 0x00000000c6a00000, 0x00000008d5580000)
  object space 1157120K, 99% used [0x0000000080000000,0x00000000c69e5228,0x00000000c6a00000)
 Metaspace       used 6749K, capacity 6984K, committed 7168K, reserved 8192K

Card table byte_map: [0x0000000012400000,0x0000000018810000] byte_map_base: 0x0000000012000000

Marking Bits: (ParMarkBitMap*) 0x000000006dc9b460
 Begin Bits: [0x0000000d00000000, 0x0000000d32000000)
 End Bits:   [0x0000000d32000000, 0x0000000d64000000)

Polling page: 0x0000000000af0000

CodeCache: size=245760Kb used=14036Kb max_used=14086Kb free=231723Kb
 bounds [0x0000000003400000, 0x00000000041d0000, 0x0000000012400000]
 total_blobs=3118 nmethods=2851 adapters=179
 compilation: enabled

Compilation events (10 events):
Event: 65.462 Thread 0x0000000001e46800 3293       3       com.android.dx.cf.code.Ropper::forEachNonSubBlockDepthFirst0 (113 bytes)
Event: 65.463 Thread 0x0000000001e3e000 nmethod 3292 0x0000000003ed0c10 code [0x0000000003ed0d60, 0x0000000003ed0e38]
Event: 65.463 Thread 0x0000000001e46800 nmethod 3293 0x0000000003e8de50 code [0x0000000003e8e080, 0x0000000003e8ec08]
Event: 65.464 Thread 0x0000000001e3e000 3294       4       com.android.dx.cf.code.BaseMachine::localInfo (6 bytes)
Event: 65.465 Thread 0x0000000001e3e000 nmethod 3294 0x0000000003ed0ed0 code [0x0000000003ed1000, 0x0000000003ed1058]
Event: 65.465 Thread 0x0000000001e3e000 3295       4       com.android.dx.cf.code.BaseMachine::localArg (29 bytes)
Event: 65.468 Thread 0x0000000001e46800 3296       3       com.android.dx.rop.type.StdTypeList::withAddedType (55 bytes)
Event: 65.469 Thread 0x0000000001e3e000 nmethod 3295 0x0000000003ed0590 code [0x0000000003ed06e0, 0x0000000003ed0978]
Event: 65.470 Thread 0x0000000001e46800 nmethod 3296 0x0000000003e12c10 code [0x0000000003e12ea0, 0x0000000003e14158]
Event: 65.474 Thread 0x0000000001e3e000 3297       4       com.android.dx.dex.code.StdCatchBuilder::getCatchTypes (97 bytes)

GC Heap History (10 events):
Event: 47.078 GC heap before
{Heap before GC invocations=28 (full 6):
 PSYoungGen      total 880640K, used 821239K [0x00000008d5580000, 0x0000000921a80000, 0x0000000d00000000)
  eden space 622080K, 100% used [0x00000008d5580000,0x00000008fb500000,0x00000008fb500000)
  from space 258560K, 77% used [0x00000008fb500000,0x000000090777dfd0,0x000000090b180000)
  to   space 280064K, 0% used [0x0000000910900000,0x0000000910900000,0x0000000921a80000)
 ParOldGen       total 1139712K, used 1014957K [0x0000000080000000, 0x00000000c5900000, 0x00000008d5580000)
  object space 1139712K, 89% used [0x0000000080000000,0x00000000bdf2b580,0x00000000c5900000)
 Metaspace       used 6606K, capacity 6920K, committed 7168K, reserved 8192K
Event: 47.510 GC heap after
Heap after GC invocations=28 (full 6):
 PSYoungGen      total 902144K, used 280033K [0x00000008d5580000, 0x0000000921a80000, 0x0000000d00000000)
  eden space 622080K, 0% used [0x00000008d5580000,0x00000008d5580000,0x00000008fb500000)
  from space 280064K, 99% used [0x0000000910900000,0x0000000921a785a8,0x0000000921a80000)
  to   space 258560K, 0% used [0x00000008fb500000,0x00000008fb500000,0x000000090b180000)
 ParOldGen       total 1139712K, used 1031417K [0x0000000080000000, 0x00000000c5900000, 0x00000008d5580000)
  object space 1139712K, 90% used [0x0000000080000000,0x00000000bef3e628,0x00000000c5900000)
 Metaspace       used 6606K, capacity 6920K, committed 7168K, reserved 8192K
}
Event: 48.862 GC heap before
{Heap before GC invocations=29 (full 6):
 PSYoungGen      total 902144K, used 902113K [0x00000008d5580000, 0x0000000921a80000, 0x0000000d00000000)
  eden space 622080K, 100% used [0x00000008d5580000,0x00000008fb500000,0x00000008fb500000)
  from space 280064K, 99% used [0x0000000910900000,0x0000000921a785a8,0x0000000921a80000)
  to   space 258560K, 0% used [0x00000008fb500000,0x00000008fb500000,0x000000090b180000)
 ParOldGen       total 1139712K, used 1031417K [0x0000000080000000, 0x00000000c5900000, 0x00000008d5580000)
  object space 1139712K, 90% used [0x0000000080000000,0x00000000bef3e628,0x00000000c5900000)
 Metaspace       used 6713K, capacity 6984K, committed 7168K, reserved 8192K
Event: 49.294 GC heap after
Heap after GC invocations=29 (full 6):
 PSYoungGen      total 880640K, used 258559K [0x00000008d5580000, 0x0000000921a80000, 0x0000000d00000000)
  eden space 622080K, 0% used [0x00000008d5580000,0x00000008d5580000,0x00000008fb500000)
  from space 258560K, 99% used [0x00000008fb500000,0x000000090b17ffe0,0x000000090b180000)
  to   space 280064K, 0% used [0x0000000910900000,0x0000000910900000,0x0000000921a80000)
 ParOldGen       total 1157120K, used 1156928K [0x0000000080000000, 0x00000000c6a00000, 0x00000008d5580000)
  object space 1157120K, 99% used [0x0000000080000000,0x00000000c69d02d8,0x00000000c6a00000)
 Metaspace       used 6713K, capacity 6984K, committed 7168K, reserved 8192K
}
Event: 49.294 GC heap before
{Heap before GC invocations=30 (full 7):
 PSYoungGen      total 880640K, used 258559K [0x00000008d5580000, 0x0000000921a80000, 0x0000000d00000000)
  eden space 622080K, 0% used [0x00000008d5580000,0x00000008d5580000,0x00000008fb500000)
  from space 258560K, 99% used [0x00000008fb500000,0x000000090b17ffe0,0x000000090b180000)
  to   space 280064K, 0% used [0x0000000910900000,0x0000000910900000,0x0000000921a80000)
 ParOldGen       total 1157120K, used 1156928K [0x0000000080000000, 0x00000000c6a00000, 0x00000008d5580000)
  object space 1157120K, 99% used [0x0000000080000000,0x00000000c69d02d8,0x00000000c6a00000)
 Metaspace       used 6713K, capacity 6984K, committed 7168K, reserved 8192K
Event: 55.902 GC heap after
Heap after GC invocations=30 (full 7):
 PSYoungGen      total 880640K, used 89203K [0x00000008d5580000, 0x0000000921a80000, 0x0000000d00000000)
  eden space 622080K, 0% used [0x00000008d5580000,0x00000008d5580000,0x00000008fb500000)
  from space 258560K, 34% used [0x00000008fb500000,0x0000000900c1cd10,0x000000090b180000)
  to   space 280064K, 0% used [0x0000000910900000,0x0000000910900000,0x0000000921a80000)
 ParOldGen       total 1157120K, used 1156715K [0x0000000080000000, 0x00000000c6a00000, 0x00000008d5580000)
  object space 1157120K, 99% used [0x0000000080000000,0x00000000c699ae28,0x00000000c6a00000)
 Metaspace       used 6713K, capacity 6984K, committed 7168K, reserved 8192K
}
Event: 56.851 GC heap before
{Heap before GC invocations=31 (full 8):
 PSYoungGen      total 880640K, used 711283K [0x00000008d5580000, 0x0000000921a80000, 0x0000000d00000000)
  eden space 622080K, 100% used [0x00000008d5580000,0x00000008fb500000,0x00000008fb500000)
  from space 258560K, 34% used [0x00000008fb500000,0x0000000900c1cd10,0x000000090b180000)
  to   space 280064K, 0% used [0x0000000910900000,0x0000000910900000,0x0000000921a80000)
 ParOldGen       total 1157120K, used 1156718K [0x0000000080000000, 0x00000000c6a00000, 0x00000008d5580000)
  object space 1157120K, 99% used [0x0000000080000000,0x00000000c699b830,0x00000000c6a00000)
 Metaspace       used 6724K, capacity 6984K, committed 7168K, reserved 8192K
Event: 61.450 GC heap after
Heap after GC invocations=31 (full 8):
 PSYoungGen      total 880640K, used 189305K [0x00000008d5580000, 0x0000000921a80000, 0x0000000d00000000)
  eden space 622080K, 30% used [0x00000008d5580000,0x00000008e0e5e410,0x00000008fb500000)
  from space 258560K, 0% used [0x00000008fb500000,0x00000008fb500000,0x000000090b180000)
  to   space 280064K, 0% used [0x0000000910900000,0x0000000910900000,0x0000000921a80000)
 ParOldGen       total 1157120K, used 1157062K [0x0000000080000000, 0x00000000c6a00000, 0x00000008d5580000)
  object space 1157120K, 99% used [0x0000000080000000,0x00000000c69f1b50,0x00000000c6a00000)
 Metaspace       used 6724K, capacity 6984K, committed 7168K, reserved 8192K
}
Event: 61.497 GC heap before
{Heap before GC invocations=32 (full 9):
 PSYoungGen      total 880640K, used 209680K [0x00000008d5580000, 0x0000000921a80000, 0x0000000d00000000)
  eden space 622080K, 33% used [0x00000008d5580000,0x00000008e2244240,0x00000008fb500000)
  from space 258560K, 0% used [0x00000008fb500000,0x00000008fb500000,0x000000090b180000)
  to   space 280064K, 0% used [0x0000000910900000,0x0000000910900000,0x0000000921a80000)
 ParOldGen       total 1157120K, used 1157062K [0x0000000080000000, 0x00000000c6a00000, 0x00000008d5580000)
  object space 1157120K, 99% used [0x0000000080000000,0x00000000c69f1b50,0x00000000c6a00000)
 Metaspace       used 6724K, capacity 6984K, committed 7168K, reserved 8192K
Event: 65.390 GC heap after
Heap after GC invocations=32 (full 9):
 PSYoungGen      total 880640K, used 187145K [0x00000008d5580000, 0x0000000921a80000, 0x0000000d00000000)
  eden space 622080K, 30% used [0x00000008d5580000,0x00000008e0c42558,0x00000008fb500000)
  from space 258560K, 0% used [0x00000008fb500000,0x00000008fb500000,0x000000090b180000)
  to   space 280064K, 0% used [0x0000000910900000,0x0000000910900000,0x0000000921a80000)
 ParOldGen       total 1157120K, used 1157012K [0x0000000080000000, 0x00000000c6a00000, 0x00000008d5580000)
  object space 1157120K, 99% used [0x0000000080000000,0x00000000c69e5228,0x00000000c6a00000)
 Metaspace       used 6724K, capacity 6984K, committed 7168K, reserved 8192K
}

Deoptimization events (10 events):
Event: 56.846 Thread 0x0000000025920800 Uncommon trap: reason=class_check action=maybe_recompile pc=0x0000000003afd9ec method=com.android.dx.cf.code.BaseMachine.localArg(Lcom/android/dx/cf/code/Frame;I)V @ 14
Event: 56.846 Thread 0x0000000025920800 Uncommon trap: reason=null_assert action=make_not_entrant pc=0x0000000003bc59bc method=com.android.dx.cf.code.RopperMachine.run(Lcom/android/dx/cf/code/Frame;II)V @ 765
Event: 56.846 Thread 0x0000000025920800 Uncommon trap: reason=class_check action=maybe_recompile pc=0x0000000003b51f00 method=com.android.dx.cf.code.Frame.setImmutable()V @ 4
Event: 56.846 Thread 0x0000000025920800 Uncommon trap: reason=null_assert action=make_not_entrant pc=0x0000000003f3f384 method=com.android.dx.cf.code.RopperMachine.hasRet()Z @ 4
Event: 65.424 Thread 0x0000000025920800 Uncommon trap: reason=class_check action=maybe_recompile pc=0x00000000040e0e30 method=com.android.dx.rop.code.Insn.contentEquals(Lcom/android/dx/rop/code/Insn;)Z @ 65
Event: 65.460 Thread 0x000000002561f000 Uncommon trap: reason=class_check action=maybe_recompile pc=0x0000000003d58580 method=com.android.dx.cf.code.BaseMachine.storeResults(Lcom/android/dx/cf/code/Frame;)V @ 41
Event: 65.460 Thread 0x000000002561f000 Uncommon trap: reason=class_check action=maybe_recompile pc=0x0000000003afd9ec method=com.android.dx.cf.code.BaseMachine.localArg(Lcom/android/dx/cf/code/Frame;I)V @ 14
Event: 65.461 Thread 0x000000002561f000 Uncommon trap: reason=class_check action=maybe_recompile pc=0x0000000003afd9ec method=com.android.dx.cf.code.BaseMachine.localArg(Lcom/android/dx/cf/code/Frame;I)V @ 14
Event: 65.461 Thread 0x000000002561f000 Uncommon trap: reason=class_check action=maybe_recompile pc=0x0000000003d3df14 method=com.android.dx.cf.code.Frame.mergeWith(Lcom/android/dx/cf/code/Frame;)Lcom/android/dx/cf/code/Frame; @ 8
Event: 65.461 Thread 0x000000002561f000 Uncommon trap: reason=class_check action=maybe_recompile pc=0x0000000003d3df14 method=com.android.dx.cf.code.Frame.mergeWith(Lcom/android/dx/cf/code/Frame;)Lcom/android/dx/cf/code/Frame; @ 8

Internal exceptions (10 events):
Event: 43.637 Thread 0x0000000025806000 Implicit null exception at 0x0000000003faee74 to 0x0000000003fb5ee1
Event: 44.849 Thread 0x0000000025920800 Implicit null exception at 0x0000000003b94ddc to 0x0000000003b94e04
Event: 47.536 Thread 0x0000000000ff2800 Exception <a 'java/security/PrivilegedActionException'> (0x00000008d5af7d78) thrown at [D:\re\workspace\8-2-build-windows-amd64-cygwin\jdk8u20\1074\hotspot\src\share\vm\prims\jvm.cpp, line 1275]
Event: 47.615 Thread 0x00000000276af800 Exception <a 'java/security/PrivilegedActionException'> (0x00000008d6675720) thrown at [D:\re\workspace\8-2-build-windows-amd64-cygwin\jdk8u20\1074\hotspot\src\share\vm\prims\jvm.cpp, line 1275]
Event: 48.780 Thread 0x00000000276af800 Exception <a 'java/security/PrivilegedActionException'> (0x00000008f8fb3f60) thrown at [D:\re\workspace\8-2-build-windows-amd64-cygwin\jdk8u20\1074\hotspot\src\share\vm\prims\jvm.cpp, line 1275]
Event: 56.659 Thread 0x0000000025806000 Implicit null exception at 0x000000000376f87c to 0x000000000376f976
Event: 56.844 Thread 0x0000000025920800 Exception <a 'java/security/PrivilegedActionException'> (0x00000008fb1c1b18) thrown at [D:\re\workspace\8-2-build-windows-amd64-cygwin\jdk8u20\1074\hotspot\src\share\vm\prims\jvm.cpp, line 1275]
Event: 61.452 Thread 0x0000000025920800 Exception <a 'java/security/PrivilegedActionException'> (0x00000008e14697f8) thrown at [D:\re\workspace\8-2-build-windows-amd64-cygwin\jdk8u20\1074\hotspot\src\share\vm\prims\jvm.cpp, line 1275]
Event: 65.414 Thread 0x0000000025920800 Exception <a 'java/security/PrivilegedActionException'> (0x00000008e13fa380) thrown at [D:\re\workspace\8-2-build-windows-amd64-cygwin\jdk8u20\1074\hotspot\src\share\vm\prims\jvm.cpp, line 1275]
Event: 65.419 Thread 0x0000000025920800 Exception <a 'java/security/PrivilegedActionException'> (0x00000008e1401a58) thrown at [D:\re\workspace\8-2-build-windows-amd64-cygwin\jdk8u20\1074\hotspot\src\share\vm\prims\jvm.cpp, line 1275]

Events (10 events):
Event: 65.460 Thread 0x000000002561f000 DEOPT UNPACKING pc=0x000000000344556a sp=0x000000002707e280 mode 2
Event: 65.461 Thread 0x000000002561f000 Uncommon trap: trap_request=0xffffffde fr.pc=0x0000000003afd9ec
Event: 65.461 Thread 0x000000002561f000 DEOPT PACKING pc=0x0000000003afd9ec sp=0x000000002707e350
Event: 65.461 Thread 0x000000002561f000 DEOPT UNPACKING pc=0x000000000344556a sp=0x000000002707e280 mode 2
Event: 65.461 Thread 0x000000002561f000 Uncommon trap: trap_request=0xffffffde fr.pc=0x0000000003d3df14
Event: 65.461 Thread 0x000000002561f000 DEOPT PACKING pc=0x0000000003d3df14 sp=0x000000002707e3d0
Event: 65.461 Thread 0x000000002561f000 DEOPT UNPACKING pc=0x000000000344556a sp=0x000000002707e388 mode 2
Event: 65.461 Thread 0x000000002561f000 Uncommon trap: trap_request=0xffffffde fr.pc=0x0000000003d3df14
Event: 65.461 Thread 0x000000002561f000 DEOPT PACKING pc=0x0000000003d3df14 sp=0x000000002707e3d0
Event: 65.461 Thread 0x000000002561f000 DEOPT UNPACKING pc=0x000000000344556a sp=0x000000002707e388 mode 2


Dynamic libraries:
0x00007ff6b2f20000 - 0x00007ff6b2f54000 	C:\Program Files\Java\jdk1.8.0_20\bin\java.exe
0x00007fffeabb0000 - 0x00007fffead81000 	C:\WINDOWS\SYSTEM32\ntdll.dll
0x00007fffeaa20000 - 0x00007fffeaacb000 	C:\WINDOWS\System32\KERNEL32.DLL
0x00007fffe7e20000 - 0x00007fffe803d000 	C:\WINDOWS\System32\KERNELBASE.dll
0x00007fffe8140000 - 0x00007fffe81e2000 	C:\WINDOWS\System32\ADVAPI32.dll
0x00007fffe9fc0000 - 0x00007fffea05e000 	C:\WINDOWS\System32\msvcrt.dll
0x00007fffeab50000 - 0x00007fffeaba9000 	C:\WINDOWS\System32\sechost.dll
0x00007fffe81f0000 - 0x00007fffe8311000 	C:\WINDOWS\System32\RPCRT4.dll
0x00007fffe83e0000 - 0x00007fffe8545000 	C:\WINDOWS\System32\USER32.dll
0x00007fffe70a0000 - 0x00007fffe70be000 	C:\WINDOWS\System32\win32u.dll
0x00007fffe9de0000 - 0x00007fffe9e14000 	C:\WINDOWS\System32\GDI32.dll
0x00007fffe78c0000 - 0x00007fffe7a42000 	C:\WINDOWS\System32\gdi32full.dll
0x00007fffe3c10000 - 0x00007fffe3e89000 	C:\WINDOWS\WinSxS\amd64_microsoft.windows.common-controls_6595b64144ccf1df_6.0.14393.447_none_42191651c6827bb3\COMCTL32.dll
0x00007fffea6e0000 - 0x00007fffea9a8000 	C:\WINDOWS\System32\combase.dll
0x00007fffe8040000 - 0x00007fffe8135000 	C:\WINDOWS\System32\ucrtbase.dll
0x00007fffe7850000 - 0x00007fffe78ba000 	C:\WINDOWS\System32\bcryptPrimitives.dll
0x00007fffea270000 - 0x00007fffea29e000 	C:\WINDOWS\System32\IMM32.DLL
0x000000006fad0000 - 0x000000006fba2000 	C:\Program Files\Java\jdk1.8.0_20\jre\bin\msvcr100.dll
0x000000006d4c0000 - 0x000000006dd18000 	C:\Program Files\Java\jdk1.8.0_20\jre\bin\server\jvm.dll
0x00007fffea6d0000 - 0x00007fffea6d8000 	C:\WINDOWS\System32\PSAPI.DLL
0x00007fffda260000 - 0x00007fffda269000 	C:\WINDOWS\SYSTEM32\WSOCK32.dll
0x00007fffe5020000 - 0x00007fffe5043000 	C:\WINDOWS\SYSTEM32\WINMM.dll
0x00007fffea9b0000 - 0x00007fffeaa1a000 	C:\WINDOWS\System32\WS2_32.dll
0x0000000000e50000 - 0x0000000000e7b000 	C:\WINDOWS\SYSTEM32\WINMMBASE.dll
0x00007fffe7800000 - 0x00007fffe7842000 	C:\WINDOWS\System32\cfgmgr32.dll
0x000000006fac0000 - 0x000000006facf000 	C:\Program Files\Java\jdk1.8.0_20\jre\bin\verify.dll
0x000000006fa90000 - 0x000000006fab8000 	C:\Program Files\Java\jdk1.8.0_20\jre\bin\java.dll
0x000000006fa70000 - 0x000000006fa86000 	C:\Program Files\Java\jdk1.8.0_20\jre\bin\zip.dll
0x00007fffe8550000 - 0x00007fffe9a59000 	C:\WINDOWS\System32\SHELL32.dll
0x00007fffe70c0000 - 0x00007fffe779a000 	C:\WINDOWS\System32\windows.storage.dll
0x00007fffe7010000 - 0x00007fffe705c000 	C:\WINDOWS\System32\powrprof.dll
0x00007fffea0d0000 - 0x00007fffea122000 	C:\WINDOWS\System32\shlwapi.dll
0x00007fffe7090000 - 0x00007fffe709f000 	C:\WINDOWS\System32\kernel.appcore.dll
0x00007fffe7cd0000 - 0x00007fffe7d79000 	C:\WINDOWS\System32\shcore.dll
0x00007fffe7070000 - 0x00007fffe7084000 	C:\WINDOWS\System32\profapi.dll
0x00007fffd8210000 - 0x00007fffd83a2000 	C:\WINDOWS\SYSTEM32\dbghelp.dll

VM Arguments:
jvm_args: -Djava.awt.headless=true -Xmx50g -Dfile.encoding=windows-1251 -Duser.country=RU -Duser.language=ru -Duser.variant 
java_command: com.android.dx.command.Main --dex --num-threads=4 --multi-dex --main-dex-list C:\Users\User\Documents\GitHub\iCRM\iCRM\app\build\intermediates\multi-dex\debug\maindexlist.txt --output C:\Users\User\Documents\GitHub\iCRM\iCRM\app\build\intermediates\transforms\dex\debug\folders\1000\1f\main C:\Users\User\Documents\GitHub\iCRM\iCRM\app\build\intermediates\transforms\jarMerging\debug\jars\1\1f\combined.jar
java_class_path (initial): C:\Users\User\AppData\Local\Android\sdk\build-tools\23.0.3\lib\dx.jar
Launcher Type: SUN_STANDARD

Environment Variables:
PATH=C:\ProgramData\Oracle\Java\javapath;C:\Program Files\Broadcom\Broadcom 802.11 Network Adapter;C:\Program Files (x86)\NVIDIA Corporation\PhysX\Common;C:\Program Files (x86)\Intel\iCLS Client\;C:\Program Files\Intel\iCLS Client\;C:\Windows\system32;C:\Windows;C:\Windows\System32\Wbem;C:\Windows\System32\WindowsPowerShell\v1.0\;C:\Program Files\Intel\Intel(R) Management Engine Components\DAL;C:\Program Files\Intel\Intel(R) Management Engine Components\IPT;C:\Program Files (x86)\Intel\Intel(R) Management Engine Components\DAL;C:\Program Files (x86)\Intel\Intel(R) Management Engine Components\IPT;C:\Program Files\WIDCOMM\Bluetooth Software\;C:\Program Files\WIDCOMM\Bluetooth Software\syswow64;C:\Program Files\Acer\Remote Files\;C:\Program Files (x86)\Skype\Phone\;C:\Program Files\OpenVPN\bin;C:\WINDOWS\system32;C:\WINDOWS;C:\WINDOWS\System32\Wbem;C:\WINDOWS\System32\WindowsPowerShell\v1.0\;C:\Users\User\AppData\Local\Microsoft\WindowsApps;
USERNAME=User
OS=Windows_NT
PROCESSOR_IDENTIFIER=Intel64 Family 6 Model 69 Stepping 1, GenuineIntel



---------------  S Y S T E M  ---------------

OS: Windows 8.1 , 64 bit Build 9600 

CPU:total 4 (2 cores per cpu, 2 threads per core) family 6 model 69 stepping 1, cmov, cx8, fxsr, mmx, sse, sse2, sse3, ssse3, sse4.1, sse4.2, popcnt, avx, avx2, aes, clmul, erms, lzcnt, ht, tsc, tscinvbit, bmi1, bmi2

Memory: 4k page, physical 8310040k(462428k free), swap 12406040k(3040k free)

vm_info: Java HotSpot(TM) 64-Bit Server VM (25.20-b23) for windows-amd64 JRE (1.8.0_20-b26), built on Jul 30 2014 13:51:23 by "java_re" with MS VC++ 10.0 (VS2010)

time: Mon Dec 26 20:16:21 2016
elapsed time: 66 seconds (0d 0h 1m 6s)

