#
# There is insufficient memory for the Java Runtime Environment to continue.
# Native memory allocation (malloc) failed to allocate 1414688 bytes for Chunk::new
# Possible reasons:
#   The system is out of physical RAM or swap space
#   In 32 bit mode, the process size limit was hit
# Possible solutions:
#   Reduce memory load on the system
#   Increase physical memory or swap space
#   Check if swap backing store is full
#   Use 64 bit Java on a 64 bit OS
#   Decrease Java heap size (-Xmx/-Xms)
#   Decrease number of Java threads
#   Decrease Java thread stack sizes (-Xss)
#   Set larger code cache with -XX:ReservedCodeCacheSize=
# This output file may be truncated or incomplete.
#
#  Out of Memory Error (allocation.cpp:390), pid=9956, tid=0x000000000000253c
#
# JRE version: OpenJDK Runtime Environment (8.0_112-b06) (build 1.8.0_112-release-b06)
# Java VM: OpenJDK 64-Bit Server VM (25.112-b06 mixed mode windows-amd64 )
# Failed to write core dump. Minidumps are not enabled by default on client versions of Windows
#

---------------  T H R E A D  ---------------

Current thread (0x0000000001eb2800):  JavaThread "C2 CompilerThread1" daemon [_thread_in_native, id=9532, stack(0x00000000251a0000,0x00000000252a0000)]

Stack: [0x00000000251a0000,0x00000000252a0000]
[error occurred during error reporting (printing stack bounds), id 0xc0000005]

Native frames: (J=compiled Java code, j=interpreted, Vv=VM code, C=native code)


Current CompileTask:
C2:  43873 3269       4       com.android.dx.ssa.back.FirstFitLocalCombiningAllocator::findRangeAndAdjust (311 bytes)


---------------  P R O C E S S  ---------------

Java Threads: ( => current thread )
  0x0000000025ba4000 JavaThread "pool-1-thread-1" [_thread_in_Java, id=11124, stack(0x0000000029610000,0x0000000029710000)]
  0x0000000025aac800 JavaThread "pool-2-thread-4" [_thread_in_Java, id=4044, stack(0x00000000265a0000,0x00000000266a0000)]
  0x0000000025aab800 JavaThread "pool-2-thread-3" [_thread_blocked, id=12152, stack(0x00000000264a0000,0x00000000265a0000)]
  0x0000000025789000 JavaThread "pool-2-thread-2" [_thread_in_Java, id=10892, stack(0x00000000263a0000,0x00000000264a0000)]
  0x0000000025788000 JavaThread "pool-3-thread-1" [_thread_blocked, id=740, stack(0x00000000262a0000,0x00000000263a0000)]
  0x000000002578d800 JavaThread "pool-2-thread-1" [_thread_in_Java, id=540, stack(0x00000000261a0000,0x00000000262a0000)]
  0x00000000253c8800 JavaThread "Service Thread" daemon [_thread_blocked, id=8592, stack(0x00000000257a0000,0x00000000258a0000)]
  0x0000000001eb6800 JavaThread "C1 CompilerThread2" daemon [_thread_blocked, id=7908, stack(0x00000000252a0000,0x00000000253a0000)]
=>0x0000000001eb2800 JavaThread "C2 CompilerThread1" daemon [_thread_in_native, id=9532, stack(0x00000000251a0000,0x00000000252a0000)]
  0x0000000001eb0800 JavaThread "C2 CompilerThread0" daemon [_thread_in_native, id=10196, stack(0x00000000250a0000,0x00000000251a0000)]
  0x0000000001eaf800 JavaThread "Attach Listener" daemon [_thread_blocked, id=11584, stack(0x0000000024fa0000,0x00000000250a0000)]
  0x0000000001eac000 JavaThread "Signal Dispatcher" daemon [_thread_blocked, id=5904, stack(0x0000000024ea0000,0x0000000024fa0000)]
  0x000000000154b800 JavaThread "Finalizer" daemon [_thread_blocked, id=3984, stack(0x0000000024cb0000,0x0000000024db0000)]
  0x0000000001540000 JavaThread "Reference Handler" daemon [_thread_blocked, id=8580, stack(0x0000000024bb0000,0x0000000024cb0000)]
  0x0000000001450800 JavaThread "main" [_thread_in_Java, id=9776, stack(0x0000000001340000,0x0000000001440000)]

Other Threads:
  0x0000000001e75800 VMThread [stack: 0x0000000024ab0000,0x0000000024bb0000] [id=6496]
  0x0000000001f0b800 WatcherThread [stack: 0x00000000258a0000,0x00000000259a0000] [id=4048]

VM state:not at safepoint (normal execution)

VM Mutex/Monitor currently owned by a thread: None

Heap:
 PSYoungGen      total 1481728K, used 751188K [0x00000008d5580000, 0x000000097ac80000, 0x0000000d00000000)
  eden space 792064K, 65% used [0x00000008d5580000,0x00000008f52e97e8,0x0000000905b00000)
  from space 689664K, 33% used [0x0000000905b00000,0x0000000913b2bb58,0x000000092fc80000)
  to   space 865792K, 0% used [0x0000000945f00000,0x0000000945f00000,0x000000097ac80000)
 ParOldGen       total 1200640K, used 1200237K [0x0000000080000000, 0x00000000c9480000, 0x00000008d5580000)
  object space 1200640K, 99% used [0x0000000080000000,0x00000000c941b750,0x00000000c9480000)
 Metaspace       used 6566K, capacity 6920K, committed 7168K, reserved 8192K

Card table byte_map: [0x0000000012400000,0x0000000018810000] byte_map_base: 0x0000000012000000

Marking Bits: (ParMarkBitMap*) 0x00000000751c18f0
 Begin Bits: [0x0000000d00000000, 0x0000000d32000000)
 End Bits:   [0x0000000d32000000, 0x0000000d64000000)

Polling page: 0x0000000000ed0000

CodeCache: size=245760Kb used=11799Kb max_used=14732Kb free=233960Kb
 bounds [0x0000000003400000, 0x0000000004280000, 0x0000000012400000]
 total_blobs=2673 nmethods=2410 adapters=176
 compilation: enabled

Compilation events (10 events):
Event: 43.546 Thread 0x0000000001eb6800 nmethod 3273% 0x0000000003bb2d90 code [0x0000000003bb3000, 0x0000000003bb40c8]
Event: 43.637 Thread 0x0000000001eb6800 3274       3       com.android.dx.ssa.SsaInsn::setResultLocal (54 bytes)
Event: 43.638 Thread 0x0000000001eb6800 nmethod 3274 0x0000000003b225d0 code [0x0000000003b22780, 0x0000000003b22fc8]
Event: 43.667 Thread 0x0000000001eb6800 3275       3       com.android.dx.rop.cst.CstMemberRef::equals (56 bytes)
Event: 43.668 Thread 0x0000000001eb6800 nmethod 3275 0x00000000037e9390 code [0x00000000037e9520, 0x00000000037e9ce8]
Event: 43.669 Thread 0x0000000001eb0800 3276       4       com.android.dx.rop.cst.CstNat::equals (48 bytes)
Event: 43.672 Thread 0x0000000001eb0800 nmethod 3276 0x0000000003c33f90 code [0x0000000003c340e0, 0x0000000003c34398]
Event: 43.770 Thread 0x0000000001eb0800 3277       4       com.android.dx.rop.cst.CstMemberRef::equals (56 bytes)
Event: 43.774 Thread 0x0000000001eb0800 nmethod 3277 0x00000000036deed0 code [0x00000000036df020, 0x00000000036df398]
Event: 43.782 Thread 0x0000000001eb0800 3278   !   4       com.android.dx.cf.code.BytecodeArray::parseInstruction (2764 bytes)

GC Heap History (10 events):
Event: 31.216 GC heap before
{Heap before GC invocations=25 (full 5):
 PSYoungGen      total 1297920K, used 1230173K [0x00000008d5580000, 0x0000000953d00000, 0x0000000d00000000)
  eden space 773120K, 100% used [0x00000008d5580000,0x0000000904880000,0x0000000904880000)
  from space 524800K, 87% used [0x0000000904880000,0x00000009206d76a0,0x0000000924900000)
  to   space 590336K, 0% used [0x000000092fc80000,0x000000092fc80000,0x0000000953d00000)
 ParOldGen       total 1183744K, used 860172K [0x0000000080000000, 0x00000000c8400000, 0x00000008d5580000)
  object space 1183744K, 72% used [0x0000000080000000,0x00000000b4803360,0x00000000c8400000)
 Metaspace       used 6523K, capacity 6920K, committed 7168K, reserved 8192K
Event: 31.742 GC heap after
Heap after GC invocations=25 (full 5):
 PSYoungGen      total 1382400K, used 584479K [0x00000008d5580000, 0x0000000960b80000, 0x0000000d00000000)
  eden space 792064K, 0% used [0x00000008d5580000,0x00000008d5580000,0x0000000905b00000)
  from space 590336K, 99% used [0x000000092fc80000,0x0000000953747ec0,0x0000000953d00000)
  to   space 689664K, 0% used [0x0000000905b00000,0x0000000905b00000,0x000000092fc80000)
 ParOldGen       total 1183744K, used 860172K [0x0000000080000000, 0x00000000c8400000, 0x00000008d5580000)
  object space 1183744K, 72% used [0x0000000080000000,0x00000000b4803360,0x00000000c8400000)
 Metaspace       used 6523K, capacity 6920K, committed 7168K, reserved 8192K
}
Event: 33.423 GC heap before
{Heap before GC invocations=26 (full 5):
 PSYoungGen      total 1382400K, used 1376543K [0x00000008d5580000, 0x0000000960b80000, 0x0000000d00000000)
  eden space 792064K, 100% used [0x00000008d5580000,0x0000000905b00000,0x0000000905b00000)
  from space 590336K, 99% used [0x000000092fc80000,0x0000000953747ec0,0x0000000953d00000)
  to   space 689664K, 0% used [0x0000000905b00000,0x0000000905b00000,0x000000092fc80000)
 ParOldGen       total 1183744K, used 860178K [0x0000000080000000, 0x00000000c8400000, 0x00000008d5580000)
  object space 1183744K, 72% used [0x0000000080000000,0x00000000b4804a78,0x00000000c8400000)
 Metaspace       used 6564K, capacity 6920K, committed 7168K, reserved 8192K
Event: 34.095 GC heap after
Heap after GC invocations=26 (full 5):
 PSYoungGen      total 1481728K, used 689641K [0x00000008d5580000, 0x0000000971880000, 0x0000000d00000000)
  eden space 792064K, 0% used [0x00000008d5580000,0x00000008d5580000,0x0000000905b00000)
  from space 689664K, 99% used [0x0000000905b00000,0x000000092fc7a6d0,0x000000092fc80000)
  to   space 813056K, 0% used [0x000000093fe80000,0x000000093fe80000,0x0000000971880000)
 ParOldGen       total 1183744K, used 875071K [0x0000000080000000, 0x00000000c8400000, 0x00000008d5580000)
  object space 1183744K, 73% used [0x0000000080000000,0x00000000b568ff30,0x00000000c8400000)
 Metaspace       used 6564K, capacity 6920K, committed 7168K, reserved 8192K
}
Event: 34.099 GC heap before
{Heap before GC invocations=27 (full 5):
 PSYoungGen      total 1481728K, used 694218K [0x00000008d5580000, 0x0000000971880000, 0x0000000d00000000)
  eden space 792064K, 0% used [0x00000008d5580000,0x00000008d59f8450,0x0000000905b00000)
  from space 689664K, 99% used [0x0000000905b00000,0x000000092fc7a6d0,0x000000092fc80000)
  to   space 813056K, 0% used [0x000000093fe80000,0x000000093fe80000,0x0000000971880000)
 ParOldGen       total 1183744K, used 875071K [0x0000000080000000, 0x00000000c8400000, 0x00000008d5580000)
  object space 1183744K, 73% used [0x0000000080000000,0x00000000b568ff30,0x00000000c8400000)
 Metaspace       used 6564K, capacity 6920K, committed 7168K, reserved 8192K
Event: 34.666 GC heap after
Heap after GC invocations=27 (full 5):
 PSYoungGen      total 1605120K, used 552705K [0x00000008d5580000, 0x0000000971880000, 0x0000000d00000000)
  eden space 792064K, 0% used [0x00000008d5580000,0x00000008d5580000,0x0000000905b00000)
  from space 813056K, 67% used [0x000000093fe80000,0x0000000961a40558,0x0000000971880000)
  to   space 689664K, 0% used [0x0000000905b00000,0x0000000905b00000,0x000000092fc80000)
 ParOldGen       total 1183744K, used 1013122K [0x0000000080000000, 0x00000000c8400000, 0x00000008d5580000)
  object space 1183744K, 85% used [0x0000000080000000,0x00000000bdd60908,0x00000000c8400000)
 Metaspace       used 6564K, capacity 6920K, committed 7168K, reserved 8192K
}
Event: 35.789 GC heap before
{Heap before GC invocations=28 (full 5):
 PSYoungGen      total 1605120K, used 1344769K [0x00000008d5580000, 0x0000000971880000, 0x0000000d00000000)
  eden space 792064K, 100% used [0x00000008d5580000,0x0000000905b00000,0x0000000905b00000)
  from space 813056K, 67% used [0x000000093fe80000,0x0000000961a40558,0x0000000971880000)
  to   space 689664K, 0% used [0x0000000905b00000,0x0000000905b00000,0x000000092fc80000)
 ParOldGen       total 1183744K, used 1013122K [0x0000000080000000, 0x00000000c8400000, 0x00000008d5580000)
  object space 1183744K, 85% used [0x0000000080000000,0x00000000bdd60908,0x00000000c8400000)
 Metaspace       used 6565K, capacity 6920K, committed 7168K, reserved 8192K
Event: 36.515 GC heap after
Heap after GC invocations=28 (full 5):
 PSYoungGen      total 1481728K, used 493698K [0x00000008d5580000, 0x000000097ac80000, 0x0000000d00000000)
  eden space 792064K, 0% used [0x00000008d5580000,0x00000008d5580000,0x0000000905b00000)
  from space 689664K, 71% used [0x0000000905b00000,0x0000000923d20a60,0x000000092fc80000)
  to   space 865792K, 0% used [0x0000000945f00000,0x0000000945f00000,0x000000097ac80000)
 ParOldGen       total 1200640K, used 1200474K [0x0000000080000000, 0x00000000c9480000, 0x00000008d5580000)
  object space 1200640K, 99% used [0x0000000080000000,0x00000000c94568f8,0x00000000c9480000)
 Metaspace       used 6565K, capacity 6920K, committed 7168K, reserved 8192K
}
Event: 36.515 GC heap before
{Heap before GC invocations=29 (full 6):
 PSYoungGen      total 1481728K, used 493698K [0x00000008d5580000, 0x000000097ac80000, 0x0000000d00000000)
  eden space 792064K, 0% used [0x00000008d5580000,0x00000008d5580000,0x0000000905b00000)
  from space 689664K, 71% used [0x0000000905b00000,0x0000000923d20a60,0x000000092fc80000)
  to   space 865792K, 0% used [0x0000000945f00000,0x0000000945f00000,0x000000097ac80000)
 ParOldGen       total 1200640K, used 1200474K [0x0000000080000000, 0x00000000c9480000, 0x00000008d5580000)
  object space 1200640K, 99% used [0x0000000080000000,0x00000000c94568f8,0x00000000c9480000)
 Metaspace       used 6565K, capacity 6920K, committed 7168K, reserved 8192K
Event: 42.911 GC heap after
Heap after GC invocations=29 (full 6):
 PSYoungGen      total 1481728K, used 229550K [0x00000008d5580000, 0x000000097ac80000, 0x0000000d00000000)
  eden space 792064K, 0% used [0x00000008d5580000,0x00000008d5580000,0x0000000905b00000)
  from space 689664K, 33% used [0x0000000905b00000,0x0000000913b2bb58,0x000000092fc80000)
  to   space 865792K, 0% used [0x0000000945f00000,0x0000000945f00000,0x000000097ac80000)
 ParOldGen       total 1200640K, used 1200237K [0x0000000080000000, 0x00000000c9480000, 0x00000008d5580000)
  object space 1200640K, 99% used [0x0000000080000000,0x00000000c941b750,0x00000000c9480000)
 Metaspace       used 6565K, capacity 6920K, committed 7168K, reserved 8192K
}

Deoptimization events (10 events):
Event: 35.357 Thread 0x000000002578d800 Uncommon trap: reason=unstable_if action=reinterpret pc=0x0000000003814d08 method=com.android.dx.cf.code.Simulator.requiredArrayTypeFor(Lcom/android/dx/rop/type/Type;Lcom/android/dx/rop/type/Type;)Lcom/android/dx/rop/type/Type; @ 62
Event: 35.443 Thread 0x000000002578d800 Uncommon trap: reason=null_check action=make_not_entrant pc=0x000000000407da88 method=com.android.dx.rop.cst.CstString.equals(Ljava/lang/Object;)Z @ 1
Event: 35.582 Thread 0x000000002578d800 Uncommon trap: reason=unstable_if action=reinterpret pc=0x0000000003661220 method=com.android.dx.ssa.SsaBasicBlock.checkRegUsed(Ljava/util/BitSet;Lcom/android/dx/rop/code/RegisterSpec;)Z @ 30
Event: 35.647 Thread 0x0000000025789000 Uncommon trap: reason=unstable_if action=reinterpret pc=0x0000000003ac1594 method=java.util.HashMap.putVal(ILjava/lang/Object;Ljava/lang/Object;ZZ)Ljava/lang/Object; @ 109
Event: 35.676 Thread 0x0000000025ba4000 Uncommon trap: reason=unstable_if action=reinterpret pc=0x0000000003890028 method=com.android.dx.dex.code.DalvCode.hasPositions()Z @ 15
Event: 35.776 Thread 0x000000002578d800 Uncommon trap: reason=unstable_if action=reinterpret pc=0x0000000003edf660 method=com.android.dx.dex.code.OutputFinisher.hasLocalInfo(Lcom/android/dx/rop/code/RegisterSpec;)Z @ 1
Event: 42.975 Thread 0x000000002578d800 Uncommon trap: reason=unstable_if action=reinterpret pc=0x0000000004017b58 method=com.android.dx.cf.code.Merger.isPossiblyAssignableFrom(Lcom/android/dx/rop/type/TypeBearer;Lcom/android/dx/rop/type/TypeBearer;)Z @ 177
Event: 42.975 Thread 0x000000002578d800 Uncommon trap: reason=unstable_if action=reinterpret pc=0x000000000402783c method=com.android.dx.cf.code.Merger.isPossiblyAssignableFrom(Lcom/android/dx/rop/type/TypeBearer;Lcom/android/dx/rop/type/TypeBearer;)Z @ 177
Event: 43.781 Thread 0x0000000025789000 Uncommon trap: reason=bimorphic action=maybe_recompile pc=0x0000000003ef0c74 method=com.android.dx.cf.code.BytecodeArray.parseInstruction(ILcom/android/dx/cf/code/BytecodeArray$Visitor;)I @ 1612
Event: 43.782 Thread 0x0000000025789000 Uncommon trap: reason=bimorphic action=maybe_recompile pc=0x0000000003ef0c74 method=com.android.dx.cf.code.BytecodeArray.parseInstruction(ILcom/android/dx/cf/code/BytecodeArray$Visitor;)I @ 1612

Internal exceptions (10 events):
Event: 1.337 Thread 0x0000000025aac800 Implicit null exception at 0x00000000037abc95 to 0x00000000037ae5dd
Event: 1.509 Thread 0x0000000025789000 Implicit null exception at 0x00000000038dd516 to 0x00000000038dd6d1
Event: 1.550 Thread 0x0000000001450800 Exception <a 'java/lang/ArrayIndexOutOfBoundsException': 18> (0x00000008dd3f4270) thrown at [C:\src\android\AOSP-openjdk\external\jetbrains\jdk\hotspot\src\share\vm\interpreter\interpreterRuntime.cpp, line 366]
Event: 1.550 Thread 0x0000000001450800 Exception <a 'java/lang/ArrayIndexOutOfBoundsException': 145> (0x00000008dd3f66c8) thrown at [C:\src\android\AOSP-openjdk\external\jetbrains\jdk\hotspot\src\share\vm\interpreter\interpreterRuntime.cpp, line 366]
Event: 1.551 Thread 0x0000000001450800 Exception <a 'java/lang/ArrayIndexOutOfBoundsException'> (0x00000008dd3f7ff0) thrown at [C:\src\android\AOSP-openjdk\external\jetbrains\jdk\hotspot\src\share\vm\runtime\sharedRuntime.cpp, line 605]
Event: 8.368 Thread 0x0000000001450800 Implicit null exception at 0x000000000356b920 to 0x000000000356c1ad
Event: 18.581 Thread 0x0000000025aab800 Implicit null exception at 0x0000000003f22604 to 0x0000000003f29c51
Event: 31.042 Thread 0x0000000025ba4000 Implicit null exception at 0x0000000003c16495 to 0x0000000003c19ef1
Event: 35.443 Thread 0x000000002578d800 Implicit null exception at 0x000000000407d97c to 0x000000000407da7b
Event: 35.776 Thread 0x000000002578d800 Implicit null exception at 0x0000000003edd9df to 0x0000000003edf613

Events (10 events):
Event: 42.975 Thread 0x000000002578d800 DEOPT UNPACKING pc=0x000000000344556a sp=0x000000002629e5c8 mode 2
Event: 42.975 Thread 0x000000002578d800 Uncommon trap: trap_request=0xffffff65 fr.pc=0x000000000402783c
Event: 42.975 Thread 0x000000002578d800 DEOPT PACKING pc=0x000000000402783c sp=0x000000002629e620
Event: 42.975 Thread 0x000000002578d800 DEOPT UNPACKING pc=0x000000000344556a sp=0x000000002629e5b8 mode 2
Event: 43.781 Thread 0x0000000025789000 Uncommon trap: trap_request=0xffffffc6 fr.pc=0x0000000003ef0c74
Event: 43.782 Thread 0x0000000025789000 DEOPT PACKING pc=0x0000000003ef0c74 sp=0x000000002649ec40
Event: 43.782 Thread 0x0000000025789000 DEOPT UNPACKING pc=0x000000000344556a sp=0x000000002649ebf8 mode 2
Event: 43.782 Thread 0x0000000025789000 Uncommon trap: trap_request=0xffffffc6 fr.pc=0x0000000003ef0c74
Event: 43.782 Thread 0x0000000025789000 DEOPT PACKING pc=0x0000000003ef0c74 sp=0x000000002649eaf0
Event: 43.782 Thread 0x0000000025789000 DEOPT UNPACKING pc=0x000000000344556a sp=0x000000002649eaa8 mode 2


Dynamic libraries:
0x00007ff7db970000 - 0x00007ff7db9a1000 	C:\Program Files\Android\Android Studio\jre\bin\java.exe
0x00007ffb6e400000 - 0x00007ffb6e5d1000 	C:\WINDOWS\SYSTEM32\ntdll.dll
0x00007ffb6cc70000 - 0x00007ffb6cd1b000 	C:\WINDOWS\System32\KERNEL32.DLL
0x00007ffb6ac50000 - 0x00007ffb6ae6d000 	C:\WINDOWS\System32\KERNELBASE.dll
0x00007ffb6ca80000 - 0x00007ffb6cb22000 	C:\WINDOWS\System32\ADVAPI32.dll
0x00007ffb6c8a0000 - 0x00007ffb6c93e000 	C:\WINDOWS\System32\msvcrt.dll
0x00007ffb6c7e0000 - 0x00007ffb6c839000 	C:\WINDOWS\System32\sechost.dll
0x00007ffb6c950000 - 0x00007ffb6ca71000 	C:\WINDOWS\System32\RPCRT4.dll
0x00007ffb6cd20000 - 0x00007ffb6ce85000 	C:\WINDOWS\System32\USER32.dll
0x00007ffb6b020000 - 0x00007ffb6b03e000 	C:\WINDOWS\System32\win32u.dll
0x00007ffb6c840000 - 0x00007ffb6c874000 	C:\WINDOWS\System32\GDI32.dll
0x00007ffb6a8f0000 - 0x00007ffb6aa72000 	C:\WINDOWS\System32\gdi32full.dll
0x00007ffb60e40000 - 0x00007ffb610ba000 	C:\WINDOWS\WinSxS\amd64_microsoft.windows.common-controls_6595b64144ccf1df_6.0.14393.953_none_42151e83c686086b\COMCTL32.dll
0x00007ffb6c1d0000 - 0x00007ffb6c498000 	C:\WINDOWS\System32\combase.dll
0x00007ffb6aec0000 - 0x00007ffb6afb5000 	C:\WINDOWS\System32\ucrtbase.dll
0x00007ffb6aa80000 - 0x00007ffb6aaea000 	C:\WINDOWS\System32\bcryptPrimitives.dll
0x00007ffb6c0d0000 - 0x00007ffb6c0fe000 	C:\WINDOWS\System32\IMM32.DLL
0x0000000074500000 - 0x00000000745d2000 	C:\Program Files\Android\Android Studio\jre\jre\bin\msvcr100.dll
0x0000000074a00000 - 0x000000007523c000 	C:\Program Files\Android\Android Studio\jre\jre\bin\server\jvm.dll
0x00007ffb6c610000 - 0x00007ffb6c618000 	C:\WINDOWS\System32\PSAPI.DLL
0x00007ffb5cc90000 - 0x00007ffb5cc9a000 	C:\WINDOWS\SYSTEM32\VERSION.dll
0x00007ffb68520000 - 0x00007ffb68529000 	C:\WINDOWS\SYSTEM32\WSOCK32.dll
0x00007ffb685f0000 - 0x00007ffb68613000 	C:\WINDOWS\SYSTEM32\WINMM.dll
0x00007ffb6c4a0000 - 0x00007ffb6c50a000 	C:\WINDOWS\System32\WS2_32.dll
0x00007ffb68590000 - 0x00007ffb685bb000 	C:\WINDOWS\SYSTEM32\WINMMBASE.dll
0x00007ffb6ae70000 - 0x00007ffb6aeb2000 	C:\WINDOWS\System32\cfgmgr32.dll
0x00007ffb67ca0000 - 0x00007ffb67caf000 	C:\Program Files\Android\Android Studio\jre\jre\bin\verify.dll
0x00007ffb5e2c0000 - 0x00007ffb5e2e9000 	C:\Program Files\Android\Android Studio\jre\jre\bin\java.dll
0x00007ffb5f890000 - 0x00007ffb5f8a6000 	C:\Program Files\Android\Android Studio\jre\jre\bin\zip.dll
0x00007ffb6cef0000 - 0x00007ffb6e3f8000 	C:\WINDOWS\System32\SHELL32.dll
0x00007ffb6b210000 - 0x00007ffb6b8ea000 	C:\WINDOWS\System32\windows.storage.dll
0x00007ffb6a890000 - 0x00007ffb6a8dc000 	C:\WINDOWS\System32\powrprof.dll
0x00007ffb6c620000 - 0x00007ffb6c672000 	C:\WINDOWS\System32\shlwapi.dll
0x00007ffb6a8e0000 - 0x00007ffb6a8ef000 	C:\WINDOWS\System32\kernel.appcore.dll
0x00007ffb6aaf0000 - 0x00007ffb6ab99000 	C:\WINDOWS\System32\shcore.dll
0x00007ffb6a870000 - 0x00007ffb6a884000 	C:\WINDOWS\System32\profapi.dll

VM Arguments:
jvm_args: -Djava.awt.headless=true -Xmx50g -Dfile.encoding=windows-1251 -Duser.country=RU -Duser.language=ru -Duser.variant 
java_command: com.android.dx.command.Main --dex --num-threads=4 --multi-dex --main-dex-list C:\Users\User\Documents\GitHub\iCRM\iCRM\app\build\intermediates\multi-dex\debug\maindexlist.txt --output C:\Users\User\Documents\GitHub\iCRM\iCRM\app\build\intermediates\transforms\dex\debug\folders\1000\1f\main C:\Users\User\Documents\GitHub\iCRM\iCRM\app\build\intermediates\transforms\jarMerging\debug\jars\1\1f\combined.jar
java_class_path (initial): C:\Users\User\AppData\Local\Android\sdk\build-tools\25.0.2\lib\dx.jar
Launcher Type: SUN_STANDARD

Environment Variables:
PATH=C:\ProgramData\Oracle\Java\javapath;C:\Program Files\Broadcom\Broadcom 802.11 Network Adapter;C:\Program Files (x86)\NVIDIA Corporation\PhysX\Common;C:\Program Files (x86)\Intel\iCLS Client\;C:\Program Files\Intel\iCLS Client\;C:\Windows\system32;C:\Windows;C:\Windows\System32\Wbem;C:\Windows\System32\WindowsPowerShell\v1.0\;C:\Program Files\Intel\Intel(R) Management Engine Components\DAL;C:\Program Files\Intel\Intel(R) Management Engine Components\IPT;C:\Program Files (x86)\Intel\Intel(R) Management Engine Components\DAL;C:\Program Files (x86)\Intel\Intel(R) Management Engine Components\IPT;C:\Program Files\WIDCOMM\Bluetooth Software\;C:\Program Files\WIDCOMM\Bluetooth Software\syswow64;C:\Program Files\Acer\Remote Files\;C:\Program Files\OpenVPN\bin;C:\WINDOWS\system32;C:\WINDOWS;C:\WINDOWS\System32\Wbem;C:\WINDOWS\System32\WindowsPowerShell\v1.0\;C:\Users\User\AppData\Local\Microsoft\WindowsApps;
USERNAME=User
OS=Windows_NT
PROCESSOR_IDENTIFIER=Intel64 Family 6 Model 69 Stepping 1, GenuineIntel



---------------  S Y S T E M  ---------------

OS: Windows 10.0 , 64 bit Build 14393 (10.0.14393.0)

CPU:total 4 (2 cores per cpu, 2 threads per core) family 6 model 69 stepping 1, cmov, cx8, fxsr, mmx, sse, sse2, sse3, ssse3, sse4.1, sse4.2, popcnt, avx, avx2, aes, clmul, erms, lzcnt, ht, tsc, tscinvbit, bmi1, bmi2

Memory: 4k page, physical 8310040k(465908k free), swap 12406040k(5240k free)

vm_info: OpenJDK 64-Bit Server VM (25.112-b06) for windows-amd64 JRE (1.8.0_112-release-b06), built on Dec  8 2016 00:54:26 by "builder" with MS VC++ 10.0 (VS2010)

time: Sat Apr 15 16:15:18 2017
elapsed time: 43 seconds (0d 0h 0m 43s)

