#
# There is insufficient memory for the Java Runtime Environment to continue.
# Native memory allocation (malloc) failed to allocate 1051376 bytes for Chunk::new
# Possible reasons:
#   The system is out of physical RAM or swap space
#   In 32 bit mode, the process size limit was hit
# Possible solutions:
#   Reduce memory load on the system
#   Increase physical memory or swap space
#   Check if swap backing store is full
#   Use 64 bit Java on a 64 bit OS
#   Decrease Java heap size (-Xmx/-Xms)
#   Decrease number of Java threads
#   Decrease Java thread stack sizes (-Xss)
#   Set larger code cache with -XX:ReservedCodeCacheSize=
# This output file may be truncated or incomplete.
#
#  Out of Memory Error (allocation.cpp:390), pid=6892, tid=0x0000000000001c6c
#
# JRE version: OpenJDK Runtime Environment (8.0_112-b06) (build 1.8.0_112-release-b06)
# Java VM: OpenJDK 64-Bit Server VM (25.112-b06 mixed mode windows-amd64 )
# Failed to write core dump. Minidumps are not enabled by default on client versions of Windows
#

---------------  T H R E A D  ---------------

Current thread (0x000000002404e800):  JavaThread "C2 CompilerThread1" daemon [_thread_in_native, id=7276, stack(0x0000000025790000,0x0000000025890000)]

Stack: [0x0000000025790000,0x0000000025890000]
[error occurred during error reporting (printing stack bounds), id 0xc0000005]

Native frames: (J=compiled Java code, j=interpreted, Vv=VM code, C=native code)


Current CompileTask:
C2:   7570 1966   !   4       com.android.dx.cf.code.BytecodeArray::parseInstruction (2764 bytes)


---------------  P R O C E S S  ---------------

Java Threads: ( => current thread )
  0x0000000025b31000 JavaThread "pool-1-thread-1" [_thread_in_Java, id=8456, stack(0x0000000029c00000,0x0000000029d00000)]
  0x00000000258a3000 JavaThread "Service Thread" daemon [_thread_blocked, id=9512, stack(0x0000000025d90000,0x0000000025e90000)]
  0x00000000258a0800 JavaThread "C1 CompilerThread2" daemon [_thread_blocked, id=10988, stack(0x0000000025c90000,0x0000000025d90000)]
=>0x000000002404e800 JavaThread "C2 CompilerThread1" daemon [_thread_in_native, id=7276, stack(0x0000000025790000,0x0000000025890000)]
  0x000000002404c000 JavaThread "C2 CompilerThread0" daemon [_thread_in_native, id=16368, stack(0x0000000025690000,0x0000000025790000)]
  0x000000002404a800 JavaThread "Attach Listener" daemon [_thread_blocked, id=13392, stack(0x0000000025590000,0x0000000025690000)]
  0x0000000024055800 JavaThread "Signal Dispatcher" daemon [_thread_blocked, id=672, stack(0x0000000025490000,0x0000000025590000)]
  0x0000000001b95800 JavaThread "Finalizer" daemon [_thread_blocked, id=9836, stack(0x00000000252a0000,0x00000000253a0000)]
  0x0000000001b90000 JavaThread "Reference Handler" daemon [_thread_blocked, id=12908, stack(0x00000000251a0000,0x00000000252a0000)]
  0x0000000001aa0800 JavaThread "main" [_thread_blocked, id=16172, stack(0x0000000001990000,0x0000000001a90000)]

Other Threads:
  0x0000000024014800 VMThread [stack: 0x00000000250a0000,0x00000000251a0000] [id=7140]
  0x00000000258a5000 WatcherThread [stack: 0x0000000025e90000,0x0000000025f90000] [id=8348]

VM state:not at safepoint (normal execution)

VM Mutex/Monitor currently owned by a thread: None

Heap:
 PSYoungGen      total 138240K, used 99864K [0x00000008d5580000, 0x00000008de180000, 0x0000000d00000000)
  eden space 133120K, 71% used [0x00000008d5580000,0x00000008db208100,0x00000008dd780000)
  from space 5120K, 99% used [0x00000008ddc80000,0x00000008de17dfe0,0x00000008de180000)
  to   space 5120K, 0% used [0x00000008dd780000,0x00000008dd780000,0x00000008ddc80000)
 ParOldGen       total 87552K, used 28951K [0x0000000080000000, 0x0000000085580000, 0x00000008d5580000)
  object space 87552K, 33% used [0x0000000080000000,0x0000000081c45d10,0x0000000085580000)
 Metaspace       used 6384K, capacity 6792K, committed 6912K, reserved 8192K

Card table byte_map: [0x0000000012400000,0x0000000018810000] byte_map_base: 0x0000000012000000

Marking Bits: (ParMarkBitMap*) 0x00000000559e18f0
 Begin Bits: [0x0000000d00000000, 0x0000000d32000000)
 End Bits:   [0x0000000d32000000, 0x0000000d64000000)

Polling page: 0x0000000001610000

CodeCache: size=245760Kb used=8551Kb max_used=8551Kb free=237208Kb
 bounds [0x0000000003400000, 0x0000000003c70000, 0x0000000012400000]
 total_blobs=2210 nmethods=1942 adapters=181
 compilation: enabled

Compilation events (10 events):
Event: 7.453 Thread 0x000000002404c000 2027       4       java.util.AbstractSet::<init> (5 bytes)
Event: 7.454 Thread 0x000000002404c000 nmethod 2027 0x0000000003b9dc10 code [0x0000000003b9dd40, 0x0000000003b9dd98]
Event: 7.454 Thread 0x000000002404c000 1992       4       java.util.HashMap::put (13 bytes)
Event: 7.466 Thread 0x000000002404c000 nmethod 1992 0x0000000003c59550 code [0x0000000003c596e0, 0x0000000003c59df8]
Event: 7.466 Thread 0x000000002404c000 2024       4       com.android.dx.rop.code.BasicBlock::getLastInsn (8 bytes)
Event: 7.467 Thread 0x000000002404c000 nmethod 2024 0x0000000003c4bd50 code [0x0000000003c4bea0, 0x0000000003c4bf78]
Event: 7.467 Thread 0x000000002404c000 1967       4       com.android.dx.cf.code.ByteBlockList::labelToBlock (46 bytes)
Event: 7.469 Thread 0x000000002404c000 nmethod 1967 0x0000000003c55d50 code [0x0000000003c55ea0, 0x0000000003c55ff8]
Event: 7.469 Thread 0x000000002404c000 2021       4       com.android.dx.rop.cst.CstString::hashCode (8 bytes)
Event: 7.472 Thread 0x000000002404c000 nmethod 2021 0x0000000003c55910 code [0x0000000003c55a40, 0x0000000003c55b98]

GC Heap History (8 events):
Event: 1.092 GC heap before
{Heap before GC invocations=1 (full 0):
 PSYoungGen      total 38400K, used 33280K [0x00000008d5580000, 0x00000008d8000000, 0x0000000d00000000)
  eden space 33280K, 100% used [0x00000008d5580000,0x00000008d7600000,0x00000008d7600000)
  from space 5120K, 0% used [0x00000008d7b00000,0x00000008d7b00000,0x00000008d8000000)
  to   space 5120K, 0% used [0x00000008d7600000,0x00000008d7600000,0x00000008d7b00000)
 ParOldGen       total 87552K, used 0K [0x0000000080000000, 0x0000000085580000, 0x00000008d5580000)
  object space 87552K, 0% used [0x0000000080000000,0x0000000080000000,0x0000000085580000)
 Metaspace       used 5783K, capacity 6344K, committed 6400K, reserved 8192K
Event: 1.199 GC heap after
Heap after GC invocations=1 (full 0):
 PSYoungGen      total 38400K, used 5111K [0x00000008d5580000, 0x00000008da080000, 0x0000000d00000000)
  eden space 33280K, 0% used [0x00000008d5580000,0x00000008d5580000,0x00000008d7600000)
  from space 5120K, 99% used [0x00000008d7600000,0x00000008d7afdca8,0x00000008d7b00000)
  to   space 5120K, 0% used [0x00000008d9b80000,0x00000008d9b80000,0x00000008da080000)
 ParOldGen       total 87552K, used 1749K [0x0000000080000000, 0x0000000085580000, 0x00000008d5580000)
  object space 87552K, 1% used [0x0000000080000000,0x00000000801b5590,0x0000000085580000)
 Metaspace       used 5783K, capacity 6344K, committed 6400K, reserved 8192K
}
Event: 1.803 GC heap before
{Heap before GC invocations=2 (full 0):
 PSYoungGen      total 38400K, used 38391K [0x00000008d5580000, 0x00000008da080000, 0x0000000d00000000)
  eden space 33280K, 100% used [0x00000008d5580000,0x00000008d7600000,0x00000008d7600000)
  from space 5120K, 99% used [0x00000008d7600000,0x00000008d7afdca8,0x00000008d7b00000)
  to   space 5120K, 0% used [0x00000008d9b80000,0x00000008d9b80000,0x00000008da080000)
 ParOldGen       total 87552K, used 1749K [0x0000000080000000, 0x0000000085580000, 0x00000008d5580000)
  object space 87552K, 1% used [0x0000000080000000,0x00000000801b5590,0x0000000085580000)
 Metaspace       used 6011K, capacity 6536K, committed 6656K, reserved 8192K
Event: 2.091 GC heap after
Heap after GC invocations=2 (full 0):
 PSYoungGen      total 71680K, used 5112K [0x00000008d5580000, 0x00000008da080000, 0x0000000d00000000)
  eden space 66560K, 0% used [0x00000008d5580000,0x00000008d5580000,0x00000008d9680000)
  from space 5120K, 99% used [0x00000008d9b80000,0x00000008da07e130,0x00000008da080000)
  to   space 5120K, 0% used [0x00000008d9680000,0x00000008d9680000,0x00000008d9b80000)
 ParOldGen       total 87552K, used 6781K [0x0000000080000000, 0x0000000085580000, 0x00000008d5580000)
  object space 87552K, 7% used [0x0000000080000000,0x000000008069f610,0x0000000085580000)
 Metaspace       used 6011K, capacity 6536K, committed 6656K, reserved 8192K
}
Event: 3.332 GC heap before
{Heap before GC invocations=3 (full 0):
 PSYoungGen      total 71680K, used 71672K [0x00000008d5580000, 0x00000008da080000, 0x0000000d00000000)
  eden space 66560K, 100% used [0x00000008d5580000,0x00000008d9680000,0x00000008d9680000)
  from space 5120K, 99% used [0x00000008d9b80000,0x00000008da07e130,0x00000008da080000)
  to   space 5120K, 0% used [0x00000008d9680000,0x00000008d9680000,0x00000008d9b80000)
 ParOldGen       total 87552K, used 6781K [0x0000000080000000, 0x0000000085580000, 0x00000008d5580000)
  object space 87552K, 7% used [0x0000000080000000,0x000000008069f610,0x0000000085580000)
 Metaspace       used 6158K, capacity 6664K, committed 6912K, reserved 8192K
Event: 3.474 GC heap after
Heap after GC invocations=3 (full 0):
 PSYoungGen      total 71680K, used 5095K [0x00000008d5580000, 0x00000008de180000, 0x0000000d00000000)
  eden space 66560K, 0% used [0x00000008d5580000,0x00000008d5580000,0x00000008d9680000)
  from space 5120K, 99% used [0x00000008d9680000,0x00000008d9b79fe0,0x00000008d9b80000)
  to   space 5120K, 0% used [0x00000008ddc80000,0x00000008ddc80000,0x00000008de180000)
 ParOldGen       total 87552K, used 17782K [0x0000000080000000, 0x0000000085580000, 0x00000008d5580000)
  object space 87552K, 20% used [0x0000000080000000,0x000000008115db10,0x0000000085580000)
 Metaspace       used 6158K, capacity 6664K, committed 6912K, reserved 8192K
}
Event: 5.430 GC heap before
{Heap before GC invocations=4 (full 0):
 PSYoungGen      total 71680K, used 71655K [0x00000008d5580000, 0x00000008de180000, 0x0000000d00000000)
  eden space 66560K, 100% used [0x00000008d5580000,0x00000008d9680000,0x00000008d9680000)
  from space 5120K, 99% used [0x00000008d9680000,0x00000008d9b79fe0,0x00000008d9b80000)
  to   space 5120K, 0% used [0x00000008ddc80000,0x00000008ddc80000,0x00000008de180000)
 ParOldGen       total 87552K, used 17782K [0x0000000080000000, 0x0000000085580000, 0x00000008d5580000)
  object space 87552K, 20% used [0x0000000080000000,0x000000008115db10,0x0000000085580000)
 Metaspace       used 6196K, capacity 6664K, committed 6912K, reserved 8192K
Event: 5.554 GC heap after
Heap after GC invocations=4 (full 0):
 PSYoungGen      total 138240K, used 5111K [0x00000008d5580000, 0x00000008de180000, 0x0000000d00000000)
  eden space 133120K, 0% used [0x00000008d5580000,0x00000008d5580000,0x00000008dd780000)
  from space 5120K, 99% used [0x00000008ddc80000,0x00000008de17dfe0,0x00000008de180000)
  to   space 5120K, 0% used [0x00000008dd780000,0x00000008dd780000,0x00000008ddc80000)
 ParOldGen       total 87552K, used 28951K [0x0000000080000000, 0x0000000085580000, 0x00000008d5580000)
  object space 87552K, 33% used [0x0000000080000000,0x0000000081c45d10,0x0000000085580000)
 Metaspace       used 6196K, capacity 6664K, committed 6912K, reserved 8192K
}

Deoptimization events (10 events):
Event: 6.649 Thread 0x0000000025bc3800 Uncommon trap: reason=class_check action=maybe_recompile pc=0x00000000038493cc method=java.util.HashMap.putVal(ILjava/lang/Object;Ljava/lang/Object;ZZ)Ljava/lang/Object; @ 203
Event: 6.649 Thread 0x0000000025bc3800 Uncommon trap: reason=bimorphic action=maybe_recompile pc=0x000000000391ebcc method=java.util.HashMap.getNode(ILjava/lang/Object;)Ljava/util/HashMap$Node; @ 126
Event: 6.716 Thread 0x0000000025bc3800 Uncommon trap: reason=unstable_if action=reinterpret pc=0x0000000003bdd4d4 method=com.android.dx.cf.code.Merger.mergeType(Lcom/android/dx/rop/type/TypeBearer;Lcom/android/dx/rop/type/TypeBearer;)Lcom/android/dx/rop/type/TypeBearer; @ 77
Event: 7.355 Thread 0x0000000025b31000 Uncommon trap: reason=class_check action=maybe_recompile pc=0x0000000003833478 method=java.util.Arrays.hashCode([Ljava/lang/Object;)I @ 43
Event: 7.355 Thread 0x0000000025b31000 Uncommon trap: reason=class_check action=maybe_recompile pc=0x0000000003833478 method=java.util.Arrays.hashCode([Ljava/lang/Object;)I @ 43
Event: 7.355 Thread 0x0000000025b31000 Uncommon trap: reason=class_check action=maybe_recompile pc=0x0000000003833478 method=java.util.Arrays.hashCode([Ljava/lang/Object;)I @ 43
Event: 7.355 Thread 0x0000000025b31000 Uncommon trap: reason=class_check action=maybe_recompile pc=0x0000000003833478 method=java.util.Arrays.hashCode([Ljava/lang/Object;)I @ 43
Event: 7.355 Thread 0x0000000025b31000 Uncommon trap: reason=class_check action=maybe_recompile pc=0x000000000382b110 method=java.util.Arrays.hashCode([Ljava/lang/Object;)I @ 43
Event: 7.390 Thread 0x0000000025b31000 Uncommon trap: reason=class_check action=maybe_recompile pc=0x00000000038493cc method=java.util.HashMap.putVal(ILjava/lang/Object;Ljava/lang/Object;ZZ)Ljava/lang/Object; @ 203
Event: 7.396 Thread 0x0000000025b31000 Uncommon trap: reason=class_check action=maybe_recompile pc=0x00000000038493cc method=java.util.HashMap.putVal(ILjava/lang/Object;Ljava/lang/Object;ZZ)Ljava/lang/Object; @ 203

Internal exceptions (3 events):
Event: 0.057 Thread 0x0000000001aa0800 Exception <a 'java/lang/NoSuchMethodError': Method sun.misc.Unsafe.defineClass(Ljava/lang/String;[BII)Ljava/lang/Class; name or signature does not match> (0x00000008d558b8b8) thrown at [C:\src\android\AOSP-openjdk\external\jetbrains\jdk\hotspot\src\share\vËšI÷þV­?
Event: 0.057 Thread 0x0000000001aa0800 Exception <a 'java/lang/NoSuchMethodError': Method sun.misc.Unsafe.prefetchRead(Ljava/lang/Object;J)V name or signature does not match> (0x00000008d558bc80) thrown at [C:\src\android\AOSP-openjdk\external\jetbrains\jdk\hotspot\src\share\vm\prims\jni.cpp, l#ÄéäœIî?
Event: 0.946 Thread 0x0000000025bc3800 Implicit null exception at 0x00000000036b9552 to 0x00000000036b964b

Events (10 events):
Event: 7.355 Thread 0x0000000025b31000 DEOPT PACKING pc=0x000000000382b110 sp=0x0000000029cfe750
Event: 7.355 Thread 0x0000000025b31000 DEOPT UNPACKING pc=0x000000000344556a sp=0x0000000029cfe6d8 mode 2
Event: 7.390 Thread 0x0000000025b31000 Uncommon trap: trap_request=0xffffffde fr.pc=0x00000000038493cc
Event: 7.390 Thread 0x0000000025b31000 DEOPT PACKING pc=0x00000000038493cc sp=0x0000000029cfeb10
Event: 7.390 Thread 0x0000000025b31000 DEOPT UNPACKING pc=0x000000000344556a sp=0x0000000029cfea98 mode 2
Event: 7.396 Thread 0x0000000025b31000 Uncommon trap: trap_request=0xffffffde fr.pc=0x00000000038493cc
Event: 7.396 Thread 0x0000000025b31000 DEOPT PACKING pc=0x00000000038493cc sp=0x0000000029cfeb60
Event: 7.396 Thread 0x0000000025b31000 DEOPT UNPACKING pc=0x000000000344556a sp=0x0000000029cfeae8 mode 2
Event: 7.407 loading class com/android/dx/dex/file/CatchStructs
Event: 7.407 loading class com/android/dx/dex/file/CatchStructs done


Dynamic libraries:
0x00007ff6142d0000 - 0x00007ff614301000 	C:\Program Files\Android\Android Studio\jre\bin\java.exe
0x00007ff8d89a0000 - 0x00007ff8d8b71000 	C:\WINDOWS\SYSTEM32\ntdll.dll
0x00007ff8d6040000 - 0x00007ff8d60ec000 	C:\WINDOWS\System32\KERNEL32.DLL
0x00007ff8d5480000 - 0x00007ff8d569d000 	C:\WINDOWS\System32\KERNELBASE.dll
0x00007ff8d8200000 - 0x00007ff8d82a2000 	C:\WINDOWS\System32\ADVAPI32.dll
0x00007ff8d8370000 - 0x00007ff8d840e000 	C:\WINDOWS\System32\msvcrt.dll
0x00007ff8d8510000 - 0x00007ff8d8569000 	C:\WINDOWS\System32\sechost.dll
0x00007ff8d60f0000 - 0x00007ff8d6211000 	C:\WINDOWS\System32\RPCRT4.dll
0x00007ff8d6250000 - 0x00007ff8d63b5000 	C:\WINDOWS\System32\USER32.dll
0x00007ff8d50d0000 - 0x00007ff8d50ee000 	C:\WINDOWS\System32\win32u.dll
0x00007ff8d82c0000 - 0x00007ff8d82f4000 	C:\WINDOWS\System32\GDI32.dll
0x00007ff8d4f50000 - 0x00007ff8d50d0000 	C:\WINDOWS\System32\gdi32full.dll
0x00007ff8c92b0000 - 0x00007ff8c952a000 	C:\WINDOWS\WinSxS\amd64_microsoft.windows.common-controls_6595b64144ccf1df_6.0.14393.953_none_42151e83c686086b\COMCTL32.dll
0x00007ff8d7ed0000 - 0x00007ff8d8198000 	C:\WINDOWS\System32\combase.dll
0x00007ff8d5380000 - 0x00007ff8d5475000 	C:\WINDOWS\System32\ucrtbase.dll
0x00007ff8d50f0000 - 0x00007ff8d515a000 	C:\WINDOWS\System32\bcryptPrimitives.dll
0x00007ff8d6220000 - 0x00007ff8d624e000 	C:\WINDOWS\System32\IMM32.DLL
0x0000000054e70000 - 0x0000000054f42000 	C:\Program Files\Android\Android Studio\jre\jre\bin\msvcr100.dll
0x0000000055220000 - 0x0000000055a5c000 	C:\Program Files\Android\Android Studio\jre\jre\bin\server\jvm.dll
0x00007ff8d7ec0000 - 0x00007ff8d7ec8000 	C:\WINDOWS\System32\PSAPI.DLL
0x00007ff8ce090000 - 0x00007ff8ce099000 	C:\WINDOWS\SYSTEM32\WSOCK32.dll
0x00007ff8d5fd0000 - 0x00007ff8d603a000 	C:\WINDOWS\System32\WS2_32.dll
0x00007ff8d2fb0000 - 0x00007ff8d2fd3000 	C:\WINDOWS\SYSTEM32\WINMM.dll
0x00007ff8c8fd0000 - 0x00007ff8c8fda000 	C:\WINDOWS\SYSTEM32\VERSION.dll
0x00007ff8d2d80000 - 0x00007ff8d2dab000 	C:\WINDOWS\SYSTEM32\WINMMBASE.dll
0x00007ff8d5160000 - 0x00007ff8d51a2000 	C:\WINDOWS\System32\cfgmgr32.dll
0x00007ff8c9ee0000 - 0x00007ff8c9eef000 	C:\Program Files\Android\Android Studio\jre\jre\bin\verify.dll
0x00007ff8bc6f0000 - 0x00007ff8bc719000 	C:\Program Files\Android\Android Studio\jre\jre\bin\java.dll
0x00007ff8b5a50000 - 0x00007ff8b5a66000 	C:\Program Files\Android\Android Studio\jre\jre\bin\zip.dll
0x00007ff8d68f0000 - 0x00007ff8d7df8000 	C:\WINDOWS\System32\SHELL32.dll
0x00007ff8d5850000 - 0x00007ff8d5f2a000 	C:\WINDOWS\System32\windows.storage.dll
0x00007ff8d4e50000 - 0x00007ff8d4e9c000 	C:\WINDOWS\System32\powrprof.dll
0x00007ff8d81a0000 - 0x00007ff8d81f2000 	C:\WINDOWS\System32\shlwapi.dll
0x00007ff8d4e20000 - 0x00007ff8d4e2f000 	C:\WINDOWS\System32\kernel.appcore.dll
0x00007ff8d5700000 - 0x00007ff8d57a9000 	C:\WINDOWS\System32\shcore.dll
0x00007ff8d4e30000 - 0x00007ff8d4e44000 	C:\WINDOWS\System32\profapi.dll

VM Arguments:
jvm_args: -Djava.awt.headless=true -Xmx50g -Dfile.encoding=windows-1251 -Duser.country=RU -Duser.language=ru -Duser.variant 
java_command: com.android.dx.command.Main --dex --num-threads=4 --multi-dex --output C:\Users\User\Documents\GitHub\iCRM\iCRM\app\build\intermediates\transforms\dex\debug\folders\1000\10\classes_9742eedf288d78494d2ece6c6d65937d990dbe15 C:\Users\User\.android\build-cache\f5b818e94d4cdd9fd98018d9aafd9af1f62f32a6\output\jars\classes.jar
java_class_path (initial): C:\Users\User\AppData\Local\Android\sdk\build-tools\25.0.2\lib\dx.jar
Launcher Type: SUN_STANDARD

Environment Variables:
PATH=C:\ProgramData\Oracle\Java\javapath;C:\Program Files\Broadcom\Broadcom 802.11 Network Adapter;C:\Program Files (x86)\NVIDIA Corporation\PhysX\Common;C:\Program Files (x86)\Intel\iCLS Client\;C:\Program Files\Intel\iCLS Client\;C:\Windows\system32;C:\Windows;C:\Windows\System32\Wbem;C:\Windows\System32\WindowsPowerShell\v1.0\;C:\Program Files\Intel\Intel(R) Management Engine Components\DAL;C:\Program Files\Intel\Intel(R) Management Engine Components\IPT;C:\Program Files (x86)\Intel\Intel(R) Management Engine Components\DAL;C:\Program Files (x86)\Intel\Intel(R) Management Engine Components\IPT;C:\Program Files\WIDCOMM\Bluetooth Software\;C:\Program Files\WIDCOMM\Bluetooth Software\syswow64;C:\Program Files\Acer\Remote Files\;C:\Program Files\OpenVPN\bin;C:\WINDOWS\system32;C:\WINDOWS;C:\WINDOWS\System32\Wbem;C:\WINDOWS\System32\WindowsPowerShell\v1.0\;C:\Users\User\AppData\Local\Microsoft\WindowsApps;
USERNAME=User
OS=Windows_NT
PROCESSOR_IDENTIFIER=Intel64 Family 6 Model 69 Stepping 1, GenuineIntel



---------------  S Y S T E M  ---------------

OS: Windows 10.0 , 64 bit Build 14393 (10.0.14393.1198)

CPU:total 4 (2 cores per cpu, 2 threads per core) family 6 model 69 stepping 1, cmov, cx8, fxsr, mmx, sse, sse2, sse3, ssse3, sse4.1, sse4.2, popcnt, avx, avx2, aes, clmul, erms, lzcnt, ht, tsc, tscinvbit, bmi1, bmi2

Memory: 4k page, physical 8310040k(1865664k free), swap 12406040k(12748k free)

vm_info: OpenJDK 64-Bit Server VM (25.112-b06) for windows-amd64 JRE (1.8.0_112-release-b06), built on Dec  8 2016 00:54:26 by "builder" with MS VC++ 10.0 (VS2010)

time: Tue Jun 20 11:10:06 2017
elapsed time: 7 seconds (0d 0h 0m 7s)

