#
# There is insufficient memory for the Java Runtime Environment to continue.
# Native memory allocation (malloc) failed to allocate 324336 bytes for Chunk::new
# Possible reasons:
#   The system is out of physical RAM or swap space
#   In 32 bit mode, the process size limit was hit
# Possible solutions:
#   Reduce memory load on the system
#   Increase physical memory or swap space
#   Check if swap backing store is full
#   Use 64 bit Java on a 64 bit OS
#   Decrease Java heap size (-Xmx/-Xms)
#   Decrease number of Java threads
#   Decrease Java thread stack sizes (-Xss)
#   Set larger code cache with -XX:ReservedCodeCacheSize=
# This output file may be truncated or incomplete.
#
#  Out of Memory Error (allocation.cpp:390), pid=13108, tid=0x00000000000033d8
#
# JRE version: OpenJDK Runtime Environment (8.0_112-b06) (build 1.8.0_112-release-b06)
# Java VM: OpenJDK 64-Bit Server VM (25.112-b06 mixed mode windows-amd64 )
# Failed to write core dump. Minidumps are not enabled by default on client versions of Windows
#

---------------  T H R E A D  ---------------

Current thread (0x0000000023d4f800):  JavaThread "C2 CompilerThread1" daemon [_thread_in_native, id=13272, stack(0x00000000253a0000,0x00000000254a0000)]

Stack: [0x00000000253a0000,0x00000000254a0000]
[error occurred during error reporting (printing stack bounds), id 0xc0000005]

Native frames: (J=compiled Java code, j=interpreted, Vv=VM code, C=native code)


Current CompileTask:
C2:   2661 1044       4       com.android.dx.ssa.SCCP::simulateStmt (481 bytes)


---------------  P R O C E S S  ---------------

Java Threads: ( => current thread )
  0x0000000025848800 JavaThread "pool-2-thread-4" [_thread_in_Java, id=10924, stack(0x0000000025fa0000,0x00000000260a0000)]
  0x0000000025865800 JavaThread "pool-2-thread-3" [_thread_in_Java, id=4320, stack(0x0000000025ea0000,0x0000000025fa0000)]
  0x000000002585a000 JavaThread "pool-2-thread-2" [_thread_in_vm, id=3540, stack(0x0000000025da0000,0x0000000025ea0000)]
  0x00000000257f6800 JavaThread "pool-3-thread-1" [_thread_blocked, id=13816, stack(0x0000000025ca0000,0x0000000025da0000)]
  0x00000000257f5800 JavaThread "pool-2-thread-1" [_thread_in_Java, id=2180, stack(0x0000000025ba0000,0x0000000025ca0000)]
  0x0000000023dae800 JavaThread "Service Thread" daemon [_thread_blocked, id=14868, stack(0x00000000259a0000,0x0000000025aa0000)]
  0x0000000023d59000 JavaThread "C1 CompilerThread2" daemon [_thread_blocked, id=15788, stack(0x00000000254a0000,0x00000000255a0000)]
=>0x0000000023d4f800 JavaThread "C2 CompilerThread1" daemon [_thread_in_native, id=13272, stack(0x00000000253a0000,0x00000000254a0000)]
  0x0000000023d4d800 JavaThread "C2 CompilerThread0" daemon [_thread_in_native, id=12752, stack(0x00000000252a0000,0x00000000253a0000)]
  0x0000000023d4c000 JavaThread "Attach Listener" daemon [_thread_blocked, id=14688, stack(0x00000000251a0000,0x00000000252a0000)]
  0x0000000023d4b000 JavaThread "Signal Dispatcher" daemon [_thread_blocked, id=10024, stack(0x00000000250a0000,0x00000000251a0000)]
  0x000000000181b000 JavaThread "Finalizer" daemon [_thread_blocked, id=15520, stack(0x0000000024fa0000,0x00000000250a0000)]
  0x0000000001810000 JavaThread "Reference Handler" daemon [_thread_blocked, id=3512, stack(0x0000000024ea0000,0x0000000024fa0000)]
  0x0000000001720800 JavaThread "main" [_thread_in_native, id=7100, stack(0x0000000001620000,0x0000000001720000)]

Other Threads:
  0x0000000023d14800 VMThread [stack: 0x0000000024da0000,0x0000000024ea0000] [id=14096]
  0x00000000255bd800 WatcherThread [stack: 0x0000000025aa0000,0x0000000025ba0000] [id=4280]

VM state:not at safepoint (normal execution)

VM Mutex/Monitor currently owned by a thread: None

Heap:
 PSYoungGen      total 38400K, used 34727K [0x00000008d5580000, 0x00000008d8000000, 0x0000000d00000000)
  eden space 33280K, 88% used [0x00000008d5580000,0x00000008d726c180,0x00000008d7600000)
  from space 5120K, 99% used [0x00000008d7600000,0x00000008d7afdc88,0x00000008d7b00000)
  to   space 5120K, 0% used [0x00000008d7b00000,0x00000008d7b00000,0x00000008d8000000)
 ParOldGen       total 87552K, used 2042K [0x0000000080000000, 0x0000000085580000, 0x00000008d5580000)
  object space 87552K, 2% used [0x0000000080000000,0x00000000801feb18,0x0000000085580000)
 Metaspace       used 6025K, capacity 6536K, committed 6656K, reserved 10240K

Card table byte_map: [0x0000000012400000,0x0000000018810000] byte_map_base: 0x0000000012000000

Marking Bits: (ParMarkBitMap*) 0x0000000066d518f0
 Begin Bits: [0x0000000d00000000, 0x0000000d32000000)
 End Bits:   [0x0000000d32000000, 0x0000000d64000000)

Polling page: 0x0000000001180000

CodeCache: size=245760Kb used=5249Kb max_used=5249Kb free=240511Kb
 bounds [0x0000000003400000, 0x0000000003930000, 0x0000000012400000]
 total_blobs=1602 nmethods=1334 adapters=181
 compilation: enabled

Compilation events (10 events):
Event: 2.155 Thread 0x0000000023d59000 nmethod 1092 0x000000000380f150 code [0x000000000380f2e0, 0x000000000380f950]
Event: 2.155 Thread 0x0000000023d59000 1091       3       com.android.dx.dex.code.RopTranslator$1::visitPlainCstInsn (64 bytes)
Event: 2.156 Thread 0x0000000023d59000 nmethod 1091 0x000000000380fb90 code [0x000000000380fd20, 0x00000000038104d0]
Event: 2.156 Thread 0x0000000023d59000 1094       3       com.android.dx.dex.code.RopTranslator$LocalVariableAwareTranslationVisitor::visitPlainCstInsn (11 bytes)
Event: 2.157 Thread 0x0000000023d59000 nmethod 1094 0x00000000038106d0 code [0x00000000038108c0, 0x0000000003811248]
Event: 2.157 Thread 0x0000000023d59000 1096       3       com.android.dx.cf.code.BaseMachine::popArgs (127 bytes)
Event: 2.158 Thread 0x0000000023d59000 nmethod 1096 0x00000000038117d0 code [0x0000000003811ae0, 0x00000000038133a8]
Event: 2.158 Thread 0x0000000023d59000 1098       3       com.android.dx.rop.type.Type::isCategory2 (36 bytes)
Event: 2.158 Thread 0x0000000023d59000 nmethod 1098 0x0000000003813fd0 code [0x0000000003814120, 0x0000000003814290]
Event: 2.158 Thread 0x0000000023d59000 1097       3       com.android.dx.cf.code.OneLocalsArray::get (20 bytes)

GC Heap History (2 events):
Event: 2.126 GC heap before
{Heap before GC invocations=1 (full 0):
 PSYoungGen      total 38400K, used 33280K [0x00000008d5580000, 0x00000008d8000000, 0x0000000d00000000)
  eden space 33280K, 100% used [0x00000008d5580000,0x00000008d7600000,0x00000008d7600000)
  from space 5120K, 0% used [0x00000008d7b00000,0x00000008d7b00000,0x00000008d8000000)
  to   space 5120K, 0% used [0x00000008d7600000,0x00000008d7600000,0x00000008d7b00000)
 ParOldGen       total 87552K, used 0K [0x0000000080000000, 0x0000000085580000, 0x00000008d5580000)
  object space 87552K, 0% used [0x0000000080000000,0x0000000080000000,0x0000000085580000)
 Metaspace       used 5766K, capacity 6344K, committed 6400K, reserved 8192K
Event: 2.136 GC heap after
Heap after GC invocations=1 (full 0):
 PSYoungGen      total 38400K, used 5111K [0x00000008d5580000, 0x00000008d8000000, 0x0000000d00000000)
  eden space 33280K, 0% used [0x00000008d5580000,0x00000008d5580000,0x00000008d7600000)
  from space 5120K, 99% used [0x00000008d7600000,0x00000008d7afdc88,0x00000008d7b00000)
  to   space 5120K, 0% used [0x00000008d7b00000,0x00000008d7b00000,0x00000008d8000000)
 ParOldGen       total 87552K, used 2042K [0x0000000080000000, 0x0000000085580000, 0x00000008d5580000)
  object space 87552K, 2% used [0x0000000080000000,0x00000000801feb18,0x0000000085580000)
 Metaspace       used 5766K, capacity 6344K, committed 6400K, reserved 8192K
}

Deoptimization events (6 events):
Event: 0.780 Thread 0x0000000025848800 Uncommon trap: reason=unstable_if action=reinterpret pc=0x000000000361b9e4 method=java.util.HashMap.getNode(ILjava/lang/Object;)Ljava/util/HashMap$Node; @ 129
Event: 1.077 Thread 0x0000000025848800 Uncommon trap: reason=bimorphic action=maybe_recompile pc=0x000000000363e09c method=java.util.HashMap.getNode(ILjava/lang/Object;)Ljava/util/HashMap$Node; @ 126
Event: 1.078 Thread 0x0000000025848800 Uncommon trap: reason=bimorphic action=maybe_recompile pc=0x000000000363e09c method=java.util.HashMap.getNode(ILjava/lang/Object;)Ljava/util/HashMap$Node; @ 126
Event: 1.078 Thread 0x0000000025848800 Uncommon trap: reason=bimorphic action=maybe_recompile pc=0x000000000363e09c method=java.util.HashMap.getNode(ILjava/lang/Object;)Ljava/util/HashMap$Node; @ 126
Event: 1.078 Thread 0x0000000025848800 Uncommon trap: reason=bimorphic action=maybe_recompile pc=0x000000000363e09c method=java.util.HashMap.getNode(ILjava/lang/Object;)Ljava/util/HashMap$Node; @ 126
Event: 1.078 Thread 0x0000000025848800 Uncommon trap: reason=bimorphic action=maybe_recompile pc=0x000000000368606c method=java.util.HashMap.getNode(ILjava/lang/Object;)Ljava/util/HashMap$Node; @ 126

Internal exceptions (2 events):
Event: 0.052 Thread 0x0000000001720800 Exception <a 'java/lang/NoSuchMethodError': Method sun.misc.Unsafe.defineClass(Ljava/lang/String;[BII)Ljava/lang/Class; name or signature does not match> (0x00000008d558b8b8) thrown at [C:\src\android\AOSP-openjdk\external\jetbrains\jdk\hotspot\src\share\vÙÇÆžø·ª?
Event: 0.052 Thread 0x0000000001720800 Exception <a 'java/lang/NoSuchMethodError': Method sun.misc.Unsafe.prefetchRead(Ljava/lang/Object;J)V name or signature does not match> (0x00000008d558bc80) thrown at [C:\src\android\AOSP-openjdk\external\jetbrains\jdk\hotspot\src\share\vm\prims\jni.cpp, l

Events (10 events):
Event: 1.094 Executing VM operation: ForceSafepoint
Event: 1.320 Executing VM operation: ForceSafepoint done
Event: 1.346 Thread 0x0000000025848800 DEOPT PACKING pc=0x0000000003691c7a sp=0x000000002609ec30
Event: 1.346 Thread 0x0000000025848800 DEOPT UNPACKING pc=0x00000000034475bf sp=0x000000002609e9a8 mode 0
Event: 1.442 Thread 0x000000002585a000 DEOPT PACKING pc=0x0000000003691c7a sp=0x0000000025e9eb60
Event: 1.442 Thread 0x000000002585a000 DEOPT UNPACKING pc=0x00000000034475bf sp=0x0000000025e9e8d8 mode 0
Event: 1.486 Thread 0x0000000025848800 DEOPT PACKING pc=0x0000000003691c7a sp=0x000000002609ec30
Event: 1.486 Thread 0x0000000025848800 DEOPT UNPACKING pc=0x00000000034475bf sp=0x000000002609e9a8 mode 0
Event: 1.746 Executing VM operation: ParallelGCFailedAllocation
Event: 2.136 Executing VM operation: ParallelGCFailedAllocation done


Dynamic libraries:
0x00007ff79e7b0000 - 0x00007ff79e7e1000 	C:\Program Files\Android\Android Studio\jre\bin\java.exe
0x00007fff75380000 - 0x00007fff75551000 	C:\WINDOWS\SYSTEM32\ntdll.dll
0x00007fff73760000 - 0x00007fff7380b000 	C:\WINDOWS\System32\KERNEL32.DLL
0x00007fff71c60000 - 0x00007fff71e7d000 	C:\WINDOWS\System32\KERNELBASE.dll
0x00007fff72a80000 - 0x00007fff72b22000 	C:\WINDOWS\System32\ADVAPI32.dll
0x00007fff73120000 - 0x00007fff731be000 	C:\WINDOWS\System32\msvcrt.dll
0x00007fff73840000 - 0x00007fff73899000 	C:\WINDOWS\System32\sechost.dll
0x00007fff72b30000 - 0x00007fff72c51000 	C:\WINDOWS\System32\RPCRT4.dll
0x00007fff72910000 - 0x00007fff72a75000 	C:\WINDOWS\System32\USER32.dll
0x00007fff71ac0000 - 0x00007fff71ade000 	C:\WINDOWS\System32\win32u.dll
0x00007fff72d00000 - 0x00007fff72d34000 	C:\WINDOWS\System32\GDI32.dll
0x00007fff71e80000 - 0x00007fff72002000 	C:\WINDOWS\System32\gdi32full.dll
0x00007fff66140000 - 0x00007fff663ba000 	C:\WINDOWS\WinSxS\amd64_microsoft.windows.common-controls_6595b64144ccf1df_6.0.14393.953_none_42151e83c686086b\COMCTL32.dll
0x00007fff73390000 - 0x00007fff73658000 	C:\WINDOWS\System32\combase.dll
0x00007fff71910000 - 0x00007fff71a05000 	C:\WINDOWS\System32\ucrtbase.dll
0x00007fff71b90000 - 0x00007fff71bfa000 	C:\WINDOWS\System32\bcryptPrimitives.dll
0x00007fff73810000 - 0x00007fff7383e000 	C:\WINDOWS\System32\IMM32.DLL
0x00000000663d0000 - 0x00000000664a2000 	C:\Program Files\Android\Android Studio\jre\jre\bin\msvcr100.dll
0x0000000066590000 - 0x0000000066dcc000 	C:\Program Files\Android\Android Studio\jre\jre\bin\server\jvm.dll
0x00007fff730f0000 - 0x00007fff730f8000 	C:\WINDOWS\System32\PSAPI.DLL
0x00007fff6f720000 - 0x00007fff6f743000 	C:\WINDOWS\SYSTEM32\WINMM.dll
0x00007fff648a0000 - 0x00007fff648aa000 	C:\WINDOWS\SYSTEM32\VERSION.dll
0x00007fff6f6c0000 - 0x00007fff6f6eb000 	C:\WINDOWS\SYSTEM32\WINMMBASE.dll
0x00007fff665f0000 - 0x00007fff665f9000 	C:\WINDOWS\SYSTEM32\WSOCK32.dll
0x00007fff72010000 - 0x00007fff72052000 	C:\WINDOWS\System32\cfgmgr32.dll
0x00007fff72d40000 - 0x00007fff72daa000 	C:\WINDOWS\System32\WS2_32.dll
0x00007fff68020000 - 0x00007fff6802f000 	C:\Program Files\Android\Android Studio\jre\jre\bin\verify.dll
0x00007fff66ae0000 - 0x00007fff66b09000 	C:\Program Files\Android\Android Studio\jre\jre\bin\java.dll
0x00007fff66ac0000 - 0x00007fff66ad6000 	C:\Program Files\Android\Android Studio\jre\jre\bin\zip.dll
0x00007fff73a40000 - 0x00007fff74f48000 	C:\WINDOWS\System32\SHELL32.dll
0x00007fff72230000 - 0x00007fff7290a000 	C:\WINDOWS\System32\windows.storage.dll
0x00007fff717f0000 - 0x00007fff7183c000 	C:\WINDOWS\System32\powrprof.dll
0x00007fff72e20000 - 0x00007fff72e72000 	C:\WINDOWS\System32\shlwapi.dll
0x00007fff717e0000 - 0x00007fff717ef000 	C:\WINDOWS\System32\kernel.appcore.dll
0x00007fff71a10000 - 0x00007fff71ab9000 	C:\WINDOWS\System32\shcore.dll
0x00007fff71850000 - 0x00007fff71864000 	C:\WINDOWS\System32\profapi.dll

VM Arguments:
jvm_args: -Djava.awt.headless=true -Xmx50g -Dfile.encoding=windows-1251 -Duser.country=RU -Duser.language=ru -Duser.variant 
java_command: com.android.dx.command.Main --dex --num-threads=4 --multi-dex --output C:\Users\User\Documents\GitHub\iCRM\iCRM\app\build\intermediates\transforms\dex\debug\folders\1000\10\classes_f80343ae2a6008371414ceb0f76bb5c00a3fd539 C:\Users\User\.android\build-cache\cd4d2bdb64dc438403605321bde5e247e6745a49\output\jars\classes.jar
java_class_path (initial): C:\Users\User\AppData\Local\Android\sdk\build-tools\25.0.2\lib\dx.jar
Launcher Type: SUN_STANDARD

Environment Variables:
PATH=C:\ProgramData\Oracle\Java\javapath;C:\Program Files\Broadcom\Broadcom 802.11 Network Adapter;C:\Program Files (x86)\NVIDIA Corporation\PhysX\Common;C:\Program Files (x86)\Intel\iCLS Client\;C:\Program Files\Intel\iCLS Client\;C:\Windows\system32;C:\Windows;C:\Windows\System32\Wbem;C:\Windows\System32\WindowsPowerShell\v1.0\;C:\Program Files\Intel\Intel(R) Management Engine Components\DAL;C:\Program Files\Intel\Intel(R) Management Engine Components\IPT;C:\Program Files (x86)\Intel\Intel(R) Management Engine Components\DAL;C:\Program Files (x86)\Intel\Intel(R) Management Engine Components\IPT;C:\Program Files\WIDCOMM\Bluetooth Software\;C:\Program Files\WIDCOMM\Bluetooth Software\syswow64;C:\Program Files\Acer\Remote Files\;C:\Program Files\OpenVPN\bin;C:\WINDOWS\system32;C:\WINDOWS;C:\WINDOWS\System32\Wbem;C:\WINDOWS\System32\WindowsPowerShell\v1.0\;C:\Users\User\AppData\Local\Microsoft\WindowsApps;
USERNAME=User
OS=Windows_NT
PROCESSOR_IDENTIFIER=Intel64 Family 6 Model 69 Stepping 1, GenuineIntel



---------------  S Y S T E M  ---------------

OS: Windows 10.0 , 64 bit Build 14393 (10.0.14393.0)

CPU:total 4 (2 cores per cpu, 2 threads per core) family 6 model 69 stepping 1, cmov, cx8, fxsr, mmx, sse, sse2, sse3, ssse3, sse4.1, sse4.2, popcnt, avx, avx2, aes, clmul, erms, lzcnt, ht, tsc, tscinvbit, bmi1, bmi2

Memory: 4k page, physical 8310040k(3857960k free), swap 12406040k(1929984k free)

vm_info: OpenJDK 64-Bit Server VM (25.112-b06) for windows-amd64 JRE (1.8.0_112-release-b06), built on Dec  8 2016 00:54:26 by "builder" with MS VC++ 10.0 (VS2010)

time: Thu Apr 27 12:59:02 2017
elapsed time: 2 seconds (0d 0h 0m 2s)

