#
# There is insufficient memory for the Java Runtime Environment to continue.
# Native memory allocation (malloc) failed to allocate 1212496 bytes for Chunk::new
# Possible reasons:
#   The system is out of physical RAM or swap space
#   In 32 bit mode, the process size limit was hit
# Possible solutions:
#   Reduce memory load on the system
#   Increase physical memory or swap space
#   Check if swap backing store is full
#   Use 64 bit Java on a 64 bit OS
#   Decrease Java heap size (-Xmx/-Xms)
#   Decrease number of Java threads
#   Decrease Java thread stack sizes (-Xss)
#   Set larger code cache with -XX:ReservedCodeCacheSize=
# This output file may be truncated or incomplete.
#
#  Out of Memory Error (allocation.cpp:390), pid=7676, tid=1572
#
# JRE version: Java(TM) SE Runtime Environment (8.0_20-b26) (build 1.8.0_20-b26)
# Java VM: Java HotSpot(TM) 64-Bit Server VM (25.20-b23 mixed mode windows-amd64 )
# Failed to write core dump. Minidumps are not enabled by default on client versions of Windows
#

---------------  T H R E A D  ---------------

Current thread (0x0000000001dcc000):  JavaThread "C2 CompilerThread0" daemon [_thread_in_native, id=1572, stack(0x0000000024ea0000,0x0000000024fa0000)]

Stack: [0x0000000024ea0000,0x0000000024fa0000]
Native frames: (J=compiled Java code, j=interpreted, Vv=VM code, C=native code)
V  [jvm.dll+0x3152fa]
V  [jvm.dll+0x265d03]
V  [jvm.dll+0x266943]
V  [jvm.dll+0x25e265]
V  [jvm.dll+0xbe255]
V  [jvm.dll+0xbe6fc]
V  [jvm.dll+0x45c472]
V  [jvm.dll+0x49d76f]
V  [jvm.dll+0x451045]
V  [jvm.dll+0x452634]
V  [jvm.dll+0x435fc2]
V  [jvm.dll+0x97b62]
V  [jvm.dll+0x98353]
V  [jvm.dll+0x22aac4]
V  [jvm.dll+0x283f5a]
C  [msvcr100.dll+0x21d9f]
C  [msvcr100.dll+0x21e3b]
C  [KERNEL32.DLL+0x8364]
C  [ntdll.dll+0x65e91]


Current CompileTask:
C2:  85790 3740 %     4       com.android.dx.dex.code.LocalList::make @ 16 (102 bytes)


---------------  P R O C E S S  ---------------

Java Threads: ( => current thread )
  0x00000000258dd000 JavaThread "pool-1-thread-2" [_thread_in_Java, id=1200, stack(0x00000000286b0000,0x00000000287b0000)]
  0x0000000025de9000 JavaThread "pool-1-thread-1" [_thread_in_Java, id=1104, stack(0x0000000027470000,0x0000000027570000)]
  0x00000000251c8800 JavaThread "Service Thread" daemon [_thread_blocked, id=1936, stack(0x00000000255a0000,0x00000000256a0000)]
  0x0000000001dd5000 JavaThread "C1 CompilerThread2" daemon [_thread_blocked, id=4248, stack(0x00000000250a0000,0x00000000251a0000)]
  0x0000000001dce800 JavaThread "C2 CompilerThread1" daemon [_thread_in_native, id=7292, stack(0x0000000024fa0000,0x00000000250a0000)]
=>0x0000000001dcc000 JavaThread "C2 CompilerThread0" daemon [_thread_in_native, id=1572, stack(0x0000000024ea0000,0x0000000024fa0000)]
  0x0000000001dca800 JavaThread "Attach Listener" daemon [_thread_blocked, id=10728, stack(0x0000000024da0000,0x0000000024ea0000)]
  0x0000000001dc9800 JavaThread "Signal Dispatcher" daemon [_thread_blocked, id=4324, stack(0x0000000024ca0000,0x0000000024da0000)]
  0x0000000001466000 JavaThread "Finalizer" daemon [_thread_blocked, id=11440, stack(0x0000000024ba0000,0x0000000024ca0000)]
  0x000000000145d000 JavaThread "Reference Handler" daemon [_thread_blocked, id=11520, stack(0x0000000024aa0000,0x0000000024ba0000)]
  0x0000000001372800 JavaThread "main" [_thread_blocked, id=8876, stack(0x0000000001240000,0x0000000001340000)]

Other Threads:
  0x0000000001d95800 VMThread [stack: 0x00000000249a0000,0x0000000024aa0000] [id=8368]
  0x00000000251d2000 WatcherThread [stack: 0x00000000256a0000,0x00000000257a0000] [id=5456]

VM state:not at safepoint (normal execution)

VM Mutex/Monitor currently owned by a thread: None

Heap:
 PSYoungGen      total 1154560K, used 790414K [0x00000008d5580000, 0x0000000937280000, 0x0000000d00000000)
  eden space 804352K, 98% used [0x00000008d5580000,0x0000000905963980,0x0000000906700000)
  from space 350208K, 0% used [0x000000091d980000,0x000000091d980000,0x0000000932f80000)
  to   space 379392K, 0% used [0x0000000906700000,0x0000000906700000,0x000000091d980000)
 ParOldGen       total 860672K, used 860512K [0x0000000080000000, 0x00000000b4880000, 0x00000008d5580000)
  object space 860672K, 99% used [0x0000000080000000,0x00000000b4858158,0x00000000b4880000)
 Metaspace       used 6973K, capacity 7176K, committed 7424K, reserved 8192K

Card table byte_map: [0x0000000012400000,0x0000000018810000] byte_map_base: 0x0000000012000000

Marking Bits: (ParMarkBitMap*) 0x0000000053c3b460
 Begin Bits: [0x0000000d00000000, 0x0000000d32000000)
 End Bits:   [0x0000000d32000000, 0x0000000d64000000)

Polling page: 0x00000000005f0000

CodeCache: size=245760Kb used=13327Kb max_used=14040Kb free=232432Kb
 bounds [0x0000000003400000, 0x00000000041d0000, 0x0000000012400000]
 total_blobs=3139 nmethods=2873 adapters=179
 compilation: enabled

Compilation events (10 events):
Event: 85.728 Thread 0x0000000001dd5000 3746       1       com.android.dx.dex.code.form.Form10x::codeSize (2 bytes)
Event: 85.728 Thread 0x0000000001dd5000 nmethod 3746 0x0000000003f0e450 code [0x0000000003f0e5a0, 0x0000000003f0e6b0]
Event: 85.738 Thread 0x0000000001dd5000 3748       2       com.android.dx.rop.code.RegisterSpec::isEvenRegister (15 bytes)
Event: 85.738 Thread 0x0000000001dd5000 nmethod 3748 0x0000000003f0e110 code [0x0000000003f0e260, 0x0000000003f0e3d0]
Event: 85.740 Thread 0x0000000001dd5000 3750       2       com.android.dx.dex.code.form.Form21h::codeSize (2 bytes)
Event: 85.740 Thread 0x0000000001dd5000 nmethod 3750 0x0000000003f0ddd0 code [0x0000000003f0df20, 0x0000000003f0e070]
Event: 85.740 Thread 0x0000000001dd5000 3751       1       com.android.dx.dex.code.form.Form23x::codeSize (2 bytes)
Event: 85.740 Thread 0x0000000001dd5000 nmethod 3751 0x0000000003d01750 code [0x0000000003d018a0, 0x0000000003d019b0]
Event: 85.747 Thread 0x0000000001dd5000 3752       3       java.util.ComparableTimSort::binarySort (223 bytes)
Event: 85.748 Thread 0x0000000001dd5000 nmethod 3752 0x0000000003d00650 code [0x0000000003d00840, 0x0000000003d012d8]

GC Heap History (10 events):
Event: 49.553 GC heap before
{Heap before GC invocations=24 (full 6):
 PSYoungGen      total 1154560K, used 992346K [0x00000008d5580000, 0x0000000937280000, 0x0000000d00000000)
  eden space 804352K, 100% used [0x00000008d5580000,0x0000000906700000,0x0000000906700000)
  from space 350208K, 53% used [0x000000091d980000,0x0000000929116868,0x0000000932f80000)
  to   space 379392K, 0% used [0x0000000906700000,0x0000000906700000,0x000000091d980000)
 ParOldGen       total 860672K, used 860611K [0x0000000080000000, 0x00000000b4880000, 0x00000008d5580000)
  object space 860672K, 99% used [0x0000000080000000,0x00000000b4870fb8,0x00000000b4880000)
 Metaspace       used 6590K, capacity 6856K, committed 6912K, reserved 8192K
Event: 53.187 GC heap after
Heap after GC invocations=24 (full 6):
 PSYoungGen      total 1154560K, used 204682K [0x00000008d5580000, 0x0000000937280000, 0x0000000d00000000)
  eden space 804352K, 25% used [0x00000008d5580000,0x00000008e1d628e8,0x0000000906700000)
  from space 350208K, 0% used [0x000000091d980000,0x000000091d980000,0x0000000932f80000)
  to   space 379392K, 0% used [0x0000000906700000,0x0000000906700000,0x000000091d980000)
 ParOldGen       total 860672K, used 860570K [0x0000000080000000, 0x00000000b4880000, 0x00000008d5580000)
  object space 860672K, 99% used [0x0000000080000000,0x00000000b48669f8,0x00000000b4880000)
 Metaspace       used 6590K, capacity 6856K, committed 6912K, reserved 8192K
}
Event: 54.908 GC heap before
{Heap before GC invocations=25 (full 7):
 PSYoungGen      total 1154560K, used 804352K [0x00000008d5580000, 0x0000000937280000, 0x0000000d00000000)
  eden space 804352K, 100% used [0x00000008d5580000,0x0000000906700000,0x0000000906700000)
  from space 350208K, 0% used [0x000000091d980000,0x000000091d980000,0x0000000932f80000)
  to   space 379392K, 0% used [0x0000000906700000,0x0000000906700000,0x000000091d980000)
 ParOldGen       total 860672K, used 860570K [0x0000000080000000, 0x00000000b4880000, 0x00000008d5580000)
  object space 860672K, 99% used [0x0000000080000000,0x00000000b48669f8,0x00000000b4880000)
 Metaspace       used 6590K, capacity 6856K, committed 6912K, reserved 8192K
Event: 58.290 GC heap after
Heap after GC invocations=25 (full 7):
 PSYoungGen      total 1154560K, used 294427K [0x00000008d5580000, 0x0000000937280000, 0x0000000d00000000)
  eden space 804352K, 36% used [0x00000008d5580000,0x00000008e7506e78,0x0000000906700000)
  from space 350208K, 0% used [0x000000091d980000,0x000000091d980000,0x0000000932f80000)
  to   space 379392K, 0% used [0x0000000906700000,0x0000000906700000,0x000000091d980000)
 ParOldGen       total 860672K, used 860559K [0x0000000080000000, 0x00000000b4880000, 0x00000008d5580000)
  object space 860672K, 99% used [0x0000000080000000,0x00000000b4863d70,0x00000000b4880000)
 Metaspace       used 6590K, capacity 6856K, committed 6912K, reserved 8192K
}
Event: 59.877 GC heap before
{Heap before GC invocations=26 (full 8):
 PSYoungGen      total 1154560K, used 804352K [0x00000008d5580000, 0x0000000937280000, 0x0000000d00000000)
  eden space 804352K, 100% used [0x00000008d5580000,0x0000000906700000,0x0000000906700000)
  from space 350208K, 0% used [0x000000091d980000,0x000000091d980000,0x0000000932f80000)
  to   space 379392K, 0% used [0x0000000906700000,0x0000000906700000,0x000000091d980000)
 ParOldGen       total 860672K, used 860559K [0x0000000080000000, 0x00000000b4880000, 0x00000008d5580000)
  object space 860672K, 99% used [0x0000000080000000,0x00000000b4863d70,0x00000000b4880000)
 Metaspace       used 6695K, capacity 6920K, committed 7168K, reserved 8192K
Event: 66.705 GC heap after
Heap after GC invocations=26 (full 8):
 PSYoungGen      total 1154560K, used 356012K [0x00000008d5580000, 0x0000000937280000, 0x0000000d00000000)
  eden space 804352K, 44% used [0x00000008d5580000,0x00000008eb12b280,0x0000000906700000)
  from space 350208K, 0% used [0x000000091d980000,0x000000091d980000,0x0000000932f80000)
  to   space 379392K, 0% used [0x0000000906700000,0x0000000906700000,0x000000091d980000)
 ParOldGen       total 860672K, used 860652K [0x0000000080000000, 0x00000000b4880000, 0x00000008d5580000)
  object space 860672K, 99% used [0x0000000080000000,0x00000000b487b190,0x00000000b4880000)
 Metaspace       used 6695K, capacity 6920K, committed 7168K, reserved 8192K
}
Event: 67.375 GC heap before
{Heap before GC invocations=27 (full 9):
 PSYoungGen      total 1154560K, used 804352K [0x00000008d5580000, 0x0000000937280000, 0x0000000d00000000)
  eden space 804352K, 100% used [0x00000008d5580000,0x0000000906700000,0x0000000906700000)
  from space 350208K, 0% used [0x000000091d980000,0x000000091d980000,0x0000000932f80000)
  to   space 379392K, 0% used [0x0000000906700000,0x0000000906700000,0x000000091d980000)
 ParOldGen       total 860672K, used 860652K [0x0000000080000000, 0x00000000b4880000, 0x00000008d5580000)
  object space 860672K, 99% used [0x0000000080000000,0x00000000b487b190,0x00000000b4880000)
 Metaspace       used 6698K, capacity 6920K, committed 7168K, reserved 8192K
Event: 70.330 GC heap after
Heap after GC invocations=27 (full 9):
 PSYoungGen      total 1154560K, used 427034K [0x00000008d5580000, 0x0000000937280000, 0x0000000d00000000)
  eden space 804352K, 53% used [0x00000008d5580000,0x00000008ef6869d8,0x0000000906700000)
  from space 350208K, 0% used [0x000000091d980000,0x000000091d980000,0x0000000932f80000)
  to   space 379392K, 0% used [0x0000000906700000,0x0000000906700000,0x000000091d980000)
 ParOldGen       total 860672K, used 860564K [0x0000000080000000, 0x00000000b4880000, 0x00000008d5580000)
  object space 860672K, 99% used [0x0000000080000000,0x00000000b4865338,0x00000000b4880000)
 Metaspace       used 6698K, capacity 6920K, committed 7168K, reserved 8192K
}
Event: 71.210 GC heap before
{Heap before GC invocations=28 (full 10):
 PSYoungGen      total 1154560K, used 804352K [0x00000008d5580000, 0x0000000937280000, 0x0000000d00000000)
  eden space 804352K, 100% used [0x00000008d5580000,0x0000000906700000,0x0000000906700000)
  from space 350208K, 0% used [0x000000091d980000,0x000000091d980000,0x0000000932f80000)
  to   space 379392K, 0% used [0x0000000906700000,0x0000000906700000,0x000000091d980000)
 ParOldGen       total 860672K, used 860564K [0x0000000080000000, 0x00000000b4880000, 0x00000008d5580000)
  object space 860672K, 99% used [0x0000000080000000,0x00000000b4865338,0x00000000b4880000)
 Metaspace       used 6742K, capacity 6984K, committed 7168K, reserved 8192K
Event: 84.715 GC heap after
Heap after GC invocations=28 (full 10):
 PSYoungGen      total 1154560K, used 489415K [0x00000008d5580000, 0x0000000937280000, 0x0000000d00000000)
  eden space 804352K, 60% used [0x00000008d5580000,0x00000008f3371e60,0x0000000906700000)
  from space 350208K, 0% used [0x000000091d980000,0x000000091d980000,0x0000000932f80000)
  to   space 379392K, 0% used [0x0000000906700000,0x0000000906700000,0x000000091d980000)
 ParOldGen       total 860672K, used 860512K [0x0000000080000000, 0x00000000b4880000, 0x00000008d5580000)
  object space 860672K, 99% used [0x0000000080000000,0x00000000b4858158,0x00000000b4880000)
 Metaspace       used 6742K, capacity 6984K, committed 7168K, reserved 8192K
}

Deoptimization events (10 events):
Event: 85.511 Thread 0x0000000025de9000 Uncommon trap: reason=speculate_class_check action=maybe_recompile pc=0x00000000037ef494 method=com.android.dx.util.FixedSizeList.equals(Ljava/lang/Object;)Z @ 25
Event: 85.511 Thread 0x0000000025de9000 Uncommon trap: reason=class_check action=maybe_recompile pc=0x0000000003808460 method=java.util.Arrays.equals([Ljava/lang/Object;[Ljava/lang/Object;)Z @ 62
Event: 85.511 Thread 0x0000000025de9000 Uncommon trap: reason=speculate_class_check action=maybe_recompile pc=0x00000000037ef494 method=com.android.dx.util.FixedSizeList.equals(Ljava/lang/Object;)Z @ 25
Event: 85.511 Thread 0x0000000025de9000 Uncommon trap: reason=class_check action=maybe_recompile pc=0x0000000003808460 method=java.util.Arrays.equals([Ljava/lang/Object;[Ljava/lang/Object;)Z @ 62
Event: 85.628 Thread 0x0000000025de9000 Uncommon trap: reason=array_check action=maybe_recompile pc=0x0000000003f198b0 method=java.util.ComparableTimSort.binarySort([Ljava/lang/Object;III)V @ 193
Event: 85.633 Thread 0x0000000025de9000 Uncommon trap: reason=array_check action=maybe_recompile pc=0x0000000003f198b0 method=java.util.ComparableTimSort.binarySort([Ljava/lang/Object;III)V @ 193
Event: 85.659 Thread 0x00000000258dd000 Uncommon trap: reason=bimorphic action=maybe_recompile pc=0x0000000003511c34 method=java.util.concurrent.FutureTask.run()V @ 42
Event: 85.695 Thread 0x0000000025de9000 Uncommon trap: reason=array_check action=maybe_recompile pc=0x0000000003f198b0 method=java.util.ComparableTimSort.binarySort([Ljava/lang/Object;III)V @ 193
Event: 85.722 Thread 0x0000000025de9000 Uncommon trap: reason=array_check action=maybe_recompile pc=0x0000000003f198b0 method=java.util.ComparableTimSort.binarySort([Ljava/lang/Object;III)V @ 193
Event: 85.729 Thread 0x0000000025de9000 Uncommon trap: reason=array_check action=maybe_recompile pc=0x000000000414cc24 method=java.util.ComparableTimSort.binarySort([Ljava/lang/Object;III)V @ 193

Internal exceptions (10 events):
Event: 85.320 Thread 0x0000000025de9000 Exception <a 'java/security/PrivilegedActionException'> (0x00000008fcb049e0) thrown at [D:\re\workspace\8-2-build-windows-amd64-cygwin\jdk8u20\1074\hotspot\src\share\vm\prims\jvm.cpp, line 1275]
Event: 85.321 Thread 0x0000000025de9000 Exception <a 'java/security/PrivilegedActionException'> (0x00000009013bf118) thrown at [D:\re\workspace\8-2-build-windows-amd64-cygwin\jdk8u20\1074\hotspot\src\share\vm\prims\jvm.cpp, line 1275]
Event: 85.322 Thread 0x0000000025de9000 Exception <a 'java/security/PrivilegedActionException'> (0x00000009013c5cc8) thrown at [D:\re\workspace\8-2-build-windows-amd64-cygwin\jdk8u20\1074\hotspot\src\share\vm\prims\jvm.cpp, line 1275]
Event: 85.323 Thread 0x0000000025de9000 Exception <a 'java/security/PrivilegedActionException'> (0x00000009013c9290) thrown at [D:\re\workspace\8-2-build-windows-amd64-cygwin\jdk8u20\1074\hotspot\src\share\vm\prims\jvm.cpp, line 1275]
Event: 85.324 Thread 0x0000000025de9000 Exception <a 'java/security/PrivilegedActionException'> (0x00000009013ce6f8) thrown at [D:\re\workspace\8-2-build-windows-amd64-cygwin\jdk8u20\1074\hotspot\src\share\vm\prims\jvm.cpp, line 1275]
Event: 85.325 Thread 0x0000000025de9000 Exception <a 'java/security/PrivilegedActionException'> (0x00000009013d3370) thrown at [D:\re\workspace\8-2-build-windows-amd64-cygwin\jdk8u20\1074\hotspot\src\share\vm\prims\jvm.cpp, line 1275]
Event: 85.345 Thread 0x0000000025de9000 Exception <a 'java/security/PrivilegedActionException'> (0x0000000901401cc0) thrown at [D:\re\workspace\8-2-build-windows-amd64-cygwin\jdk8u20\1074\hotspot\src\share\vm\prims\jvm.cpp, line 1275]
Event: 85.509 Thread 0x0000000025de9000 Exception <a 'java/security/PrivilegedActionException'> (0x00000009031c26b8) thrown at [D:\re\workspace\8-2-build-windows-amd64-cygwin\jdk8u20\1074\hotspot\src\share\vm\prims\jvm.cpp, line 1275]
Event: 85.512 Thread 0x0000000025de9000 Exception <a 'java/security/PrivilegedActionException'> (0x00000009031c6728) thrown at [D:\re\workspace\8-2-build-windows-amd64-cygwin\jdk8u20\1074\hotspot\src\share\vm\prims\jvm.cpp, line 1275]
Event: 85.512 Thread 0x0000000025de9000 Exception <a 'java/security/PrivilegedActionException'> (0x00000009031cce78) thrown at [D:\re\workspace\8-2-build-windows-amd64-cygwin\jdk8u20\1074\hotspot\src\share\vm\prims\jvm.cpp, line 1275]

Events (10 events):
Event: 85.732 Thread 0x0000000025de9000 DEOPT PACKING pc=0x000000000414b076 sp=0x000000002756e620
Event: 85.732 Thread 0x0000000025de9000 DEOPT UNPACKING pc=0x00000000034475bf sp=0x000000002756e378 mode 0
Event: 85.732 Thread 0x0000000025de9000 DEOPT PACKING pc=0x0000000004142e5e sp=0x000000002756e6e0
Event: 85.733 Thread 0x0000000025de9000 DEOPT UNPACKING pc=0x00000000034475bf sp=0x000000002756e4a8 mode 0
Event: 85.745 Thread 0x0000000025de9000 DEOPT PACKING pc=0x000000000414b076 sp=0x000000002756e620
Event: 85.745 Thread 0x0000000025de9000 DEOPT UNPACKING pc=0x00000000034475bf sp=0x000000002756e378 mode 0
Event: 85.748 Thread 0x0000000025de9000 DEOPT PACKING pc=0x0000000004142e5e sp=0x000000002756e6e0
Event: 85.748 Thread 0x0000000025de9000 DEOPT UNPACKING pc=0x00000000034475bf sp=0x000000002756e4a8 mode 0
Event: 85.755 Thread 0x0000000025de9000 DEOPT PACKING pc=0x000000000414b076 sp=0x000000002756e4a0
Event: 85.755 Thread 0x0000000025de9000 DEOPT UNPACKING pc=0x00000000034475bf sp=0x000000002756e1f8 mode 0


Dynamic libraries:
0x00007ff61d090000 - 0x00007ff61d0c4000 	C:\Program Files\Java\jdk1.8.0_20\bin\java.exe
0x00007ff9b0c20000 - 0x00007ff9b0df1000 	C:\WINDOWS\SYSTEM32\ntdll.dll
0x00007ff9b0060000 - 0x00007ff9b010b000 	C:\WINDOWS\System32\KERNEL32.DLL
0x00007ff9adb20000 - 0x00007ff9add3d000 	C:\WINDOWS\System32\KERNELBASE.dll
0x00007ff9b0210000 - 0x00007ff9b02b2000 	C:\WINDOWS\System32\ADVAPI32.dll
0x00007ff9affc0000 - 0x00007ff9b005e000 	C:\WINDOWS\System32\msvcrt.dll
0x00007ff9b0bc0000 - 0x00007ff9b0c19000 	C:\WINDOWS\System32\sechost.dll
0x00007ff9b0970000 - 0x00007ff9b0a91000 	C:\WINDOWS\System32\RPCRT4.dll
0x00007ff9b07f0000 - 0x00007ff9b0955000 	C:\WINDOWS\System32\USER32.dll
0x00007ff9ad300000 - 0x00007ff9ad31e000 	C:\WINDOWS\System32\win32u.dll
0x00007ff9b02c0000 - 0x00007ff9b02f4000 	C:\WINDOWS\System32\GDI32.dll
0x00007ff9adda0000 - 0x00007ff9adf22000 	C:\WINDOWS\System32\gdi32full.dll
0x00007ff9a7ae0000 - 0x00007ff9a7d5a000 	C:\WINDOWS\WinSxS\amd64_microsoft.windows.common-controls_6595b64144ccf1df_6.0.14393.351_none_4213128bc687e6d3\COMCTL32.dll
0x00007ff9b03c0000 - 0x00007ff9b0687000 	C:\WINDOWS\System32\combase.dll
0x00007ff9ad1b0000 - 0x00007ff9ad2a5000 	C:\WINDOWS\System32\ucrtbase.dll
0x00007ff9ad320000 - 0x00007ff9ad38a000 	C:\WINDOWS\System32\bcryptPrimitives.dll
0x00007ff9ae370000 - 0x00007ff9ae39e000 	C:\WINDOWS\System32\IMM32.DLL
0x0000000054c10000 - 0x0000000054ce2000 	C:\Program Files\Java\jdk1.8.0_20\jre\bin\msvcr100.dll
0x0000000053460000 - 0x0000000053cb8000 	C:\Program Files\Java\jdk1.8.0_20\jre\bin\server\jvm.dll
0x00007ff9b0960000 - 0x00007ff9b0968000 	C:\WINDOWS\System32\PSAPI.DLL
0x00007ff9ab2a0000 - 0x00007ff9ab2c3000 	C:\WINDOWS\SYSTEM32\WINMM.dll
0x00007ff9a2eb0000 - 0x00007ff9a2eb9000 	C:\WINDOWS\SYSTEM32\WSOCK32.dll
0x00007ff9aea40000 - 0x00007ff9aeaaa000 	C:\WINDOWS\System32\WS2_32.dll
0x0000000000df0000 - 0x0000000000e1b000 	C:\WINDOWS\SYSTEM32\WINMMBASE.dll
0x00007ff9ad2b0000 - 0x00007ff9ad2f2000 	C:\WINDOWS\System32\cfgmgr32.dll
0x0000000055090000 - 0x000000005509f000 	C:\Program Files\Java\jdk1.8.0_20\jre\bin\verify.dll
0x0000000055060000 - 0x0000000055088000 	C:\Program Files\Java\jdk1.8.0_20\jre\bin\java.dll
0x0000000055040000 - 0x0000000055056000 	C:\Program Files\Java\jdk1.8.0_20\jre\bin\zip.dll
0x00007ff9aeab0000 - 0x00007ff9affb9000 	C:\WINDOWS\System32\SHELL32.dll
0x00007ff9ad440000 - 0x00007ff9adb1a000 	C:\WINDOWS\System32\windows.storage.dll
0x00007ff9ad0b0000 - 0x00007ff9ad0fc000 	C:\WINDOWS\System32\powrprof.dll
0x00007ff9ae970000 - 0x00007ff9ae9c2000 	C:\WINDOWS\System32\shlwapi.dll
0x00007ff9ad0a0000 - 0x00007ff9ad0af000 	C:\WINDOWS\System32\kernel.appcore.dll
0x00007ff9adf30000 - 0x00007ff9adfd9000 	C:\WINDOWS\System32\shcore.dll
0x00007ff9ad080000 - 0x00007ff9ad094000 	C:\WINDOWS\System32\profapi.dll
0x00007ff9a64b0000 - 0x00007ff9a6642000 	C:\WINDOWS\SYSTEM32\dbghelp.dll

VM Arguments:
jvm_args: -Djava.awt.headless=true -Xmx50g -Dfile.encoding=windows-1251 -Duser.country=RU -Duser.language=ru -Duser.variant 
java_command: com.android.dx.command.Main --dex --num-threads=4 --multi-dex --main-dex-list C:\Users\User\Documents\GitHub\iCRM\iCRM\app\build\intermediates\multi-dex\debug\maindexlist.txt --output C:\Users\User\Documents\GitHub\iCRM\iCRM\app\build\intermediates\transforms\dex\debug\folders\1000\1f\main C:\Users\User\Documents\GitHub\iCRM\iCRM\app\build\intermediates\transforms\jarMerging\debug\jars\1\1f\combined.jar
java_class_path (initial): C:\Users\User\AppData\Local\Android\sdk\build-tools\23.0.3\lib\dx.jar
Launcher Type: SUN_STANDARD

Environment Variables:
PATH=C:\ProgramData\Oracle\Java\javapath;C:\Program Files\Broadcom\Broadcom 802.11 Network Adapter;C:\Program Files (x86)\NVIDIA Corporation\PhysX\Common;C:\Program Files (x86)\Intel\iCLS Client\;C:\Program Files\Intel\iCLS Client\;C:\Windows\system32;C:\Windows;C:\Windows\System32\Wbem;C:\Windows\System32\WindowsPowerShell\v1.0\;C:\Program Files\Intel\Intel(R) Management Engine Components\DAL;C:\Program Files\Intel\Intel(R) Management Engine Components\IPT;C:\Program Files (x86)\Intel\Intel(R) Management Engine Components\DAL;C:\Program Files (x86)\Intel\Intel(R) Management Engine Components\IPT;C:\Program Files\WIDCOMM\Bluetooth Software\;C:\Program Files\WIDCOMM\Bluetooth Software\syswow64;C:\Program Files\Acer\Remote Files\;C:\Program Files (x86)\Skype\Phone\;C:\Program Files\OpenVPN\bin;C:\WINDOWS\system32;C:\WINDOWS;C:\WINDOWS\System32\Wbem;C:\WINDOWS\System32\WindowsPowerShell\v1.0\;C:\Users\User\AppData\Local\Microsoft\WindowsApps;
USERNAME=User
OS=Windows_NT
PROCESSOR_IDENTIFIER=Intel64 Family 6 Model 69 Stepping 1, GenuineIntel



---------------  S Y S T E M  ---------------

OS: Windows 8.1 , 64 bit Build 9600 

CPU:total 4 (2 cores per cpu, 2 threads per core) family 6 model 69 stepping 1, cmov, cx8, fxsr, mmx, sse, sse2, sse3, ssse3, sse4.1, sse4.2, popcnt, avx, avx2, aes, clmul, erms, lzcnt, ht, tsc, tscinvbit, bmi1, bmi2

Memory: 4k page, physical 8310040k(1016256k free), swap 12406040k(5480k free)

vm_info: Java HotSpot(TM) 64-Bit Server VM (25.20-b23) for windows-amd64 JRE (1.8.0_20-b26), built on Jul 30 2014 13:51:23 by "java_re" with MS VC++ 10.0 (VS2010)

time: Mon Oct 31 11:54:22 2016
elapsed time: 85 seconds (0d 0h 1m 25s)

