#
# There is insufficient memory for the Java Runtime Environment to continue.
# Native memory allocation (malloc) failed to allocate 1406576 bytes for Chunk::new
# Possible reasons:
#   The system is out of physical RAM or swap space
#   In 32 bit mode, the process size limit was hit
# Possible solutions:
#   Reduce memory load on the system
#   Increase physical memory or swap space
#   Check if swap backing store is full
#   Use 64 bit Java on a 64 bit OS
#   Decrease Java heap size (-Xmx/-Xms)
#   Decrease number of Java threads
#   Decrease Java thread stack sizes (-Xss)
#   Set larger code cache with -XX:ReservedCodeCacheSize=
# This output file may be truncated or incomplete.
#
#  Out of Memory Error (allocation.cpp:390), pid=12568, tid=10844
#
# JRE version: Java(TM) SE Runtime Environment (8.0_20-b26) (build 1.8.0_20-b26)
# Java VM: Java HotSpot(TM) 64-Bit Server VM (25.20-b23 mixed mode windows-amd64 )
# Failed to write core dump. Minidumps are not enabled by default on client versions of Windows
#

---------------  T H R E A D  ---------------

Current thread (0x000000002420e000):  JavaThread "C2 CompilerThread1" daemon [_thread_in_native, id=10844, stack(0x0000000025880000,0x0000000025980000)]

Stack: [0x0000000025880000,0x0000000025980000]
Native frames: (J=compiled Java code, j=interpreted, Vv=VM code, C=native code)
V  [jvm.dll+0x3152fa]
V  [jvm.dll+0x265d03]
V  [jvm.dll+0x266943]
V  [jvm.dll+0x25e265]
V  [jvm.dll+0xbe255]
V  [jvm.dll+0xbe6fc]
V  [jvm.dll+0x45c472]
V  [jvm.dll+0x49d76f]
V  [jvm.dll+0x4512bf]
V  [jvm.dll+0x452634]
V  [jvm.dll+0x435fc2]
V  [jvm.dll+0x97b62]
V  [jvm.dll+0x98353]
V  [jvm.dll+0x22aac4]
V  [jvm.dll+0x283f5a]
C  [msvcr100.dll+0x21d9f]
C  [msvcr100.dll+0x21e3b]
C  [KERNEL32.DLL+0x8364]
C  [ntdll.dll+0x65e91]


Current CompileTask:
C2:  36705 3190   !   4       com.android.dx.cf.code.BytecodeArray::parseInstruction (2764 bytes)


---------------  P R O C E S S  ---------------

Java Threads: ( => current thread )
  0x0000000026a4b000 JavaThread "pool-1-thread-1" [_thread_in_Java, id=1416, stack(0x0000000027d50000,0x0000000027e50000)]
  0x0000000026509800 JavaThread "pool-2-thread-4" [_thread_blocked, id=11724, stack(0x0000000027c50000,0x0000000027d50000)]
  0x00000000264a5000 JavaThread "pool-2-thread-3" [_thread_blocked, id=8980, stack(0x0000000027b50000,0x0000000027c50000)]
  0x0000000025e7e000 JavaThread "pool-2-thread-2" [_thread_blocked, id=8080, stack(0x0000000027a50000,0x0000000027b50000)]
  0x0000000025e7d800 JavaThread "pool-3-thread-1" [_thread_blocked, id=5208, stack(0x0000000027950000,0x0000000027a50000)]
  0x00000000265aa800 JavaThread "pool-2-thread-1" [_thread_blocked, id=12556, stack(0x0000000027850000,0x0000000027950000)]
  0x0000000025a94000 JavaThread "Service Thread" daemon [_thread_blocked, id=7112, stack(0x0000000025e80000,0x0000000025f80000)]
  0x000000002425a800 JavaThread "C1 CompilerThread2" daemon [_thread_blocked, id=4804, stack(0x0000000025980000,0x0000000025a80000)]
=>0x000000002420e000 JavaThread "C2 CompilerThread1" daemon [_thread_in_native, id=10844, stack(0x0000000025880000,0x0000000025980000)]
  0x000000002420c000 JavaThread "C2 CompilerThread0" daemon [_thread_in_native, id=5384, stack(0x0000000025780000,0x0000000025880000)]
  0x000000002420a800 JavaThread "Attach Listener" daemon [_thread_blocked, id=7992, stack(0x0000000025680000,0x0000000025780000)]
  0x0000000024209800 JavaThread "Signal Dispatcher" daemon [_thread_blocked, id=3328, stack(0x0000000025580000,0x0000000025680000)]
  0x0000000001d96000 JavaThread "Finalizer" daemon [_thread_blocked, id=9180, stack(0x0000000025480000,0x0000000025580000)]
  0x0000000001d8d000 JavaThread "Reference Handler" daemon [_thread_blocked, id=1420, stack(0x0000000025380000,0x0000000025480000)]
  0x0000000001ca2800 JavaThread "main" [_thread_in_Java, id=10156, stack(0x0000000001ba0000,0x0000000001ca0000)]

Other Threads:
  0x00000000241d5800 VMThread [stack: 0x0000000025280000,0x0000000025380000] [id=11732]
  0x0000000025a98800 WatcherThread [stack: 0x0000000025f80000,0x0000000026080000] [id=9716]

VM state:not at safepoint (normal execution)

VM Mutex/Monitor currently owned by a thread: None

Heap:
 PSYoungGen      total 1444864K, used 656440K [0x00000008d5580000, 0x000000095b700000, 0x0000000d00000000)
  eden space 935936K, 18% used [0x00000008d5580000,0x00000008dfc732f0,0x000000090e780000)
  from space 508928K, 95% used [0x0000000932280000,0x000000094fc9ae98,0x0000000951380000)
  to   space 584704K, 0% used [0x000000090e780000,0x000000090e780000,0x0000000932280000)
 ParOldGen       total 1122816K, used 868190K [0x0000000080000000, 0x00000000c4880000, 0x00000008d5580000)
  object space 1122816K, 77% used [0x0000000080000000,0x00000000b4fd7b48,0x00000000c4880000)
 Metaspace       used 6723K, capacity 6984K, committed 7168K, reserved 8192K

Card table byte_map: [0x00000000127c0000,0x0000000018bd0000] byte_map_base: 0x00000000123c0000

Marking Bits: (ParMarkBitMap*) 0x000000005202b460
 Begin Bits: [0x0000000d00000000, 0x0000000d32000000)
 End Bits:   [0x0000000d32000000, 0x0000000d64000000)

Polling page: 0x00000000018c0000

CodeCache: size=245760Kb used=11350Kb max_used=14470Kb free=234409Kb
 bounds [0x0000000003400000, 0x0000000004240000, 0x0000000012400000]
 total_blobs=2659 nmethods=2393 adapters=179
 compilation: enabled

Compilation events (10 events):
Event: 36.620 Thread 0x000000002425a800 3210       2       com.android.dx.cf.code.Ropper$SubroutineInliner::copyBlock (269 bytes)
Event: 36.622 Thread 0x000000002425a800 nmethod 3210 0x00000000038bf1d0 code [0x00000000038bf4c0, 0x00000000038c0058]
Event: 36.622 Thread 0x000000002425a800 3213       2       com.android.dx.cf.code.Ropper::filterMoveReturnAddressInsns (114 bytes)
Event: 36.623 Thread 0x000000002425a800 nmethod 3213 0x00000000039a3850 code [0x00000000039a3a40, 0x00000000039a4178]
Event: 36.623 Thread 0x000000002425a800 3211       2       com.android.dx.cf.code.Ropper::access$900 (6 bytes)
Event: 36.623 Thread 0x000000002425a800 nmethod 3211 0x000000000372e3d0 code [0x000000000372e540, 0x000000000372e688]
Event: 36.623 Thread 0x000000002425a800 3212       2       com.android.dx.cf.code.Ropper::access$1100 (6 bytes)
Event: 36.624 Thread 0x000000002425a800 nmethod 3212 0x000000000376bc90 code [0x000000000376be00, 0x000000000376bf48]
Event: 36.624 Thread 0x000000002425a800 3214       2       com.android.dx.cf.code.Ropper::access$1200 (7 bytes)
Event: 36.624 Thread 0x000000002425a800 nmethod 3214 0x000000000376b910 code [0x000000000376ba80, 0x000000000376bbc8]

GC Heap History (10 events):
Event: 26.411 GC heap before
{Heap before GC invocations=23 (full 5):
 PSYoungGen      total 1148416K, used 268499K [0x00000008d5580000, 0x0000000936500000, 0x0000000d00000000)
  eden space 807936K, 0% used [0x00000008d5580000,0x00000008d5580000,0x0000000906a80000)
  from space 340480K, 78% used [0x000000091d600000,0x000000092dc34e58,0x0000000932280000)
  to   space 372224K, 0% used [0x0000000906a80000,0x0000000906a80000,0x000000091d600000)
 ParOldGen       total 774656K, used 713667K [0x0000000080000000, 0x00000000af480000, 0x00000008d5580000)
  object space 774656K, 92% used [0x0000000080000000,0x00000000ab8f0f30,0x00000000af480000)
 Metaspace       used 6582K, capacity 6920K, committed 7168K, reserved 8192K
Event: 28.969 GC heap after
Heap after GC invocations=23 (full 5):
 PSYoungGen      total 1148416K, used 196372K [0x00000008d5580000, 0x0000000936500000, 0x0000000d00000000)
  eden space 807936K, 0% used [0x00000008d5580000,0x00000008d5580000,0x0000000906a80000)
  from space 340480K, 57% used [0x000000091d600000,0x00000009295c5010,0x0000000932280000)
  to   space 372224K, 0% used [0x0000000906a80000,0x0000000906a80000,0x000000091d600000)
 ParOldGen       total 1122816K, used 774616K [0x0000000080000000, 0x00000000c4880000, 0x00000008d5580000)
  object space 1122816K, 68% used [0x0000000080000000,0x00000000af476028,0x00000000c4880000)
 Metaspace       used 6582K, capacity 6920K, committed 7168K, reserved 8192K
}
Event: 30.565 GC heap before
{Heap before GC invocations=24 (full 5):
 PSYoungGen      total 1148416K, used 1004308K [0x00000008d5580000, 0x0000000936500000, 0x0000000d00000000)
  eden space 807936K, 100% used [0x00000008d5580000,0x0000000906a80000,0x0000000906a80000)
  from space 340480K, 57% used [0x000000091d600000,0x00000009295c5010,0x0000000932280000)
  to   space 372224K, 0% used [0x0000000906a80000,0x0000000906a80000,0x000000091d600000)
 ParOldGen       total 1122816K, used 774616K [0x0000000080000000, 0x00000000c4880000, 0x00000008d5580000)
  object space 1122816K, 68% used [0x0000000080000000,0x00000000af476028,0x00000000c4880000)
 Metaspace       used 6582K, capacity 6920K, committed 7168K, reserved 8192K
Event: 30.886 GC heap after
Heap after GC invocations=24 (full 5):
 PSYoungGen      total 1180160K, used 293242K [0x00000008d5580000, 0x000000093e600000, 0x0000000d00000000)
  eden space 807936K, 0% used [0x00000008d5580000,0x00000008d5580000,0x0000000906a80000)
  from space 372224K, 78% used [0x0000000906a80000,0x00000009188de8a0,0x000000091d600000)
  to   space 406016K, 0% used [0x0000000925980000,0x0000000925980000,0x000000093e600000)
 ParOldGen       total 1122816K, used 774616K [0x0000000080000000, 0x00000000c4880000, 0x00000008d5580000)
  object space 1122816K, 68% used [0x0000000080000000,0x00000000af476028,0x00000000c4880000)
 Metaspace       used 6582K, capacity 6920K, committed 7168K, reserved 8192K
}
Event: 31.907 GC heap before
{Heap before GC invocations=25 (full 5):
 PSYoungGen      total 1180160K, used 1101178K [0x00000008d5580000, 0x000000093e600000, 0x0000000d00000000)
  eden space 807936K, 100% used [0x00000008d5580000,0x0000000906a80000,0x0000000906a80000)
  from space 372224K, 78% used [0x0000000906a80000,0x00000009188de8a0,0x000000091d600000)
  to   space 406016K, 0% used [0x0000000925980000,0x0000000925980000,0x000000093e600000)
 ParOldGen       total 1122816K, used 774616K [0x0000000080000000, 0x00000000c4880000, 0x00000008d5580000)
  object space 1122816K, 68% used [0x0000000080000000,0x00000000af476028,0x00000000c4880000)
 Metaspace       used 6583K, capacity 6920K, committed 7168K, reserved 8192K
Event: 32.267 GC heap after
Heap after GC invocations=25 (full 5):
 PSYoungGen      total 1284608K, used 303197K [0x00000008d5580000, 0x0000000943300000, 0x0000000d00000000)
  eden space 878592K, 0% used [0x00000008d5580000,0x00000008d5580000,0x000000090af80000)
  from space 406016K, 74% used [0x0000000925980000,0x0000000938197760,0x000000093e600000)
  to   space 436224K, 0% used [0x000000090af80000,0x000000090af80000,0x0000000925980000)
 ParOldGen       total 1122816K, used 774616K [0x0000000080000000, 0x00000000c4880000, 0x00000008d5580000)
  object space 1122816K, 68% used [0x0000000080000000,0x00000000af476028,0x00000000c4880000)
 Metaspace       used 6583K, capacity 6920K, committed 7168K, reserved 8192K
}
Event: 34.222 GC heap before
{Heap before GC invocations=26 (full 5):
 PSYoungGen      total 1284608K, used 1181789K [0x00000008d5580000, 0x0000000943300000, 0x0000000d00000000)
  eden space 878592K, 100% used [0x00000008d5580000,0x000000090af80000,0x000000090af80000)
  from space 406016K, 74% used [0x0000000925980000,0x0000000938197760,0x000000093e600000)
  to   space 436224K, 0% used [0x000000090af80000,0x000000090af80000,0x0000000925980000)
 ParOldGen       total 1122816K, used 774616K [0x0000000080000000, 0x00000000c4880000, 0x00000008d5580000)
  object space 1122816K, 68% used [0x0000000080000000,0x00000000af476028,0x00000000c4880000)
 Metaspace       used 6653K, capacity 6920K, committed 7168K, reserved 8192K
Event: 34.653 GC heap after
Heap after GC invocations=26 (full 5):
 PSYoungGen      total 1314816K, used 436192K [0x00000008d5580000, 0x0000000951380000, 0x0000000d00000000)
  eden space 878592K, 0% used [0x00000008d5580000,0x00000008d5580000,0x000000090af80000)
  from space 436224K, 99% used [0x000000090af80000,0x00000009259782b8,0x0000000925980000)
  to   space 508928K, 0% used [0x0000000932280000,0x0000000932280000,0x0000000951380000)
 ParOldGen       total 1122816K, used 775723K [0x0000000080000000, 0x00000000c4880000, 0x00000008d5580000)
  object space 1122816K, 69% used [0x0000000080000000,0x00000000af58adf8,0x00000000c4880000)
 Metaspace       used 6653K, capacity 6920K, committed 7168K, reserved 8192K
}
Event: 35.854 GC heap before
{Heap before GC invocations=27 (full 5):
 PSYoungGen      total 1314816K, used 1314784K [0x00000008d5580000, 0x0000000951380000, 0x0000000d00000000)
  eden space 878592K, 100% used [0x00000008d5580000,0x000000090af80000,0x000000090af80000)
  from space 436224K, 99% used [0x000000090af80000,0x00000009259782b8,0x0000000925980000)
  to   space 508928K, 0% used [0x0000000932280000,0x0000000932280000,0x0000000951380000)
 ParOldGen       total 1122816K, used 775728K [0x0000000080000000, 0x00000000c4880000, 0x00000008d5580000)
  object space 1122816K, 69% used [0x0000000080000000,0x00000000af58c030,0x00000000c4880000)
 Metaspace       used 6689K, capacity 6920K, committed 7168K, reserved 8192K
Event: 36.363 GC heap after
Heap after GC invocations=27 (full 5):
 PSYoungGen      total 1444864K, used 485483K [0x00000008d5580000, 0x000000095b700000, 0x0000000d00000000)
  eden space 935936K, 0% used [0x00000008d5580000,0x00000008d5580000,0x000000090e780000)
  from space 508928K, 95% used [0x0000000932280000,0x000000094fc9ae98,0x0000000951380000)
  to   space 584704K, 0% used [0x000000090e780000,0x000000090e780000,0x0000000932280000)
 ParOldGen       total 1122816K, used 868190K [0x0000000080000000, 0x00000000c4880000, 0x00000008d5580000)
  object space 1122816K, 77% used [0x0000000080000000,0x00000000b4fd7b48,0x00000000c4880000)
 Metaspace       used 6689K, capacity 6920K, committed 7168K, reserved 8192K
}

Deoptimization events (10 events):
Event: 36.427 Thread 0x0000000026509800 Uncommon trap: reason=class_check action=maybe_recompile pc=0x00000000040916e0 method=com.android.dx.cf.code.BaseMachine.localArg(Lcom/android/dx/cf/code/Frame;I)V @ 14
Event: 36.427 Thread 0x0000000026509800 Uncommon trap: reason=class_check action=maybe_recompile pc=0x00000000040bd940 method=com.android.dx.cf.code.Frame.setImmutable()V @ 4
Event: 36.427 Thread 0x0000000026509800 Uncommon trap: reason=class_check action=maybe_recompile pc=0x00000000040ddbe0 method=com.android.dx.cf.code.Frame.copy()Lcom/android/dx/cf/code/Frame; @ 8
Event: 36.427 Thread 0x0000000026509800 Uncommon trap: reason=class_check action=maybe_recompile pc=0x00000000040916e0 method=com.android.dx.cf.code.BaseMachine.localArg(Lcom/android/dx/cf/code/Frame;I)V @ 14
Event: 36.427 Thread 0x0000000026509800 Uncommon trap: reason=class_check action=maybe_recompile pc=0x00000000040bd940 method=com.android.dx.cf.code.Frame.setImmutable()V @ 4
Event: 36.443 Thread 0x00000000264a5000 Uncommon trap: reason=speculate_class_check action=maybe_recompile pc=0x0000000003708a74 method=com.android.dx.rop.code.Insn.contentEquals(Lcom/android/dx/rop/code/Insn;)Z @ 65
Event: 36.490 Thread 0x00000000264a5000 Uncommon trap: reason=class_check action=maybe_recompile pc=0x0000000003d25ae8 method=com.android.dx.cf.code.BaseMachine.storeResults(Lcom/android/dx/cf/code/Frame;)V @ 41
Event: 36.532 Thread 0x0000000001ca2800 Uncommon trap: reason=class_check action=maybe_recompile pc=0x0000000003d25ae8 method=com.android.dx.cf.code.BaseMachine.storeResults(Lcom/android/dx/cf/code/Frame;)V @ 41
Event: 36.568 Thread 0x00000000264a5000 Uncommon trap: reason=bimorphic action=maybe_recompile pc=0x000000000405e568 method=com.android.dx.cf.code.BytecodeArray.parseInstruction(ILcom/android/dx/cf/code/BytecodeArray$Visitor;)I @ 1987
Event: 36.569 Thread 0x00000000264a5000 Uncommon trap: reason=bimorphic action=maybe_recompile pc=0x000000000405e568 method=com.android.dx.cf.code.BytecodeArray.parseInstruction(ILcom/android/dx/cf/code/BytecodeArray$Visitor;)I @ 1987

Internal exceptions (10 events):
Event: 22.554 Thread 0x00000000264a5000 Exception <a 'java/security/PrivilegedActionException'> (0x00000008d6ba6f20) thrown at [D:\re\workspace\8-2-build-windows-amd64-cygwin\jdk8u20\1074\hotspot\src\share\vm\prims\jvm.cpp, line 1275]
Event: 31.412 Thread 0x00000000265aa800 Implicit null exception at 0x0000000003b6465c to 0x0000000003b64684
Event: 33.003 Thread 0x0000000001ca2800 Exception <a 'java/security/PrivilegedActionException'> (0x00000008f71be6d0) thrown at [D:\re\workspace\8-2-build-windows-amd64-cygwin\jdk8u20\1074\hotspot\src\share\vm\prims\jvm.cpp, line 1275]
Event: 33.099 Thread 0x0000000026a4b000 Exception <a 'java/security/PrivilegedActionException'> (0x00000008f7aa3518) thrown at [D:\re\workspace\8-2-build-windows-amd64-cygwin\jdk8u20\1074\hotspot\src\share\vm\prims\jvm.cpp, line 1275]
Event: 35.119 Thread 0x0000000026a4b000 Exception <a 'java/security/PrivilegedActionException'> (0x00000008dd509bd0) thrown at [D:\re\workspace\8-2-build-windows-amd64-cygwin\jdk8u20\1074\hotspot\src\share\vm\prims\jvm.cpp, line 1275]
Event: 35.732 Thread 0x0000000025e7e000 Implicit null exception at 0x00000000040c4a7c to 0x00000000040c4b76
Event: 36.411 Thread 0x00000000264a5000 Exception <a 'java/security/PrivilegedActionException'> (0x00000008d84e5050) thrown at [D:\re\workspace\8-2-build-windows-amd64-cygwin\jdk8u20\1074\hotspot\src\share\vm\prims\jvm.cpp, line 1275]
Event: 36.413 Thread 0x00000000264a5000 Exception <a 'java/security/PrivilegedActionException'> (0x00000008d84ef1d0) thrown at [D:\re\workspace\8-2-build-windows-amd64-cygwin\jdk8u20\1074\hotspot\src\share\vm\prims\jvm.cpp, line 1275]
Event: 36.414 Thread 0x00000000264a5000 Exception <a 'java/security/PrivilegedActionException'> (0x00000008d84f27a8) thrown at [D:\re\workspace\8-2-build-windows-amd64-cygwin\jdk8u20\1074\hotspot\src\share\vm\prims\jvm.cpp, line 1275]
Event: 36.415 Thread 0x00000000264a5000 Exception <a 'java/security/PrivilegedActionException'> (0x00000008d84f9e80) thrown at [D:\re\workspace\8-2-build-windows-amd64-cygwin\jdk8u20\1074\hotspot\src\share\vm\prims\jvm.cpp, line 1275]

Events (10 events):
Event: 36.618 Thread 0x0000000001ca2800 DEOPT PACKING pc=0x0000000003b0d841 sp=0x0000000001c9e540
Event: 36.618 Thread 0x0000000001ca2800 DEOPT UNPACKING pc=0x00000000034475bf sp=0x0000000001c9e280 mode 0
Event: 36.618 Thread 0x0000000001ca2800 DEOPT PACKING pc=0x0000000003b0d841 sp=0x0000000001c9e540
Event: 36.618 Thread 0x0000000001ca2800 DEOPT UNPACKING pc=0x00000000034475bf sp=0x0000000001c9e280 mode 0
Event: 36.618 Thread 0x0000000001ca2800 DEOPT PACKING pc=0x0000000003b0d841 sp=0x0000000001c9e540
Event: 36.618 Thread 0x0000000001ca2800 DEOPT UNPACKING pc=0x00000000034475bf sp=0x0000000001c9e280 mode 0
Event: 36.619 Thread 0x0000000001ca2800 DEOPT PACKING pc=0x0000000003b0d841 sp=0x0000000001c9e540
Event: 36.619 Thread 0x0000000001ca2800 DEOPT UNPACKING pc=0x00000000034475bf sp=0x0000000001c9e280 mode 0
Event: 36.619 Thread 0x0000000001ca2800 DEOPT PACKING pc=0x0000000003b0d841 sp=0x0000000001c9e540
Event: 36.619 Thread 0x0000000001ca2800 DEOPT UNPACKING pc=0x00000000034475bf sp=0x0000000001c9e280 mode 0


Dynamic libraries:
0x00007ff7c9d10000 - 0x00007ff7c9d44000 	C:\Program Files\Java\jdk1.8.0_20\bin\java.exe
0x00007ffc03d50000 - 0x00007ffc03f21000 	C:\WINDOWS\SYSTEM32\ntdll.dll
0x00007ffc03ba0000 - 0x00007ffc03c4b000 	C:\WINDOWS\System32\KERNEL32.DLL
0x00007ffc00510000 - 0x00007ffc0072d000 	C:\WINDOWS\System32\KERNELBASE.dll
0x00007ffc01b00000 - 0x00007ffc01ba2000 	C:\WINDOWS\System32\ADVAPI32.dll
0x00007ffc03960000 - 0x00007ffc039fe000 	C:\WINDOWS\System32\msvcrt.dll
0x00007ffc01d70000 - 0x00007ffc01dc9000 	C:\WINDOWS\System32\sechost.dll
0x00007ffc01680000 - 0x00007ffc017a1000 	C:\WINDOWS\System32\RPCRT4.dll
0x00007ffc013c0000 - 0x00007ffc01525000 	C:\WINDOWS\System32\USER32.dll
0x00007ffc00730000 - 0x00007ffc0074e000 	C:\WINDOWS\System32\win32u.dll
0x00007ffc01bb0000 - 0x00007ffc01be4000 	C:\WINDOWS\System32\GDI32.dll
0x00007ffc00f50000 - 0x00007ffc010d2000 	C:\WINDOWS\System32\gdi32full.dll
0x00007ffbf8790000 - 0x00007ffbf8a09000 	C:\WINDOWS\WinSxS\amd64_microsoft.windows.common-controls_6595b64144ccf1df_6.0.14393.447_none_42191651c6827bb3\COMCTL32.dll
0x00007ffc01830000 - 0x00007ffc01af7000 	C:\WINDOWS\System32\combase.dll
0x00007ffc00240000 - 0x00007ffc00335000 	C:\WINDOWS\System32\ucrtbase.dll
0x00007ffc00ee0000 - 0x00007ffc00f4a000 	C:\WINDOWS\System32\bcryptPrimitives.dll
0x00007ffc01dd0000 - 0x00007ffc01dfe000 	C:\WINDOWS\System32\IMM32.DLL
0x00000000520b0000 - 0x0000000052182000 	C:\Program Files\Java\jdk1.8.0_20\jre\bin\msvcr100.dll
0x0000000051850000 - 0x00000000520a8000 	C:\Program Files\Java\jdk1.8.0_20\jre\bin\server\jvm.dll
0x00007ffc01340000 - 0x00007ffc01348000 	C:\WINDOWS\System32\PSAPI.DLL
0x00007ffbf4690000 - 0x00007ffbf4699000 	C:\WINDOWS\SYSTEM32\WSOCK32.dll
0x00007ffbfe530000 - 0x00007ffbfe553000 	C:\WINDOWS\SYSTEM32\WINMM.dll
0x00007ffc017b0000 - 0x00007ffc0181a000 	C:\WINDOWS\System32\WS2_32.dll
0x00007ffbfe2c0000 - 0x00007ffbfe2eb000 	C:\WINDOWS\SYSTEM32\WINMMBASE.dll
0x00007ffc010e0000 - 0x00007ffc01122000 	C:\WINDOWS\System32\cfgmgr32.dll
0x0000000053120000 - 0x000000005312f000 	C:\Program Files\Java\jdk1.8.0_20\jre\bin\verify.dll
0x0000000051820000 - 0x0000000051848000 	C:\Program Files\Java\jdk1.8.0_20\jre\bin\java.dll
0x0000000051800000 - 0x0000000051816000 	C:\Program Files\Java\jdk1.8.0_20\jre\bin\zip.dll
0x00007ffc02450000 - 0x00007ffc03959000 	C:\WINDOWS\System32\SHELL32.dll
0x00007ffc00750000 - 0x00007ffc00e2a000 	C:\WINDOWS\System32\windows.storage.dll
0x00007ffc001e0000 - 0x00007ffc0022c000 	C:\WINDOWS\System32\powrprof.dll
0x00007ffc012e0000 - 0x00007ffc01332000 	C:\WINDOWS\System32\shlwapi.dll
0x00007ffc00230000 - 0x00007ffc0023f000 	C:\WINDOWS\System32\kernel.appcore.dll
0x00007ffc00e30000 - 0x00007ffc00ed9000 	C:\WINDOWS\System32\shcore.dll
0x00007ffc001c0000 - 0x00007ffc001d4000 	C:\WINDOWS\System32\profapi.dll
0x00007ffbf8af0000 - 0x00007ffbf8c82000 	C:\WINDOWS\SYSTEM32\dbghelp.dll

VM Arguments:
jvm_args: -Djava.awt.headless=true -Xmx50g -Dfile.encoding=windows-1251 -Duser.country=RU -Duser.language=ru -Duser.variant 
java_command: com.android.dx.command.Main --dex --num-threads=4 --multi-dex --main-dex-list C:\Users\User\Documents\GitHub\iCRM\iCRM\app\build\intermediates\multi-dex\debug\maindexlist.txt --output C:\Users\User\Documents\GitHub\iCRM\iCRM\app\build\intermediates\transforms\dex\debug\folders\1000\1f\main C:\Users\User\Documents\GitHub\iCRM\iCRM\app\build\intermediates\transforms\jarMerging\debug\jars\1\1f\combined.jar
java_class_path (initial): C:\Users\User\AppData\Local\Android\sdk\build-tools\23.0.3\lib\dx.jar
Launcher Type: SUN_STANDARD

Environment Variables:
PATH=C:\ProgramData\Oracle\Java\javapath;C:\Program Files\Broadcom\Broadcom 802.11 Network Adapter;C:\Program Files (x86)\NVIDIA Corporation\PhysX\Common;C:\Program Files (x86)\Intel\iCLS Client\;C:\Program Files\Intel\iCLS Client\;C:\Windows\system32;C:\Windows;C:\Windows\System32\Wbem;C:\Windows\System32\WindowsPowerShell\v1.0\;C:\Program Files\Intel\Intel(R) Management Engine Components\DAL;C:\Program Files\Intel\Intel(R) Management Engine Components\IPT;C:\Program Files (x86)\Intel\Intel(R) Management Engine Components\DAL;C:\Program Files (x86)\Intel\Intel(R) Management Engine Components\IPT;C:\Program Files\WIDCOMM\Bluetooth Software\;C:\Program Files\WIDCOMM\Bluetooth Software\syswow64;C:\Program Files\Acer\Remote Files\;C:\Program Files (x86)\Skype\Phone\;C:\Program Files\OpenVPN\bin;C:\WINDOWS\system32;C:\WINDOWS;C:\WINDOWS\System32\Wbem;C:\WINDOWS\System32\WindowsPowerShell\v1.0\;C:\Users\User\AppData\Local\Microsoft\WindowsApps;
USERNAME=User
OS=Windows_NT
PROCESSOR_IDENTIFIER=Intel64 Family 6 Model 69 Stepping 1, GenuineIntel



---------------  S Y S T E M  ---------------

OS: Windows 8.1 , 64 bit Build 9600 

CPU:total 4 (2 cores per cpu, 2 threads per core) family 6 model 69 stepping 1, cmov, cx8, fxsr, mmx, sse, sse2, sse3, ssse3, sse4.1, sse4.2, popcnt, avx, avx2, aes, clmul, erms, lzcnt, ht, tsc, tscinvbit, bmi1, bmi2

Memory: 4k page, physical 8310040k(710964k free), swap 12406040k(3540k free)

vm_info: Java HotSpot(TM) 64-Bit Server VM (25.20-b23) for windows-amd64 JRE (1.8.0_20-b26), built on Jul 30 2014 13:51:23 by "java_re" with MS VC++ 10.0 (VS2010)

time: Thu Nov 17 15:13:11 2016
elapsed time: 36 seconds (0d 0h 0m 36s)

