#
# There is insufficient memory for the Java Runtime Environment to continue.
# Native memory allocation (malloc) failed to allocate 131088 bytes for Chunk::new
# Possible reasons:
#   The system is out of physical RAM or swap space
#   In 32 bit mode, the process size limit was hit
# Possible solutions:
#   Reduce memory load on the system
#   Increase physical memory or swap space
#   Check if swap backing store is full
#   Use 64 bit Java on a 64 bit OS
#   Decrease Java heap size (-Xmx/-Xms)
#   Decrease number of Java threads
#   Decrease Java thread stack sizes (-Xss)
#   Set larger code cache with -XX:ReservedCodeCacheSize=
# This output file may be truncated or incomplete.
#
#  Out of Memory Error (allocation.cpp:390), pid=8452, tid=4712
#
# JRE version: Java(TM) SE Runtime Environment (8.0_20-b26) (build 1.8.0_20-b26)
# Java VM: Java HotSpot(TM) 64-Bit Server VM (25.20-b23 mixed mode windows-amd64 )
# Failed to write core dump. Minidumps are not enabled by default on client versions of Windows
#

---------------  T H R E A D  ---------------

Current thread (0x000000002430d000):  JavaThread "C2 CompilerThread0" daemon [_thread_in_native, id=4712, stack(0x0000000025870000,0x0000000025970000)]

Stack: [0x0000000025870000,0x0000000025970000]
Native frames: (J=compiled Java code, j=interpreted, Vv=VM code, C=native code)
V  [jvm.dll+0x3152fa]
V  [jvm.dll+0x265d03]
V  [jvm.dll+0x266943]
V  [jvm.dll+0x25e265]
V  [jvm.dll+0xbe255]
V  [jvm.dll+0xbe6fc]
V  [jvm.dll+0xbe9a4]
V  [jvm.dll+0x4e4e30]
V  [jvm.dll+0x44a4e5]
V  [jvm.dll+0x4e518b]
V  [jvm.dll+0x452583]
V  [jvm.dll+0x435fc2]
V  [jvm.dll+0x97b62]
V  [jvm.dll+0x98353]
V  [jvm.dll+0x22aac4]
V  [jvm.dll+0x283f5a]
C  [msvcr100.dll+0x21d9f]
C  [msvcr100.dll+0x21e3b]
C  [KERNEL32.DLL+0x8364]
C  [ntdll.dll+0x65e91]


Current CompileTask:
C2:  44867 3114       4       com.android.dx.dex.file.ClassDefItem::addContents (201 bytes)


---------------  P R O C E S S  ---------------

Java Threads: ( => current thread )
  0x000000002657a800 JavaThread "pool-1-thread-1" [_thread_in_Java, id=9260, stack(0x0000000027e40000,0x0000000027f40000)]
  0x0000000025ec7800 JavaThread "pool-2-thread-4" [_thread_in_Java, id=9232, stack(0x0000000027d40000,0x0000000027e40000)]
  0x00000000265e7800 JavaThread "pool-2-thread-3" [_thread_in_Java, id=2408, stack(0x0000000027c40000,0x0000000027d40000)]
  0x00000000265e6800 JavaThread "pool-2-thread-2" [_thread_in_Java, id=1996, stack(0x0000000027b40000,0x0000000027c40000)]
  0x0000000026642000 JavaThread "pool-3-thread-1" [_thread_blocked, id=4156, stack(0x0000000027a40000,0x0000000027b40000)]
  0x00000000261ee800 JavaThread "pool-2-thread-1" [_thread_in_Java, id=8400, stack(0x0000000027940000,0x0000000027a40000)]
  0x0000000025b95000 JavaThread "Service Thread" daemon [_thread_blocked, id=3272, stack(0x0000000025f70000,0x0000000026070000)]
  0x0000000024312000 JavaThread "C1 CompilerThread2" daemon [_thread_blocked, id=7312, stack(0x0000000025a70000,0x0000000025b70000)]
  0x000000002430f000 JavaThread "C2 CompilerThread1" daemon [_thread_in_native, id=9168, stack(0x0000000025970000,0x0000000025a70000)]
=>0x000000002430d000 JavaThread "C2 CompilerThread0" daemon [_thread_in_native, id=4712, stack(0x0000000025870000,0x0000000025970000)]
  0x000000002430c000 JavaThread "Attach Listener" daemon [_thread_blocked, id=2348, stack(0x0000000025770000,0x0000000025870000)]
  0x000000002430b000 JavaThread "Signal Dispatcher" daemon [_thread_blocked, id=7976, stack(0x0000000025670000,0x0000000025770000)]
  0x0000000001e96000 JavaThread "Finalizer" daemon [_thread_blocked, id=9388, stack(0x0000000025570000,0x0000000025670000)]
  0x0000000001e8d000 JavaThread "Reference Handler" daemon [_thread_blocked, id=984, stack(0x0000000025470000,0x0000000025570000)]
  0x0000000001da2800 JavaThread "main" [_thread_in_Java, id=4364, stack(0x0000000001ca0000,0x0000000001da0000)]

Other Threads:
  0x00000000242d5800 VMThread [stack: 0x0000000025370000,0x0000000025470000] [id=10848]
  0x0000000025b97000 WatcherThread [stack: 0x0000000026070000,0x0000000026170000] [id=9584]

VM state:not at safepoint (normal execution)

VM Mutex/Monitor currently owned by a thread: None

Heap:
 PSYoungGen      total 1179648K, used 746593K [0x00000008d5580000, 0x0000000944f00000, 0x0000000d00000000)
  eden space 879104K, 84% used [0x00000008d5580000,0x0000000902e98760,0x000000090b000000)
  from space 300544K, 0% used [0x000000090b000000,0x000000090b000000,0x000000091d580000)
  to   space 411648K, 0% used [0x000000092bd00000,0x000000092bd00000,0x0000000944f00000)
 ParOldGen       total 806400K, used 806270K [0x0000000080000000, 0x00000000b1380000, 0x00000008d5580000)
  object space 806400K, 99% used [0x0000000080000000,0x00000000b135fba0,0x00000000b1380000)
 Metaspace       used 6667K, capacity 6920K, committed 7168K, reserved 8192K

Card table byte_map: [0x00000000127c0000,0x0000000018bd0000] byte_map_base: 0x00000000123c0000

Marking Bits: (ParMarkBitMap*) 0x0000000053c3b460
 Begin Bits: [0x0000000d00000000, 0x0000000d32000000)
 End Bits:   [0x0000000d32000000, 0x0000000d64000000)

Polling page: 0x0000000001be0000

CodeCache: size=245760Kb used=12525Kb max_used=12525Kb free=233234Kb
 bounds [0x0000000003400000, 0x0000000004050000, 0x0000000012400000]
 total_blobs=2927 nmethods=2661 adapters=179
 compilation: enabled

Compilation events (10 events):
Event: 44.659 Thread 0x000000002430d000 nmethod 3109 0x000000000401f150 code [0x000000000401f2a0, 0x000000000401f3f8]
Event: 44.659 Thread 0x000000002430d000 3105       4       com.android.dx.rop.annotation.NameValuePair::hashCode (19 bytes)
Event: 44.660 Thread 0x000000002430f000 nmethod 3102 0x000000000403d910 code [0x000000000403db20, 0x000000000403f568]
Event: 44.664 Thread 0x000000002430d000 nmethod 3105 0x000000000402b790 code [0x000000000402b8e0, 0x000000000402bad8]
Event: 44.667 Thread 0x000000002430f000 3113   !   4       com.android.dx.dex.file.MixedItemSection::add (49 bytes)
Event: 44.673 Thread 0x000000002430f000 nmethod 3113 0x000000000402af50 code [0x000000000402b0a0, 0x000000000402b3c8]
Event: 44.678 Thread 0x000000002430d000 3114       4       com.android.dx.dex.file.ClassDefItem::addContents (201 bytes)
Event: 44.695 Thread 0x000000002430f000 3115  s    4       com.android.dx.dex.file.MixedItemSection::intern (39 bytes)
Event: 44.717 Thread 0x000000002430f000 nmethod 3115 0x0000000004039850 code [0x0000000004039a20, 0x000000000403a730]
Event: 44.717 Thread 0x000000002430f000 3117       4       com.android.dx.dex.file.ClassDataItem::isEmpty (46 bytes)

GC Heap History (10 events):
Event: 26.530 GC heap before
{Heap before GC invocations=20 (full 4):
 PSYoungGen      total 983552K, used 983549K [0x00000008d5580000, 0x000000092d500000, 0x0000000d00000000)
  eden space 766976K, 100% used [0x00000008d5580000,0x0000000904280000,0x0000000904280000)
  from space 216576K, 99% used [0x0000000904280000,0x00000009115ff7f8,0x0000000911600000)
  to   space 261632K, 0% used [0x000000091d580000,0x000000091d580000,0x000000092d500000)
 ParOldGen       total 806400K, used 531295K [0x0000000080000000, 0x00000000b1380000, 0x00000008d5580000)
  object space 806400K, 65% used [0x0000000080000000,0x00000000a06d7f48,0x00000000b1380000)
 Metaspace       used 6603K, capacity 6920K, committed 7168K, reserved 8192K
Event: 26.877 GC heap after
Heap after GC invocations=20 (full 4):
 PSYoungGen      total 1140736K, used 244538K [0x00000008d5580000, 0x0000000932580000, 0x0000000d00000000)
  eden space 879104K, 0% used [0x00000008d5580000,0x00000008d5580000,0x000000090b000000)
  from space 261632K, 93% used [0x000000091d580000,0x000000092c44ebb8,0x000000092d500000)
  to   space 300544K, 0% used [0x000000090b000000,0x000000090b000000,0x000000091d580000)
 ParOldGen       total 806400K, used 637587K [0x0000000080000000, 0x00000000b1380000, 0x00000008d5580000)
  object space 806400K, 79% used [0x0000000080000000,0x00000000a6ea4f98,0x00000000b1380000)
 Metaspace       used 6603K, capacity 6920K, committed 7168K, reserved 8192K
}
Event: 28.632 GC heap before
{Heap before GC invocations=21 (full 4):
 PSYoungGen      total 1140736K, used 1123642K [0x00000008d5580000, 0x0000000932580000, 0x0000000d00000000)
  eden space 879104K, 100% used [0x00000008d5580000,0x000000090b000000,0x000000090b000000)
  from space 261632K, 93% used [0x000000091d580000,0x000000092c44ebb8,0x000000092d500000)
  to   space 300544K, 0% used [0x000000090b000000,0x000000090b000000,0x000000091d580000)
 ParOldGen       total 806400K, used 637587K [0x0000000080000000, 0x00000000b1380000, 0x00000008d5580000)
  object space 806400K, 79% used [0x0000000080000000,0x00000000a6ea4f98,0x00000000b1380000)
 Metaspace       used 6603K, capacity 6920K, committed 7168K, reserved 8192K
Event: 28.948 GC heap after
Heap after GC invocations=21 (full 4):
 PSYoungGen      total 1179648K, used 300543K [0x00000008d5580000, 0x0000000944f00000, 0x0000000d00000000)
  eden space 879104K, 0% used [0x00000008d5580000,0x00000008d5580000,0x000000090b000000)
  from space 300544K, 99% used [0x000000090b000000,0x000000091d57ff60,0x000000091d580000)
  to   space 411648K, 0% used [0x000000092bd00000,0x000000092bd00000,0x0000000944f00000)
 ParOldGen       total 806400K, used 798235K [0x0000000080000000, 0x00000000b1380000, 0x00000008d5580000)
  object space 806400K, 98% used [0x0000000080000000,0x00000000b0b86c80,0x00000000b1380000)
 Metaspace       used 6603K, capacity 6920K, committed 7168K, reserved 8192K
}
Event: 28.948 GC heap before
{Heap before GC invocations=22 (full 5):
 PSYoungGen      total 1179648K, used 300543K [0x00000008d5580000, 0x0000000944f00000, 0x0000000d00000000)
  eden space 879104K, 0% used [0x00000008d5580000,0x00000008d5580000,0x000000090b000000)
  from space 300544K, 99% used [0x000000090b000000,0x000000091d57ff60,0x000000091d580000)
  to   space 411648K, 0% used [0x000000092bd00000,0x000000092bd00000,0x0000000944f00000)
 ParOldGen       total 806400K, used 798235K [0x0000000080000000, 0x00000000b1380000, 0x00000008d5580000)
  object space 806400K, 98% used [0x0000000080000000,0x00000000b0b86c80,0x00000000b1380000)
 Metaspace       used 6603K, capacity 6920K, committed 7168K, reserved 8192K
Event: 34.179 GC heap after
Heap after GC invocations=22 (full 5):
 PSYoungGen      total 1179648K, used 271376K [0x00000008d5580000, 0x0000000944f00000, 0x0000000d00000000)
  eden space 879104K, 0% used [0x00000008d5580000,0x00000008d5580000,0x000000090b000000)
  from space 300544K, 90% used [0x000000090b000000,0x000000091b904220,0x000000091d580000)
  to   space 411648K, 0% used [0x000000092bd00000,0x000000092bd00000,0x0000000944f00000)
 ParOldGen       total 806400K, used 806317K [0x0000000080000000, 0x00000000b1380000, 0x00000008d5580000)
  object space 806400K, 99% used [0x0000000080000000,0x00000000b136b480,0x00000000b1380000)
 Metaspace       used 6603K, capacity 6920K, committed 7168K, reserved 8192K
}
Event: 36.243 GC heap before
{Heap before GC invocations=23 (full 6):
 PSYoungGen      total 1179648K, used 1150480K [0x00000008d5580000, 0x0000000944f00000, 0x0000000d00000000)
  eden space 879104K, 100% used [0x00000008d5580000,0x000000090b000000,0x000000090b000000)
  from space 300544K, 90% used [0x000000090b000000,0x000000091b904220,0x000000091d580000)
  to   space 411648K, 0% used [0x000000092bd00000,0x000000092bd00000,0x0000000944f00000)
 ParOldGen       total 806400K, used 806317K [0x0000000080000000, 0x00000000b1380000, 0x00000008d5580000)
  object space 806400K, 99% used [0x0000000080000000,0x00000000b136b480,0x00000000b1380000)
 Metaspace       used 6604K, capacity 6920K, committed 7168K, reserved 8192K
Event: 39.713 GC heap after
Heap after GC invocations=23 (full 6):
 PSYoungGen      total 1179648K, used 231278K [0x00000008d5580000, 0x0000000944f00000, 0x0000000d00000000)
  eden space 879104K, 26% used [0x00000008d5580000,0x00000008e375b9c0,0x000000090b000000)
  from space 300544K, 0% used [0x000000090b000000,0x000000090b000000,0x000000091d580000)
  to   space 411648K, 0% used [0x000000092bd00000,0x000000092bd00000,0x0000000944f00000)
 ParOldGen       total 806400K, used 806397K [0x0000000080000000, 0x00000000b1380000, 0x00000008d5580000)
  object space 806400K, 99% used [0x0000000080000000,0x00000000b137f628,0x00000000b1380000)
 Metaspace       used 6604K, capacity 6920K, committed 7168K, reserved 8192K
}
Event: 40.605 GC heap before
{Heap before GC invocations=24 (full 7):
 PSYoungGen      total 1179648K, used 879104K [0x00000008d5580000, 0x0000000944f00000, 0x0000000d00000000)
  eden space 879104K, 100% used [0x00000008d5580000,0x000000090b000000,0x000000090b000000)
  from space 300544K, 0% used [0x000000090b000000,0x000000090b000000,0x000000091d580000)
  to   space 411648K, 0% used [0x000000092bd00000,0x000000092bd00000,0x0000000944f00000)
 ParOldGen       total 806400K, used 806397K [0x0000000080000000, 0x00000000b1380000, 0x00000008d5580000)
  object space 806400K, 99% used [0x0000000080000000,0x00000000b137f628,0x00000000b1380000)
 Metaspace       used 6604K, capacity 6920K, committed 7168K, reserved 8192K
Event: 44.268 GC heap after
Heap after GC invocations=24 (full 7):
 PSYoungGen      total 1179648K, used 330970K [0x00000008d5580000, 0x0000000944f00000, 0x0000000d00000000)
  eden space 879104K, 37% used [0x00000008d5580000,0x00000008e98b69c8,0x000000090b000000)
  from space 300544K, 0% used [0x000000090b000000,0x000000090b000000,0x000000091d580000)
  to   space 411648K, 0% used [0x000000092bd00000,0x000000092bd00000,0x0000000944f00000)
 ParOldGen       total 806400K, used 806270K [0x0000000080000000, 0x00000000b1380000, 0x00000008d5580000)
  object space 806400K, 99% used [0x0000000080000000,0x00000000b135fba0,0x00000000b1380000)
 Metaspace       used 6604K, capacity 6920K, committed 7168K, reserved 8192K
}

Deoptimization events (10 events):
Event: 44.515 Thread 0x000000002657a800 Uncommon trap: reason=class_check action=maybe_recompile pc=0x000000000385a914 method=java.util.Arrays.hashCode([Ljava/lang/Object;)I @ 43
Event: 44.515 Thread 0x000000002657a800 Uncommon trap: reason=class_check action=maybe_recompile pc=0x000000000385a914 method=java.util.Arrays.hashCode([Ljava/lang/Object;)I @ 43
Event: 44.515 Thread 0x000000002657a800 Uncommon trap: reason=class_check action=maybe_recompile pc=0x000000000385a914 method=java.util.Arrays.hashCode([Ljava/lang/Object;)I @ 43
Event: 44.516 Thread 0x000000002657a800 Uncommon trap: reason=class_check action=maybe_recompile pc=0x000000000385a914 method=java.util.Arrays.hashCode([Ljava/lang/Object;)I @ 43
Event: 44.516 Thread 0x000000002657a800 Uncommon trap: reason=class_check action=maybe_recompile pc=0x0000000003853f8c method=java.util.Arrays.hashCode([Ljava/lang/Object;)I @ 43
Event: 44.516 Thread 0x000000002657a800 Uncommon trap: reason=unreached action=reinterpret pc=0x00000000036cec00 method=java.util.Arrays.sort([Ljava/lang/Object;IILjava/util/Comparator;)V @ 1
Event: 44.553 Thread 0x000000002657a800 Uncommon trap: reason=bimorphic action=maybe_recompile pc=0x000000000400b4b4 method=java.util.Arrays.hashCode([Ljava/lang/Object;)I @ 43
Event: 44.553 Thread 0x000000002657a800 Uncommon trap: reason=bimorphic action=maybe_recompile pc=0x000000000400b4b4 method=java.util.Arrays.hashCode([Ljava/lang/Object;)I @ 43
Event: 44.553 Thread 0x000000002657a800 Uncommon trap: reason=bimorphic action=maybe_recompile pc=0x000000000400b4b4 method=java.util.Arrays.hashCode([Ljava/lang/Object;)I @ 43
Event: 44.553 Thread 0x000000002657a800 Uncommon trap: reason=bimorphic action=maybe_recompile pc=0x000000000400b4b4 method=java.util.Arrays.hashCode([Ljava/lang/Object;)I @ 43

Internal exceptions (10 events):
Event: 9.745 Thread 0x0000000001da2800 Implicit null exception at 0x000000000358d2e8 to 0x000000000358d8d9
Event: 10.891 Thread 0x0000000025ec7800 Exception <a 'java/security/PrivilegedActionException'> (0x00000008f49b9968) thrown at [D:\re\workspace\8-2-build-windows-amd64-cygwin\jdk8u20\1074\hotspot\src\share\vm\prims\jvm.cpp, line 1275]
Event: 12.515 Thread 0x0000000025ec7800 Implicit null exception at 0x000000000354867d to 0x000000000354b5a1
Event: 17.925 Thread 0x0000000001da2800 Exception <a 'java/security/PrivilegedActionException'> (0x00000008ef3c89b0) thrown at [D:\re\workspace\8-2-build-windows-amd64-cygwin\jdk8u20\1074\hotspot\src\share\vm\prims\jvm.cpp, line 1275]
Event: 17.930 Thread 0x00000000261ee800 Exception <a 'java/security/PrivilegedActionException'> (0x00000008efce9b60) thrown at [D:\re\workspace\8-2-build-windows-amd64-cygwin\jdk8u20\1074\hotspot\src\share\vm\prims\jvm.cpp, line 1275]
Event: 22.694 Thread 0x00000000261ee800 Exception <a 'java/security/PrivilegedActionException'> (0x00000008f241c268) thrown at [D:\re\workspace\8-2-build-windows-amd64-cygwin\jdk8u20\1074\hotspot\src\share\vm\prims\jvm.cpp, line 1275]
Event: 22.752 Thread 0x00000000261ee800 Exception <a 'java/security/PrivilegedActionException'> (0x00000008f248ab38) thrown at [D:\re\workspace\8-2-build-windows-amd64-cygwin\jdk8u20\1074\hotspot\src\share\vm\prims\jvm.cpp, line 1275]
Event: 36.003 Thread 0x00000000265e6800 Implicit null exception at 0x0000000003ee235c to 0x0000000003ee2384
Event: 44.486 Thread 0x0000000001da2800 Exception <a 'java/security/PrivilegedActionException'> (0x00000008f1abf750) thrown at [D:\re\workspace\8-2-build-windows-amd64-cygwin\jdk8u20\1074\hotspot\src\share\vm\prims\jvm.cpp, line 1275]
Event: 44.520 Thread 0x000000002657a800 Exception <a 'java/security/PrivilegedActionException'> (0x00000008f335d5e8) thrown at [D:\re\workspace\8-2-build-windows-amd64-cygwin\jdk8u20\1074\hotspot\src\share\vm\prims\jvm.cpp, line 1275]

Events (10 events):
Event: 44.553 Thread 0x000000002657a800 DEOPT UNPACKING pc=0x000000000344556a sp=0x0000000027f3e730 mode 2
Event: 44.553 Thread 0x000000002657a800 Uncommon trap: trap_request=0xffffffc6 fr.pc=0x000000000400b4b4
Event: 44.553 Thread 0x000000002657a800 DEOPT PACKING pc=0x000000000400b4b4 sp=0x0000000027f3e7e0
Event: 44.553 Thread 0x000000002657a800 DEOPT UNPACKING pc=0x000000000344556a sp=0x0000000027f3e720 mode 2
Event: 44.553 Thread 0x000000002657a800 Uncommon trap: trap_request=0xffffffc6 fr.pc=0x000000000400b4b4
Event: 44.553 Thread 0x000000002657a800 DEOPT PACKING pc=0x000000000400b4b4 sp=0x0000000027f3e7f0
Event: 44.553 Thread 0x000000002657a800 DEOPT UNPACKING pc=0x000000000344556a sp=0x0000000027f3e730 mode 2
Event: 44.553 Thread 0x000000002657a800 Uncommon trap: trap_request=0xffffffc6 fr.pc=0x000000000400b4b4
Event: 44.553 Thread 0x000000002657a800 DEOPT PACKING pc=0x000000000400b4b4 sp=0x0000000027f3e7e0
Event: 44.553 Thread 0x000000002657a800 DEOPT UNPACKING pc=0x000000000344556a sp=0x0000000027f3e720 mode 2


Dynamic libraries:
0x00007ff61d090000 - 0x00007ff61d0c4000 	C:\Program Files\Java\jdk1.8.0_20\bin\java.exe
0x00007ff9b0c20000 - 0x00007ff9b0df1000 	C:\WINDOWS\SYSTEM32\ntdll.dll
0x00007ff9b0060000 - 0x00007ff9b010b000 	C:\WINDOWS\System32\KERNEL32.DLL
0x00007ff9adb20000 - 0x00007ff9add3d000 	C:\WINDOWS\System32\KERNELBASE.dll
0x00007ff9b0210000 - 0x00007ff9b02b2000 	C:\WINDOWS\System32\ADVAPI32.dll
0x00007ff9affc0000 - 0x00007ff9b005e000 	C:\WINDOWS\System32\msvcrt.dll
0x00007ff9b0bc0000 - 0x00007ff9b0c19000 	C:\WINDOWS\System32\sechost.dll
0x00007ff9b0970000 - 0x00007ff9b0a91000 	C:\WINDOWS\System32\RPCRT4.dll
0x00007ff9b07f0000 - 0x00007ff9b0955000 	C:\WINDOWS\System32\USER32.dll
0x00007ff9ad300000 - 0x00007ff9ad31e000 	C:\WINDOWS\System32\win32u.dll
0x00007ff9b02c0000 - 0x00007ff9b02f4000 	C:\WINDOWS\System32\GDI32.dll
0x00007ff9adda0000 - 0x00007ff9adf22000 	C:\WINDOWS\System32\gdi32full.dll
0x00007ff9a7ae0000 - 0x00007ff9a7d5a000 	C:\WINDOWS\WinSxS\amd64_microsoft.windows.common-controls_6595b64144ccf1df_6.0.14393.351_none_4213128bc687e6d3\COMCTL32.dll
0x00007ff9b03c0000 - 0x00007ff9b0687000 	C:\WINDOWS\System32\combase.dll
0x00007ff9ad1b0000 - 0x00007ff9ad2a5000 	C:\WINDOWS\System32\ucrtbase.dll
0x00007ff9ad320000 - 0x00007ff9ad38a000 	C:\WINDOWS\System32\bcryptPrimitives.dll
0x00007ff9ae370000 - 0x00007ff9ae39e000 	C:\WINDOWS\System32\IMM32.DLL
0x0000000054c10000 - 0x0000000054ce2000 	C:\Program Files\Java\jdk1.8.0_20\jre\bin\msvcr100.dll
0x0000000053460000 - 0x0000000053cb8000 	C:\Program Files\Java\jdk1.8.0_20\jre\bin\server\jvm.dll
0x00007ff9b0960000 - 0x00007ff9b0968000 	C:\WINDOWS\System32\PSAPI.DLL
0x00007ff9a2eb0000 - 0x00007ff9a2eb9000 	C:\WINDOWS\SYSTEM32\WSOCK32.dll
0x00007ff9ab2a0000 - 0x00007ff9ab2c3000 	C:\WINDOWS\SYSTEM32\WINMM.dll
0x00007ff9aea40000 - 0x00007ff9aeaaa000 	C:\WINDOWS\System32\WS2_32.dll
0x0000000001c00000 - 0x0000000001c2b000 	C:\WINDOWS\SYSTEM32\WINMMBASE.dll
0x00007ff9ad2b0000 - 0x00007ff9ad2f2000 	C:\WINDOWS\System32\cfgmgr32.dll
0x0000000055090000 - 0x000000005509f000 	C:\Program Files\Java\jdk1.8.0_20\jre\bin\verify.dll
0x0000000055060000 - 0x0000000055088000 	C:\Program Files\Java\jdk1.8.0_20\jre\bin\java.dll
0x0000000055040000 - 0x0000000055056000 	C:\Program Files\Java\jdk1.8.0_20\jre\bin\zip.dll
0x00007ff9aeab0000 - 0x00007ff9affb9000 	C:\WINDOWS\System32\SHELL32.dll
0x00007ff9ad440000 - 0x00007ff9adb1a000 	C:\WINDOWS\System32\windows.storage.dll
0x00007ff9ad0b0000 - 0x00007ff9ad0fc000 	C:\WINDOWS\System32\powrprof.dll
0x00007ff9ae970000 - 0x00007ff9ae9c2000 	C:\WINDOWS\System32\shlwapi.dll
0x00007ff9ad0a0000 - 0x00007ff9ad0af000 	C:\WINDOWS\System32\kernel.appcore.dll
0x00007ff9adf30000 - 0x00007ff9adfd9000 	C:\WINDOWS\System32\shcore.dll
0x00007ff9ad080000 - 0x00007ff9ad094000 	C:\WINDOWS\System32\profapi.dll
0x00007ff9a64b0000 - 0x00007ff9a6642000 	C:\WINDOWS\SYSTEM32\dbghelp.dll

VM Arguments:
jvm_args: -Djava.awt.headless=true -Xmx50g -Dfile.encoding=windows-1251 -Duser.country=RU -Duser.language=ru -Duser.variant 
java_command: com.android.dx.command.Main --dex --num-threads=4 --multi-dex --main-dex-list C:\Users\User\Documents\GitHub\iCRM\iCRM\app\build\intermediates\multi-dex\debug\maindexlist.txt --output C:\Users\User\Documents\GitHub\iCRM\iCRM\app\build\intermediates\transforms\dex\debug\folders\1000\1f\main C:\Users\User\Documents\GitHub\iCRM\iCRM\app\build\intermediates\transforms\jarMerging\debug\jars\1\1f\combined.jar
java_class_path (initial): C:\Users\User\AppData\Local\Android\sdk\build-tools\23.0.3\lib\dx.jar
Launcher Type: SUN_STANDARD

Environment Variables:
PATH=C:\ProgramData\Oracle\Java\javapath;C:\Program Files\Broadcom\Broadcom 802.11 Network Adapter;C:\Program Files (x86)\NVIDIA Corporation\PhysX\Common;C:\Program Files (x86)\Intel\iCLS Client\;C:\Program Files\Intel\iCLS Client\;C:\Windows\system32;C:\Windows;C:\Windows\System32\Wbem;C:\Windows\System32\WindowsPowerShell\v1.0\;C:\Program Files\Intel\Intel(R) Management Engine Components\DAL;C:\Program Files\Intel\Intel(R) Management Engine Components\IPT;C:\Program Files (x86)\Intel\Intel(R) Management Engine Components\DAL;C:\Program Files (x86)\Intel\Intel(R) Management Engine Components\IPT;C:\Program Files\WIDCOMM\Bluetooth Software\;C:\Program Files\WIDCOMM\Bluetooth Software\syswow64;C:\Program Files\Acer\Remote Files\;C:\Program Files (x86)\Skype\Phone\;C:\Program Files\OpenVPN\bin;C:\WINDOWS\system32;C:\WINDOWS;C:\WINDOWS\System32\Wbem;C:\WINDOWS\System32\WindowsPowerShell\v1.0\;C:\Users\User\AppData\Local\Microsoft\WindowsApps;
USERNAME=User
OS=Windows_NT
PROCESSOR_IDENTIFIER=Intel64 Family 6 Model 69 Stepping 1, GenuineIntel



---------------  S Y S T E M  ---------------

OS: Windows 8.1 , 64 bit Build 9600 

CPU:total 4 (2 cores per cpu, 2 threads per core) family 6 model 69 stepping 1, cmov, cx8, fxsr, mmx, sse, sse2, sse3, ssse3, sse4.1, sse4.2, popcnt, avx, avx2, aes, clmul, erms, lzcnt, ht, tsc, tscinvbit, bmi1, bmi2

Memory: 4k page, physical 8310040k(702128k free), swap 12406032k(2100k free)

vm_info: Java HotSpot(TM) 64-Bit Server VM (25.20-b23) for windows-amd64 JRE (1.8.0_20-b26), built on Jul 30 2014 13:51:23 by "java_re" with MS VC++ 10.0 (VS2010)

time: Mon Oct 31 15:57:22 2016
elapsed time: 44 seconds (0d 0h 0m 44s)

