#
# There is insufficient memory for the Java Runtime Environment to continue.
# Native memory allocation (malloc) failed to allocate 1392896 bytes for Chunk::new
# Possible reasons:
#   The system is out of physical RAM or swap space
#   In 32 bit mode, the process size limit was hit
# Possible solutions:
#   Reduce memory load on the system
#   Increase physical memory or swap space
#   Check if swap backing store is full
#   Use 64 bit Java on a 64 bit OS
#   Decrease Java heap size (-Xmx/-Xms)
#   Decrease number of Java threads
#   Decrease Java thread stack sizes (-Xss)
#   Set larger code cache with -XX:ReservedCodeCacheSize=
# This output file may be truncated or incomplete.
#
#  Out of Memory Error (allocation.cpp:390), pid=1088, tid=13068
#
# JRE version: Java(TM) SE Runtime Environment (8.0_20-b26) (build 1.8.0_20-b26)
# Java VM: Java HotSpot(TM) 64-Bit Server VM (25.20-b23 mixed mode windows-amd64 )
# Failed to write core dump. Minidumps are not enabled by default on client versions of Windows
#

---------------  T H R E A D  ---------------

Current thread (0x000000002385d000):  JavaThread "C2 CompilerThread0" daemon [_thread_in_native, id=13068, stack(0x0000000024db0000,0x0000000024eb0000)]

Stack: [0x0000000024db0000,0x0000000024eb0000]
Native frames: (J=compiled Java code, j=interpreted, Vv=VM code, C=native code)
V  [jvm.dll+0x3152fa]
V  [jvm.dll+0x265d03]
V  [jvm.dll+0x266943]
V  [jvm.dll+0x25e265]
V  [jvm.dll+0xbe255]
V  [jvm.dll+0xbe6fc]
V  [jvm.dll+0x45c472]
V  [jvm.dll+0x49d76f]
V  [jvm.dll+0x4512bf]
V  [jvm.dll+0x452634]
V  [jvm.dll+0x435fc2]
V  [jvm.dll+0x97b62]
V  [jvm.dll+0x98353]
V  [jvm.dll+0x22aac4]
V  [jvm.dll+0x283f5a]
C  [msvcr100.dll+0x21d9f]
C  [msvcr100.dll+0x21e3b]
C  [KERNEL32.DLL+0x8364]
C  [ntdll.dll+0x670d1]


Current CompileTask:
C2:  42777 3322   !   4       com.android.dx.cf.code.BytecodeArray::parseInstruction (2764 bytes)


---------------  P R O C E S S  ---------------

Java Threads: ( => current thread )
  0x000000002821d800 JavaThread "pool-1-thread-2" [_thread_in_Java, id=8568, stack(0x0000000029460000,0x0000000029560000)]
  0x0000000025a4e000 JavaThread "pool-1-thread-1" [_thread_in_Java, id=8620, stack(0x0000000027380000,0x0000000027480000)]
  0x00000000250d3800 JavaThread "Service Thread" daemon [_thread_blocked, id=13088, stack(0x00000000254b0000,0x00000000255b0000)]
  0x0000000023865000 JavaThread "C1 CompilerThread2" daemon [_thread_blocked, id=4708, stack(0x0000000024fb0000,0x00000000250b0000)]
  0x000000002385f000 JavaThread "C2 CompilerThread1" daemon [_thread_in_native, id=848, stack(0x0000000024eb0000,0x0000000024fb0000)]
=>0x000000002385d000 JavaThread "C2 CompilerThread0" daemon [_thread_in_native, id=13068, stack(0x0000000024db0000,0x0000000024eb0000)]
  0x000000002385b800 JavaThread "Attach Listener" daemon [_thread_blocked, id=11068, stack(0x0000000024cb0000,0x0000000024db0000)]
  0x000000002385b000 JavaThread "Signal Dispatcher" daemon [_thread_blocked, id=12632, stack(0x0000000024bb0000,0x0000000024cb0000)]
  0x0000000001346000 JavaThread "Finalizer" daemon [_thread_blocked, id=10064, stack(0x0000000024ab0000,0x0000000024bb0000)]
  0x000000000133d000 JavaThread "Reference Handler" daemon [_thread_blocked, id=9596, stack(0x00000000249b0000,0x0000000024ab0000)]
  0x00000000010ce000 JavaThread "main" [_thread_blocked, id=10000, stack(0x00000000010d0000,0x00000000011d0000)]

Other Threads:
  0x0000000023826000 VMThread [stack: 0x00000000248b0000,0x00000000249b0000] [id=7804]
  0x00000000250de800 WatcherThread [stack: 0x00000000255b0000,0x00000000256b0000] [id=1900]

VM state:not at safepoint (normal execution)

VM Mutex/Monitor currently owned by a thread: None

Heap:
 PSYoungGen      total 1382400K, used 1038531K [0x00000008d5580000, 0x000000095e200000, 0x0000000d00000000)
  eden space 848384K, 60% used [0x00000008d5580000,0x00000008f46f58e0,0x0000000909200000)
  from space 534016K, 99% used [0x0000000909200000,0x00000009296bb430,0x0000000929b80000)
  to   space 620544K, 0% used [0x0000000938400000,0x0000000938400000,0x000000095e200000)
 ParOldGen       total 1296896K, used 973995K [0x0000000080000000, 0x00000000cf280000, 0x00000008d5580000)
  object space 1296896K, 75% used [0x0000000080000000,0x00000000bb72acd8,0x00000000cf280000)
 Metaspace       used 6977K, capacity 7240K, committed 7424K, reserved 8192K

Card table byte_map: [0x0000000012400000,0x0000000018810000] byte_map_base: 0x0000000012000000

Marking Bits: (ParMarkBitMap*) 0x000000006a2eb460
 Begin Bits: [0x0000000d00000000, 0x0000000d32000000)
 End Bits:   [0x0000000d32000000, 0x0000000d64000000)

Polling page: 0x0000000000d00000

CodeCache: size=245760Kb used=12150Kb max_used=14841Kb free=233609Kb
 bounds [0x0000000003400000, 0x0000000004290000, 0x0000000012400000]
 total_blobs=2988 nmethods=2722 adapters=179
 compilation: enabled

Compilation events (10 events):
Event: 41.409 Thread 0x0000000023865000 3342       2       com.android.dx.cf.code.Ropper$2::visitBlock (12 bytes)
Event: 41.410 Thread 0x0000000023865000 nmethod 3342 0x0000000003b2c810 code [0x0000000003b2c980, 0x0000000003b2cb08]
Event: 41.410 Thread 0x0000000023865000 3338       2       com.android.dx.cf.code.Ropper::access$900 (6 bytes)
Event: 41.410 Thread 0x0000000023865000 nmethod 3338 0x0000000003e07c10 code [0x0000000003e07d80, 0x0000000003e07ec8]
Event: 41.410 Thread 0x0000000023865000 3339       2       com.android.dx.cf.code.Ropper::access$1100 (6 bytes)
Event: 41.410 Thread 0x0000000023865000 nmethod 3339 0x0000000003e8e990 code [0x0000000003e8eb00, 0x0000000003e8ec48]
Event: 41.410 Thread 0x0000000023865000 3341       2       com.android.dx.cf.code.Ropper::access$1200 (7 bytes)
Event: 41.410 Thread 0x0000000023865000 nmethod 3341 0x0000000003bc9ad0 code [0x0000000003bc9c40, 0x0000000003bc9d88]
Event: 41.414 Thread 0x000000002385d000 nmethod 3311 0x0000000003c21ed0 code [0x0000000003c22100, 0x0000000003c231b0]
Event: 41.414 Thread 0x000000002385d000 3322   !   4       com.android.dx.cf.code.BytecodeArray::parseInstruction (2764 bytes)

GC Heap History (10 events):
Event: 28.875 GC heap before
{Heap before GC invocations=24 (full 5):
 PSYoungGen      total 1079808K, used 381920K [0x00000008d5580000, 0x0000000944680000, 0x0000000d00000000)
  eden space 697856K, 0% used [0x00000008d5580000,0x00000008d5580000,0x00000008fff00000)
  from space 381952K, 99% used [0x00000008fff00000,0x00000009173f8250,0x0000000917400000)
  to   space 508416K, 0% used [0x0000000925600000,0x0000000925600000,0x0000000944680000)
 ParOldGen       total 893440K, used 879477K [0x0000000080000000, 0x00000000b6880000, 0x00000008d5580000)
  object space 893440K, 98% used [0x0000000080000000,0x00000000b5add578,0x00000000b6880000)
 Metaspace       used 6595K, capacity 6920K, committed 7168K, reserved 8192K
Event: 32.815 GC heap after
Heap after GC invocations=24 (full 5):
 PSYoungGen      total 1079808K, used 213434K [0x00000008d5580000, 0x0000000944680000, 0x0000000d00000000)
  eden space 697856K, 0% used [0x00000008d5580000,0x00000008d5580000,0x00000008fff00000)
  from space 381952K, 55% used [0x00000008fff00000,0x000000090cf6ea28,0x0000000917400000)
  to   space 508416K, 0% used [0x0000000925600000,0x0000000925600000,0x0000000944680000)
 ParOldGen       total 1296896K, used 893368K [0x0000000080000000, 0x00000000cf280000, 0x00000008d5580000)
  object space 1296896K, 68% used [0x0000000080000000,0x00000000b686e1e0,0x00000000cf280000)
 Metaspace       used 6595K, capacity 6920K, committed 7168K, reserved 8192K
}
Event: 34.249 GC heap before
{Heap before GC invocations=25 (full 5):
 PSYoungGen      total 1079808K, used 911290K [0x00000008d5580000, 0x0000000944680000, 0x0000000d00000000)
  eden space 697856K, 100% used [0x00000008d5580000,0x00000008fff00000,0x00000008fff00000)
  from space 381952K, 55% used [0x00000008fff00000,0x000000090cf6ea28,0x0000000917400000)
  to   space 508416K, 0% used [0x0000000925600000,0x0000000925600000,0x0000000944680000)
 ParOldGen       total 1296896K, used 893368K [0x0000000080000000, 0x00000000cf280000, 0x00000008d5580000)
  object space 1296896K, 68% used [0x0000000080000000,0x00000000b686e1e0,0x00000000cf280000)
 Metaspace       used 6595K, capacity 6920K, committed 7168K, reserved 8192K
Event: 34.662 GC heap after
Heap after GC invocations=25 (full 5):
 PSYoungGen      total 1222144K, used 144926K [0x00000008d5580000, 0x0000000940100000, 0x0000000d00000000)
  eden space 784896K, 0% used [0x00000008d5580000,0x00000008d5580000,0x0000000905400000)
  from space 437248K, 33% used [0x0000000925600000,0x000000092e387be0,0x0000000940100000)
  to   space 481792K, 0% used [0x0000000905400000,0x0000000905400000,0x0000000922a80000)
 ParOldGen       total 1296896K, used 973995K [0x0000000080000000, 0x00000000cf280000, 0x00000008d5580000)
  object space 1296896K, 75% used [0x0000000080000000,0x00000000bb72acd8,0x00000000cf280000)
 Metaspace       used 6595K, capacity 6920K, committed 7168K, reserved 8192K
}
Event: 35.873 GC heap before
{Heap before GC invocations=26 (full 5):
 PSYoungGen      total 1222144K, used 929822K [0x00000008d5580000, 0x0000000940100000, 0x0000000d00000000)
  eden space 784896K, 100% used [0x00000008d5580000,0x0000000905400000,0x0000000905400000)
  from space 437248K, 33% used [0x0000000925600000,0x000000092e387be0,0x0000000940100000)
  to   space 481792K, 0% used [0x0000000905400000,0x0000000905400000,0x0000000922a80000)
 ParOldGen       total 1296896K, used 973995K [0x0000000080000000, 0x00000000cf280000, 0x00000008d5580000)
  object space 1296896K, 75% used [0x0000000080000000,0x00000000bb72acd8,0x00000000cf280000)
 Metaspace       used 6596K, capacity 6920K, committed 7168K, reserved 8192K
Event: 36.246 GC heap after
Heap after GC invocations=26 (full 5):
 PSYoungGen      total 1266688K, used 270583K [0x00000008d5580000, 0x0000000947600000, 0x0000000d00000000)
  eden space 784896K, 0% used [0x00000008d5580000,0x00000008d5580000,0x0000000905400000)
  from space 481792K, 56% used [0x0000000905400000,0x0000000915c3dd90,0x0000000922a80000)
  to   space 485888K, 0% used [0x0000000929b80000,0x0000000929b80000,0x0000000947600000)
 ParOldGen       total 1296896K, used 973995K [0x0000000080000000, 0x00000000cf280000, 0x00000008d5580000)
  object space 1296896K, 75% used [0x0000000080000000,0x00000000bb72acd8,0x00000000cf280000)
 Metaspace       used 6596K, capacity 6920K, committed 7168K, reserved 8192K
}
Event: 37.876 GC heap before
{Heap before GC invocations=27 (full 5):
 PSYoungGen      total 1266688K, used 1055479K [0x00000008d5580000, 0x0000000947600000, 0x0000000d00000000)
  eden space 784896K, 100% used [0x00000008d5580000,0x0000000905400000,0x0000000905400000)
  from space 481792K, 56% used [0x0000000905400000,0x0000000915c3dd90,0x0000000922a80000)
  to   space 485888K, 0% used [0x0000000929b80000,0x0000000929b80000,0x0000000947600000)
 ParOldGen       total 1296896K, used 973995K [0x0000000080000000, 0x00000000cf280000, 0x00000008d5580000)
  object space 1296896K, 75% used [0x0000000080000000,0x00000000bb72acd8,0x00000000cf280000)
 Metaspace       used 6693K, capacity 6920K, committed 7168K, reserved 8192K
Event: 38.447 GC heap after
Heap after GC invocations=27 (full 5):
 PSYoungGen      total 1334272K, used 396247K [0x00000008d5580000, 0x000000094df80000, 0x0000000d00000000)
  eden space 848384K, 0% used [0x00000008d5580000,0x00000008d5580000,0x0000000909200000)
  from space 485888K, 81% used [0x0000000929b80000,0x0000000941e75cd8,0x0000000947600000)
  to   space 534016K, 0% used [0x0000000909200000,0x0000000909200000,0x0000000929b80000)
 ParOldGen       total 1296896K, used 973995K [0x0000000080000000, 0x00000000cf280000, 0x00000008d5580000)
  object space 1296896K, 75% used [0x0000000080000000,0x00000000bb72acd8,0x00000000cf280000)
 Metaspace       used 6693K, capacity 6920K, committed 7168K, reserved 8192K
}
Event: 39.879 GC heap before
{Heap before GC invocations=28 (full 5):
 PSYoungGen      total 1334272K, used 1244631K [0x00000008d5580000, 0x000000094df80000, 0x0000000d00000000)
  eden space 848384K, 100% used [0x00000008d5580000,0x0000000909200000,0x0000000909200000)
  from space 485888K, 81% used [0x0000000929b80000,0x0000000941e75cd8,0x0000000947600000)
  to   space 534016K, 0% used [0x0000000909200000,0x0000000909200000,0x0000000929b80000)
 ParOldGen       total 1296896K, used 973995K [0x0000000080000000, 0x00000000cf280000, 0x00000008d5580000)
  object space 1296896K, 75% used [0x0000000080000000,0x00000000bb72acd8,0x00000000cf280000)
 Metaspace       used 6704K, capacity 6984K, committed 7168K, reserved 8192K
Event: 40.989 GC heap after
Heap after GC invocations=28 (full 5):
 PSYoungGen      total 1382400K, used 529133K [0x00000008d5580000, 0x000000095e200000, 0x0000000d00000000)
  eden space 848384K, 0% used [0x00000008d5580000,0x00000008d5580000,0x0000000909200000)
  from space 534016K, 99% used [0x0000000909200000,0x00000009296bb430,0x0000000929b80000)
  to   space 620544K, 0% used [0x0000000938400000,0x0000000938400000,0x000000095e200000)
 ParOldGen       total 1296896K, used 973995K [0x0000000080000000, 0x00000000cf280000, 0x00000008d5580000)
  object space 1296896K, 75% used [0x0000000080000000,0x00000000bb72acd8,0x00000000cf280000)
 Metaspace       used 6704K, capacity 6984K, committed 7168K, reserved 8192K
}

Deoptimization events (10 events):
Event: 41.243 Thread 0x00000000010ce000 Uncommon trap: reason=class_check action=maybe_recompile pc=0x00000000040d1674 method=com.android.dx.cf.code.BaseMachine.localArg(Lcom/android/dx/cf/code/Frame;I)V @ 14
Event: 41.243 Thread 0x00000000010ce000 Uncommon trap: reason=class_check action=maybe_recompile pc=0x00000000040bc900 method=com.android.dx.cf.code.Frame.setImmutable()V @ 4
Event: 41.243 Thread 0x00000000010ce000 Uncommon trap: reason=class_check action=maybe_recompile pc=0x00000000040e12e0 method=com.android.dx.cf.code.Frame.copy()Lcom/android/dx/cf/code/Frame; @ 8
Event: 41.243 Thread 0x00000000010ce000 Uncommon trap: reason=class_check action=maybe_recompile pc=0x00000000040d1674 method=com.android.dx.cf.code.BaseMachine.localArg(Lcom/android/dx/cf/code/Frame;I)V @ 14
Event: 41.243 Thread 0x00000000010ce000 Uncommon trap: reason=class_check action=maybe_recompile pc=0x00000000040bc900 method=com.android.dx.cf.code.Frame.setImmutable()V @ 4
Event: 41.256 Thread 0x0000000025825800 Uncommon trap: reason=class_check action=maybe_recompile pc=0x00000000040e12e0 method=com.android.dx.cf.code.Frame.copy()Lcom/android/dx/cf/code/Frame; @ 8
Event: 41.256 Thread 0x0000000025825800 Uncommon trap: reason=class_check action=maybe_recompile pc=0x0000000003ceb138 method=com.android.dx.cf.code.BaseMachine.storeResults(Lcom/android/dx/cf/code/Frame;)V @ 41
Event: 41.358 Thread 0x00000000010ce000 Uncommon trap: reason=class_check action=maybe_recompile pc=0x0000000003ceb138 method=com.android.dx.cf.code.BaseMachine.storeResults(Lcom/android/dx/cf/code/Frame;)V @ 41
Event: 41.387 Thread 0x0000000025fd3800 Uncommon trap: reason=bimorphic action=maybe_recompile pc=0x0000000003e48330 method=com.android.dx.cf.code.BytecodeArray.parseInstruction(ILcom/android/dx/cf/code/BytecodeArray$Visitor;)I @ 1987
Event: 41.388 Thread 0x0000000025fd3800 Uncommon trap: reason=bimorphic action=maybe_recompile pc=0x0000000003e48330 method=com.android.dx.cf.code.BytecodeArray.parseInstruction(ILcom/android/dx/cf/code/BytecodeArray$Visitor;)I @ 1987

Internal exceptions (10 events):
Event: 23.645 Thread 0x0000000025825800 Exception <a 'java/security/PrivilegedActionException'> (0x00000008e952e3d8) thrown at [D:\re\workspace\8-2-build-windows-amd64-cygwin\jdk8u20\1074\hotspot\src\share\vm\prims\jvm.cpp, line 1275]
Event: 34.925 Thread 0x0000000025825800 Implicit null exception at 0x00000000040f419c to 0x00000000040f41c4
Event: 36.632 Thread 0x00000000010ce000 Exception <a 'java/security/PrivilegedActionException'> (0x00000008e0823108) thrown at [D:\re\workspace\8-2-build-windows-amd64-cygwin\jdk8u20\1074\hotspot\src\share\vm\prims\jvm.cpp, line 1275]
Event: 36.670 Thread 0x0000000025a4e000 Exception <a 'java/security/PrivilegedActionException'> (0x00000008e0979c00) thrown at [D:\re\workspace\8-2-build-windows-amd64-cygwin\jdk8u20\1074\hotspot\src\share\vm\prims\jvm.cpp, line 1275]
Event: 38.451 Thread 0x0000000025a4e000 Exception <a 'java/security/PrivilegedActionException'> (0x00000008d5ce2438) thrown at [D:\re\workspace\8-2-build-windows-amd64-cygwin\jdk8u20\1074\hotspot\src\share\vm\prims\jvm.cpp, line 1275]
Event: 39.417 Thread 0x0000000025fd3800 Implicit null exception at 0x00000000040eb7fc to 0x00000000040eb8f6
Event: 41.186 Thread 0x0000000025fd3800 Exception <a 'java/security/PrivilegedActionException'> (0x00000008dbbec6a0) thrown at [D:\re\workspace\8-2-build-windows-amd64-cygwin\jdk8u20\1074\hotspot\src\share\vm\prims\jvm.cpp, line 1275]
Event: 41.191 Thread 0x0000000025fd3800 Exception <a 'java/security/PrivilegedActionException'> (0x00000008dbbf67e0) thrown at [D:\re\workspace\8-2-build-windows-amd64-cygwin\jdk8u20\1074\hotspot\src\share\vm\prims\jvm.cpp, line 1275]
Event: 41.191 Thread 0x0000000025fd3800 Exception <a 'java/security/PrivilegedActionException'> (0x00000008dbbf9d98) thrown at [D:\re\workspace\8-2-build-windows-amd64-cygwin\jdk8u20\1074\hotspot\src\share\vm\prims\jvm.cpp, line 1275]
Event: 41.195 Thread 0x0000000025fd3800 Exception <a 'java/security/PrivilegedActionException'> (0x00000008dbc01450) thrown at [D:\re\workspace\8-2-build-windows-amd64-cygwin\jdk8u20\1074\hotspot\src\share\vm\prims\jvm.cpp, line 1275]

Events (10 events):
Event: 41.403 Thread 0x00000000010ce000 DEOPT PACKING pc=0x00000000036bb7c1 sp=0x00000000011ce5e0
Event: 41.403 Thread 0x00000000010ce000 DEOPT UNPACKING pc=0x00000000034475bf sp=0x00000000011ce320 mode 0
Event: 41.404 Thread 0x00000000010ce000 DEOPT PACKING pc=0x00000000036bb7c1 sp=0x00000000011ce5e0
Event: 41.404 Thread 0x00000000010ce000 DEOPT UNPACKING pc=0x00000000034475bf sp=0x00000000011ce320 mode 0
Event: 41.404 Thread 0x00000000010ce000 DEOPT PACKING pc=0x00000000036bb7c1 sp=0x00000000011ce5e0
Event: 41.404 Thread 0x00000000010ce000 DEOPT UNPACKING pc=0x00000000034475bf sp=0x00000000011ce320 mode 0
Event: 41.404 Thread 0x00000000010ce000 DEOPT PACKING pc=0x00000000036bb7c1 sp=0x00000000011ce5e0
Event: 41.404 Thread 0x00000000010ce000 DEOPT UNPACKING pc=0x00000000034475bf sp=0x00000000011ce320 mode 0
Event: 41.405 Thread 0x00000000010ce000 DEOPT PACKING pc=0x00000000036bb7c1 sp=0x00000000011ce5e0
Event: 41.405 Thread 0x00000000010ce000 DEOPT UNPACKING pc=0x00000000034475bf sp=0x00000000011ce320 mode 0


Dynamic libraries:
0x00007ff7cded0000 - 0x00007ff7cdf04000 	C:\Program Files\Java\jdk1.8.0_20\bin\java.exe
0x00007ffd45de0000 - 0x00007ffd45fb1000 	C:\WINDOWS\SYSTEM32\ntdll.dll
0x00007ffd452b0000 - 0x00007ffd4535b000 	C:\WINDOWS\System32\KERNEL32.DLL
0x00007ffd422d0000 - 0x00007ffd424ed000 	C:\WINDOWS\System32\KERNELBASE.dll
0x00007ffd434b0000 - 0x00007ffd43552000 	C:\WINDOWS\System32\ADVAPI32.dll
0x00007ffd43630000 - 0x00007ffd436ce000 	C:\WINDOWS\System32\msvcrt.dll
0x00007ffd438e0000 - 0x00007ffd43939000 	C:\WINDOWS\System32\sechost.dll
0x00007ffd45880000 - 0x00007ffd459a1000 	C:\WINDOWS\System32\RPCRT4.dll
0x00007ffd43940000 - 0x00007ffd43aa5000 	C:\WINDOWS\System32\USER32.dll
0x00007ffd42770000 - 0x00007ffd4278e000 	C:\WINDOWS\System32\win32u.dll
0x00007ffd437d0000 - 0x00007ffd43804000 	C:\WINDOWS\System32\GDI32.dll
0x00007ffd431e0000 - 0x00007ffd43362000 	C:\WINDOWS\System32\gdi32full.dll
0x00007ffd3b2b0000 - 0x00007ffd3b529000 	C:\WINDOWS\WinSxS\amd64_microsoft.windows.common-controls_6595b64144ccf1df_6.0.14393.447_none_42191651c6827bb3\COMCTL32.dll
0x00007ffd45540000 - 0x00007ffd45808000 	C:\WINDOWS\System32\combase.dll
0x00007ffd42790000 - 0x00007ffd42885000 	C:\WINDOWS\System32\ucrtbase.dll
0x00007ffd42890000 - 0x00007ffd428fa000 	C:\WINDOWS\System32\bcryptPrimitives.dll
0x00007ffd43810000 - 0x00007ffd4383e000 	C:\WINDOWS\System32\IMM32.DLL
0x000000006ad50000 - 0x000000006ae22000 	C:\Program Files\Java\jdk1.8.0_20\jre\bin\msvcr100.dll
0x0000000069b10000 - 0x000000006a368000 	C:\Program Files\Java\jdk1.8.0_20\jre\bin\server\jvm.dll
0x00007ffd43370000 - 0x00007ffd43378000 	C:\WINDOWS\System32\PSAPI.DLL
0x00007ffd3fcd0000 - 0x00007ffd3fcf3000 	C:\WINDOWS\SYSTEM32\WINMM.dll
0x00007ffd36520000 - 0x00007ffd36529000 	C:\WINDOWS\SYSTEM32\WSOCK32.dll
0x00007ffd43560000 - 0x00007ffd435ca000 	C:\WINDOWS\System32\WS2_32.dll
0x0000000000cd0000 - 0x0000000000cfb000 	C:\WINDOWS\SYSTEM32\WINMMBASE.dll
0x00007ffd43190000 - 0x00007ffd431d2000 	C:\WINDOWS\System32\cfgmgr32.dll
0x000000006ad40000 - 0x000000006ad4f000 	C:\Program Files\Java\jdk1.8.0_20\jre\bin\verify.dll
0x000000006ad10000 - 0x000000006ad38000 	C:\Program Files\Java\jdk1.8.0_20\jre\bin\java.dll
0x000000006acf0000 - 0x000000006ad06000 	C:\Program Files\Java\jdk1.8.0_20\jre\bin\zip.dll
0x00007ffd43da0000 - 0x00007ffd452a9000 	C:\WINDOWS\System32\SHELL32.dll
0x00007ffd42900000 - 0x00007ffd42fda000 	C:\WINDOWS\System32\windows.storage.dll
0x00007ffd42260000 - 0x00007ffd422ac000 	C:\WINDOWS\System32\powrprof.dll
0x00007ffd45360000 - 0x00007ffd453b2000 	C:\WINDOWS\System32\shlwapi.dll
0x00007ffd422b0000 - 0x00007ffd422bf000 	C:\WINDOWS\System32\kernel.appcore.dll
0x00007ffd426c0000 - 0x00007ffd42769000 	C:\WINDOWS\System32\shcore.dll
0x00007ffd42240000 - 0x00007ffd42254000 	C:\WINDOWS\System32\profapi.dll
0x00007ffd32c20000 - 0x00007ffd32db2000 	C:\WINDOWS\SYSTEM32\dbghelp.dll

VM Arguments:
jvm_args: -Djava.awt.headless=true -Xmx50g -Dfile.encoding=windows-1251 -Duser.country=RU -Duser.language=ru -Duser.variant 
java_command: com.android.dx.command.Main --dex --num-threads=4 --multi-dex --main-dex-list C:\Users\User\Documents\GitHub\iCRM\iCRM\app\build\intermediates\multi-dex\debug\maindexlist.txt --output C:\Users\User\Documents\GitHub\iCRM\iCRM\app\build\intermediates\transforms\dex\debug\folders\1000\1f\main C:\Users\User\Documents\GitHub\iCRM\iCRM\app\build\intermediates\transforms\jarMerging\debug\jars\1\1f\combined.jar
java_class_path (initial): C:\Users\User\AppData\Local\Android\sdk\build-tools\23.0.3\lib\dx.jar
Launcher Type: SUN_STANDARD

Environment Variables:
PATH=C:\ProgramData\Oracle\Java\javapath;C:\Program Files\Broadcom\Broadcom 802.11 Network Adapter;C:\Program Files (x86)\NVIDIA Corporation\PhysX\Common;C:\Program Files (x86)\Intel\iCLS Client\;C:\Program Files\Intel\iCLS Client\;C:\Windows\system32;C:\Windows;C:\Windows\System32\Wbem;C:\Windows\System32\WindowsPowerShell\v1.0\;C:\Program Files\Intel\Intel(R) Management Engine Components\DAL;C:\Program Files\Intel\Intel(R) Management Engine Components\IPT;C:\Program Files (x86)\Intel\Intel(R) Management Engine Components\DAL;C:\Program Files (x86)\Intel\Intel(R) Management Engine Components\IPT;C:\Program Files\WIDCOMM\Bluetooth Software\;C:\Program Files\WIDCOMM\Bluetooth Software\syswow64;C:\Program Files\Acer\Remote Files\;C:\Program Files (x86)\Skype\Phone\;C:\Program Files\OpenVPN\bin;C:\WINDOWS\system32;C:\WINDOWS;C:\WINDOWS\System32\Wbem;C:\WINDOWS\System32\WindowsPowerShell\v1.0\;C:\Users\User\AppData\Local\Microsoft\WindowsApps;
USERNAME=User
OS=Windows_NT
PROCESSOR_IDENTIFIER=Intel64 Family 6 Model 69 Stepping 1, GenuineIntel



---------------  S Y S T E M  ---------------

OS: Windows 8.1 , 64 bit Build 9600 

CPU:total 4 (2 cores per cpu, 2 threads per core) family 6 model 69 stepping 1, cmov, cx8, fxsr, mmx, sse, sse2, sse3, ssse3, sse4.1, sse4.2, popcnt, avx, avx2, aes, clmul, erms, lzcnt, ht, tsc, tscinvbit, bmi1, bmi2

Memory: 4k page, physical 8310040k(478268k free), swap 12406040k(6048k free)

vm_info: Java HotSpot(TM) 64-Bit Server VM (25.20-b23) for windows-amd64 JRE (1.8.0_20-b26), built on Jul 30 2014 13:51:23 by "java_re" with MS VC++ 10.0 (VS2010)

time: Fri Jan 20 12:46:51 2017
elapsed time: 42 seconds (0d 0h 0m 42s)

