#
# There is insufficient memory for the Java Runtime Environment to continue.
# Native memory allocation (malloc) failed to allocate 131088 bytes for Chunk::new
# Possible reasons:
#   The system is out of physical RAM or swap space
#   In 32 bit mode, the process size limit was hit
# Possible solutions:
#   Reduce memory load on the system
#   Increase physical memory or swap space
#   Check if swap backing store is full
#   Use 64 bit Java on a 64 bit OS
#   Decrease Java heap size (-Xmx/-Xms)
#   Decrease number of Java threads
#   Decrease Java thread stack sizes (-Xss)
#   Set larger code cache with -XX:ReservedCodeCacheSize=
# This output file may be truncated or incomplete.
#
#  Out of Memory Error (allocation.cpp:390), pid=2736, tid=12316
#
# JRE version: Java(TM) SE Runtime Environment (8.0_20-b26) (build 1.8.0_20-b26)
# Java VM: Java HotSpot(TM) 64-Bit Server VM (25.20-b23 mixed mode windows-amd64 )
# Failed to write core dump. Minidumps are not enabled by default on client versions of Windows
#

---------------  T H R E A D  ---------------

Current thread (0x0000000001f3f000):  JavaThread "C2 CompilerThread0" daemon [_thread_in_native, id=12316, stack(0x0000000024fa0000,0x00000000250a0000)]

Stack: [0x0000000024fa0000,0x00000000250a0000]
Native frames: (J=compiled Java code, j=interpreted, Vv=VM code, C=native code)
V  [jvm.dll+0x3152fa]
V  [jvm.dll+0x265d03]
V  [jvm.dll+0x266943]
V  [jvm.dll+0x25e265]
V  [jvm.dll+0xbe255]
V  [jvm.dll+0xbe6fc]
V  [jvm.dll+0xbe9a4]
V  [jvm.dll+0x4e4e30]
V  [jvm.dll+0x4a693e]
V  [jvm.dll+0x4a7d43]
V  [jvm.dll+0x4a8011]
V  [jvm.dll+0x4a86f0]
V  [jvm.dll+0x4a88ef]
V  [jvm.dll+0x4a8903]
V  [jvm.dll+0x4a8903]
V  [jvm.dll+0x4a8903]
V  [jvm.dll+0x4a8903]
V  [jvm.dll+0x4a8903]
V  [jvm.dll+0x4a8903]
V  [jvm.dll+0x4a8903]
V  [jvm.dll+0x4a8903]
V  [jvm.dll+0x4a8903]
V  [jvm.dll+0x4a8903]
V  [jvm.dll+0x4a8903]
V  [jvm.dll+0x4a8903]
V  [jvm.dll+0x4a8903]
V  [jvm.dll+0x4a8903]
V  [jvm.dll+0x4a8903]
V  [jvm.dll+0x4a8903]
V  [jvm.dll+0x4a8903]
V  [jvm.dll+0x4a8903]
V  [jvm.dll+0x49dcc1]
V  [jvm.dll+0x451438]
V  [jvm.dll+0x452634]
V  [jvm.dll+0x435fc2]
V  [jvm.dll+0x97b62]
V  [jvm.dll+0x98353]
V  [jvm.dll+0x22aac4]
V  [jvm.dll+0x283f5a]
C  [msvcr100.dll+0x21d9f]
C  [msvcr100.dll+0x21e3b]
C  [KERNEL32.DLL+0x8364]
C  [ntdll.dll+0x65e91]


Current CompileTask:
C2:  27302 2011       4       com.android.dx.rop.code.Rops::ropFor (771 bytes)


---------------  P R O C E S S  ---------------

Java Threads: ( => current thread )
  0x0000000025c1e000 JavaThread "pool-2-thread-4" [_thread_in_vm, id=7284, stack(0x0000000027470000,0x0000000027570000)]
  0x0000000025ad9800 JavaThread "pool-2-thread-3" [_thread_in_Java, id=2348, stack(0x0000000027370000,0x0000000027470000)]
  0x0000000025ad9000 JavaThread "pool-2-thread-2" [_thread_in_Java, id=7968, stack(0x0000000027270000,0x0000000027370000)]
  0x000000002569e800 JavaThread "pool-3-thread-1" [_thread_blocked, id=10508, stack(0x0000000027170000,0x0000000027270000)]
  0x000000002569b800 JavaThread "pool-2-thread-1" [_thread_in_Java, id=1684, stack(0x0000000027070000,0x0000000027170000)]
  0x0000000001f9d800 JavaThread "Service Thread" daemon [_thread_blocked, id=11392, stack(0x00000000256a0000,0x00000000257a0000)]
  0x0000000001f4a000 JavaThread "C1 CompilerThread2" daemon [_thread_blocked, id=10072, stack(0x00000000251a0000,0x00000000252a0000)]
  0x0000000001f41800 JavaThread "C2 CompilerThread1" daemon [_thread_in_native, id=12400, stack(0x00000000250a0000,0x00000000251a0000)]
=>0x0000000001f3f000 JavaThread "C2 CompilerThread0" daemon [_thread_in_native, id=12316, stack(0x0000000024fa0000,0x00000000250a0000)]
  0x0000000001f3d800 JavaThread "Attach Listener" daemon [_thread_blocked, id=13240, stack(0x0000000024ea0000,0x0000000024fa0000)]
  0x0000000001f3c800 JavaThread "Signal Dispatcher" daemon [_thread_blocked, id=11028, stack(0x0000000024da0000,0x0000000024ea0000)]
  0x0000000001576000 JavaThread "Finalizer" daemon [_thread_blocked, id=6704, stack(0x0000000024ca0000,0x0000000024da0000)]
  0x000000000156d000 JavaThread "Reference Handler" daemon [_thread_blocked, id=12852, stack(0x0000000024ba0000,0x0000000024ca0000)]
  0x0000000001482800 JavaThread "main" [_thread_in_Java, id=112, stack(0x0000000001340000,0x0000000001440000)]

Other Threads:
  0x0000000001f05800 VMThread [stack: 0x0000000024aa0000,0x0000000024ba0000] [id=4048]
  0x00000000252cd800 WatcherThread [stack: 0x00000000257a0000,0x00000000258a0000] [id=116]

VM state:not at safepoint (normal execution)

VM Mutex/Monitor currently owned by a thread: None

Heap:
 PSYoungGen      total 925184K, used 295031K [0x00000008d5580000, 0x0000000921700000, 0x0000000d00000000)
  eden space 697856K, 31% used [0x00000008d5580000,0x00000008e2cf5860,0x00000008fff00000)
  from space 227328K, 32% used [0x000000090f500000,0x0000000913da8780,0x000000091d300000)
  to   space 251904K, 0% used [0x00000008fff00000,0x00000008fff00000,0x000000090f500000)
 ParOldGen       total 892416K, used 600573K [0x0000000080000000, 0x00000000b6780000, 0x00000008d5580000)
  object space 892416K, 67% used [0x0000000080000000,0x00000000a4a7f400,0x00000000b6780000)
 Metaspace       used 6589K, capacity 6920K, committed 7168K, reserved 8192K

Card table byte_map: [0x0000000012400000,0x0000000018810000] byte_map_base: 0x0000000012000000

Marking Bits: (ParMarkBitMap*) 0x000000005196b460
 Begin Bits: [0x0000000d00000000, 0x0000000d32000000)
 End Bits:   [0x0000000d32000000, 0x0000000d64000000)

Polling page: 0x0000000000fa0000

CodeCache: size=245760Kb used=10504Kb max_used=11825Kb free=235255Kb
 bounds [0x0000000003400000, 0x0000000003fb0000, 0x0000000012400000]
 total_blobs=2418 nmethods=2152 adapters=179
 compilation: enabled

Compilation events (10 events):
Event: 27.050 Thread 0x0000000001f3f000 nmethod 2284 0x0000000003556890 code [0x0000000003556a20, 0x0000000003557008]
Event: 27.050 Thread 0x0000000001f3f000 1898       4       com.android.dx.rop.code.Insn::getLocalAssignment (48 bytes)
Event: 27.052 Thread 0x0000000001f3f000 nmethod 1898 0x000000000351e510 code [0x000000000351e660, 0x000000000351e758]
Event: 27.052 Thread 0x0000000001f3f000 2440       4       com.android.dx.util.BitIntSet::iterator (9 bytes)
Event: 27.057 Thread 0x0000000001f3f000 nmethod 2440 0x00000000036ffc90 code [0x00000000036ffde0, 0x0000000003700018]
Event: 27.057 Thread 0x0000000001f3f000 1970       4       com.android.dx.rop.code.SourcePosition::<init> (50 bytes)
Event: 27.058 Thread 0x0000000001f3f000 nmethod 1970 0x0000000003eb7690 code [0x0000000003eb77c0, 0x0000000003eb7858]
Event: 27.058 Thread 0x0000000001f3f000 2011       4       com.android.dx.rop.code.Rops::ropFor (771 bytes)
Event: 27.192 Thread 0x0000000001f4a000 2635 %     2       com.android.dx.ssa.DomFront::run @ 170 (264 bytes)
Event: 27.207 Thread 0x0000000001f4a000 nmethod 2635% 0x000000000372b250 code [0x000000000372b5e0, 0x000000000372cc78]

GC Heap History (10 events):
Event: 16.223 GC heap before
{Heap before GC invocations=16 (full 2):
 PSYoungGen      total 638464K, used 638443K [0x00000008d5580000, 0x0000000910900000, 0x0000000d00000000)
  eden space 501760K, 100% used [0x00000008d5580000,0x00000008f3f80000,0x00000008f3f80000)
  from space 136704K, 99% used [0x00000008f3f80000,0x00000008fc4fad88,0x00000008fc500000)
  to   space 180736K, 0% used [0x0000000905880000,0x0000000905880000,0x0000000910900000)
 ParOldGen       total 370176K, used 291630K [0x0000000080000000, 0x0000000096980000, 0x00000008d5580000)
  object space 370176K, 78% used [0x0000000080000000,0x0000000091ccba28,0x0000000096980000)
 Metaspace       used 6579K, capacity 6856K, committed 6912K, reserved 8192K
Event: 16.526 GC heap after
Heap after GC invocations=16 (full 2):
 PSYoungGen      total 778240K, used 125519K [0x00000008d5580000, 0x0000000912880000, 0x0000000d00000000)
  eden space 597504K, 0% used [0x00000008d5580000,0x00000008d5580000,0x00000008f9d00000)
  from space 180736K, 69% used [0x0000000905880000,0x000000090d313e90,0x0000000910900000)
  to   space 192000K, 0% used [0x00000008f9d00000,0x00000008f9d00000,0x0000000905880000)
 ParOldGen       total 381440K, used 381212K [0x0000000080000000, 0x0000000097480000, 0x00000008d5580000)
  object space 381440K, 99% used [0x0000000080000000,0x0000000097447338,0x0000000097480000)
 Metaspace       used 6579K, capacity 6856K, committed 6912K, reserved 8192K
}
Event: 16.526 GC heap before
{Heap before GC invocations=17 (full 3):
 PSYoungGen      total 778240K, used 125519K [0x00000008d5580000, 0x0000000912880000, 0x0000000d00000000)
  eden space 597504K, 0% used [0x00000008d5580000,0x00000008d5580000,0x00000008f9d00000)
  from space 180736K, 69% used [0x0000000905880000,0x000000090d313e90,0x0000000910900000)
  to   space 192000K, 0% used [0x00000008f9d00000,0x00000008f9d00000,0x0000000905880000)
 ParOldGen       total 381440K, used 381212K [0x0000000080000000, 0x0000000097480000, 0x00000008d5580000)
  object space 381440K, 99% used [0x0000000080000000,0x0000000097447338,0x0000000097480000)
 Metaspace       used 6579K, capacity 6856K, committed 6912K, reserved 8192K
Event: 18.757 GC heap after
Heap after GC invocations=17 (full 3):
 PSYoungGen      total 778240K, used 108374K [0x00000008d5580000, 0x0000000912880000, 0x0000000d00000000)
  eden space 597504K, 0% used [0x00000008d5580000,0x00000008d5580000,0x00000008f9d00000)
  from space 180736K, 59% used [0x0000000905880000,0x000000090c255ba8,0x0000000910900000)
  to   space 192000K, 0% used [0x00000008f9d00000,0x00000008f9d00000,0x0000000905880000)
 ParOldGen       total 600576K, used 381300K [0x0000000080000000, 0x00000000a4a80000, 0x00000008d5580000)
  object space 600576K, 63% used [0x0000000080000000,0x000000009745d360,0x00000000a4a80000)
 Metaspace       used 6579K, capacity 6856K, committed 6912K, reserved 8192K
}
Event: 20.793 GC heap before
{Heap before GC invocations=18 (full 3):
 PSYoungGen      total 778240K, used 705878K [0x00000008d5580000, 0x0000000912880000, 0x0000000d00000000)
  eden space 597504K, 100% used [0x00000008d5580000,0x00000008f9d00000,0x00000008f9d00000)
  from space 180736K, 59% used [0x0000000905880000,0x000000090c255ba8,0x0000000910900000)
  to   space 192000K, 0% used [0x00000008f9d00000,0x00000008f9d00000,0x0000000905880000)
 ParOldGen       total 600576K, used 381300K [0x0000000080000000, 0x00000000a4a80000, 0x00000008d5580000)
  object space 600576K, 63% used [0x0000000080000000,0x000000009745d360,0x00000000a4a80000)
 Metaspace       used 6580K, capacity 6856K, committed 6912K, reserved 8192K
Event: 21.215 GC heap after
Heap after GC invocations=18 (full 3):
 PSYoungGen      total 789504K, used 191972K [0x00000008d5580000, 0x000000091d300000, 0x0000000d00000000)
  eden space 597504K, 0% used [0x00000008d5580000,0x00000008d5580000,0x00000008f9d00000)
  from space 192000K, 99% used [0x00000008f9d00000,0x0000000905879248,0x0000000905880000)
  to   space 227328K, 0% used [0x000000090f500000,0x000000090f500000,0x000000091d300000)
 ParOldGen       total 600576K, used 388411K [0x0000000080000000, 0x00000000a4a80000, 0x00000008d5580000)
  object space 600576K, 64% used [0x0000000080000000,0x0000000097b4ee58,0x00000000a4a80000)
 Metaspace       used 6580K, capacity 6856K, committed 6912K, reserved 8192K
}
Event: 22.936 GC heap before
{Heap before GC invocations=19 (full 3):
 PSYoungGen      total 789504K, used 789476K [0x00000008d5580000, 0x000000091d300000, 0x0000000d00000000)
  eden space 597504K, 100% used [0x00000008d5580000,0x00000008f9d00000,0x00000008f9d00000)
  from space 192000K, 99% used [0x00000008f9d00000,0x0000000905879248,0x0000000905880000)
  to   space 227328K, 0% used [0x000000090f500000,0x000000090f500000,0x000000091d300000)
 ParOldGen       total 600576K, used 388411K [0x0000000080000000, 0x00000000a4a80000, 0x00000008d5580000)
  object space 600576K, 64% used [0x0000000080000000,0x0000000097b4ee58,0x00000000a4a80000)
 Metaspace       used 6583K, capacity 6920K, committed 7168K, reserved 8192K
Event: 23.405 GC heap after
Heap after GC invocations=19 (full 3):
 PSYoungGen      total 925184K, used 187596K [0x00000008d5580000, 0x0000000921700000, 0x0000000d00000000)
  eden space 697856K, 0% used [0x00000008d5580000,0x00000008d5580000,0x00000008fff00000)
  from space 227328K, 82% used [0x000000090f500000,0x000000091ac333d0,0x000000091d300000)
  to   space 251904K, 0% used [0x00000008fff00000,0x00000008fff00000,0x000000090f500000)
 ParOldGen       total 600576K, used 492682K [0x0000000080000000, 0x00000000a4a80000, 0x00000008d5580000)
  object space 600576K, 82% used [0x0000000080000000,0x000000009e122aa0,0x00000000a4a80000)
 Metaspace       used 6583K, capacity 6920K, committed 7168K, reserved 8192K
}
Event: 23.406 GC heap before
{Heap before GC invocations=20 (full 4):
 PSYoungGen      total 925184K, used 187596K [0x00000008d5580000, 0x0000000921700000, 0x0000000d00000000)
  eden space 697856K, 0% used [0x00000008d5580000,0x00000008d5580000,0x00000008fff00000)
  from space 227328K, 82% used [0x000000090f500000,0x000000091ac333d0,0x000000091d300000)
  to   space 251904K, 0% used [0x00000008fff00000,0x00000008fff00000,0x000000090f500000)
 ParOldGen       total 600576K, used 492682K [0x0000000080000000, 0x00000000a4a80000, 0x00000008d5580000)
  object space 600576K, 82% used [0x0000000080000000,0x000000009e122aa0,0x00000000a4a80000)
 Metaspace       used 6583K, capacity 6920K, committed 7168K, reserved 8192K
Event: 26.548 GC heap after
Heap after GC invocations=20 (full 4):
 PSYoungGen      total 925184K, used 74401K [0x00000008d5580000, 0x0000000921700000, 0x0000000d00000000)
  eden space 697856K, 0% used [0x00000008d5580000,0x00000008d5580000,0x00000008fff00000)
  from space 227328K, 32% used [0x000000090f500000,0x0000000913da8780,0x000000091d300000)
  to   space 251904K, 0% used [0x00000008fff00000,0x00000008fff00000,0x000000090f500000)
 ParOldGen       total 892416K, used 600573K [0x0000000080000000, 0x00000000b6780000, 0x00000008d5580000)
  object space 892416K, 67% used [0x0000000080000000,0x00000000a4a7f400,0x00000000b6780000)
 Metaspace       used 6583K, capacity 6920K, committed 7168K, reserved 8192K
}

Deoptimization events (10 events):
Event: 11.064 Thread 0x0000000025ad9800 Uncommon trap: reason=bimorphic action=maybe_recompile pc=0x0000000003e20c9c method=com.android.dx.cf.code.BytecodeArray.parseInstruction(ILcom/android/dx/cf/code/BytecodeArray$Visitor;)I @ 1549
Event: 11.064 Thread 0x0000000025ad9800 Uncommon trap: reason=bimorphic action=maybe_recompile pc=0x0000000003e20c9c method=com.android.dx.cf.code.BytecodeArray.parseInstruction(ILcom/android/dx/cf/code/BytecodeArray$Visitor;)I @ 1549
Event: 12.542 Thread 0x0000000025c1e000 Uncommon trap: reason=bimorphic action=maybe_recompile pc=0x0000000003e64de0 method=com.android.dx.cf.code.BytecodeArray.parseInstruction(ILcom/android/dx/cf/code/BytecodeArray$Visitor;)I @ 1161
Event: 12.542 Thread 0x0000000025c1e000 Uncommon trap: reason=bimorphic action=maybe_recompile pc=0x0000000003e64de0 method=com.android.dx.cf.code.BytecodeArray.parseInstruction(ILcom/android/dx/cf/code/BytecodeArray$Visitor;)I @ 1161
Event: 12.659 Thread 0x0000000025ad9800 Uncommon trap: reason=unreached action=reinterpret pc=0x0000000003e98058 method=com.android.dx.ssa.back.SsaToRop.convertBasicBlocks()Lcom/android/dx/rop/code/BasicBlockList; @ 33
Event: 15.201 Thread 0x000000002569b800 Uncommon trap: reason=bimorphic action=maybe_recompile pc=0x0000000003ec3260 method=com.android.dx.cf.code.BytecodeArray.parseInstruction(ILcom/android/dx/cf/code/BytecodeArray$Visitor;)I @ 1051
Event: 15.202 Thread 0x000000002569b800 Uncommon trap: reason=bimorphic action=maybe_recompile pc=0x0000000003ec3260 method=com.android.dx.cf.code.BytecodeArray.parseInstruction(ILcom/android/dx/cf/code/BytecodeArray$Visitor;)I @ 1051
Event: 19.297 Thread 0x0000000001482800 Uncommon trap: reason=bimorphic action=maybe_recompile pc=0x0000000003f610a4 method=com.android.dx.cf.code.BytecodeArray.parseInstruction(ILcom/android/dx/cf/code/BytecodeArray$Visitor;)I @ 2554
Event: 19.298 Thread 0x0000000001482800 Uncommon trap: reason=bimorphic action=maybe_recompile pc=0x0000000003f610a4 method=com.android.dx.cf.code.BytecodeArray.parseInstruction(ILcom/android/dx/cf/code/BytecodeArray$Visitor;)I @ 2554
Event: 27.182 Thread 0x0000000025ad9800 Uncommon trap: reason=predicate action=maybe_recompile pc=0x0000000003f0e660 method=com.android.dx.ssa.DomFront.run()[Lcom/android/dx/ssa/DomFront$DomInfo; @ 175

Internal exceptions (10 events):
Event: 1.593 Thread 0x000000002569b800 Implicit null exception at 0x00000000039ae0a8 to 0x00000000039ae38d
Event: 1.653 Thread 0x0000000001482800 Exception <a 'java/security/PrivilegedActionException'> (0x00000008d8c9ac18) thrown at [D:\re\workspace\8-2-build-windows-amd64-cygwin\jdk8u20\1074\hotspot\src\share\vm\prims\jvm.cpp, line 1275]
Event: 1.812 Thread 0x0000000025ad9000 Exception <a 'java/lang/ArrayIndexOutOfBoundsException': 18> (0x00000008dbd04980) thrown at [D:\re\workspace\8-2-build-windows-amd64-cygwin\jdk8u20\1074\hotspot\src\share\vm\interpreter\interpreterRuntime.cpp, line 366]
Event: 1.812 Thread 0x0000000025ad9000 Exception <a 'java/lang/ArrayIndexOutOfBoundsException': 145> (0x00000008dbd06ce0) thrown at [D:\re\workspace\8-2-build-windows-amd64-cygwin\jdk8u20\1074\hotspot\src\share\vm\interpreter\interpreterRuntime.cpp, line 366]
Event: 1.814 Thread 0x0000000025ad9000 Exception <a 'java/lang/ArrayIndexOutOfBoundsException'> (0x00000008dbd08528) thrown at [D:\re\workspace\8-2-build-windows-amd64-cygwin\jdk8u20\1074\hotspot\src\share\vm\runtime\sharedRuntime.cpp, line 604]
Event: 2.841 Thread 0x000000002569b800 Exception <a 'java/security/PrivilegedActionException'> (0x00000008d9013a10) thrown at [D:\re\workspace\8-2-build-windows-amd64-cygwin\jdk8u20\1074\hotspot\src\share\vm\prims\jvm.cpp, line 1275]
Event: 10.513 Thread 0x0000000001482800 Exception <a 'java/security/PrivilegedActionException'> (0x00000008e764cc68) thrown at [D:\re\workspace\8-2-build-windows-amd64-cygwin\jdk8u20\1074\hotspot\src\share\vm\prims\jvm.cpp, line 1275]
Event: 10.517 Thread 0x0000000001482800 Implicit null exception at 0x00000000035bb6f4 to 0x00000000035bd45d
Event: 12.659 Thread 0x0000000025ad9800 Implicit null exception at 0x0000000003e95131 to 0x0000000003e98035
Event: 27.184 Thread 0x0000000025ad9800 Exception <a 'java/security/PrivilegedActionException'> (0x00000008e0c0b018) thrown at [D:\re\workspace\8-2-build-windows-amd64-cygwin\jdk8u20\1074\hotspot\src\share\vm\prims\jvm.cpp, line 1275]

Events (10 events):
Event: 22.183 Thread 0x0000000025ad9800 DEOPT UNPACKING pc=0x00000000034475bf sp=0x000000002746e688 mode 0
Event: 22.934 Executing VM operation: ParallelGCFailedAllocation
Event: 26.549 Executing VM operation: ParallelGCFailedAllocation done
Event: 27.182 Thread 0x0000000025ad9800 Uncommon trap: trap_request=0xffffff86 fr.pc=0x0000000003f0e660
Event: 27.182 Thread 0x0000000025ad9800 DEOPT PACKING pc=0x0000000003f0e660 sp=0x000000002746eab0
Event: 27.182 Thread 0x0000000025ad9800 DEOPT UNPACKING pc=0x000000000344556a sp=0x000000002746ea88 mode 2
Event: 27.183 loading class com/android/dx/util/ListIntSet
Event: 27.183 loading class com/android/dx/util/ListIntSet done
Event: 27.186 Executing VM operation: Deoptimize
Event: 27.190 Executing VM operation: Deoptimize done


Dynamic libraries:
0x00007ff63a9b0000 - 0x00007ff63a9e4000 	C:\Program Files\Java\jdk1.8.0_20\bin\java.exe
0x00007ff8b1230000 - 0x00007ff8b1401000 	C:\WINDOWS\SYSTEM32\ntdll.dll
0x00007ff8b02d0000 - 0x00007ff8b037b000 	C:\WINDOWS\System32\KERNEL32.DLL
0x00007ff8add70000 - 0x00007ff8adf8d000 	C:\WINDOWS\System32\KERNELBASE.dll
0x00007ff8aec10000 - 0x00007ff8aecb2000 	C:\WINDOWS\System32\ADVAPI32.dll
0x00007ff8aea90000 - 0x00007ff8aeb2e000 	C:\WINDOWS\System32\msvcrt.dll
0x00007ff8b0f30000 - 0x00007ff8b0f89000 	C:\WINDOWS\System32\sechost.dll
0x00007ff8b0be0000 - 0x00007ff8b0d01000 	C:\WINDOWS\System32\RPCRT4.dll
0x00007ff8b0f90000 - 0x00007ff8b10f5000 	C:\WINDOWS\System32\USER32.dll
0x00007ff8ad8b0000 - 0x00007ff8ad8ce000 	C:\WINDOWS\System32\win32u.dll
0x00007ff8b01d0000 - 0x00007ff8b0204000 	C:\WINDOWS\System32\GDI32.dll
0x00007ff8ad720000 - 0x00007ff8ad8a2000 	C:\WINDOWS\System32\gdi32full.dll
0x00007ff8a7aa0000 - 0x00007ff8a7d1a000 	C:\WINDOWS\WinSxS\amd64_microsoft.windows.common-controls_6595b64144ccf1df_6.0.14393.351_none_4213128bc687e6d3\COMCTL32.dll
0x00007ff8b07b0000 - 0x00007ff8b0a77000 	C:\WINDOWS\System32\combase.dll
0x00007ff8ad940000 - 0x00007ff8ada35000 	C:\WINDOWS\System32\ucrtbase.dll
0x00007ff8ad8d0000 - 0x00007ff8ad93a000 	C:\WINDOWS\System32\bcryptPrimitives.dll
0x00007ff8ae820000 - 0x00007ff8ae84e000 	C:\WINDOWS\System32\IMM32.DLL
0x00000000519f0000 - 0x0000000051ac2000 	C:\Program Files\Java\jdk1.8.0_20\jre\bin\msvcr100.dll
0x0000000051190000 - 0x00000000519e8000 	C:\Program Files\Java\jdk1.8.0_20\jre\bin\server\jvm.dll
0x00007ff8aeb30000 - 0x00007ff8aeb38000 	C:\WINDOWS\System32\PSAPI.DLL
0x00007ff8ab450000 - 0x00007ff8ab473000 	C:\WINDOWS\SYSTEM32\WINMM.dll
0x00007ff8a2d60000 - 0x00007ff8a2d69000 	C:\WINDOWS\SYSTEM32\WSOCK32.dll
0x00007ff8b11c0000 - 0x00007ff8b122a000 	C:\WINDOWS\System32\WS2_32.dll
0x0000000000f70000 - 0x0000000000f9b000 	C:\WINDOWS\SYSTEM32\WINMMBASE.dll
0x00007ff8ae770000 - 0x00007ff8ae7b2000 	C:\WINDOWS\System32\cfgmgr32.dll
0x0000000052c40000 - 0x0000000052c4f000 	C:\Program Files\Java\jdk1.8.0_20\jre\bin\verify.dll
0x0000000052c10000 - 0x0000000052c38000 	C:\Program Files\Java\jdk1.8.0_20\jre\bin\java.dll
0x0000000052bf0000 - 0x0000000052c06000 	C:\Program Files\Java\jdk1.8.0_20\jre\bin\zip.dll
0x00007ff8aecc0000 - 0x00007ff8b01c9000 	C:\WINDOWS\System32\SHELL32.dll
0x00007ff8ae090000 - 0x00007ff8ae76a000 	C:\WINDOWS\System32\windows.storage.dll
0x00007ff8ad6c0000 - 0x00007ff8ad70c000 	C:\WINDOWS\System32\powrprof.dll
0x00007ff8aebb0000 - 0x00007ff8aec02000 	C:\WINDOWS\System32\shlwapi.dll
0x00007ff8ad710000 - 0x00007ff8ad71f000 	C:\WINDOWS\System32\kernel.appcore.dll
0x00007ff8ada40000 - 0x00007ff8adae9000 	C:\WINDOWS\System32\shcore.dll
0x00007ff8ad6a0000 - 0x00007ff8ad6b4000 	C:\WINDOWS\System32\profapi.dll
0x00007ff89e170000 - 0x00007ff89e302000 	C:\WINDOWS\SYSTEM32\dbghelp.dll

VM Arguments:
jvm_args: -Djava.awt.headless=true -Xmx50g -Dfile.encoding=windows-1251 -Duser.country=RU -Duser.language=ru -Duser.variant 
java_command: com.android.dx.command.Main --dex --num-threads=4 --multi-dex --main-dex-list C:\Users\User\Documents\GitHub\iCRM\iCRM\app\build\intermediates\multi-dex\debug\maindexlist.txt --output C:\Users\User\Documents\GitHub\iCRM\iCRM\app\build\intermediates\transforms\dex\debug\folders\1000\1f\main C:\Users\User\Documents\GitHub\iCRM\iCRM\app\build\intermediates\transforms\jarMerging\debug\jars\1\1f\combined.jar
java_class_path (initial): C:\Users\User\AppData\Local\Android\sdk\build-tools\23.0.3\lib\dx.jar
Launcher Type: SUN_STANDARD

Environment Variables:
PATH=C:\ProgramData\Oracle\Java\javapath;C:\Program Files\Broadcom\Broadcom 802.11 Network Adapter;C:\Program Files (x86)\NVIDIA Corporation\PhysX\Common;C:\Program Files (x86)\Intel\iCLS Client\;C:\Program Files\Intel\iCLS Client\;C:\Windows\system32;C:\Windows;C:\Windows\System32\Wbem;C:\Windows\System32\WindowsPowerShell\v1.0\;C:\Program Files\Intel\Intel(R) Management Engine Components\DAL;C:\Program Files\Intel\Intel(R) Management Engine Components\IPT;C:\Program Files (x86)\Intel\Intel(R) Management Engine Components\DAL;C:\Program Files (x86)\Intel\Intel(R) Management Engine Components\IPT;C:\Program Files\WIDCOMM\Bluetooth Software\;C:\Program Files\WIDCOMM\Bluetooth Software\syswow64;C:\Program Files\Acer\Remote Files\;C:\Program Files (x86)\Skype\Phone\;C:\Program Files\OpenVPN\bin;C:\WINDOWS\system32;C:\WINDOWS;C:\WINDOWS\System32\Wbem;C:\WINDOWS\System32\WindowsPowerShell\v1.0\;C:\Users\User\AppData\Local\Microsoft\WindowsApps;
USERNAME=User
OS=Windows_NT
PROCESSOR_IDENTIFIER=Intel64 Family 6 Model 69 Stepping 1, GenuineIntel



---------------  S Y S T E M  ---------------

OS: Windows 8.1 , 64 bit Build 9600 

CPU:total 4 (2 cores per cpu, 2 threads per core) family 6 model 69 stepping 1, cmov, cx8, fxsr, mmx, sse, sse2, sse3, ssse3, sse4.1, sse4.2, popcnt, avx, avx2, aes, clmul, erms, lzcnt, ht, tsc, tscinvbit, bmi1, bmi2

Memory: 4k page, physical 8310040k(1092852k free), swap 12406040k(3568k free)

vm_info: Java HotSpot(TM) 64-Bit Server VM (25.20-b23) for windows-amd64 JRE (1.8.0_20-b26), built on Jul 30 2014 13:51:23 by "java_re" with MS VC++ 10.0 (VS2010)

time: Sat Nov 05 00:03:56 2016
elapsed time: 27 seconds (0d 0h 0m 27s)

