#
# There is insufficient memory for the Java Runtime Environment to continue.
# Native memory allocation (malloc) failed to allocate 1049616 bytes for Chunk::new
# Possible reasons:
#   The system is out of physical RAM or swap space
#   In 32 bit mode, the process size limit was hit
# Possible solutions:
#   Reduce memory load on the system
#   Increase physical memory or swap space
#   Check if swap backing store is full
#   Use 64 bit Java on a 64 bit OS
#   Decrease Java heap size (-Xmx/-Xms)
#   Decrease number of Java threads
#   Decrease Java thread stack sizes (-Xss)
#   Set larger code cache with -XX:ReservedCodeCacheSize=
# This output file may be truncated or incomplete.
#
#  Out of Memory Error (allocation.cpp:390), pid=8664, tid=1596
#
# JRE version: Java(TM) SE Runtime Environment (8.0_20-b26) (build 1.8.0_20-b26)
# Java VM: Java HotSpot(TM) 64-Bit Server VM (25.20-b23 mixed mode windows-amd64 )
# Failed to write core dump. Minidumps are not enabled by default on client versions of Windows
#

---------------  T H R E A D  ---------------

Current thread (0x0000000001e2e800):  JavaThread "C2 CompilerThread1" daemon [_thread_in_native, id=1596, stack(0x0000000024f90000,0x0000000025090000)]

Stack: [0x0000000024f90000,0x0000000025090000]
Native frames: (J=compiled Java code, j=interpreted, Vv=VM code, C=native code)
V  [jvm.dll+0x3152fa]
V  [jvm.dll+0x265d03]
V  [jvm.dll+0x266943]
V  [jvm.dll+0x25e265]
V  [jvm.dll+0xbe255]
V  [jvm.dll+0xbe6fc]
V  [jvm.dll+0x45c472]
V  [jvm.dll+0x49d76f]
V  [jvm.dll+0x451911]
V  [jvm.dll+0x452634]
V  [jvm.dll+0x435fc2]
V  [jvm.dll+0x97b62]
V  [jvm.dll+0x98353]
V  [jvm.dll+0x22aac4]
V  [jvm.dll+0x283f5a]
C  [msvcr100.dll+0x21d9f]
C  [msvcr100.dll+0x21e3b]
C  [KERNEL32.DLL+0x8364]
C  [ntdll.dll+0x65e91]


Current CompileTask:
C2:  62795 3326       4       com.android.dx.ssa.back.FirstFitLocalCombiningAllocator::findRangeAndAdjust (311 bytes)


---------------  P R O C E S S  ---------------

Java Threads: ( => current thread )
  0x0000000025b97000 JavaThread "pool-1-thread-2" [_thread_in_Java, id=3588, stack(0x0000000028580000,0x0000000028680000)]
  0x00000000269eb800 JavaThread "pool-1-thread-1" [_thread_in_Java, id=12912, stack(0x0000000027460000,0x0000000027560000)]
  0x0000000001e8e000 JavaThread "Service Thread" daemon [_thread_blocked, id=8024, stack(0x0000000025590000,0x0000000025690000)]
  0x0000000001e35000 JavaThread "C1 CompilerThread2" daemon [_thread_blocked, id=5200, stack(0x0000000025090000,0x0000000025190000)]
=>0x0000000001e2e800 JavaThread "C2 CompilerThread1" daemon [_thread_in_native, id=1596, stack(0x0000000024f90000,0x0000000025090000)]
  0x0000000001e2c000 JavaThread "C2 CompilerThread0" daemon [_thread_in_native, id=2468, stack(0x0000000024e90000,0x0000000024f90000)]
  0x0000000001e2a800 JavaThread "Attach Listener" daemon [_thread_blocked, id=8040, stack(0x0000000024d90000,0x0000000024e90000)]
  0x0000000001e29800 JavaThread "Signal Dispatcher" daemon [_thread_blocked, id=8336, stack(0x0000000024c90000,0x0000000024d90000)]
  0x00000000013d6000 JavaThread "Finalizer" daemon [_thread_blocked, id=13476, stack(0x0000000024b90000,0x0000000024c90000)]
  0x00000000013cd000 JavaThread "Reference Handler" daemon [_thread_blocked, id=1896, stack(0x0000000024a90000,0x0000000024b90000)]
  0x00000000012e2800 JavaThread "main" [_thread_blocked, id=7832, stack(0x0000000001110000,0x0000000001210000)]

Other Threads:
  0x0000000001df5800 VMThread [stack: 0x0000000024990000,0x0000000024a90000] [id=5916]
  0x00000000251b6800 WatcherThread [stack: 0x0000000025690000,0x0000000025790000] [id=6108]

VM state:not at safepoint (normal execution)

VM Mutex/Monitor currently owned by a thread: None

Heap:
 PSYoungGen      total 967680K, used 537462K [0x00000008d5580000, 0x0000000929800000, 0x0000000d00000000)
  eden space 700416K, 76% used [0x00000008d5580000,0x00000008f625d820,0x0000000900180000)
  from space 267264K, 0% used [0x0000000913400000,0x0000000913400000,0x0000000923900000)
  to   space 313856K, 0% used [0x0000000900180000,0x0000000900180000,0x0000000913400000)
 ParOldGen       total 900608K, used 900127K [0x0000000080000000, 0x00000000b6f80000, 0x00000008d5580000)
  object space 900608K, 99% used [0x0000000080000000,0x00000000b6f07e28,0x00000000b6f80000)
 Metaspace       used 6769K, capacity 7048K, committed 7168K, reserved 8192K

Card table byte_map: [0x0000000012400000,0x0000000018810000] byte_map_base: 0x0000000012000000

Marking Bits: (ParMarkBitMap*) 0x000000005401b460
 Begin Bits: [0x0000000d00000000, 0x0000000d32000000)
 End Bits:   [0x0000000d32000000, 0x0000000d64000000)

Polling page: 0x00000000009b0000

CodeCache: size=245760Kb used=12653Kb max_used=14025Kb free=233106Kb
 bounds [0x0000000003400000, 0x00000000041e0000, 0x0000000012400000]
 total_blobs=2885 nmethods=2619 adapters=179
 compilation: enabled

Compilation events (10 events):
Event: 62.411 Thread 0x0000000001e35000 3329       3       java.util.concurrent.FutureTask::get (23 bytes)
Event: 62.411 Thread 0x0000000001e35000 nmethod 3329 0x0000000003667990 code [0x0000000003667b00, 0x0000000003667d18]
Event: 62.474 Thread 0x0000000001e35000 3332       3       com.android.dx.rop.cst.CstKnownNull::compareTo0 (2 bytes)
Event: 62.474 Thread 0x0000000001e35000 nmethod 3332 0x0000000003d74f90 code [0x0000000003d750e0, 0x0000000003d75230]
Event: 62.522 Thread 0x0000000001e2e800 nmethod 3324 0x0000000003b0ef50 code [0x0000000003b10600, 0x0000000003b17c88]
Event: 62.522 Thread 0x0000000001e2e800 3326       4       com.android.dx.ssa.back.FirstFitLocalCombiningAllocator::findRangeAndAdjust (311 bytes)
Event: 62.552 Thread 0x0000000001e35000 3336 %     3       com.android.dx.dex.file.MixedItemSection::prepare0 @ 23 (57 bytes)
Event: 62.553 Thread 0x0000000001e35000 nmethod 3336% 0x00000000038770d0 code [0x00000000038772c0, 0x0000000003877b28]
Event: 62.570 Thread 0x0000000001e35000 3337       3       com.android.dx.dex.file.MixedItemSection::prepare0 (57 bytes)
Event: 62.570 Thread 0x0000000001e35000 nmethod 3337 0x00000000036d6750 code [0x00000000036d6920, 0x00000000036d70e8]

GC Heap History (10 events):
Event: 37.558 GC heap before
{Heap before GC invocations=27 (full 7):
 PSYoungGen      total 967680K, used 700416K [0x00000008d5580000, 0x0000000929800000, 0x0000000d00000000)
  eden space 700416K, 100% used [0x00000008d5580000,0x0000000900180000,0x0000000900180000)
  from space 267264K, 0% used [0x0000000913400000,0x0000000913400000,0x0000000923900000)
  to   space 313856K, 0% used [0x0000000900180000,0x0000000900180000,0x0000000913400000)
 ParOldGen       total 900608K, used 900578K [0x0000000080000000, 0x00000000b6f80000, 0x00000008d5580000)
  object space 900608K, 99% used [0x0000000080000000,0x00000000b6f788e8,0x00000000b6f80000)
 Metaspace       used 6675K, capacity 6920K, committed 7168K, reserved 8192K
Event: 43.565 GC heap after
Heap after GC invocations=27 (full 7):
 PSYoungGen      total 967680K, used 276914K [0x00000008d5580000, 0x0000000929800000, 0x0000000d00000000)
  eden space 700416K, 39% used [0x00000008d5580000,0x00000008e63ec868,0x0000000900180000)
  from space 267264K, 0% used [0x0000000913400000,0x0000000913400000,0x0000000923900000)
  to   space 313856K, 0% used [0x0000000900180000,0x0000000900180000,0x0000000913400000)
 ParOldGen       total 900608K, used 900214K [0x0000000080000000, 0x00000000b6f80000, 0x00000008d5580000)
  object space 900608K, 99% used [0x0000000080000000,0x00000000b6f1d898,0x00000000b6f80000)
 Metaspace       used 6675K, capacity 6920K, committed 7168K, reserved 8192K
}
Event: 44.758 GC heap before
{Heap before GC invocations=28 (full 8):
 PSYoungGen      total 967680K, used 700416K [0x00000008d5580000, 0x0000000929800000, 0x0000000d00000000)
  eden space 700416K, 100% used [0x00000008d5580000,0x0000000900180000,0x0000000900180000)
  from space 267264K, 0% used [0x0000000913400000,0x0000000913400000,0x0000000923900000)
  to   space 313856K, 0% used [0x0000000900180000,0x0000000900180000,0x0000000913400000)
 ParOldGen       total 900608K, used 900214K [0x0000000080000000, 0x00000000b6f80000, 0x00000008d5580000)
  object space 900608K, 99% used [0x0000000080000000,0x00000000b6f1d898,0x00000000b6f80000)
 Metaspace       used 6717K, capacity 6984K, committed 7168K, reserved 8192K
Event: 50.977 GC heap after
Heap after GC invocations=28 (full 8):
 PSYoungGen      total 967680K, used 332829K [0x00000008d5580000, 0x0000000929800000, 0x0000000d00000000)
  eden space 700416K, 47% used [0x00000008d5580000,0x00000008e9a87428,0x0000000900180000)
  from space 267264K, 0% used [0x0000000913400000,0x0000000913400000,0x0000000923900000)
  to   space 313856K, 0% used [0x0000000900180000,0x0000000900180000,0x0000000913400000)
 ParOldGen       total 900608K, used 900121K [0x0000000080000000, 0x00000000b6f80000, 0x00000008d5580000)
  object space 900608K, 99% used [0x0000000080000000,0x00000000b6f06620,0x00000000b6f80000)
 Metaspace       used 6717K, capacity 6984K, committed 7168K, reserved 8192K
}
Event: 51.450 GC heap before
{Heap before GC invocations=29 (full 9):
 PSYoungGen      total 967680K, used 700416K [0x00000008d5580000, 0x0000000929800000, 0x0000000d00000000)
  eden space 700416K, 100% used [0x00000008d5580000,0x0000000900180000,0x0000000900180000)
  from space 267264K, 0% used [0x0000000913400000,0x0000000913400000,0x0000000923900000)
  to   space 313856K, 0% used [0x0000000900180000,0x0000000900180000,0x0000000913400000)
 ParOldGen       total 900608K, used 900121K [0x0000000080000000, 0x00000000b6f80000, 0x00000008d5580000)
  object space 900608K, 99% used [0x0000000080000000,0x00000000b6f06620,0x00000000b6f80000)
 Metaspace       used 6717K, capacity 6984K, committed 7168K, reserved 8192K
Event: 55.104 GC heap after
Heap after GC invocations=29 (full 9):
 PSYoungGen      total 967680K, used 389751K [0x00000008d5580000, 0x0000000929800000, 0x0000000d00000000)
  eden space 700416K, 55% used [0x00000008d5580000,0x00000008ed21dc50,0x0000000900180000)
  from space 267264K, 0% used [0x0000000913400000,0x0000000913400000,0x0000000923900000)
  to   space 313856K, 0% used [0x0000000900180000,0x0000000900180000,0x0000000913400000)
 ParOldGen       total 900608K, used 900557K [0x0000000080000000, 0x00000000b6f80000, 0x00000008d5580000)
  object space 900608K, 99% used [0x0000000080000000,0x00000000b6f737f8,0x00000000b6f80000)
 Metaspace       used 6717K, capacity 6984K, committed 7168K, reserved 8192K
}
Event: 55.480 GC heap before
{Heap before GC invocations=30 (full 10):
 PSYoungGen      total 967680K, used 700416K [0x00000008d5580000, 0x0000000929800000, 0x0000000d00000000)
  eden space 700416K, 100% used [0x00000008d5580000,0x0000000900180000,0x0000000900180000)
  from space 267264K, 0% used [0x0000000913400000,0x0000000913400000,0x0000000923900000)
  to   space 313856K, 0% used [0x0000000900180000,0x0000000900180000,0x0000000913400000)
 ParOldGen       total 900608K, used 900557K [0x0000000080000000, 0x00000000b6f80000, 0x00000008d5580000)
  object space 900608K, 99% used [0x0000000080000000,0x00000000b6f737f8,0x00000000b6f80000)
 Metaspace       used 6739K, capacity 6984K, committed 7168K, reserved 8192K
Event: 58.537 GC heap after
Heap after GC invocations=30 (full 10):
 PSYoungGen      total 967680K, used 437944K [0x00000008d5580000, 0x0000000929800000, 0x0000000d00000000)
  eden space 700416K, 62% used [0x00000008d5580000,0x00000008f012e0b8,0x0000000900180000)
  from space 267264K, 0% used [0x0000000913400000,0x0000000913400000,0x0000000923900000)
  to   space 313856K, 0% used [0x0000000900180000,0x0000000900180000,0x0000000913400000)
 ParOldGen       total 900608K, used 900553K [0x0000000080000000, 0x00000000b6f80000, 0x00000008d5580000)
  object space 900608K, 99% used [0x0000000080000000,0x00000000b6f725b0,0x00000000b6f80000)
 Metaspace       used 6739K, capacity 6984K, committed 7168K, reserved 8192K
}
Event: 59.273 GC heap before
{Heap before GC invocations=31 (full 11):
 PSYoungGen      total 967680K, used 700416K [0x00000008d5580000, 0x0000000929800000, 0x0000000d00000000)
  eden space 700416K, 100% used [0x00000008d5580000,0x0000000900180000,0x0000000900180000)
  from space 267264K, 0% used [0x0000000913400000,0x0000000913400000,0x0000000923900000)
  to   space 313856K, 0% used [0x0000000900180000,0x0000000900180000,0x0000000913400000)
 ParOldGen       total 900608K, used 900553K [0x0000000080000000, 0x00000000b6f80000, 0x00000008d5580000)
  object space 900608K, 99% used [0x0000000080000000,0x00000000b6f725b0,0x00000000b6f80000)
 Metaspace       used 6751K, capacity 6984K, committed 7168K, reserved 8192K
Event: 62.208 GC heap after
Heap after GC invocations=31 (full 11):
 PSYoungGen      total 967680K, used 464312K [0x00000008d5580000, 0x0000000929800000, 0x0000000d00000000)
  eden space 700416K, 66% used [0x00000008d5580000,0x00000008f1aee198,0x0000000900180000)
  from space 267264K, 0% used [0x0000000913400000,0x0000000913400000,0x0000000923900000)
  to   space 313856K, 0% used [0x0000000900180000,0x0000000900180000,0x0000000913400000)
 ParOldGen       total 900608K, used 900127K [0x0000000080000000, 0x00000000b6f80000, 0x00000008d5580000)
  object space 900608K, 99% used [0x0000000080000000,0x00000000b6f07e28,0x00000000b6f80000)
 Metaspace       used 6751K, capacity 6984K, committed 7168K, reserved 8192K
}

Deoptimization events (10 events):
Event: 55.416 Thread 0x0000000025e78800 Uncommon trap: reason=class_check action=maybe_recompile pc=0x00000000040f2b38 method=com.android.dx.rop.code.Insn.contentEquals(Lcom/android/dx/rop/code/Insn;)Z @ 65
Event: 55.425 Thread 0x0000000025b71800 Uncommon trap: reason=class_check action=maybe_recompile pc=0x0000000003d105c0 method=com.android.dx.cf.code.BaseMachine.storeResults(Lcom/android/dx/cf/code/Frame;)V @ 41
Event: 55.426 Thread 0x0000000025b71800 Uncommon trap: reason=class_check action=maybe_recompile pc=0x000000000373cd60 method=com.android.dx.cf.code.BaseMachine.localArg(Lcom/android/dx/cf/code/Frame;I)V @ 14
Event: 55.426 Thread 0x0000000025b71800 Uncommon trap: reason=class_check action=maybe_recompile pc=0x000000000373cd60 method=com.android.dx.cf.code.BaseMachine.localArg(Lcom/android/dx/cf/code/Frame;I)V @ 14
Event: 55.472 Thread 0x0000000025b71800 Uncommon trap: reason=class_check action=maybe_recompile pc=0x0000000003d105c0 method=com.android.dx.cf.code.BaseMachine.storeResults(Lcom/android/dx/cf/code/Frame;)V @ 41
Event: 58.609 Thread 0x00000000012e2800 Uncommon trap: reason=class_check action=maybe_recompile pc=0x0000000003d105c0 method=com.android.dx.cf.code.BaseMachine.storeResults(Lcom/android/dx/cf/code/Frame;)V @ 41
Event: 58.692 Thread 0x0000000025b71800 Uncommon trap: reason=bimorphic action=maybe_recompile pc=0x000000000400a080 method=com.android.dx.cf.code.BytecodeArray.parseInstruction(ILcom/android/dx/cf/code/BytecodeArray$Visitor;)I @ 1987
Event: 58.692 Thread 0x0000000025b71800 Uncommon trap: reason=bimorphic action=maybe_recompile pc=0x000000000400a080 method=com.android.dx.cf.code.BytecodeArray.parseInstruction(ILcom/android/dx/cf/code/BytecodeArray$Visitor;)I @ 1987
Event: 59.117 Thread 0x0000000025408800 Uncommon trap: reason=class_check action=maybe_recompile pc=0x00000000041cbdb4 method=com.android.dx.cf.code.BytecodeArray.parseInstruction(ILcom/android/dx/cf/code/BytecodeArray$Visitor;)I @ 2337
Event: 59.186 Thread 0x0000000025408800 Uncommon trap: reason=class_check action=maybe_recompile pc=0x00000000041cbdb4 method=com.android.dx.cf.code.BytecodeArray.parseInstruction(ILcom/android/dx/cf/code/BytecodeArray$Visitor;)I @ 2337

Internal exceptions (10 events):
Event: 32.264 Thread 0x0000000025408800 Implicit null exception at 0x0000000003af631c to 0x0000000003af6344
Event: 37.231 Thread 0x00000000012e2800 Exception <a 'java/security/PrivilegedActionException'> (0x00000008f60be878) thrown at [D:\re\workspace\8-2-build-windows-amd64-cygwin\jdk8u20\1074\hotspot\src\share\vm\prims\jvm.cpp, line 1275]
Event: 37.268 Thread 0x00000000269eb800 Implicit null exception at 0x00000000040bc679 to 0x00000000040bdb6d
Event: 37.295 Thread 0x00000000269eb800 Exception <a 'java/security/PrivilegedActionException'> (0x00000008f7b9aee0) thrown at [D:\re\workspace\8-2-build-windows-amd64-cygwin\jdk8u20\1074\hotspot\src\share\vm\prims\jvm.cpp, line 1275]
Event: 44.467 Thread 0x00000000269eb800 Exception <a 'java/security/PrivilegedActionException'> (0x00000008fa92a380) thrown at [D:\re\workspace\8-2-build-windows-amd64-cygwin\jdk8u20\1074\hotspot\src\share\vm\prims\jvm.cpp, line 1275]
Event: 55.200 Thread 0x0000000025b71800 Implicit null exception at 0x000000000375217c to 0x0000000003752276
Event: 55.409 Thread 0x0000000025e78800 Exception <a 'java/security/PrivilegedActionException'> (0x00000008fe7a7f18) thrown at [D:\re\workspace\8-2-build-windows-amd64-cygwin\jdk8u20\1074\hotspot\src\share\vm\prims\jvm.cpp, line 1275]
Event: 55.412 Thread 0x0000000025e78800 Exception <a 'java/security/PrivilegedActionException'> (0x00000008fe7b2018) thrown at [D:\re\workspace\8-2-build-windows-amd64-cygwin\jdk8u20\1074\hotspot\src\share\vm\prims\jvm.cpp, line 1275]
Event: 55.413 Thread 0x0000000025e78800 Exception <a 'java/security/PrivilegedActionException'> (0x00000008fe7b55f0) thrown at [D:\re\workspace\8-2-build-windows-amd64-cygwin\jdk8u20\1074\hotspot\src\share\vm\prims\jvm.cpp, line 1275]
Event: 55.414 Thread 0x0000000025e78800 Exception <a 'java/security/PrivilegedActionException'> (0x00000008fe7bccc8) thrown at [D:\re\workspace\8-2-build-windows-amd64-cygwin\jdk8u20\1074\hotspot\src\share\vm\prims\jvm.cpp, line 1275]

Events (10 events):
Event: 62.269 Thread 0x0000000025b70800 Thread exited: 0x0000000025b70800
Event: 62.410 Thread 0x0000000025e78800 Thread exited: 0x0000000025e78800
Event: 62.411 Thread 0x0000000025b97000 Thread exited: 0x0000000025b97000
Event: 62.411 Thread 0x0000000001e35000 flushing nmethod 0x0000000003d74f90
Event: 62.412 Thread 0x0000000001e35000 flushing nmethod 0x0000000003d93290
Event: 62.412 Thread 0x0000000001e35000 flushing nmethod 0x0000000003dfaa90
Event: 62.414 Thread 0x0000000025b97000 Thread added: 0x0000000025b97000
Event: 62.475 Thread 0x0000000001e35000 flushing nmethod 0x0000000003ee3150
Event: 62.475 Thread 0x0000000001e35000 flushing nmethod 0x0000000003f5cfd0
Event: 62.475 Thread 0x0000000001e35000 flushing nmethod 0x0000000003f72250


Dynamic libraries:
0x00007ff7d3eb0000 - 0x00007ff7d3ee4000 	C:\Program Files\Java\jdk1.8.0_20\bin\java.exe
0x00007ff9b0c20000 - 0x00007ff9b0df1000 	C:\WINDOWS\SYSTEM32\ntdll.dll
0x00007ff9b0060000 - 0x00007ff9b010b000 	C:\WINDOWS\System32\KERNEL32.DLL
0x00007ff9adb20000 - 0x00007ff9add3d000 	C:\WINDOWS\System32\KERNELBASE.dll
0x00007ff9b0210000 - 0x00007ff9b02b2000 	C:\WINDOWS\System32\ADVAPI32.dll
0x00007ff9affc0000 - 0x00007ff9b005e000 	C:\WINDOWS\System32\msvcrt.dll
0x00007ff9b0bc0000 - 0x00007ff9b0c19000 	C:\WINDOWS\System32\sechost.dll
0x00007ff9b0970000 - 0x00007ff9b0a91000 	C:\WINDOWS\System32\RPCRT4.dll
0x00007ff9b07f0000 - 0x00007ff9b0955000 	C:\WINDOWS\System32\USER32.dll
0x00007ff9ad300000 - 0x00007ff9ad31e000 	C:\WINDOWS\System32\win32u.dll
0x00007ff9b02c0000 - 0x00007ff9b02f4000 	C:\WINDOWS\System32\GDI32.dll
0x00007ff9adda0000 - 0x00007ff9adf22000 	C:\WINDOWS\System32\gdi32full.dll
0x00007ff9a7ae0000 - 0x00007ff9a7d5a000 	C:\WINDOWS\WinSxS\amd64_microsoft.windows.common-controls_6595b64144ccf1df_6.0.14393.351_none_4213128bc687e6d3\COMCTL32.dll
0x00007ff9b03c0000 - 0x00007ff9b0687000 	C:\WINDOWS\System32\combase.dll
0x00007ff9ad1b0000 - 0x00007ff9ad2a5000 	C:\WINDOWS\System32\ucrtbase.dll
0x00007ff9ad320000 - 0x00007ff9ad38a000 	C:\WINDOWS\System32\bcryptPrimitives.dll
0x00007ff9ae370000 - 0x00007ff9ae39e000 	C:\WINDOWS\System32\IMM32.DLL
0x0000000054c30000 - 0x0000000054d02000 	C:\Program Files\Java\jdk1.8.0_20\jre\bin\msvcr100.dll
0x0000000053840000 - 0x0000000054098000 	C:\Program Files\Java\jdk1.8.0_20\jre\bin\server\jvm.dll
0x00007ff9b0960000 - 0x00007ff9b0968000 	C:\WINDOWS\System32\PSAPI.DLL
0x00007ff9a2eb0000 - 0x00007ff9a2eb9000 	C:\WINDOWS\SYSTEM32\WSOCK32.dll
0x00007ff9ab2a0000 - 0x00007ff9ab2c3000 	C:\WINDOWS\SYSTEM32\WINMM.dll
0x00007ff9aea40000 - 0x00007ff9aeaaa000 	C:\WINDOWS\System32\WS2_32.dll
0x00007ff9ab270000 - 0x00007ff9ab29b000 	C:\WINDOWS\SYSTEM32\WINMMBASE.dll
0x00007ff9ad2b0000 - 0x00007ff9ad2f2000 	C:\WINDOWS\System32\cfgmgr32.dll
0x00000000550b0000 - 0x00000000550bf000 	C:\Program Files\Java\jdk1.8.0_20\jre\bin\verify.dll
0x0000000055080000 - 0x00000000550a8000 	C:\Program Files\Java\jdk1.8.0_20\jre\bin\java.dll
0x0000000055060000 - 0x0000000055076000 	C:\Program Files\Java\jdk1.8.0_20\jre\bin\zip.dll
0x00007ff9aeab0000 - 0x00007ff9affb9000 	C:\WINDOWS\System32\SHELL32.dll
0x00007ff9ad440000 - 0x00007ff9adb1a000 	C:\WINDOWS\System32\windows.storage.dll
0x00007ff9ad0b0000 - 0x00007ff9ad0fc000 	C:\WINDOWS\System32\powrprof.dll
0x00007ff9ae970000 - 0x00007ff9ae9c2000 	C:\WINDOWS\System32\shlwapi.dll
0x00007ff9ad0a0000 - 0x00007ff9ad0af000 	C:\WINDOWS\System32\kernel.appcore.dll
0x00007ff9adf30000 - 0x00007ff9adfd9000 	C:\WINDOWS\System32\shcore.dll
0x00007ff9ad080000 - 0x00007ff9ad094000 	C:\WINDOWS\System32\profapi.dll
0x00007ff9a64b0000 - 0x00007ff9a6642000 	C:\WINDOWS\SYSTEM32\dbghelp.dll

VM Arguments:
jvm_args: -Djava.awt.headless=true -Xmx50g -Dfile.encoding=windows-1251 -Duser.country=RU -Duser.language=ru -Duser.variant 
java_command: com.android.dx.command.Main --dex --num-threads=4 --multi-dex --main-dex-list C:\Users\User\Documents\GitHub\iCRM\iCRM\app\build\intermediates\multi-dex\debug\maindexlist.txt --output C:\Users\User\Documents\GitHub\iCRM\iCRM\app\build\intermediates\transforms\dex\debug\folders\1000\1f\main C:\Users\User\Documents\GitHub\iCRM\iCRM\app\build\intermediates\transforms\jarMerging\debug\jars\1\1f\combined.jar
java_class_path (initial): C:\Users\User\AppData\Local\Android\sdk\build-tools\23.0.3\lib\dx.jar
Launcher Type: SUN_STANDARD

Environment Variables:
PATH=C:\ProgramData\Oracle\Java\javapath;C:\Program Files\Broadcom\Broadcom 802.11 Network Adapter;C:\Program Files (x86)\NVIDIA Corporation\PhysX\Common;C:\Program Files (x86)\Intel\iCLS Client\;C:\Program Files\Intel\iCLS Client\;C:\Windows\system32;C:\Windows;C:\Windows\System32\Wbem;C:\Windows\System32\WindowsPowerShell\v1.0\;C:\Program Files\Intel\Intel(R) Management Engine Components\DAL;C:\Program Files\Intel\Intel(R) Management Engine Components\IPT;C:\Program Files (x86)\Intel\Intel(R) Management Engine Components\DAL;C:\Program Files (x86)\Intel\Intel(R) Management Engine Components\IPT;C:\Program Files\WIDCOMM\Bluetooth Software\;C:\Program Files\WIDCOMM\Bluetooth Software\syswow64;C:\Program Files\Acer\Remote Files\;C:\Program Files (x86)\Skype\Phone\;C:\Program Files\OpenVPN\bin;C:\WINDOWS\system32;C:\WINDOWS;C:\WINDOWS\System32\Wbem;C:\WINDOWS\System32\WindowsPowerShell\v1.0\;C:\Users\User\AppData\Local\Microsoft\WindowsApps;
USERNAME=User
OS=Windows_NT
PROCESSOR_IDENTIFIER=Intel64 Family 6 Model 69 Stepping 1, GenuineIntel



---------------  S Y S T E M  ---------------

OS: Windows 8.1 , 64 bit Build 9600 

CPU:total 4 (2 cores per cpu, 2 threads per core) family 6 model 69 stepping 1, cmov, cx8, fxsr, mmx, sse, sse2, sse3, ssse3, sse4.1, sse4.2, popcnt, avx, avx2, aes, clmul, erms, lzcnt, ht, tsc, tscinvbit, bmi1, bmi2

Memory: 4k page, physical 8310040k(424756k free), swap 12405900k(15256k free)

vm_info: Java HotSpot(TM) 64-Bit Server VM (25.20-b23) for windows-amd64 JRE (1.8.0_20-b26), built on Jul 30 2014 13:51:23 by "java_re" with MS VC++ 10.0 (VS2010)

time: Wed Nov 02 16:19:51 2016
elapsed time: 62 seconds (0d 0h 1m 2s)

