#
# There is insufficient memory for the Java Runtime Environment to continue.
# Native memory allocation (malloc) failed to allocate 1955616 bytes for Chunk::new
# Possible reasons:
#   The system is out of physical RAM or swap space
#   In 32 bit mode, the process size limit was hit
# Possible solutions:
#   Reduce memory load on the system
#   Increase physical memory or swap space
#   Check if swap backing store is full
#   Use 64 bit Java on a 64 bit OS
#   Decrease Java heap size (-Xmx/-Xms)
#   Decrease number of Java threads
#   Decrease Java thread stack sizes (-Xss)
#   Set larger code cache with -XX:ReservedCodeCacheSize=
# This output file may be truncated or incomplete.
#
#  Out of Memory Error (allocation.cpp:390), pid=8380, tid=4524
#
# JRE version: Java(TM) SE Runtime Environment (8.0_20-b26) (build 1.8.0_20-b26)
# Java VM: Java HotSpot(TM) 64-Bit Server VM (25.20-b23 mixed mode windows-amd64 )
# Failed to write core dump. Minidumps are not enabled by default on client versions of Windows
#

---------------  T H R E A D  ---------------

Current thread (0x0000000023d4e000):  JavaThread "C2 CompilerThread1" daemon [_thread_in_native, id=4524, stack(0x00000000253a0000,0x00000000254a0000)]

Stack: [0x00000000253a0000,0x00000000254a0000]
Native frames: (J=compiled Java code, j=interpreted, Vv=VM code, C=native code)
V  [jvm.dll+0x3152fa]
V  [jvm.dll+0x265d03]
V  [jvm.dll+0x266943]
V  [jvm.dll+0x25e265]
V  [jvm.dll+0xbe255]
V  [jvm.dll+0xbe6fc]
V  [jvm.dll+0x45c472]
V  [jvm.dll+0x49d76f]
V  [jvm.dll+0x451911]
V  [jvm.dll+0x452634]
V  [jvm.dll+0x435fc2]
V  [jvm.dll+0x97b62]
V  [jvm.dll+0x98353]
V  [jvm.dll+0x22aac4]
V  [jvm.dll+0x283f5a]
C  [msvcr100.dll+0x21d9f]
C  [msvcr100.dll+0x21e3b]
C  [KERNEL32.DLL+0x8364]
C  [ntdll.dll+0x65e91]


Current CompileTask:
C2:  28934 2614   !   4       com.android.dx.cf.code.Ropper::doit (126 bytes)


---------------  P R O C E S S  ---------------

Java Threads: ( => current thread )
  0x0000000025e11000 JavaThread "pool-2-thread-4" [_thread_blocked, id=7124, stack(0x0000000027770000,0x0000000027870000)]
  0x0000000025da0800 JavaThread "pool-2-thread-3" [_thread_blocked, id=12572, stack(0x0000000027670000,0x0000000027770000)]
  0x0000000025ded000 JavaThread "pool-2-thread-2" [_thread_in_Java, id=8052, stack(0x0000000027570000,0x0000000027670000)]
  0x00000000260b5000 JavaThread "pool-3-thread-1" [_thread_blocked, id=7212, stack(0x0000000027470000,0x0000000027570000)]
  0x0000000025e1e800 JavaThread "pool-2-thread-1" [_thread_in_Java, id=3020, stack(0x0000000027370000,0x0000000027470000)]
  0x00000000255c7000 JavaThread "Service Thread" daemon [_thread_blocked, id=12448, stack(0x00000000259a0000,0x0000000025aa0000)]
  0x0000000023d57000 JavaThread "C1 CompilerThread2" daemon [_thread_blocked, id=1104, stack(0x00000000254a0000,0x00000000255a0000)]
=>0x0000000023d4e000 JavaThread "C2 CompilerThread1" daemon [_thread_in_native, id=4524, stack(0x00000000253a0000,0x00000000254a0000)]
  0x0000000023d4c000 JavaThread "C2 CompilerThread0" daemon [_thread_in_native, id=2660, stack(0x00000000252a0000,0x00000000253a0000)]
  0x0000000023d4a800 JavaThread "Attach Listener" daemon [_thread_blocked, id=1848, stack(0x00000000251a0000,0x00000000252a0000)]
  0x0000000023d49800 JavaThread "Signal Dispatcher" daemon [_thread_blocked, id=13184, stack(0x00000000250a0000,0x00000000251a0000)]
  0x0000000001906000 JavaThread "Finalizer" daemon [_thread_blocked, id=11708, stack(0x0000000024fa0000,0x00000000250a0000)]
  0x00000000018fd000 JavaThread "Reference Handler" daemon [_thread_blocked, id=13120, stack(0x0000000024ea0000,0x0000000024fa0000)]
  0x0000000001812800 JavaThread "main" [_thread_in_native, id=3188, stack(0x0000000001620000,0x0000000001720000)]

Other Threads:
  0x0000000023d15800 VMThread [stack: 0x0000000024da0000,0x0000000024ea0000] [id=9080]
  0x00000000255d1800 WatcherThread [stack: 0x0000000025aa0000,0x0000000025ba0000] [id=10708]

VM state:not at safepoint (normal execution)

VM Mutex/Monitor currently owned by a thread: None

Heap:
 PSYoungGen      total 929280K, used 709625K [0x00000008d5580000, 0x0000000921300000, 0x0000000d00000000)
  eden space 697856K, 89% used [0x00000008d5580000,0x00000008fb647da8,0x00000008fff00000)
  from space 231424K, 37% used [0x000000090f580000,0x00000009149b68a8,0x000000091d780000)
  to   space 252416K, 0% used [0x00000008fff00000,0x00000008fff00000,0x000000090f580000)
 ParOldGen       total 883200K, used 593149K [0x0000000080000000, 0x00000000b5e80000, 0x00000008d5580000)
  object space 883200K, 67% used [0x0000000080000000,0x00000000a433f590,0x00000000b5e80000)
 Metaspace       used 6601K, capacity 6920K, committed 7168K, reserved 8192K

Card table byte_map: [0x0000000012400000,0x0000000018810000] byte_map_base: 0x0000000012000000

Marking Bits: (ParMarkBitMap*) 0x0000000053cbb460
 Begin Bits: [0x0000000d00000000, 0x0000000d32000000)
 End Bits:   [0x0000000d32000000, 0x0000000d64000000)

Polling page: 0x0000000000e20000

CodeCache: size=245760Kb used=10682Kb max_used=11190Kb free=235077Kb
 bounds [0x0000000003400000, 0x0000000003f20000, 0x0000000012400000]
 total_blobs=2410 nmethods=2144 adapters=179
 compilation: enabled

Compilation events (10 events):
Event: 28.618 Thread 0x0000000023d57000 2657       2       com.android.dx.rop.code.Rops::opInvokeVirtual (17 bytes)
Event: 28.619 Thread 0x0000000023d57000 nmethod 2657 0x0000000003ecc450 code [0x0000000003ecc5c0, 0x0000000003ecc7d8]
Event: 28.665 Thread 0x0000000023d57000 2658       2       com.android.dx.rop.code.Rops::opInvokeStatic (17 bytes)
Event: 28.665 Thread 0x0000000023d57000 nmethod 2658 0x000000000388d0d0 code [0x000000000388d240, 0x000000000388d458]
Event: 28.684 Thread 0x0000000023d57000 2659       2       com.android.dx.rop.code.Rops::opIfNe (17 bytes)
Event: 28.684 Thread 0x0000000023d57000 nmethod 2659 0x0000000003a06b10 code [0x0000000003a06c80, 0x0000000003a06e08]
Event: 28.715 Thread 0x0000000023d57000 2660       2       com.android.dx.rop.code.Rops::opIfEq (17 bytes)
Event: 28.715 Thread 0x0000000023d57000 nmethod 2660 0x000000000351c950 code [0x000000000351cac0, 0x000000000351cc48]
Event: 28.716 Thread 0x0000000023d57000 2661       2       com.android.dx.rop.code.Rops::opAdd (29 bytes)
Event: 28.717 Thread 0x0000000023d57000 nmethod 2661 0x0000000003537610 code [0x0000000003537780, 0x0000000003537928]

GC Heap History (10 events):
Event: 16.744 GC heap before
{Heap before GC invocations=16 (full 2):
 PSYoungGen      total 637440K, used 637429K [0x00000008d5580000, 0x0000000910300000, 0x0000000d00000000)
  eden space 502784K, 100% used [0x00000008d5580000,0x00000008f4080000,0x00000008f4080000)
  from space 134656K, 99% used [0x00000008f4080000,0x00000008fc3fd580,0x00000008fc400000)
  to   space 178176K, 0% used [0x0000000905500000,0x0000000905500000,0x0000000910300000)
 ParOldGen       total 376320K, used 294752K [0x0000000080000000, 0x0000000096f80000, 0x00000008d5580000)
  object space 376320K, 78% used [0x0000000080000000,0x0000000091fd8090,0x0000000096f80000)
 Metaspace       used 6585K, capacity 6920K, committed 7168K, reserved 8192K
Event: 17.098 GC heap after
Heap after GC invocations=16 (full 2):
 PSYoungGen      total 772096K, used 132091K [0x00000008d5580000, 0x0000000912c80000, 0x0000000d00000000)
  eden space 593920K, 0% used [0x00000008d5580000,0x00000008d5580000,0x00000008f9980000)
  from space 178176K, 74% used [0x0000000905500000,0x000000090d5fed20,0x0000000910300000)
  to   space 192000K, 0% used [0x00000008f9980000,0x00000008f9980000,0x0000000905500000)
 ParOldGen       total 376320K, used 376174K [0x0000000080000000, 0x0000000096f80000, 0x00000008d5580000)
  object space 376320K, 99% used [0x0000000080000000,0x0000000096f5b860,0x0000000096f80000)
 Metaspace       used 6585K, capacity 6920K, committed 7168K, reserved 8192K
}
Event: 17.098 GC heap before
{Heap before GC invocations=17 (full 3):
 PSYoungGen      total 772096K, used 132091K [0x00000008d5580000, 0x0000000912c80000, 0x0000000d00000000)
  eden space 593920K, 0% used [0x00000008d5580000,0x00000008d5580000,0x00000008f9980000)
  from space 178176K, 74% used [0x0000000905500000,0x000000090d5fed20,0x0000000910300000)
  to   space 192000K, 0% used [0x00000008f9980000,0x00000008f9980000,0x0000000905500000)
 ParOldGen       total 376320K, used 376174K [0x0000000080000000, 0x0000000096f80000, 0x00000008d5580000)
  object space 376320K, 99% used [0x0000000080000000,0x0000000096f5b860,0x0000000096f80000)
 Metaspace       used 6585K, capacity 6920K, committed 7168K, reserved 8192K
Event: 19.341 GC heap after
Heap after GC invocations=17 (full 3):
 PSYoungGen      total 772096K, used 118292K [0x00000008d5580000, 0x0000000912c80000, 0x0000000d00000000)
  eden space 593920K, 0% used [0x00000008d5580000,0x00000008d5580000,0x00000008f9980000)
  from space 178176K, 66% used [0x0000000905500000,0x000000090c885030,0x0000000910300000)
  to   space 192000K, 0% used [0x00000008f9980000,0x00000008f9980000,0x0000000905500000)
 ParOldGen       total 593408K, used 376084K [0x0000000080000000, 0x00000000a4380000, 0x00000008d5580000)
  object space 593408K, 63% used [0x0000000080000000,0x0000000096f450a8,0x00000000a4380000)
 Metaspace       used 6585K, capacity 6920K, committed 7168K, reserved 8192K
}
Event: 21.419 GC heap before
{Heap before GC invocations=18 (full 3):
 PSYoungGen      total 772096K, used 712212K [0x00000008d5580000, 0x0000000912c80000, 0x0000000d00000000)
  eden space 593920K, 100% used [0x00000008d5580000,0x00000008f9980000,0x00000008f9980000)
  from space 178176K, 66% used [0x0000000905500000,0x000000090c885030,0x0000000910300000)
  to   space 192000K, 0% used [0x00000008f9980000,0x00000008f9980000,0x0000000905500000)
 ParOldGen       total 593408K, used 376084K [0x0000000080000000, 0x00000000a4380000, 0x00000008d5580000)
  object space 593408K, 63% used [0x0000000080000000,0x0000000096f450a8,0x00000000a4380000)
 Metaspace       used 6586K, capacity 6920K, committed 7168K, reserved 8192K
Event: 21.756 GC heap after
Heap after GC invocations=18 (full 3):
 PSYoungGen      total 785920K, used 191971K [0x00000008d5580000, 0x000000091d780000, 0x0000000d00000000)
  eden space 593920K, 0% used [0x00000008d5580000,0x00000008d5580000,0x00000008f9980000)
  from space 192000K, 99% used [0x00000008f9980000,0x00000009054f8f08,0x0000000905500000)
  to   space 231424K, 0% used [0x000000090f580000,0x000000090f580000,0x000000091d780000)
 ParOldGen       total 593408K, used 393754K [0x0000000080000000, 0x00000000a4380000, 0x00000008d5580000)
  object space 593408K, 66% used [0x0000000080000000,0x0000000098086a20,0x00000000a4380000)
 Metaspace       used 6586K, capacity 6920K, committed 7168K, reserved 8192K
}
Event: 23.514 GC heap before
{Heap before GC invocations=19 (full 3):
 PSYoungGen      total 785920K, used 785891K [0x00000008d5580000, 0x000000091d780000, 0x0000000d00000000)
  eden space 593920K, 100% used [0x00000008d5580000,0x00000008f9980000,0x00000008f9980000)
  from space 192000K, 99% used [0x00000008f9980000,0x00000009054f8f08,0x0000000905500000)
  to   space 231424K, 0% used [0x000000090f580000,0x000000090f580000,0x000000091d780000)
 ParOldGen       total 593408K, used 393754K [0x0000000080000000, 0x00000000a4380000, 0x00000008d5580000)
  object space 593408K, 66% used [0x0000000080000000,0x0000000098086a20,0x00000000a4380000)
 Metaspace       used 6589K, capacity 6920K, committed 7168K, reserved 8192K
Event: 24.001 GC heap after
Heap after GC invocations=19 (full 3):
 PSYoungGen      total 929280K, used 179451K [0x00000008d5580000, 0x0000000921300000, 0x0000000d00000000)
  eden space 697856K, 0% used [0x00000008d5580000,0x00000008d5580000,0x00000008fff00000)
  from space 231424K, 77% used [0x000000090f580000,0x000000091a4bee98,0x000000091d780000)
  to   space 252416K, 0% used [0x00000008fff00000,0x00000008fff00000,0x000000090f580000)
 ParOldGen       total 593408K, used 505717K [0x0000000080000000, 0x00000000a4380000, 0x00000008d5580000)
  object space 593408K, 85% used [0x0000000080000000,0x000000009eddd738,0x00000000a4380000)
 Metaspace       used 6589K, capacity 6920K, committed 7168K, reserved 8192K
}
Event: 24.001 GC heap before
{Heap before GC invocations=20 (full 4):
 PSYoungGen      total 929280K, used 179451K [0x00000008d5580000, 0x0000000921300000, 0x0000000d00000000)
  eden space 697856K, 0% used [0x00000008d5580000,0x00000008d5580000,0x00000008fff00000)
  from space 231424K, 77% used [0x000000090f580000,0x000000091a4bee98,0x000000091d780000)
  to   space 252416K, 0% used [0x00000008fff00000,0x00000008fff00000,0x000000090f580000)
 ParOldGen       total 593408K, used 505717K [0x0000000080000000, 0x00000000a4380000, 0x00000008d5580000)
  object space 593408K, 85% used [0x0000000080000000,0x000000009eddd738,0x00000000a4380000)
 Metaspace       used 6589K, capacity 6920K, committed 7168K, reserved 8192K
Event: 27.078 GC heap after
Heap after GC invocations=20 (full 4):
 PSYoungGen      total 929280K, used 86234K [0x00000008d5580000, 0x0000000921300000, 0x0000000d00000000)
  eden space 697856K, 0% used [0x00000008d5580000,0x00000008d5580000,0x00000008fff00000)
  from space 231424K, 37% used [0x000000090f580000,0x00000009149b68a8,0x000000091d780000)
  to   space 252416K, 0% used [0x00000008fff00000,0x00000008fff00000,0x000000090f580000)
 ParOldGen       total 883200K, used 593149K [0x0000000080000000, 0x00000000b5e80000, 0x00000008d5580000)
  object space 883200K, 67% used [0x0000000080000000,0x00000000a433f590,0x00000000b5e80000)
 Metaspace       used 6589K, capacity 6920K, committed 7168K, reserved 8192K
}

Deoptimization events (10 events):
Event: 27.436 Thread 0x0000000025e11000 Uncommon trap: reason=predicate action=maybe_recompile pc=0x00000000035e29e0 method=com.android.dx.ssa.DomFront.run()[Lcom/android/dx/ssa/DomFront$DomInfo; @ 175
Event: 27.450 Thread 0x0000000025e11000 Uncommon trap: reason=class_check action=maybe_recompile pc=0x0000000003cc8678 method=com.android.dx.ssa.DomFront.calcDomFronts()V @ 101
Event: 27.450 Thread 0x0000000025e11000 Uncommon trap: reason=class_check action=maybe_recompile pc=0x0000000003c904cc method=com.android.dx.ssa.DomFront.calcDomFronts()V @ 101
Event: 27.451 Thread 0x0000000025e11000 Uncommon trap: reason=class_check action=maybe_recompile pc=0x0000000003c904cc method=com.android.dx.ssa.DomFront.calcDomFronts()V @ 101
Event: 27.452 Thread 0x0000000025e11000 Uncommon trap: reason=class_check action=maybe_recompile pc=0x0000000003c904cc method=com.android.dx.ssa.DomFront.calcDomFronts()V @ 101
Event: 27.453 Thread 0x0000000025e11000 Uncommon trap: reason=class_check action=maybe_recompile pc=0x0000000003c95414 method=com.android.dx.ssa.DomFront.calcDomFronts()V @ 101
Event: 27.455 Thread 0x0000000025e11000 Uncommon trap: reason=class_check action=maybe_recompile pc=0x0000000003ad5be0 method=com.android.dx.ssa.SsaConverter.placePhiFunctions(Lcom/android/dx/ssa/SsaMethod;Lcom/android/dx/ssa/LocalVariableInfo;I)V @ 257
Event: 27.527 Thread 0x0000000025e11000 Uncommon trap: reason=class_check action=maybe_recompile pc=0x0000000003aa7e7c method=com.android.dx.ssa.SsaConverter.placePhiFunctions(Lcom/android/dx/ssa/SsaMethod;Lcom/android/dx/ssa/LocalVariableInfo;I)V @ 266
Event: 27.528 Thread 0x0000000025e11000 Uncommon trap: reason=class_check action=maybe_recompile pc=0x0000000003aa7e7c method=com.android.dx.ssa.SsaConverter.placePhiFunctions(Lcom/android/dx/ssa/SsaMethod;Lcom/android/dx/ssa/LocalVariableInfo;I)V @ 266
Event: 27.529 Thread 0x0000000025e11000 Uncommon trap: reason=class_check action=maybe_recompile pc=0x0000000003aa7e7c method=com.android.dx.ssa.SsaConverter.placePhiFunctions(Lcom/android/dx/ssa/SsaMethod;Lcom/android/dx/ssa/LocalVariableInfo;I)V @ 266

Internal exceptions (10 events):
Event: 1.812 Thread 0x0000000025e11000 Exception <a 'java/lang/ArrayIndexOutOfBoundsException'> (0x00000008db3b66e8) thrown at [D:\re\workspace\8-2-build-windows-amd64-cygwin\jdk8u20\1074\hotspot\src\share\vm\runtime\sharedRuntime.cpp, line 604]
Event: 1.813 Thread 0x0000000025e11000 Exception <a 'java/lang/ArrayIndexOutOfBoundsException'> (0x00000008db3b7f30) thrown at [D:\re\workspace\8-2-build-windows-amd64-cygwin\jdk8u20\1074\hotspot\src\share\vm\runtime\sharedRuntime.cpp, line 604]
Event: 2.867 Thread 0x0000000025e11000 Exception <a 'java/security/PrivilegedActionException'> (0x00000008d88cc998) thrown at [D:\re\workspace\8-2-build-windows-amd64-cygwin\jdk8u20\1074\hotspot\src\share\vm\prims\jvm.cpp, line 1275]
Event: 10.838 Thread 0x0000000001812800 Exception <a 'java/security/PrivilegedActionException'> (0x00000008e67f6c10) thrown at [D:\re\workspace\8-2-build-windows-amd64-cygwin\jdk8u20\1074\hotspot\src\share\vm\prims\jvm.cpp, line 1275]
Event: 10.841 Thread 0x0000000001812800 Implicit null exception at 0x00000000035d54a8 to 0x00000000035d5a99
Event: 13.136 Thread 0x0000000025ded000 Implicit null exception at 0x0000000003e70975 to 0x0000000003e73941
Event: 27.436 Thread 0x0000000025e11000 Exception <a 'java/security/PrivilegedActionException'> (0x00000008de110d28) thrown at [D:\re\workspace\8-2-build-windows-amd64-cygwin\jdk8u20\1074\hotspot\src\share\vm\prims\jvm.cpp, line 1275]
Event: 27.455 Thread 0x0000000025e11000 Exception <a 'java/security/PrivilegedActionException'> (0x00000008de17f5d8) thrown at [D:\re\workspace\8-2-build-windows-amd64-cygwin\jdk8u20\1074\hotspot\src\share\vm\prims\jvm.cpp, line 1275]
Event: 27.967 Thread 0x0000000025ded000 Exception <a 'java/security/PrivilegedActionException'> (0x00000008e6ea90f0) thrown at [D:\re\workspace\8-2-build-windows-amd64-cygwin\jdk8u20\1074\hotspot\src\share\vm\prims\jvm.cpp, line 1275]
Event: 28.102 Thread 0x0000000001812800 Exception <a 'java/security/PrivilegedActionException'> (0x00000008e920b050) thrown at [D:\re\workspace\8-2-build-windows-amd64-cygwin\jdk8u20\1074\hotspot\src\share\vm\prims\jvm.cpp, line 1275]

Events (10 events):
Event: 27.528 Thread 0x0000000025e11000 DEOPT UNPACKING pc=0x000000000344556a sp=0x000000002786e9c8 mode 2
Event: 27.529 Thread 0x0000000025e11000 Uncommon trap: trap_request=0xffffffde fr.pc=0x0000000003aa7e7c
Event: 27.529 Thread 0x0000000025e11000 DEOPT PACKING pc=0x0000000003aa7e7c sp=0x000000002786e9c0
Event: 27.529 Thread 0x0000000025e11000 DEOPT UNPACKING pc=0x000000000344556a sp=0x000000002786e9c8 mode 2
Event: 27.967 loading class com/android/dx/ssa/Dominators$1
Event: 27.967 loading class com/android/dx/ssa/Dominators$1 done
Event: 28.056 Thread 0x0000000025ded000 DEOPT PACKING pc=0x0000000003b22c36 sp=0x000000002766e3d0
Event: 28.057 Thread 0x0000000025ded000 DEOPT UNPACKING pc=0x00000000034475bf sp=0x000000002766e178 mode 0
Event: 28.102 loading class com/android/dx/cf/iface/ParseObserver
Event: 28.102 loading class com/android/dx/cf/iface/ParseObserver done


Dynamic libraries:
0x00007ff61d090000 - 0x00007ff61d0c4000 	C:\Program Files\Java\jdk1.8.0_20\bin\java.exe
0x00007ff9b0c20000 - 0x00007ff9b0df1000 	C:\WINDOWS\SYSTEM32\ntdll.dll
0x00007ff9b0060000 - 0x00007ff9b010b000 	C:\WINDOWS\System32\KERNEL32.DLL
0x00007ff9adb20000 - 0x00007ff9add3d000 	C:\WINDOWS\System32\KERNELBASE.dll
0x00007ff9b0210000 - 0x00007ff9b02b2000 	C:\WINDOWS\System32\ADVAPI32.dll
0x00007ff9affc0000 - 0x00007ff9b005e000 	C:\WINDOWS\System32\msvcrt.dll
0x00007ff9b0bc0000 - 0x00007ff9b0c19000 	C:\WINDOWS\System32\sechost.dll
0x00007ff9b0970000 - 0x00007ff9b0a91000 	C:\WINDOWS\System32\RPCRT4.dll
0x00007ff9b07f0000 - 0x00007ff9b0955000 	C:\WINDOWS\System32\USER32.dll
0x00007ff9ad300000 - 0x00007ff9ad31e000 	C:\WINDOWS\System32\win32u.dll
0x00007ff9b02c0000 - 0x00007ff9b02f4000 	C:\WINDOWS\System32\GDI32.dll
0x00007ff9adda0000 - 0x00007ff9adf22000 	C:\WINDOWS\System32\gdi32full.dll
0x00007ff9a7ae0000 - 0x00007ff9a7d5a000 	C:\WINDOWS\WinSxS\amd64_microsoft.windows.common-controls_6595b64144ccf1df_6.0.14393.351_none_4213128bc687e6d3\COMCTL32.dll
0x00007ff9b03c0000 - 0x00007ff9b0687000 	C:\WINDOWS\System32\combase.dll
0x00007ff9ad1b0000 - 0x00007ff9ad2a5000 	C:\WINDOWS\System32\ucrtbase.dll
0x00007ff9ad320000 - 0x00007ff9ad38a000 	C:\WINDOWS\System32\bcryptPrimitives.dll
0x00007ff9ae370000 - 0x00007ff9ae39e000 	C:\WINDOWS\System32\IMM32.DLL
0x0000000054c10000 - 0x0000000054ce2000 	C:\Program Files\Java\jdk1.8.0_20\jre\bin\msvcr100.dll
0x00000000534e0000 - 0x0000000053d38000 	C:\Program Files\Java\jdk1.8.0_20\jre\bin\server\jvm.dll
0x00007ff9b0960000 - 0x00007ff9b0968000 	C:\WINDOWS\System32\PSAPI.DLL
0x00007ff9a2eb0000 - 0x00007ff9a2eb9000 	C:\WINDOWS\SYSTEM32\WSOCK32.dll
0x00007ff9ab2a0000 - 0x00007ff9ab2c3000 	C:\WINDOWS\SYSTEM32\WINMM.dll
0x00007ff9aea40000 - 0x00007ff9aeaaa000 	C:\WINDOWS\System32\WS2_32.dll
0x0000000000e50000 - 0x0000000000e7b000 	C:\WINDOWS\SYSTEM32\WINMMBASE.dll
0x00007ff9ad2b0000 - 0x00007ff9ad2f2000 	C:\WINDOWS\System32\cfgmgr32.dll
0x00000000550b0000 - 0x00000000550bf000 	C:\Program Files\Java\jdk1.8.0_20\jre\bin\verify.dll
0x0000000055080000 - 0x00000000550a8000 	C:\Program Files\Java\jdk1.8.0_20\jre\bin\java.dll
0x0000000055060000 - 0x0000000055076000 	C:\Program Files\Java\jdk1.8.0_20\jre\bin\zip.dll
0x00007ff9aeab0000 - 0x00007ff9affb9000 	C:\WINDOWS\System32\SHELL32.dll
0x00007ff9ad440000 - 0x00007ff9adb1a000 	C:\WINDOWS\System32\windows.storage.dll
0x00007ff9ad0b0000 - 0x00007ff9ad0fc000 	C:\WINDOWS\System32\powrprof.dll
0x00007ff9ae970000 - 0x00007ff9ae9c2000 	C:\WINDOWS\System32\shlwapi.dll
0x00007ff9ad0a0000 - 0x00007ff9ad0af000 	C:\WINDOWS\System32\kernel.appcore.dll
0x00007ff9adf30000 - 0x00007ff9adfd9000 	C:\WINDOWS\System32\shcore.dll
0x00007ff9ad080000 - 0x00007ff9ad094000 	C:\WINDOWS\System32\profapi.dll
0x00007ff9a64b0000 - 0x00007ff9a6642000 	C:\WINDOWS\SYSTEM32\dbghelp.dll

VM Arguments:
jvm_args: -Djava.awt.headless=true -Xmx50g -Dfile.encoding=windows-1251 -Duser.country=RU -Duser.language=ru -Duser.variant 
java_command: com.android.dx.command.Main --dex --num-threads=4 --multi-dex --main-dex-list C:\Users\User\Documents\GitHub\iCRM\iCRM\app\build\intermediates\multi-dex\debug\maindexlist.txt --output C:\Users\User\Documents\GitHub\iCRM\iCRM\app\build\intermediates\transforms\dex\debug\folders\1000\1f\main C:\Users\User\Documents\GitHub\iCRM\iCRM\app\build\intermediates\transforms\jarMerging\debug\jars\1\1f\combined.jar
java_class_path (initial): C:\Users\User\AppData\Local\Android\sdk\build-tools\23.0.3\lib\dx.jar
Launcher Type: SUN_STANDARD

Environment Variables:
PATH=C:\ProgramData\Oracle\Java\javapath;C:\Program Files\Broadcom\Broadcom 802.11 Network Adapter;C:\Program Files (x86)\NVIDIA Corporation\PhysX\Common;C:\Program Files (x86)\Intel\iCLS Client\;C:\Program Files\Intel\iCLS Client\;C:\Windows\system32;C:\Windows;C:\Windows\System32\Wbem;C:\Windows\System32\WindowsPowerShell\v1.0\;C:\Program Files\Intel\Intel(R) Management Engine Components\DAL;C:\Program Files\Intel\Intel(R) Management Engine Components\IPT;C:\Program Files (x86)\Intel\Intel(R) Management Engine Components\DAL;C:\Program Files (x86)\Intel\Intel(R) Management Engine Components\IPT;C:\Program Files\WIDCOMM\Bluetooth Software\;C:\Program Files\WIDCOMM\Bluetooth Software\syswow64;C:\Program Files\Acer\Remote Files\;C:\Program Files (x86)\Skype\Phone\;C:\Program Files\OpenVPN\bin;C:\WINDOWS\system32;C:\WINDOWS;C:\WINDOWS\System32\Wbem;C:\WINDOWS\System32\WindowsPowerShell\v1.0\;C:\Users\User\AppData\Local\Microsoft\WindowsApps;
USERNAME=User
OS=Windows_NT
PROCESSOR_IDENTIFIER=Intel64 Family 6 Model 69 Stepping 1, GenuineIntel



---------------  S Y S T E M  ---------------

OS: Windows 8.1 , 64 bit Build 9600 

CPU:total 4 (2 cores per cpu, 2 threads per core) family 6 model 69 stepping 1, cmov, cx8, fxsr, mmx, sse, sse2, sse3, ssse3, sse4.1, sse4.2, popcnt, avx, avx2, aes, clmul, erms, lzcnt, ht, tsc, tscinvbit, bmi1, bmi2

Memory: 4k page, physical 8310040k(1446044k free), swap 12406040k(9192k free)

vm_info: Java HotSpot(TM) 64-Bit Server VM (25.20-b23) for windows-amd64 JRE (1.8.0_20-b26), built on Jul 30 2014 13:51:23 by "java_re" with MS VC++ 10.0 (VS2010)

time: Mon Oct 31 23:33:23 2016
elapsed time: 28 seconds (0d 0h 0m 28s)

