#
# There is insufficient memory for the Java Runtime Environment to continue.
# Native memory allocation (malloc) failed to allocate 502016 bytes for Chunk::new
# Possible reasons:
#   The system is out of physical RAM or swap space
#   In 32 bit mode, the process size limit was hit
# Possible solutions:
#   Reduce memory load on the system
#   Increase physical memory or swap space
#   Check if swap backing store is full
#   Use 64 bit Java on a 64 bit OS
#   Decrease Java heap size (-Xmx/-Xms)
#   Decrease number of Java threads
#   Decrease Java thread stack sizes (-Xss)
#   Set larger code cache with -XX:ReservedCodeCacheSize=
# This output file may be truncated or incomplete.
#
#  Out of Memory Error (allocation.cpp:390), pid=14680, tid=4384
#
# JRE version: Java(TM) SE Runtime Environment (8.0_20-b26) (build 1.8.0_20-b26)
# Java VM: Java HotSpot(TM) 64-Bit Server VM (25.20-b23 mixed mode windows-amd64 )
# Failed to write core dump. Minidumps are not enabled by default on client versions of Windows
#

---------------  T H R E A D  ---------------

Current thread (0x000000002430c800):  JavaThread "C2 CompilerThread0" daemon [_thread_in_native, id=4384, stack(0x00000000258a0000,0x00000000259a0000)]

Stack: [0x00000000258a0000,0x00000000259a0000]
Native frames: (J=compiled Java code, j=interpreted, Vv=VM code, C=native code)
V  [jvm.dll+0x3152fa]
V  [jvm.dll+0x265d03]
V  [jvm.dll+0x266943]
V  [jvm.dll+0x25e265]
V  [jvm.dll+0xbe255]
V  [jvm.dll+0xbe6fc]
V  [jvm.dll+0x45c472]
V  [jvm.dll+0x49d76f]
V  [jvm.dll+0x451045]
V  [jvm.dll+0x452634]
V  [jvm.dll+0x435fc2]
V  [jvm.dll+0x97b62]
V  [jvm.dll+0x98353]
V  [jvm.dll+0x22aac4]
V  [jvm.dll+0x283f5a]
C  [msvcr100.dll+0x21d9f]
C  [msvcr100.dll+0x21e3b]
C  [KERNEL32.DLL+0x8364]
C  [ntdll.dll+0x65e91]


Current CompileTask:
C2:  34740 2734       4       com.android.dx.ssa.back.FirstFitLocalCombiningAllocator::handlePhiInsns (36 bytes)


---------------  P R O C E S S  ---------------

Java Threads: ( => current thread )
  0x00000000264df800 JavaThread "pool-2-thread-4" [_thread_in_Java, id=11296, stack(0x0000000027d70000,0x0000000027e70000)]
  0x00000000264de800 JavaThread "pool-2-thread-3" [_thread_in_Java, id=8932, stack(0x0000000027c70000,0x0000000027d70000)]
  0x0000000025f83000 JavaThread "pool-2-thread-2" [_thread_in_Java, id=7408, stack(0x0000000027b70000,0x0000000027c70000)]
  0x00000000269d8800 JavaThread "pool-3-thread-1" [_thread_blocked, id=6228, stack(0x0000000027a70000,0x0000000027b70000)]
  0x000000002625c800 JavaThread "pool-2-thread-1" [_thread_in_Java, id=15524, stack(0x0000000027970000,0x0000000027a70000)]
  0x000000002436e000 JavaThread "Service Thread" daemon [_thread_blocked, id=7592, stack(0x0000000025fa0000,0x00000000260a0000)]
  0x0000000024313800 JavaThread "C1 CompilerThread2" daemon [_thread_blocked, id=9340, stack(0x0000000025aa0000,0x0000000025ba0000)]
  0x000000002430e800 JavaThread "C2 CompilerThread1" daemon [_thread_in_native, id=10880, stack(0x00000000259a0000,0x0000000025aa0000)]
=>0x000000002430c800 JavaThread "C2 CompilerThread0" daemon [_thread_in_native, id=4384, stack(0x00000000258a0000,0x00000000259a0000)]
  0x000000002430b000 JavaThread "Attach Listener" daemon [_thread_blocked, id=11780, stack(0x00000000257a0000,0x00000000258a0000)]
  0x000000002430a000 JavaThread "Signal Dispatcher" daemon [_thread_blocked, id=15256, stack(0x00000000256a0000,0x00000000257a0000)]
  0x0000000001cf6000 JavaThread "Finalizer" daemon [_thread_blocked, id=14580, stack(0x00000000255a0000,0x00000000256a0000)]
  0x0000000001ced000 JavaThread "Reference Handler" daemon [_thread_blocked, id=15592, stack(0x00000000254a0000,0x00000000255a0000)]
  0x0000000001c02800 JavaThread "main" [_thread_blocked, id=5600, stack(0x0000000001ab0000,0x0000000001bb0000)]

Other Threads:
  0x00000000242d5800 VMThread [stack: 0x00000000253a0000,0x00000000254a0000] [id=14804]
  0x0000000025bdc000 WatcherThread [stack: 0x00000000260a0000,0x00000000261a0000] [id=2744]

VM state:not at safepoint (normal execution)

VM Mutex/Monitor currently owned by a thread: None

Heap:
 PSYoungGen      total 870912K, used 416809K [0x00000008d5580000, 0x000000091db00000, 0x0000000d00000000)
  eden space 603648K, 28% used [0x00000008d5580000,0x00000008dfb9ce50,0x00000008fa300000)
  from space 267264K, 92% used [0x00000008fa300000,0x00000009093ed7a0,0x000000090a800000)
  to   space 204288K, 0% used [0x000000090a800000,0x000000090a800000,0x0000000916f80000)
 ParOldGen       total 1193984K, used 826455K [0x0000000080000000, 0x00000000c8e00000, 0x00000008d5580000)
  object space 1193984K, 69% used [0x0000000080000000,0x00000000b2715db8,0x00000000c8e00000)
 Metaspace       used 6600K, capacity 6920K, committed 7168K, reserved 8192K

Card table byte_map: [0x00000000127c0000,0x0000000018bd0000] byte_map_base: 0x00000000123c0000

Marking Bits: (ParMarkBitMap*) 0x0000000076c4b460
 Begin Bits: [0x0000000d00000000, 0x0000000d32000000)
 End Bits:   [0x0000000d32000000, 0x0000000d64000000)

Polling page: 0x00000000016d0000

CodeCache: size=245760Kb used=11195Kb max_used=11760Kb free=234564Kb
 bounds [0x0000000003400000, 0x0000000003fa0000, 0x0000000012400000]
 total_blobs=2581 nmethods=2315 adapters=179
 compilation: enabled

Compilation events (10 events):
Event: 34.220 Thread 0x000000002430c800 nmethod 2709 0x0000000003b05350 code [0x0000000003b05500, 0x0000000003b06698]
Event: 34.220 Thread 0x000000002430c800 2696       4       com.android.dx.util.ListIntSet::<init> (23 bytes)
Event: 34.222 Thread 0x000000002430c800 nmethod 2696 0x00000000036600d0 code [0x0000000003660220, 0x00000000036603b8]
Event: 34.223 Thread 0x000000002430c800 2732       4       com.android.dx.cf.code.ExecutionStack::clear (40 bytes)
Event: 34.225 Thread 0x000000002430c800 nmethod 2732 0x000000000366f290 code [0x000000000366f3c0, 0x000000000366f498]
Event: 34.231 Thread 0x000000002430c800 2733       4       com.android.dx.ssa.back.FirstFitLocalCombiningAllocator::handleUnassociatedParameters (60 bytes)
Event: 34.243 Thread 0x000000002430c800 nmethod 2733 0x00000000036d16d0 code [0x00000000036d1880, 0x00000000036d1f68]
Event: 34.243 Thread 0x000000002430c800 2734       4       com.android.dx.ssa.back.FirstFitLocalCombiningAllocator::handlePhiInsns (36 bytes)
Event: 34.276 Thread 0x0000000024313800 2739       3       com.android.dx.rop.cst.CstLiteral64::equals (36 bytes)
Event: 34.276 Thread 0x0000000024313800 nmethod 2739 0x0000000003799390 code [0x0000000003799500, 0x0000000003799950]

GC Heap History (10 events):
Event: 23.859 GC heap before
{Heap before GC invocations=19 (full 4):
 PSYoungGen      total 637440K, used 501248K [0x00000008d5580000, 0x000000090ff00000, 0x0000000d00000000)
  eden space 501248K, 100% used [0x00000008d5580000,0x00000008f3f00000,0x00000008f3f00000)
  from space 136192K, 0% used [0x00000008f3f00000,0x00000008f3f00000,0x00000008fc400000)
  to   space 179200K, 0% used [0x0000000905000000,0x0000000905000000,0x000000090ff00000)
 ParOldGen       total 821760K, used 570648K [0x0000000080000000, 0x00000000b2280000, 0x00000008d5580000)
  object space 821760K, 69% used [0x0000000080000000,0x00000000a2d46158,0x00000000b2280000)
 Metaspace       used 6587K, capacity 6920K, committed 7168K, reserved 8192K
Event: 23.962 GC heap after
Heap after GC invocations=19 (full 4):
 PSYoungGen      total 726528K, used 83759K [0x00000008d5580000, 0x000000090e100000, 0x0000000d00000000)
  eden space 578048K, 0% used [0x00000008d5580000,0x00000008d5580000,0x00000008f8a00000)
  from space 148480K, 56% used [0x0000000905000000,0x000000090a1cbf30,0x000000090e100000)
  to   space 175616K, 0% used [0x00000008f8a00000,0x00000008f8a00000,0x0000000903580000)
 ParOldGen       total 821760K, used 570656K [0x0000000080000000, 0x00000000b2280000, 0x00000008d5580000)
  object space 821760K, 69% used [0x0000000080000000,0x00000000a2d48158,0x00000000b2280000)
 Metaspace       used 6587K, capacity 6920K, committed 7168K, reserved 8192K
}
Event: 25.783 GC heap before
{Heap before GC invocations=20 (full 4):
 PSYoungGen      total 726528K, used 661807K [0x00000008d5580000, 0x000000090e100000, 0x0000000d00000000)
  eden space 578048K, 100% used [0x00000008d5580000,0x00000008f8a00000,0x00000008f8a00000)
  from space 148480K, 56% used [0x0000000905000000,0x000000090a1cbf30,0x000000090e100000)
  to   space 175616K, 0% used [0x00000008f8a00000,0x00000008f8a00000,0x0000000903580000)
 ParOldGen       total 821760K, used 570656K [0x0000000080000000, 0x00000000b2280000, 0x00000008d5580000)
  object space 821760K, 69% used [0x0000000080000000,0x00000000a2d48158,0x00000000b2280000)
 Metaspace       used 6599K, capacity 6920K, committed 7168K, reserved 8192K
Event: 25.975 GC heap after
Heap after GC invocations=20 (full 4):
 PSYoungGen      total 753664K, used 173683K [0x00000008d5580000, 0x0000000916f80000, 0x0000000d00000000)
  eden space 578048K, 0% used [0x00000008d5580000,0x00000008d5580000,0x00000008f8a00000)
  from space 175616K, 98% used [0x00000008f8a00000,0x000000090339cc40,0x0000000903580000)
  to   space 204288K, 0% used [0x000000090a800000,0x000000090a800000,0x0000000916f80000)
 ParOldGen       total 821760K, used 570656K [0x0000000080000000, 0x00000000b2280000, 0x00000008d5580000)
  object space 821760K, 69% used [0x0000000080000000,0x00000000a2d48158,0x00000000b2280000)
 Metaspace       used 6599K, capacity 6920K, committed 7168K, reserved 8192K
}
Event: 27.239 GC heap before
{Heap before GC invocations=21 (full 4):
 PSYoungGen      total 753664K, used 751731K [0x00000008d5580000, 0x0000000916f80000, 0x0000000d00000000)
  eden space 578048K, 100% used [0x00000008d5580000,0x00000008f8a00000,0x00000008f8a00000)
  from space 175616K, 98% used [0x00000008f8a00000,0x000000090339cc40,0x0000000903580000)
  to   space 204288K, 0% used [0x000000090a800000,0x000000090a800000,0x0000000916f80000)
 ParOldGen       total 821760K, used 570656K [0x0000000080000000, 0x00000000b2280000, 0x00000008d5580000)
  object space 821760K, 69% used [0x0000000080000000,0x00000000a2d48158,0x00000000b2280000)
 Metaspace       used 6600K, capacity 6920K, committed 7168K, reserved 8192K
Event: 27.607 GC heap after
Heap after GC invocations=21 (full 4):
 PSYoungGen      total 807936K, used 204277K [0x00000008d5580000, 0x000000091db00000, 0x0000000d00000000)
  eden space 603648K, 0% used [0x00000008d5580000,0x00000008d5580000,0x00000008fa300000)
  from space 204288K, 99% used [0x000000090a800000,0x0000000916f7d630,0x0000000916f80000)
  to   space 267264K, 0% used [0x00000008fa300000,0x00000008fa300000,0x000000090a800000)
 ParOldGen       total 821760K, used 647309K [0x0000000080000000, 0x00000000b2280000, 0x00000008d5580000)
  object space 821760K, 78% used [0x0000000080000000,0x00000000a7823448,0x00000000b2280000)
 Metaspace       used 6600K, capacity 6920K, committed 7168K, reserved 8192K
}
Event: 29.531 GC heap before
{Heap before GC invocations=22 (full 4):
 PSYoungGen      total 807936K, used 807925K [0x00000008d5580000, 0x000000091db00000, 0x0000000d00000000)
  eden space 603648K, 100% used [0x00000008d5580000,0x00000008fa300000,0x00000008fa300000)
  from space 204288K, 99% used [0x000000090a800000,0x0000000916f7d630,0x0000000916f80000)
  to   space 267264K, 0% used [0x00000008fa300000,0x00000008fa300000,0x000000090a800000)
 ParOldGen       total 821760K, used 647309K [0x0000000080000000, 0x00000000b2280000, 0x00000008d5580000)
  object space 821760K, 78% used [0x0000000080000000,0x00000000a7823448,0x00000000b2280000)
 Metaspace       used 6600K, capacity 6920K, committed 7168K, reserved 8192K
Event: 29.924 GC heap after
Heap after GC invocations=22 (full 4):
 PSYoungGen      total 870912K, used 267247K [0x00000008d5580000, 0x000000091db00000, 0x0000000d00000000)
  eden space 603648K, 0% used [0x00000008d5580000,0x00000008d5580000,0x00000008fa300000)
  from space 267264K, 99% used [0x00000008fa300000,0x000000090a7fbdc8,0x000000090a800000)
  to   space 204288K, 0% used [0x000000090a800000,0x000000090a800000,0x0000000916f80000)
 ParOldGen       total 826880K, used 825578K [0x0000000080000000, 0x00000000b2780000, 0x00000008d5580000)
  object space 826880K, 99% used [0x0000000080000000,0x00000000b263a9c8,0x00000000b2780000)
 Metaspace       used 6600K, capacity 6920K, committed 7168K, reserved 8192K
}
Event: 29.924 GC heap before
{Heap before GC invocations=23 (full 5):
 PSYoungGen      total 870912K, used 267247K [0x00000008d5580000, 0x000000091db00000, 0x0000000d00000000)
  eden space 603648K, 0% used [0x00000008d5580000,0x00000008d5580000,0x00000008fa300000)
  from space 267264K, 99% used [0x00000008fa300000,0x000000090a7fbdc8,0x000000090a800000)
  to   space 204288K, 0% used [0x000000090a800000,0x000000090a800000,0x0000000916f80000)
 ParOldGen       total 826880K, used 825578K [0x0000000080000000, 0x00000000b2780000, 0x00000008d5580000)
  object space 826880K, 99% used [0x0000000080000000,0x00000000b263a9c8,0x00000000b2780000)
 Metaspace       used 6600K, capacity 6920K, committed 7168K, reserved 8192K
Event: 34.054 GC heap after
Heap after GC invocations=23 (full 5):
 PSYoungGen      total 870912K, used 246709K [0x00000008d5580000, 0x000000091db00000, 0x0000000d00000000)
  eden space 603648K, 0% used [0x00000008d5580000,0x00000008d5580000,0x00000008fa300000)
  from space 267264K, 92% used [0x00000008fa300000,0x00000009093ed7a0,0x000000090a800000)
  to   space 204288K, 0% used [0x000000090a800000,0x000000090a800000,0x0000000916f80000)
 ParOldGen       total 1193984K, used 826455K [0x0000000080000000, 0x00000000c8e00000, 0x00000008d5580000)
  object space 1193984K, 69% used [0x0000000080000000,0x00000000b2715db8,0x00000000c8e00000)
 Metaspace       used 6600K, capacity 6920K, committed 7168K, reserved 8192K
}

Deoptimization events (10 events):
Event: 29.293 Thread 0x000000002625c800 Uncommon trap: reason=class_check action=maybe_recompile pc=0x000000000354bbcc method=com.android.dx.ssa.back.InterferenceGraph.mergeInterferenceSet(ILcom/android/dx/util/IntSet;)V @ 20
Event: 29.293 Thread 0x000000002625c800 Uncommon trap: reason=class_check action=maybe_recompile pc=0x000000000380d03c method=com.android.dx.util.BitIntSet.merge(Lcom/android/dx/util/IntSet;)V @ 1
Event: 29.295 Thread 0x000000002625c800 Uncommon trap: reason=class_check action=maybe_recompile pc=0x0000000003577ed4 method=com.android.dx.ssa.back.InterferenceGraph.mergeInterferenceSet(ILcom/android/dx/util/IntSet;)V @ 20
Event: 29.295 Thread 0x000000002625c800 Uncommon trap: reason=class_check action=maybe_recompile pc=0x000000000380d03c method=com.android.dx.util.BitIntSet.merge(Lcom/android/dx/util/IntSet;)V @ 1
Event: 29.295 Thread 0x000000002625c800 Uncommon trap: reason=class_check action=maybe_recompile pc=0x0000000003577ed4 method=com.android.dx.ssa.back.InterferenceGraph.mergeInterferenceSet(ILcom/android/dx/util/IntSet;)V @ 20
Event: 29.295 Thread 0x000000002625c800 Uncommon trap: reason=class_check action=maybe_recompile pc=0x000000000380d03c method=com.android.dx.util.BitIntSet.merge(Lcom/android/dx/util/IntSet;)V @ 1
Event: 29.358 Thread 0x0000000001c02800 Uncommon trap: reason=class_check action=maybe_recompile pc=0x000000000354bbcc method=com.android.dx.ssa.back.InterferenceGraph.mergeInterferenceSet(ILcom/android/dx/util/IntSet;)V @ 20
Event: 29.358 Thread 0x0000000001c02800 Uncommon trap: reason=class_check action=maybe_recompile pc=0x000000000380d03c method=com.android.dx.util.BitIntSet.merge(Lcom/android/dx/util/IntSet;)V @ 1
Event: 29.359 Thread 0x0000000001c02800 Uncommon trap: reason=class_check action=maybe_recompile pc=0x0000000003577ed4 method=com.android.dx.ssa.back.InterferenceGraph.mergeInterferenceSet(ILcom/android/dx/util/IntSet;)V @ 20
Event: 29.367 Thread 0x000000002625c800 Uncommon trap: reason=class_check action=maybe_recompile pc=0x0000000003e26a00 method=com.android.dx.ssa.back.InterferenceGraph.mergeInterferenceSet(ILcom/android/dx/util/IntSet;)V @ 20

Internal exceptions (10 events):
Event: 1.744 Thread 0x00000000264df800 Exception <a 'java/lang/ArrayIndexOutOfBoundsException': 145> (0x00000008dae9e728) thrown at [D:\re\workspace\8-2-build-windows-amd64-cygwin\jdk8u20\1074\hotspot\src\share\vm\interpreter\interpreterRuntime.cpp, line 366]
Event: 1.745 Thread 0x00000000264df800 Exception <a 'java/lang/ArrayIndexOutOfBoundsException'> (0x00000008dae9ff70) thrown at [D:\re\workspace\8-2-build-windows-amd64-cygwin\jdk8u20\1074\hotspot\src\share\vm\runtime\sharedRuntime.cpp, line 604]
Event: 2.903 Thread 0x00000000264de800 Exception <a 'java/security/PrivilegedActionException'> (0x00000008d8569f20) thrown at [D:\re\workspace\8-2-build-windows-amd64-cygwin\jdk8u20\1074\hotspot\src\share\vm\prims\jvm.cpp, line 1275]
Event: 10.118 Thread 0x0000000001c02800 Exception <a 'java/security/PrivilegedActionException'> (0x00000008e30cde78) thrown at [D:\re\workspace\8-2-build-windows-amd64-cygwin\jdk8u20\1074\hotspot\src\share\vm\prims\jvm.cpp, line 1275]
Event: 10.122 Thread 0x0000000001c02800 Implicit null exception at 0x00000000035a72e8 to 0x00000000035a78d9
Event: 24.640 Thread 0x00000000264df800 Exception <a 'java/security/PrivilegedActionException'> (0x00000008e25f4358) thrown at [D:\re\workspace\8-2-build-windows-amd64-cygwin\jdk8u20\1074\hotspot\src\share\vm\prims\jvm.cpp, line 1275]
Event: 24.849 Thread 0x000000002625c800 Exception <a 'java/security/PrivilegedActionException'> (0x00000008e6eeb980) thrown at [D:\re\workspace\8-2-build-windows-amd64-cygwin\jdk8u20\1074\hotspot\src\share\vm\prims\jvm.cpp, line 1275]
Event: 24.858 Thread 0x000000002625c800 Exception <a 'java/security/PrivilegedActionException'> (0x00000008e6f5a250) thrown at [D:\re\workspace\8-2-build-windows-amd64-cygwin\jdk8u20\1074\hotspot\src\share\vm\prims\jvm.cpp, line 1275]
Event: 24.889 Thread 0x0000000001c02800 Exception <a 'java/security/PrivilegedActionException'> (0x00000008e6d2bfe8) thrown at [D:\re\workspace\8-2-build-windows-amd64-cygwin\jdk8u20\1074\hotspot\src\share\vm\prims\jvm.cpp, line 1275]
Event: 26.999 Thread 0x0000000025f83000 Exception <a 'java/security/PrivilegedActionException'> (0x00000008f1c0fbc8) thrown at [D:\re\workspace\8-2-build-windows-amd64-cygwin\jdk8u20\1074\hotspot\src\share\vm\prims\jvm.cpp, line 1275]

Events (10 events):
Event: 29.359 Thread 0x0000000001c02800 Uncommon trap: trap_request=0xffffffde fr.pc=0x0000000003577ed4
Event: 29.359 Thread 0x0000000001c02800 DEOPT PACKING pc=0x0000000003577ed4 sp=0x0000000001badf70
Event: 29.359 Thread 0x0000000001c02800 DEOPT UNPACKING pc=0x000000000344556a sp=0x0000000001badef0 mode 2
Event: 29.367 Thread 0x000000002625c800 Uncommon trap: trap_request=0xffffffde fr.pc=0x0000000003e26a00
Event: 29.367 Thread 0x000000002625c800 DEOPT PACKING pc=0x0000000003e26a00 sp=0x0000000027a6e490
Event: 29.368 Thread 0x000000002625c800 DEOPT UNPACKING pc=0x000000000344556a sp=0x0000000027a6e2f8 mode 2
Event: 29.528 Executing VM operation: ParallelGCFailedAllocation
Event: 34.054 Executing VM operation: ParallelGCFailedAllocation done
Event: 34.244 Thread 0x00000000264df800 DEOPT PACKING pc=0x0000000003b76904 sp=0x0000000027e6f000
Event: 34.244 Thread 0x00000000264df800 DEOPT UNPACKING pc=0x00000000034475bf sp=0x0000000027e6ede0 mode 0


Dynamic libraries:
0x00007ff6c44d0000 - 0x00007ff6c4504000 	C:\Program Files\Java\jdk1.8.0_20\bin\java.exe
0x00007ffd3f9f0000 - 0x00007ffd3fbc1000 	C:\WINDOWS\SYSTEM32\ntdll.dll
0x00007ffd3ee50000 - 0x00007ffd3eefb000 	C:\WINDOWS\System32\KERNEL32.DLL
0x00007ffd3c940000 - 0x00007ffd3cb5d000 	C:\WINDOWS\System32\KERNELBASE.dll
0x00007ffd3d2d0000 - 0x00007ffd3d372000 	C:\WINDOWS\System32\ADVAPI32.dll
0x00007ffd3f8c0000 - 0x00007ffd3f95e000 	C:\WINDOWS\System32\msvcrt.dll
0x00007ffd3f990000 - 0x00007ffd3f9e9000 	C:\WINDOWS\System32\sechost.dll
0x00007ffd3f400000 - 0x00007ffd3f521000 	C:\WINDOWS\System32\RPCRT4.dll
0x00007ffd3d430000 - 0x00007ffd3d595000 	C:\WINDOWS\System32\USER32.dll
0x00007ffd3cd90000 - 0x00007ffd3cdae000 	C:\WINDOWS\System32\win32u.dll
0x00007ffd3d380000 - 0x00007ffd3d3b4000 	C:\WINDOWS\System32\GDI32.dll
0x00007ffd3bf30000 - 0x00007ffd3c0b2000 	C:\WINDOWS\System32\gdi32full.dll
0x00007ffd389f0000 - 0x00007ffd38c69000 	C:\WINDOWS\WinSxS\amd64_microsoft.windows.common-controls_6595b64144ccf1df_6.0.14393.0_none_2d0f50fcbdb171b8\COMCTL32.dll
0x00007ffd3f5d0000 - 0x00007ffd3f897000 	C:\WINDOWS\System32\combase.dll
0x00007ffd3c0c0000 - 0x00007ffd3c1b5000 	C:\WINDOWS\System32\ucrtbase.dll
0x00007ffd3ccc0000 - 0x00007ffd3cd2a000 	C:\WINDOWS\System32\bcryptPrimitives.dll
0x00007ffd3f960000 - 0x00007ffd3f98e000 	C:\WINDOWS\System32\IMM32.DLL
0x0000000076cd0000 - 0x0000000076da2000 	C:\Program Files\Java\jdk1.8.0_20\jre\bin\msvcr100.dll
0x0000000076470000 - 0x0000000076cc8000 	C:\Program Files\Java\jdk1.8.0_20\jre\bin\server\jvm.dll
0x00007ffd3ef60000 - 0x00007ffd3ef68000 	C:\WINDOWS\System32\PSAPI.DLL
0x00007ffd31d50000 - 0x00007ffd31d59000 	C:\WINDOWS\SYSTEM32\WSOCK32.dll
0x00007ffd3a390000 - 0x00007ffd3a3b3000 	C:\WINDOWS\SYSTEM32\WINMM.dll
0x00007ffd3d3c0000 - 0x00007ffd3d42a000 	C:\WINDOWS\System32\WS2_32.dll
0x00000000016a0000 - 0x00000000016cb000 	C:\WINDOWS\SYSTEM32\WINMMBASE.dll
0x00007ffd3bee0000 - 0x00007ffd3bf22000 	C:\WINDOWS\System32\cfgmgr32.dll
0x0000000050030000 - 0x000000005003f000 	C:\Program Files\Java\jdk1.8.0_20\jre\bin\verify.dll
0x0000000050000000 - 0x0000000050028000 	C:\Program Files\Java\jdk1.8.0_20\jre\bin\java.dll
0x0000000077fe0000 - 0x0000000077ff6000 	C:\Program Files\Java\jdk1.8.0_20\jre\bin\zip.dll
0x00007ffd3d6e0000 - 0x00007ffd3ebe8000 	C:\WINDOWS\System32\SHELL32.dll
0x00007ffd3c1c0000 - 0x00007ffd3c89a000 	C:\WINDOWS\System32\windows.storage.dll
0x00007ffd3be80000 - 0x00007ffd3becc000 	C:\WINDOWS\System32\powrprof.dll
0x00007ffd3ef00000 - 0x00007ffd3ef52000 	C:\WINDOWS\System32\shlwapi.dll
0x00007ffd3bed0000 - 0x00007ffd3bedf000 	C:\WINDOWS\System32\kernel.appcore.dll
0x00007ffd3cb60000 - 0x00007ffd3cc09000 	C:\WINDOWS\System32\shcore.dll
0x00007ffd3be50000 - 0x00007ffd3be64000 	C:\WINDOWS\System32\profapi.dll
0x00007ffd2d520000 - 0x00007ffd2d6b2000 	C:\WINDOWS\SYSTEM32\dbghelp.dll

VM Arguments:
jvm_args: -Djava.awt.headless=true -Xmx50g -Dfile.encoding=windows-1251 -Duser.country=RU -Duser.language=ru -Duser.variant 
java_command: com.android.dx.command.Main --dex --num-threads=4 --multi-dex --main-dex-list C:\Users\User\Documents\GitHub\iCRM\iCRM\app\build\intermediates\multi-dex\debug\maindexlist.txt --output C:\Users\User\Documents\GitHub\iCRM\iCRM\app\build\intermediates\transforms\dex\debug\folders\1000\1f\main C:\Users\User\Documents\GitHub\iCRM\iCRM\app\build\intermediates\transforms\jarMerging\debug\jars\1\1f\combined.jar
java_class_path (initial): C:\Users\User\AppData\Local\Android\sdk\build-tools\23.0.3\lib\dx.jar
Launcher Type: SUN_STANDARD

Environment Variables:
PATH=C:\ProgramData\Oracle\Java\javapath;C:\Program Files\Broadcom\Broadcom 802.11 Network Adapter;C:\Program Files (x86)\NVIDIA Corporation\PhysX\Common;C:\Program Files (x86)\Intel\iCLS Client\;C:\Program Files\Intel\iCLS Client\;C:\Windows\system32;C:\Windows;C:\Windows\System32\Wbem;C:\Windows\System32\WindowsPowerShell\v1.0\;C:\Program Files\Intel\Intel(R) Management Engine Components\DAL;C:\Program Files\Intel\Intel(R) Management Engine Components\IPT;C:\Program Files (x86)\Intel\Intel(R) Management Engine Components\DAL;C:\Program Files (x86)\Intel\Intel(R) Management Engine Components\IPT;C:\Program Files\WIDCOMM\Bluetooth Software\;C:\Program Files\WIDCOMM\Bluetooth Software\syswow64;C:\Program Files\Acer\Remote Files\;C:\Program Files (x86)\Skype\Phone\;C:\Program Files\OpenVPN\bin;C:\WINDOWS\system32;C:\WINDOWS;C:\WINDOWS\System32\Wbem;C:\WINDOWS\System32\WindowsPowerShell\v1.0\;C:\Users\User\AppData\Local\Microsoft\WindowsApps;
USERNAME=User
OS=Windows_NT
PROCESSOR_IDENTIFIER=Intel64 Family 6 Model 69 Stepping 1, GenuineIntel



---------------  S Y S T E M  ---------------

OS: Windows 8.1 , 64 bit Build 9600 

CPU:total 4 (2 cores per cpu, 2 threads per core) family 6 model 69 stepping 1, cmov, cx8, fxsr, mmx, sse, sse2, sse3, ssse3, sse4.1, sse4.2, popcnt, avx, avx2, aes, clmul, erms, lzcnt, ht, tsc, tscinvbit, bmi1, bmi2

Memory: 4k page, physical 8310040k(1080280k free), swap 12406040k(7072k free)

vm_info: Java HotSpot(TM) 64-Bit Server VM (25.20-b23) for windows-amd64 JRE (1.8.0_20-b26), built on Jul 30 2014 13:51:23 by "java_re" with MS VC++ 10.0 (VS2010)

time: Fri Oct 28 21:07:04 2016
elapsed time: 34 seconds (0d 0h 0m 34s)

