#
# There is insufficient memory for the Java Runtime Environment to continue.
# Native memory allocation (malloc) failed to allocate 32784 bytes for Chunk::new
# Possible reasons:
#   The system is out of physical RAM or swap space
#   In 32 bit mode, the process size limit was hit
# Possible solutions:
#   Reduce memory load on the system
#   Increase physical memory or swap space
#   Check if swap backing store is full
#   Use 64 bit Java on a 64 bit OS
#   Decrease Java heap size (-Xmx/-Xms)
#   Decrease number of Java threads
#   Decrease Java thread stack sizes (-Xss)
#   Set larger code cache with -XX:ReservedCodeCacheSize=
# This output file may be truncated or incomplete.
#
#  Out of Memory Error (allocation.cpp:390), pid=16764, tid=0x0000000000003e08
#
# JRE version: OpenJDK Runtime Environment (8.0_112-b06) (build 1.8.0_112-release-b06)
# Java VM: OpenJDK 64-Bit Server VM (25.112-b06 mixed mode windows-amd64 )
# Failed to write core dump. Minidumps are not enabled by default on client versions of Windows
#

---------------  T H R E A D  ---------------

Current thread (0x00000000238b8000):  JavaThread "C2 CompilerThread1" daemon [_thread_in_native, id=15880, stack(0x0000000024fa0000,0x00000000250a0000)]

Stack: [0x0000000024fa0000,0x00000000250a0000]
[error occurred during error reporting (printing stack bounds), id 0xc0000005]

Native frames: (J=compiled Java code, j=interpreted, Vv=VM code, C=native code)


Current CompileTask:
C2:  14642 1052       4       com.android.dx.ssa.SsaMethod::deleteInsns (239 bytes)


---------------  P R O C E S S  ---------------

Java Threads: ( => current thread )
  0x0000000025333800 JavaThread "pool-2-thread-4" [_thread_blocked, id=15804, stack(0x0000000025ba0000,0x0000000025ca0000)]
  0x00000000252ff000 JavaThread "pool-2-thread-3" [_thread_blocked, id=10416, stack(0x0000000025aa0000,0x0000000025ba0000)]
  0x00000000252e7800 JavaThread "pool-2-thread-2" [_thread_blocked, id=12208, stack(0x00000000259a0000,0x0000000025aa0000)]
  0x00000000252e6800 JavaThread "pool-3-thread-1" [_thread_blocked, id=5752, stack(0x00000000258a0000,0x00000000259a0000)]
  0x00000000252e1800 JavaThread "pool-2-thread-1" [_thread_blocked, id=15628, stack(0x00000000257a0000,0x00000000258a0000)]
  0x00000000251a4000 JavaThread "Service Thread" daemon [_thread_blocked, id=13276, stack(0x00000000255a0000,0x00000000256a0000)]
  0x00000000238bb000 JavaThread "C1 CompilerThread2" daemon [_thread_blocked, id=7672, stack(0x00000000250a0000,0x00000000251a0000)]
=>0x00000000238b8000 JavaThread "C2 CompilerThread1" daemon [_thread_in_native, id=15880, stack(0x0000000024fa0000,0x00000000250a0000)]
  0x000000002385b800 JavaThread "C2 CompilerThread0" daemon [_thread_blocked, id=9084, stack(0x0000000024ea0000,0x0000000024fa0000)]
  0x000000002385a800 JavaThread "Attach Listener" daemon [_thread_blocked, id=6456, stack(0x0000000024da0000,0x0000000024ea0000)]
  0x0000000023866800 JavaThread "Signal Dispatcher" daemon [_thread_blocked, id=16460, stack(0x0000000024ca0000,0x0000000024da0000)]
  0x00000000013cc000 JavaThread "Finalizer" daemon [_thread_blocked, id=7532, stack(0x0000000024ab0000,0x0000000024bb0000)]
  0x00000000013c1000 JavaThread "Reference Handler" daemon [_thread_blocked, id=11508, stack(0x00000000249b0000,0x0000000024ab0000)]
  0x00000000012d0800 JavaThread "main" [_thread_in_native, id=16576, stack(0x0000000001150000,0x0000000001250000)]

Other Threads:
  0x0000000023824800 VMThread [stack: 0x00000000248b0000,0x00000000249b0000] [id=10904]
  0x00000000251a6000 WatcherThread [stack: 0x00000000256a0000,0x00000000257a0000] [id=14204]

VM state:not at safepoint (normal execution)

VM Mutex/Monitor currently owned by a thread: None

Heap:
 PSYoungGen      total 38400K, used 27241K [0x00000008d5580000, 0x00000008d8000000, 0x0000000d00000000)
  eden space 33280K, 81% used [0x00000008d5580000,0x00000008d701a648,0x00000008d7600000)
  from space 5120K, 0% used [0x00000008d7b00000,0x00000008d7b00000,0x00000008d8000000)
  to   space 5120K, 0% used [0x00000008d7600000,0x00000008d7600000,0x00000008d7b00000)
 ParOldGen       total 87552K, used 0K [0x0000000080000000, 0x0000000085580000, 0x00000008d5580000)
  object space 87552K, 0% used [0x0000000080000000,0x0000000080000000,0x0000000085580000)
 Metaspace       used 5586K, capacity 6344K, committed 6400K, reserved 8192K

Card table byte_map: [0x0000000012400000,0x0000000018810000] byte_map_base: 0x0000000012000000

Marking Bits: (ParMarkBitMap*) 0x0000000066d518f0
 Begin Bits: [0x0000000d00000000, 0x0000000d32000000)
 End Bits:   [0x0000000d32000000, 0x0000000d64000000)

Polling page: 0x0000000000dc0000

CodeCache: size=245760Kb used=4245Kb max_used=4252Kb free=241514Kb
 bounds [0x0000000003400000, 0x0000000003830000, 0x0000000012400000]
 total_blobs=1311 nmethods=1051 adapters=174
 compilation: enabled

Compilation events (10 events):
Event: 13.778 Thread 0x00000000238b8000 nmethod 1046 0x0000000003826e10 code [0x0000000003826f60, 0x0000000003827258]
Event: 13.888 Thread 0x000000002385b800 1048       4       java.lang.String::getChars (62 bytes)
Event: 13.890 Thread 0x000000002385b800 nmethod 1048 0x00000000038269d0 code [0x0000000003826b20, 0x0000000003826c78]
Event: 13.960 Thread 0x00000000238b8000 1049       4       com.android.dx.rop.code.RegisterSpecList::get (9 bytes)
Event: 13.961 Thread 0x000000002385b800 1050       4       com.android.dx.dex.code.DalvInsn::<init> (67 bytes)
Event: 13.961 Thread 0x00000000238b8000 nmethod 1049 0x0000000003826690 code [0x00000000038267e0, 0x00000000038268b8]
Event: 13.961 Thread 0x000000002385b800 nmethod 1050 0x0000000003829350 code [0x0000000003829480, 0x0000000003829558]
Event: 14.627 Thread 0x00000000238bb000 1051       3       com.android.dx.rop.type.Prototype::withFirstParameter (68 bytes)
Event: 14.628 Thread 0x00000000238b8000 1052       4       com.android.dx.ssa.SsaMethod::deleteInsns (239 bytes)
Event: 14.628 Thread 0x00000000238bb000 nmethod 1051 0x0000000003823bd0 code [0x0000000003823e00, 0x00000000038249d8]

GC Heap History (0 events):
No events

Deoptimization events (10 events):
Event: 3.280 Thread 0x00000000252e7800 Uncommon trap: reason=speculate_class_check action=maybe_recompile pc=0x00000000035c7fec method=com.android.dx.rop.cst.Constant.compareTo(Lcom/android/dx/rop/cst/Constant;)I @ 29
Event: 3.280 Thread 0x00000000252e7800 Uncommon trap: reason=speculate_class_check action=maybe_recompile pc=0x00000000035c7fec method=com.android.dx.rop.cst.Constant.compareTo(Lcom/android/dx/rop/cst/Constant;)I @ 29
Event: 3.280 Thread 0x00000000252e7800 Uncommon trap: reason=speculate_class_check action=maybe_recompile pc=0x00000000035c7fec method=com.android.dx.rop.cst.Constant.compareTo(Lcom/android/dx/rop/cst/Constant;)I @ 29
Event: 3.280 Thread 0x00000000252e7800 Uncommon trap: reason=speculate_class_check action=maybe_recompile pc=0x00000000035c7fec method=com.android.dx.rop.cst.Constant.compareTo(Lcom/android/dx/rop/cst/Constant;)I @ 29
Event: 3.968 Thread 0x0000000025333800 Uncommon trap: reason=unstable_if action=reinterpret pc=0x000000000361aa24 method=java.util.HashMap.getNode(ILjava/lang/Object;)Ljava/util/HashMap$Node; @ 62
Event: 4.056 Thread 0x0000000025333800 Uncommon trap: reason=unstable_if action=reinterpret pc=0x000000000360ea54 method=com.android.dx.rop.cst.CstFieldRef.compareTo0(Lcom/android/dx/rop/cst/Constant;)I @ 7
Event: 4.056 Thread 0x0000000025333800 Uncommon trap: reason=unstable_if action=reinterpret pc=0x00000000035d1aac method=com.android.dx.rop.cst.CstFieldRef.compareTo0(Lcom/android/dx/rop/cst/Constant;)I @ 7
Event: 4.056 Thread 0x0000000025333800 Uncommon trap: reason=unstable_if action=reinterpret pc=0x00000000035c70cc method=com.android.dx.rop.cst.CstFieldRef.compareTo0(Lcom/android/dx/rop/cst/Constant;)I @ 7
Event: 9.292 Thread 0x00000000252ff000 Uncommon trap: reason=class_check action=maybe_recompile pc=0x00000000037c26b4 method=com.android.dx.cf.code.BytecodeArray.parseInstruction(ILcom/android/dx/cf/code/BytecodeArray$Visitor;)I @ 1224
Event: 9.294 Thread 0x00000000252ff000 Uncommon trap: reason=class_check action=maybe_recompile pc=0x00000000037c26b4 method=com.android.dx.cf.code.BytecodeArray.parseInstruction(ILcom/android/dx/cf/code/BytecodeArray$Visitor;)I @ 1224

Internal exceptions (2 events):
Event: 0.059 Thread 0x00000000012d0800 Exception <a 'java/lang/NoSuchMethodError': Method sun.misc.Unsafe.defineClass(Ljava/lang/String;[BII)Ljava/lang/Class; name or signature does not match> (0x00000008d558b8b8) thrown at [C:\src\android\AOSP-openjdk\external\jetbrains\jdk\hotspot\src\share\vñ{´
Event: 0.059 Thread 0x00000000012d0800 Exception <a 'java/lang/NoSuchMethodError': Method sun.misc.Unsafe.prefetchRead(Ljava/lang/Object;J)V name or signature does not match> (0x00000008d558bc80) thrown at [C:\src\android\AOSP-openjdk\external\jetbrains\jdk\hotspot\src\share\vm\prims\jni.cpp, l

Events (10 events):
Event: 6.710 loading class java/util/ArrayList$1
Event: 6.710 loading class java/util/ArrayList$1 done
Event: 8.623 loading class com/android/dx/cf/iface/ParseObserver
Event: 8.623 loading class com/android/dx/cf/iface/ParseObserver done
Event: 9.292 Thread 0x00000000252ff000 Uncommon trap: trap_request=0xffffffde fr.pc=0x00000000037c26b4
Event: 9.292 Thread 0x00000000252ff000 DEOPT PACKING pc=0x00000000037c26b4 sp=0x0000000025b9ec80
Event: 9.292 Thread 0x00000000252ff000 DEOPT UNPACKING pc=0x000000000344556a sp=0x0000000025b9ebf8 mode 2
Event: 9.294 Thread 0x00000000252ff000 Uncommon trap: trap_request=0xffffffde fr.pc=0x00000000037c26b4
Event: 9.294 Thread 0x00000000252ff000 DEOPT PACKING pc=0x00000000037c26b4 sp=0x0000000025b9ea20
Event: 9.294 Thread 0x00000000252ff000 DEOPT UNPACKING pc=0x000000000344556a sp=0x0000000025b9e998 mode 2


Dynamic libraries:
0x00007ff65f660000 - 0x00007ff65f691000 	C:\Program Files\Android\Android Studio\jre\bin\java.exe
0x00007fff75380000 - 0x00007fff75551000 	C:\WINDOWS\SYSTEM32\ntdll.dll
0x00007fff73760000 - 0x00007fff7380b000 	C:\WINDOWS\System32\KERNEL32.DLL
0x00007fff71c60000 - 0x00007fff71e7d000 	C:\WINDOWS\System32\KERNELBASE.dll
0x00007fff72a80000 - 0x00007fff72b22000 	C:\WINDOWS\System32\ADVAPI32.dll
0x00007fff73120000 - 0x00007fff731be000 	C:\WINDOWS\System32\msvcrt.dll
0x00007fff73840000 - 0x00007fff73899000 	C:\WINDOWS\System32\sechost.dll
0x00007fff72b30000 - 0x00007fff72c51000 	C:\WINDOWS\System32\RPCRT4.dll
0x00007fff72910000 - 0x00007fff72a75000 	C:\WINDOWS\System32\USER32.dll
0x00007fff71ac0000 - 0x00007fff71ade000 	C:\WINDOWS\System32\win32u.dll
0x00007fff72d00000 - 0x00007fff72d34000 	C:\WINDOWS\System32\GDI32.dll
0x00007fff71e80000 - 0x00007fff72002000 	C:\WINDOWS\System32\gdi32full.dll
0x00007fff66140000 - 0x00007fff663ba000 	C:\WINDOWS\WinSxS\amd64_microsoft.windows.common-controls_6595b64144ccf1df_6.0.14393.953_none_42151e83c686086b\COMCTL32.dll
0x00007fff73390000 - 0x00007fff73658000 	C:\WINDOWS\System32\combase.dll
0x00007fff71910000 - 0x00007fff71a05000 	C:\WINDOWS\System32\ucrtbase.dll
0x00007fff71b90000 - 0x00007fff71bfa000 	C:\WINDOWS\System32\bcryptPrimitives.dll
0x00007fff73810000 - 0x00007fff7383e000 	C:\WINDOWS\System32\IMM32.DLL
0x0000000068430000 - 0x0000000068502000 	C:\Program Files\Android\Android Studio\jre\jre\bin\msvcr100.dll
0x0000000066590000 - 0x0000000066dcc000 	C:\Program Files\Android\Android Studio\jre\jre\bin\server\jvm.dll
0x00007fff730f0000 - 0x00007fff730f8000 	C:\WINDOWS\System32\PSAPI.DLL
0x00007fff66d40000 - 0x00007fff66d49000 	C:\WINDOWS\SYSTEM32\WSOCK32.dll
0x00007fff72d40000 - 0x00007fff72daa000 	C:\WINDOWS\System32\WS2_32.dll
0x00007fff6f720000 - 0x00007fff6f743000 	C:\WINDOWS\SYSTEM32\WINMM.dll
0x00007fff648a0000 - 0x00007fff648aa000 	C:\WINDOWS\SYSTEM32\VERSION.dll
0x00007fff6f6c0000 - 0x00007fff6f6eb000 	C:\WINDOWS\SYSTEM32\WINMMBASE.dll
0x00007fff72010000 - 0x00007fff72052000 	C:\WINDOWS\System32\cfgmgr32.dll
0x00007fff6f360000 - 0x00007fff6f36f000 	C:\Program Files\Android\Android Studio\jre\jre\bin\verify.dll
0x00007fff6d250000 - 0x00007fff6d279000 	C:\Program Files\Android\Android Studio\jre\jre\bin\java.dll
0x00007fff6e500000 - 0x00007fff6e516000 	C:\Program Files\Android\Android Studio\jre\jre\bin\zip.dll
0x00007fff73a40000 - 0x00007fff74f48000 	C:\WINDOWS\System32\SHELL32.dll
0x00007fff72230000 - 0x00007fff7290a000 	C:\WINDOWS\System32\windows.storage.dll
0x00007fff717f0000 - 0x00007fff7183c000 	C:\WINDOWS\System32\powrprof.dll
0x00007fff72e20000 - 0x00007fff72e72000 	C:\WINDOWS\System32\shlwapi.dll
0x00007fff717e0000 - 0x00007fff717ef000 	C:\WINDOWS\System32\kernel.appcore.dll
0x00007fff71a10000 - 0x00007fff71ab9000 	C:\WINDOWS\System32\shcore.dll
0x00007fff71850000 - 0x00007fff71864000 	C:\WINDOWS\System32\profapi.dll

VM Arguments:
jvm_args: -Djava.awt.headless=true -Xmx50g -Dfile.encoding=windows-1251 -Duser.country=RU -Duser.language=ru -Duser.variant 
java_command: com.android.dx.command.Main --dex --num-threads=4 --multi-dex --output C:\Users\User\Documents\GitHub\iCRM\iCRM\app\build\intermediates\transforms\dex\debug\folders\1000\1\retrolambda_34c6bec93c2ca5ecd762d0dced68cc56e1a389f8 C:\Users\User\Documents\GitHub\iCRM\iCRM\app\build\intermediates\transforms\retrolambda\debug\folders\1\1\retrolambda
java_class_path (initial): C:\Users\User\AppData\Local\Android\sdk\build-tools\25.0.2\lib\dx.jar
Launcher Type: SUN_STANDARD

Environment Variables:
PATH=C:\ProgramData\Oracle\Java\javapath;C:\Program Files\Broadcom\Broadcom 802.11 Network Adapter;C:\Program Files (x86)\NVIDIA Corporation\PhysX\Common;C:\Program Files (x86)\Intel\iCLS Client\;C:\Program Files\Intel\iCLS Client\;C:\Windows\system32;C:\Windows;C:\Windows\System32\Wbem;C:\Windows\System32\WindowsPowerShell\v1.0\;C:\Program Files\Intel\Intel(R) Management Engine Components\DAL;C:\Program Files\Intel\Intel(R) Management Engine Components\IPT;C:\Program Files (x86)\Intel\Intel(R) Management Engine Components\DAL;C:\Program Files (x86)\Intel\Intel(R) Management Engine Components\IPT;C:\Program Files\WIDCOMM\Bluetooth Software\;C:\Program Files\WIDCOMM\Bluetooth Software\syswow64;C:\Program Files\Acer\Remote Files\;C:\Program Files\OpenVPN\bin;C:\WINDOWS\system32;C:\WINDOWS;C:\WINDOWS\System32\Wbem;C:\WINDOWS\System32\WindowsPowerShell\v1.0\;C:\Users\User\AppData\Local\Microsoft\WindowsApps;
USERNAME=User
OS=Windows_NT
PROCESSOR_IDENTIFIER=Intel64 Family 6 Model 69 Stepping 1, GenuineIntel



---------------  S Y S T E M  ---------------

OS: Windows 10.0 , 64 bit Build 14393 (10.0.14393.0)

CPU:total 4 (2 cores per cpu, 2 threads per core) family 6 model 69 stepping 1, cmov, cx8, fxsr, mmx, sse, sse2, sse3, ssse3, sse4.1, sse4.2, popcnt, avx, avx2, aes, clmul, erms, lzcnt, ht, tsc, tscinvbit, bmi1, bmi2

Memory: 4k page, physical 8310040k(3984332k free), swap 12406040k(4032k free)

vm_info: OpenJDK 64-Bit Server VM (25.112-b06) for windows-amd64 JRE (1.8.0_112-release-b06), built on Dec  8 2016 00:54:26 by "builder" with MS VC++ 10.0 (VS2010)

time: Thu Apr 27 12:43:04 2017
elapsed time: 14 seconds (0d 0h 0m 14s)

