#
# There is insufficient memory for the Java Runtime Environment to continue.
# Native memory allocation (malloc) failed to allocate 711616 bytes for Chunk::new
# Possible reasons:
#   The system is out of physical RAM or swap space
#   In 32 bit mode, the process size limit was hit
# Possible solutions:
#   Reduce memory load on the system
#   Increase physical memory or swap space
#   Check if swap backing store is full
#   Use 64 bit Java on a 64 bit OS
#   Decrease Java heap size (-Xmx/-Xms)
#   Decrease number of Java threads
#   Decrease Java thread stack sizes (-Xss)
#   Set larger code cache with -XX:ReservedCodeCacheSize=
# This output file may be truncated or incomplete.
#
#  Out of Memory Error (allocation.cpp:390), pid=1604, tid=12020
#
# JRE version: Java(TM) SE Runtime Environment (8.0_20-b26) (build 1.8.0_20-b26)
# Java VM: Java HotSpot(TM) 64-Bit Server VM (25.20-b23 mixed mode windows-amd64 )
# Failed to write core dump. Minidumps are not enabled by default on client versions of Windows
#

---------------  T H R E A D  ---------------

Current thread (0x0000000023f4d000):  JavaThread "C2 CompilerThread0" daemon [_thread_in_native, id=12020, stack(0x00000000254b0000,0x00000000255b0000)]

Stack: [0x00000000254b0000,0x00000000255b0000]
Native frames: (J=compiled Java code, j=interpreted, Vv=VM code, C=native code)
V  [jvm.dll+0x3152fa]
V  [jvm.dll+0x265d03]
V  [jvm.dll+0x266943]
V  [jvm.dll+0x25e265]
V  [jvm.dll+0xbe255]
V  [jvm.dll+0xbe6fc]
V  [jvm.dll+0x45c472]
V  [jvm.dll+0x49d76f]
V  [jvm.dll+0x451045]
V  [jvm.dll+0x452634]
V  [jvm.dll+0x435fc2]
V  [jvm.dll+0x97b62]
V  [jvm.dll+0x98353]
V  [jvm.dll+0x22aac4]
V  [jvm.dll+0x283f5a]
C  [msvcr100.dll+0x21d9f]
C  [msvcr100.dll+0x21e3b]
C  [KERNEL32.DLL+0x8364]
C  [ntdll.dll+0x65e91]


Current CompileTask:
C2:  32465 2437       4       com.android.dx.cf.code.Simulator$SimVisitor::visitLocal (329 bytes)


---------------  P R O C E S S  ---------------

Java Threads: ( => current thread )
  0x000000002655e000 JavaThread "pool-2-thread-4" [_thread_in_Java, id=11480, stack(0x0000000027980000,0x0000000027a80000)]
  0x000000002655d800 JavaThread "pool-2-thread-3" [_thread_in_Java, id=10220, stack(0x0000000027880000,0x0000000027980000)]
  0x0000000025ba7800 JavaThread "pool-2-thread-2" [_thread_in_Java, id=3232, stack(0x0000000027780000,0x0000000027880000)]
  0x0000000025ba7000 JavaThread "pool-3-thread-1" [_thread_blocked, id=2376, stack(0x0000000027680000,0x0000000027780000)]
  0x0000000026333000 JavaThread "pool-2-thread-1" [_thread_in_vm, id=10332, stack(0x0000000027580000,0x0000000027680000)]
  0x0000000023fae000 JavaThread "Service Thread" daemon [_thread_blocked, id=9876, stack(0x0000000025bb0000,0x0000000025cb0000)]
  0x0000000023fa9000 JavaThread "C1 CompilerThread2" daemon [_thread_blocked, id=3580, stack(0x00000000256b0000,0x00000000257b0000)]
  0x0000000023f4f000 JavaThread "C2 CompilerThread1" daemon [_thread_in_native, id=11028, stack(0x00000000255b0000,0x00000000256b0000)]
=>0x0000000023f4d000 JavaThread "C2 CompilerThread0" daemon [_thread_in_native, id=12020, stack(0x00000000254b0000,0x00000000255b0000)]
  0x0000000023f4b800 JavaThread "Attach Listener" daemon [_thread_blocked, id=9628, stack(0x00000000253b0000,0x00000000254b0000)]
  0x0000000023f4a800 JavaThread "Signal Dispatcher" daemon [_thread_blocked, id=3480, stack(0x00000000252b0000,0x00000000253b0000)]
  0x00000000019d0800 JavaThread "Finalizer" daemon [_thread_blocked, id=10888, stack(0x00000000251b0000,0x00000000252b0000)]
  0x00000000019cd000 JavaThread "Reference Handler" daemon [_thread_blocked, id=5456, stack(0x00000000250b0000,0x00000000251b0000)]
  0x00000000018e2800 JavaThread "main" [_thread_in_Java, id=11096, stack(0x0000000001780000,0x0000000001880000)]

Other Threads:
  0x0000000023f15800 VMThread [stack: 0x0000000024fb0000,0x00000000250b0000] [id=5860]
  0x00000000257b4000 WatcherThread [stack: 0x0000000025cb0000,0x0000000025db0000] [id=9708]

VM state:not at safepoint (normal execution)

VM Mutex/Monitor currently owned by a thread: None

Heap:
 PSYoungGen      total 693760K, used 252112K [0x00000008d5580000, 0x000000090d000000, 0x0000000d00000000)
  eden space 535552K, 33% used [0x00000008d5580000,0x00000008e0361600,0x00000008f6080000)
  from space 158208K, 46% used [0x00000008f6080000,0x00000008fa8d2b58,0x00000008ffb00000)
  to   space 158208K, 0% used [0x0000000903580000,0x0000000903580000,0x000000090d000000)
 ParOldGen       total 780288K, used 498147K [0x0000000080000000, 0x00000000afa00000, 0x00000008d5580000)
  object space 780288K, 63% used [0x0000000080000000,0x000000009e678d98,0x00000000afa00000)
 Metaspace       used 6584K, capacity 6920K, committed 7168K, reserved 8192K

Card table byte_map: [0x0000000012400000,0x0000000018810000] byte_map_base: 0x0000000012000000

Marking Bits: (ParMarkBitMap*) 0x000000007765b460
 Begin Bits: [0x0000000d00000000, 0x0000000d32000000)
 End Bits:   [0x0000000d32000000, 0x0000000d64000000)

Polling page: 0x0000000001010000

CodeCache: size=245760Kb used=9720Kb max_used=11444Kb free=236039Kb
 bounds [0x0000000003400000, 0x0000000003f40000, 0x0000000012400000]
 total_blobs=2385 nmethods=2119 adapters=179
 compilation: enabled

Compilation events (10 events):
Event: 27.955 Thread 0x0000000023f4d000 nmethod 2370 0x000000000387f350 code [0x000000000387f4a0, 0x000000000387f5d8]
Event: 27.955 Thread 0x0000000023f4d000 2390       4       java.util.TreeMap::get (19 bytes)
Event: 27.957 Thread 0x0000000023f4d000 nmethod 2390 0x0000000003562610 code [0x0000000003562760, 0x0000000003562878]
Event: 27.957 Thread 0x0000000023f4d000 2143       4       com.android.dx.ssa.SsaInsn::getLocalAssignment (24 bytes)
Event: 27.958 Thread 0x0000000023f4d000 nmethod 2143 0x00000000038afa90 code [0x00000000038afbc0, 0x00000000038afc38]
Event: 27.958 Thread 0x0000000023f4d000 2250       4       com.android.dx.ssa.back.FirstFitLocalCombiningAllocator::addMapping (76 bytes)
Event: 28.019 Thread 0x0000000023f4d000 nmethod 2250 0x000000000373f190 code [0x000000000373f3a0, 0x0000000003740708]
Event: 28.019 Thread 0x0000000023f4d000 2583   !   4       com.android.dx.rop.type.Prototype::intern (233 bytes)
Event: 32.055 Thread 0x0000000023f4d000 nmethod 2583 0x0000000003754c90 code [0x0000000003754f20, 0x00000000037573a0]
Event: 32.055 Thread 0x0000000023f4d000 2437       4       com.android.dx.cf.code.Simulator$SimVisitor::visitLocal (329 bytes)

GC Heap History (10 events):
Event: 17.750 GC heap before
{Heap before GC invocations=17 (full 3):
 PSYoungGen      total 590848K, used 99313K [0x00000008d5580000, 0x0000000903c00000, 0x0000000d00000000)
  eden space 491520K, 0% used [0x00000008d5580000,0x00000008d5580000,0x00000008f3580000)
  from space 99328K, 99% used [0x00000008fad00000,0x0000000900dfc5b8,0x0000000900e00000)
  to   space 122368K, 0% used [0x00000008f3580000,0x00000008f3580000,0x00000008fad00000)
 ParOldGen       total 297472K, used 249316K [0x0000000080000000, 0x0000000092280000, 0x00000008d5580000)
  object space 297472K, 83% used [0x0000000080000000,0x000000008f3791c0,0x0000000092280000)
 Metaspace       used 6565K, capacity 6856K, committed 6912K, reserved 8192K
Event: 20.368 GC heap after
Heap after GC invocations=17 (full 3):
 PSYoungGen      total 590848K, used 45402K [0x00000008d5580000, 0x0000000903c00000, 0x0000000d00000000)
  eden space 491520K, 0% used [0x00000008d5580000,0x00000008d5580000,0x00000008f3580000)
  from space 99328K, 45% used [0x00000008fad00000,0x00000008fd956948,0x0000000900e00000)
  to   space 122368K, 0% used [0x00000008f3580000,0x00000008f3580000,0x00000008fad00000)
 ParOldGen       total 482816K, used 297323K [0x0000000080000000, 0x000000009d780000, 0x00000008d5580000)
  object space 482816K, 61% used [0x0000000080000000,0x000000009225ac40,0x000000009d780000)
 Metaspace       used 6565K, capacity 6856K, committed 6912K, reserved 8192K
}
Event: 23.754 GC heap before
{Heap before GC invocations=18 (full 3):
 PSYoungGen      total 590848K, used 536922K [0x00000008d5580000, 0x0000000903c00000, 0x0000000d00000000)
  eden space 491520K, 100% used [0x00000008d5580000,0x00000008f3580000,0x00000008f3580000)
  from space 99328K, 45% used [0x00000008fad00000,0x00000008fd956948,0x0000000900e00000)
  to   space 122368K, 0% used [0x00000008f3580000,0x00000008f3580000,0x00000008fad00000)
 ParOldGen       total 482816K, used 297323K [0x0000000080000000, 0x000000009d780000, 0x00000008d5580000)
  object space 482816K, 61% used [0x0000000080000000,0x000000009225ac40,0x000000009d780000)
 Metaspace       used 6575K, capacity 6856K, committed 6912K, reserved 8192K
Event: 24.322 GC heap after
Heap after GC invocations=18 (full 3):
 PSYoungGen      total 613888K, used 78030K [0x00000008d5580000, 0x0000000907700000, 0x0000000d00000000)
  eden space 491520K, 0% used [0x00000008d5580000,0x00000008d5580000,0x00000008f3580000)
  from space 122368K, 63% used [0x00000008f3580000,0x00000008f81b38a0,0x00000008fad00000)
  to   space 126976K, 0% used [0x00000008ffb00000,0x00000008ffb00000,0x0000000907700000)
 ParOldGen       total 482816K, used 343266K [0x0000000080000000, 0x000000009d780000, 0x00000008d5580000)
  object space 482816K, 71% used [0x0000000080000000,0x0000000094f38b58,0x000000009d780000)
 Metaspace       used 6575K, capacity 6856K, committed 6912K, reserved 8192K
}
Event: 25.946 GC heap before
{Heap before GC invocations=19 (full 3):
 PSYoungGen      total 613888K, used 569550K [0x00000008d5580000, 0x0000000907700000, 0x0000000d00000000)
  eden space 491520K, 100% used [0x00000008d5580000,0x00000008f3580000,0x00000008f3580000)
  from space 122368K, 63% used [0x00000008f3580000,0x00000008f81b38a0,0x00000008fad00000)
  to   space 126976K, 0% used [0x00000008ffb00000,0x00000008ffb00000,0x0000000907700000)
 ParOldGen       total 482816K, used 343266K [0x0000000080000000, 0x000000009d780000, 0x00000008d5580000)
  object space 482816K, 71% used [0x0000000080000000,0x0000000094f38b58,0x000000009d780000)
 Metaspace       used 6578K, capacity 6856K, committed 6912K, reserved 8192K
Event: 26.193 GC heap after
Heap after GC invocations=19 (full 3):
 PSYoungGen      total 662528K, used 126961K [0x00000008d5580000, 0x000000090b680000, 0x0000000d00000000)
  eden space 535552K, 0% used [0x00000008d5580000,0x00000008d5580000,0x00000008f6080000)
  from space 126976K, 99% used [0x00000008ffb00000,0x00000009076fc658,0x0000000907700000)
  to   space 158208K, 0% used [0x00000008f6080000,0x00000008f6080000,0x00000008ffb00000)
 ParOldGen       total 482816K, used 370079K [0x0000000080000000, 0x000000009d780000, 0x00000008d5580000)
  object space 482816K, 76% used [0x0000000080000000,0x0000000096967fa0,0x000000009d780000)
 Metaspace       used 6578K, capacity 6856K, committed 6912K, reserved 8192K
}
Event: 28.081 GC heap before
{Heap before GC invocations=20 (full 3):
 PSYoungGen      total 662528K, used 662513K [0x00000008d5580000, 0x000000090b680000, 0x0000000d00000000)
  eden space 535552K, 100% used [0x00000008d5580000,0x00000008f6080000,0x00000008f6080000)
  from space 126976K, 99% used [0x00000008ffb00000,0x00000009076fc658,0x0000000907700000)
  to   space 158208K, 0% used [0x00000008f6080000,0x00000008f6080000,0x00000008ffb00000)
 ParOldGen       total 482816K, used 370079K [0x0000000080000000, 0x000000009d780000, 0x00000008d5580000)
  object space 482816K, 76% used [0x0000000080000000,0x0000000096967fa0,0x000000009d780000)
 Metaspace       used 6581K, capacity 6920K, committed 7168K, reserved 8192K
Event: 28.408 GC heap after
Heap after GC invocations=20 (full 3):
 PSYoungGen      total 693760K, used 84872K [0x00000008d5580000, 0x000000090d000000, 0x0000000d00000000)
  eden space 535552K, 0% used [0x00000008d5580000,0x00000008d5580000,0x00000008f6080000)
  from space 158208K, 53% used [0x00000008f6080000,0x00000008fb3620f0,0x00000008ffb00000)
  to   space 158208K, 0% used [0x0000000903580000,0x0000000903580000,0x000000090d000000)
 ParOldGen       total 498176K, used 497585K [0x0000000080000000, 0x000000009e680000, 0x00000008d5580000)
  object space 498176K, 99% used [0x0000000080000000,0x000000009e5ec600,0x000000009e680000)
 Metaspace       used 6581K, capacity 6920K, committed 7168K, reserved 8192K
}
Event: 28.408 GC heap before
{Heap before GC invocations=21 (full 4):
 PSYoungGen      total 693760K, used 84872K [0x00000008d5580000, 0x000000090d000000, 0x0000000d00000000)
  eden space 535552K, 0% used [0x00000008d5580000,0x00000008d5580000,0x00000008f6080000)
  from space 158208K, 53% used [0x00000008f6080000,0x00000008fb3620f0,0x00000008ffb00000)
  to   space 158208K, 0% used [0x0000000903580000,0x0000000903580000,0x000000090d000000)
 ParOldGen       total 498176K, used 497585K [0x0000000080000000, 0x000000009e680000, 0x00000008d5580000)
  object space 498176K, 99% used [0x0000000080000000,0x000000009e5ec600,0x000000009e680000)
 Metaspace       used 6581K, capacity 6920K, committed 7168K, reserved 8192K
Event: 32.051 GC heap after
Heap after GC invocations=21 (full 4):
 PSYoungGen      total 693760K, used 74058K [0x00000008d5580000, 0x000000090d000000, 0x0000000d00000000)
  eden space 535552K, 0% used [0x00000008d5580000,0x00000008d5580000,0x00000008f6080000)
  from space 158208K, 46% used [0x00000008f6080000,0x00000008fa8d2b58,0x00000008ffb00000)
  to   space 158208K, 0% used [0x0000000903580000,0x0000000903580000,0x000000090d000000)
 ParOldGen       total 780288K, used 498147K [0x0000000080000000, 0x00000000afa00000, 0x00000008d5580000)
  object space 780288K, 63% used [0x0000000080000000,0x000000009e678d98,0x00000000afa00000)
 Metaspace       used 6581K, capacity 6920K, committed 7168K, reserved 8192K
}

Deoptimization events (10 events):
Event: 11.190 Thread 0x0000000025ba7800 Uncommon trap: reason=bimorphic action=maybe_recompile pc=0x0000000003cfca88 method=com.android.dx.cf.code.BytecodeArray.parseInstruction(ILcom/android/dx/cf/code/BytecodeArray$Visitor;)I @ 2554
Event: 15.039 Thread 0x00000000018e2800 Uncommon trap: reason=unreached action=reinterpret pc=0x00000000035baf7c method=java.util.zip.ZipCoder.decoder()Ljava/nio/charset/CharsetDecoder; @ 4
Event: 15.900 Thread 0x0000000025ba7800 Uncommon trap: reason=bimorphic action=maybe_recompile pc=0x0000000003dee3b8 method=com.android.dx.cf.code.BytecodeArray.parseInstruction(ILcom/android/dx/cf/code/BytecodeArray$Visitor;)I @ 1549
Event: 15.900 Thread 0x0000000025ba7800 Uncommon trap: reason=bimorphic action=maybe_recompile pc=0x0000000003dee3b8 method=com.android.dx.cf.code.BytecodeArray.parseInstruction(ILcom/android/dx/cf/code/BytecodeArray$Visitor;)I @ 1549
Event: 16.774 Thread 0x000000002655e000 Uncommon trap: reason=class_check action=maybe_recompile pc=0x0000000003e2ffa4 method=com.android.dx.cf.code.BytecodeArray.parseInstruction(ILcom/android/dx/cf/code/BytecodeArray$Visitor;)I @ 2047
Event: 16.774 Thread 0x000000002655e000 Uncommon trap: reason=class_check action=maybe_recompile pc=0x0000000003e2ffa4 method=com.android.dx.cf.code.BytecodeArray.parseInstruction(ILcom/android/dx/cf/code/BytecodeArray$Visitor;)I @ 2047
Event: 22.615 Thread 0x0000000025ba7800 Uncommon trap: reason=class_check action=maybe_recompile pc=0x0000000003e5818c method=com.android.dx.cf.code.BytecodeArray.parseInstruction(ILcom/android/dx/cf/code/BytecodeArray$Visitor;)I @ 2017
Event: 22.618 Thread 0x0000000025ba7800 Uncommon trap: reason=class_check action=maybe_recompile pc=0x0000000003e5818c method=com.android.dx.cf.code.BytecodeArray.parseInstruction(ILcom/android/dx/cf/code/BytecodeArray$Visitor;)I @ 2017
Event: 26.878 Thread 0x000000002655e000 Uncommon trap: reason=bimorphic action=maybe_recompile pc=0x0000000003ecf578 method=com.android.dx.cf.code.BytecodeArray.parseInstruction(ILcom/android/dx/cf/code/BytecodeArray$Visitor;)I @ 1067
Event: 26.878 Thread 0x000000002655e000 Uncommon trap: reason=bimorphic action=maybe_recompile pc=0x0000000003ecf578 method=com.android.dx.cf.code.BytecodeArray.parseInstruction(ILcom/android/dx/cf/code/BytecodeArray$Visitor;)I @ 1067

Internal exceptions (10 events):
Event: 2.298 Thread 0x00000000018e2800 Exception <a 'java/security/PrivilegedActionException'> (0x00000008d5f615e0) thrown at [D:\re\workspace\8-2-build-windows-amd64-cygwin\jdk8u20\1074\hotspot\src\share\vm\prims\jvm.cpp, line 1275]
Event: 2.364 Thread 0x000000002655d800 Exception <a 'java/lang/ArrayIndexOutOfBoundsException': 18> (0x00000008d75b1ac0) thrown at [D:\re\workspace\8-2-build-windows-amd64-cygwin\jdk8u20\1074\hotspot\src\share\vm\interpreter\interpreterRuntime.cpp, line 366]
Event: 2.365 Thread 0x000000002655d800 Exception <a 'java/lang/ArrayIndexOutOfBoundsException': 145> (0x00000008d75b3e20) thrown at [D:\re\workspace\8-2-build-windows-amd64-cygwin\jdk8u20\1074\hotspot\src\share\vm\interpreter\interpreterRuntime.cpp, line 366]
Event: 2.366 Thread 0x000000002655d800 Exception <a 'java/lang/ArrayIndexOutOfBoundsException'> (0x00000008d75b5668) thrown at [D:\re\workspace\8-2-build-windows-amd64-cygwin\jdk8u20\1074\hotspot\src\share\vm\runtime\sharedRuntime.cpp, line 604]
Event: 3.819 Thread 0x0000000026333000 Exception <a 'java/security/PrivilegedActionException'> (0x00000008dd1033b8) thrown at [D:\re\workspace\8-2-build-windows-amd64-cygwin\jdk8u20\1074\hotspot\src\share\vm\prims\jvm.cpp, line 1275]
Event: 15.035 Thread 0x00000000018e2800 Exception <a 'java/security/PrivilegedActionException'> (0x00000008e26588a0) thrown at [D:\re\workspace\8-2-build-windows-amd64-cygwin\jdk8u20\1074\hotspot\src\share\vm\prims\jvm.cpp, line 1275]
Event: 15.039 Thread 0x00000000018e2800 Implicit null exception at 0x00000000035ba3d0 to 0x00000000035baf4d
Event: 26.348 Thread 0x0000000025ba7800 Exception <a 'java/security/PrivilegedActionException'> (0x00000008d997eff8) thrown at [D:\re\workspace\8-2-build-windows-amd64-cygwin\jdk8u20\1074\hotspot\src\share\vm\prims\jvm.cpp, line 1275]
Event: 26.362 Thread 0x00000000018e2800 Exception <a 'java/security/PrivilegedActionException'> (0x00000008d8b35410) thrown at [D:\re\workspace\8-2-build-windows-amd64-cygwin\jdk8u20\1074\hotspot\src\share\vm\prims\jvm.cpp, line 1275]
Event: 26.887 Thread 0x0000000025ba7800 Exception <a 'java/security/PrivilegedActionException'> (0x00000008e3892198) thrown at [D:\re\workspace\8-2-build-windows-amd64-cygwin\jdk8u20\1074\hotspot\src\share\vm\prims\jvm.cpp, line 1275]

Events (10 events):
Event: 26.878 Thread 0x000000002655e000 Uncommon trap: trap_request=0xffffffc6 fr.pc=0x0000000003ecf578
Event: 26.878 Thread 0x000000002655e000 DEOPT PACKING pc=0x0000000003ecf578 sp=0x0000000027a7e7d0
Event: 26.878 Thread 0x000000002655e000 DEOPT UNPACKING pc=0x000000000344556a sp=0x0000000027a7e750 mode 2
Event: 26.878 Thread 0x000000002655e000 Uncommon trap: trap_request=0xffffffc6 fr.pc=0x0000000003ecf578
Event: 26.879 Thread 0x000000002655e000 DEOPT PACKING pc=0x0000000003ecf578 sp=0x0000000027a7e660
Event: 26.879 Thread 0x000000002655e000 DEOPT UNPACKING pc=0x000000000344556a sp=0x0000000027a7e5e0 mode 2
Event: 26.887 loading class com/android/dx/ssa/Dominators$1
Event: 26.887 loading class com/android/dx/ssa/Dominators$1 done
Event: 28.079 Executing VM operation: ParallelGCFailedAllocation
Event: 32.051 Executing VM operation: ParallelGCFailedAllocation done


Dynamic libraries:
0x00007ff7de380000 - 0x00007ff7de3b4000 	C:\Program Files\Java\jdk1.8.0_20\bin\java.exe
0x00007ff8d30e0000 - 0x00007ff8d32b1000 	C:\WINDOWS\SYSTEM32\ntdll.dll
0x00007ff8d21b0000 - 0x00007ff8d225b000 	C:\WINDOWS\System32\KERNEL32.DLL
0x00007ff8d0450000 - 0x00007ff8d066d000 	C:\WINDOWS\System32\KERNELBASE.dll
0x00007ff8d2100000 - 0x00007ff8d21a2000 	C:\WINDOWS\System32\ADVAPI32.dll
0x00007ff8d2f40000 - 0x00007ff8d2fde000 	C:\WINDOWS\System32\msvcrt.dll
0x00007ff8d2b60000 - 0x00007ff8d2bb9000 	C:\WINDOWS\System32\sechost.dll
0x00007ff8d2a10000 - 0x00007ff8d2b31000 	C:\WINDOWS\System32\RPCRT4.dll
0x00007ff8d2cc0000 - 0x00007ff8d2e25000 	C:\WINDOWS\System32\USER32.dll
0x00007ff8cfff0000 - 0x00007ff8d000e000 	C:\WINDOWS\System32\win32u.dll
0x00007ff8d2fe0000 - 0x00007ff8d3014000 	C:\WINDOWS\System32\GDI32.dll
0x00007ff8d0260000 - 0x00007ff8d03e2000 	C:\WINDOWS\System32\gdi32full.dll
0x00007ff8cb570000 - 0x00007ff8cb7e9000 	C:\WINDOWS\WinSxS\amd64_microsoft.windows.common-controls_6595b64144ccf1df_6.0.14393.0_none_2d0f50fcbdb171b8\COMCTL32.dll
0x00007ff8d1e30000 - 0x00007ff8d20f7000 	C:\WINDOWS\System32\combase.dll
0x00007ff8d0160000 - 0x00007ff8d0255000 	C:\WINDOWS\System32\ucrtbase.dll
0x00007ff8cf680000 - 0x00007ff8cf6ea000 	C:\WINDOWS\System32\bcryptPrimitives.dll
0x00007ff8d0670000 - 0x00007ff8d069e000 	C:\WINDOWS\System32\IMM32.DLL
0x00000000776e0000 - 0x00000000777b2000 	C:\Program Files\Java\jdk1.8.0_20\jre\bin\msvcr100.dll
0x0000000076e80000 - 0x00000000776d8000 	C:\Program Files\Java\jdk1.8.0_20\jre\bin\server\jvm.dll
0x00007ff8d08b0000 - 0x00007ff8d08b8000 	C:\WINDOWS\System32\PSAPI.DLL
0x00007ff8cd490000 - 0x00007ff8cd4b3000 	C:\WINDOWS\SYSTEM32\WINMM.dll
0x00007ff8bf970000 - 0x00007ff8bf979000 	C:\WINDOWS\SYSTEM32\WSOCK32.dll
0x00007ff8d29a0000 - 0x00007ff8d2a0a000 	C:\WINDOWS\System32\WS2_32.dll
0x00007ff8cd430000 - 0x00007ff8cd45b000 	C:\WINDOWS\SYSTEM32\WINMMBASE.dll
0x00007ff8cffa0000 - 0x00007ff8cffe2000 	C:\WINDOWS\System32\cfgmgr32.dll
0x0000000050070000 - 0x000000005007f000 	C:\Program Files\Java\jdk1.8.0_20\jre\bin\verify.dll
0x0000000050040000 - 0x0000000050068000 	C:\Program Files\Java\jdk1.8.0_20\jre\bin\java.dll
0x0000000050020000 - 0x0000000050036000 	C:\Program Files\Java\jdk1.8.0_20\jre\bin\zip.dll
0x00007ff8d08c0000 - 0x00007ff8d1dc8000 	C:\WINDOWS\System32\SHELL32.dll
0x00007ff8cf8c0000 - 0x00007ff8cff9a000 	C:\WINDOWS\System32\windows.storage.dll
0x00007ff8cf580000 - 0x00007ff8cf5cc000 	C:\WINDOWS\System32\powrprof.dll
0x00007ff8d1dd0000 - 0x00007ff8d1e22000 	C:\WINDOWS\System32\shlwapi.dll
0x00007ff8cf540000 - 0x00007ff8cf54f000 	C:\WINDOWS\System32\kernel.appcore.dll
0x00007ff8cf5d0000 - 0x00007ff8cf679000 	C:\WINDOWS\System32\shcore.dll
0x00007ff8cf550000 - 0x00007ff8cf564000 	C:\WINDOWS\System32\profapi.dll
0x00007ff8c5bf0000 - 0x00007ff8c5d82000 	C:\WINDOWS\SYSTEM32\dbghelp.dll

VM Arguments:
jvm_args: -Djava.awt.headless=true -Xmx50g -Dfile.encoding=windows-1251 -Duser.country=RU -Duser.language=ru -Duser.variant 
java_command: com.android.dx.command.Main --dex --num-threads=4 --multi-dex --main-dex-list C:\Users\User\Documents\GitHub\iCRM\iCRM\app\build\intermediates\multi-dex\debug\maindexlist.txt --output C:\Users\User\Documents\GitHub\iCRM\iCRM\app\build\intermediates\transforms\dex\debug\folders\1000\1f\main C:\Users\User\Documents\GitHub\iCRM\iCRM\app\build\intermediates\transforms\jarMerging\debug\jars\1\1f\combined.jar
java_class_path (initial): C:\Users\User\AppData\Local\Android\sdk\build-tools\23.0.3\lib\dx.jar
Launcher Type: SUN_STANDARD

Environment Variables:
PATH=C:\ProgramData\Oracle\Java\javapath;C:\Program Files\Broadcom\Broadcom 802.11 Network Adapter;C:\Program Files (x86)\NVIDIA Corporation\PhysX\Common;C:\Program Files (x86)\Intel\iCLS Client\;C:\Program Files\Intel\iCLS Client\;C:\Windows\system32;C:\Windows;C:\Windows\System32\Wbem;C:\Windows\System32\WindowsPowerShell\v1.0\;C:\Program Files\Intel\Intel(R) Management Engine Components\DAL;C:\Program Files\Intel\Intel(R) Management Engine Components\IPT;C:\Program Files (x86)\Intel\Intel(R) Management Engine Components\DAL;C:\Program Files (x86)\Intel\Intel(R) Management Engine Components\IPT;C:\Program Files\WIDCOMM\Bluetooth Software\;C:\Program Files\WIDCOMM\Bluetooth Software\syswow64;C:\Program Files\Acer\Remote Files\;C:\Program Files (x86)\Skype\Phone\;C:\Program Files\OpenVPN\bin;C:\WINDOWS\system32;C:\WINDOWS;C:\WINDOWS\System32\Wbem;C:\WINDOWS\System32\WindowsPowerShell\v1.0\;C:\Users\User\AppData\Local\Microsoft\WindowsApps;
USERNAME=User
OS=Windows_NT
PROCESSOR_IDENTIFIER=Intel64 Family 6 Model 69 Stepping 1, GenuineIntel



---------------  S Y S T E M  ---------------

OS: Windows 8.1 , 64 bit Build 9600 

CPU:total 4 (2 cores per cpu, 2 threads per core) family 6 model 69 stepping 1, cmov, cx8, fxsr, mmx, sse, sse2, sse3, ssse3, sse4.1, sse4.2, popcnt, avx, avx2, aes, clmul, erms, lzcnt, ht, tsc, tscinvbit, bmi1, bmi2

Memory: 4k page, physical 8310040k(860872k free), swap 12406040k(7040k free)

vm_info: Java HotSpot(TM) 64-Bit Server VM (25.20-b23) for windows-amd64 JRE (1.8.0_20-b26), built on Jul 30 2014 13:51:23 by "java_re" with MS VC++ 10.0 (VS2010)

time: Sun Oct 30 12:52:22 2016
elapsed time: 32 seconds (0d 0h 0m 32s)

