#
# There is insufficient memory for the Java Runtime Environment to continue.
# Native memory allocation (malloc) failed to allocate 1889856 bytes for Chunk::new
# Possible reasons:
#   The system is out of physical RAM or swap space
#   In 32 bit mode, the process size limit was hit
# Possible solutions:
#   Reduce memory load on the system
#   Increase physical memory or swap space
#   Check if swap backing store is full
#   Use 64 bit Java on a 64 bit OS
#   Decrease Java heap size (-Xmx/-Xms)
#   Decrease number of Java threads
#   Decrease Java thread stack sizes (-Xss)
#   Set larger code cache with -XX:ReservedCodeCacheSize=
# This output file may be truncated or incomplete.
#
#  Out of Memory Error (allocation.cpp:390), pid=14596, tid=6752
#
# JRE version: Java(TM) SE Runtime Environment (8.0_20-b26) (build 1.8.0_20-b26)
# Java VM: Java HotSpot(TM) 64-Bit Server VM (25.20-b23 mixed mode windows-amd64 )
# Failed to write core dump. Minidumps are not enabled by default on client versions of Windows
#

---------------  T H R E A D  ---------------

Current thread (0x0000000001ead000):  JavaThread "C2 CompilerThread0" daemon [_thread_in_native, id=6752, stack(0x0000000024fb0000,0x00000000250b0000)]

Stack: [0x0000000024fb0000,0x00000000250b0000]
Native frames: (J=compiled Java code, j=interpreted, Vv=VM code, C=native code)
V  [jvm.dll+0x3152fa]
V  [jvm.dll+0x265d03]
V  [jvm.dll+0x266943]
V  [jvm.dll+0x25e265]
V  [jvm.dll+0xbe255]
V  [jvm.dll+0xbe6fc]
V  [jvm.dll+0x45c472]
V  [jvm.dll+0x49d76f]
V  [jvm.dll+0x451911]
V  [jvm.dll+0x452634]
V  [jvm.dll+0x435fc2]
V  [jvm.dll+0x97b62]
V  [jvm.dll+0x98353]
V  [jvm.dll+0x22aac4]
V  [jvm.dll+0x283f5a]
C  [msvcr100.dll+0x21d9f]
C  [msvcr100.dll+0x21e3b]
C  [KERNEL32.DLL+0x8364]
C  [ntdll.dll+0x65e91]


Current CompileTask:
C2:  33865 2952   !   4       com.android.dx.dex.cf.CfTranslator::processMethods (583 bytes)


---------------  P R O C E S S  ---------------

Java Threads: ( => current thread )
  0x0000000025dda000 JavaThread "pool-2-thread-4" [_thread_blocked, id=3492, stack(0x0000000027480000,0x0000000027580000)]
  0x00000000259d3000 JavaThread "pool-2-thread-3" [_thread_blocked, id=4828, stack(0x0000000027380000,0x0000000027480000)]
  0x00000000259d2000 JavaThread "pool-2-thread-2" [_thread_blocked, id=9504, stack(0x0000000027280000,0x0000000027380000)]
  0x000000002593c000 JavaThread "pool-3-thread-1" [_thread_blocked, id=16372, stack(0x0000000027180000,0x0000000027280000)]
  0x00000000260b0800 JavaThread "pool-2-thread-1" [_thread_blocked, id=14828, stack(0x0000000027080000,0x0000000027180000)]
  0x0000000001f0e800 JavaThread "Service Thread" daemon [_thread_blocked, id=7980, stack(0x00000000256b0000,0x00000000257b0000)]
  0x0000000001eb2800 JavaThread "C1 CompilerThread2" daemon [_thread_blocked, id=11296, stack(0x00000000251b0000,0x00000000252b0000)]
  0x0000000001eaf800 JavaThread "C2 CompilerThread1" daemon [_thread_blocked, id=10196, stack(0x00000000250b0000,0x00000000251b0000)]
=>0x0000000001ead000 JavaThread "C2 CompilerThread0" daemon [_thread_in_native, id=6752, stack(0x0000000024fb0000,0x00000000250b0000)]
  0x0000000001eab800 JavaThread "Attach Listener" daemon [_thread_blocked, id=16124, stack(0x0000000024eb0000,0x0000000024fb0000)]
  0x0000000001eaa800 JavaThread "Signal Dispatcher" daemon [_thread_blocked, id=12368, stack(0x0000000024db0000,0x0000000024eb0000)]
  0x0000000001546000 JavaThread "Finalizer" daemon [_thread_blocked, id=7724, stack(0x0000000024cb0000,0x0000000024db0000)]
  0x000000000153d000 JavaThread "Reference Handler" daemon [_thread_blocked, id=2944, stack(0x0000000024bb0000,0x0000000024cb0000)]
  0x0000000001452800 JavaThread "main" [_thread_blocked, id=14936, stack(0x00000000012b0000,0x00000000013b0000)]

Other Threads:
  0x0000000001e75800 VMThread [stack: 0x0000000024ab0000,0x0000000024bb0000] [id=11724]
  0x00000000252d6800 WatcherThread [stack: 0x00000000257b0000,0x00000000258b0000] [id=13544]

VM state:at safepoint (normal execution)

VM Mutex/Monitor currently owned by a thread:  ([mutex/lock_event])
[0x00000000013cc2b0] Threads_lock - owner thread: 0x0000000001e75800
[0x00000000013ccd30] Heap_lock - owner thread: 0x00000000260b0800

Heap:
 PSYoungGen      total 990208K, used 805591K [0x00000008d5580000, 0x0000000929080000, 0x0000000d00000000)
  eden space 656896K, 100% used [0x00000008d5580000,0x00000008fd700000,0x00000008fd700000)
  from space 333312K, 44% used [0x00000008fd700000,0x0000000906835f38,0x0000000911c80000)
  to   space 322048K, 25% used [0x0000000915600000,0x000000091a67b708,0x0000000929080000)
 ParOldGen       total 1246720K, used 887204K [0x0000000080000000, 0x00000000cc180000, 0x00000008d5580000)
  object space 1246720K, 71% used [0x0000000080000000,0x00000000b62691d8,0x00000000cc180000)
 Metaspace       used 6604K, capacity 6920K, committed 7168K, reserved 8192K

Card table byte_map: [0x0000000012400000,0x0000000018810000] byte_map_base: 0x0000000012000000

Marking Bits: (ParMarkBitMap*) 0x0000000076c4b460
 Begin Bits: [0x0000000d00000000, 0x0000000d32000000)
 End Bits:   [0x0000000d32000000, 0x0000000d64000000)

Polling page: 0x00000000013b0000

CodeCache: size=245760Kb used=9634Kb max_used=14419Kb free=236125Kb
 bounds [0x0000000003400000, 0x0000000004230000, 0x0000000012400000]
 total_blobs=2510 nmethods=2244 adapters=179
 compilation: enabled

Compilation events (10 events):
Event: 33.662 Thread 0x0000000001eb2800 nmethod 2987 0x000000000375f810 code [0x000000000375f980, 0x000000000375fb28]
Event: 33.668 Thread 0x0000000001eaf800 2988       4       com.android.dx.ssa.back.SsaToRop::convert (99 bytes)
Event: 33.729 Thread 0x0000000001eb2800 2990       3       com.android.dx.dex.file.AnnotationUtils::makeInnerClass (65 bytes)
Event: 33.730 Thread 0x0000000001eb2800 nmethod 2990 0x0000000003917f10 code [0x0000000003918140, 0x0000000003918cd8]
Event: 33.732 Thread 0x0000000001eb2800 2991 %     3       com.android.dx.ssa.back.FirstFitLocalCombiningAllocator::adjustAndMapSourceRangeRange @ 23 (196 bytes)
Event: 33.734 Thread 0x0000000001eb2800 nmethod 2991% 0x0000000003993890 code [0x0000000003993b60, 0x0000000003995148]
Event: 33.736 Thread 0x0000000001eb2800 2992       3       java.lang.Class::getGenericInfo (52 bytes)
Event: 33.737 Thread 0x0000000001eb2800 nmethod 2992 0x0000000003c3ec10 code [0x0000000003c3ee60, 0x0000000003c3fb08]
Event: 33.753 Thread 0x0000000001eb2800 2993       3       com.android.dx.rop.code.Rops::opDiv (29 bytes)
Event: 33.754 Thread 0x0000000001eb2800 nmethod 2993 0x00000000038c31d0 code [0x00000000038c3340, 0x00000000038c3508]

GC Heap History (10 events):
Event: 24.307 GC heap after
Heap after GC invocations=21 (full 4):
 PSYoungGen      total 775680K, used 169979K [0x00000008d5580000, 0x0000000913680000, 0x0000000d00000000)
  eden space 605696K, 0% used [0x00000008d5580000,0x00000008d5580000,0x00000008fa500000)
  from space 169984K, 99% used [0x0000000906900000,0x0000000910efed20,0x0000000910f00000)
  to   space 200704K, 0% used [0x00000008fa500000,0x00000008fa500000,0x0000000906900000)
 ParOldGen       total 763392K, used 636125K [0x0000000080000000, 0x00000000ae980000, 0x00000008d5580000)
  object space 763392K, 83% used [0x0000000080000000,0x00000000a6d376a0,0x00000000ae980000)
 Metaspace       used 6603K, capacity 6920K, committed 7168K, reserved 8192K
}
Event: 25.761 GC heap before
{Heap before GC invocations=22 (full 4):
 PSYoungGen      total 775680K, used 775675K [0x00000008d5580000, 0x0000000913680000, 0x0000000d00000000)
  eden space 605696K, 100% used [0x00000008d5580000,0x00000008fa500000,0x00000008fa500000)
  from space 169984K, 99% used [0x0000000906900000,0x0000000910efed20,0x0000000910f00000)
  to   space 200704K, 0% used [0x00000008fa500000,0x00000008fa500000,0x0000000906900000)
 ParOldGen       total 763392K, used 636125K [0x0000000080000000, 0x00000000ae980000, 0x00000008d5580000)
  object space 763392K, 83% used [0x0000000080000000,0x00000000a6d376a0,0x00000000ae980000)
 Metaspace       used 6603K, capacity 6920K, committed 7168K, reserved 8192K
Event: 26.007 GC heap after
Heap after GC invocations=22 (full 4):
 PSYoungGen      total 806400K, used 200689K [0x00000008d5580000, 0x0000000924700000, 0x0000000d00000000)
  eden space 605696K, 0% used [0x00000008d5580000,0x00000008d5580000,0x00000008fa500000)
  from space 200704K, 99% used [0x00000008fa500000,0x00000009068fc730,0x0000000906900000)
  to   space 305664K, 0% used [0x0000000911c80000,0x0000000911c80000,0x0000000924700000)
 ParOldGen       total 829440K, used 829235K [0x0000000080000000, 0x00000000b2a00000, 0x00000008d5580000)
  object space 829440K, 99% used [0x0000000080000000,0x00000000b29ccd90,0x00000000b2a00000)
 Metaspace       used 6603K, capacity 6920K, committed 7168K, reserved 8192K
}
Event: 26.007 GC heap before
{Heap before GC invocations=23 (full 5):
 PSYoungGen      total 806400K, used 200689K [0x00000008d5580000, 0x0000000924700000, 0x0000000d00000000)
  eden space 605696K, 0% used [0x00000008d5580000,0x00000008d5580000,0x00000008fa500000)
  from space 200704K, 99% used [0x00000008fa500000,0x00000009068fc730,0x0000000906900000)
  to   space 305664K, 0% used [0x0000000911c80000,0x0000000911c80000,0x0000000924700000)
 ParOldGen       total 829440K, used 829235K [0x0000000080000000, 0x00000000b2a00000, 0x00000008d5580000)
  object space 829440K, 99% used [0x0000000080000000,0x00000000b29ccd90,0x00000000b2a00000)
 Metaspace       used 6603K, capacity 6920K, committed 7168K, reserved 8192K
Event: 29.728 GC heap after
Heap after GC invocations=23 (full 5):
 PSYoungGen      total 806400K, used 188147K [0x00000008d5580000, 0x0000000924700000, 0x0000000d00000000)
  eden space 605696K, 0% used [0x00000008d5580000,0x00000008d5580000,0x00000008fa500000)
  from space 200704K, 93% used [0x00000008fa500000,0x0000000905cbce48,0x0000000906900000)
  to   space 305664K, 0% used [0x0000000911c80000,0x0000000911c80000,0x0000000924700000)
 ParOldGen       total 1246720K, used 829241K [0x0000000080000000, 0x00000000cc180000, 0x00000008d5580000)
  object space 1246720K, 66% used [0x0000000080000000,0x00000000b29ce7d0,0x00000000cc180000)
 Metaspace       used 6603K, capacity 6920K, committed 7168K, reserved 8192K
}
Event: 31.225 GC heap before
{Heap before GC invocations=24 (full 5):
 PSYoungGen      total 806400K, used 793843K [0x00000008d5580000, 0x0000000924700000, 0x0000000d00000000)
  eden space 605696K, 100% used [0x00000008d5580000,0x00000008fa500000,0x00000008fa500000)
  from space 200704K, 93% used [0x00000008fa500000,0x0000000905cbce48,0x0000000906900000)
  to   space 305664K, 0% used [0x0000000911c80000,0x0000000911c80000,0x0000000924700000)
 ParOldGen       total 1246720K, used 829241K [0x0000000080000000, 0x00000000cc180000, 0x00000008d5580000)
  object space 1246720K, 66% used [0x0000000080000000,0x00000000b29ce7d0,0x00000000cc180000)
 Metaspace       used 6603K, capacity 6920K, committed 7168K, reserved 8192K
Event: 31.550 GC heap after
Heap after GC invocations=24 (full 5):
 PSYoungGen      total 962560K, used 236365K [0x00000008d5580000, 0x0000000927180000, 0x0000000d00000000)
  eden space 656896K, 0% used [0x00000008d5580000,0x00000008d5580000,0x00000008fd700000)
  from space 305664K, 77% used [0x0000000911c80000,0x00000009203536b8,0x0000000924700000)
  to   space 333312K, 0% used [0x00000008fd700000,0x00000008fd700000,0x0000000911c80000)
 ParOldGen       total 1246720K, used 887204K [0x0000000080000000, 0x00000000cc180000, 0x00000008d5580000)
  object space 1246720K, 71% used [0x0000000080000000,0x00000000b62691d8,0x00000000cc180000)
 Metaspace       used 6603K, capacity 6920K, committed 7168K, reserved 8192K
}
Event: 32.665 GC heap before
{Heap before GC invocations=25 (full 5):
 PSYoungGen      total 962560K, used 893261K [0x00000008d5580000, 0x0000000927180000, 0x0000000d00000000)
  eden space 656896K, 100% used [0x00000008d5580000,0x00000008fd700000,0x00000008fd700000)
  from space 305664K, 77% used [0x0000000911c80000,0x00000009203536b8,0x0000000924700000)
  to   space 333312K, 0% used [0x00000008fd700000,0x00000008fd700000,0x0000000911c80000)
 ParOldGen       total 1246720K, used 887204K [0x0000000080000000, 0x00000000cc180000, 0x00000008d5580000)
  object space 1246720K, 71% used [0x0000000080000000,0x00000000b62691d8,0x00000000cc180000)
 Metaspace       used 6603K, capacity 6920K, committed 7168K, reserved 8192K
Event: 32.778 GC heap after
Heap after GC invocations=25 (full 5):
 PSYoungGen      total 990208K, used 148695K [0x00000008d5580000, 0x0000000929080000, 0x0000000d00000000)
  eden space 656896K, 0% used [0x00000008d5580000,0x00000008d5580000,0x00000008fd700000)
  from space 333312K, 44% used [0x00000008fd700000,0x0000000906835f38,0x0000000911c80000)
  to   space 322048K, 0% used [0x0000000915600000,0x0000000915600000,0x0000000929080000)
 ParOldGen       total 1246720K, used 887204K [0x0000000080000000, 0x00000000cc180000, 0x00000008d5580000)
  object space 1246720K, 71% used [0x0000000080000000,0x00000000b62691d8,0x00000000cc180000)
 Metaspace       used 6603K, capacity 6920K, committed 7168K, reserved 8192K
}
Event: 33.766 GC heap before
{Heap before GC invocations=26 (full 5):
 PSYoungGen      total 990208K, used 805591K [0x00000008d5580000, 0x0000000929080000, 0x0000000d00000000)
  eden space 656896K, 100% used [0x00000008d5580000,0x00000008fd700000,0x00000008fd700000)
  from space 333312K, 44% used [0x00000008fd700000,0x0000000906835f38,0x0000000911c80000)
  to   space 322048K, 0% used [0x0000000915600000,0x0000000915600000,0x0000000929080000)
 ParOldGen       total 1246720K, used 887204K [0x0000000080000000, 0x00000000cc180000, 0x00000008d5580000)
  object space 1246720K, 71% used [0x0000000080000000,0x00000000b62691d8,0x00000000cc180000)
 Metaspace       used 6604K, capacity 6920K, committed 7168K, reserved 8192K

Deoptimization events (10 events):
Event: 30.029 Thread 0x0000000025dda000 Uncommon trap: reason=class_check action=maybe_recompile pc=0x000000000406633c method=com.android.dx.util.BitIntSet.merge(Lcom/android/dx/util/IntSet;)V @ 1
Event: 30.030 Thread 0x0000000025dda000 Uncommon trap: reason=class_check action=maybe_recompile pc=0x0000000003f42e94 method=com.android.dx.ssa.back.InterferenceGraph.mergeInterferenceSet(ILcom/android/dx/util/IntSet;)V @ 20
Event: 30.030 Thread 0x0000000025dda000 Uncommon trap: reason=class_check action=maybe_recompile pc=0x000000000406633c method=com.android.dx.util.BitIntSet.merge(Lcom/android/dx/util/IntSet;)V @ 1
Event: 30.030 Thread 0x0000000025dda000 Uncommon trap: reason=class_check action=maybe_recompile pc=0x0000000003f42e94 method=com.android.dx.ssa.back.InterferenceGraph.mergeInterferenceSet(ILcom/android/dx/util/IntSet;)V @ 20
Event: 30.030 Thread 0x0000000025dda000 Uncommon trap: reason=class_check action=maybe_recompile pc=0x000000000406633c method=com.android.dx.util.BitIntSet.merge(Lcom/android/dx/util/IntSet;)V @ 1
Event: 30.040 Thread 0x0000000025dda000 Uncommon trap: reason=class_check action=maybe_recompile pc=0x0000000003e90294 method=com.android.dx.ssa.back.InterferenceGraph.mergeInterferenceSet(ILcom/android/dx/util/IntSet;)V @ 20
Event: 30.040 Thread 0x0000000025dda000 Uncommon trap: reason=class_check action=maybe_recompile pc=0x000000000406633c method=com.android.dx.util.BitIntSet.merge(Lcom/android/dx/util/IntSet;)V @ 1
Event: 30.040 Thread 0x0000000025dda000 Uncommon trap: reason=class_check action=maybe_recompile pc=0x0000000003f42e94 method=com.android.dx.ssa.back.InterferenceGraph.mergeInterferenceSet(ILcom/android/dx/util/IntSet;)V @ 20
Event: 30.090 Thread 0x00000000260b0800 Uncommon trap: reason=class_check action=maybe_recompile pc=0x0000000003ee96b0 method=com.android.dx.ssa.back.InterferenceGraph.mergeInterferenceSet(ILcom/android/dx/util/IntSet;)V @ 20
Event: 32.842 Thread 0x00000000260b0800 Uncommon trap: reason=null_check action=make_not_entrant pc=0x0000000004024450 method=com.android.dx.rop.cst.CstKnownNull.equals(Ljava/lang/Object;)Z @ 1

Internal exceptions (10 events):
Event: 1.783 Thread 0x00000000259d3000 Exception <a 'java/lang/ArrayIndexOutOfBoundsException'> (0x00000008db3a1938) thrown at [D:\re\workspace\8-2-build-windows-amd64-cygwin\jdk8u20\1074\hotspot\src\share\vm\runtime\sharedRuntime.cpp, line 604]
Event: 2.777 Thread 0x00000000260b0800 Exception <a 'java/security/PrivilegedActionException'> (0x00000008d8e38f50) thrown at [D:\re\workspace\8-2-build-windows-amd64-cygwin\jdk8u20\1074\hotspot\src\share\vm\prims\jvm.cpp, line 1275]
Event: 10.098 Thread 0x0000000001452800 Exception <a 'java/security/PrivilegedActionException'> (0x00000008e36545b8) thrown at [D:\re\workspace\8-2-build-windows-amd64-cygwin\jdk8u20\1074\hotspot\src\share\vm\prims\jvm.cpp, line 1275]
Event: 10.102 Thread 0x0000000001452800 Implicit null exception at 0x000000000358fda8 to 0x0000000003590399
Event: 16.575 Thread 0x00000000259d2000 Exception <a 'java/security/PrivilegedActionException'> (0x00000008de98e148) thrown at [D:\re\workspace\8-2-build-windows-amd64-cygwin\jdk8u20\1074\hotspot\src\share\vm\prims\jvm.cpp, line 1275]
Event: 19.776 Thread 0x0000000001452800 Exception <a 'java/security/PrivilegedActionException'> (0x00000008d8ea58c8) thrown at [D:\re\workspace\8-2-build-windows-amd64-cygwin\jdk8u20\1074\hotspot\src\share\vm\prims\jvm.cpp, line 1275]
Event: 19.887 Thread 0x00000000259d2000 Exception <a 'java/security/PrivilegedActionException'> (0x00000008dd442328) thrown at [D:\re\workspace\8-2-build-windows-amd64-cygwin\jdk8u20\1074\hotspot\src\share\vm\prims\jvm.cpp, line 1275]
Event: 22.225 Thread 0x00000000259d2000 Exception <a 'java/security/PrivilegedActionException'> (0x00000008edb62438) thrown at [D:\re\workspace\8-2-build-windows-amd64-cygwin\jdk8u20\1074\hotspot\src\share\vm\prims\jvm.cpp, line 1275]
Event: 22.236 Thread 0x00000000259d2000 Exception <a 'java/security/PrivilegedActionException'> (0x00000008edbf7980) thrown at [D:\re\workspace\8-2-build-windows-amd64-cygwin\jdk8u20\1074\hotspot\src\share\vm\prims\jvm.cpp, line 1275]
Event: 32.842 Thread 0x00000000260b0800 Implicit null exception at 0x000000000402441c to 0x0000000004024444

Events (10 events):
Event: 32.845 Thread 0x0000000001eb2800 flushing nmethod 0x0000000003e7a750
Event: 32.845 Thread 0x0000000001eb2800 flushing nmethod 0x0000000003eb2690
Event: 32.845 Thread 0x0000000001eb2800 flushing nmethod 0x0000000003ebee50
Event: 32.845 Thread 0x0000000001eb2800 flushing nmethod 0x0000000003ed4310
Event: 32.845 Thread 0x0000000001eb2800 flushing nmethod 0x0000000003ef9850
Event: 32.845 Thread 0x0000000001eb2800 flushing nmethod 0x0000000003f29990
Event: 32.845 Thread 0x0000000001eb2800 flushing nmethod 0x0000000003f48e50
Event: 32.845 Thread 0x0000000001eb2800 flushing nmethod 0x0000000003f8bb50
Event: 32.845 Thread 0x0000000001eb2800 flushing nmethod 0x0000000003fbda10
Event: 33.766 Executing VM operation: ParallelGCFailedAllocation


Dynamic libraries:
0x00007ff634000000 - 0x00007ff634034000 	C:\Program Files\Java\jdk1.8.0_20\bin\java.exe
0x00007ffd3f9f0000 - 0x00007ffd3fbc1000 	C:\WINDOWS\SYSTEM32\ntdll.dll
0x00007ffd3ee50000 - 0x00007ffd3eefb000 	C:\WINDOWS\System32\KERNEL32.DLL
0x00007ffd3c940000 - 0x00007ffd3cb5d000 	C:\WINDOWS\System32\KERNELBASE.dll
0x00007ffd3d2d0000 - 0x00007ffd3d372000 	C:\WINDOWS\System32\ADVAPI32.dll
0x00007ffd3f8c0000 - 0x00007ffd3f95e000 	C:\WINDOWS\System32\msvcrt.dll
0x00007ffd3f990000 - 0x00007ffd3f9e9000 	C:\WINDOWS\System32\sechost.dll
0x00007ffd3f400000 - 0x00007ffd3f521000 	C:\WINDOWS\System32\RPCRT4.dll
0x00007ffd3d430000 - 0x00007ffd3d595000 	C:\WINDOWS\System32\USER32.dll
0x00007ffd3cd90000 - 0x00007ffd3cdae000 	C:\WINDOWS\System32\win32u.dll
0x00007ffd3d380000 - 0x00007ffd3d3b4000 	C:\WINDOWS\System32\GDI32.dll
0x00007ffd3bf30000 - 0x00007ffd3c0b2000 	C:\WINDOWS\System32\gdi32full.dll
0x00007ffd389f0000 - 0x00007ffd38c69000 	C:\WINDOWS\WinSxS\amd64_microsoft.windows.common-controls_6595b64144ccf1df_6.0.14393.0_none_2d0f50fcbdb171b8\COMCTL32.dll
0x00007ffd3f5d0000 - 0x00007ffd3f897000 	C:\WINDOWS\System32\combase.dll
0x00007ffd3c0c0000 - 0x00007ffd3c1b5000 	C:\WINDOWS\System32\ucrtbase.dll
0x00007ffd3ccc0000 - 0x00007ffd3cd2a000 	C:\WINDOWS\System32\bcryptPrimitives.dll
0x00007ffd3f960000 - 0x00007ffd3f98e000 	C:\WINDOWS\System32\IMM32.DLL
0x0000000077b70000 - 0x0000000077c42000 	C:\Program Files\Java\jdk1.8.0_20\jre\bin\msvcr100.dll
0x0000000076470000 - 0x0000000076cc8000 	C:\Program Files\Java\jdk1.8.0_20\jre\bin\server\jvm.dll
0x00007ffd3ef60000 - 0x00007ffd3ef68000 	C:\WINDOWS\System32\PSAPI.DLL
0x00007ffd3a390000 - 0x00007ffd3a3b3000 	C:\WINDOWS\SYSTEM32\WINMM.dll
0x00007ffd32410000 - 0x00007ffd32419000 	C:\WINDOWS\SYSTEM32\WSOCK32.dll
0x00007ffd3d3c0000 - 0x00007ffd3d42a000 	C:\WINDOWS\System32\WS2_32.dll
0x00007ffd3a330000 - 0x00007ffd3a35b000 	C:\WINDOWS\SYSTEM32\WINMMBASE.dll
0x00007ffd3bee0000 - 0x00007ffd3bf22000 	C:\WINDOWS\System32\cfgmgr32.dll
0x0000000050030000 - 0x000000005003f000 	C:\Program Files\Java\jdk1.8.0_20\jre\bin\verify.dll
0x0000000050000000 - 0x0000000050028000 	C:\Program Files\Java\jdk1.8.0_20\jre\bin\java.dll
0x0000000077fe0000 - 0x0000000077ff6000 	C:\Program Files\Java\jdk1.8.0_20\jre\bin\zip.dll
0x00007ffd3d6e0000 - 0x00007ffd3ebe8000 	C:\WINDOWS\System32\SHELL32.dll
0x00007ffd3c1c0000 - 0x00007ffd3c89a000 	C:\WINDOWS\System32\windows.storage.dll
0x00007ffd3be80000 - 0x00007ffd3becc000 	C:\WINDOWS\System32\powrprof.dll
0x00007ffd3ef00000 - 0x00007ffd3ef52000 	C:\WINDOWS\System32\shlwapi.dll
0x00007ffd3bed0000 - 0x00007ffd3bedf000 	C:\WINDOWS\System32\kernel.appcore.dll
0x00007ffd3cb60000 - 0x00007ffd3cc09000 	C:\WINDOWS\System32\shcore.dll
0x00007ffd3be50000 - 0x00007ffd3be64000 	C:\WINDOWS\System32\profapi.dll
0x00007ffd2d520000 - 0x00007ffd2d6b2000 	C:\WINDOWS\SYSTEM32\dbghelp.dll

VM Arguments:
jvm_args: -Djava.awt.headless=true -Xmx50g -Dfile.encoding=windows-1251 -Duser.country=RU -Duser.language=ru -Duser.variant 
java_command: com.android.dx.command.Main --dex --num-threads=4 --multi-dex --main-dex-list C:\Users\User\Documents\GitHub\iCRM\iCRM\app\build\intermediates\multi-dex\debug\maindexlist.txt --output C:\Users\User\Documents\GitHub\iCRM\iCRM\app\build\intermediates\transforms\dex\debug\folders\1000\1f\main C:\Users\User\Documents\GitHub\iCRM\iCRM\app\build\intermediates\transforms\jarMerging\debug\jars\1\1f\combined.jar
java_class_path (initial): C:\Users\User\AppData\Local\Android\sdk\build-tools\23.0.3\lib\dx.jar
Launcher Type: SUN_STANDARD

Environment Variables:
PATH=C:\ProgramData\Oracle\Java\javapath;C:\Program Files\Broadcom\Broadcom 802.11 Network Adapter;C:\Program Files (x86)\NVIDIA Corporation\PhysX\Common;C:\Program Files (x86)\Intel\iCLS Client\;C:\Program Files\Intel\iCLS Client\;C:\Windows\system32;C:\Windows;C:\Windows\System32\Wbem;C:\Windows\System32\WindowsPowerShell\v1.0\;C:\Program Files\Intel\Intel(R) Management Engine Components\DAL;C:\Program Files\Intel\Intel(R) Management Engine Components\IPT;C:\Program Files (x86)\Intel\Intel(R) Management Engine Components\DAL;C:\Program Files (x86)\Intel\Intel(R) Management Engine Components\IPT;C:\Program Files\WIDCOMM\Bluetooth Software\;C:\Program Files\WIDCOMM\Bluetooth Software\syswow64;C:\Program Files\Acer\Remote Files\;C:\Program Files (x86)\Skype\Phone\;C:\Program Files\OpenVPN\bin;C:\WINDOWS\system32;C:\WINDOWS;C:\WINDOWS\System32\Wbem;C:\WINDOWS\System32\WindowsPowerShell\v1.0\;C:\Users\User\AppData\Local\Microsoft\WindowsApps;
USERNAME=User
OS=Windows_NT
PROCESSOR_IDENTIFIER=Intel64 Family 6 Model 69 Stepping 1, GenuineIntel



---------------  S Y S T E M  ---------------

OS: Windows 8.1 , 64 bit Build 9600 

CPU:total 4 (2 cores per cpu, 2 threads per core) family 6 model 69 stepping 1, cmov, cx8, fxsr, mmx, sse, sse2, sse3, ssse3, sse4.1, sse4.2, popcnt, avx, avx2, aes, clmul, erms, lzcnt, ht, tsc, tscinvbit, bmi1, bmi2

Memory: 4k page, physical 8310040k(661084k free), swap 12406020k(5056k free)

vm_info: Java HotSpot(TM) 64-Bit Server VM (25.20-b23) for windows-amd64 JRE (1.8.0_20-b26), built on Jul 30 2014 13:51:23 by "java_re" with MS VC++ 10.0 (VS2010)

time: Fri Oct 28 00:51:30 2016
elapsed time: 33 seconds (0d 0h 0m 33s)

