#
# There is insufficient memory for the Java Runtime Environment to continue.
# Native memory allocation (malloc) failed to allocate 533776 bytes for Chunk::new
# Possible reasons:
#   The system is out of physical RAM or swap space
#   In 32 bit mode, the process size limit was hit
# Possible solutions:
#   Reduce memory load on the system
#   Increase physical memory or swap space
#   Check if swap backing store is full
#   Use 64 bit Java on a 64 bit OS
#   Decrease Java heap size (-Xmx/-Xms)
#   Decrease number of Java threads
#   Decrease Java thread stack sizes (-Xss)
#   Set larger code cache with -XX:ReservedCodeCacheSize=
# This output file may be truncated or incomplete.
#
#  Out of Memory Error (allocation.cpp:390), pid=11408, tid=0x0000000000003cec
#
# JRE version: OpenJDK Runtime Environment (8.0_112-b06) (build 1.8.0_112-release-b06)
# Java VM: OpenJDK 64-Bit Server VM (25.112-b06 mixed mode windows-amd64 )
# Failed to write core dump. Minidumps are not enabled by default on client versions of Windows
#

---------------  T H R E A D  ---------------

Current thread (0x000000002430c800):  JavaThread "C2 CompilerThread1" daemon [_thread_in_native, id=15596, stack(0x0000000025a70000,0x0000000025b70000)]

Stack: [0x0000000025a70000,0x0000000025b70000]
[error occurred during error reporting (printing stack bounds), id 0xc0000005]

Native frames: (J=compiled Java code, j=interpreted, Vv=VM code, C=native code)


Current CompileTask:
C2:  36181 3131       4       com.android.dx.dex.file.ClassDataItem::addContents (207 bytes)


---------------  P R O C E S S  ---------------

Java Threads: ( => current thread )
  0x0000000026537000 JavaThread "pool-1-thread-1" [_thread_in_Java, id=9536, stack(0x0000000028f10000,0x0000000029010000)]
  0x0000000026429000 JavaThread "pool-2-thread-4" [_thread_in_Java, id=6184, stack(0x0000000026e70000,0x0000000026f70000)]
  0x0000000026428000 JavaThread "pool-2-thread-3" [_thread_in_Java, id=14568, stack(0x0000000026d70000,0x0000000026e70000)]
  0x000000002642c800 JavaThread "pool-2-thread-2" [_thread_blocked, id=6036, stack(0x0000000026c70000,0x0000000026d70000)]
  0x000000002642c000 JavaThread "pool-3-thread-1" [_thread_blocked, id=5484, stack(0x0000000026b70000,0x0000000026c70000)]
  0x0000000025f89000 JavaThread "pool-2-thread-1" [_thread_blocked, id=8228, stack(0x0000000026a70000,0x0000000026b70000)]
  0x0000000025c98800 JavaThread "Service Thread" daemon [_thread_blocked, id=1204, stack(0x0000000026070000,0x0000000026170000)]
  0x000000002431a000 JavaThread "C1 CompilerThread2" daemon [_thread_blocked, id=10564, stack(0x0000000025b70000,0x0000000025c70000)]
=>0x000000002430c800 JavaThread "C2 CompilerThread1" daemon [_thread_in_native, id=15596, stack(0x0000000025a70000,0x0000000025b70000)]
  0x000000002430a800 JavaThread "C2 CompilerThread0" daemon [_thread_in_native, id=6060, stack(0x0000000025970000,0x0000000025a70000)]
  0x0000000024319000 JavaThread "Attach Listener" daemon [_thread_blocked, id=5160, stack(0x0000000025870000,0x0000000025970000)]
  0x0000000024318000 JavaThread "Signal Dispatcher" daemon [_thread_blocked, id=13268, stack(0x0000000025770000,0x0000000025870000)]
  0x00000000242f8800 JavaThread "Finalizer" daemon [_thread_blocked, id=10176, stack(0x0000000025580000,0x0000000025680000)]
  0x0000000001e53000 JavaThread "Reference Handler" daemon [_thread_blocked, id=9516, stack(0x0000000025480000,0x0000000025580000)]
  0x0000000001d60800 JavaThread "main" [_thread_in_Java, id=7664, stack(0x0000000001c60000,0x0000000001d60000)]

Other Threads:
  0x00000000242d5800 VMThread [stack: 0x0000000025380000,0x0000000025480000] [id=9136]
  0x000000002436d800 WatcherThread [stack: 0x0000000026170000,0x0000000026270000] [id=9472]

VM state:not at safepoint (normal execution)

VM Mutex/Monitor currently owned by a thread: None

Heap:
 PSYoungGen      total 1345024K, used 854746K [0x00000008d5580000, 0x000000095b480000, 0x0000000d00000000)
  eden space 796160K, 38% used [0x00000008d5580000,0x00000008e82d1638,0x0000000905f00000)
  from space 548864K, 99% used [0x000000092d180000,0x000000094e6e5550,0x000000094e980000)
  to   space 641536K, 0% used [0x0000000905f00000,0x0000000905f00000,0x000000092d180000)
 ParOldGen       total 1169408K, used 837029K [0x0000000080000000, 0x00000000c7600000, 0x00000008d5580000)
  object space 1169408K, 71% used [0x0000000080000000,0x00000000b3169728,0x00000000c7600000)
 Metaspace       used 6523K, capacity 6920K, committed 7168K, reserved 8192K

Card table byte_map: [0x00000000127c0000,0x0000000018bd0000] byte_map_base: 0x00000000123c0000

Marking Bits: (ParMarkBitMap*) 0x0000000071bd18f0
 Begin Bits: [0x0000000d00000000, 0x0000000d32000000)
 End Bits:   [0x0000000d32000000, 0x0000000d64000000)

Polling page: 0x0000000001b40000

CodeCache: size=245760Kb used=13089Kb max_used=13089Kb free=232671Kb
 bounds [0x0000000003400000, 0x00000000040e0000, 0x0000000012400000]
 total_blobs=2937 nmethods=2674 adapters=176
 compilation: enabled

Compilation events (10 events):
Event: 35.962 Thread 0x000000002431a000 3133   !   3       java.util.concurrent.locks.AbstractQueuedSynchronizer::acquireQueued (93 bytes)
Event: 35.963 Thread 0x000000002431a000 nmethod 3133 0x00000000040810d0 code [0x0000000004081300, 0x0000000004081df8]
Event: 36.042 Thread 0x000000002431a000 3135 % !   3       com.android.dx.cf.code.Ropper::processBlock @ 1035 (1101 bytes)
Event: 36.043 Thread 0x000000002430c800 nmethod 3130 0x00000000040a1510 code [0x00000000040a1880, 0x00000000040a5048]
Event: 36.043 Thread 0x000000002430c800 3131       4       com.android.dx.dex.file.ClassDataItem::addContents (207 bytes)
Event: 36.056 Thread 0x000000002431a000 nmethod 3135% 0x00000000040ab350 code [0x00000000040abee0, 0x00000000040b5a38]
Event: 36.058 Thread 0x000000002431a000 3136   !   3       com.android.dx.cf.code.Ropper::processBlock (1101 bytes)
Event: 36.072 Thread 0x000000002431a000 nmethod 3136 0x00000000040be650 code [0x00000000040bf1c0, 0x00000000040c8ad8]
Event: 36.132 Thread 0x000000002431a000 3138       3       com.android.dx.ssa.back.FirstFitLocalCombiningAllocator::findAnyFittingRange (189 bytes)
Event: 36.133 Thread 0x000000002431a000 nmethod 3138 0x0000000004080090 code [0x0000000004080280, 0x0000000004080bd8]

GC Heap History (10 events):
Event: 26.587 GC heap before
{Heap before GC invocations=21 (full 5):
 PSYoungGen      total 992768K, used 278497K [0x00000008d5580000, 0x000000093a780000, 0x0000000d00000000)
  eden space 714240K, 0% used [0x00000008d5580000,0x00000008d5580000,0x0000000900f00000)
  from space 278528K, 99% used [0x0000000919b00000,0x000000092aaf8738,0x000000092ab00000)
  to   space 405504K, 0% used [0x0000000900f00000,0x0000000900f00000,0x0000000919b00000)
 ParOldGen       total 775168K, used 712399K [0x0000000080000000, 0x00000000af500000, 0x00000008d5580000)
  object space 775168K, 91% used [0x0000000080000000,0x00000000ab7b3d48,0x00000000af500000)
 Metaspace       used 6446K, capacity 6856K, committed 6912K, reserved 8192K
Event: 28.654 GC heap after
Heap after GC invocations=21 (full 5):
 PSYoungGen      total 992768K, used 191974K [0x00000008d5580000, 0x000000093a780000, 0x0000000d00000000)
  eden space 714240K, 0% used [0x00000008d5580000,0x00000008d5580000,0x0000000900f00000)
  from space 278528K, 68% used [0x0000000919b00000,0x0000000925679930,0x000000092ab00000)
  to   space 405504K, 0% used [0x0000000900f00000,0x0000000900f00000,0x0000000919b00000)
 ParOldGen       total 1169408K, used 774734K [0x0000000080000000, 0x00000000c7600000, 0x00000008d5580000)
  object space 1169408K, 66% used [0x0000000080000000,0x00000000af493b08,0x00000000c7600000)
 Metaspace       used 6446K, capacity 6856K, committed 6912K, reserved 8192K
}
Event: 30.657 GC heap before
{Heap before GC invocations=22 (full 5):
 PSYoungGen      total 992768K, used 906214K [0x00000008d5580000, 0x000000093a780000, 0x0000000d00000000)
  eden space 714240K, 100% used [0x00000008d5580000,0x0000000900f00000,0x0000000900f00000)
  from space 278528K, 68% used [0x0000000919b00000,0x0000000925679930,0x000000092ab00000)
  to   space 405504K, 0% used [0x0000000900f00000,0x0000000900f00000,0x0000000919b00000)
 ParOldGen       total 1169408K, used 774734K [0x0000000080000000, 0x00000000c7600000, 0x00000008d5580000)
  object space 1169408K, 66% used [0x0000000080000000,0x00000000af493b08,0x00000000c7600000)
 Metaspace       used 6446K, capacity 6856K, committed 6912K, reserved 8192K
Event: 31.223 GC heap after
Heap after GC invocations=22 (full 5):
 PSYoungGen      total 1119744K, used 376274K [0x00000008d5580000, 0x000000093f080000, 0x0000000d00000000)
  eden space 714240K, 0% used [0x00000008d5580000,0x00000008d5580000,0x0000000900f00000)
  from space 405504K, 92% used [0x0000000900f00000,0x0000000917e74b90,0x0000000919b00000)
  to   space 466432K, 0% used [0x0000000922900000,0x0000000922900000,0x000000093f080000)
 ParOldGen       total 1169408K, used 837021K [0x0000000080000000, 0x00000000c7600000, 0x00000008d5580000)
  object space 1169408K, 71% used [0x0000000080000000,0x00000000b3167728,0x00000000c7600000)
 Metaspace       used 6446K, capacity 6856K, committed 6912K, reserved 8192K
}
Event: 32.690 GC heap before
{Heap before GC invocations=23 (full 5):
 PSYoungGen      total 1119744K, used 1090514K [0x00000008d5580000, 0x000000093f080000, 0x0000000d00000000)
  eden space 714240K, 100% used [0x00000008d5580000,0x0000000900f00000,0x0000000900f00000)
  from space 405504K, 92% used [0x0000000900f00000,0x0000000917e74b90,0x0000000919b00000)
  to   space 466432K, 0% used [0x0000000922900000,0x0000000922900000,0x000000093f080000)
 ParOldGen       total 1169408K, used 837021K [0x0000000080000000, 0x00000000c7600000, 0x00000008d5580000)
  object space 1169408K, 71% used [0x0000000080000000,0x00000000b3167728,0x00000000c7600000)
 Metaspace       used 6447K, capacity 6856K, committed 6912K, reserved 8192K
Event: 32.978 GC heap after
Heap after GC invocations=23 (full 5):
 PSYoungGen      total 1242624K, used 305048K [0x00000008d5580000, 0x0000000942200000, 0x0000000d00000000)
  eden space 776192K, 0% used [0x00000008d5580000,0x00000008d5580000,0x0000000904b80000)
  from space 466432K, 65% used [0x0000000922900000,0x00000009352e62b8,0x000000093f080000)
  to   space 488960K, 0% used [0x0000000904b80000,0x0000000904b80000,0x0000000922900000)
 ParOldGen       total 1169408K, used 837021K [0x0000000080000000, 0x00000000c7600000, 0x00000008d5580000)
  object space 1169408K, 71% used [0x0000000080000000,0x00000000b3167728,0x00000000c7600000)
 Metaspace       used 6447K, capacity 6856K, committed 6912K, reserved 8192K
}
Event: 33.941 GC heap before
{Heap before GC invocations=24 (full 5):
 PSYoungGen      total 1242624K, used 1081240K [0x00000008d5580000, 0x0000000942200000, 0x0000000d00000000)
  eden space 776192K, 100% used [0x00000008d5580000,0x0000000904b80000,0x0000000904b80000)
  from space 466432K, 65% used [0x0000000922900000,0x00000009352e62b8,0x000000093f080000)
  to   space 488960K, 0% used [0x0000000904b80000,0x0000000904b80000,0x0000000922900000)
 ParOldGen       total 1169408K, used 837021K [0x0000000080000000, 0x00000000c7600000, 0x00000008d5580000)
  object space 1169408K, 71% used [0x0000000080000000,0x00000000b3167728,0x00000000c7600000)
 Metaspace       used 6447K, capacity 6856K, committed 6912K, reserved 8192K
Event: 34.268 GC heap after
Heap after GC invocations=24 (full 5):
 PSYoungGen      total 1265152K, used 423303K [0x00000008d5580000, 0x000000094e980000, 0x0000000d00000000)
  eden space 776192K, 0% used [0x00000008d5580000,0x00000008d5580000,0x0000000904b80000)
  from space 488960K, 86% used [0x0000000904b80000,0x000000091e8e1ff0,0x0000000922900000)
  to   space 548864K, 0% used [0x000000092d180000,0x000000092d180000,0x000000094e980000)
 ParOldGen       total 1169408K, used 837021K [0x0000000080000000, 0x00000000c7600000, 0x00000008d5580000)
  object space 1169408K, 71% used [0x0000000080000000,0x00000000b3167728,0x00000000c7600000)
 Metaspace       used 6447K, capacity 6856K, committed 6912K, reserved 8192K
}
Event: 35.081 GC heap before
{Heap before GC invocations=25 (full 5):
 PSYoungGen      total 1265152K, used 1199495K [0x00000008d5580000, 0x000000094e980000, 0x0000000d00000000)
  eden space 776192K, 100% used [0x00000008d5580000,0x0000000904b80000,0x0000000904b80000)
  from space 488960K, 86% used [0x0000000904b80000,0x000000091e8e1ff0,0x0000000922900000)
  to   space 548864K, 0% used [0x000000092d180000,0x000000092d180000,0x000000094e980000)
 ParOldGen       total 1169408K, used 837021K [0x0000000080000000, 0x00000000c7600000, 0x00000008d5580000)
  object space 1169408K, 71% used [0x0000000080000000,0x00000000b3167728,0x00000000c7600000)
 Metaspace       used 6475K, capacity 6920K, committed 7168K, reserved 8192K
Event: 35.613 GC heap after
Heap after GC invocations=25 (full 5):
 PSYoungGen      total 1345024K, used 546197K [0x00000008d5580000, 0x000000095b480000, 0x0000000d00000000)
  eden space 796160K, 0% used [0x00000008d5580000,0x00000008d5580000,0x0000000905f00000)
  from space 548864K, 99% used [0x000000092d180000,0x000000094e6e5550,0x000000094e980000)
  to   space 641536K, 0% used [0x0000000905f00000,0x0000000905f00000,0x000000092d180000)
 ParOldGen       total 1169408K, used 837029K [0x0000000080000000, 0x00000000c7600000, 0x00000008d5580000)
  object space 1169408K, 71% used [0x0000000080000000,0x00000000b3169728,0x00000000c7600000)
 Metaspace       used 6475K, capacity 6920K, committed 7168K, reserved 8192K
}

Deoptimization events (10 events):
Event: 29.182 Thread 0x0000000001d60800 Uncommon trap: reason=class_check action=maybe_recompile pc=0x0000000003645290 method=com.android.dx.util.BitIntSet.merge(Lcom/android/dx/util/IntSet;)V @ 1
Event: 33.176 Thread 0x0000000025f89000 Uncommon trap: reason=unstable_if action=reinterpret pc=0x0000000003a29354 method=com.android.dx.ssa.SCCP.simulateStmt(Lcom/android/dx/ssa/SsaInsn;)V @ 59
Event: 33.482 Thread 0x0000000025f89000 Uncommon trap: reason=unstable_if action=reinterpret pc=0x0000000003fa6d80 method=com.android.dx.ssa.InterferenceRegisterMapper.areAnyPinned(Lcom/android/dx/rop/code/RegisterSpecList;II)Z @ 55
Event: 35.632 Thread 0x0000000026537000 Uncommon trap: reason=class_check action=maybe_recompile pc=0x000000000390b3f8 method=java.util.Arrays.hashCode([Ljava/lang/Object;)I @ 43
Event: 35.632 Thread 0x0000000026537000 Uncommon trap: reason=class_check action=maybe_recompile pc=0x000000000390b3f8 method=java.util.Arrays.hashCode([Ljava/lang/Object;)I @ 43
Event: 35.632 Thread 0x0000000026537000 Uncommon trap: reason=class_check action=maybe_recompile pc=0x000000000390b3f8 method=java.util.Arrays.hashCode([Ljava/lang/Object;)I @ 43
Event: 35.632 Thread 0x0000000026537000 Uncommon trap: reason=class_check action=maybe_recompile pc=0x000000000390b3f8 method=java.util.Arrays.hashCode([Ljava/lang/Object;)I @ 43
Event: 35.632 Thread 0x0000000026537000 Uncommon trap: reason=class_check action=maybe_recompile pc=0x00000000038fb5d0 method=java.util.Arrays.hashCode([Ljava/lang/Object;)I @ 43
Event: 35.655 Thread 0x0000000025f89000 Uncommon trap: reason=unstable_if action=reinterpret pc=0x0000000003b7d8bc method=java.util.DualPivotQuicksort.sort([IIIZ)V @ 137
Event: 36.041 Thread 0x0000000026429000 Uncommon trap: reason=unstable_if action=reinterpret pc=0x00000000036a5320 method=com.android.dx.cf.code.Ropper.processBlock(Lcom/android/dx/cf/code/ByteBlock;Lcom/android/dx/cf/code/Frame;[I)V @ 651

Internal exceptions (10 events):
Event: 0.027 Thread 0x0000000001d60800 Exception <a 'java/lang/NoSuchMethodError': Method sun.misc.Unsafe.prefetchRead(Ljava/lang/Object;J)V name or signature does not match> (0x00000008d558bc80) thrown at [C:\src\android\AOSP-openjdk\external\jetbrains\jdk\hotspot\src\share\vm\prims\jni.cpp, l$ËY6„Æ?
Event: 0.176 Thread 0x0000000001d60800 Implicit null exception at 0x0000000003567588 to 0x0000000003567b89
Event: 0.925 Thread 0x000000002642c800 Implicit null exception at 0x0000000003743912 to 0x0000000003743a0b
Event: 1.088 Thread 0x0000000026429000 Implicit null exception at 0x00000000038c232d to 0x00000000038c3b71
Event: 1.372 Thread 0x000000002642c800 Implicit null exception at 0x000000000385ff81 to 0x00000000038615c5
Event: 1.670 Thread 0x0000000026429000 Exception <a 'java/lang/ArrayIndexOutOfBoundsException': 18> (0x00000008d66072b0) thrown at [C:\src\android\AOSP-openjdk\external\jetbrains\jdk\hotspot\src\share\vm\interpreter\interpreterRuntime.cpp, line 366]
Event: 1.670 Thread 0x0000000026429000 Exception <a 'java/lang/ArrayIndexOutOfBoundsException': 145> (0x00000008d6609708) thrown at [C:\src\android\AOSP-openjdk\external\jetbrains\jdk\hotspot\src\share\vm\interpreter\interpreterRuntime.cpp, line 366]
Event: 1.671 Thread 0x0000000026429000 Exception <a 'java/lang/ArrayIndexOutOfBoundsException'> (0x00000008d660b030) thrown at [C:\src\android\AOSP-openjdk\external\jetbrains\jdk\hotspot\src\share\vm\runtime\sharedRuntime.cpp, line 605]
Event: 9.928 Thread 0x0000000001d60800 Implicit null exception at 0x0000000003577460 to 0x0000000003577ced
Event: 23.119 Thread 0x0000000001d60800 Implicit null exception at 0x00000000037a1fc8 to 0x00000000037ab87d

Events (10 events):
Event: 35.632 Thread 0x0000000026537000 DEOPT PACKING pc=0x00000000038fb5d0 sp=0x000000002900eac0
Event: 35.632 Thread 0x0000000026537000 DEOPT UNPACKING pc=0x000000000344556a sp=0x000000002900ea48 mode 2
Event: 35.638 loading class com/android/dx/rop/cst/Zeroes
Event: 35.638 loading class com/android/dx/rop/cst/Zeroes done
Event: 35.655 Thread 0x0000000025f89000 Uncommon trap: trap_request=0xffffff65 fr.pc=0x0000000003b7d8bc
Event: 35.655 Thread 0x0000000025f89000 DEOPT PACKING pc=0x0000000003b7d8bc sp=0x0000000026b6e820
Event: 35.655 Thread 0x0000000025f89000 DEOPT UNPACKING pc=0x000000000344556a sp=0x0000000026b6e778 mode 2
Event: 36.041 Thread 0x0000000026429000 Uncommon trap: trap_request=0xffffff65 fr.pc=0x00000000036a5320
Event: 36.041 Thread 0x0000000026429000 DEOPT PACKING pc=0x00000000036a5320 sp=0x0000000026f6ea00
Event: 36.041 Thread 0x0000000026429000 DEOPT UNPACKING pc=0x000000000344556a sp=0x0000000026f6ea48 mode 2


Dynamic libraries:
0x00007ff685820000 - 0x00007ff685851000 	C:\Program Files\Android\Android Studio\jre\bin\java.exe
0x00007ffa3aa10000 - 0x00007ffa3abe1000 	C:\WINDOWS\SYSTEM32\ntdll.dll
0x00007ffa37fd0000 - 0x00007ffa3807b000 	C:\WINDOWS\System32\KERNEL32.DLL
0x00007ffa37830000 - 0x00007ffa37a4d000 	C:\WINDOWS\System32\KERNELBASE.dll
0x00007ffa38700000 - 0x00007ffa387a2000 	C:\WINDOWS\System32\ADVAPI32.dll
0x00007ffa38080000 - 0x00007ffa3811e000 	C:\WINDOWS\System32\msvcrt.dll
0x00007ffa3a050000 - 0x00007ffa3a0a9000 	C:\WINDOWS\System32\sechost.dll
0x00007ffa385d0000 - 0x00007ffa386f1000 	C:\WINDOWS\System32\RPCRT4.dll
0x00007ffa38460000 - 0x00007ffa385c5000 	C:\WINDOWS\System32\USER32.dll
0x00007ffa36fb0000 - 0x00007ffa36fce000 	C:\WINDOWS\System32\win32u.dll
0x00007ffa381f0000 - 0x00007ffa38224000 	C:\WINDOWS\System32\GDI32.dll
0x00007ffa37aa0000 - 0x00007ffa37c22000 	C:\WINDOWS\System32\gdi32full.dll
0x00007ffa2c5a0000 - 0x00007ffa2c81a000 	C:\WINDOWS\WinSxS\amd64_microsoft.windows.common-controls_6595b64144ccf1df_6.0.14393.953_none_42151e83c686086b\COMCTL32.dll
0x00007ffa39cc0000 - 0x00007ffa39f88000 	C:\WINDOWS\System32\combase.dll
0x00007ffa37c30000 - 0x00007ffa37d25000 	C:\WINDOWS\System32\ucrtbase.dll
0x00007ffa377c0000 - 0x00007ffa3782a000 	C:\WINDOWS\System32\bcryptPrimitives.dll
0x00007ffa37fa0000 - 0x00007ffa37fce000 	C:\WINDOWS\System32\IMM32.DLL
0x0000000071330000 - 0x0000000071402000 	C:\Program Files\Android\Android Studio\jre\jre\bin\msvcr100.dll
0x0000000071410000 - 0x0000000071c4c000 	C:\Program Files\Android\Android Studio\jre\jre\bin\server\jvm.dll
0x00007ffa3a960000 - 0x00007ffa3a968000 	C:\WINDOWS\System32\PSAPI.DLL
0x00007ffa2a680000 - 0x00007ffa2a68a000 	C:\WINDOWS\SYSTEM32\VERSION.dll
0x00007ffa34e40000 - 0x00007ffa34e49000 	C:\WINDOWS\SYSTEM32\WSOCK32.dll
0x00007ffa34db0000 - 0x00007ffa34dd3000 	C:\WINDOWS\SYSTEM32\WINMM.dll
0x00007ffa383f0000 - 0x00007ffa3845a000 	C:\WINDOWS\System32\WS2_32.dll
0x0000000001b10000 - 0x0000000001b3b000 	C:\WINDOWS\SYSTEM32\WINMMBASE.dll
0x00007ffa37a50000 - 0x00007ffa37a92000 	C:\WINDOWS\System32\cfgmgr32.dll
0x00007ffa33f50000 - 0x00007ffa33f5f000 	C:\Program Files\Android\Android Studio\jre\jre\bin\verify.dll
0x00007ffa28ca0000 - 0x00007ffa28cc9000 	C:\Program Files\Android\Android Studio\jre\jre\bin\java.dll
0x00007ffa2ec80000 - 0x00007ffa2ec96000 	C:\Program Files\Android\Android Studio\jre\jre\bin\zip.dll
0x00007ffa387b0000 - 0x00007ffa39cb8000 	C:\WINDOWS\System32\SHELL32.dll
0x00007ffa37030000 - 0x00007ffa3770a000 	C:\WINDOWS\System32\windows.storage.dll
0x00007ffa36ea0000 - 0x00007ffa36eec000 	C:\WINDOWS\System32\powrprof.dll
0x00007ffa38330000 - 0x00007ffa38382000 	C:\WINDOWS\System32\shlwapi.dll
0x00007ffa36e90000 - 0x00007ffa36e9f000 	C:\WINDOWS\System32\kernel.appcore.dll
0x00007ffa37710000 - 0x00007ffa377b9000 	C:\WINDOWS\System32\shcore.dll
0x00007ffa36e70000 - 0x00007ffa36e84000 	C:\WINDOWS\System32\profapi.dll

VM Arguments:
jvm_args: -Djava.awt.headless=true -Xmx50g -Dfile.encoding=windows-1251 -Duser.country=RU -Duser.language=ru -Duser.variant 
java_command: com.android.dx.command.Main --dex --num-threads=4 --multi-dex --main-dex-list C:\Users\User\Documents\GitHub\iCRM\iCRM\app\build\intermediates\multi-dex\debug\maindexlist.txt --output C:\Users\User\Documents\GitHub\iCRM\iCRM\app\build\intermediates\transforms\dex\debug\folders\1000\1f\main C:\Users\User\Documents\GitHub\iCRM\iCRM\app\build\intermediates\transforms\jarMerging\debug\jars\1\1f\combined.jar
java_class_path (initial): C:\Users\User\AppData\Local\Android\sdk\build-tools\25.0.2\lib\dx.jar
Launcher Type: SUN_STANDARD

Environment Variables:
PATH=C:\ProgramData\Oracle\Java\javapath;C:\Program Files\Broadcom\Broadcom 802.11 Network Adapter;C:\Program Files (x86)\NVIDIA Corporation\PhysX\Common;C:\Program Files (x86)\Intel\iCLS Client\;C:\Program Files\Intel\iCLS Client\;C:\Windows\system32;C:\Windows;C:\Windows\System32\Wbem;C:\Windows\System32\WindowsPowerShell\v1.0\;C:\Program Files\Intel\Intel(R) Management Engine Components\DAL;C:\Program Files\Intel\Intel(R) Management Engine Components\IPT;C:\Program Files (x86)\Intel\Intel(R) Management Engine Components\DAL;C:\Program Files (x86)\Intel\Intel(R) Management Engine Components\IPT;C:\Program Files\WIDCOMM\Bluetooth Software\;C:\Program Files\WIDCOMM\Bluetooth Software\syswow64;C:\Program Files\Acer\Remote Files\;C:\Program Files\OpenVPN\bin;C:\WINDOWS\system32;C:\WINDOWS;C:\WINDOWS\System32\Wbem;C:\WINDOWS\System32\WindowsPowerShell\v1.0\;C:\Users\User\AppData\Local\Microsoft\WindowsApps;
USERNAME=User
OS=Windows_NT
PROCESSOR_IDENTIFIER=Intel64 Family 6 Model 69 Stepping 1, GenuineIntel



---------------  S Y S T E M  ---------------

OS: Windows 10.0 , 64 bit Build 14393 (10.0.14393.0)

CPU:total 4 (2 cores per cpu, 2 threads per core) family 6 model 69 stepping 1, cmov, cx8, fxsr, mmx, sse, sse2, sse3, ssse3, sse4.1, sse4.2, popcnt, avx, avx2, aes, clmul, erms, lzcnt, ht, tsc, tscinvbit, bmi1, bmi2

Memory: 4k page, physical 8310040k(753536k free), swap 12406040k(4648k free)

vm_info: OpenJDK 64-Bit Server VM (25.112-b06) for windows-amd64 JRE (1.8.0_112-release-b06), built on Dec  8 2016 00:54:26 by "builder" with MS VC++ 10.0 (VS2010)

time: Fri Apr 14 15:05:36 2017
elapsed time: 36 seconds (0d 0h 0m 36s)

