#
# There is insufficient memory for the Java Runtime Environment to continue.
# Native memory allocation (malloc) failed to allocate 1345056 bytes for Chunk::new
# Possible reasons:
#   The system is out of physical RAM or swap space
#   In 32 bit mode, the process size limit was hit
# Possible solutions:
#   Reduce memory load on the system
#   Increase physical memory or swap space
#   Check if swap backing store is full
#   Use 64 bit Java on a 64 bit OS
#   Decrease Java heap size (-Xmx/-Xms)
#   Decrease number of Java threads
#   Decrease Java thread stack sizes (-Xss)
#   Set larger code cache with -XX:ReservedCodeCacheSize=
# This output file may be truncated or incomplete.
#
#  Out of Memory Error (allocation.cpp:390), pid=13100, tid=2528
#
# JRE version: Java(TM) SE Runtime Environment (8.0_20-b26) (build 1.8.0_20-b26)
# Java VM: Java HotSpot(TM) 64-Bit Server VM (25.20-b23 mixed mode windows-amd64 )
# Failed to write core dump. Minidumps are not enabled by default on client versions of Windows
#

---------------  T H R E A D  ---------------

Current thread (0x0000000023e4d800):  JavaThread "C2 CompilerThread0" daemon [_thread_in_native, id=2528, stack(0x00000000253a0000,0x00000000254a0000)]

Stack: [0x00000000253a0000,0x00000000254a0000]
Native frames: (J=compiled Java code, j=interpreted, Vv=VM code, C=native code)
V  [jvm.dll+0x3152fa]
V  [jvm.dll+0x265d03]
V  [jvm.dll+0x266943]
V  [jvm.dll+0x25e265]
V  [jvm.dll+0xbe255]
V  [jvm.dll+0xbe6fc]
V  [jvm.dll+0x45c472]
V  [jvm.dll+0x49d76f]
V  [jvm.dll+0x4512bf]
V  [jvm.dll+0x452634]
V  [jvm.dll+0x435fc2]
V  [jvm.dll+0x97b62]
V  [jvm.dll+0x98353]
V  [jvm.dll+0x22aac4]
V  [jvm.dll+0x283f5a]
C  [msvcr100.dll+0x21d9f]
C  [msvcr100.dll+0x21e3b]
C  [KERNEL32.DLL+0x8364]
C  [ntdll.dll+0x65e91]


Current CompileTask:
C2:  72171 3584   !   4       com.android.dx.cf.code.BytecodeArray::parseInstruction (2764 bytes)


---------------  P R O C E S S  ---------------

Java Threads: ( => current thread )
  0x0000000026307000 JavaThread "pool-1-thread-1" [_thread_in_Java, id=6044, stack(0x0000000028940000,0x0000000028a40000)]
  0x0000000025f02000 JavaThread "pool-2-thread-4" [_thread_blocked, id=848, stack(0x0000000027870000,0x0000000027970000)]
  0x0000000025f01000 JavaThread "pool-2-thread-3" [_thread_in_Java, id=6456, stack(0x0000000027770000,0x0000000027870000)]
  0x0000000025819800 JavaThread "pool-2-thread-2" [_thread_blocked, id=10864, stack(0x0000000027670000,0x0000000027770000)]
  0x0000000025818800 JavaThread "pool-3-thread-1" [_thread_blocked, id=8792, stack(0x0000000027570000,0x0000000027670000)]
  0x00000000263b3000 JavaThread "pool-2-thread-1" [_thread_blocked, id=896, stack(0x0000000027470000,0x0000000027570000)]
  0x0000000023eae800 JavaThread "Service Thread" daemon [_thread_blocked, id=7856, stack(0x0000000025aa0000,0x0000000025ba0000)]
  0x0000000023e56000 JavaThread "C1 CompilerThread2" daemon [_thread_blocked, id=2392, stack(0x00000000255a0000,0x00000000256a0000)]
  0x0000000023e4f800 JavaThread "C2 CompilerThread1" daemon [_thread_in_native, id=14028, stack(0x00000000254a0000,0x00000000255a0000)]
=>0x0000000023e4d800 JavaThread "C2 CompilerThread0" daemon [_thread_in_native, id=2528, stack(0x00000000253a0000,0x00000000254a0000)]
  0x0000000023e4b800 JavaThread "Attach Listener" daemon [_thread_blocked, id=5560, stack(0x00000000252a0000,0x00000000253a0000)]
  0x0000000023e4a800 JavaThread "Signal Dispatcher" daemon [_thread_blocked, id=4956, stack(0x00000000251a0000,0x00000000252a0000)]
  0x00000000019e6000 JavaThread "Finalizer" daemon [_thread_blocked, id=8084, stack(0x00000000250a0000,0x00000000251a0000)]
  0x00000000019dd000 JavaThread "Reference Handler" daemon [_thread_blocked, id=14296, stack(0x0000000024fa0000,0x00000000250a0000)]
  0x00000000018f2800 JavaThread "main" [_thread_in_Java, id=7292, stack(0x0000000001740000,0x0000000001840000)]

Other Threads:
  0x0000000023e15800 VMThread [stack: 0x0000000024ea0000,0x0000000024fa0000] [id=2948]
  0x00000000256da000 WatcherThread [stack: 0x0000000025ba0000,0x0000000025ca0000] [id=9116]

VM state:not at safepoint (normal execution)

VM Mutex/Monitor currently owned by a thread: None

Heap:
 PSYoungGen      total 916992K, used 634291K [0x00000008d5580000, 0x000000091d800000, 0x0000000d00000000)
  eden space 725504K, 87% used [0x00000008d5580000,0x00000008fc0ecec0,0x0000000901a00000)
  from space 191488K, 0% used [0x000000090ea00000,0x000000090ea00000,0x000000091a500000)
  to   space 212992K, 0% used [0x0000000901a00000,0x0000000901a00000,0x000000090ea00000)
 ParOldGen       total 823296K, used 823263K [0x0000000080000000, 0x00000000b2400000, 0x00000008d5580000)
  object space 823296K, 99% used [0x0000000080000000,0x00000000b23f7e68,0x00000000b2400000)
 Metaspace       used 6980K, capacity 7240K, committed 7424K, reserved 8192K

Card table byte_map: [0x0000000012400000,0x0000000018810000] byte_map_base: 0x0000000012000000

Marking Bits: (ParMarkBitMap*) 0x0000000053f5b460
 Begin Bits: [0x0000000d00000000, 0x0000000d32000000)
 End Bits:   [0x0000000d32000000, 0x0000000d64000000)

Polling page: 0x0000000000f10000

CodeCache: size=245760Kb used=12339Kb max_used=14373Kb free=233420Kb
 bounds [0x0000000003400000, 0x0000000004220000, 0x0000000012400000]
 total_blobs=3029 nmethods=2763 adapters=179
 compilation: enabled

Compilation events (10 events):
Event: 72.107 Thread 0x0000000023e56000 3598       3       java.lang.Integer::equals (29 bytes)
Event: 72.107 Thread 0x0000000023e56000 nmethod 3598 0x0000000003a04590 code [0x0000000003a04700, 0x0000000003a04b50]
Event: 72.108 Thread 0x0000000023e56000 3600       3       com.android.dx.cf.code.Ropper$LabelAllocator::getNextLabel (12 bytes)
Event: 72.108 Thread 0x0000000023e56000 nmethod 3600 0x000000000386a550 code [0x000000000386a6a0, 0x000000000386a7f0]
Event: 72.108 Thread 0x0000000023e56000 3601       3       com.android.dx.cf.code.Ropper$SubroutineInliner::copyBlock (269 bytes)
Event: 72.111 Thread 0x0000000023e56000 nmethod 3601 0x0000000003a00a90 code [0x0000000003a00e80, 0x0000000003a03018]
Event: 72.111 Thread 0x0000000023e56000 3602       3       com.android.dx.cf.code.Ropper::access$900 (6 bytes)
Event: 72.111 Thread 0x0000000023e56000 nmethod 3602 0x0000000003a006d0 code [0x0000000003a00840, 0x0000000003a009a8]
Event: 72.112 Thread 0x0000000023e56000 3603       3       com.android.dx.cf.code.Ropper$2::visitBlock (12 bytes)
Event: 72.112 Thread 0x0000000023e56000 nmethod 3603 0x0000000003a001d0 code [0x0000000003a00340, 0x0000000003a005e8]

GC Heap History (10 events):
Event: 47.221 GC heap before
{Heap before GC invocations=26 (full 10):
 PSYoungGen      total 916992K, used 725504K [0x00000008d5580000, 0x000000091d800000, 0x0000000d00000000)
  eden space 725504K, 100% used [0x00000008d5580000,0x0000000901a00000,0x0000000901a00000)
  from space 191488K, 0% used [0x000000090ea00000,0x000000090ea00000,0x000000091a500000)
  to   space 212992K, 0% used [0x0000000901a00000,0x0000000901a00000,0x000000090ea00000)
 ParOldGen       total 823296K, used 823047K [0x0000000080000000, 0x00000000b2400000, 0x00000008d5580000)
  object space 823296K, 99% used [0x0000000080000000,0x00000000b23c1f20,0x00000000b2400000)
 Metaspace       used 6597K, capacity 6920K, committed 7168K, reserved 8192K
Event: 50.457 GC heap after
Heap after GC invocations=26 (full 10):
 PSYoungGen      total 916992K, used 338361K [0x00000008d5580000, 0x000000091d800000, 0x0000000d00000000)
  eden space 725504K, 46% used [0x00000008d5580000,0x00000008e9fee4d0,0x0000000901a00000)
  from space 191488K, 0% used [0x000000090ea00000,0x000000090ea00000,0x000000091a500000)
  to   space 212992K, 0% used [0x0000000901a00000,0x0000000901a00000,0x000000090ea00000)
 ParOldGen       total 823296K, used 823038K [0x0000000080000000, 0x00000000b2400000, 0x00000008d5580000)
  object space 823296K, 99% used [0x0000000080000000,0x00000000b23bf838,0x00000000b2400000)
 Metaspace       used 6597K, capacity 6920K, committed 7168K, reserved 8192K
}
Event: 51.174 GC heap before
{Heap before GC invocations=27 (full 11):
 PSYoungGen      total 916992K, used 725504K [0x00000008d5580000, 0x000000091d800000, 0x0000000d00000000)
  eden space 725504K, 100% used [0x00000008d5580000,0x0000000901a00000,0x0000000901a00000)
  from space 191488K, 0% used [0x000000090ea00000,0x000000090ea00000,0x000000091a500000)
  to   space 212992K, 0% used [0x0000000901a00000,0x0000000901a00000,0x000000090ea00000)
 ParOldGen       total 823296K, used 823251K [0x0000000080000000, 0x00000000b2400000, 0x00000008d5580000)
  object space 823296K, 99% used [0x0000000080000000,0x00000000b23f4ea0,0x00000000b2400000)
 Metaspace       used 6662K, capacity 6920K, committed 7168K, reserved 8192K
Event: 56.800 GC heap after
Heap after GC invocations=27 (full 11):
 PSYoungGen      total 916992K, used 390621K [0x00000008d5580000, 0x000000091d800000, 0x0000000d00000000)
  eden space 725504K, 53% used [0x00000008d5580000,0x00000008ed2f76b0,0x0000000901a00000)
  from space 191488K, 0% used [0x000000090ea00000,0x000000090ea00000,0x000000091a500000)
  to   space 212992K, 0% used [0x0000000901a00000,0x0000000901a00000,0x000000090ea00000)
 ParOldGen       total 823296K, used 823034K [0x0000000080000000, 0x00000000b2400000, 0x00000008d5580000)
  object space 823296K, 99% used [0x0000000080000000,0x00000000b23be9d0,0x00000000b2400000)
 Metaspace       used 6662K, capacity 6920K, committed 7168K, reserved 8192K
}
Event: 57.350 GC heap before
{Heap before GC invocations=28 (full 12):
 PSYoungGen      total 916992K, used 725504K [0x00000008d5580000, 0x000000091d800000, 0x0000000d00000000)
  eden space 725504K, 100% used [0x00000008d5580000,0x0000000901a00000,0x0000000901a00000)
  from space 191488K, 0% used [0x000000090ea00000,0x000000090ea00000,0x000000091a500000)
  to   space 212992K, 0% used [0x0000000901a00000,0x0000000901a00000,0x000000090ea00000)
 ParOldGen       total 823296K, used 823035K [0x0000000080000000, 0x00000000b2400000, 0x00000008d5580000)
  object space 823296K, 99% used [0x0000000080000000,0x00000000b23beec8,0x00000000b2400000)
 Metaspace       used 6699K, capacity 6984K, committed 7168K, reserved 8192K
Event: 62.585 GC heap after
Heap after GC invocations=28 (full 12):
 PSYoungGen      total 916992K, used 437169K [0x00000008d5580000, 0x000000091d800000, 0x0000000d00000000)
  eden space 725504K, 60% used [0x00000008d5580000,0x00000008f006c578,0x0000000901a00000)
  from space 191488K, 0% used [0x000000090ea00000,0x000000090ea00000,0x000000091a500000)
  to   space 212992K, 0% used [0x0000000901a00000,0x0000000901a00000,0x000000090ea00000)
 ParOldGen       total 823296K, used 823177K [0x0000000080000000, 0x00000000b2400000, 0x00000008d5580000)
  object space 823296K, 99% used [0x0000000080000000,0x00000000b23e27b0,0x00000000b2400000)
 Metaspace       used 6699K, capacity 6984K, committed 7168K, reserved 8192K
}
Event: 63.039 GC heap before
{Heap before GC invocations=29 (full 13):
 PSYoungGen      total 916992K, used 725504K [0x00000008d5580000, 0x000000091d800000, 0x0000000d00000000)
  eden space 725504K, 100% used [0x00000008d5580000,0x0000000901a00000,0x0000000901a00000)
  from space 191488K, 0% used [0x000000090ea00000,0x000000090ea00000,0x000000091a500000)
  to   space 212992K, 0% used [0x0000000901a00000,0x0000000901a00000,0x000000090ea00000)
 ParOldGen       total 823296K, used 823177K [0x0000000080000000, 0x00000000b2400000, 0x00000008d5580000)
  object space 823296K, 99% used [0x0000000080000000,0x00000000b23e27b0,0x00000000b2400000)
 Metaspace       used 6699K, capacity 6984K, committed 7168K, reserved 8192K
Event: 65.837 GC heap after
Heap after GC invocations=29 (full 13):
 PSYoungGen      total 916992K, used 481401K [0x00000008d5580000, 0x000000091d800000, 0x0000000d00000000)
  eden space 725504K, 66% used [0x00000008d5580000,0x00000008f2b9e640,0x0000000901a00000)
  from space 191488K, 0% used [0x000000090ea00000,0x000000090ea00000,0x000000091a500000)
  to   space 212992K, 0% used [0x0000000901a00000,0x0000000901a00000,0x000000090ea00000)
 ParOldGen       total 823296K, used 823176K [0x0000000080000000, 0x00000000b2400000, 0x00000008d5580000)
  object space 823296K, 99% used [0x0000000080000000,0x00000000b23e2390,0x00000000b2400000)
 Metaspace       used 6699K, capacity 6984K, committed 7168K, reserved 8192K
}
Event: 66.861 GC heap before
{Heap before GC invocations=30 (full 14):
 PSYoungGen      total 916992K, used 725504K [0x00000008d5580000, 0x000000091d800000, 0x0000000d00000000)
  eden space 725504K, 100% used [0x00000008d5580000,0x0000000901a00000,0x0000000901a00000)
  from space 191488K, 0% used [0x000000090ea00000,0x000000090ea00000,0x000000091a500000)
  to   space 212992K, 0% used [0x0000000901a00000,0x0000000901a00000,0x000000090ea00000)
 ParOldGen       total 823296K, used 823176K [0x0000000080000000, 0x00000000b2400000, 0x00000008d5580000)
  object space 823296K, 99% used [0x0000000080000000,0x00000000b23e2390,0x00000000b2400000)
 Metaspace       used 6860K, capacity 7112K, committed 7168K, reserved 8192K
Event: 71.846 GC heap after
Heap after GC invocations=30 (full 14):
 PSYoungGen      total 916992K, used 524100K [0x00000008d5580000, 0x000000091d800000, 0x0000000d00000000)
  eden space 725504K, 72% used [0x00000008d5580000,0x00000008f5551158,0x0000000901a00000)
  from space 191488K, 0% used [0x000000090ea00000,0x000000090ea00000,0x000000091a500000)
  to   space 212992K, 0% used [0x0000000901a00000,0x0000000901a00000,0x000000090ea00000)
 ParOldGen       total 823296K, used 823263K [0x0000000080000000, 0x00000000b2400000, 0x00000008d5580000)
  object space 823296K, 99% used [0x0000000080000000,0x00000000b23f7e68,0x00000000b2400000)
 Metaspace       used 6860K, capacity 7112K, committed 7168K, reserved 8192K
}

Deoptimization events (10 events):
Event: 71.914 Thread 0x0000000025f01000 Uncommon trap: reason=class_check action=maybe_recompile pc=0x0000000004157738 method=com.android.dx.cf.code.BaseMachine.storeResults(Lcom/android/dx/cf/code/Frame;)V @ 41
Event: 71.914 Thread 0x0000000025f01000 Uncommon trap: reason=class_check action=maybe_recompile pc=0x0000000004041bec method=com.android.dx.cf.code.BaseMachine.localArg(Lcom/android/dx/cf/code/Frame;I)V @ 14
Event: 71.914 Thread 0x0000000025f01000 Uncommon trap: reason=class_check action=maybe_recompile pc=0x000000000404f600 method=com.android.dx.cf.code.Frame.setImmutable()V @ 4
Event: 71.914 Thread 0x0000000025f01000 Uncommon trap: reason=class_check action=maybe_recompile pc=0x0000000004070da0 method=com.android.dx.cf.code.Frame.copy()Lcom/android/dx/cf/code/Frame; @ 8
Event: 71.914 Thread 0x0000000025f01000 Uncommon trap: reason=class_check action=maybe_recompile pc=0x0000000004041bec method=com.android.dx.cf.code.BaseMachine.localArg(Lcom/android/dx/cf/code/Frame;I)V @ 14
Event: 71.914 Thread 0x0000000025f01000 Uncommon trap: reason=class_check action=maybe_recompile pc=0x000000000404f600 method=com.android.dx.cf.code.Frame.setImmutable()V @ 4
Event: 71.948 Thread 0x0000000025f01000 Uncommon trap: reason=class_check action=maybe_recompile pc=0x0000000004157738 method=com.android.dx.cf.code.BaseMachine.storeResults(Lcom/android/dx/cf/code/Frame;)V @ 41
Event: 71.980 Thread 0x00000000018f2800 Uncommon trap: reason=class_check action=maybe_recompile pc=0x0000000004157738 method=com.android.dx.cf.code.BaseMachine.storeResults(Lcom/android/dx/cf/code/Frame;)V @ 41
Event: 72.044 Thread 0x0000000025f02000 Uncommon trap: reason=bimorphic action=maybe_recompile pc=0x0000000003a97280 method=com.android.dx.cf.code.BytecodeArray.parseInstruction(ILcom/android/dx/cf/code/BytecodeArray$Visitor;)I @ 1987
Event: 72.044 Thread 0x0000000025f02000 Uncommon trap: reason=bimorphic action=maybe_recompile pc=0x0000000003a97280 method=com.android.dx.cf.code.BytecodeArray.parseInstruction(ILcom/android/dx/cf/code/BytecodeArray$Visitor;)I @ 1987

Internal exceptions (10 events):
Event: 66.763 Thread 0x0000000026307000 Exception <a 'java/security/PrivilegedActionException'> (0x0000000900205880) thrown at [D:\re\workspace\8-2-build-windows-amd64-cygwin\jdk8u20\1074\hotspot\src\share\vm\prims\jvm.cpp, line 1275]
Event: 66.764 Thread 0x0000000026307000 Exception <a 'java/security/PrivilegedActionException'> (0x000000090020a518) thrown at [D:\re\workspace\8-2-build-windows-amd64-cygwin\jdk8u20\1074\hotspot\src\share\vm\prims\jvm.cpp, line 1275]
Event: 66.785 Thread 0x0000000026307000 Exception <a 'java/security/PrivilegedActionException'> (0x0000000900238f60) thrown at [D:\re\workspace\8-2-build-windows-amd64-cygwin\jdk8u20\1074\hotspot\src\share\vm\prims\jvm.cpp, line 1275]
Event: 71.880 Thread 0x0000000026307000 Exception <a 'java/security/PrivilegedActionException'> (0x00000008f6301988) thrown at [D:\re\workspace\8-2-build-windows-amd64-cygwin\jdk8u20\1074\hotspot\src\share\vm\prims\jvm.cpp, line 1275]
Event: 71.881 Thread 0x0000000026307000 Exception <a 'java/security/PrivilegedActionException'> (0x00000008f6305a18) thrown at [D:\re\workspace\8-2-build-windows-amd64-cygwin\jdk8u20\1074\hotspot\src\share\vm\prims\jvm.cpp, line 1275]
Event: 71.882 Thread 0x0000000026307000 Exception <a 'java/security/PrivilegedActionException'> (0x00000008f630c1f8) thrown at [D:\re\workspace\8-2-build-windows-amd64-cygwin\jdk8u20\1074\hotspot\src\share\vm\prims\jvm.cpp, line 1275]
Event: 71.898 Thread 0x0000000025f02000 Exception <a 'java/security/PrivilegedActionException'> (0x00000008f6bfbb28) thrown at [D:\re\workspace\8-2-build-windows-amd64-cygwin\jdk8u20\1074\hotspot\src\share\vm\prims\jvm.cpp, line 1275]
Event: 71.904 Thread 0x0000000025f02000 Exception <a 'java/security/PrivilegedActionException'> (0x00000008f6c05c88) thrown at [D:\re\workspace\8-2-build-windows-amd64-cygwin\jdk8u20\1074\hotspot\src\share\vm\prims\jvm.cpp, line 1275]
Event: 71.905 Thread 0x0000000025f02000 Exception <a 'java/security/PrivilegedActionException'> (0x00000008f6c09260) thrown at [D:\re\workspace\8-2-build-windows-amd64-cygwin\jdk8u20\1074\hotspot\src\share\vm\prims\jvm.cpp, line 1275]
Event: 71.906 Thread 0x0000000025f02000 Exception <a 'java/security/PrivilegedActionException'> (0x00000008f6c10938) thrown at [D:\re\workspace\8-2-build-windows-amd64-cygwin\jdk8u20\1074\hotspot\src\share\vm\prims\jvm.cpp, line 1275]

Events (10 events):
Event: 71.948 Thread 0x0000000025f01000 DEOPT UNPACKING pc=0x000000000344556a sp=0x000000002786e390 mode 2
Event: 71.980 Thread 0x00000000018f2800 Uncommon trap: trap_request=0xffffffde fr.pc=0x0000000004157738
Event: 71.980 Thread 0x00000000018f2800 DEOPT PACKING pc=0x0000000004157738 sp=0x000000000183e0a0
Event: 71.980 Thread 0x00000000018f2800 DEOPT UNPACKING pc=0x000000000344556a sp=0x000000000183e040 mode 2
Event: 72.044 Thread 0x0000000025f02000 Uncommon trap: trap_request=0xffffffc6 fr.pc=0x0000000003a97280
Event: 72.044 Thread 0x0000000025f02000 DEOPT PACKING pc=0x0000000003a97280 sp=0x000000002796ea80
Event: 72.044 Thread 0x0000000025f02000 DEOPT UNPACKING pc=0x000000000344556a sp=0x000000002796ea28 mode 2
Event: 72.044 Thread 0x0000000025f02000 Uncommon trap: trap_request=0xffffffc6 fr.pc=0x0000000003a97280
Event: 72.044 Thread 0x0000000025f02000 DEOPT PACKING pc=0x0000000003a97280 sp=0x000000002796e700
Event: 72.044 Thread 0x0000000025f02000 DEOPT UNPACKING pc=0x000000000344556a sp=0x000000002796e6a8 mode 2


Dynamic libraries:
0x00007ff64dce0000 - 0x00007ff64dd14000 	C:\Program Files\Java\jdk1.8.0_20\bin\java.exe
0x00007ff9b0c20000 - 0x00007ff9b0df1000 	C:\WINDOWS\SYSTEM32\ntdll.dll
0x00007ff9b0060000 - 0x00007ff9b010b000 	C:\WINDOWS\System32\KERNEL32.DLL
0x00007ff9adb20000 - 0x00007ff9add3d000 	C:\WINDOWS\System32\KERNELBASE.dll
0x00007ff9b0210000 - 0x00007ff9b02b2000 	C:\WINDOWS\System32\ADVAPI32.dll
0x00007ff9affc0000 - 0x00007ff9b005e000 	C:\WINDOWS\System32\msvcrt.dll
0x00007ff9b0bc0000 - 0x00007ff9b0c19000 	C:\WINDOWS\System32\sechost.dll
0x00007ff9b0970000 - 0x00007ff9b0a91000 	C:\WINDOWS\System32\RPCRT4.dll
0x00007ff9b07f0000 - 0x00007ff9b0955000 	C:\WINDOWS\System32\USER32.dll
0x00007ff9ad300000 - 0x00007ff9ad31e000 	C:\WINDOWS\System32\win32u.dll
0x00007ff9b02c0000 - 0x00007ff9b02f4000 	C:\WINDOWS\System32\GDI32.dll
0x00007ff9adda0000 - 0x00007ff9adf22000 	C:\WINDOWS\System32\gdi32full.dll
0x00007ff9a7ae0000 - 0x00007ff9a7d5a000 	C:\WINDOWS\WinSxS\amd64_microsoft.windows.common-controls_6595b64144ccf1df_6.0.14393.351_none_4213128bc687e6d3\COMCTL32.dll
0x00007ff9b03c0000 - 0x00007ff9b0687000 	C:\WINDOWS\System32\combase.dll
0x00007ff9ad1b0000 - 0x00007ff9ad2a5000 	C:\WINDOWS\System32\ucrtbase.dll
0x00007ff9ad320000 - 0x00007ff9ad38a000 	C:\WINDOWS\System32\bcryptPrimitives.dll
0x00007ff9ae370000 - 0x00007ff9ae39e000 	C:\WINDOWS\System32\IMM32.DLL
0x0000000055cc0000 - 0x0000000055d92000 	C:\Program Files\Java\jdk1.8.0_20\jre\bin\msvcr100.dll
0x0000000053780000 - 0x0000000053fd8000 	C:\Program Files\Java\jdk1.8.0_20\jre\bin\server\jvm.dll
0x00007ff9b0960000 - 0x00007ff9b0968000 	C:\WINDOWS\System32\PSAPI.DLL
0x00007ff9a0850000 - 0x00007ff9a0859000 	C:\WINDOWS\SYSTEM32\WSOCK32.dll
0x00007ff9ab2a0000 - 0x00007ff9ab2c3000 	C:\WINDOWS\SYSTEM32\WINMM.dll
0x00007ff9aea40000 - 0x00007ff9aeaaa000 	C:\WINDOWS\System32\WS2_32.dll
0x0000000001320000 - 0x000000000134b000 	C:\WINDOWS\SYSTEM32\WINMMBASE.dll
0x00007ff9ad2b0000 - 0x00007ff9ad2f2000 	C:\WINDOWS\System32\cfgmgr32.dll
0x0000000055cb0000 - 0x0000000055cbf000 	C:\Program Files\Java\jdk1.8.0_20\jre\bin\verify.dll
0x0000000055c80000 - 0x0000000055ca8000 	C:\Program Files\Java\jdk1.8.0_20\jre\bin\java.dll
0x0000000055c60000 - 0x0000000055c76000 	C:\Program Files\Java\jdk1.8.0_20\jre\bin\zip.dll
0x00007ff9aeab0000 - 0x00007ff9affb9000 	C:\WINDOWS\System32\SHELL32.dll
0x00007ff9ad440000 - 0x00007ff9adb1a000 	C:\WINDOWS\System32\windows.storage.dll
0x00007ff9ad0b0000 - 0x00007ff9ad0fc000 	C:\WINDOWS\System32\powrprof.dll
0x00007ff9ae970000 - 0x00007ff9ae9c2000 	C:\WINDOWS\System32\shlwapi.dll
0x00007ff9ad0a0000 - 0x00007ff9ad0af000 	C:\WINDOWS\System32\kernel.appcore.dll
0x00007ff9adf30000 - 0x00007ff9adfd9000 	C:\WINDOWS\System32\shcore.dll
0x00007ff9ad080000 - 0x00007ff9ad094000 	C:\WINDOWS\System32\profapi.dll
0x00007ff9a64b0000 - 0x00007ff9a6642000 	C:\WINDOWS\SYSTEM32\dbghelp.dll

VM Arguments:
jvm_args: -Djava.awt.headless=true -Xmx50g -Dfile.encoding=windows-1251 -Duser.country=RU -Duser.language=ru -Duser.variant 
java_command: com.android.dx.command.Main --dex --num-threads=4 --multi-dex --main-dex-list C:\Users\User\Documents\GitHub\iCRM\iCRM\app\build\intermediates\multi-dex\debug\maindexlist.txt --output C:\Users\User\Documents\GitHub\iCRM\iCRM\app\build\intermediates\transforms\dex\debug\folders\1000\1f\main C:\Users\User\Documents\GitHub\iCRM\iCRM\app\build\intermediates\transforms\jarMerging\debug\jars\1\1f\combined.jar
java_class_path (initial): C:\Users\User\AppData\Local\Android\sdk\build-tools\23.0.3\lib\dx.jar
Launcher Type: SUN_STANDARD

Environment Variables:
PATH=C:\ProgramData\Oracle\Java\javapath;C:\Program Files\Broadcom\Broadcom 802.11 Network Adapter;C:\Program Files (x86)\NVIDIA Corporation\PhysX\Common;C:\Program Files (x86)\Intel\iCLS Client\;C:\Program Files\Intel\iCLS Client\;C:\Windows\system32;C:\Windows;C:\Windows\System32\Wbem;C:\Windows\System32\WindowsPowerShell\v1.0\;C:\Program Files\Intel\Intel(R) Management Engine Components\DAL;C:\Program Files\Intel\Intel(R) Management Engine Components\IPT;C:\Program Files (x86)\Intel\Intel(R) Management Engine Components\DAL;C:\Program Files (x86)\Intel\Intel(R) Management Engine Components\IPT;C:\Program Files\WIDCOMM\Bluetooth Software\;C:\Program Files\WIDCOMM\Bluetooth Software\syswow64;C:\Program Files\Acer\Remote Files\;C:\Program Files (x86)\Skype\Phone\;C:\Program Files\OpenVPN\bin;C:\WINDOWS\system32;C:\WINDOWS;C:\WINDOWS\System32\Wbem;C:\WINDOWS\System32\WindowsPowerShell\v1.0\;C:\Users\User\AppData\Local\Microsoft\WindowsApps;
USERNAME=User
OS=Windows_NT
PROCESSOR_IDENTIFIER=Intel64 Family 6 Model 69 Stepping 1, GenuineIntel



---------------  S Y S T E M  ---------------

OS: Windows 8.1 , 64 bit Build 9600 

CPU:total 4 (2 cores per cpu, 2 threads per core) family 6 model 69 stepping 1, cmov, cx8, fxsr, mmx, sse, sse2, sse3, ssse3, sse4.1, sse4.2, popcnt, avx, avx2, aes, clmul, erms, lzcnt, ht, tsc, tscinvbit, bmi1, bmi2

Memory: 4k page, physical 8310040k(975396k free), swap 12406040k(3056k free)

vm_info: Java HotSpot(TM) 64-Bit Server VM (25.20-b23) for windows-amd64 JRE (1.8.0_20-b26), built on Jul 30 2014 13:51:23 by "java_re" with MS VC++ 10.0 (VS2010)

time: Thu Nov 03 17:49:21 2016
elapsed time: 72 seconds (0d 0h 1m 12s)

