#
# There is insufficient memory for the Java Runtime Environment to continue.
# Native memory allocation (malloc) failed to allocate 505696 bytes for Chunk::new
# Possible reasons:
#   The system is out of physical RAM or swap space
#   In 32 bit mode, the process size limit was hit
# Possible solutions:
#   Reduce memory load on the system
#   Increase physical memory or swap space
#   Check if swap backing store is full
#   Use 64 bit Java on a 64 bit OS
#   Decrease Java heap size (-Xmx/-Xms)
#   Decrease number of Java threads
#   Decrease Java thread stack sizes (-Xss)
#   Set larger code cache with -XX:ReservedCodeCacheSize=
# This output file may be truncated or incomplete.
#
#  Out of Memory Error (allocation.cpp:390), pid=9776, tid=7844
#
# JRE version: Java(TM) SE Runtime Environment (8.0_20-b26) (build 1.8.0_20-b26)
# Java VM: Java HotSpot(TM) 64-Bit Server VM (25.20-b23 mixed mode windows-amd64 )
# Failed to write core dump. Minidumps are not enabled by default on client versions of Windows
#

---------------  T H R E A D  ---------------

Current thread (0x000000002420f000):  JavaThread "C2 CompilerThread1" daemon [_thread_in_native, id=7844, stack(0x0000000025890000,0x0000000025990000)]

Stack: [0x0000000025890000,0x0000000025990000]
Native frames: (J=compiled Java code, j=interpreted, Vv=VM code, C=native code)
V  [jvm.dll+0x3152fa]
V  [jvm.dll+0x265d03]
V  [jvm.dll+0x266943]
V  [jvm.dll+0x25e265]
V  [jvm.dll+0xbe255]
V  [jvm.dll+0xbe6fc]
V  [jvm.dll+0x45c472]
V  [jvm.dll+0x49d76f]
V  [jvm.dll+0x451911]
V  [jvm.dll+0x452634]
V  [jvm.dll+0x435fc2]
V  [jvm.dll+0x97b62]
V  [jvm.dll+0x98353]
V  [jvm.dll+0x22aac4]
V  [jvm.dll+0x283f5a]
C  [msvcr100.dll+0x21d9f]
C  [msvcr100.dll+0x21e3b]
C  [KERNEL32.DLL+0x8364]
C  [ntdll.dll+0x65e91]


Current CompileTask:
C2:  35699 3024       4       java.util.DualPivotQuicksort::sort (1195 bytes)


---------------  P R O C E S S  ---------------

Java Threads: ( => current thread )
  0x000000002646f000 JavaThread "pool-2-thread-4" [_thread_in_vm, id=5912, stack(0x0000000027c60000,0x0000000027d60000)]
  0x000000002646c000 JavaThread "pool-2-thread-3" [_thread_in_Java, id=7888, stack(0x0000000027b60000,0x0000000027c60000)]
  0x00000000266fa000 JavaThread "pool-2-thread-2" [_thread_in_Java, id=6656, stack(0x0000000027a60000,0x0000000027b60000)]
  0x0000000026693800 JavaThread "pool-3-thread-1" [_thread_blocked, id=6980, stack(0x0000000027960000,0x0000000027a60000)]
  0x0000000026693000 JavaThread "pool-2-thread-1" [_thread_in_Java, id=11776, stack(0x0000000027860000,0x0000000027960000)]
  0x0000000025abc800 JavaThread "Service Thread" daemon [_thread_blocked, id=13752, stack(0x0000000025e90000,0x0000000025f90000)]
  0x0000000024216000 JavaThread "C1 CompilerThread2" daemon [_thread_blocked, id=10160, stack(0x0000000025990000,0x0000000025a90000)]
=>0x000000002420f000 JavaThread "C2 CompilerThread1" daemon [_thread_in_native, id=7844, stack(0x0000000025890000,0x0000000025990000)]
  0x000000002420d000 JavaThread "C2 CompilerThread0" daemon [_thread_blocked, id=5756, stack(0x0000000025790000,0x0000000025890000)]
  0x000000002420b800 JavaThread "Attach Listener" daemon [_thread_blocked, id=9448, stack(0x0000000025690000,0x0000000025790000)]
  0x000000002420a800 JavaThread "Signal Dispatcher" daemon [_thread_blocked, id=6172, stack(0x0000000025590000,0x0000000025690000)]
  0x0000000001d36000 JavaThread "Finalizer" daemon [_thread_blocked, id=13488, stack(0x0000000025490000,0x0000000025590000)]
  0x0000000001d2d000 JavaThread "Reference Handler" daemon [_thread_blocked, id=13832, stack(0x0000000025390000,0x0000000025490000)]
  0x0000000001c42800 JavaThread "main" [_thread_in_Java, id=9952, stack(0x0000000001b40000,0x0000000001c40000)]

Other Threads:
  0x00000000241d5800 VMThread [stack: 0x0000000025290000,0x0000000025390000] [id=4528]
  0x0000000025ac8800 WatcherThread [stack: 0x0000000025f90000,0x0000000026090000] [id=5460]

VM state:not at safepoint (normal execution)

VM Mutex/Monitor currently owned by a thread: None

Heap:
 PSYoungGen      total 1002496K, used 581495K [0x00000008d5580000, 0x0000000929c00000, 0x0000000d00000000)
  eden space 747008K, 77% used [0x00000008d5580000,0x00000008f8d5df80,0x0000000902f00000)
  from space 255488K, 0% used [0x000000091a280000,0x000000091a280000,0x0000000929c00000)
  to   space 214528K, 0% used [0x0000000902f00000,0x0000000902f00000,0x0000000910080000)
 ParOldGen       total 896512K, used 896264K [0x0000000080000000, 0x00000000b6b80000, 0x00000008d5580000)
  object space 896512K, 99% used [0x0000000080000000,0x00000000b6b422b0,0x00000000b6b80000)
 Metaspace       used 6606K, capacity 6920K, committed 7168K, reserved 8192K

Card table byte_map: [0x00000000127c0000,0x0000000018bd0000] byte_map_base: 0x00000000123c0000

Marking Bits: (ParMarkBitMap*) 0x000000005401b460
 Begin Bits: [0x0000000d00000000, 0x0000000d32000000)
 End Bits:   [0x0000000d32000000, 0x0000000d64000000)

Polling page: 0x0000000001760000

CodeCache: size=245760Kb used=11939Kb max_used=12022Kb free=233820Kb
 bounds [0x0000000003400000, 0x0000000003fd0000, 0x0000000012400000]
 total_blobs=2801 nmethods=2535 adapters=179
 compilation: enabled

Compilation events (10 events):
Event: 35.618 Thread 0x0000000024216000 3020       3       com.android.dx.cf.attrib.AttInnerClasses::byteLength (14 bytes)
Event: 35.618 Thread 0x0000000024216000 nmethod 3020 0x0000000003b3dad0 code [0x0000000003b3dc40, 0x0000000003b3de90]
Event: 35.619 Thread 0x000000002420d000 nmethod 3018 0x0000000003e8fc90 code [0x0000000003e8fde0, 0x0000000003e8fee8]
Event: 35.619 Thread 0x0000000024216000 3021       3       java.util.concurrent.locks.ReentrantLock$NonfairSync::tryAcquire (6 bytes)
Event: 35.619 Thread 0x0000000024216000 nmethod 3021 0x0000000003f95050 code [0x0000000003f951c0, 0x0000000003f953c8]
Event: 35.638 Thread 0x0000000024216000 3022       1       com.android.dx.cf.attrib.BaseAnnotations::byteLength (8 bytes)
Event: 35.638 Thread 0x0000000024216000 nmethod 3022 0x0000000003974350 code [0x00000000039744a0, 0x00000000039745b0]
Event: 35.639 Thread 0x0000000024216000 3023   !   3       com.android.dx.cf.direct.AnnotationParser::parseAnnotationAttribute (43 bytes)
Event: 35.639 Thread 0x0000000024216000 nmethod 3023 0x0000000003e77d90 code [0x0000000003e77f40, 0x0000000003e78438]
Event: 35.648 Thread 0x000000002420f000 3024       4       java.util.DualPivotQuicksort::sort (1195 bytes)

GC Heap History (10 events):
Event: 22.629 GC heap before
{Heap before GC invocations=19 (full 4):
 PSYoungGen      total 940544K, used 855093K [0x00000008d5580000, 0x000000091f200000, 0x0000000d00000000)
  eden space 747008K, 100% used [0x00000008d5580000,0x0000000902f00000,0x0000000902f00000)
  from space 193536K, 55% used [0x0000000910080000,0x0000000916a0d5b8,0x000000091bd80000)
  to   space 214528K, 0% used [0x0000000902f00000,0x0000000902f00000,0x0000000910080000)
 ParOldGen       total 821248K, used 519072K [0x0000000080000000, 0x00000000b2200000, 0x00000008d5580000)
  object space 821248K, 63% used [0x0000000080000000,0x000000009fae8260,0x00000000b2200000)
 Metaspace       used 6605K, capacity 6920K, committed 7168K, reserved 8192K
Event: 22.906 GC heap after
Heap after GC invocations=19 (full 4):
 PSYoungGen      total 961536K, used 214499K [0x00000008d5580000, 0x0000000929c00000, 0x0000000d00000000)
  eden space 747008K, 0% used [0x00000008d5580000,0x00000008d5580000,0x0000000902f00000)
  from space 214528K, 99% used [0x0000000902f00000,0x0000000910078c10,0x0000000910080000)
  to   space 255488K, 0% used [0x000000091a280000,0x000000091a280000,0x0000000929c00000)
 ParOldGen       total 821248K, used 529949K [0x0000000080000000, 0x00000000b2200000, 0x00000008d5580000)
  object space 821248K, 64% used [0x0000000080000000,0x00000000a0587720,0x00000000b2200000)
 Metaspace       used 6605K, capacity 6920K, committed 7168K, reserved 8192K
}
Event: 24.813 GC heap before
{Heap before GC invocations=20 (full 4):
 PSYoungGen      total 961536K, used 961507K [0x00000008d5580000, 0x0000000929c00000, 0x0000000d00000000)
  eden space 747008K, 100% used [0x00000008d5580000,0x0000000902f00000,0x0000000902f00000)
  from space 214528K, 99% used [0x0000000902f00000,0x0000000910078c10,0x0000000910080000)
  to   space 255488K, 0% used [0x000000091a280000,0x000000091a280000,0x0000000929c00000)
 ParOldGen       total 821248K, used 529949K [0x0000000080000000, 0x00000000b2200000, 0x00000008d5580000)
  object space 821248K, 64% used [0x0000000080000000,0x00000000a0587720,0x00000000b2200000)
 Metaspace       used 6605K, capacity 6920K, committed 7168K, reserved 8192K
Event: 25.324 GC heap after
Heap after GC invocations=20 (full 4):
 PSYoungGen      total 1002496K, used 255466K [0x00000008d5580000, 0x0000000929c00000, 0x0000000d00000000)
  eden space 747008K, 0% used [0x00000008d5580000,0x00000008d5580000,0x0000000902f00000)
  from space 255488K, 99% used [0x000000091a280000,0x0000000929bfaaf0,0x0000000929c00000)
  to   space 214528K, 0% used [0x0000000902f00000,0x0000000902f00000,0x0000000910080000)
 ParOldGen       total 821248K, used 670233K [0x0000000080000000, 0x00000000b2200000, 0x00000008d5580000)
  object space 821248K, 81% used [0x0000000080000000,0x00000000a8e86418,0x00000000b2200000)
 Metaspace       used 6605K, capacity 6920K, committed 7168K, reserved 8192K
}
Event: 26.650 GC heap before
{Heap before GC invocations=21 (full 4):
 PSYoungGen      total 1002496K, used 1002474K [0x00000008d5580000, 0x0000000929c00000, 0x0000000d00000000)
  eden space 747008K, 100% used [0x00000008d5580000,0x0000000902f00000,0x0000000902f00000)
  from space 255488K, 99% used [0x000000091a280000,0x0000000929bfaaf0,0x0000000929c00000)
  to   space 214528K, 0% used [0x0000000902f00000,0x0000000902f00000,0x0000000910080000)
 ParOldGen       total 821248K, used 670233K [0x0000000080000000, 0x00000000b2200000, 0x00000008d5580000)
  object space 821248K, 81% used [0x0000000080000000,0x00000000a8e86418,0x00000000b2200000)
 Metaspace       used 6605K, capacity 6920K, committed 7168K, reserved 8192K
Event: 27.319 GC heap after
Heap after GC invocations=21 (full 4):
 PSYoungGen      total 1002496K, used 1002474K [0x00000008d5580000, 0x0000000929c00000, 0x0000000d00000000)
  eden space 747008K, 100% used [0x00000008d5580000,0x0000000902f00000,0x0000000902f00000)
  from space 255488K, 99% used [0x000000091a280000,0x0000000929bfaaf0,0x0000000929c00000)
  to   space 214528K, 99% used [0x0000000902f00000,0x000000091007be00,0x0000000910080000)
 ParOldGen       total 896512K, used 896509K [0x0000000080000000, 0x00000000b6b80000, 0x00000008d5580000)
  object space 896512K, 99% used [0x0000000080000000,0x00000000b6b7f650,0x00000000b6b80000)
 Metaspace       used 6605K, capacity 6920K, committed 7168K, reserved 8192K
}
Event: 27.319 GC heap before
{Heap before GC invocations=22 (full 5):
 PSYoungGen      total 1002496K, used 1002474K [0x00000008d5580000, 0x0000000929c00000, 0x0000000d00000000)
  eden space 747008K, 100% used [0x00000008d5580000,0x0000000902f00000,0x0000000902f00000)
  from space 255488K, 99% used [0x000000091a280000,0x0000000929bfaaf0,0x0000000929c00000)
  to   space 214528K, 99% used [0x0000000902f00000,0x000000091007be00,0x0000000910080000)
 ParOldGen       total 896512K, used 896509K [0x0000000080000000, 0x00000000b6b80000, 0x00000008d5580000)
  object space 896512K, 99% used [0x0000000080000000,0x00000000b6b7f650,0x00000000b6b80000)
 Metaspace       used 6605K, capacity 6920K, committed 7168K, reserved 8192K
Event: 30.782 GC heap after
Heap after GC invocations=22 (full 5):
 PSYoungGen      total 1002496K, used 0K [0x00000008d5580000, 0x0000000929c00000, 0x0000000d00000000)
  eden space 747008K, 0% used [0x00000008d5580000,0x00000008d5580000,0x0000000902f00000)
  from space 255488K, 0% used [0x000000091a280000,0x000000091a280000,0x0000000929c00000)
  to   space 214528K, 76% used [0x0000000902f00000,0x000000090ce454b0,0x0000000910080000)
 ParOldGen       total 896512K, used 896349K [0x0000000080000000, 0x00000000b6b80000, 0x00000008d5580000)
  object space 896512K, 99% used [0x0000000080000000,0x00000000b6b57438,0x00000000b6b80000)
 Metaspace       used 6605K, capacity 6920K, committed 7168K, reserved 8192K
}
Event: 32.195 GC heap before
{Heap before GC invocations=23 (full 6):
 PSYoungGen      total 1002496K, used 747008K [0x00000008d5580000, 0x0000000929c00000, 0x0000000d00000000)
  eden space 747008K, 100% used [0x00000008d5580000,0x0000000902f00000,0x0000000902f00000)
  from space 255488K, 0% used [0x000000091a280000,0x000000091a280000,0x0000000929c00000)
  to   space 214528K, 76% used [0x0000000902f00000,0x000000090ce454b0,0x0000000910080000)
 ParOldGen       total 896512K, used 896349K [0x0000000080000000, 0x00000000b6b80000, 0x00000008d5580000)
  object space 896512K, 99% used [0x0000000080000000,0x00000000b6b57438,0x00000000b6b80000)
 Metaspace       used 6605K, capacity 6920K, committed 7168K, reserved 8192K
Event: 35.156 GC heap after
Heap after GC invocations=23 (full 6):
 PSYoungGen      total 1002496K, used 90542K [0x00000008d5580000, 0x0000000929c00000, 0x0000000d00000000)
  eden space 747008K, 12% used [0x00000008d5580000,0x00000008dadeba30,0x0000000902f00000)
  from space 255488K, 0% used [0x000000091a280000,0x000000091a280000,0x0000000929c00000)
  to   space 214528K, 0% used [0x0000000902f00000,0x0000000902f00000,0x0000000910080000)
 ParOldGen       total 896512K, used 896264K [0x0000000080000000, 0x00000000b6b80000, 0x00000008d5580000)
  object space 896512K, 99% used [0x0000000080000000,0x00000000b6b422b0,0x00000000b6b80000)
 Metaspace       used 6605K, capacity 6920K, committed 7168K, reserved 8192K
}

Deoptimization events (10 events):
Event: 25.716 Thread 0x000000002646c000 Uncommon trap: reason=class_check action=maybe_recompile pc=0x0000000003e6b800 method=com.android.dx.ssa.back.InterferenceGraph.mergeInterferenceSet(ILcom/android/dx/util/IntSet;)V @ 20
Event: 25.716 Thread 0x000000002646c000 Uncommon trap: reason=class_check action=maybe_recompile pc=0x00000000036343bc method=com.android.dx.util.BitIntSet.merge(Lcom/android/dx/util/IntSet;)V @ 1
Event: 25.718 Thread 0x000000002646c000 Uncommon trap: reason=class_check action=maybe_recompile pc=0x0000000003e6b800 method=com.android.dx.ssa.back.InterferenceGraph.mergeInterferenceSet(ILcom/android/dx/util/IntSet;)V @ 20
Event: 25.718 Thread 0x000000002646c000 Uncommon trap: reason=class_check action=maybe_recompile pc=0x00000000036343bc method=com.android.dx.util.BitIntSet.merge(Lcom/android/dx/util/IntSet;)V @ 1
Event: 25.718 Thread 0x000000002646c000 Uncommon trap: reason=class_check action=maybe_recompile pc=0x0000000003e6b800 method=com.android.dx.ssa.back.InterferenceGraph.mergeInterferenceSet(ILcom/android/dx/util/IntSet;)V @ 20
Event: 25.718 Thread 0x000000002646c000 Uncommon trap: reason=class_check action=maybe_recompile pc=0x00000000036343bc method=com.android.dx.util.BitIntSet.merge(Lcom/android/dx/util/IntSet;)V @ 1
Event: 25.723 Thread 0x000000002646c000 Uncommon trap: reason=class_check action=maybe_recompile pc=0x0000000003de8ed4 method=com.android.dx.ssa.back.InterferenceGraph.mergeInterferenceSet(ILcom/android/dx/util/IntSet;)V @ 20
Event: 25.723 Thread 0x000000002646c000 Uncommon trap: reason=class_check action=maybe_recompile pc=0x00000000036343bc method=com.android.dx.util.BitIntSet.merge(Lcom/android/dx/util/IntSet;)V @ 1
Event: 25.723 Thread 0x000000002646c000 Uncommon trap: reason=class_check action=maybe_recompile pc=0x0000000003e6b800 method=com.android.dx.ssa.back.InterferenceGraph.mergeInterferenceSet(ILcom/android/dx/util/IntSet;)V @ 20
Event: 35.356 Thread 0x000000002646f000 Uncommon trap: reason=null_check action=make_not_entrant pc=0x00000000039439d0 method=com.android.dx.rop.cst.CstKnownNull.equals(Ljava/lang/Object;)Z @ 1

Internal exceptions (10 events):
Event: 5.344 Thread 0x0000000001c42800 Implicit null exception at 0x0000000003c8ba28 to 0x0000000003c93bc5
Event: 9.574 Thread 0x00000000266fa000 Exception <a 'java/security/PrivilegedActionException'> (0x00000008e816ae98) thrown at [D:\re\workspace\8-2-build-windows-amd64-cygwin\jdk8u20\1074\hotspot\src\share\vm\prims\jvm.cpp, line 1275]
Event: 10.263 Thread 0x0000000001c42800 Exception <a 'java/security/PrivilegedActionException'> (0x00000008d568bba0) thrown at [D:\re\workspace\8-2-build-windows-amd64-cygwin\jdk8u20\1074\hotspot\src\share\vm\prims\jvm.cpp, line 1275]
Event: 10.267 Thread 0x0000000001c42800 Implicit null exception at 0x00000000035908a8 to 0x0000000003590e99
Event: 13.376 Thread 0x000000002646c000 Implicit null exception at 0x0000000003e9469f to 0x0000000003e95425
Event: 14.620 Thread 0x00000000266fa000 Exception <a 'java/security/PrivilegedActionException'> (0x00000008f354b390) thrown at [D:\re\workspace\8-2-build-windows-amd64-cygwin\jdk8u20\1074\hotspot\src\share\vm\prims\jvm.cpp, line 1275]
Event: 15.319 Thread 0x0000000001c42800 Exception <a 'java/security/PrivilegedActionException'> (0x00000008d96c4428) thrown at [D:\re\workspace\8-2-build-windows-amd64-cygwin\jdk8u20\1074\hotspot\src\share\vm\prims\jvm.cpp, line 1275]
Event: 21.818 Thread 0x000000002646c000 Exception <a 'java/security/PrivilegedActionException'> (0x00000008f2479a78) thrown at [D:\re\workspace\8-2-build-windows-amd64-cygwin\jdk8u20\1074\hotspot\src\share\vm\prims\jvm.cpp, line 1275]
Event: 21.828 Thread 0x000000002646c000 Exception <a 'java/security/PrivilegedActionException'> (0x00000008f24ec298) thrown at [D:\re\workspace\8-2-build-windows-amd64-cygwin\jdk8u20\1074\hotspot\src\share\vm\prims\jvm.cpp, line 1275]
Event: 35.356 Thread 0x000000002646f000 Implicit null exception at 0x000000000394399c to 0x00000000039439c4

Events (10 events):
Event: 32.187 Thread 0x0000000024216000 flushing nmethod 0x0000000003b945d0
Event: 32.193 Thread 0x0000000024216000 flushing nmethod 0x0000000003caa890
Event: 32.193 Thread 0x0000000024216000 flushing nmethod 0x0000000003caabd0
Event: 32.195 Executing VM operation: ParallelGCFailedAllocation
Event: 35.158 Executing VM operation: ParallelGCFailedAllocation done
Event: 35.176 Thread 0x000000002420f000 flushing nmethod 0x0000000003e8fc90
Event: 35.176 Thread 0x000000002420f000 flushing nmethod 0x0000000003e94350
Event: 35.356 Thread 0x000000002646f000 Uncommon trap: trap_request=0xfffffff4 fr.pc=0x00000000039439d0
Event: 35.356 Thread 0x000000002646f000 DEOPT PACKING pc=0x00000000039439d0 sp=0x0000000027d5ed60
Event: 35.356 Thread 0x000000002646f000 DEOPT UNPACKING pc=0x000000000344556a sp=0x0000000027d5ece8 mode 2


Dynamic libraries:
0x00007ff7d3eb0000 - 0x00007ff7d3ee4000 	C:\Program Files\Java\jdk1.8.0_20\bin\java.exe
0x00007ff9b0c20000 - 0x00007ff9b0df1000 	C:\WINDOWS\SYSTEM32\ntdll.dll
0x00007ff9b0060000 - 0x00007ff9b010b000 	C:\WINDOWS\System32\KERNEL32.DLL
0x00007ff9adb20000 - 0x00007ff9add3d000 	C:\WINDOWS\System32\KERNELBASE.dll
0x00007ff9b0210000 - 0x00007ff9b02b2000 	C:\WINDOWS\System32\ADVAPI32.dll
0x00007ff9affc0000 - 0x00007ff9b005e000 	C:\WINDOWS\System32\msvcrt.dll
0x00007ff9b0bc0000 - 0x00007ff9b0c19000 	C:\WINDOWS\System32\sechost.dll
0x00007ff9b0970000 - 0x00007ff9b0a91000 	C:\WINDOWS\System32\RPCRT4.dll
0x00007ff9b07f0000 - 0x00007ff9b0955000 	C:\WINDOWS\System32\USER32.dll
0x00007ff9ad300000 - 0x00007ff9ad31e000 	C:\WINDOWS\System32\win32u.dll
0x00007ff9b02c0000 - 0x00007ff9b02f4000 	C:\WINDOWS\System32\GDI32.dll
0x00007ff9adda0000 - 0x00007ff9adf22000 	C:\WINDOWS\System32\gdi32full.dll
0x00007ff9a7ae0000 - 0x00007ff9a7d5a000 	C:\WINDOWS\WinSxS\amd64_microsoft.windows.common-controls_6595b64144ccf1df_6.0.14393.351_none_4213128bc687e6d3\COMCTL32.dll
0x00007ff9b03c0000 - 0x00007ff9b0687000 	C:\WINDOWS\System32\combase.dll
0x00007ff9ad1b0000 - 0x00007ff9ad2a5000 	C:\WINDOWS\System32\ucrtbase.dll
0x00007ff9ad320000 - 0x00007ff9ad38a000 	C:\WINDOWS\System32\bcryptPrimitives.dll
0x00007ff9ae370000 - 0x00007ff9ae39e000 	C:\WINDOWS\System32\IMM32.DLL
0x0000000054c30000 - 0x0000000054d02000 	C:\Program Files\Java\jdk1.8.0_20\jre\bin\msvcr100.dll
0x0000000053840000 - 0x0000000054098000 	C:\Program Files\Java\jdk1.8.0_20\jre\bin\server\jvm.dll
0x00007ff9b0960000 - 0x00007ff9b0968000 	C:\WINDOWS\System32\PSAPI.DLL
0x00007ff9a2eb0000 - 0x00007ff9a2eb9000 	C:\WINDOWS\SYSTEM32\WSOCK32.dll
0x00007ff9ab2a0000 - 0x00007ff9ab2c3000 	C:\WINDOWS\SYSTEM32\WINMM.dll
0x00007ff9aea40000 - 0x00007ff9aeaaa000 	C:\WINDOWS\System32\WS2_32.dll
0x0000000001b10000 - 0x0000000001b3b000 	C:\WINDOWS\SYSTEM32\WINMMBASE.dll
0x00007ff9ad2b0000 - 0x00007ff9ad2f2000 	C:\WINDOWS\System32\cfgmgr32.dll
0x00000000550b0000 - 0x00000000550bf000 	C:\Program Files\Java\jdk1.8.0_20\jre\bin\verify.dll
0x0000000055080000 - 0x00000000550a8000 	C:\Program Files\Java\jdk1.8.0_20\jre\bin\java.dll
0x0000000055060000 - 0x0000000055076000 	C:\Program Files\Java\jdk1.8.0_20\jre\bin\zip.dll
0x00007ff9aeab0000 - 0x00007ff9affb9000 	C:\WINDOWS\System32\SHELL32.dll
0x00007ff9ad440000 - 0x00007ff9adb1a000 	C:\WINDOWS\System32\windows.storage.dll
0x00007ff9ad0b0000 - 0x00007ff9ad0fc000 	C:\WINDOWS\System32\powrprof.dll
0x00007ff9ae970000 - 0x00007ff9ae9c2000 	C:\WINDOWS\System32\shlwapi.dll
0x00007ff9ad0a0000 - 0x00007ff9ad0af000 	C:\WINDOWS\System32\kernel.appcore.dll
0x00007ff9adf30000 - 0x00007ff9adfd9000 	C:\WINDOWS\System32\shcore.dll
0x00007ff9ad080000 - 0x00007ff9ad094000 	C:\WINDOWS\System32\profapi.dll
0x00007ff9a64b0000 - 0x00007ff9a6642000 	C:\WINDOWS\SYSTEM32\dbghelp.dll

VM Arguments:
jvm_args: -Djava.awt.headless=true -Xmx50g -Dfile.encoding=windows-1251 -Duser.country=RU -Duser.language=ru -Duser.variant 
java_command: com.android.dx.command.Main --dex --num-threads=4 --multi-dex --main-dex-list C:\Users\User\Documents\GitHub\iCRM\iCRM\app\build\intermediates\multi-dex\debug\maindexlist.txt --output C:\Users\User\Documents\GitHub\iCRM\iCRM\app\build\intermediates\transforms\dex\debug\folders\1000\1f\main C:\Users\User\Documents\GitHub\iCRM\iCRM\app\build\intermediates\transforms\jarMerging\debug\jars\1\1f\combined.jar
java_class_path (initial): C:\Users\User\AppData\Local\Android\sdk\build-tools\23.0.3\lib\dx.jar
Launcher Type: SUN_STANDARD

Environment Variables:
PATH=C:\ProgramData\Oracle\Java\javapath;C:\Program Files\Broadcom\Broadcom 802.11 Network Adapter;C:\Program Files (x86)\NVIDIA Corporation\PhysX\Common;C:\Program Files (x86)\Intel\iCLS Client\;C:\Program Files\Intel\iCLS Client\;C:\Windows\system32;C:\Windows;C:\Windows\System32\Wbem;C:\Windows\System32\WindowsPowerShell\v1.0\;C:\Program Files\Intel\Intel(R) Management Engine Components\DAL;C:\Program Files\Intel\Intel(R) Management Engine Components\IPT;C:\Program Files (x86)\Intel\Intel(R) Management Engine Components\DAL;C:\Program Files (x86)\Intel\Intel(R) Management Engine Components\IPT;C:\Program Files\WIDCOMM\Bluetooth Software\;C:\Program Files\WIDCOMM\Bluetooth Software\syswow64;C:\Program Files\Acer\Remote Files\;C:\Program Files (x86)\Skype\Phone\;C:\Program Files\OpenVPN\bin;C:\WINDOWS\system32;C:\WINDOWS;C:\WINDOWS\System32\Wbem;C:\WINDOWS\System32\WindowsPowerShell\v1.0\;C:\Users\User\AppData\Local\Microsoft\WindowsApps;
USERNAME=User
OS=Windows_NT
PROCESSOR_IDENTIFIER=Intel64 Family 6 Model 69 Stepping 1, GenuineIntel



---------------  S Y S T E M  ---------------

OS: Windows 8.1 , 64 bit Build 9600 

CPU:total 4 (2 cores per cpu, 2 threads per core) family 6 model 69 stepping 1, cmov, cx8, fxsr, mmx, sse, sse2, sse3, ssse3, sse4.1, sse4.2, popcnt, avx, avx2, aes, clmul, erms, lzcnt, ht, tsc, tscinvbit, bmi1, bmi2

Memory: 4k page, physical 8310040k(515184k free), swap 12406040k(4748k free)

vm_info: Java HotSpot(TM) 64-Bit Server VM (25.20-b23) for windows-amd64 JRE (1.8.0_20-b26), built on Jul 30 2014 13:51:23 by "java_re" with MS VC++ 10.0 (VS2010)

time: Wed Nov 02 21:08:21 2016
elapsed time: 35 seconds (0d 0h 0m 35s)

