#
# There is insufficient memory for the Java Runtime Environment to continue.
# Native memory allocation (malloc) failed to allocate 1478992 bytes for Chunk::new
# Possible reasons:
#   The system is out of physical RAM or swap space
#   In 32 bit mode, the process size limit was hit
# Possible solutions:
#   Reduce memory load on the system
#   Increase physical memory or swap space
#   Check if swap backing store is full
#   Use 64 bit Java on a 64 bit OS
#   Decrease Java heap size (-Xmx/-Xms)
#   Decrease number of Java threads
#   Decrease Java thread stack sizes (-Xss)
#   Set larger code cache with -XX:ReservedCodeCacheSize=
# This output file may be truncated or incomplete.
#
#  Out of Memory Error (allocation.cpp:390), pid=13020, tid=6412
#
# JRE version: Java(TM) SE Runtime Environment (8.0_20-b26) (build 1.8.0_20-b26)
# Java VM: Java HotSpot(TM) 64-Bit Server VM (25.20-b23 mixed mode windows-amd64 )
# Failed to write core dump. Minidumps are not enabled by default on client versions of Windows
#

---------------  T H R E A D  ---------------

Current thread (0x0000000023c4e000):  JavaThread "C2 CompilerThread1" daemon [_thread_in_native, id=6412, stack(0x00000000252a0000,0x00000000253a0000)]

Stack: [0x00000000252a0000,0x00000000253a0000]
Native frames: (J=compiled Java code, j=interpreted, Vv=VM code, C=native code)
V  [jvm.dll+0x3152fa]
V  [jvm.dll+0x265d03]
V  [jvm.dll+0x266943]
V  [jvm.dll+0x25e265]
V  [jvm.dll+0xbe255]
V  [jvm.dll+0xbe6fc]
V  [jvm.dll+0x449d02]
V  [jvm.dll+0x4bf4f5]
V  [jvm.dll+0x4c012f]
V  [jvm.dll+0x44fef1]
V  [jvm.dll+0x4526c8]
V  [jvm.dll+0x435fc2]
V  [jvm.dll+0x97b62]
V  [jvm.dll+0x98353]
V  [jvm.dll+0x22aac4]
V  [jvm.dll+0x283f5a]
C  [msvcr100.dll+0x21d9f]
C  [msvcr100.dll+0x21e3b]
C  [KERNEL32.DLL+0x8364]
C  [ntdll.dll+0x65e91]


Current CompileTask:
C2:  48308 2960   !   4       com.android.dx.cf.code.RopperMachine::run (1550 bytes)


---------------  P R O C E S S  ---------------

Java Threads: ( => current thread )
  0x0000000023c58800 JavaThread "pool-1-thread-1" [_thread_in_Java, id=1776, stack(0x0000000028890000,0x0000000028990000)]
  0x0000000023c55800 JavaThread "pool-2-thread-4" [_thread_in_Java, id=15692, stack(0x0000000027670000,0x0000000027770000)]
  0x0000000023c56000 JavaThread "pool-2-thread-3" [_thread_in_Java, id=4084, stack(0x0000000027570000,0x0000000027670000)]
  0x0000000023c5a000 JavaThread "pool-2-thread-2" [_thread_in_Java, id=696, stack(0x0000000027470000,0x0000000027570000)]
  0x0000000025ffb800 JavaThread "pool-3-thread-1" [_thread_blocked, id=8212, stack(0x0000000027370000,0x0000000027470000)]
  0x00000000263c1000 JavaThread "pool-2-thread-1" [_thread_in_Java, id=2280, stack(0x0000000027270000,0x0000000027370000)]
  0x00000000254d8000 JavaThread "Service Thread" daemon [_thread_blocked, id=16336, stack(0x00000000258a0000,0x00000000259a0000)]
  0x0000000023c5a800 JavaThread "C1 CompilerThread2" daemon [_thread_blocked, id=15628, stack(0x00000000253a0000,0x00000000254a0000)]
=>0x0000000023c4e000 JavaThread "C2 CompilerThread1" daemon [_thread_in_native, id=6412, stack(0x00000000252a0000,0x00000000253a0000)]
  0x0000000023c4c000 JavaThread "C2 CompilerThread0" daemon [_thread_in_native, id=7640, stack(0x00000000251a0000,0x00000000252a0000)]
  0x0000000023c4a800 JavaThread "Attach Listener" daemon [_thread_blocked, id=16212, stack(0x00000000250a0000,0x00000000251a0000)]
  0x0000000023c49800 JavaThread "Signal Dispatcher" daemon [_thread_blocked, id=11976, stack(0x0000000024fa0000,0x00000000250a0000)]
  0x0000000001776000 JavaThread "Finalizer" daemon [_thread_blocked, id=10516, stack(0x0000000024ea0000,0x0000000024fa0000)]
  0x000000000176d000 JavaThread "Reference Handler" daemon [_thread_blocked, id=15844, stack(0x0000000024da0000,0x0000000024ea0000)]
  0x0000000001682800 JavaThread "main" [_thread_in_Java, id=9212, stack(0x0000000001580000,0x0000000001680000)]

Other Threads:
  0x0000000023c15800 VMThread [stack: 0x0000000024ca0000,0x0000000024da0000] [id=16232]
  0x00000000254db800 WatcherThread [stack: 0x00000000259a0000,0x0000000025aa0000] [id=15940]

VM state:not at safepoint (normal execution)

VM Mutex/Monitor currently owned by a thread: None

Heap:
 PSYoungGen      total 1383424K, used 639486K [0x00000008d5580000, 0x000000095de80000, 0x0000000d00000000)
  eden space 776704K, 26% used [0x00000008d5580000,0x00000008e1ccd0a8,0x0000000904c00000)
  from space 606720K, 71% used [0x0000000904c00000,0x000000091f532788,0x0000000929c80000)
  to   space 661504K, 0% used [0x0000000935880000,0x0000000935880000,0x000000095de80000)
 ParOldGen       total 1256448K, used 887997K [0x0000000080000000, 0x00000000ccb00000, 0x00000008d5580000)
  object space 1256448K, 70% used [0x0000000080000000,0x00000000b632f728,0x00000000ccb00000)
 Metaspace       used 6739K, capacity 6984K, committed 7168K, reserved 8192K

Card table byte_map: [0x0000000012400000,0x0000000018810000] byte_map_base: 0x0000000012000000

Marking Bits: (ParMarkBitMap*) 0x0000000076c4b460
 Begin Bits: [0x0000000d00000000, 0x0000000d32000000)
 End Bits:   [0x0000000d32000000, 0x0000000d64000000)

Polling page: 0x00000000013f0000

CodeCache: size=245760Kb used=12647Kb max_used=12697Kb free=233113Kb
 bounds [0x0000000003400000, 0x0000000004070000, 0x0000000012400000]
 total_blobs=2781 nmethods=2515 adapters=179
 compilation: enabled

Compilation events (10 events):
Event: 48.169 Thread 0x0000000023c5a800 2987       2       java.lang.Integer::hashCode (2 bytes)
Event: 48.170 Thread 0x0000000023c5a800 nmethod 2987 0x00000000040436d0 code [0x0000000004043820, 0x0000000004043950]
Event: 48.170 Thread 0x0000000023c5a800 2992       2       com.android.dx.cf.code.Ropper::access$300 (6 bytes)
Event: 48.170 Thread 0x0000000023c5a800 nmethod 2992 0x00000000040439d0 code [0x0000000004043b40, 0x0000000004043c88]
Event: 48.170 Thread 0x0000000023c5a800 2988       1       com.android.dx.cf.code.Ropper$Subroutine::access$1300 (5 bytes)
Event: 48.170 Thread 0x0000000023c5a800 nmethod 2988 0x0000000003fec510 code [0x0000000003fec660, 0x0000000003fec750]
Event: 48.170 Thread 0x0000000023c5a800 2981       2       com.android.dx.cf.code.ReturnAddress::equals (29 bytes)
Event: 48.170 Thread 0x0000000023c5a800 nmethod 2981 0x0000000004043d50 code [0x0000000004043ea0, 0x0000000004044090]
Event: 48.170 Thread 0x0000000023c5a800 2977       2       com.android.dx.cf.code.BytecodeArray$ConstantParserVisitor::visitNoArgs (5 bytes)
Event: 48.170 Thread 0x0000000023c5a800 nmethod 2977 0x0000000004044150 code [0x00000000040442a0, 0x00000000040443f0]

GC Heap History (10 events):
Event: 32.335 GC heap before
{Heap before GC invocations=24 (full 4):
 PSYoungGen      total 1055744K, used 1047173K [0x00000008d5580000, 0x0000000937700000, 0x0000000d00000000)
  eden space 707072K, 100% used [0x00000008d5580000,0x0000000900800000,0x0000000900800000)
  from space 348672K, 97% used [0x0000000900800000,0x00000009154217c0,0x0000000915c80000)
  to   space 404992K, 0% used [0x000000091eb80000,0x000000091eb80000,0x0000000937700000)
 ParOldGen       total 888320K, used 676812K [0x0000000080000000, 0x00000000b6380000, 0x00000008d5580000)
  object space 888320K, 76% used [0x0000000080000000,0x00000000a94f32c8,0x00000000b6380000)
 Metaspace       used 6606K, capacity 6920K, committed 7168K, reserved 8192K
Event: 32.687 GC heap after
Heap after GC invocations=24 (full 4):
 PSYoungGen      total 1169408K, used 307268K [0x00000008d5580000, 0x000000093bb00000, 0x0000000d00000000)
  eden space 764416K, 0% used [0x00000008d5580000,0x00000008d5580000,0x0000000904000000)
  from space 404992K, 75% used [0x000000091eb80000,0x0000000931791130,0x0000000937700000)
  to   space 437760K, 0% used [0x0000000904000000,0x0000000904000000,0x000000091eb80000)
 ParOldGen       total 888320K, used 676812K [0x0000000080000000, 0x00000000b6380000, 0x00000008d5580000)
  object space 888320K, 76% used [0x0000000080000000,0x00000000a94f32c8,0x00000000b6380000)
 Metaspace       used 6606K, capacity 6920K, committed 7168K, reserved 8192K
}
Event: 34.271 GC heap before
{Heap before GC invocations=25 (full 4):
 PSYoungGen      total 1169408K, used 1071684K [0x00000008d5580000, 0x000000093bb00000, 0x0000000d00000000)
  eden space 764416K, 100% used [0x00000008d5580000,0x0000000904000000,0x0000000904000000)
  from space 404992K, 75% used [0x000000091eb80000,0x0000000931791130,0x0000000937700000)
  to   space 437760K, 0% used [0x0000000904000000,0x0000000904000000,0x000000091eb80000)
 ParOldGen       total 888320K, used 676812K [0x0000000080000000, 0x00000000b6380000, 0x00000008d5580000)
  object space 888320K, 76% used [0x0000000080000000,0x00000000a94f32c8,0x00000000b6380000)
 Metaspace       used 6607K, capacity 6920K, committed 7168K, reserved 8192K
Event: 34.646 GC heap after
Heap after GC invocations=25 (full 4):
 PSYoungGen      total 1202176K, used 430928K [0x00000008d5580000, 0x0000000948d80000, 0x0000000d00000000)
  eden space 764416K, 0% used [0x00000008d5580000,0x00000008d5580000,0x0000000904000000)
  from space 437760K, 98% used [0x0000000904000000,0x000000091e4d4308,0x000000091eb80000)
  to   space 508928K, 0% used [0x0000000929c80000,0x0000000929c80000,0x0000000948d80000)
 ParOldGen       total 888320K, used 676812K [0x0000000080000000, 0x00000000b6380000, 0x00000008d5580000)
  object space 888320K, 76% used [0x0000000080000000,0x00000000a94f32c8,0x00000000b6380000)
 Metaspace       used 6607K, capacity 6920K, committed 7168K, reserved 8192K
}
Event: 36.271 GC heap before
{Heap before GC invocations=26 (full 4):
 PSYoungGen      total 1202176K, used 1195344K [0x00000008d5580000, 0x0000000948d80000, 0x0000000d00000000)
  eden space 764416K, 100% used [0x00000008d5580000,0x0000000904000000,0x0000000904000000)
  from space 437760K, 98% used [0x0000000904000000,0x000000091e4d4308,0x000000091eb80000)
  to   space 508928K, 0% used [0x0000000929c80000,0x0000000929c80000,0x0000000948d80000)
 ParOldGen       total 888320K, used 676812K [0x0000000080000000, 0x00000000b6380000, 0x00000008d5580000)
  object space 888320K, 76% used [0x0000000080000000,0x00000000a94f32c8,0x00000000b6380000)
 Metaspace       used 6677K, capacity 6920K, committed 7168K, reserved 8192K
Event: 36.935 GC heap after
Heap after GC invocations=26 (full 4):
 PSYoungGen      total 1285632K, used 508908K [0x00000008d5580000, 0x0000000955c80000, 0x0000000d00000000)
  eden space 776704K, 0% used [0x00000008d5580000,0x00000008d5580000,0x0000000904c00000)
  from space 508928K, 99% used [0x0000000929c80000,0x0000000948d7b3a0,0x0000000948d80000)
  to   space 606720K, 0% used [0x0000000904c00000,0x0000000904c00000,0x0000000929c80000)
 ParOldGen       total 888320K, used 710624K [0x0000000080000000, 0x00000000b6380000, 0x00000008d5580000)
  object space 888320K, 79% used [0x0000000080000000,0x00000000ab5f8248,0x00000000b6380000)
 Metaspace       used 6677K, capacity 6920K, committed 7168K, reserved 8192K
}
Event: 38.776 GC heap before
{Heap before GC invocations=27 (full 4):
 PSYoungGen      total 1285632K, used 1285612K [0x00000008d5580000, 0x0000000955c80000, 0x0000000d00000000)
  eden space 776704K, 100% used [0x00000008d5580000,0x0000000904c00000,0x0000000904c00000)
  from space 508928K, 99% used [0x0000000929c80000,0x0000000948d7b3a0,0x0000000948d80000)
  to   space 606720K, 0% used [0x0000000904c00000,0x0000000904c00000,0x0000000929c80000)
 ParOldGen       total 888320K, used 710624K [0x0000000080000000, 0x00000000b6380000, 0x00000008d5580000)
  object space 888320K, 79% used [0x0000000080000000,0x00000000ab5f8248,0x00000000b6380000)
 Metaspace       used 6714K, capacity 6984K, committed 7168K, reserved 8192K
Event: 39.473 GC heap after
Heap after GC invocations=27 (full 4):
 PSYoungGen      total 1383424K, used 477733K [0x00000008d5580000, 0x000000095de80000, 0x0000000d00000000)
  eden space 776704K, 0% used [0x00000008d5580000,0x00000008d5580000,0x0000000904c00000)
  from space 606720K, 78% used [0x0000000904c00000,0x0000000921e89540,0x0000000929c80000)
  to   space 661504K, 0% used [0x0000000935880000,0x0000000935880000,0x000000095de80000)
 ParOldGen       total 888320K, used 871366K [0x0000000080000000, 0x00000000b6380000, 0x00000008d5580000)
  object space 888320K, 98% used [0x0000000080000000,0x00000000b52f1b78,0x00000000b6380000)
 Metaspace       used 6714K, capacity 6984K, committed 7168K, reserved 8192K
}
Event: 39.474 GC heap before
{Heap before GC invocations=28 (full 5):
 PSYoungGen      total 1383424K, used 477733K [0x00000008d5580000, 0x000000095de80000, 0x0000000d00000000)
  eden space 776704K, 0% used [0x00000008d5580000,0x00000008d5580000,0x0000000904c00000)
  from space 606720K, 78% used [0x0000000904c00000,0x0000000921e89540,0x0000000929c80000)
  to   space 661504K, 0% used [0x0000000935880000,0x0000000935880000,0x000000095de80000)
 ParOldGen       total 888320K, used 871366K [0x0000000080000000, 0x00000000b6380000, 0x00000008d5580000)
  object space 888320K, 98% used [0x0000000080000000,0x00000000b52f1b78,0x00000000b6380000)
 Metaspace       used 6714K, capacity 6984K, committed 7168K, reserved 8192K
Event: 47.730 GC heap after
Heap after GC invocations=28 (full 5):
 PSYoungGen      total 1383424K, used 435401K [0x00000008d5580000, 0x000000095de80000, 0x0000000d00000000)
  eden space 776704K, 0% used [0x00000008d5580000,0x00000008d5580000,0x0000000904c00000)
  from space 606720K, 71% used [0x0000000904c00000,0x000000091f532788,0x0000000929c80000)
  to   space 661504K, 0% used [0x0000000935880000,0x0000000935880000,0x000000095de80000)
 ParOldGen       total 1256448K, used 887997K [0x0000000080000000, 0x00000000ccb00000, 0x00000008d5580000)
  object space 1256448K, 70% used [0x0000000080000000,0x00000000b632f728,0x00000000ccb00000)
 Metaspace       used 6714K, capacity 6984K, committed 7168K, reserved 8192K
}

Deoptimization events (10 events):
Event: 47.829 Thread 0x0000000023c56000 Uncommon trap: reason=class_check action=maybe_recompile pc=0x0000000003ca4158 method=com.android.dx.cf.code.BaseMachine.localArg(Lcom/android/dx/cf/code/Frame;I)V @ 14
Event: 47.829 Thread 0x0000000023c56000 Uncommon trap: reason=class_check action=maybe_recompile pc=0x0000000003ca4158 method=com.android.dx.cf.code.BaseMachine.localArg(Lcom/android/dx/cf/code/Frame;I)V @ 14
Event: 47.829 Thread 0x0000000023c56000 Uncommon trap: reason=null_assert action=make_not_entrant pc=0x0000000003e77ad0 method=com.android.dx.cf.code.RopperMachine.run(Lcom/android/dx/cf/code/Frame;II)V @ 765
Event: 47.846 Thread 0x0000000001682800 Uncommon trap: reason=class_check action=maybe_recompile pc=0x0000000003cf7c08 method=com.android.dx.cf.code.BaseMachine.storeResults(Lcom/android/dx/cf/code/Frame;)V @ 41
Event: 47.846 Thread 0x0000000001682800 Uncommon trap: reason=class_check action=maybe_recompile pc=0x0000000003ca4158 method=com.android.dx.cf.code.BaseMachine.localArg(Lcom/android/dx/cf/code/Frame;I)V @ 14
Event: 47.846 Thread 0x0000000001682800 Uncommon trap: reason=class_check action=maybe_recompile pc=0x0000000003ca4158 method=com.android.dx.cf.code.BaseMachine.localArg(Lcom/android/dx/cf/code/Frame;I)V @ 14
Event: 47.855 Thread 0x0000000023c55800 Uncommon trap: reason=class_check action=maybe_recompile pc=0x0000000003cf7c08 method=com.android.dx.cf.code.BaseMachine.storeResults(Lcom/android/dx/cf/code/Frame;)V @ 41
Event: 48.051 Thread 0x0000000023c5a000 Uncommon trap: reason=class_check action=maybe_recompile pc=0x0000000003cf7c08 method=com.android.dx.cf.code.BaseMachine.storeResults(Lcom/android/dx/cf/code/Frame;)V @ 41
Event: 48.115 Thread 0x0000000023c55800 Uncommon trap: reason=bimorphic action=maybe_recompile pc=0x0000000003bc04f8 method=com.android.dx.cf.code.BytecodeArray.parseInstruction(ILcom/android/dx/cf/code/BytecodeArray$Visitor;)I @ 1987
Event: 48.116 Thread 0x0000000023c55800 Uncommon trap: reason=bimorphic action=maybe_recompile pc=0x0000000003bc04f8 method=com.android.dx.cf.code.BytecodeArray.parseInstruction(ILcom/android/dx/cf/code/BytecodeArray$Visitor;)I @ 1987

Internal exceptions (10 events):
Event: 25.338 Thread 0x0000000001682800 Exception <a 'java/security/PrivilegedActionException'> (0x00000008de87c920) thrown at [D:\re\workspace\8-2-build-windows-amd64-cygwin\jdk8u20\1074\hotspot\src\share\vm\prims\jvm.cpp, line 1275]
Event: 29.211 Thread 0x0000000001682800 Exception <a 'java/security/PrivilegedActionException'> (0x00000008f5693028) thrown at [D:\re\workspace\8-2-build-windows-amd64-cygwin\jdk8u20\1074\hotspot\src\share\vm\prims\jvm.cpp, line 1275]
Event: 35.524 Thread 0x0000000001682800 Exception <a 'java/security/PrivilegedActionException'> (0x00000008ee2fb870) thrown at [D:\re\workspace\8-2-build-windows-amd64-cygwin\jdk8u20\1074\hotspot\src\share\vm\prims\jvm.cpp, line 1275]
Event: 35.558 Thread 0x0000000023c58800 Exception <a 'java/security/PrivilegedActionException'> (0x00000008efb5a688) thrown at [D:\re\workspace\8-2-build-windows-amd64-cygwin\jdk8u20\1074\hotspot\src\share\vm\prims\jvm.cpp, line 1275]
Event: 37.400 Thread 0x0000000023c58800 Exception <a 'java/security/PrivilegedActionException'> (0x00000008de8b2ce8) thrown at [D:\re\workspace\8-2-build-windows-amd64-cygwin\jdk8u20\1074\hotspot\src\share\vm\prims\jvm.cpp, line 1275]
Event: 38.500 Thread 0x0000000023c56000 Implicit null exception at 0x000000000368d0fc to 0x000000000368d1f6
Event: 47.825 Thread 0x0000000023c56000 Exception <a 'java/security/PrivilegedActionException'> (0x00000008d8591a20) thrown at [D:\re\workspace\8-2-build-windows-amd64-cygwin\jdk8u20\1074\hotspot\src\share\vm\prims\jvm.cpp, line 1275]
Event: 47.829 Thread 0x0000000023c56000 Exception <a 'java/security/PrivilegedActionException'> (0x00000008d859bb00) thrown at [D:\re\workspace\8-2-build-windows-amd64-cygwin\jdk8u20\1074\hotspot\src\share\vm\prims\jvm.cpp, line 1275]
Event: 47.830 Thread 0x0000000023c56000 Exception <a 'java/security/PrivilegedActionException'> (0x00000008d859f0b8) thrown at [D:\re\workspace\8-2-build-windows-amd64-cygwin\jdk8u20\1074\hotspot\src\share\vm\prims\jvm.cpp, line 1275]
Event: 47.856 Thread 0x0000000023c56000 Exception <a 'java/security/PrivilegedActionException'> (0x00000008d85a6770) thrown at [D:\re\workspace\8-2-build-windows-amd64-cygwin\jdk8u20\1074\hotspot\src\share\vm\prims\jvm.cpp, line 1275]

Events (10 events):
Event: 47.856 Executing VM operation: RevokeBias done
Event: 48.051 Thread 0x0000000023c5a000 Uncommon trap: trap_request=0xffffffde fr.pc=0x0000000003cf7c08
Event: 48.051 Thread 0x0000000023c5a000 DEOPT PACKING pc=0x0000000003cf7c08 sp=0x000000002756e670
Event: 48.051 Thread 0x0000000023c5a000 DEOPT UNPACKING pc=0x000000000344556a sp=0x000000002756e660 mode 2
Event: 48.115 Thread 0x0000000023c55800 Uncommon trap: trap_request=0xffffffc6 fr.pc=0x0000000003bc04f8
Event: 48.115 Thread 0x0000000023c55800 DEOPT PACKING pc=0x0000000003bc04f8 sp=0x000000002776eb10
Event: 48.115 Thread 0x0000000023c55800 DEOPT UNPACKING pc=0x000000000344556a sp=0x000000002776eaa8 mode 2
Event: 48.116 Thread 0x0000000023c55800 Uncommon trap: trap_request=0xffffffc6 fr.pc=0x0000000003bc04f8
Event: 48.116 Thread 0x0000000023c55800 DEOPT PACKING pc=0x0000000003bc04f8 sp=0x000000002776e790
Event: 48.116 Thread 0x0000000023c55800 DEOPT UNPACKING pc=0x000000000344556a sp=0x000000002776e728 mode 2


Dynamic libraries:
0x00007ff634000000 - 0x00007ff634034000 	C:\Program Files\Java\jdk1.8.0_20\bin\java.exe
0x00007ffd3f9f0000 - 0x00007ffd3fbc1000 	C:\WINDOWS\SYSTEM32\ntdll.dll
0x00007ffd3ee50000 - 0x00007ffd3eefb000 	C:\WINDOWS\System32\KERNEL32.DLL
0x00007ffd3c940000 - 0x00007ffd3cb5d000 	C:\WINDOWS\System32\KERNELBASE.dll
0x00007ffd3d2d0000 - 0x00007ffd3d372000 	C:\WINDOWS\System32\ADVAPI32.dll
0x00007ffd3f8c0000 - 0x00007ffd3f95e000 	C:\WINDOWS\System32\msvcrt.dll
0x00007ffd3f990000 - 0x00007ffd3f9e9000 	C:\WINDOWS\System32\sechost.dll
0x00007ffd3f400000 - 0x00007ffd3f521000 	C:\WINDOWS\System32\RPCRT4.dll
0x00007ffd3d430000 - 0x00007ffd3d595000 	C:\WINDOWS\System32\USER32.dll
0x00007ffd3cd90000 - 0x00007ffd3cdae000 	C:\WINDOWS\System32\win32u.dll
0x00007ffd3d380000 - 0x00007ffd3d3b4000 	C:\WINDOWS\System32\GDI32.dll
0x00007ffd3bf30000 - 0x00007ffd3c0b2000 	C:\WINDOWS\System32\gdi32full.dll
0x00007ffd389f0000 - 0x00007ffd38c69000 	C:\WINDOWS\WinSxS\amd64_microsoft.windows.common-controls_6595b64144ccf1df_6.0.14393.0_none_2d0f50fcbdb171b8\COMCTL32.dll
0x00007ffd3f5d0000 - 0x00007ffd3f897000 	C:\WINDOWS\System32\combase.dll
0x00007ffd3c0c0000 - 0x00007ffd3c1b5000 	C:\WINDOWS\System32\ucrtbase.dll
0x00007ffd3ccc0000 - 0x00007ffd3cd2a000 	C:\WINDOWS\System32\bcryptPrimitives.dll
0x00007ffd3f960000 - 0x00007ffd3f98e000 	C:\WINDOWS\System32\IMM32.DLL
0x0000000077b70000 - 0x0000000077c42000 	C:\Program Files\Java\jdk1.8.0_20\jre\bin\msvcr100.dll
0x0000000076470000 - 0x0000000076cc8000 	C:\Program Files\Java\jdk1.8.0_20\jre\bin\server\jvm.dll
0x00007ffd3ef60000 - 0x00007ffd3ef68000 	C:\WINDOWS\System32\PSAPI.DLL
0x00007ffd3a390000 - 0x00007ffd3a3b3000 	C:\WINDOWS\SYSTEM32\WINMM.dll
0x00007ffd32410000 - 0x00007ffd32419000 	C:\WINDOWS\SYSTEM32\WSOCK32.dll
0x00007ffd3d3c0000 - 0x00007ffd3d42a000 	C:\WINDOWS\System32\WS2_32.dll
0x00007ffd3a330000 - 0x00007ffd3a35b000 	C:\WINDOWS\SYSTEM32\WINMMBASE.dll
0x00007ffd3bee0000 - 0x00007ffd3bf22000 	C:\WINDOWS\System32\cfgmgr32.dll
0x0000000050030000 - 0x000000005003f000 	C:\Program Files\Java\jdk1.8.0_20\jre\bin\verify.dll
0x0000000050000000 - 0x0000000050028000 	C:\Program Files\Java\jdk1.8.0_20\jre\bin\java.dll
0x0000000077fe0000 - 0x0000000077ff6000 	C:\Program Files\Java\jdk1.8.0_20\jre\bin\zip.dll
0x00007ffd3d6e0000 - 0x00007ffd3ebe8000 	C:\WINDOWS\System32\SHELL32.dll
0x00007ffd3c1c0000 - 0x00007ffd3c89a000 	C:\WINDOWS\System32\windows.storage.dll
0x00007ffd3be80000 - 0x00007ffd3becc000 	C:\WINDOWS\System32\powrprof.dll
0x00007ffd3ef00000 - 0x00007ffd3ef52000 	C:\WINDOWS\System32\shlwapi.dll
0x00007ffd3bed0000 - 0x00007ffd3bedf000 	C:\WINDOWS\System32\kernel.appcore.dll
0x00007ffd3cb60000 - 0x00007ffd3cc09000 	C:\WINDOWS\System32\shcore.dll
0x00007ffd3be50000 - 0x00007ffd3be64000 	C:\WINDOWS\System32\profapi.dll
0x00007ffd2d520000 - 0x00007ffd2d6b2000 	C:\WINDOWS\SYSTEM32\dbghelp.dll

VM Arguments:
jvm_args: -Djava.awt.headless=true -Xmx50g -Dfile.encoding=windows-1251 -Duser.country=RU -Duser.language=ru -Duser.variant 
java_command: com.android.dx.command.Main --dex --num-threads=4 --multi-dex --main-dex-list C:\Users\User\Documents\GitHub\iCRM\iCRM\app\build\intermediates\multi-dex\debug\maindexlist.txt --output C:\Users\User\Documents\GitHub\iCRM\iCRM\app\build\intermediates\transforms\dex\debug\folders\1000\1f\main C:\Users\User\Documents\GitHub\iCRM\iCRM\app\build\intermediates\transforms\jarMerging\debug\jars\1\1f\combined.jar
java_class_path (initial): C:\Users\User\AppData\Local\Android\sdk\build-tools\23.0.3\lib\dx.jar
Launcher Type: SUN_STANDARD

Environment Variables:
PATH=C:\ProgramData\Oracle\Java\javapath;C:\Program Files\Broadcom\Broadcom 802.11 Network Adapter;C:\Program Files (x86)\NVIDIA Corporation\PhysX\Common;C:\Program Files (x86)\Intel\iCLS Client\;C:\Program Files\Intel\iCLS Client\;C:\Windows\system32;C:\Windows;C:\Windows\System32\Wbem;C:\Windows\System32\WindowsPowerShell\v1.0\;C:\Program Files\Intel\Intel(R) Management Engine Components\DAL;C:\Program Files\Intel\Intel(R) Management Engine Components\IPT;C:\Program Files (x86)\Intel\Intel(R) Management Engine Components\DAL;C:\Program Files (x86)\Intel\Intel(R) Management Engine Components\IPT;C:\Program Files\WIDCOMM\Bluetooth Software\;C:\Program Files\WIDCOMM\Bluetooth Software\syswow64;C:\Program Files\Acer\Remote Files\;C:\Program Files (x86)\Skype\Phone\;C:\Program Files\OpenVPN\bin;C:\WINDOWS\system32;C:\WINDOWS;C:\WINDOWS\System32\Wbem;C:\WINDOWS\System32\WindowsPowerShell\v1.0\;C:\Users\User\AppData\Local\Microsoft\WindowsApps;
USERNAME=User
OS=Windows_NT
PROCESSOR_IDENTIFIER=Intel64 Family 6 Model 69 Stepping 1, GenuineIntel



---------------  S Y S T E M  ---------------

OS: Windows 8.1 , 64 bit Build 9600 

CPU:total 4 (2 cores per cpu, 2 threads per core) family 6 model 69 stepping 1, cmov, cx8, fxsr, mmx, sse, sse2, sse3, ssse3, sse4.1, sse4.2, popcnt, avx, avx2, aes, clmul, erms, lzcnt, ht, tsc, tscinvbit, bmi1, bmi2

Memory: 4k page, physical 8310040k(638412k free), swap 12406040k(9316k free)

vm_info: Java HotSpot(TM) 64-Bit Server VM (25.20-b23) for windows-amd64 JRE (1.8.0_20-b26), built on Jul 30 2014 13:51:23 by "java_re" with MS VC++ 10.0 (VS2010)

time: Fri Oct 28 01:26:14 2016
elapsed time: 48 seconds (0d 0h 0m 48s)

