#
# There is insufficient memory for the Java Runtime Environment to continue.
# Native memory allocation (malloc) failed to allocate 33554448 bytes for Chunk::new
# Possible reasons:
#   The system is out of physical RAM or swap space
#   In 32 bit mode, the process size limit was hit
# Possible solutions:
#   Reduce memory load on the system
#   Increase physical memory or swap space
#   Check if swap backing store is full
#   Use 64 bit Java on a 64 bit OS
#   Decrease Java heap size (-Xmx/-Xms)
#   Decrease number of Java threads
#   Decrease Java thread stack sizes (-Xss)
#   Set larger code cache with -XX:ReservedCodeCacheSize=
# This output file may be truncated or incomplete.
#
#  Out of Memory Error (allocation.cpp:390), pid=8388, tid=9020
#
# JRE version: Java(TM) SE Runtime Environment (8.0_20-b26) (build 1.8.0_20-b26)
# Java VM: Java HotSpot(TM) 64-Bit Server VM (25.20-b23 mixed mode windows-amd64 )
# Failed to write core dump. Minidumps are not enabled by default on client versions of Windows
#

---------------  T H R E A D  ---------------

Current thread (0x000000002385e000):  JavaThread "C2 CompilerThread1" daemon [_thread_in_native, id=9020, stack(0x0000000024da0000,0x0000000024ea0000)]

Stack: [0x0000000024da0000,0x0000000024ea0000]
Native frames: (J=compiled Java code, j=interpreted, Vv=VM code, C=native code)
V  [jvm.dll+0x3152fa]
V  [jvm.dll+0x265d03]
V  [jvm.dll+0x266943]
V  [jvm.dll+0x25e265]
V  [jvm.dll+0xbe255]
V  [jvm.dll+0xbe6fc]
V  [jvm.dll+0xf3878]
V  [jvm.dll+0x45df30]
V  [jvm.dll+0x45e1ea]
V  [jvm.dll+0x45f0cf]
V  [jvm.dll+0x461191]
V  [jvm.dll+0x4635c5]
V  [jvm.dll+0x463f4c]
V  [jvm.dll+0x464293]
V  [jvm.dll+0x451093]
V  [jvm.dll+0x452634]
V  [jvm.dll+0x435fc2]
V  [jvm.dll+0x97b62]
V  [jvm.dll+0x98353]
V  [jvm.dll+0x22aac4]
V  [jvm.dll+0x283f5a]
C  [msvcr100.dll+0x21d9f]
C  [msvcr100.dll+0x21e3b]
C  [KERNEL32.DLL+0x8364]
C  [ntdll.dll+0x65e91]


Current CompileTask:
C2:  62140 3350   !   4       com.android.dx.cf.code.Ropper::processBlock (1101 bytes)


---------------  P R O C E S S  ---------------

Java Threads: ( => current thread )
  0x0000000025f50000 JavaThread "pool-1-thread-1" [_thread_blocked, id=10400, stack(0x0000000029210000,0x0000000029310000)]
  0x0000000025239800 JavaThread "pool-2-thread-4" [_thread_blocked, id=9128, stack(0x0000000027170000,0x0000000027270000)]
  0x0000000025239000 JavaThread "pool-2-thread-3" [_thread_blocked, id=7272, stack(0x0000000027070000,0x0000000027170000)]
  0x000000002594a800 JavaThread "pool-2-thread-2" [_thread_blocked, id=9488, stack(0x0000000026f70000,0x0000000027070000)]
  0x000000002609f800 JavaThread "pool-3-thread-1" [_thread_blocked, id=5560, stack(0x0000000026e70000,0x0000000026f70000)]
  0x000000002579a800 JavaThread "pool-2-thread-1" [_thread_blocked, id=7928, stack(0x0000000026d70000,0x0000000026e70000)]
  0x0000000024fcc800 JavaThread "Service Thread" daemon [_thread_blocked, id=6844, stack(0x00000000253a0000,0x00000000254a0000)]
  0x0000000023865800 JavaThread "C1 CompilerThread2" daemon [_thread_blocked, id=7452, stack(0x0000000024ea0000,0x0000000024fa0000)]
=>0x000000002385e000 JavaThread "C2 CompilerThread1" daemon [_thread_in_native, id=9020, stack(0x0000000024da0000,0x0000000024ea0000)]
  0x000000002385c000 JavaThread "C2 CompilerThread0" daemon [_thread_blocked, id=3484, stack(0x0000000024ca0000,0x0000000024da0000)]
  0x000000002385a800 JavaThread "Attach Listener" daemon [_thread_blocked, id=9636, stack(0x0000000024ba0000,0x0000000024ca0000)]
  0x0000000023859800 JavaThread "Signal Dispatcher" daemon [_thread_blocked, id=11920, stack(0x0000000024aa0000,0x0000000024ba0000)]
  0x00000000011b6000 JavaThread "Finalizer" daemon [_thread_blocked, id=7408, stack(0x00000000249a0000,0x0000000024aa0000)]
  0x00000000011ad000 JavaThread "Reference Handler" daemon [_thread_blocked, id=11076, stack(0x00000000248a0000,0x00000000249a0000)]
  0x00000000010c2800 JavaThread "main" [_thread_blocked, id=9308, stack(0x0000000000c20000,0x0000000000d20000)]

Other Threads:
  0x0000000023825800 VMThread [stack: 0x00000000247a0000,0x00000000248a0000] [id=9704]
  0x0000000024fcf000 WatcherThread [stack: 0x00000000254a0000,0x00000000255a0000] [id=2360]

VM state:at safepoint (normal execution)

VM Mutex/Monitor currently owned by a thread:  ([mutex/lock_event])
[0x000000000124ccb0] Threads_lock - owner thread: 0x0000000023825800
[0x000000000124c9b0] Heap_lock - owner thread: 0x00000000010c2800

Heap:
 PSYoungGen      total 1083904K, used 823296K [0x00000008d5580000, 0x000000093be80000, 0x0000000d00000000)
  eden space 823296K, 100% used [0x00000008d5580000,0x0000000907980000,0x0000000907980000)
  from space 260608K, 0% used [0x000000091e100000,0x000000091e100000,0x000000092df80000)
  to   space 368128K, 0% used [0x0000000907980000,0x0000000907980000,0x000000091e100000)
 ParOldGen       total 803840K, used 803413K [0x0000000080000000, 0x00000000b1100000, 0x00000008d5580000)
  object space 803840K, 99% used [0x0000000080000000,0x00000000b10956a8,0x00000000b1100000)
 Metaspace       used 6769K, capacity 7048K, committed 7168K, reserved 8192K

Card table byte_map: [0x0000000012400000,0x0000000018810000] byte_map_base: 0x0000000012000000

Marking Bits: (ParMarkBitMap*) 0x0000000053c3b460
 Begin Bits: [0x0000000d00000000, 0x0000000d32000000)
 End Bits:   [0x0000000d32000000, 0x0000000d64000000)

Polling page: 0x0000000000800000

CodeCache: size=245760Kb used=12118Kb max_used=14247Kb free=233641Kb
 bounds [0x0000000003400000, 0x0000000004200000, 0x0000000012400000]
 total_blobs=2897 nmethods=2631 adapters=179
 compilation: enabled

Compilation events (10 events):
Event: 60.759 Thread 0x0000000023865800 3397       2       com.android.dx.cf.code.BytecodeArray$ConstantParserVisitor::visitNoArgs (5 bytes)
Event: 60.759 Thread 0x0000000023865800 nmethod 3397 0x00000000035828d0 code [0x0000000003582a20, 0x0000000003582b70]
Event: 60.791 Thread 0x0000000023865800 3399       2       com.android.dx.rop.cst.CstDouble::<init> (6 bytes)
Event: 60.792 Thread 0x0000000023865800 nmethod 3399 0x0000000003582590 code [0x00000000035826e0, 0x0000000003582830]
Event: 60.792 Thread 0x0000000023865800 3398       2       com.android.dx.rop.cst.CstDouble::make (9 bytes)
Event: 60.792 Thread 0x0000000023865800 nmethod 3398 0x0000000003582210 code [0x0000000003582360, 0x00000000035824d0]
Event: 60.842 Thread 0x000000002385e000 nmethod 3348 0x0000000003c204d0 code [0x0000000003c21a40, 0x0000000003c27de8]
Event: 60.843 Thread 0x000000002385e000 3350   !   4       com.android.dx.cf.code.Ropper::processBlock (1101 bytes)
Event: 60.860 Thread 0x000000002385c000 nmethod 3349 0x0000000003860c90 code [0x0000000003861800, 0x0000000003864200]
Event: 60.860 Thread 0x000000002385c000 3400   !   4       com.android.dx.cf.code.BytecodeArray::parseInstruction (2764 bytes)

GC Heap History (10 events):
Event: 42.340 GC heap after
Heap after GC invocations=24 (full 8):
 PSYoungGen      total 1083904K, used 267940K [0x00000008d5580000, 0x000000093be80000, 0x0000000d00000000)
  eden space 823296K, 32% used [0x00000008d5580000,0x00000008e5b29098,0x0000000907980000)
  from space 260608K, 0% used [0x000000091e100000,0x000000091e100000,0x000000092df80000)
  to   space 368128K, 0% used [0x0000000907980000,0x0000000907980000,0x000000091e100000)
 ParOldGen       total 803840K, used 803450K [0x0000000080000000, 0x00000000b1100000, 0x00000008d5580000)
  object space 803840K, 99% used [0x0000000080000000,0x00000000b109e828,0x00000000b1100000)
 Metaspace       used 6609K, capacity 6920K, committed 7168K, reserved 8192K
}
Event: 43.005 GC heap before
{Heap before GC invocations=25 (full 9):
 PSYoungGen      total 1083904K, used 823296K [0x00000008d5580000, 0x000000093be80000, 0x0000000d00000000)
  eden space 823296K, 100% used [0x00000008d5580000,0x0000000907980000,0x0000000907980000)
  from space 260608K, 0% used [0x000000091e100000,0x000000091e100000,0x000000092df80000)
  to   space 368128K, 0% used [0x0000000907980000,0x0000000907980000,0x000000091e100000)
 ParOldGen       total 803840K, used 803450K [0x0000000080000000, 0x00000000b1100000, 0x00000008d5580000)
  object space 803840K, 99% used [0x0000000080000000,0x00000000b109e828,0x00000000b1100000)
 Metaspace       used 6609K, capacity 6920K, committed 7168K, reserved 8192K
Event: 45.915 GC heap after
Heap after GC invocations=25 (full 9):
 PSYoungGen      total 1083904K, used 353265K [0x00000008d5580000, 0x000000093be80000, 0x0000000d00000000)
  eden space 823296K, 42% used [0x00000008d5580000,0x00000008eae7c520,0x0000000907980000)
  from space 260608K, 0% used [0x000000091e100000,0x000000091e100000,0x000000092df80000)
  to   space 368128K, 0% used [0x0000000907980000,0x0000000907980000,0x000000091e100000)
 ParOldGen       total 803840K, used 803440K [0x0000000080000000, 0x00000000b1100000, 0x00000008d5580000)
  object space 803840K, 99% used [0x0000000080000000,0x00000000b109c380,0x00000000b1100000)
 Metaspace       used 6609K, capacity 6920K, committed 7168K, reserved 8192K
}
Event: 46.787 GC heap before
{Heap before GC invocations=26 (full 10):
 PSYoungGen      total 1083904K, used 823296K [0x00000008d5580000, 0x000000093be80000, 0x0000000d00000000)
  eden space 823296K, 100% used [0x00000008d5580000,0x0000000907980000,0x0000000907980000)
  from space 260608K, 0% used [0x000000091e100000,0x000000091e100000,0x000000092df80000)
  to   space 368128K, 0% used [0x0000000907980000,0x0000000907980000,0x000000091e100000)
 ParOldGen       total 803840K, used 803440K [0x0000000080000000, 0x00000000b1100000, 0x00000008d5580000)
  object space 803840K, 99% used [0x0000000080000000,0x00000000b109c380,0x00000000b1100000)
 Metaspace       used 6686K, capacity 6984K, committed 7168K, reserved 8192K
Event: 51.647 GC heap after
Heap after GC invocations=26 (full 10):
 PSYoungGen      total 1083904K, used 415570K [0x00000008d5580000, 0x000000093be80000, 0x0000000d00000000)
  eden space 823296K, 50% used [0x00000008d5580000,0x00000008eeb54818,0x0000000907980000)
  from space 260608K, 0% used [0x000000091e100000,0x000000091e100000,0x000000092df80000)
  to   space 368128K, 0% used [0x0000000907980000,0x0000000907980000,0x000000091e100000)
 ParOldGen       total 803840K, used 803619K [0x0000000080000000, 0x00000000b1100000, 0x00000008d5580000)
  object space 803840K, 99% used [0x0000000080000000,0x00000000b10c8d18,0x00000000b1100000)
 Metaspace       used 6686K, capacity 6984K, committed 7168K, reserved 8192K
}
Event: 52.509 GC heap before
{Heap before GC invocations=27 (full 11):
 PSYoungGen      total 1083904K, used 823296K [0x00000008d5580000, 0x000000093be80000, 0x0000000d00000000)
  eden space 823296K, 100% used [0x00000008d5580000,0x0000000907980000,0x0000000907980000)
  from space 260608K, 0% used [0x000000091e100000,0x000000091e100000,0x000000092df80000)
  to   space 368128K, 0% used [0x0000000907980000,0x0000000907980000,0x000000091e100000)
 ParOldGen       total 803840K, used 803619K [0x0000000080000000, 0x00000000b1100000, 0x00000008d5580000)
  object space 803840K, 99% used [0x0000000080000000,0x00000000b10c8d18,0x00000000b1100000)
 Metaspace       used 6716K, capacity 6984K, committed 7168K, reserved 8192K
Event: 56.789 GC heap after
Heap after GC invocations=27 (full 11):
 PSYoungGen      total 1083904K, used 473951K [0x00000008d5580000, 0x000000093be80000, 0x0000000d00000000)
  eden space 823296K, 57% used [0x00000008d5580000,0x00000008f2457d58,0x0000000907980000)
  from space 260608K, 0% used [0x000000091e100000,0x000000091e100000,0x000000092df80000)
  to   space 368128K, 0% used [0x0000000907980000,0x0000000907980000,0x000000091e100000)
 ParOldGen       total 803840K, used 803416K [0x0000000080000000, 0x00000000b1100000, 0x00000008d5580000)
  object space 803840K, 99% used [0x0000000080000000,0x00000000b1096230,0x00000000b1100000)
 Metaspace       used 6716K, capacity 6984K, committed 7168K, reserved 8192K
}
Event: 57.513 GC heap before
{Heap before GC invocations=28 (full 12):
 PSYoungGen      total 1083904K, used 823296K [0x00000008d5580000, 0x000000093be80000, 0x0000000d00000000)
  eden space 823296K, 100% used [0x00000008d5580000,0x0000000907980000,0x0000000907980000)
  from space 260608K, 0% used [0x000000091e100000,0x000000091e100000,0x000000092df80000)
  to   space 368128K, 0% used [0x0000000907980000,0x0000000907980000,0x000000091e100000)
 ParOldGen       total 803840K, used 803416K [0x0000000080000000, 0x00000000b1100000, 0x00000008d5580000)
  object space 803840K, 99% used [0x0000000080000000,0x00000000b1096230,0x00000000b1100000)
 Metaspace       used 6717K, capacity 6984K, committed 7168K, reserved 8192K
Event: 60.324 GC heap after
Heap after GC invocations=28 (full 12):
 PSYoungGen      total 1083904K, used 526691K [0x00000008d5580000, 0x000000093be80000, 0x0000000d00000000)
  eden space 823296K, 63% used [0x00000008d5580000,0x00000008f57d8cf8,0x0000000907980000)
  from space 260608K, 0% used [0x000000091e100000,0x000000091e100000,0x000000092df80000)
  to   space 368128K, 0% used [0x0000000907980000,0x0000000907980000,0x000000091e100000)
 ParOldGen       total 803840K, used 803413K [0x0000000080000000, 0x00000000b1100000, 0x00000008d5580000)
  object space 803840K, 99% used [0x0000000080000000,0x00000000b10956a8,0x00000000b1100000)
 Metaspace       used 6717K, capacity 6984K, committed 7168K, reserved 8192K
}
Event: 61.127 GC heap before
{Heap before GC invocations=29 (full 13):
 PSYoungGen      total 1083904K, used 823296K [0x00000008d5580000, 0x000000093be80000, 0x0000000d00000000)
  eden space 823296K, 100% used [0x00000008d5580000,0x0000000907980000,0x0000000907980000)
  from space 260608K, 0% used [0x000000091e100000,0x000000091e100000,0x000000092df80000)
  to   space 368128K, 0% used [0x0000000907980000,0x0000000907980000,0x000000091e100000)
 ParOldGen       total 803840K, used 803413K [0x0000000080000000, 0x00000000b1100000, 0x00000008d5580000)
  object space 803840K, 99% used [0x0000000080000000,0x00000000b10956a8,0x00000000b1100000)
 Metaspace       used 6769K, capacity 7048K, committed 7168K, reserved 8192K

Deoptimization events (10 events):
Event: 60.628 Thread 0x000000002594a800 Uncommon trap: reason=class_check action=maybe_recompile pc=0x0000000003d2a2d4 method=com.android.dx.cf.code.BaseMachine.storeResults(Lcom/android/dx/cf/code/Frame;)V @ 41
Event: 60.628 Thread 0x000000002594a800 Uncommon trap: reason=class_check action=maybe_recompile pc=0x0000000003bc76c4 method=com.android.dx.cf.code.Frame.mergeWith(Lcom/android/dx/cf/code/Frame;)Lcom/android/dx/cf/code/Frame; @ 8
Event: 60.628 Thread 0x000000002594a800 Uncommon trap: reason=class_check action=maybe_recompile pc=0x0000000003bc76c4 method=com.android.dx.cf.code.Frame.mergeWith(Lcom/android/dx/cf/code/Frame;)Lcom/android/dx/cf/code/Frame; @ 8
Event: 60.629 Thread 0x0000000025239800 Uncommon trap: reason=class_check action=maybe_recompile pc=0x0000000003bc7a70 method=com.android.dx.cf.code.OneLocalsArray.merge(Lcom/android/dx/cf/code/LocalsArray;)Lcom/android/dx/cf/code/LocalsArray; @ 1
Event: 60.629 Thread 0x0000000025239800 Uncommon trap: reason=class_check action=maybe_recompile pc=0x0000000003bc7a70 method=com.android.dx.cf.code.OneLocalsArray.merge(Lcom/android/dx/cf/code/LocalsArray;)Lcom/android/dx/cf/code/LocalsArray; @ 1
Event: 60.629 Thread 0x000000002594a800 Uncommon trap: reason=class_check action=maybe_recompile pc=0x0000000003bc76c4 method=com.android.dx.cf.code.Frame.mergeWith(Lcom/android/dx/cf/code/Frame;)Lcom/android/dx/cf/code/Frame; @ 8
Event: 60.630 Thread 0x0000000025239800 Uncommon trap: reason=class_check action=maybe_recompile pc=0x0000000003bc7a70 method=com.android.dx.cf.code.OneLocalsArray.merge(Lcom/android/dx/cf/code/LocalsArray;)Lcom/android/dx/cf/code/LocalsArray; @ 1
Event: 60.630 Thread 0x000000002594a800 Uncommon trap: reason=class_check action=maybe_recompile pc=0x0000000003bc76c4 method=com.android.dx.cf.code.Frame.mergeWith(Lcom/android/dx/cf/code/Frame;)Lcom/android/dx/cf/code/Frame; @ 8
Event: 60.851 Thread 0x000000002594a800 Uncommon trap: reason=bimorphic action=maybe_recompile pc=0x0000000003c22d14 method=com.android.dx.cf.code.BytecodeArray.parseInstruction(ILcom/android/dx/cf/code/BytecodeArray$Visitor;)I @ 891
Event: 60.851 Thread 0x000000002594a800 Uncommon trap: reason=bimorphic action=maybe_recompile pc=0x0000000003c22d14 method=com.android.dx.cf.code.BytecodeArray.parseInstruction(ILcom/android/dx/cf/code/BytecodeArray$Visitor;)I @ 891

Internal exceptions (10 events):
Event: 45.942 Thread 0x00000000010c2800 Exception <a 'java/security/PrivilegedActionException'> (0x00000008eb759fd0) thrown at [D:\re\workspace\8-2-build-windows-amd64-cygwin\jdk8u20\1074\hotspot\src\share\vm\prims\jvm.cpp, line 1275]
Event: 45.969 Thread 0x0000000025f50000 Implicit null exception at 0x0000000003819a79 to 0x000000000381af6d
Event: 45.972 Thread 0x0000000025f50000 Exception <a 'java/security/PrivilegedActionException'> (0x00000008ecb5e110) thrown at [D:\re\workspace\8-2-build-windows-amd64-cygwin\jdk8u20\1074\hotspot\src\share\vm\prims\jvm.cpp, line 1275]
Event: 51.873 Thread 0x0000000025f50000 Exception <a 'java/security/PrivilegedActionException'> (0x00000008f2c2d560) thrown at [D:\re\workspace\8-2-build-windows-amd64-cygwin\jdk8u20\1074\hotspot\src\share\vm\prims\jvm.cpp, line 1275]
Event: 57.251 Thread 0x000000002594a800 Implicit null exception at 0x000000000408c37c to 0x000000000408c476
Event: 60.386 Thread 0x000000002594a800 Exception <a 'java/security/PrivilegedActionException'> (0x00000008f7df8ee8) thrown at [D:\re\workspace\8-2-build-windows-amd64-cygwin\jdk8u20\1074\hotspot\src\share\vm\prims\jvm.cpp, line 1275]
Event: 60.390 Thread 0x000000002594a800 Exception <a 'java/security/PrivilegedActionException'> (0x00000008f7e03088) thrown at [D:\re\workspace\8-2-build-windows-amd64-cygwin\jdk8u20\1074\hotspot\src\share\vm\prims\jvm.cpp, line 1275]
Event: 60.391 Thread 0x000000002594a800 Exception <a 'java/security/PrivilegedActionException'> (0x00000008f7e06660) thrown at [D:\re\workspace\8-2-build-windows-amd64-cygwin\jdk8u20\1074\hotspot\src\share\vm\prims\jvm.cpp, line 1275]
Event: 60.395 Thread 0x000000002594a800 Exception <a 'java/security/PrivilegedActionException'> (0x00000008f7e0dd38) thrown at [D:\re\workspace\8-2-build-windows-amd64-cygwin\jdk8u20\1074\hotspot\src\share\vm\prims\jvm.cpp, line 1275]
Event: 60.583 Thread 0x0000000025f50000 Exception <a 'java/security/PrivilegedActionException'> (0x00000008fb662f18) thrown at [D:\re\workspace\8-2-build-windows-amd64-cygwin\jdk8u20\1074\hotspot\src\share\vm\prims\jvm.cpp, line 1275]

Events (10 events):
Event: 60.657 Thread 0x0000000025239800 DEOPT UNPACKING pc=0x00000000034475bf sp=0x000000002726ea30 mode 0
Event: 60.657 Thread 0x0000000025239800 DEOPT PACKING pc=0x000000000383b741 sp=0x000000002726ecf0
Event: 60.657 Thread 0x0000000025239800 DEOPT UNPACKING pc=0x00000000034475bf sp=0x000000002726ea30 mode 0
Event: 60.851 Thread 0x000000002594a800 Uncommon trap: trap_request=0xffffffc6 fr.pc=0x0000000003c22d14
Event: 60.851 Thread 0x000000002594a800 DEOPT PACKING pc=0x0000000003c22d14 sp=0x000000002706ed40
Event: 60.851 Thread 0x000000002594a800 DEOPT UNPACKING pc=0x000000000344556a sp=0x000000002706ecc0 mode 2
Event: 60.851 Thread 0x000000002594a800 Uncommon trap: trap_request=0xffffffc6 fr.pc=0x0000000003c22d14
Event: 60.851 Thread 0x000000002594a800 DEOPT PACKING pc=0x0000000003c22d14 sp=0x000000002706ed40
Event: 60.851 Thread 0x000000002594a800 DEOPT UNPACKING pc=0x000000000344556a sp=0x000000002706ecc0 mode 2
Event: 61.124 Executing VM operation: ParallelGCFailedAllocation


Dynamic libraries:
0x00007ff61d090000 - 0x00007ff61d0c4000 	C:\Program Files\Java\jdk1.8.0_20\bin\java.exe
0x00007ff9b0c20000 - 0x00007ff9b0df1000 	C:\WINDOWS\SYSTEM32\ntdll.dll
0x00007ff9b0060000 - 0x00007ff9b010b000 	C:\WINDOWS\System32\KERNEL32.DLL
0x00007ff9adb20000 - 0x00007ff9add3d000 	C:\WINDOWS\System32\KERNELBASE.dll
0x00007ff9b0210000 - 0x00007ff9b02b2000 	C:\WINDOWS\System32\ADVAPI32.dll
0x00007ff9affc0000 - 0x00007ff9b005e000 	C:\WINDOWS\System32\msvcrt.dll
0x00007ff9b0bc0000 - 0x00007ff9b0c19000 	C:\WINDOWS\System32\sechost.dll
0x00007ff9b0970000 - 0x00007ff9b0a91000 	C:\WINDOWS\System32\RPCRT4.dll
0x00007ff9b07f0000 - 0x00007ff9b0955000 	C:\WINDOWS\System32\USER32.dll
0x00007ff9ad300000 - 0x00007ff9ad31e000 	C:\WINDOWS\System32\win32u.dll
0x00007ff9b02c0000 - 0x00007ff9b02f4000 	C:\WINDOWS\System32\GDI32.dll
0x00007ff9adda0000 - 0x00007ff9adf22000 	C:\WINDOWS\System32\gdi32full.dll
0x00007ff9a7ae0000 - 0x00007ff9a7d5a000 	C:\WINDOWS\WinSxS\amd64_microsoft.windows.common-controls_6595b64144ccf1df_6.0.14393.351_none_4213128bc687e6d3\COMCTL32.dll
0x00007ff9b03c0000 - 0x00007ff9b0687000 	C:\WINDOWS\System32\combase.dll
0x00007ff9ad1b0000 - 0x00007ff9ad2a5000 	C:\WINDOWS\System32\ucrtbase.dll
0x00007ff9ad320000 - 0x00007ff9ad38a000 	C:\WINDOWS\System32\bcryptPrimitives.dll
0x00007ff9ae370000 - 0x00007ff9ae39e000 	C:\WINDOWS\System32\IMM32.DLL
0x0000000054c10000 - 0x0000000054ce2000 	C:\Program Files\Java\jdk1.8.0_20\jre\bin\msvcr100.dll
0x0000000053460000 - 0x0000000053cb8000 	C:\Program Files\Java\jdk1.8.0_20\jre\bin\server\jvm.dll
0x00007ff9b0960000 - 0x00007ff9b0968000 	C:\WINDOWS\System32\PSAPI.DLL
0x00007ff9a2eb0000 - 0x00007ff9a2eb9000 	C:\WINDOWS\SYSTEM32\WSOCK32.dll
0x00007ff9ab2a0000 - 0x00007ff9ab2c3000 	C:\WINDOWS\SYSTEM32\WINMM.dll
0x00007ff9aea40000 - 0x00007ff9aeaaa000 	C:\WINDOWS\System32\WS2_32.dll
0x00000000007d0000 - 0x00000000007fb000 	C:\WINDOWS\SYSTEM32\WINMMBASE.dll
0x00007ff9ad2b0000 - 0x00007ff9ad2f2000 	C:\WINDOWS\System32\cfgmgr32.dll
0x0000000055090000 - 0x000000005509f000 	C:\Program Files\Java\jdk1.8.0_20\jre\bin\verify.dll
0x0000000055060000 - 0x0000000055088000 	C:\Program Files\Java\jdk1.8.0_20\jre\bin\java.dll
0x0000000055040000 - 0x0000000055056000 	C:\Program Files\Java\jdk1.8.0_20\jre\bin\zip.dll
0x00007ff9aeab0000 - 0x00007ff9affb9000 	C:\WINDOWS\System32\SHELL32.dll
0x00007ff9ad440000 - 0x00007ff9adb1a000 	C:\WINDOWS\System32\windows.storage.dll
0x00007ff9ad0b0000 - 0x00007ff9ad0fc000 	C:\WINDOWS\System32\powrprof.dll
0x00007ff9ae970000 - 0x00007ff9ae9c2000 	C:\WINDOWS\System32\shlwapi.dll
0x00007ff9ad0a0000 - 0x00007ff9ad0af000 	C:\WINDOWS\System32\kernel.appcore.dll
0x00007ff9adf30000 - 0x00007ff9adfd9000 	C:\WINDOWS\System32\shcore.dll
0x00007ff9ad080000 - 0x00007ff9ad094000 	C:\WINDOWS\System32\profapi.dll
0x00007ff9a64b0000 - 0x00007ff9a6642000 	C:\WINDOWS\SYSTEM32\dbghelp.dll

VM Arguments:
jvm_args: -Djava.awt.headless=true -Xmx50g -Dfile.encoding=windows-1251 -Duser.country=RU -Duser.language=ru -Duser.variant 
java_command: com.android.dx.command.Main --dex --num-threads=4 --multi-dex --main-dex-list C:\Users\User\Documents\GitHub\iCRM\iCRM\app\build\intermediates\multi-dex\debug\maindexlist.txt --output C:\Users\User\Documents\GitHub\iCRM\iCRM\app\build\intermediates\transforms\dex\debug\folders\1000\1f\main C:\Users\User\Documents\GitHub\iCRM\iCRM\app\build\intermediates\transforms\jarMerging\debug\jars\1\1f\combined.jar
java_class_path (initial): C:\Users\User\AppData\Local\Android\sdk\build-tools\23.0.3\lib\dx.jar
Launcher Type: SUN_STANDARD

Environment Variables:
PATH=C:\ProgramData\Oracle\Java\javapath;C:\Program Files\Broadcom\Broadcom 802.11 Network Adapter;C:\Program Files (x86)\NVIDIA Corporation\PhysX\Common;C:\Program Files (x86)\Intel\iCLS Client\;C:\Program Files\Intel\iCLS Client\;C:\Windows\system32;C:\Windows;C:\Windows\System32\Wbem;C:\Windows\System32\WindowsPowerShell\v1.0\;C:\Program Files\Intel\Intel(R) Management Engine Components\DAL;C:\Program Files\Intel\Intel(R) Management Engine Components\IPT;C:\Program Files (x86)\Intel\Intel(R) Management Engine Components\DAL;C:\Program Files (x86)\Intel\Intel(R) Management Engine Components\IPT;C:\Program Files\WIDCOMM\Bluetooth Software\;C:\Program Files\WIDCOMM\Bluetooth Software\syswow64;C:\Program Files\Acer\Remote Files\;C:\Program Files (x86)\Skype\Phone\;C:\Program Files\OpenVPN\bin;C:\WINDOWS\system32;C:\WINDOWS;C:\WINDOWS\System32\Wbem;C:\WINDOWS\System32\WindowsPowerShell\v1.0\;C:\Users\User\AppData\Local\Microsoft\WindowsApps;
USERNAME=User
OS=Windows_NT
PROCESSOR_IDENTIFIER=Intel64 Family 6 Model 69 Stepping 1, GenuineIntel



---------------  S Y S T E M  ---------------

OS: Windows 8.1 , 64 bit Build 9600 

CPU:total 4 (2 cores per cpu, 2 threads per core) family 6 model 69 stepping 1, cmov, cx8, fxsr, mmx, sse, sse2, sse3, ssse3, sse4.1, sse4.2, popcnt, avx, avx2, aes, clmul, erms, lzcnt, ht, tsc, tscinvbit, bmi1, bmi2

Memory: 4k page, physical 8310040k(921360k free), swap 12406040k(12884k free)

vm_info: Java HotSpot(TM) 64-Bit Server VM (25.20-b23) for windows-amd64 JRE (1.8.0_20-b26), built on Jul 30 2014 13:51:23 by "java_re" with MS VC++ 10.0 (VS2010)

time: Mon Oct 31 11:47:56 2016
elapsed time: 62 seconds (0d 0h 1m 2s)

