#
# There is insufficient memory for the Java Runtime Environment to continue.
# Native memory allocation (malloc) failed to allocate 950736 bytes for Chunk::new
# Possible reasons:
#   The system is out of physical RAM or swap space
#   In 32 bit mode, the process size limit was hit
# Possible solutions:
#   Reduce memory load on the system
#   Increase physical memory or swap space
#   Check if swap backing store is full
#   Use 64 bit Java on a 64 bit OS
#   Decrease Java heap size (-Xmx/-Xms)
#   Decrease number of Java threads
#   Decrease Java thread stack sizes (-Xss)
#   Set larger code cache with -XX:ReservedCodeCacheSize=
# This output file may be truncated or incomplete.
#
#  Out of Memory Error (allocation.cpp:390), pid=4728, tid=11824
#
# JRE version: Java(TM) SE Runtime Environment (8.0_20-b26) (build 1.8.0_20-b26)
# Java VM: Java HotSpot(TM) 64-Bit Server VM (25.20-b23 mixed mode windows-amd64 )
# Failed to write core dump. Minidumps are not enabled by default on client versions of Windows
#

---------------  T H R E A D  ---------------

Current thread (0x0000000023d4d000):  JavaThread "C2 CompilerThread0" daemon [_thread_in_native, id=11824, stack(0x00000000252b0000,0x00000000253b0000)]

Stack: [0x00000000252b0000,0x00000000253b0000]
Native frames: (J=compiled Java code, j=interpreted, Vv=VM code, C=native code)
V  [jvm.dll+0x3152fa]
V  [jvm.dll+0x265d03]
V  [jvm.dll+0x266943]
V  [jvm.dll+0x25e265]
V  [jvm.dll+0xbe255]
V  [jvm.dll+0xbe6fc]
V  [jvm.dll+0x45c472]
V  [jvm.dll+0x49d76f]
V  [jvm.dll+0x451438]
V  [jvm.dll+0x452634]
V  [jvm.dll+0x435fc2]
V  [jvm.dll+0x97b62]
V  [jvm.dll+0x98353]
V  [jvm.dll+0x22aac4]
V  [jvm.dll+0x283f5a]
C  [msvcr100.dll+0x21d9f]
C  [msvcr100.dll+0x21e3b]
C  [KERNEL32.DLL+0x8364]
C  [ntdll.dll+0x65e91]


Current CompileTask:
C2:  38011 3065       4       java.util.concurrent.ThreadPoolExecutor::execute (132 bytes)


---------------  P R O C E S S  ---------------

Java Threads: ( => current thread )
  0x0000000026623800 JavaThread "pool-2-thread-4" [_thread_blocked, id=6260, stack(0x0000000027780000,0x0000000027880000)]
  0x0000000025962000 JavaThread "pool-2-thread-3" [_thread_blocked, id=10540, stack(0x0000000027680000,0x0000000027780000)]
  0x0000000025d81000 JavaThread "pool-2-thread-2" [_thread_blocked, id=12932, stack(0x0000000027580000,0x0000000027680000)]
  0x0000000025c40000 JavaThread "pool-3-thread-1" [_thread_blocked, id=6268, stack(0x0000000027480000,0x0000000027580000)]
  0x0000000025fbb000 JavaThread "pool-2-thread-1" [_thread_blocked, id=9364, stack(0x0000000027380000,0x0000000027480000)]
  0x00000000255dc800 JavaThread "Service Thread" daemon [_thread_blocked, id=10448, stack(0x00000000259b0000,0x0000000025ab0000)]
  0x0000000023d56800 JavaThread "C1 CompilerThread2" daemon [_thread_blocked, id=6544, stack(0x00000000254b0000,0x00000000255b0000)]
  0x0000000023d4f800 JavaThread "C2 CompilerThread1" daemon [_thread_in_native, id=7676, stack(0x00000000253b0000,0x00000000254b0000)]
=>0x0000000023d4d000 JavaThread "C2 CompilerThread0" daemon [_thread_in_native, id=11824, stack(0x00000000252b0000,0x00000000253b0000)]
  0x0000000023d4b800 JavaThread "Attach Listener" daemon [_thread_blocked, id=6996, stack(0x00000000251b0000,0x00000000252b0000)]
  0x0000000023d4a800 JavaThread "Signal Dispatcher" daemon [_thread_blocked, id=3012, stack(0x00000000250b0000,0x00000000251b0000)]
  0x0000000001876000 JavaThread "Finalizer" daemon [_thread_blocked, id=2988, stack(0x0000000024fb0000,0x00000000250b0000)]
  0x000000000186d000 JavaThread "Reference Handler" daemon [_thread_blocked, id=13160, stack(0x0000000024eb0000,0x0000000024fb0000)]
  0x0000000001782800 JavaThread "main" [_thread_in_native, id=8444, stack(0x0000000001650000,0x0000000001750000)]

Other Threads:
  0x0000000023d15800 VMThread [stack: 0x0000000024db0000,0x0000000024eb0000] [id=8316]
  0x00000000255de800 WatcherThread [stack: 0x0000000025ab0000,0x0000000025bb0000] [id=12108]

VM state:not at safepoint (normal execution)

VM Mutex/Monitor currently owned by a thread: None

Heap:
 PSYoungGen      total 812032K, used 649749K [0x00000008d5580000, 0x0000000917280000, 0x0000000d00000000)
  eden space 610816K, 89% used [0x00000008d5580000,0x00000008f6a76278,0x00000008faa00000)
  from space 201216K, 51% used [0x00000008faa00000,0x0000000900f8f3c0,0x0000000906e80000)
  to   space 198656K, 0% used [0x000000090b080000,0x000000090b080000,0x0000000917280000)
 ParOldGen       total 1236480K, used 1065910K [0x0000000080000000, 0x00000000cb780000, 0x00000008d5580000)
  object space 1236480K, 86% used [0x0000000080000000,0x00000000c10edb00,0x00000000cb780000)
 Metaspace       used 6612K, capacity 6920K, committed 7168K, reserved 8192K

Card table byte_map: [0x0000000012400000,0x0000000018810000] byte_map_base: 0x0000000012000000

Marking Bits: (ParMarkBitMap*) 0x00000000772ab460
 Begin Bits: [0x0000000d00000000, 0x0000000d32000000)
 End Bits:   [0x0000000d32000000, 0x0000000d64000000)

Polling page: 0x0000000000ee0000

CodeCache: size=245760Kb used=10781Kb max_used=14699Kb free=234978Kb
 bounds [0x0000000003400000, 0x0000000004270000, 0x0000000012400000]
 total_blobs=2624 nmethods=2358 adapters=179
 compilation: enabled

Compilation events (10 events):
Event: 37.846 Thread 0x0000000023d4d000 3060       4       java.io.FilterInputStream::read (9 bytes)
Event: 37.847 Thread 0x0000000023d4d000 nmethod 3060 0x0000000003b15990 code [0x0000000003b15ae0, 0x0000000003b15b88]
Event: 37.865 Thread 0x0000000023d56800 3061       3       com.android.dx.dex.file.AnnotationUtils::makeCstArray (57 bytes)
Event: 37.866 Thread 0x0000000023d56800 nmethod 3061 0x00000000036d8dd0 code [0x00000000036d9040, 0x00000000036da018]
Event: 37.929 Thread 0x0000000023d4f800 3062       4       java.util.TreeMap$Values::size (8 bytes)
Event: 37.930 Thread 0x0000000023d4f800 nmethod 3062 0x00000000041ffd10 code [0x00000000041ffe40, 0x00000000041ffe98]
Event: 37.931 Thread 0x0000000023d4d000 3063       4       com.android.dx.cf.direct.MemberListParser::<init> (74 bytes)
Event: 37.932 Thread 0x0000000023d4d000 nmethod 3063 0x0000000003b41590 code [0x0000000003b416c0, 0x0000000003b41798]
Event: 37.934 Thread 0x0000000023d4f800 3064       4       java.util.concurrent.AbstractExecutorService::submit (25 bytes)
Event: 37.934 Thread 0x0000000023d4d000 3065       4       java.util.concurrent.ThreadPoolExecutor::execute (132 bytes)

GC Heap History (10 events):
Event: 26.128 GC heap before
{Heap before GC invocations=21 (full 4):
 PSYoungGen      total 712192K, used 625786K [0x00000008d5580000, 0x0000000911580000, 0x0000000d00000000)
  eden space 539136K, 100% used [0x00000008d5580000,0x00000008f6400000,0x00000008f6400000)
  from space 173056K, 50% used [0x00000008f6400000,0x00000008fb89e858,0x0000000900d00000)
  to   space 171008K, 0% used [0x0000000906e80000,0x0000000906e80000,0x0000000911580000)
 ParOldGen       total 768512K, used 634948K [0x0000000080000000, 0x00000000aee80000, 0x00000008d5580000)
  object space 768512K, 82% used [0x0000000080000000,0x00000000a6c110e0,0x00000000aee80000)
 Metaspace       used 6611K, capacity 6920K, committed 7168K, reserved 8192K
Event: 26.355 GC heap after
Heap after GC invocations=21 (full 4):
 PSYoungGen      total 781824K, used 170988K [0x00000008d5580000, 0x0000000913800000, 0x0000000d00000000)
  eden space 610816K, 0% used [0x00000008d5580000,0x00000008d5580000,0x00000008faa00000)
  from space 171008K, 99% used [0x0000000906e80000,0x000000091157b330,0x0000000911580000)
  to   space 201216K, 0% used [0x00000008faa00000,0x00000008faa00000,0x0000000906e80000)
 ParOldGen       total 768512K, used 640092K [0x0000000080000000, 0x00000000aee80000, 0x00000008d5580000)
  object space 768512K, 83% used [0x0000000080000000,0x00000000a71171b8,0x00000000aee80000)
 Metaspace       used 6611K, capacity 6920K, committed 7168K, reserved 8192K
}
Event: 27.826 GC heap before
{Heap before GC invocations=22 (full 4):
 PSYoungGen      total 781824K, used 781804K [0x00000008d5580000, 0x0000000913800000, 0x0000000d00000000)
  eden space 610816K, 100% used [0x00000008d5580000,0x00000008faa00000,0x00000008faa00000)
  from space 171008K, 99% used [0x0000000906e80000,0x000000091157b330,0x0000000911580000)
  to   space 201216K, 0% used [0x00000008faa00000,0x00000008faa00000,0x0000000906e80000)
 ParOldGen       total 768512K, used 640092K [0x0000000080000000, 0x00000000aee80000, 0x00000008d5580000)
  object space 768512K, 83% used [0x0000000080000000,0x00000000a71171b8,0x00000000aee80000)
 Metaspace       used 6611K, capacity 6920K, committed 7168K, reserved 8192K
Event: 28.383 GC heap after
Heap after GC invocations=22 (full 4):
 PSYoungGen      total 781824K, used 781804K [0x00000008d5580000, 0x0000000913800000, 0x0000000d00000000)
  eden space 610816K, 100% used [0x00000008d5580000,0x00000008faa00000,0x00000008faa00000)
  from space 171008K, 99% used [0x0000000906e80000,0x000000091157b330,0x0000000911580000)
  to   space 201216K, 99% used [0x00000008faa00000,0x0000000906e79508,0x0000000906e80000)
 ParOldGen       total 868352K, used 867900K [0x0000000080000000, 0x00000000b5000000, 0x00000008d5580000)
  object space 868352K, 99% used [0x0000000080000000,0x00000000b4f8f388,0x00000000b5000000)
 Metaspace       used 6611K, capacity 6920K, committed 7168K, reserved 8192K
}
Event: 28.383 GC heap before
{Heap before GC invocations=23 (full 5):
 PSYoungGen      total 781824K, used 781804K [0x00000008d5580000, 0x0000000913800000, 0x0000000d00000000)
  eden space 610816K, 100% used [0x00000008d5580000,0x00000008faa00000,0x00000008faa00000)
  from space 171008K, 99% used [0x0000000906e80000,0x000000091157b330,0x0000000911580000)
  to   space 201216K, 99% used [0x00000008faa00000,0x0000000906e79508,0x0000000906e80000)
 ParOldGen       total 868352K, used 867900K [0x0000000080000000, 0x00000000b5000000, 0x00000008d5580000)
  object space 868352K, 99% used [0x0000000080000000,0x00000000b4f8f388,0x00000000b5000000)
 Metaspace       used 6611K, capacity 6920K, committed 7168K, reserved 8192K
Event: 32.237 GC heap after
Heap after GC invocations=23 (full 5):
 PSYoungGen      total 781824K, used 0K [0x00000008d5580000, 0x0000000913800000, 0x0000000d00000000)
  eden space 610816K, 0% used [0x00000008d5580000,0x00000008d5580000,0x00000008faa00000)
  from space 171008K, 0% used [0x0000000906e80000,0x0000000906e80000,0x0000000911580000)
  to   space 201216K, 88% used [0x00000008faa00000,0x0000000905745c88,0x0000000906e80000)
 ParOldGen       total 1236480K, used 868186K [0x0000000080000000, 0x00000000cb780000, 0x00000008d5580000)
  object space 1236480K, 70% used [0x0000000080000000,0x00000000b4fd6828,0x00000000cb780000)
 Metaspace       used 6611K, capacity 6920K, committed 7168K, reserved 8192K
}
Event: 33.868 GC heap before
{Heap before GC invocations=24 (full 6):
 PSYoungGen      total 781824K, used 610816K [0x00000008d5580000, 0x0000000913800000, 0x0000000d00000000)
  eden space 610816K, 100% used [0x00000008d5580000,0x00000008faa00000,0x00000008faa00000)
  from space 171008K, 0% used [0x0000000906e80000,0x0000000906e80000,0x0000000911580000)
  to   space 201216K, 88% used [0x00000008faa00000,0x0000000905745c88,0x0000000906e80000)
 ParOldGen       total 1236480K, used 868186K [0x0000000080000000, 0x00000000cb780000, 0x00000008d5580000)
  object space 1236480K, 70% used [0x0000000080000000,0x00000000b4fd6828,0x00000000cb780000)
 Metaspace       used 6611K, capacity 6920K, committed 7168K, reserved 8192K
Event: 35.689 GC heap after
Heap after GC invocations=24 (full 6):
 PSYoungGen      total 781824K, used 0K [0x00000008d5580000, 0x0000000913800000, 0x0000000d00000000)
  eden space 610816K, 0% used [0x00000008d5580000,0x00000008d5580000,0x00000008faa00000)
  from space 171008K, 0% used [0x0000000906e80000,0x0000000906e80000,0x0000000911580000)
  to   space 201216K, 0% used [0x00000008faa00000,0x00000008faa00000,0x0000000906e80000)
 ParOldGen       total 1236480K, used 1065910K [0x0000000080000000, 0x00000000cb780000, 0x00000008d5580000)
  object space 1236480K, 86% used [0x0000000080000000,0x00000000c10edb00,0x00000000cb780000)
 Metaspace       used 6611K, capacity 6920K, committed 7168K, reserved 8192K
}
Event: 36.863 GC heap before
{Heap before GC invocations=25 (full 6):
 PSYoungGen      total 781824K, used 610816K [0x00000008d5580000, 0x0000000913800000, 0x0000000d00000000)
  eden space 610816K, 100% used [0x00000008d5580000,0x00000008faa00000,0x00000008faa00000)
  from space 171008K, 0% used [0x0000000906e80000,0x0000000906e80000,0x0000000911580000)
  to   space 201216K, 0% used [0x00000008faa00000,0x00000008faa00000,0x0000000906e80000)
 ParOldGen       total 1236480K, used 1065910K [0x0000000080000000, 0x00000000cb780000, 0x00000008d5580000)
  object space 1236480K, 86% used [0x0000000080000000,0x00000000c10edb00,0x00000000cb780000)
 Metaspace       used 6611K, capacity 6920K, committed 7168K, reserved 8192K
Event: 36.955 GC heap after
Heap after GC invocations=25 (full 6):
 PSYoungGen      total 812032K, used 103996K [0x00000008d5580000, 0x0000000917280000, 0x0000000d00000000)
  eden space 610816K, 0% used [0x00000008d5580000,0x00000008d5580000,0x00000008faa00000)
  from space 201216K, 51% used [0x00000008faa00000,0x0000000900f8f3c0,0x0000000906e80000)
  to   space 198656K, 0% used [0x000000090b080000,0x000000090b080000,0x0000000917280000)
 ParOldGen       total 1236480K, used 1065910K [0x0000000080000000, 0x00000000cb780000, 0x00000008d5580000)
  object space 1236480K, 86% used [0x0000000080000000,0x00000000c10edb00,0x00000000cb780000)
 Metaspace       used 6611K, capacity 6920K, committed 7168K, reserved 8192K
}

Deoptimization events (10 events):
Event: 32.529 Thread 0x0000000025962000 Uncommon trap: reason=predicate action=maybe_recompile pc=0x0000000003f22b88 method=com.android.dx.ssa.back.InterferenceGraph.<init>(I)V @ 23
Event: 32.601 Thread 0x0000000025d81000 Uncommon trap: reason=class_check action=maybe_recompile pc=0x0000000003df105c method=com.android.dx.ssa.back.InterferenceGraph.mergeInterferenceSet(ILcom/android/dx/util/IntSet;)V @ 20
Event: 32.601 Thread 0x0000000025d81000 Uncommon trap: reason=class_check action=maybe_recompile pc=0x00000000040b6bbc method=com.android.dx.util.BitIntSet.merge(Lcom/android/dx/util/IntSet;)V @ 1
Event: 32.602 Thread 0x0000000025d81000 Uncommon trap: reason=class_check action=maybe_recompile pc=0x0000000003df105c method=com.android.dx.ssa.back.InterferenceGraph.mergeInterferenceSet(ILcom/android/dx/util/IntSet;)V @ 20
Event: 32.602 Thread 0x0000000025d81000 Uncommon trap: reason=class_check action=maybe_recompile pc=0x00000000040b6bbc method=com.android.dx.util.BitIntSet.merge(Lcom/android/dx/util/IntSet;)V @ 1
Event: 32.602 Thread 0x0000000025d81000 Uncommon trap: reason=class_check action=maybe_recompile pc=0x0000000003df105c method=com.android.dx.ssa.back.InterferenceGraph.mergeInterferenceSet(ILcom/android/dx/util/IntSet;)V @ 20
Event: 32.602 Thread 0x0000000025d81000 Uncommon trap: reason=class_check action=maybe_recompile pc=0x00000000040b6bbc method=com.android.dx.util.BitIntSet.merge(Lcom/android/dx/util/IntSet;)V @ 1
Event: 32.669 Thread 0x0000000025d81000 Uncommon trap: reason=class_check action=maybe_recompile pc=0x0000000003df105c method=com.android.dx.ssa.back.InterferenceGraph.mergeInterferenceSet(ILcom/android/dx/util/IntSet;)V @ 20
Event: 32.669 Thread 0x0000000025d81000 Uncommon trap: reason=class_check action=maybe_recompile pc=0x00000000040b6bbc method=com.android.dx.util.BitIntSet.merge(Lcom/android/dx/util/IntSet;)V @ 1
Event: 37.051 Thread 0x0000000025962000 Uncommon trap: reason=null_check action=make_not_entrant pc=0x0000000004090f50 method=com.android.dx.rop.cst.CstKnownNull.equals(Ljava/lang/Object;)Z @ 1

Internal exceptions (10 events):
Event: 5.372 Thread 0x0000000001782800 Implicit null exception at 0x0000000003c8a2dc to 0x0000000003c93975
Event: 10.990 Thread 0x0000000001782800 Exception <a 'java/security/PrivilegedActionException'> (0x00000008e35f54e8) thrown at [D:\re\workspace\8-2-build-windows-amd64-cygwin\jdk8u20\1074\hotspot\src\share\vm\prims\jvm.cpp, line 1275]
Event: 10.993 Thread 0x0000000001782800 Implicit null exception at 0x00000000035ab3a8 to 0x00000000035ab999
Event: 13.184 Thread 0x0000000025d81000 Implicit null exception at 0x0000000003f3cb35 to 0x0000000003f3fa3d
Event: 15.542 Thread 0x0000000001782800 Exception <a 'java/security/PrivilegedActionException'> (0x00000008db3fcbc8) thrown at [D:\re\workspace\8-2-build-windows-amd64-cygwin\jdk8u20\1074\hotspot\src\share\vm\prims\jvm.cpp, line 1275]
Event: 15.738 Thread 0x0000000025fbb000 Exception <a 'java/security/PrivilegedActionException'> (0x00000008dde0ca10) thrown at [D:\re\workspace\8-2-build-windows-amd64-cygwin\jdk8u20\1074\hotspot\src\share\vm\prims\jvm.cpp, line 1275]
Event: 16.190 Thread 0x0000000001782800 Exception <a 'java/security/PrivilegedActionException'> (0x00000008e7b840f8) thrown at [D:\re\workspace\8-2-build-windows-amd64-cygwin\jdk8u20\1074\hotspot\src\share\vm\prims\jvm.cpp, line 1275]
Event: 24.291 Thread 0x0000000025962000 Exception <a 'java/security/PrivilegedActionException'> (0x00000008ed5d1ce0) thrown at [D:\re\workspace\8-2-build-windows-amd64-cygwin\jdk8u20\1074\hotspot\src\share\vm\prims\jvm.cpp, line 1275]
Event: 24.309 Thread 0x0000000025962000 Exception <a 'java/security/PrivilegedActionException'> (0x00000008ed667228) thrown at [D:\re\workspace\8-2-build-windows-amd64-cygwin\jdk8u20\1074\hotspot\src\share\vm\prims\jvm.cpp, line 1275]
Event: 37.051 Thread 0x0000000025962000 Implicit null exception at 0x0000000004090f1c to 0x0000000004090f44

Events (10 events):
Event: 33.169 Thread 0x0000000001782800 DEOPT UNPACKING pc=0x00000000034475bf sp=0x000000000174e310 mode 0
Event: 33.249 Thread 0x0000000001782800 DEOPT PACKING pc=0x0000000003835951 sp=0x000000000174e4e0
Event: 33.249 Thread 0x0000000001782800 DEOPT UNPACKING pc=0x00000000034475bf sp=0x000000000174e310 mode 0
Event: 33.865 Executing VM operation: ParallelGCFailedAllocation
Event: 35.689 Executing VM operation: ParallelGCFailedAllocation done
Event: 36.863 Executing VM operation: ParallelGCFailedAllocation
Event: 36.955 Executing VM operation: ParallelGCFailedAllocation done
Event: 37.051 Thread 0x0000000025962000 Uncommon trap: trap_request=0xfffffff4 fr.pc=0x0000000004090f50
Event: 37.051 Thread 0x0000000025962000 DEOPT PACKING pc=0x0000000004090f50 sp=0x000000002777edc0
Event: 37.051 Thread 0x0000000025962000 DEOPT UNPACKING pc=0x000000000344556a sp=0x000000002777ed48 mode 2


Dynamic libraries:
0x00007ff608380000 - 0x00007ff6083b4000 	C:\Program Files\Java\jdk1.8.0_20\bin\java.exe
0x00007ffd3f9f0000 - 0x00007ffd3fbc1000 	C:\WINDOWS\SYSTEM32\ntdll.dll
0x00007ffd3ee50000 - 0x00007ffd3eefb000 	C:\WINDOWS\System32\KERNEL32.DLL
0x00007ffd3c940000 - 0x00007ffd3cb5d000 	C:\WINDOWS\System32\KERNELBASE.dll
0x00007ffd3d2d0000 - 0x00007ffd3d372000 	C:\WINDOWS\System32\ADVAPI32.dll
0x00007ffd3f8c0000 - 0x00007ffd3f95e000 	C:\WINDOWS\System32\msvcrt.dll
0x00007ffd3f990000 - 0x00007ffd3f9e9000 	C:\WINDOWS\System32\sechost.dll
0x00007ffd3f400000 - 0x00007ffd3f521000 	C:\WINDOWS\System32\RPCRT4.dll
0x00007ffd3d430000 - 0x00007ffd3d595000 	C:\WINDOWS\System32\USER32.dll
0x00007ffd3cd90000 - 0x00007ffd3cdae000 	C:\WINDOWS\System32\win32u.dll
0x00007ffd3d380000 - 0x00007ffd3d3b4000 	C:\WINDOWS\System32\GDI32.dll
0x00007ffd3bf30000 - 0x00007ffd3c0b2000 	C:\WINDOWS\System32\gdi32full.dll
0x00007ffd389f0000 - 0x00007ffd38c69000 	C:\WINDOWS\WinSxS\amd64_microsoft.windows.common-controls_6595b64144ccf1df_6.0.14393.0_none_2d0f50fcbdb171b8\COMCTL32.dll
0x00007ffd3f5d0000 - 0x00007ffd3f897000 	C:\WINDOWS\System32\combase.dll
0x00007ffd3c0c0000 - 0x00007ffd3c1b5000 	C:\WINDOWS\System32\ucrtbase.dll
0x00007ffd3ccc0000 - 0x00007ffd3cd2a000 	C:\WINDOWS\System32\bcryptPrimitives.dll
0x00007ffd3f960000 - 0x00007ffd3f98e000 	C:\WINDOWS\System32\IMM32.DLL
0x0000000077330000 - 0x0000000077402000 	C:\Program Files\Java\jdk1.8.0_20\jre\bin\msvcr100.dll
0x0000000076ad0000 - 0x0000000077328000 	C:\Program Files\Java\jdk1.8.0_20\jre\bin\server\jvm.dll
0x00007ffd3ef60000 - 0x00007ffd3ef68000 	C:\WINDOWS\System32\PSAPI.DLL
0x00007ffd3a390000 - 0x00007ffd3a3b3000 	C:\WINDOWS\SYSTEM32\WINMM.dll
0x00007ffd2fef0000 - 0x00007ffd2fef9000 	C:\WINDOWS\SYSTEM32\WSOCK32.dll
0x00007ffd3d3c0000 - 0x00007ffd3d42a000 	C:\WINDOWS\System32\WS2_32.dll
0x0000000001480000 - 0x00000000014ab000 	C:\WINDOWS\SYSTEM32\WINMMBASE.dll
0x00007ffd3bee0000 - 0x00007ffd3bf22000 	C:\WINDOWS\System32\cfgmgr32.dll
0x0000000050010000 - 0x000000005001f000 	C:\Program Files\Java\jdk1.8.0_20\jre\bin\verify.dll
0x0000000077fd0000 - 0x0000000077ff8000 	C:\Program Files\Java\jdk1.8.0_20\jre\bin\java.dll
0x0000000077fb0000 - 0x0000000077fc6000 	C:\Program Files\Java\jdk1.8.0_20\jre\bin\zip.dll
0x00007ffd3d6e0000 - 0x00007ffd3ebe8000 	C:\WINDOWS\System32\SHELL32.dll
0x00007ffd3c1c0000 - 0x00007ffd3c89a000 	C:\WINDOWS\System32\windows.storage.dll
0x00007ffd3be80000 - 0x00007ffd3becc000 	C:\WINDOWS\System32\powrprof.dll
0x00007ffd3ef00000 - 0x00007ffd3ef52000 	C:\WINDOWS\System32\shlwapi.dll
0x00007ffd3bed0000 - 0x00007ffd3bedf000 	C:\WINDOWS\System32\kernel.appcore.dll
0x00007ffd3cb60000 - 0x00007ffd3cc09000 	C:\WINDOWS\System32\shcore.dll
0x00007ffd3be50000 - 0x00007ffd3be64000 	C:\WINDOWS\System32\profapi.dll
0x00007ffd2d520000 - 0x00007ffd2d6b2000 	C:\WINDOWS\SYSTEM32\dbghelp.dll

VM Arguments:
jvm_args: -Djava.awt.headless=true -Xmx50g -Dfile.encoding=windows-1251 -Duser.country=RU -Duser.language=ru -Duser.variant 
java_command: com.android.dx.command.Main --dex --num-threads=4 --multi-dex --main-dex-list C:\Users\User\Documents\GitHub\iCRM\iCRM\app\build\intermediates\multi-dex\debug\maindexlist.txt --output C:\Users\User\Documents\GitHub\iCRM\iCRM\app\build\intermediates\transforms\dex\debug\folders\1000\1f\main C:\Users\User\Documents\GitHub\iCRM\iCRM\app\build\intermediates\transforms\jarMerging\debug\jars\1\1f\combined.jar
java_class_path (initial): C:\Users\User\AppData\Local\Android\sdk\build-tools\23.0.3\lib\dx.jar
Launcher Type: SUN_STANDARD

Environment Variables:
PATH=C:\ProgramData\Oracle\Java\javapath;C:\Program Files\Broadcom\Broadcom 802.11 Network Adapter;C:\Program Files (x86)\NVIDIA Corporation\PhysX\Common;C:\Program Files (x86)\Intel\iCLS Client\;C:\Program Files\Intel\iCLS Client\;C:\Windows\system32;C:\Windows;C:\Windows\System32\Wbem;C:\Windows\System32\WindowsPowerShell\v1.0\;C:\Program Files\Intel\Intel(R) Management Engine Components\DAL;C:\Program Files\Intel\Intel(R) Management Engine Components\IPT;C:\Program Files (x86)\Intel\Intel(R) Management Engine Components\DAL;C:\Program Files (x86)\Intel\Intel(R) Management Engine Components\IPT;C:\Program Files\WIDCOMM\Bluetooth Software\;C:\Program Files\WIDCOMM\Bluetooth Software\syswow64;C:\Program Files\Acer\Remote Files\;C:\Program Files (x86)\Skype\Phone\;C:\Program Files\OpenVPN\bin;C:\WINDOWS\system32;C:\WINDOWS;C:\WINDOWS\System32\Wbem;C:\WINDOWS\System32\WindowsPowerShell\v1.0\;C:\Users\User\AppData\Local\Microsoft\WindowsApps;
USERNAME=User
OS=Windows_NT
PROCESSOR_IDENTIFIER=Intel64 Family 6 Model 69 Stepping 1, GenuineIntel



---------------  S Y S T E M  ---------------

OS: Windows 8.1 , 64 bit Build 9600 

CPU:total 4 (2 cores per cpu, 2 threads per core) family 6 model 69 stepping 1, cmov, cx8, fxsr, mmx, sse, sse2, sse3, ssse3, sse4.1, sse4.2, popcnt, avx, avx2, aes, clmul, erms, lzcnt, ht, tsc, tscinvbit, bmi1, bmi2

Memory: 4k page, physical 8310040k(982124k free), swap 12406040k(5832k free)

vm_info: Java HotSpot(TM) 64-Bit Server VM (25.20-b23) for windows-amd64 JRE (1.8.0_20-b26), built on Jul 30 2014 13:51:23 by "java_re" with MS VC++ 10.0 (VS2010)

time: Tue Oct 18 20:34:32 2016
elapsed time: 38 seconds (0d 0h 0m 38s)

