#
# There is insufficient memory for the Java Runtime Environment to continue.
# Native memory allocation (malloc) failed to allocate 1740096 bytes for Chunk::new
# Possible reasons:
#   The system is out of physical RAM or swap space
#   In 32 bit mode, the process size limit was hit
# Possible solutions:
#   Reduce memory load on the system
#   Increase physical memory or swap space
#   Check if swap backing store is full
#   Use 64 bit Java on a 64 bit OS
#   Decrease Java heap size (-Xmx/-Xms)
#   Decrease number of Java threads
#   Decrease Java thread stack sizes (-Xss)
#   Set larger code cache with -XX:ReservedCodeCacheSize=
# This output file may be truncated or incomplete.
#
#  Out of Memory Error (allocation.cpp:390), pid=12416, tid=10420
#
# JRE version: Java(TM) SE Runtime Environment (8.0_20-b26) (build 1.8.0_20-b26)
# Java VM: Java HotSpot(TM) 64-Bit Server VM (25.20-b23 mixed mode windows-amd64 )
# Failed to write core dump. Minidumps are not enabled by default on client versions of Windows
#

---------------  T H R E A D  ---------------

Current thread (0x000000002385c000):  JavaThread "C2 CompilerThread0" daemon [_thread_in_native, id=10420, stack(0x0000000024cc0000,0x0000000024dc0000)]

Stack: [0x0000000024cc0000,0x0000000024dc0000]
Native frames: (J=compiled Java code, j=interpreted, Vv=VM code, C=native code)
V  [jvm.dll+0x3152fa]
V  [jvm.dll+0x265d03]
V  [jvm.dll+0x266943]
V  [jvm.dll+0x25e265]
V  [jvm.dll+0xbe255]
V  [jvm.dll+0xbe6fc]
V  [jvm.dll+0x45c472]
V  [jvm.dll+0x49d76f]
V  [jvm.dll+0x451438]
V  [jvm.dll+0x452634]
V  [jvm.dll+0x435fc2]
V  [jvm.dll+0x97b62]
V  [jvm.dll+0x98353]
V  [jvm.dll+0x22aac4]
V  [jvm.dll+0x283f5a]
C  [msvcr100.dll+0x21d9f]
C  [msvcr100.dll+0x21e3b]
C  [KERNEL32.DLL+0x8364]
C  [ntdll.dll+0x670d1]


Current CompileTask:
C2:  42267 3290   !   4       com.android.dx.cf.code.Ropper::processBlock (1101 bytes)


---------------  P R O C E S S  ---------------

Java Threads: ( => current thread )
  0x0000000025a36000 JavaThread "pool-1-thread-1" [_thread_blocked, id=6728, stack(0x0000000029230000,0x0000000029330000)]
  0x000000002585b800 JavaThread "pool-2-thread-4" [_thread_blocked, id=6392, stack(0x0000000027190000,0x0000000027290000)]
  0x000000002585b000 JavaThread "pool-2-thread-3" [_thread_blocked, id=14124, stack(0x0000000027090000,0x0000000027190000)]
  0x0000000025692800 JavaThread "pool-2-thread-2" [_thread_blocked, id=12252, stack(0x0000000026f90000,0x0000000027090000)]
  0x0000000025691800 JavaThread "pool-3-thread-1" [_thread_blocked, id=5000, stack(0x0000000026e90000,0x0000000026f90000)]
  0x0000000025739000 JavaThread "pool-2-thread-1" [_thread_blocked, id=11572, stack(0x0000000026d90000,0x0000000026e90000)]
  0x0000000024ff8800 JavaThread "Service Thread" daemon [_thread_blocked, id=10700, stack(0x00000000253c0000,0x00000000254c0000)]
  0x000000002386e800 JavaThread "C1 CompilerThread2" daemon [_thread_blocked, id=9768, stack(0x0000000024ec0000,0x0000000024fc0000)]
  0x000000002385e800 JavaThread "C2 CompilerThread1" daemon [_thread_in_native, id=12316, stack(0x0000000024dc0000,0x0000000024ec0000)]
=>0x000000002385c000 JavaThread "C2 CompilerThread0" daemon [_thread_in_native, id=10420, stack(0x0000000024cc0000,0x0000000024dc0000)]
  0x000000002385a800 JavaThread "Attach Listener" daemon [_thread_blocked, id=12052, stack(0x0000000024bc0000,0x0000000024cc0000)]
  0x0000000023859800 JavaThread "Signal Dispatcher" daemon [_thread_blocked, id=11584, stack(0x0000000024ac0000,0x0000000024bc0000)]
  0x0000000001224800 JavaThread "Finalizer" daemon [_thread_blocked, id=11940, stack(0x00000000249c0000,0x0000000024ac0000)]
  0x000000000121b800 JavaThread "Reference Handler" daemon [_thread_blocked, id=6444, stack(0x00000000248c0000,0x00000000249c0000)]
  0x0000000001132800 JavaThread "main" [_thread_blocked, id=13868, stack(0x0000000001030000,0x0000000001130000)]

Other Threads:
  0x0000000023825800 VMThread [stack: 0x00000000247c0000,0x00000000248c0000] [id=10120]
  0x00000000238be800 WatcherThread [stack: 0x00000000254c0000,0x00000000255c0000] [id=5312]

VM state:at safepoint (normal execution)

VM Mutex/Monitor currently owned by a thread:  ([mutex/lock_event])
[0x0000000000c4c030] Threads_lock - owner thread: 0x0000000023825800
[0x0000000000c4ca30] Heap_lock - owner thread: 0x000000002585b800

Heap:
 PSYoungGen      total 1373184K, used 1181045K [0x00000008d5580000, 0x0000000957500000, 0x0000000d00000000)
  eden space 789504K, 100% used [0x00000008d5580000,0x0000000905880000,0x0000000905880000)
  from space 583680K, 67% used [0x0000000905880000,0x000000091d6dd5d0,0x0000000929280000)
  to   space 608256K, 21% used [0x0000000932300000,0x000000093a08f670,0x0000000957500000)
 ParOldGen       total 1360896K, used 951152K [0x0000000080000000, 0x00000000d3100000, 0x00000008d5580000)
  object space 1360896K, 69% used [0x0000000080000000,0x00000000ba0dc370,0x00000000d3100000)
 Metaspace       used 6728K, capacity 6984K, committed 7168K, reserved 8192K

Card table byte_map: [0x0000000012400000,0x0000000018810000] byte_map_base: 0x0000000012000000

Marking Bits: (ParMarkBitMap*) 0x000000006146b460
 Begin Bits: [0x0000000d00000000, 0x0000000d32000000)
 End Bits:   [0x0000000d32000000, 0x0000000d64000000)

Polling page: 0x0000000000c30000

CodeCache: size=245760Kb used=10816Kb max_used=14477Kb free=234943Kb
 bounds [0x0000000003400000, 0x0000000004240000, 0x0000000012400000]
 total_blobs=2622 nmethods=2356 adapters=179
 compilation: enabled

Compilation events (10 events):
Event: 41.809 Thread 0x000000002385e800 nmethod 3293 0x000000000382cb50 code [0x000000000382cd20, 0x000000000382d5b8]
Event: 41.809 Thread 0x000000002385e800 3292   !   4       com.android.dx.cf.code.BytecodeArray::parseInstruction (2764 bytes)
Event: 41.856 Thread 0x000000002386e800 3318       3       com.android.dx.cf.code.Ropper$LabelAllocator::getNextLabel (12 bytes)
Event: 41.856 Thread 0x000000002386e800 nmethod 3318 0x0000000003ffe850 code [0x0000000003ffe9a0, 0x0000000003ffeaf0]
Event: 41.856 Thread 0x000000002386e800 3319       3       com.android.dx.cf.code.Ropper$SubroutineInliner::copyBlock (269 bytes)
Event: 41.859 Thread 0x000000002386e800 nmethod 3319 0x00000000037ee050 code [0x00000000037ee440, 0x00000000037f05d8]
Event: 41.923 Thread 0x000000002386e800 3320       3       com.android.dx.rop.cst.CstDouble::make (9 bytes)
Event: 41.923 Thread 0x000000002386e800 nmethod 3320 0x000000000363d450 code [0x000000000363d5e0, 0x000000000363d990]
Event: 41.923 Thread 0x000000002386e800 3321       3       com.android.dx.rop.cst.CstDouble::<init> (6 bytes)
Event: 41.924 Thread 0x000000002386e800 nmethod 3321 0x0000000003d07c10 code [0x0000000003d07d80, 0x0000000003d080b0]

GC Heap History (10 events):
Event: 30.562 GC heap before
{Heap before GC invocations=24 (full 4):
 PSYoungGen      total 1095680K, used 1095675K [0x00000008d5580000, 0x000000093f980000, 0x0000000d00000000)
  eden space 710656K, 100% used [0x00000008d5580000,0x0000000900b80000,0x0000000900b80000)
  from space 385024K, 99% used [0x0000000900b80000,0x000000091837ed28,0x0000000918380000)
  to   space 466432K, 0% used [0x0000000923200000,0x0000000923200000,0x000000093f980000)
 ParOldGen       total 896000K, used 638683K [0x0000000080000000, 0x00000000b6b00000, 0x00000008d5580000)
  object space 896000K, 71% used [0x0000000080000000,0x00000000a6fb6ff0,0x00000000b6b00000)
 Metaspace       used 6584K, capacity 6920K, committed 7168K, reserved 8192K
Event: 31.046 GC heap after
Heap after GC invocations=24 (full 4):
 PSYoungGen      total 1150464K, used 466426K [0x00000008d5580000, 0x000000094f880000, 0x0000000d00000000)
  eden space 684032K, 0% used [0x00000008d5580000,0x00000008d5580000,0x00000008ff180000)
  from space 466432K, 99% used [0x0000000923200000,0x000000093f97eab8,0x000000093f980000)
  to   space 590336K, 0% used [0x00000008ff180000,0x00000008ff180000,0x0000000923200000)
 ParOldGen       total 896000K, used 757082K [0x0000000080000000, 0x00000000b6b00000, 0x00000008d5580000)
  object space 896000K, 84% used [0x0000000080000000,0x00000000ae3568d0,0x00000000b6b00000)
 Metaspace       used 6584K, capacity 6920K, committed 7168K, reserved 8192K
}
Event: 31.955 GC heap before
{Heap before GC invocations=25 (full 4):
 PSYoungGen      total 1150464K, used 1150458K [0x00000008d5580000, 0x000000094f880000, 0x0000000d00000000)
  eden space 684032K, 100% used [0x00000008d5580000,0x00000008ff180000,0x00000008ff180000)
  from space 466432K, 99% used [0x0000000923200000,0x000000093f97eab8,0x000000093f980000)
  to   space 590336K, 0% used [0x00000008ff180000,0x00000008ff180000,0x0000000923200000)
 ParOldGen       total 896000K, used 757082K [0x0000000080000000, 0x00000000b6b00000, 0x00000008d5580000)
  object space 896000K, 84% used [0x0000000080000000,0x00000000ae3568d0,0x00000000b6b00000)
 Metaspace       used 6584K, capacity 6920K, committed 7168K, reserved 8192K
Event: 32.500 GC heap after
Heap after GC invocations=25 (full 4):
 PSYoungGen      total 1274368K, used 351721K [0x00000008d5580000, 0x0000000950780000, 0x0000000d00000000)
  eden space 684032K, 0% used [0x00000008d5580000,0x00000008d5580000,0x00000008ff180000)
  from space 590336K, 59% used [0x00000008ff180000,0x00000009148fa6a0,0x0000000923200000)
  to   space 604160K, 0% used [0x000000092b980000,0x000000092b980000,0x0000000950780000)
 ParOldGen       total 951296K, used 950852K [0x0000000080000000, 0x00000000ba100000, 0x00000008d5580000)
  object space 951296K, 99% used [0x0000000080000000,0x00000000ba091058,0x00000000ba100000)
 Metaspace       used 6584K, capacity 6920K, committed 7168K, reserved 8192K
}
Event: 32.500 GC heap before
{Heap before GC invocations=26 (full 5):
 PSYoungGen      total 1274368K, used 351721K [0x00000008d5580000, 0x0000000950780000, 0x0000000d00000000)
  eden space 684032K, 0% used [0x00000008d5580000,0x00000008d5580000,0x00000008ff180000)
  from space 590336K, 59% used [0x00000008ff180000,0x00000009148fa6a0,0x0000000923200000)
  to   space 604160K, 0% used [0x000000092b980000,0x000000092b980000,0x0000000950780000)
 ParOldGen       total 951296K, used 950852K [0x0000000080000000, 0x00000000ba100000, 0x00000008d5580000)
  object space 951296K, 99% used [0x0000000080000000,0x00000000ba091058,0x00000000ba100000)
 Metaspace       used 6584K, capacity 6920K, committed 7168K, reserved 8192K
Event: 37.191 GC heap after
Heap after GC invocations=26 (full 5):
 PSYoungGen      total 1274368K, used 157581K [0x00000008d5580000, 0x0000000950780000, 0x0000000d00000000)
  eden space 684032K, 0% used [0x00000008d5580000,0x00000008d5580000,0x00000008ff180000)
  from space 590336K, 26% used [0x00000008ff180000,0x0000000908b635a0,0x0000000923200000)
  to   space 604160K, 0% used [0x000000092b980000,0x000000092b980000,0x0000000950780000)
 ParOldGen       total 1360896K, used 951144K [0x0000000080000000, 0x00000000d3100000, 0x00000008d5580000)
  object space 1360896K, 69% used [0x0000000080000000,0x00000000ba0da370,0x00000000d3100000)
 Metaspace       used 6584K, capacity 6920K, committed 7168K, reserved 8192K
}
Event: 38.336 GC heap before
{Heap before GC invocations=27 (full 5):
 PSYoungGen      total 1274368K, used 841613K [0x00000008d5580000, 0x0000000950780000, 0x0000000d00000000)
  eden space 684032K, 100% used [0x00000008d5580000,0x00000008ff180000,0x00000008ff180000)
  from space 590336K, 26% used [0x00000008ff180000,0x0000000908b635a0,0x0000000923200000)
  to   space 604160K, 0% used [0x000000092b980000,0x000000092b980000,0x0000000950780000)
 ParOldGen       total 1360896K, used 951144K [0x0000000080000000, 0x00000000d3100000, 0x00000008d5580000)
  object space 1360896K, 69% used [0x0000000080000000,0x00000000ba0da370,0x00000000d3100000)
 Metaspace       used 6653K, capacity 6920K, committed 7168K, reserved 8192K
Event: 38.836 GC heap after
Heap after GC invocations=27 (full 5):
 PSYoungGen      total 1333248K, used 272097K [0x00000008d5580000, 0x000000094cc80000, 0x0000000d00000000)
  eden space 789504K, 0% used [0x00000008d5580000,0x00000008d5580000,0x0000000905880000)
  from space 543744K, 50% used [0x000000092b980000,0x000000093c3384c0,0x000000094cc80000)
  to   space 583680K, 0% used [0x0000000905880000,0x0000000905880000,0x0000000929280000)
 ParOldGen       total 1360896K, used 951152K [0x0000000080000000, 0x00000000d3100000, 0x00000008d5580000)
  object space 1360896K, 69% used [0x0000000080000000,0x00000000ba0dc370,0x00000000d3100000)
 Metaspace       used 6653K, capacity 6920K, committed 7168K, reserved 8192K
}
Event: 40.434 GC heap before
{Heap before GC invocations=28 (full 5):
 PSYoungGen      total 1333248K, used 1061601K [0x00000008d5580000, 0x000000094cc80000, 0x0000000d00000000)
  eden space 789504K, 100% used [0x00000008d5580000,0x0000000905880000,0x0000000905880000)
  from space 543744K, 50% used [0x000000092b980000,0x000000093c3384c0,0x000000094cc80000)
  to   space 583680K, 0% used [0x0000000905880000,0x0000000905880000,0x0000000929280000)
 ParOldGen       total 1360896K, used 951152K [0x0000000080000000, 0x00000000d3100000, 0x00000008d5580000)
  object space 1360896K, 69% used [0x0000000080000000,0x00000000ba0dc370,0x00000000d3100000)
 Metaspace       used 6691K, capacity 6920K, committed 7168K, reserved 8192K
Event: 40.837 GC heap after
Heap after GC invocations=28 (full 5):
 PSYoungGen      total 1373184K, used 391541K [0x00000008d5580000, 0x0000000957500000, 0x0000000d00000000)
  eden space 789504K, 0% used [0x00000008d5580000,0x00000008d5580000,0x0000000905880000)
  from space 583680K, 67% used [0x0000000905880000,0x000000091d6dd5d0,0x0000000929280000)
  to   space 608256K, 0% used [0x0000000932300000,0x0000000932300000,0x0000000957500000)
 ParOldGen       total 1360896K, used 951152K [0x0000000080000000, 0x00000000d3100000, 0x00000008d5580000)
  object space 1360896K, 69% used [0x0000000080000000,0x00000000ba0dc370,0x00000000d3100000)
 Metaspace       used 6691K, capacity 6920K, committed 7168K, reserved 8192K
}

Deoptimization events (10 events):
Event: 41.441 Thread 0x000000002585b000 Uncommon trap: reason=class_check action=maybe_recompile pc=0x0000000003fb349c method=com.android.dx.cf.code.BaseMachine.localArg(Lcom/android/dx/cf/code/Frame;I)V @ 14
Event: 41.618 Thread 0x000000002585b000 Uncommon trap: reason=class_check action=maybe_recompile pc=0x0000000003bbb92c method=com.android.dx.cf.code.BaseMachine.storeResults(Lcom/android/dx/cf/code/Frame;)V @ 41
Event: 41.736 Thread 0x000000002585b000 Uncommon trap: reason=bimorphic action=maybe_recompile pc=0x00000000040422fc method=com.android.dx.cf.code.BytecodeArray.parseInstruction(ILcom/android/dx/cf/code/BytecodeArray$Visitor;)I @ 1987
Event: 41.737 Thread 0x000000002585b000 Uncommon trap: reason=bimorphic action=maybe_recompile pc=0x00000000040422fc method=com.android.dx.cf.code.BytecodeArray.parseInstruction(ILcom/android/dx/cf/code/BytecodeArray$Visitor;)I @ 1987
Event: 41.741 Thread 0x000000002585b000 Uncommon trap: reason=class_check action=maybe_recompile pc=0x0000000003bbb92c method=com.android.dx.cf.code.BaseMachine.storeResults(Lcom/android/dx/cf/code/Frame;)V @ 41
Event: 41.748 Thread 0x0000000025739000 Uncommon trap: reason=class_check action=maybe_recompile pc=0x0000000003b17ec8 method=com.android.dx.cf.code.OneLocalsArray.merge(Lcom/android/dx/cf/code/LocalsArray;)Lcom/android/dx/cf/code/LocalsArray; @ 1
Event: 41.748 Thread 0x0000000025739000 Uncommon trap: reason=class_check action=maybe_recompile pc=0x0000000003b17ec8 method=com.android.dx.cf.code.OneLocalsArray.merge(Lcom/android/dx/cf/code/LocalsArray;)Lcom/android/dx/cf/code/LocalsArray; @ 1
Event: 41.749 Thread 0x0000000025739000 Uncommon trap: reason=class_check action=maybe_recompile pc=0x0000000003b17ec8 method=com.android.dx.cf.code.OneLocalsArray.merge(Lcom/android/dx/cf/code/LocalsArray;)Lcom/android/dx/cf/code/LocalsArray; @ 1
Event: 41.762 Thread 0x0000000025739000 Uncommon trap: reason=class_check action=maybe_recompile pc=0x0000000003b17ec8 method=com.android.dx.cf.code.OneLocalsArray.merge(Lcom/android/dx/cf/code/LocalsArray;)Lcom/android/dx/cf/code/LocalsArray; @ 1
Event: 41.763 Thread 0x0000000025739000 Uncommon trap: reason=class_check action=maybe_recompile pc=0x0000000003873bc0 method=com.android.dx.cf.code.OneLocalsArray.merge(Lcom/android/dx/cf/code/LocalsArray;)Lcom/android/dx/cf/code/LocalsArray; @ 1

Internal exceptions (10 events):
Event: 31.533 Thread 0x0000000025739000 Implicit null exception at 0x0000000004004d9c to 0x0000000004004dc4
Event: 37.825 Thread 0x0000000001132800 Exception <a 'java/security/PrivilegedActionException'> (0x00000008ed1bfc10) thrown at [D:\re\workspace\8-2-build-windows-amd64-cygwin\jdk8u20\1074\hotspot\src\share\vm\prims\jvm.cpp, line 1275]
Event: 37.855 Thread 0x0000000025a36000 Implicit null exception at 0x00000000042079f9 to 0x0000000004208ef9
Event: 37.862 Thread 0x0000000025a36000 Exception <a 'java/security/PrivilegedActionException'> (0x00000008ef7e6f80) thrown at [D:\re\workspace\8-2-build-windows-amd64-cygwin\jdk8u20\1074\hotspot\src\share\vm\prims\jvm.cpp, line 1275]
Event: 39.362 Thread 0x0000000025a36000 Exception <a 'java/security/PrivilegedActionException'> (0x00000008e22daab0) thrown at [D:\re\workspace\8-2-build-windows-amd64-cygwin\jdk8u20\1074\hotspot\src\share\vm\prims\jvm.cpp, line 1275]
Event: 41.040 Thread 0x000000002585b000 Implicit null exception at 0x0000000003fce63c to 0x0000000003fce736
Event: 41.405 Thread 0x000000002585b000 Exception <a 'java/security/PrivilegedActionException'> (0x00000008f49207c8) thrown at [D:\re\workspace\8-2-build-windows-amd64-cygwin\jdk8u20\1074\hotspot\src\share\vm\prims\jvm.cpp, line 1275]
Event: 41.410 Thread 0x000000002585b000 Exception <a 'java/security/PrivilegedActionException'> (0x00000008f492a8a8) thrown at [D:\re\workspace\8-2-build-windows-amd64-cygwin\jdk8u20\1074\hotspot\src\share\vm\prims\jvm.cpp, line 1275]
Event: 41.421 Thread 0x000000002585b000 Exception <a 'java/security/PrivilegedActionException'> (0x00000008f492de60) thrown at [D:\re\workspace\8-2-build-windows-amd64-cygwin\jdk8u20\1074\hotspot\src\share\vm\prims\jvm.cpp, line 1275]
Event: 41.422 Thread 0x000000002585b000 Exception <a 'java/security/PrivilegedActionException'> (0x00000008f4935518) thrown at [D:\re\workspace\8-2-build-windows-amd64-cygwin\jdk8u20\1074\hotspot\src\share\vm\prims\jvm.cpp, line 1275]

Events (10 events):
Event: 41.793 Thread 0x0000000025739000 DEOPT PACKING pc=0x00000000038b8001 sp=0x0000000026e8e980
Event: 41.793 Thread 0x0000000025739000 DEOPT UNPACKING pc=0x00000000034475bf sp=0x0000000026e8e6c0 mode 0
Event: 41.793 Thread 0x0000000025739000 DEOPT PACKING pc=0x00000000038b8001 sp=0x0000000026e8e980
Event: 41.793 Thread 0x0000000025739000 DEOPT UNPACKING pc=0x00000000034475bf sp=0x0000000026e8e6c0 mode 0
Event: 41.794 Thread 0x0000000025739000 DEOPT PACKING pc=0x00000000038b8001 sp=0x0000000026e8e980
Event: 41.794 Thread 0x0000000025739000 DEOPT UNPACKING pc=0x00000000034475bf sp=0x0000000026e8e6c0 mode 0
Event: 41.794 Thread 0x0000000025739000 DEOPT PACKING pc=0x00000000038b8001 sp=0x0000000026e8e980
Event: 41.794 Thread 0x0000000025739000 DEOPT UNPACKING pc=0x00000000034475bf sp=0x0000000026e8e6c0 mode 0
Event: 41.794 Thread 0x0000000025739000 DEOPT PACKING pc=0x00000000038b8001 sp=0x0000000026e8e980
Event: 41.794 Thread 0x0000000025739000 DEOPT UNPACKING pc=0x00000000034475bf sp=0x0000000026e8e6c0 mode 0


Dynamic libraries:
0x00007ff62ffb0000 - 0x00007ff62ffe4000 	C:\Program Files\Java\jdk1.8.0_20\bin\java.exe
0x00007fff79450000 - 0x00007fff79621000 	C:\WINDOWS\SYSTEM32\ntdll.dll
0x00007fff78b90000 - 0x00007fff78c3b000 	C:\WINDOWS\System32\KERNEL32.DLL
0x00007fff75da0000 - 0x00007fff75fbd000 	C:\WINDOWS\System32\KERNELBASE.dll
0x00007fff76fb0000 - 0x00007fff77052000 	C:\WINDOWS\System32\ADVAPI32.dll
0x00007fff793b0000 - 0x00007fff7944e000 	C:\WINDOWS\System32\msvcrt.dll
0x00007fff79130000 - 0x00007fff79189000 	C:\WINDOWS\System32\sechost.dll
0x00007fff769e0000 - 0x00007fff76b01000 	C:\WINDOWS\System32\RPCRT4.dll
0x00007fff76b10000 - 0x00007fff76c75000 	C:\WINDOWS\System32\USER32.dll
0x00007fff76800000 - 0x00007fff7681e000 	C:\WINDOWS\System32\win32u.dll
0x00007fff78990000 - 0x00007fff789c4000 	C:\WINDOWS\System32\GDI32.dll
0x00007fff75c10000 - 0x00007fff75d92000 	C:\WINDOWS\System32\gdi32full.dll
0x00007fff72260000 - 0x00007fff724d9000 	C:\WINDOWS\WinSxS\amd64_microsoft.windows.common-controls_6595b64144ccf1df_6.0.14393.447_none_42191651c6827bb3\COMCTL32.dll
0x00007fff76ce0000 - 0x00007fff76fa8000 	C:\WINDOWS\System32\combase.dll
0x00007fff76870000 - 0x00007fff76965000 	C:\WINDOWS\System32\ucrtbase.dll
0x00007fff76970000 - 0x00007fff769da000 	C:\WINDOWS\System32\bcryptPrimitives.dll
0x00007fff79380000 - 0x00007fff793ae000 	C:\WINDOWS\System32\IMM32.DLL
0x00000000614f0000 - 0x00000000615c2000 	C:\Program Files\Java\jdk1.8.0_20\jre\bin\msvcr100.dll
0x0000000060c90000 - 0x00000000614e8000 	C:\Program Files\Java\jdk1.8.0_20\jre\bin\server\jvm.dll
0x00007fff791f0000 - 0x00007fff791f8000 	C:\WINDOWS\System32\PSAPI.DLL
0x00007fff6e820000 - 0x00007fff6e829000 	C:\WINDOWS\SYSTEM32\WSOCK32.dll
0x00007fff737a0000 - 0x00007fff737c3000 	C:\WINDOWS\SYSTEM32\WINMM.dll
0x00007fff79270000 - 0x00007fff792da000 	C:\WINDOWS\System32\WS2_32.dll
0x0000000000c70000 - 0x0000000000c9b000 	C:\WINDOWS\SYSTEM32\WINMMBASE.dll
0x00007fff76820000 - 0x00007fff76862000 	C:\WINDOWS\System32\cfgmgr32.dll
0x00000000627f0000 - 0x00000000627ff000 	C:\Program Files\Java\jdk1.8.0_20\jre\bin\verify.dll
0x0000000060c60000 - 0x0000000060c88000 	C:\Program Files\Java\jdk1.8.0_20\jre\bin\java.dll
0x0000000060c40000 - 0x0000000060c56000 	C:\Program Files\Java\jdk1.8.0_20\jre\bin\zip.dll
0x00007fff77300000 - 0x00007fff78809000 	C:\WINDOWS\System32\SHELL32.dll
0x00007fff75fc0000 - 0x00007fff7669a000 	C:\WINDOWS\System32\windows.storage.dll
0x00007fff758c0000 - 0x00007fff7590c000 	C:\WINDOWS\System32\powrprof.dll
0x00007fff79190000 - 0x00007fff791e2000 	C:\WINDOWS\System32\shlwapi.dll
0x00007fff758b0000 - 0x00007fff758bf000 	C:\WINDOWS\System32\kernel.appcore.dll
0x00007fff76750000 - 0x00007fff767f9000 	C:\WINDOWS\System32\shcore.dll
0x00007fff75920000 - 0x00007fff75934000 	C:\WINDOWS\System32\profapi.dll
0x00007fff663f0000 - 0x00007fff66582000 	C:\WINDOWS\SYSTEM32\dbghelp.dll

VM Arguments:
jvm_args: -Djava.awt.headless=true -Xmx50g -Dfile.encoding=windows-1251 -Duser.country=RU -Duser.language=ru -Duser.variant 
java_command: com.android.dx.command.Main --dex --num-threads=4 --multi-dex --main-dex-list C:\Users\User\Documents\GitHub\iCRM\iCRM\app\build\intermediates\multi-dex\debug\maindexlist.txt --output C:\Users\User\Documents\GitHub\iCRM\iCRM\app\build\intermediates\transforms\dex\debug\folders\1000\1f\main C:\Users\User\Documents\GitHub\iCRM\iCRM\app\build\intermediates\transforms\jarMerging\debug\jars\1\1f\combined.jar
java_class_path (initial): C:\Users\User\AppData\Local\Android\sdk\build-tools\23.0.3\lib\dx.jar
Launcher Type: SUN_STANDARD

Environment Variables:
PATH=C:\ProgramData\Oracle\Java\javapath;C:\Program Files\Broadcom\Broadcom 802.11 Network Adapter;C:\Program Files (x86)\NVIDIA Corporation\PhysX\Common;C:\Program Files (x86)\Intel\iCLS Client\;C:\Program Files\Intel\iCLS Client\;C:\Windows\system32;C:\Windows;C:\Windows\System32\Wbem;C:\Windows\System32\WindowsPowerShell\v1.0\;C:\Program Files\Intel\Intel(R) Management Engine Components\DAL;C:\Program Files\Intel\Intel(R) Management Engine Components\IPT;C:\Program Files (x86)\Intel\Intel(R) Management Engine Components\DAL;C:\Program Files (x86)\Intel\Intel(R) Management Engine Components\IPT;C:\Program Files\WIDCOMM\Bluetooth Software\;C:\Program Files\WIDCOMM\Bluetooth Software\syswow64;C:\Program Files\Acer\Remote Files\;C:\Program Files (x86)\Skype\Phone\;C:\Program Files\OpenVPN\bin;C:\WINDOWS\system32;C:\WINDOWS;C:\WINDOWS\System32\Wbem;C:\WINDOWS\System32\WindowsPowerShell\v1.0\;C:\Users\User\AppData\Local\Microsoft\WindowsApps;
USERNAME=User
OS=Windows_NT
PROCESSOR_IDENTIFIER=Intel64 Family 6 Model 69 Stepping 1, GenuineIntel



---------------  S Y S T E M  ---------------

OS: Windows 8.1 , 64 bit Build 9600 

CPU:total 4 (2 cores per cpu, 2 threads per core) family 6 model 69 stepping 1, cmov, cx8, fxsr, mmx, sse, sse2, sse3, ssse3, sse4.1, sse4.2, popcnt, avx, avx2, aes, clmul, erms, lzcnt, ht, tsc, tscinvbit, bmi1, bmi2

Memory: 4k page, physical 8310040k(1082360k free), swap 12406040k(3920k free)

vm_info: Java HotSpot(TM) 64-Bit Server VM (25.20-b23) for windows-amd64 JRE (1.8.0_20-b26), built on Jul 30 2014 13:51:23 by "java_re" with MS VC++ 10.0 (VS2010)

time: Mon Feb 06 10:46:21 2017
elapsed time: 42 seconds (0d 0h 0m 42s)

