#
# There is insufficient memory for the Java Runtime Environment to continue.
# Native memory allocation (malloc) failed to allocate 262160 bytes for Chunk::new
# Possible reasons:
#   The system is out of physical RAM or swap space
#   In 32 bit mode, the process size limit was hit
# Possible solutions:
#   Reduce memory load on the system
#   Increase physical memory or swap space
#   Check if swap backing store is full
#   Use 64 bit Java on a 64 bit OS
#   Decrease Java heap size (-Xmx/-Xms)
#   Decrease number of Java threads
#   Decrease Java thread stack sizes (-Xss)
#   Set larger code cache with -XX:ReservedCodeCacheSize=
# This output file may be truncated or incomplete.
#
#  Out of Memory Error (allocation.cpp:390), pid=10524, tid=3148
#
# JRE version: Java(TM) SE Runtime Environment (8.0_20-b26) (build 1.8.0_20-b26)
# Java VM: Java HotSpot(TM) 64-Bit Server VM (25.20-b23 mixed mode windows-amd64 )
# Failed to write core dump. Minidumps are not enabled by default on client versions of Windows
#

---------------  T H R E A D  ---------------

Current thread (0x0000000023e4d000):  JavaThread "C2 CompilerThread0" daemon [_thread_in_native, id=3148, stack(0x00000000253b0000,0x00000000254b0000)]

Stack: [0x00000000253b0000,0x00000000254b0000]
Native frames: (J=compiled Java code, j=interpreted, Vv=VM code, C=native code)
V  [jvm.dll+0x3152fa]
V  [jvm.dll+0x265d03]
V  [jvm.dll+0x266943]
V  [jvm.dll+0x25e265]
V  [jvm.dll+0xbe255]
V  [jvm.dll+0xbe6fc]
V  [jvm.dll+0xbe9a4]
V  [jvm.dll+0x4e4e30]
V  [jvm.dll+0x49d46f]
V  [jvm.dll+0x451045]
V  [jvm.dll+0x452634]
V  [jvm.dll+0x435fc2]
V  [jvm.dll+0x97b62]
V  [jvm.dll+0x98353]
V  [jvm.dll+0x22aac4]
V  [jvm.dll+0x283f5a]
C  [msvcr100.dll+0x21d9f]
C  [msvcr100.dll+0x21e3b]
C  [KERNEL32.DLL+0x8364]
C  [ntdll.dll+0x65e91]


Current CompileTask:
C2:  58933 3149       4       com.android.dx.dex.file.ClassDataItem::addContents (207 bytes)


---------------  P R O C E S S  ---------------

Java Threads: ( => current thread )
  0x0000000026484000 JavaThread "pool-1-thread-1" [_thread_in_Java, id=11884, stack(0x0000000028950000,0x0000000028a50000)]
  0x0000000025dc0800 JavaThread "pool-2-thread-4" [_thread_blocked, id=1900, stack(0x0000000027880000,0x0000000027980000)]
  0x0000000025dc0000 JavaThread "pool-2-thread-3" [_thread_blocked, id=10264, stack(0x0000000027780000,0x0000000027880000)]
  0x0000000025dbf000 JavaThread "pool-2-thread-2" [_thread_blocked, id=8388, stack(0x0000000027680000,0x0000000027780000)]
  0x000000002613a800 JavaThread "pool-3-thread-1" [_thread_blocked, id=12744, stack(0x0000000027580000,0x0000000027680000)]
  0x0000000026139800 JavaThread "pool-2-thread-1" [_thread_blocked, id=8728, stack(0x0000000027480000,0x0000000027580000)]
  0x00000000256e0800 JavaThread "Service Thread" daemon [_thread_blocked, id=10332, stack(0x0000000025ab0000,0x0000000025bb0000)]
  0x0000000023e56000 JavaThread "C1 CompilerThread2" daemon [_thread_blocked, id=5408, stack(0x00000000255b0000,0x00000000256b0000)]
  0x0000000023e4f800 JavaThread "C2 CompilerThread1" daemon [_thread_in_native, id=6320, stack(0x00000000254b0000,0x00000000255b0000)]
=>0x0000000023e4d000 JavaThread "C2 CompilerThread0" daemon [_thread_in_native, id=3148, stack(0x00000000253b0000,0x00000000254b0000)]
  0x0000000023e4b800 JavaThread "Attach Listener" daemon [_thread_blocked, id=10084, stack(0x00000000252b0000,0x00000000253b0000)]
  0x0000000023e4a800 JavaThread "Signal Dispatcher" daemon [_thread_blocked, id=9036, stack(0x00000000251b0000,0x00000000252b0000)]
  0x0000000001996000 JavaThread "Finalizer" daemon [_thread_blocked, id=7984, stack(0x00000000250b0000,0x00000000251b0000)]
  0x000000000198d000 JavaThread "Reference Handler" daemon [_thread_blocked, id=4152, stack(0x0000000024fb0000,0x00000000250b0000)]
  0x00000000018a2800 JavaThread "main" [_thread_in_native, id=3280, stack(0x00000000017a0000,0x00000000018a0000)]

Other Threads:
  0x0000000023e15800 VMThread [stack: 0x0000000024eb0000,0x0000000024fb0000] [id=10540]
  0x0000000023eac800 WatcherThread [stack: 0x0000000025bb0000,0x0000000025cb0000] [id=8600]

VM state:not at safepoint (normal execution)

VM Mutex/Monitor currently owned by a thread: None

Heap:
 PSYoungGen      total 1181184K, used 818508K [0x00000008d5580000, 0x0000000938780000, 0x0000000d00000000)
  eden space 793600K, 63% used [0x00000008d5580000,0x00000008f41519c8,0x0000000905c80000)
  from space 387584K, 81% used [0x000000091e700000,0x0000000931a816e8,0x0000000936180000)
  to   space 403968K, 0% used [0x0000000905c80000,0x0000000905c80000,0x000000091e700000)
 ParOldGen       total 1288704K, used 862489K [0x0000000080000000, 0x00000000cea80000, 0x00000008d5580000)
  object space 1288704K, 66% used [0x0000000080000000,0x00000000b4a46520,0x00000000cea80000)
 Metaspace       used 6702K, capacity 6984K, committed 7168K, reserved 8192K

Card table byte_map: [0x0000000012400000,0x0000000018810000] byte_map_base: 0x0000000012000000

Marking Bits: (ParMarkBitMap*) 0x0000000053d9b460
 Begin Bits: [0x0000000d00000000, 0x0000000d32000000)
 End Bits:   [0x0000000d32000000, 0x0000000d64000000)

Polling page: 0x00000000016c0000

CodeCache: size=245760Kb used=10916Kb max_used=13883Kb free=234844Kb
 bounds [0x0000000003400000, 0x00000000041b0000, 0x0000000012400000]
 total_blobs=2701 nmethods=2435 adapters=179
 compilation: enabled

Compilation events (10 events):
Event: 57.350 Thread 0x0000000023e56000 nmethod 3151 0x0000000003784250 code [0x00000000037843e0, 0x00000000037847f8]
Event: 57.409 Thread 0x0000000023e56000 3153       3       java.util.ComparableTimSort::mergeHi (729 bytes)
Event: 57.412 Thread 0x0000000023e56000 nmethod 3153 0x00000000038e3990 code [0x00000000038e3ce0, 0x00000000038e6158]
Event: 57.447 Thread 0x0000000023e56000 3155       3       java.util.ComparableTimSort::mergeAt (356 bytes)
Event: 57.448 Thread 0x0000000023e56000 nmethod 3155 0x00000000039bd650 code [0x00000000039bd840, 0x00000000039bdff8]
Event: 57.454 Thread 0x0000000023e56000 3157       3       com.android.dx.rop.annotation.Annotations::compareTo (110 bytes)
Event: 57.454 Thread 0x0000000023e56000 nmethod 3157 0x0000000003834d90 code [0x0000000003835000, 0x0000000003836048]
Event: 57.454 Thread 0x0000000023e56000 3159       1       com.android.dx.dex.file.AnnotationSetItem::itemType (4 bytes)
Event: 57.455 Thread 0x0000000023e56000 nmethod 3159 0x0000000003783f10 code [0x0000000003784060, 0x0000000003784170]
Event: 57.455 Thread 0x0000000023e56000 3158       3       com.android.dx.dex.file.AnnotationsDirectoryItem::addContents (160 bytes)

GC Heap History (10 events):
Event: 35.333 GC heap before
{Heap before GC invocations=20 (full 4):
 PSYoungGen      total 882176K, used 865803K [0x00000008d5580000, 0x0000000921900000, 0x0000000d00000000)
  eden space 673792K, 100% used [0x00000008d5580000,0x00000008fe780000,0x00000008fe780000)
  from space 208384K, 92% used [0x00000008fe780000,0x000000090a302cf8,0x000000090b300000)
  to   space 238592K, 0% used [0x0000000913000000,0x0000000913000000,0x0000000921900000)
 ParOldGen       total 835072K, used 529749K [0x0000000080000000, 0x00000000b2f80000, 0x00000008d5580000)
  object space 835072K, 63% used [0x0000000080000000,0x00000000a0555648,0x00000000b2f80000)
 Metaspace       used 6594K, capacity 6920K, committed 7168K, reserved 8192K
Event: 36.711 GC heap after
Heap after GC invocations=20 (full 4):
 PSYoungGen      total 949248K, used 238586K [0x00000008d5580000, 0x000000092b780000, 0x0000000d00000000)
  eden space 710656K, 0% used [0x00000008d5580000,0x00000008d5580000,0x0000000900b80000)
  from space 238592K, 99% used [0x0000000913000000,0x00000009218febb8,0x0000000921900000)
  to   space 299520K, 0% used [0x0000000900b80000,0x0000000900b80000,0x0000000913000000)
 ParOldGen       total 835072K, used 584503K [0x0000000080000000, 0x00000000b2f80000, 0x00000008d5580000)
  object space 835072K, 69% used [0x0000000080000000,0x00000000a3acdf50,0x00000000b2f80000)
 Metaspace       used 6594K, capacity 6920K, committed 7168K, reserved 8192K
}
Event: 38.997 GC heap before
{Heap before GC invocations=21 (full 4):
 PSYoungGen      total 949248K, used 949242K [0x00000008d5580000, 0x000000092b780000, 0x0000000d00000000)
  eden space 710656K, 100% used [0x00000008d5580000,0x0000000900b80000,0x0000000900b80000)
  from space 238592K, 99% used [0x0000000913000000,0x00000009218febb8,0x0000000921900000)
  to   space 299520K, 0% used [0x0000000900b80000,0x0000000900b80000,0x0000000913000000)
 ParOldGen       total 835072K, used 584503K [0x0000000080000000, 0x00000000b2f80000, 0x00000008d5580000)
  object space 835072K, 69% used [0x0000000080000000,0x00000000a3acdf50,0x00000000b2f80000)
 Metaspace       used 6594K, capacity 6920K, committed 7168K, reserved 8192K
Event: 39.416 GC heap after
Heap after GC invocations=21 (full 4):
 PSYoungGen      total 1010176K, used 299512K [0x00000008d5580000, 0x0000000936180000, 0x0000000d00000000)
  eden space 710656K, 0% used [0x00000008d5580000,0x00000008d5580000,0x0000000900b80000)
  from space 299520K, 99% used [0x0000000900b80000,0x0000000912ffe278,0x0000000913000000)
  to   space 387584K, 0% used [0x000000091e700000,0x000000091e700000,0x0000000936180000)
 ParOldGen       total 835072K, used 682017K [0x0000000080000000, 0x00000000b2f80000, 0x00000008d5580000)
  object space 835072K, 81% used [0x0000000080000000,0x00000000a9a08710,0x00000000b2f80000)
 Metaspace       used 6594K, capacity 6920K, committed 7168K, reserved 8192K
}
Event: 41.108 GC heap before
{Heap before GC invocations=22 (full 4):
 PSYoungGen      total 1010176K, used 1010168K [0x00000008d5580000, 0x0000000936180000, 0x0000000d00000000)
  eden space 710656K, 100% used [0x00000008d5580000,0x0000000900b80000,0x0000000900b80000)
  from space 299520K, 99% used [0x0000000900b80000,0x0000000912ffe278,0x0000000913000000)
  to   space 387584K, 0% used [0x000000091e700000,0x000000091e700000,0x0000000936180000)
 ParOldGen       total 835072K, used 682017K [0x0000000080000000, 0x00000000b2f80000, 0x00000008d5580000)
  object space 835072K, 81% used [0x0000000080000000,0x00000000a9a08710,0x00000000b2f80000)
 Metaspace       used 6594K, capacity 6920K, committed 7168K, reserved 8192K
Event: 41.528 GC heap after
Heap after GC invocations=22 (full 4):
 PSYoungGen      total 1181184K, used 249223K [0x00000008d5580000, 0x0000000938780000, 0x0000000d00000000)
  eden space 793600K, 0% used [0x00000008d5580000,0x00000008d5580000,0x0000000905c80000)
  from space 387584K, 64% used [0x000000091e700000,0x000000092da61de8,0x0000000936180000)
  to   space 403968K, 0% used [0x0000000905c80000,0x0000000905c80000,0x000000091e700000)
 ParOldGen       total 862720K, used 862665K [0x0000000080000000, 0x00000000b4a80000, 0x00000008d5580000)
  object space 862720K, 99% used [0x0000000080000000,0x00000000b4a72708,0x00000000b4a80000)
 Metaspace       used 6594K, capacity 6920K, committed 7168K, reserved 8192K
}
Event: 41.529 GC heap before
{Heap before GC invocations=23 (full 5):
 PSYoungGen      total 1181184K, used 249223K [0x00000008d5580000, 0x0000000938780000, 0x0000000d00000000)
  eden space 793600K, 0% used [0x00000008d5580000,0x00000008d5580000,0x0000000905c80000)
  from space 387584K, 64% used [0x000000091e700000,0x000000092da61de8,0x0000000936180000)
  to   space 403968K, 0% used [0x0000000905c80000,0x0000000905c80000,0x000000091e700000)
 ParOldGen       total 862720K, used 862665K [0x0000000080000000, 0x00000000b4a80000, 0x00000008d5580000)
  object space 862720K, 99% used [0x0000000080000000,0x00000000b4a72708,0x00000000b4a80000)
 Metaspace       used 6594K, capacity 6920K, committed 7168K, reserved 8192K
Event: 48.590 GC heap after
Heap after GC invocations=23 (full 5):
 PSYoungGen      total 1181184K, used 146444K [0x00000008d5580000, 0x0000000938780000, 0x0000000d00000000)
  eden space 793600K, 0% used [0x00000008d5580000,0x00000008d5580000,0x0000000905c80000)
  from space 387584K, 37% used [0x000000091e700000,0x0000000927603140,0x0000000936180000)
  to   space 403968K, 0% used [0x0000000905c80000,0x0000000905c80000,0x000000091e700000)
 ParOldGen       total 1288704K, used 862481K [0x0000000080000000, 0x00000000cea80000, 0x00000008d5580000)
  object space 1288704K, 66% used [0x0000000080000000,0x00000000b4a44520,0x00000000cea80000)
 Metaspace       used 6594K, capacity 6920K, committed 7168K, reserved 8192K
}
Event: 52.244 GC heap before
{Heap before GC invocations=24 (full 5):
 PSYoungGen      total 1181184K, used 940044K [0x00000008d5580000, 0x0000000938780000, 0x0000000d00000000)
  eden space 793600K, 100% used [0x00000008d5580000,0x0000000905c80000,0x0000000905c80000)
  from space 387584K, 37% used [0x000000091e700000,0x0000000927603140,0x0000000936180000)
  to   space 403968K, 0% used [0x0000000905c80000,0x0000000905c80000,0x000000091e700000)
 ParOldGen       total 1288704K, used 862481K [0x0000000080000000, 0x00000000cea80000, 0x00000008d5580000)
  object space 1288704K, 66% used [0x0000000080000000,0x00000000b4a44520,0x00000000cea80000)
 Metaspace       used 6595K, capacity 6920K, committed 7168K, reserved 8192K
Event: 52.661 GC heap after
Heap after GC invocations=24 (full 5):
 PSYoungGen      total 1197568K, used 192551K [0x00000008d5580000, 0x0000000938780000, 0x0000000d00000000)
  eden space 793600K, 0% used [0x00000008d5580000,0x00000008d5580000,0x0000000905c80000)
  from space 403968K, 47% used [0x0000000905c80000,0x0000000911889fb0,0x000000091e700000)
  to   space 387584K, 0% used [0x000000091e700000,0x000000091e700000,0x0000000936180000)
 ParOldGen       total 1288704K, used 862481K [0x0000000080000000, 0x00000000cea80000, 0x00000008d5580000)
  object space 1288704K, 66% used [0x0000000080000000,0x00000000b4a44520,0x00000000cea80000)
 Metaspace       used 6595K, capacity 6920K, committed 7168K, reserved 8192K
}

Deoptimization events (10 events):
Event: 38.790 Thread 0x0000000025dbf000 Uncommon trap: reason=class_check action=maybe_recompile pc=0x0000000003e7bf70 method=com.android.dx.ssa.back.InterferenceGraph.mergeInterferenceSet(ILcom/android/dx/util/IntSet;)V @ 20
Event: 38.790 Thread 0x0000000025dbf000 Uncommon trap: reason=class_check action=maybe_recompile pc=0x0000000003548f98 method=com.android.dx.util.BitIntSet.merge(Lcom/android/dx/util/IntSet;)V @ 1
Event: 49.129 Thread 0x0000000025dc0000 Uncommon trap: reason=null_check action=make_not_entrant pc=0x0000000003ad5c30 method=com.android.dx.cf.code.Ropper$CatchInfo.getSetup(Lcom/android/dx/rop/type/Type;)Lcom/android/dx/cf/code/Ropper$ExceptionHandlerSetup; @ 10
Event: 49.760 Thread 0x0000000025dbf000 Uncommon trap: reason=null_check action=make_not_entrant pc=0x000000000358ee10 method=com.android.dx.rop.cst.CstKnownNull.equals(Ljava/lang/Object;)Z @ 1
Event: 52.803 Thread 0x0000000025dbf000 Uncommon trap: reason=range_check action=make_not_entrant pc=0x0000000003883a80 method=java.util.DualPivotQuicksort.sort([IIIZ)V @ 56
Event: 57.132 Thread 0x0000000026484000 Uncommon trap: reason=class_check action=maybe_recompile pc=0x0000000003919594 method=java.util.Arrays.hashCode([Ljava/lang/Object;)I @ 43
Event: 57.133 Thread 0x0000000026484000 Uncommon trap: reason=class_check action=maybe_recompile pc=0x0000000003919594 method=java.util.Arrays.hashCode([Ljava/lang/Object;)I @ 43
Event: 57.133 Thread 0x0000000026484000 Uncommon trap: reason=class_check action=maybe_recompile pc=0x0000000003919594 method=java.util.Arrays.hashCode([Ljava/lang/Object;)I @ 43
Event: 57.133 Thread 0x0000000026484000 Uncommon trap: reason=class_check action=maybe_recompile pc=0x0000000003919594 method=java.util.Arrays.hashCode([Ljava/lang/Object;)I @ 43
Event: 57.133 Thread 0x0000000026484000 Uncommon trap: reason=unreached action=reinterpret pc=0x0000000003813bbc method=java.util.Arrays.sort([Ljava/lang/Object;IILjava/util/Comparator;)V @ 1

Internal exceptions (10 events):
Event: 16.021 Thread 0x00000000018a2800 Implicit null exception at 0x00000000035b5fc0 to 0x00000000035b77c1
Event: 19.301 Thread 0x00000000018a2800 Implicit null exception at 0x0000000003e67ebd to 0x0000000003e6aedd
Event: 22.544 Thread 0x00000000018a2800 Exception <a 'java/security/PrivilegedActionException'> (0x00000008d5c9fab0) thrown at [D:\re\workspace\8-2-build-windows-amd64-cygwin\jdk8u20\1074\hotspot\src\share\vm\prims\jvm.cpp, line 1275]
Event: 24.547 Thread 0x0000000025dbf000 Exception <a 'java/security/PrivilegedActionException'> (0x00000008e731ed20) thrown at [D:\re\workspace\8-2-build-windows-amd64-cygwin\jdk8u20\1074\hotspot\src\share\vm\prims\jvm.cpp, line 1275]
Event: 31.521 Thread 0x0000000025dc0800 Exception <a 'java/security/PrivilegedActionException'> (0x00000008fbad88d8) thrown at [D:\re\workspace\8-2-build-windows-amd64-cygwin\jdk8u20\1074\hotspot\src\share\vm\prims\jvm.cpp, line 1275]
Event: 31.581 Thread 0x0000000025dc0800 Exception <a 'java/security/PrivilegedActionException'> (0x00000008fbb6e3e0) thrown at [D:\re\workspace\8-2-build-windows-amd64-cygwin\jdk8u20\1074\hotspot\src\share\vm\prims\jvm.cpp, line 1275]
Event: 49.129 Thread 0x0000000025dc0000 Implicit null exception at 0x0000000003acf440 to 0x0000000003ad5bfd
Event: 49.760 Thread 0x0000000025dbf000 Implicit null exception at 0x000000000358eddc to 0x000000000358ee04
Event: 56.991 Thread 0x00000000018a2800 Exception <a 'java/security/PrivilegedActionException'> (0x00000008ff26a138) thrown at [D:\re\workspace\8-2-build-windows-amd64-cygwin\jdk8u20\1074\hotspot\src\share\vm\prims\jvm.cpp, line 1275]
Event: 57.141 Thread 0x0000000026484000 Exception <a 'java/security/PrivilegedActionException'> (0x000000090014e550) thrown at [D:\re\workspace\8-2-build-windows-amd64-cygwin\jdk8u20\1074\hotspot\src\share\vm\prims\jvm.cpp, line 1275]

Events (10 events):
Event: 57.138 Thread 0x0000000023e56000 flushing nmethod 0x0000000003caa450
Event: 57.138 Thread 0x0000000023e56000 flushing nmethod 0x0000000003d44490
Event: 57.138 Thread 0x0000000023e56000 flushing nmethod 0x0000000003d49750
Event: 57.139 Thread 0x0000000023e56000 flushing nmethod 0x0000000003de92d0
Event: 57.139 Thread 0x0000000023e56000 flushing nmethod 0x0000000003e16550
Event: 57.139 Thread 0x0000000023e56000 flushing nmethod 0x0000000003e564d0
Event: 57.140 Thread 0x0000000023e4d000 flushing nmethod 0x0000000003e9fd90
Event: 57.141 loading class com/android/dx/rop/cst/Zeroes
Event: 57.141 loading class com/android/dx/rop/cst/Zeroes done
Event: 57.141 Thread 0x0000000023e4d000 flushing nmethod 0x0000000003f183d0


Dynamic libraries:
0x00007ff64dce0000 - 0x00007ff64dd14000 	C:\Program Files\Java\jdk1.8.0_20\bin\java.exe
0x00007ff9b0c20000 - 0x00007ff9b0df1000 	C:\WINDOWS\SYSTEM32\ntdll.dll
0x00007ff9b0060000 - 0x00007ff9b010b000 	C:\WINDOWS\System32\KERNEL32.DLL
0x00007ff9adb20000 - 0x00007ff9add3d000 	C:\WINDOWS\System32\KERNELBASE.dll
0x00007ff9b0210000 - 0x00007ff9b02b2000 	C:\WINDOWS\System32\ADVAPI32.dll
0x00007ff9affc0000 - 0x00007ff9b005e000 	C:\WINDOWS\System32\msvcrt.dll
0x00007ff9b0bc0000 - 0x00007ff9b0c19000 	C:\WINDOWS\System32\sechost.dll
0x00007ff9b0970000 - 0x00007ff9b0a91000 	C:\WINDOWS\System32\RPCRT4.dll
0x00007ff9b07f0000 - 0x00007ff9b0955000 	C:\WINDOWS\System32\USER32.dll
0x00007ff9ad300000 - 0x00007ff9ad31e000 	C:\WINDOWS\System32\win32u.dll
0x00007ff9b02c0000 - 0x00007ff9b02f4000 	C:\WINDOWS\System32\GDI32.dll
0x00007ff9adda0000 - 0x00007ff9adf22000 	C:\WINDOWS\System32\gdi32full.dll
0x00007ff9a7ae0000 - 0x00007ff9a7d5a000 	C:\WINDOWS\WinSxS\amd64_microsoft.windows.common-controls_6595b64144ccf1df_6.0.14393.351_none_4213128bc687e6d3\COMCTL32.dll
0x00007ff9b03c0000 - 0x00007ff9b0687000 	C:\WINDOWS\System32\combase.dll
0x00007ff9ad1b0000 - 0x00007ff9ad2a5000 	C:\WINDOWS\System32\ucrtbase.dll
0x00007ff9ad320000 - 0x00007ff9ad38a000 	C:\WINDOWS\System32\bcryptPrimitives.dll
0x00007ff9ae370000 - 0x00007ff9ae39e000 	C:\WINDOWS\System32\IMM32.DLL
0x0000000053e20000 - 0x0000000053ef2000 	C:\Program Files\Java\jdk1.8.0_20\jre\bin\msvcr100.dll
0x00000000535c0000 - 0x0000000053e18000 	C:\Program Files\Java\jdk1.8.0_20\jre\bin\server\jvm.dll
0x00007ff9b0960000 - 0x00007ff9b0968000 	C:\WINDOWS\System32\PSAPI.DLL
0x00007ff9ab2a0000 - 0x00007ff9ab2c3000 	C:\WINDOWS\SYSTEM32\WINMM.dll
0x00007ff9a0850000 - 0x00007ff9a0859000 	C:\WINDOWS\SYSTEM32\WSOCK32.dll
0x00007ff9aea40000 - 0x00007ff9aeaaa000 	C:\WINDOWS\System32\WS2_32.dll
0x00000000016e0000 - 0x000000000170b000 	C:\WINDOWS\SYSTEM32\WINMMBASE.dll
0x00007ff9ad2b0000 - 0x00007ff9ad2f2000 	C:\WINDOWS\System32\cfgmgr32.dll
0x0000000055020000 - 0x000000005502f000 	C:\Program Files\Java\jdk1.8.0_20\jre\bin\verify.dll
0x0000000053590000 - 0x00000000535b8000 	C:\Program Files\Java\jdk1.8.0_20\jre\bin\java.dll
0x0000000053570000 - 0x0000000053586000 	C:\Program Files\Java\jdk1.8.0_20\jre\bin\zip.dll
0x00007ff9aeab0000 - 0x00007ff9affb9000 	C:\WINDOWS\System32\SHELL32.dll
0x00007ff9ad440000 - 0x00007ff9adb1a000 	C:\WINDOWS\System32\windows.storage.dll
0x00007ff9ad0b0000 - 0x00007ff9ad0fc000 	C:\WINDOWS\System32\powrprof.dll
0x00007ff9ae970000 - 0x00007ff9ae9c2000 	C:\WINDOWS\System32\shlwapi.dll
0x00007ff9ad0a0000 - 0x00007ff9ad0af000 	C:\WINDOWS\System32\kernel.appcore.dll
0x00007ff9adf30000 - 0x00007ff9adfd9000 	C:\WINDOWS\System32\shcore.dll
0x00007ff9ad080000 - 0x00007ff9ad094000 	C:\WINDOWS\System32\profapi.dll
0x00007ff9a64b0000 - 0x00007ff9a6642000 	C:\WINDOWS\SYSTEM32\dbghelp.dll

VM Arguments:
jvm_args: -Djava.awt.headless=true -Xmx50g -Dfile.encoding=windows-1251 -Duser.country=RU -Duser.language=ru -Duser.variant 
java_command: com.android.dx.command.Main --dex --num-threads=4 --multi-dex --main-dex-list C:\Users\User\Documents\GitHub\iCRM\iCRM\app\build\intermediates\multi-dex\debug\maindexlist.txt --output C:\Users\User\Documents\GitHub\iCRM\iCRM\app\build\intermediates\transforms\dex\debug\folders\1000\1f\main C:\Users\User\Documents\GitHub\iCRM\iCRM\app\build\intermediates\transforms\jarMerging\debug\jars\1\1f\combined.jar
java_class_path (initial): C:\Users\User\AppData\Local\Android\sdk\build-tools\23.0.3\lib\dx.jar
Launcher Type: SUN_STANDARD

Environment Variables:
PATH=C:\ProgramData\Oracle\Java\javapath;C:\Program Files\Broadcom\Broadcom 802.11 Network Adapter;C:\Program Files (x86)\NVIDIA Corporation\PhysX\Common;C:\Program Files (x86)\Intel\iCLS Client\;C:\Program Files\Intel\iCLS Client\;C:\Windows\system32;C:\Windows;C:\Windows\System32\Wbem;C:\Windows\System32\WindowsPowerShell\v1.0\;C:\Program Files\Intel\Intel(R) Management Engine Components\DAL;C:\Program Files\Intel\Intel(R) Management Engine Components\IPT;C:\Program Files (x86)\Intel\Intel(R) Management Engine Components\DAL;C:\Program Files (x86)\Intel\Intel(R) Management Engine Components\IPT;C:\Program Files\WIDCOMM\Bluetooth Software\;C:\Program Files\WIDCOMM\Bluetooth Software\syswow64;C:\Program Files\Acer\Remote Files\;C:\Program Files (x86)\Skype\Phone\;C:\Program Files\OpenVPN\bin;C:\WINDOWS\system32;C:\WINDOWS;C:\WINDOWS\System32\Wbem;C:\WINDOWS\System32\WindowsPowerShell\v1.0\;C:\Users\User\AppData\Local\Microsoft\WindowsApps;
USERNAME=User
OS=Windows_NT
PROCESSOR_IDENTIFIER=Intel64 Family 6 Model 69 Stepping 1, GenuineIntel



---------------  S Y S T E M  ---------------

OS: Windows 8.1 , 64 bit Build 9600 

CPU:total 4 (2 cores per cpu, 2 threads per core) family 6 model 69 stepping 1, cmov, cx8, fxsr, mmx, sse, sse2, sse3, ssse3, sse4.1, sse4.2, popcnt, avx, avx2, aes, clmul, erms, lzcnt, ht, tsc, tscinvbit, bmi1, bmi2

Memory: 4k page, physical 8310040k(1147700k free), swap 12406040k(1056k free)

vm_info: Java HotSpot(TM) 64-Bit Server VM (25.20-b23) for windows-amd64 JRE (1.8.0_20-b26), built on Jul 30 2014 13:51:23 by "java_re" with MS VC++ 10.0 (VS2010)

time: Thu Nov 03 11:25:25 2016
elapsed time: 58 seconds (0d 0h 0m 58s)

