#
# There is insufficient memory for the Java Runtime Environment to continue.
# Native memory allocation (malloc) failed to allocate 91472 bytes for Chunk::new
# Possible reasons:
#   The system is out of physical RAM or swap space
#   In 32 bit mode, the process size limit was hit
# Possible solutions:
#   Reduce memory load on the system
#   Increase physical memory or swap space
#   Check if swap backing store is full
#   Use 64 bit Java on a 64 bit OS
#   Decrease Java heap size (-Xmx/-Xms)
#   Decrease number of Java threads
#   Decrease Java thread stack sizes (-Xss)
#   Set larger code cache with -XX:ReservedCodeCacheSize=
# This output file may be truncated or incomplete.
#
#  Out of Memory Error (allocation.cpp:390), pid=8808, tid=1624
#
# JRE version: Java(TM) SE Runtime Environment (8.0_20-b26) (build 1.8.0_20-b26)
# Java VM: Java HotSpot(TM) 64-Bit Server VM (25.20-b23 mixed mode windows-amd64 )
# Failed to write core dump. Minidumps are not enabled by default on client versions of Windows
#

---------------  T H R E A D  ---------------

Current thread (0x0000000023f4e800):  JavaThread "C2 CompilerThread1" daemon [_thread_in_native, id=1624, stack(0x00000000255a0000,0x00000000256a0000)]

Stack: [0x00000000255a0000,0x00000000256a0000]
Native frames: (J=compiled Java code, j=interpreted, Vv=VM code, C=native code)
V  [jvm.dll+0x3152fa]


Current CompileTask:
C2:  24254 2804       4       com.android.dx.ssa.DomFront::run (264 bytes)


---------------  P R O C E S S  ---------------

Java Threads: ( => current thread )
  0x0000000025a07000 JavaThread "pool-2-thread-4" [_thread_in_Java, id=1276, stack(0x0000000027970000,0x0000000027a70000)]
  0x0000000025a06000 JavaThread "pool-2-thread-3" [_thread_blocked, id=2916, stack(0x0000000027870000,0x0000000027970000)]
  0x0000000026336800 JavaThread "pool-2-thread-2" [_thread_in_Java, id=10708, stack(0x0000000027770000,0x0000000027870000)]
  0x0000000026422800 JavaThread "pool-3-thread-1" [_thread_blocked, id=11240, stack(0x0000000027670000,0x0000000027770000)]
  0x0000000026422000 JavaThread "pool-2-thread-1" [_thread_blocked, id=11972, stack(0x0000000027570000,0x0000000027670000)]
  0x00000000257ca800 JavaThread "Service Thread" daemon [_thread_blocked, id=10536, stack(0x0000000025ba0000,0x0000000025ca0000)]
  0x0000000023f55800 JavaThread "C1 CompilerThread2" daemon [_thread_blocked, id=4064, stack(0x00000000256a0000,0x00000000257a0000)]
=>0x0000000023f4e800 JavaThread "C2 CompilerThread1" daemon [_thread_in_native, id=1624, stack(0x00000000255a0000,0x00000000256a0000)]
  0x0000000023f4c000 JavaThread "C2 CompilerThread0" daemon [_thread_in_native, id=7196, stack(0x00000000254a0000,0x00000000255a0000)]
  0x0000000023f4a800 JavaThread "Attach Listener" daemon [_thread_blocked, id=5852, stack(0x00000000253a0000,0x00000000254a0000)]
  0x0000000023f49800 JavaThread "Signal Dispatcher" daemon [_thread_blocked, id=10036, stack(0x00000000252a0000,0x00000000253a0000)]
  0x0000000001a36000 JavaThread "Finalizer" daemon [_thread_blocked, id=9008, stack(0x00000000251a0000,0x00000000252a0000)]
  0x0000000001a2d000 JavaThread "Reference Handler" daemon [_thread_blocked, id=7704, stack(0x00000000250a0000,0x00000000251a0000)]
  0x0000000001942800 JavaThread "main" [_thread_blocked, id=5476, stack(0x00000000017f0000,0x00000000018f0000)]

Other Threads:
  0x0000000023f15800 VMThread [stack: 0x0000000024fa0000,0x00000000250a0000] [id=5692]
  0x00000000257d9800 WatcherThread [stack: 0x0000000025ca0000,0x0000000025da0000] [id=9600]

VM state:not at safepoint (normal execution)

VM Mutex/Monitor currently owned by a thread: None

Heap:
 PSYoungGen      total 792576K, used 225196K [0x00000008d5580000, 0x0000000917780000, 0x0000000d00000000)
  eden space 578048K, 12% used [0x00000008d5580000,0x00000008d9af0990,0x00000008f8a00000)
  from space 214528K, 71% used [0x000000090a600000,0x0000000913c7a6f0,0x0000000917780000)
  to   space 163840K, 0% used [0x00000008f8a00000,0x00000008f8a00000,0x0000000902a00000)
 ParOldGen       total 738816K, used 559217K [0x0000000080000000, 0x00000000ad180000, 0x00000008d5580000)
  object space 738816K, 75% used [0x0000000080000000,0x00000000a221c4b0,0x00000000ad180000)
 Metaspace       used 6614K, capacity 6920K, committed 7168K, reserved 8192K

Card table byte_map: [0x0000000012400000,0x0000000018810000] byte_map_base: 0x0000000012000000

Marking Bits: (ParMarkBitMap*) 0x0000000076c4b460
 Begin Bits: [0x0000000d00000000, 0x0000000d32000000)
 End Bits:   [0x0000000d32000000, 0x0000000d64000000)

Polling page: 0x00000000018f0000

CodeCache: size=245760Kb used=12240Kb max_used=14459Kb free=233520Kb
 bounds [0x0000000003400000, 0x0000000004230000, 0x0000000012400000]
 total_blobs=2627 nmethods=2361 adapters=179
 compilation: enabled

Compilation events (10 events):
Event: 23.676 Thread 0x0000000023f55800 2796       3       com.android.dx.util.ListIntSet$1::<init> (15 bytes)
Event: 23.676 Thread 0x0000000023f55800 nmethod 2796 0x0000000003504150 code [0x00000000035042a0, 0x0000000003504470]
Event: 23.676 Thread 0x0000000023f55800 2797       3       com.android.dx.util.ListIntSet$1::next (37 bytes)
Event: 23.676 Thread 0x0000000023f55800 nmethod 2797 0x0000000003605150 code [0x00000000036052e0, 0x0000000003605738]
Event: 24.107 Thread 0x0000000023f4e800 nmethod 2785% 0x0000000003724110 code [0x0000000003724340, 0x0000000003726058]
Event: 24.108 Thread 0x0000000023f4e800 2799 %     4       com.android.dx.ssa.SsaConverter::placePhiFunctions @ 229 (394 bytes)
Event: 24.148 Thread 0x0000000023f55800 2805       2       java.util.HashMap$TreeNode::rotateRight (91 bytes)
Event: 24.148 Thread 0x0000000023f55800 nmethod 2805 0x0000000003556790 code [0x00000000035568e0, 0x0000000003556b10]
Event: 24.232 Thread 0x0000000023f4e800 nmethod 2799% 0x00000000038927d0 code [0x0000000003892a80, 0x0000000003894cf0]
Event: 24.233 Thread 0x0000000023f4e800 2804       4       com.android.dx.ssa.DomFront::run (264 bytes)

GC Heap History (10 events):
Event: 17.352 GC heap before
{Heap before GC invocations=18 (full 3):
 PSYoungGen      total 609280K, used 589077K [0x00000008d5580000, 0x0000000902280000, 0x0000000d00000000)
  eden space 517120K, 100% used [0x00000008d5580000,0x00000008f4e80000,0x00000008f4e80000)
  from space 92160K, 78% used [0x00000008fc880000,0x0000000900ec57a8,0x0000000902280000)
  to   space 108544K, 0% used [0x00000008f4e80000,0x00000008f4e80000,0x00000008fb880000)
 ParOldGen       total 474624K, used 285338K [0x0000000080000000, 0x000000009cf80000, 0x00000008d5580000)
  object space 474624K, 60% used [0x0000000080000000,0x00000000916a69e8,0x000000009cf80000)
 Metaspace       used 6597K, capacity 6920K, committed 7168K, reserved 8192K
Event: 17.518 GC heap after
Heap after GC invocations=18 (full 3):
 PSYoungGen      total 625664K, used 108520K [0x00000008d5580000, 0x000000090b600000, 0x0000000d00000000)
  eden space 517120K, 0% used [0x00000008d5580000,0x00000008d5580000,0x00000008f4e80000)
  from space 108544K, 99% used [0x00000008f4e80000,0x00000008fb87a2d0,0x00000008fb880000)
  to   space 143360K, 0% used [0x0000000902a00000,0x0000000902a00000,0x000000090b600000)
 ParOldGen       total 474624K, used 329849K [0x0000000080000000, 0x000000009cf80000, 0x00000008d5580000)
  object space 474624K, 69% used [0x0000000080000000,0x000000009421e780,0x000000009cf80000)
 Metaspace       used 6597K, capacity 6920K, committed 7168K, reserved 8192K
}
Event: 18.788 GC heap before
{Heap before GC invocations=19 (full 3):
 PSYoungGen      total 625664K, used 625640K [0x00000008d5580000, 0x000000090b600000, 0x0000000d00000000)
  eden space 517120K, 100% used [0x00000008d5580000,0x00000008f4e80000,0x00000008f4e80000)
  from space 108544K, 99% used [0x00000008f4e80000,0x00000008fb87a2d0,0x00000008fb880000)
  to   space 143360K, 0% used [0x0000000902a00000,0x0000000902a00000,0x000000090b600000)
 ParOldGen       total 474624K, used 329849K [0x0000000080000000, 0x000000009cf80000, 0x00000008d5580000)
  object space 474624K, 69% used [0x0000000080000000,0x000000009421e780,0x000000009cf80000)
 Metaspace       used 6601K, capacity 6920K, committed 7168K, reserved 8192K
Event: 18.981 GC heap after
Heap after GC invocations=19 (full 3):
 PSYoungGen      total 721408K, used 132412K [0x00000008d5580000, 0x000000090e600000, 0x0000000d00000000)
  eden space 578048K, 0% used [0x00000008d5580000,0x00000008d5580000,0x00000008f8a00000)
  from space 143360K, 92% used [0x0000000902a00000,0x000000090ab4f310,0x000000090b600000)
  to   space 163840K, 0% used [0x00000008f8a00000,0x00000008f8a00000,0x0000000902a00000)
 ParOldGen       total 474624K, used 392602K [0x0000000080000000, 0x000000009cf80000, 0x00000008d5580000)
  object space 474624K, 82% used [0x0000000080000000,0x0000000097f66b58,0x000000009cf80000)
 Metaspace       used 6601K, capacity 6920K, committed 7168K, reserved 8192K
}
Event: 20.209 GC heap before
{Heap before GC invocations=20 (full 3):
 PSYoungGen      total 721408K, used 710460K [0x00000008d5580000, 0x000000090e600000, 0x0000000d00000000)
  eden space 578048K, 100% used [0x00000008d5580000,0x00000008f8a00000,0x00000008f8a00000)
  from space 143360K, 92% used [0x0000000902a00000,0x000000090ab4f310,0x000000090b600000)
  to   space 163840K, 0% used [0x00000008f8a00000,0x00000008f8a00000,0x0000000902a00000)
 ParOldGen       total 474624K, used 392602K [0x0000000080000000, 0x000000009cf80000, 0x00000008d5580000)
  object space 474624K, 82% used [0x0000000080000000,0x0000000097f66b58,0x000000009cf80000)
 Metaspace       used 6603K, capacity 6920K, committed 7168K, reserved 8192K
Event: 20.470 GC heap after
Heap after GC invocations=20 (full 3):
 PSYoungGen      total 741888K, used 163811K [0x00000008d5580000, 0x0000000917780000, 0x0000000d00000000)
  eden space 578048K, 0% used [0x00000008d5580000,0x00000008d5580000,0x00000008f8a00000)
  from space 163840K, 99% used [0x00000008f8a00000,0x00000009029f8f18,0x0000000902a00000)
  to   space 214528K, 0% used [0x000000090a600000,0x000000090a600000,0x0000000917780000)
 ParOldGen       total 474624K, used 453152K [0x0000000080000000, 0x000000009cf80000, 0x00000008d5580000)
  object space 474624K, 95% used [0x0000000080000000,0x000000009ba881a0,0x000000009cf80000)
 Metaspace       used 6603K, capacity 6920K, committed 7168K, reserved 8192K
}
Event: 20.470 GC heap before
{Heap before GC invocations=21 (full 4):
 PSYoungGen      total 741888K, used 163811K [0x00000008d5580000, 0x0000000917780000, 0x0000000d00000000)
  eden space 578048K, 0% used [0x00000008d5580000,0x00000008d5580000,0x00000008f8a00000)
  from space 163840K, 99% used [0x00000008f8a00000,0x00000009029f8f18,0x0000000902a00000)
  to   space 214528K, 0% used [0x000000090a600000,0x000000090a600000,0x0000000917780000)
 ParOldGen       total 474624K, used 453152K [0x0000000080000000, 0x000000009cf80000, 0x00000008d5580000)
  object space 474624K, 95% used [0x0000000080000000,0x000000009ba881a0,0x000000009cf80000)
 Metaspace       used 6603K, capacity 6920K, committed 7168K, reserved 8192K
Event: 22.349 GC heap after
Heap after GC invocations=21 (full 4):
 PSYoungGen      total 741888K, used 134445K [0x00000008d5580000, 0x0000000917780000, 0x0000000d00000000)
  eden space 578048K, 0% used [0x00000008d5580000,0x00000008d5580000,0x00000008f8a00000)
  from space 163840K, 82% used [0x00000008f8a00000,0x0000000900d4b690,0x0000000902a00000)
  to   space 214528K, 0% used [0x000000090a600000,0x000000090a600000,0x0000000917780000)
 ParOldGen       total 738816K, used 474180K [0x0000000080000000, 0x00000000ad180000, 0x00000008d5580000)
  object space 738816K, 64% used [0x0000000080000000,0x000000009cf11058,0x00000000ad180000)
 Metaspace       used 6603K, capacity 6920K, committed 7168K, reserved 8192K
}
Event: 23.722 GC heap before
{Heap before GC invocations=22 (full 4):
 PSYoungGen      total 741888K, used 712493K [0x00000008d5580000, 0x0000000917780000, 0x0000000d00000000)
  eden space 578048K, 100% used [0x00000008d5580000,0x00000008f8a00000,0x00000008f8a00000)
  from space 163840K, 82% used [0x00000008f8a00000,0x0000000900d4b690,0x0000000902a00000)
  to   space 214528K, 0% used [0x000000090a600000,0x000000090a600000,0x0000000917780000)
 ParOldGen       total 738816K, used 474180K [0x0000000080000000, 0x00000000ad180000, 0x00000008d5580000)
  object space 738816K, 64% used [0x0000000080000000,0x000000009cf11058,0x00000000ad180000)
 Metaspace       used 6614K, capacity 6920K, committed 7168K, reserved 8192K
Event: 24.102 GC heap after
Heap after GC invocations=22 (full 4):
 PSYoungGen      total 792576K, used 154089K [0x00000008d5580000, 0x0000000917780000, 0x0000000d00000000)
  eden space 578048K, 0% used [0x00000008d5580000,0x00000008d5580000,0x00000008f8a00000)
  from space 214528K, 71% used [0x000000090a600000,0x0000000913c7a6f0,0x0000000917780000)
  to   space 163840K, 0% used [0x00000008f8a00000,0x00000008f8a00000,0x0000000902a00000)
 ParOldGen       total 738816K, used 559217K [0x0000000080000000, 0x00000000ad180000, 0x00000008d5580000)
  object space 738816K, 75% used [0x0000000080000000,0x00000000a221c4b0,0x00000000ad180000)
 Metaspace       used 6614K, capacity 6920K, committed 7168K, reserved 8192K
}

Deoptimization events (10 events):
Event: 16.934 Thread 0x0000000001942800 Uncommon trap: reason=bimorphic action=maybe_recompile pc=0x0000000003d39874 method=com.android.dx.ssa.LiteralOpUpgrader.tryReplacingWithConstant(Lcom/android/dx/ssa/NormalSsaInsn;)Z @ 62
Event: 17.060 Thread 0x0000000025a06000 Uncommon trap: reason=bimorphic action=maybe_recompile pc=0x0000000003d39874 method=com.android.dx.ssa.LiteralOpUpgrader.tryReplacingWithConstant(Lcom/android/dx/ssa/NormalSsaInsn;)Z @ 62
Event: 19.118 Thread 0x0000000025a07000 Uncommon trap: reason=bimorphic action=maybe_recompile pc=0x0000000004045538 method=com.android.dx.cf.code.BytecodeArray.parseInstruction(ILcom/android/dx/cf/code/BytecodeArray$Visitor;)I @ 1067
Event: 19.118 Thread 0x0000000025a07000 Uncommon trap: reason=bimorphic action=maybe_recompile pc=0x0000000004045538 method=com.android.dx.cf.code.BytecodeArray.parseInstruction(ILcom/android/dx/cf/code/BytecodeArray$Visitor;)I @ 1067
Event: 19.439 Thread 0x0000000026336800 Uncommon trap: reason=unreached action=reinterpret pc=0x0000000004095110 method=java.util.HashMap$TreeNode.find(ILjava/lang/Object;Ljava/lang/Class;)Ljava/util/HashMap$TreeNode; @ 102
Event: 23.651 Thread 0x0000000025a07000 Uncommon trap: reason=predicate action=maybe_recompile pc=0x0000000003e6bebc method=com.android.dx.ssa.DomFront.run()[Lcom/android/dx/ssa/DomFront$DomInfo; @ 175
Event: 23.674 Thread 0x0000000025a07000 Uncommon trap: reason=class_check action=maybe_recompile pc=0x0000000003f70134 method=com.android.dx.ssa.SsaConverter.placePhiFunctions(Lcom/android/dx/ssa/SsaMethod;Lcom/android/dx/ssa/LocalVariableInfo;I)V @ 257
Event: 23.675 Thread 0x0000000025a07000 Uncommon trap: reason=class_check action=maybe_recompile pc=0x0000000003f2e6cc method=com.android.dx.ssa.SsaConverter.placePhiFunctions(Lcom/android/dx/ssa/SsaMethod;Lcom/android/dx/ssa/LocalVariableInfo;I)V @ 257
Event: 23.676 Thread 0x0000000025a07000 Uncommon trap: reason=class_check action=maybe_recompile pc=0x0000000003f2e6cc method=com.android.dx.ssa.SsaConverter.placePhiFunctions(Lcom/android/dx/ssa/SsaMethod;Lcom/android/dx/ssa/LocalVariableInfo;I)V @ 257
Event: 23.676 Thread 0x0000000025a07000 Uncommon trap: reason=class_check action=maybe_recompile pc=0x0000000003f2e6cc method=com.android.dx.ssa.SsaConverter.placePhiFunctions(Lcom/android/dx/ssa/SsaMethod;Lcom/android/dx/ssa/LocalVariableInfo;I)V @ 257

Internal exceptions (10 events):
Event: 4.620 Thread 0x0000000001942800 Exception <a 'java/security/PrivilegedActionException'> (0x00000008db4ddd08) thrown at [D:\re\workspace\8-2-build-windows-amd64-cygwin\jdk8u20\1074\hotspot\src\share\vm\prims\jvm.cpp, line 1275]
Event: 8.340 Thread 0x0000000026336800 Implicit null exception at 0x0000000003d4c41c to 0x0000000003d557e5
Event: 12.522 Thread 0x0000000001942800 Exception <a 'java/security/PrivilegedActionException'> (0x00000008dd8149a8) thrown at [D:\re\workspace\8-2-build-windows-amd64-cygwin\jdk8u20\1074\hotspot\src\share\vm\prims\jvm.cpp, line 1275]
Event: 12.526 Thread 0x0000000001942800 Implicit null exception at 0x00000000035908a8 to 0x0000000003590e99
Event: 14.220 Thread 0x0000000026422000 Exception <a 'java/security/PrivilegedActionException'> (0x00000008d6f94dd8) thrown at [D:\re\workspace\8-2-build-windows-amd64-cygwin\jdk8u20\1074\hotspot\src\share\vm\prims\jvm.cpp, line 1275]
Event: 15.395 Thread 0x0000000025a07000 Implicit null exception at 0x0000000003e72af4 to 0x0000000003e75a09
Event: 15.722 Thread 0x0000000001942800 Exception <a 'java/security/PrivilegedActionException'> (0x00000008efbc7788) thrown at [D:\re\workspace\8-2-build-windows-amd64-cygwin\jdk8u20\1074\hotspot\src\share\vm\prims\jvm.cpp, line 1275]
Event: 16.640 Thread 0x0000000026336800 Exception <a 'java/security/PrivilegedActionException'> (0x00000008e46c4c48) thrown at [D:\re\workspace\8-2-build-windows-amd64-cygwin\jdk8u20\1074\hotspot\src\share\vm\prims\jvm.cpp, line 1275]
Event: 23.652 Thread 0x0000000025a07000 Exception <a 'java/security/PrivilegedActionException'> (0x00000008f70f51c0) thrown at [D:\re\workspace\8-2-build-windows-amd64-cygwin\jdk8u20\1074\hotspot\src\share\vm\prims\jvm.cpp, line 1275]
Event: 23.674 Thread 0x0000000025a07000 Exception <a 'java/security/PrivilegedActionException'> (0x00000008f7163a70) thrown at [D:\re\workspace\8-2-build-windows-amd64-cygwin\jdk8u20\1074\hotspot\src\share\vm\prims\jvm.cpp, line 1275]

Events (10 events):
Event: 24.149 Thread 0x0000000023f55800 flushing nmethod 0x0000000003b69dd0
Event: 24.149 Thread 0x0000000023f55800 flushing nmethod 0x0000000003b72a10
Event: 24.149 Thread 0x0000000023f55800 flushing nmethod 0x0000000003b87d90
Event: 24.149 Thread 0x0000000023f55800 flushing nmethod 0x0000000003bab610
Event: 24.149 Thread 0x0000000023f55800 flushing nmethod 0x0000000003bd0090
Event: 24.149 Thread 0x0000000023f55800 flushing nmethod 0x0000000003bd5a90
Event: 24.149 Thread 0x0000000023f55800 flushing nmethod 0x0000000003bd7610
Event: 24.232 Thread 0x0000000023f4e800 flushing nmethod 0x0000000003bfe850
Event: 24.232 Thread 0x0000000023f4e800 flushing nmethod 0x0000000003c30650
Event: 24.232 Thread 0x0000000023f4e800 flushing nmethod 0x0000000003c70ed0


Dynamic libraries:
0x00007ff62e540000 - 0x00007ff62e574000 	C:\Program Files\Java\jdk1.8.0_20\bin\java.exe
0x00007ffd3f9f0000 - 0x00007ffd3fbc1000 	C:\WINDOWS\SYSTEM32\ntdll.dll
0x00007ffd3ee50000 - 0x00007ffd3eefb000 	C:\WINDOWS\System32\KERNEL32.DLL
0x00007ffd3c940000 - 0x00007ffd3cb5d000 	C:\WINDOWS\System32\KERNELBASE.dll
0x00007ffd3d2d0000 - 0x00007ffd3d372000 	C:\WINDOWS\System32\ADVAPI32.dll
0x00007ffd3f8c0000 - 0x00007ffd3f95e000 	C:\WINDOWS\System32\msvcrt.dll
0x00007ffd3f990000 - 0x00007ffd3f9e9000 	C:\WINDOWS\System32\sechost.dll
0x00007ffd3f400000 - 0x00007ffd3f521000 	C:\WINDOWS\System32\RPCRT4.dll
0x00007ffd3d430000 - 0x00007ffd3d595000 	C:\WINDOWS\System32\USER32.dll
0x00007ffd3cd90000 - 0x00007ffd3cdae000 	C:\WINDOWS\System32\win32u.dll
0x00007ffd3d380000 - 0x00007ffd3d3b4000 	C:\WINDOWS\System32\GDI32.dll
0x00007ffd3bf30000 - 0x00007ffd3c0b2000 	C:\WINDOWS\System32\gdi32full.dll
0x00007ffd389f0000 - 0x00007ffd38c69000 	C:\WINDOWS\WinSxS\amd64_microsoft.windows.common-controls_6595b64144ccf1df_6.0.14393.0_none_2d0f50fcbdb171b8\COMCTL32.dll
0x00007ffd3f5d0000 - 0x00007ffd3f897000 	C:\WINDOWS\System32\combase.dll
0x00007ffd3c0c0000 - 0x00007ffd3c1b5000 	C:\WINDOWS\System32\ucrtbase.dll
0x00007ffd3ccc0000 - 0x00007ffd3cd2a000 	C:\WINDOWS\System32\bcryptPrimitives.dll
0x00007ffd3f960000 - 0x00007ffd3f98e000 	C:\WINDOWS\System32\IMM32.DLL
0x0000000076cd0000 - 0x0000000076da2000 	C:\Program Files\Java\jdk1.8.0_20\jre\bin\msvcr100.dll
0x0000000076470000 - 0x0000000076cc8000 	C:\Program Files\Java\jdk1.8.0_20\jre\bin\server\jvm.dll
0x00007ffd3ef60000 - 0x00007ffd3ef68000 	C:\WINDOWS\System32\PSAPI.DLL
0x00007ffd3a390000 - 0x00007ffd3a3b3000 	C:\WINDOWS\SYSTEM32\WINMM.dll
0x00007ffd38710000 - 0x00007ffd38719000 	C:\WINDOWS\SYSTEM32\WSOCK32.dll
0x00007ffd3a330000 - 0x00007ffd3a35b000 	C:\WINDOWS\SYSTEM32\WINMMBASE.dll
0x00007ffd3d3c0000 - 0x00007ffd3d42a000 	C:\WINDOWS\System32\WS2_32.dll
0x00007ffd3bee0000 - 0x00007ffd3bf22000 	C:\WINDOWS\System32\cfgmgr32.dll
0x0000000050010000 - 0x000000005001f000 	C:\Program Files\Java\jdk1.8.0_20\jre\bin\verify.dll
0x0000000077fd0000 - 0x0000000077ff8000 	C:\Program Files\Java\jdk1.8.0_20\jre\bin\java.dll
0x0000000077fb0000 - 0x0000000077fc6000 	C:\Program Files\Java\jdk1.8.0_20\jre\bin\zip.dll
0x00007ffd3d6e0000 - 0x00007ffd3ebe8000 	C:\WINDOWS\System32\SHELL32.dll
0x00007ffd3c1c0000 - 0x00007ffd3c89a000 	C:\WINDOWS\System32\windows.storage.dll
0x00007ffd3be80000 - 0x00007ffd3becc000 	C:\WINDOWS\System32\powrprof.dll
0x00007ffd3ef00000 - 0x00007ffd3ef52000 	C:\WINDOWS\System32\shlwapi.dll
0x00007ffd3bed0000 - 0x00007ffd3bedf000 	C:\WINDOWS\System32\kernel.appcore.dll
0x00007ffd3cb60000 - 0x00007ffd3cc09000 	C:\WINDOWS\System32\shcore.dll
0x00007ffd3be50000 - 0x00007ffd3be64000 	C:\WINDOWS\System32\profapi.dll

VM Arguments:
jvm_args: -Djava.awt.headless=true -Xmx50g -Dfile.encoding=windows-1251 -Duser.country=RU -Duser.language=ru -Duser.variant 
java_command: com.android.dx.command.Main --dex --num-threads=4 --multi-dex --main-dex-list C:\Users\User\Documents\GitHub\iCRM\iCRM\app\build\intermediates\multi-dex\debug\maindexlist.txt --output C:\Users\User\Documents\GitHub\iCRM\iCRM\app\build\intermediates\transforms\dex\debug\folders\1000\1f\main C:\Users\User\Documents\GitHub\iCRM\iCRM\app\build\intermediates\transforms\jarMerging\debug\jars\1\1f\combined.jar
java_class_path (initial): C:\Users\User\AppData\Local\Android\sdk\build-tools\23.0.3\lib\dx.jar
Launcher Type: SUN_STANDARD

Environment Variables:
PATH=C:\ProgramData\Oracle\Java\javapath;C:\Program Files\Broadcom\Broadcom 802.11 Network Adapter;C:\Program Files (x86)\NVIDIA Corporation\PhysX\Common;C:\Program Files (x86)\Intel\iCLS Client\;C:\Program Files\Intel\iCLS Client\;C:\Windows\system32;C:\Windows;C:\Windows\System32\Wbem;C:\Windows\System32\WindowsPowerShell\v1.0\;C:\Program Files\Intel\Intel(R) Management Engine Components\DAL;C:\Program Files\Intel\Intel(R) Management Engine Components\IPT;C:\Program Files (x86)\Intel\Intel(R) Management Engine Components\DAL;C:\Program Files (x86)\Intel\Intel(R) Management Engine Components\IPT;C:\Program Files\WIDCOMM\Bluetooth Software\;C:\Program Files\WIDCOMM\Bluetooth Software\syswow64;C:\Program Files\Acer\Remote Files\;C:\Program Files (x86)\Skype\Phone\;C:\Program Files\OpenVPN\bin;C:\WINDOWS\system32;C:\WINDOWS;C:\WINDOWS\System32\Wbem;C:\WINDOWS\System32\WindowsPowerShell\v1.0\;C:\Users\User\AppData\Local\Microsoft\WindowsApps;
USERNAME=User
OS=Windows_NT
PROCESSOR_IDENTIFIER=Intel64 Family 6 Model 69 Stepping 1, GenuineIntel



---------------  S Y S T E M  ---------------

OS: Windows 8.1 , 64 bit Build 9600 

CPU:total 4 (2 cores per cpu, 2 threads per core) family 6 model 69 stepping 1, cmov, cx8, fxsr, mmx, sse, sse2, sse3, ssse3, sse4.1, sse4.2, popcnt, avx, avx2, aes, clmul, erms, lzcnt, ht, tsc, tscinvbit, bmi1, bmi2

Memory: 4k page, physical 8310040k(1533532k free), swap 12406040k(5200k free)

vm_info: Java HotSpot(TM) 64-Bit Server VM (25.20-b23) for windows-amd64 JRE (1.8.0_20-b26), built on Jul 30 2014 13:51:23 by "java_re" with MS VC++ 10.0 (VS2010)

time: Wed Oct 19 18:20:20 2016
elapsed time: 24 seconds (0d 0h 0m 24s)

