#
# There is insufficient memory for the Java Runtime Environment to continue.
# Native memory allocation (malloc) failed to allocate 1241872 bytes for Chunk::new
# Possible reasons:
#   The system is out of physical RAM or swap space
#   In 32 bit mode, the process size limit was hit
# Possible solutions:
#   Reduce memory load on the system
#   Increase physical memory or swap space
#   Check if swap backing store is full
#   Use 64 bit Java on a 64 bit OS
#   Decrease Java heap size (-Xmx/-Xms)
#   Decrease number of Java threads
#   Decrease Java thread stack sizes (-Xss)
#   Set larger code cache with -XX:ReservedCodeCacheSize=
# This output file may be truncated or incomplete.
#
#  Out of Memory Error (allocation.cpp:390), pid=12176, tid=6588
#
# JRE version: Java(TM) SE Runtime Environment (8.0_20-b26) (build 1.8.0_20-b26)
# Java VM: Java HotSpot(TM) 64-Bit Server VM (25.20-b23 mixed mode windows-amd64 )
# Failed to write core dump. Minidumps are not enabled by default on client versions of Windows
#

---------------  T H R E A D  ---------------

Current thread (0x0000000001cfe000):  JavaThread "C2 CompilerThread1" daemon [_thread_in_native, id=6588, stack(0x0000000024aa0000,0x0000000024ba0000)]

Stack: [0x0000000024aa0000,0x0000000024ba0000]
Native frames: (J=compiled Java code, j=interpreted, Vv=VM code, C=native code)
V  [jvm.dll+0x3152fa]
V  [jvm.dll+0x265d03]
V  [jvm.dll+0x266943]
V  [jvm.dll+0x25e265]
V  [jvm.dll+0xbe255]
V  [jvm.dll+0xbe6fc]
V  [jvm.dll+0x477e87]
V  [jvm.dll+0x445170]
V  [jvm.dll+0x4500de]
V  [jvm.dll+0x4526c8]
V  [jvm.dll+0x435fc2]
V  [jvm.dll+0x97b62]
V  [jvm.dll+0x98353]
V  [jvm.dll+0x22aac4]
V  [jvm.dll+0x283f5a]
C  [msvcr100.dll+0x21d9f]
C  [msvcr100.dll+0x21e3b]
C  [KERNEL32.DLL+0x8364]
C  [ntdll.dll+0x65e91]


Current CompileTask:
C2: 128472 3331   !   4       com.android.dx.cf.code.Ropper::processBlock (1101 bytes)


---------------  P R O C E S S  ---------------

Java Threads: ( => current thread )
  0x0000000024f54800 JavaThread "" daemon [_thread_blocked, id=2368, stack(0x0000000026f70000,0x0000000027070000)]
  0x0000000024f53800 JavaThread "pool-2-thread-4" [_thread_blocked, id=856, stack(0x0000000026e70000,0x0000000026f70000)]
  0x0000000025855800 JavaThread "pool-2-thread-3" [_thread_blocked, id=11120, stack(0x0000000026d70000,0x0000000026e70000)]
  0x000000002599a000 JavaThread "pool-2-thread-2" [_thread_blocked, id=1112, stack(0x0000000026c70000,0x0000000026d70000)]
  0x0000000025ca5800 JavaThread "pool-3-thread-1" [_thread_blocked, id=1600, stack(0x0000000026b70000,0x0000000026c70000)]
  0x0000000025747000 JavaThread "pool-2-thread-1" [_thread_blocked, id=13816, stack(0x0000000026a70000,0x0000000026b70000)]
  0x0000000001d5e800 JavaThread "Service Thread" daemon [_thread_blocked, id=1576, stack(0x00000000250a0000,0x00000000251a0000)]
  0x0000000001d05800 JavaThread "C1 CompilerThread2" daemon [_thread_blocked, id=9944, stack(0x0000000024ba0000,0x0000000024ca0000)]
=>0x0000000001cfe000 JavaThread "C2 CompilerThread1" daemon [_thread_in_native, id=6588, stack(0x0000000024aa0000,0x0000000024ba0000)]
  0x0000000001cfc000 JavaThread "C2 CompilerThread0" daemon [_thread_blocked, id=6180, stack(0x00000000249a0000,0x0000000024aa0000)]
  0x0000000001cfa800 JavaThread "Attach Listener" daemon [_thread_blocked, id=9108, stack(0x00000000248a0000,0x00000000249a0000)]
  0x0000000001cf9800 JavaThread "Signal Dispatcher" daemon [_thread_blocked, id=9280, stack(0x00000000247a0000,0x00000000248a0000)]
  0x0000000000fa6000 JavaThread "Finalizer" daemon [_thread_blocked, id=3696, stack(0x00000000246a0000,0x00000000247a0000)]
  0x0000000000f9d000 JavaThread "Reference Handler" daemon [_thread_blocked, id=14316, stack(0x00000000245a0000,0x00000000246a0000)]
  0x0000000000eb2800 JavaThread "main" [_thread_blocked, id=5572, stack(0x0000000000db0000,0x0000000000eb0000)]

Other Threads:
  0x0000000001cc5800 VMThread [stack: 0x00000000244a0000,0x00000000245a0000] [id=14144]
  0x0000000024cce800 WatcherThread [stack: 0x00000000251a0000,0x00000000252a0000] [id=8732]

VM state:at safepoint (normal execution)

VM Mutex/Monitor currently owned by a thread:  ([mutex/lock_event])
[0x0000000000d0c930] Threads_lock - owner thread: 0x0000000001cc5800
[0x0000000000d0ceb0] Heap_lock - owner thread: 0x000000002599a000

Heap:
 PSYoungGen      total 766464K, used 578048K [0x00000008d5580000, 0x0000000914180000, 0x0000000d00000000)
  eden space 578048K, 100% used [0x00000008d5580000,0x00000008f8a00000,0x00000008f8a00000)
  from space 188416K, 0% used [0x00000008f8a00000,0x00000008f8a00000,0x0000000904200000)
  to   space 184832K, 0% used [0x0000000908d00000,0x0000000908d00000,0x0000000914180000)
 ParOldGen       total 787968K, used 787581K [0x0000000080000000, 0x00000000b0180000, 0x00000008d5580000)
  object space 787968K, 99% used [0x0000000080000000,0x00000000b011f548,0x00000000b0180000)
 Metaspace       used 6748K, capacity 6984K, committed 7168K, reserved 8192K

Card table byte_map: [0x0000000012400000,0x0000000018810000] byte_map_base: 0x0000000012000000

Marking Bits: (ParMarkBitMap*) 0x000000005401b460
 Begin Bits: [0x0000000d00000000, 0x0000000d32000000)
 End Bits:   [0x0000000d32000000, 0x0000000d64000000)

Polling page: 0x0000000000cc0000

CodeCache: size=245760Kb used=11632Kb max_used=14525Kb free=234127Kb
 bounds [0x0000000003400000, 0x0000000004240000, 0x0000000012400000]
 total_blobs=2739 nmethods=2473 adapters=179
 compilation: enabled

Compilation events (10 events):
Event: 117.727 Thread 0x0000000001d05800 3336       3       com.android.dx.rop.cst.CstDouble::make (9 bytes)
Event: 117.727 Thread 0x0000000001d05800 nmethod 3336 0x0000000003adcb90 code [0x0000000003adcd20, 0x0000000003add0d0]
Event: 117.727 Thread 0x0000000001d05800 3337       3       com.android.dx.rop.cst.CstDouble::<init> (6 bytes)
Event: 117.728 Thread 0x0000000001d05800 nmethod 3337 0x0000000003d639d0 code [0x0000000003d63b40, 0x0000000003d63e70]
Event: 119.694 Thread 0x0000000001cfc000 3338       4       com.android.dx.ssa.back.FirstFitLocalCombiningAllocator$Alignment$2::nextClearBit (26 bytes)
Event: 119.699 Thread 0x0000000001cfc000 nmethod 3338 0x0000000003aa83d0 code [0x0000000003aa8520, 0x0000000003aa8778]
Event: 122.786 Thread 0x0000000001d05800 3339       3       com.android.dx.cf.code.ExecutionStack::clear (40 bytes)
Event: 122.787 Thread 0x0000000001d05800 nmethod 3339 0x0000000003a66190 code [0x0000000003a66320, 0x0000000003a66868]
Event: 127.132 Thread 0x0000000001cfc000 3340       4       java.lang.Integer::valueOf (32 bytes)
Event: 127.133 Thread 0x0000000001cfc000 nmethod 3340 0x0000000003b77d50 code [0x0000000003b77ea0, 0x0000000003b77f78]

GC Heap History (10 events):
Event: 117.685 GC heap after
Heap after GC invocations=53 (full 34):
 PSYoungGen      total 766464K, used 563939K [0x00000008d5580000, 0x0000000914180000, 0x0000000d00000000)
  eden space 578048K, 97% used [0x00000008d5580000,0x00000008f7c38f78,0x00000008f8a00000)
  from space 188416K, 0% used [0x00000008f8a00000,0x00000008f8a00000,0x0000000904200000)
  to   space 184832K, 0% used [0x0000000908d00000,0x0000000908d00000,0x0000000914180000)
 ParOldGen       total 787968K, used 787582K [0x0000000080000000, 0x00000000b0180000, 0x00000008d5580000)
  object space 787968K, 99% used [0x0000000080000000,0x00000000b011fbd8,0x00000000b0180000)
 Metaspace       used 6748K, capacity 6984K, committed 7168K, reserved 8192K
}
Event: 117.732 GC heap before
{Heap before GC invocations=54 (full 35):
 PSYoungGen      total 766464K, used 578048K [0x00000008d5580000, 0x0000000914180000, 0x0000000d00000000)
  eden space 578048K, 100% used [0x00000008d5580000,0x00000008f8a00000,0x00000008f8a00000)
  from space 188416K, 0% used [0x00000008f8a00000,0x00000008f8a00000,0x0000000904200000)
  to   space 184832K, 0% used [0x0000000908d00000,0x0000000908d00000,0x0000000914180000)
 ParOldGen       total 787968K, used 787582K [0x0000000080000000, 0x00000000b0180000, 0x00000008d5580000)
  object space 787968K, 99% used [0x0000000080000000,0x00000000b011fbd8,0x00000000b0180000)
 Metaspace       used 6748K, capacity 6984K, committed 7168K, reserved 8192K
Event: 119.688 GC heap after
Heap after GC invocations=54 (full 35):
 PSYoungGen      total 766464K, used 565913K [0x00000008d5580000, 0x0000000914180000, 0x0000000d00000000)
  eden space 578048K, 97% used [0x00000008d5580000,0x00000008f7e26670,0x00000008f8a00000)
  from space 188416K, 0% used [0x00000008f8a00000,0x00000008f8a00000,0x0000000904200000)
  to   space 184832K, 0% used [0x0000000908d00000,0x0000000908d00000,0x0000000914180000)
 ParOldGen       total 787968K, used 787582K [0x0000000080000000, 0x00000000b0180000, 0x00000008d5580000)
  object space 787968K, 99% used [0x0000000080000000,0x00000000b011fbd8,0x00000000b0180000)
 Metaspace       used 6748K, capacity 6984K, committed 7168K, reserved 8192K
}
Event: 119.726 GC heap before
{Heap before GC invocations=55 (full 36):
 PSYoungGen      total 766464K, used 578048K [0x00000008d5580000, 0x0000000914180000, 0x0000000d00000000)
  eden space 578048K, 100% used [0x00000008d5580000,0x00000008f8a00000,0x00000008f8a00000)
  from space 188416K, 0% used [0x00000008f8a00000,0x00000008f8a00000,0x0000000904200000)
  to   space 184832K, 0% used [0x0000000908d00000,0x0000000908d00000,0x0000000914180000)
 ParOldGen       total 787968K, used 787582K [0x0000000080000000, 0x00000000b0180000, 0x00000008d5580000)
  object space 787968K, 99% used [0x0000000080000000,0x00000000b011fbd8,0x00000000b0180000)
 Metaspace       used 6748K, capacity 6984K, committed 7168K, reserved 8192K
Event: 122.767 GC heap after
Heap after GC invocations=55 (full 36):
 PSYoungGen      total 766464K, used 567280K [0x00000008d5580000, 0x0000000914180000, 0x0000000d00000000)
  eden space 578048K, 98% used [0x00000008d5580000,0x00000008f7f7c148,0x00000008f8a00000)
  from space 188416K, 0% used [0x00000008f8a00000,0x00000008f8a00000,0x0000000904200000)
  to   space 184832K, 0% used [0x0000000908d00000,0x0000000908d00000,0x0000000914180000)
 ParOldGen       total 787968K, used 787581K [0x0000000080000000, 0x00000000b0180000, 0x00000008d5580000)
  object space 787968K, 99% used [0x0000000080000000,0x00000000b011f548,0x00000000b0180000)
 Metaspace       used 6748K, capacity 6984K, committed 7168K, reserved 8192K
}
Event: 122.791 GC heap before
{Heap before GC invocations=56 (full 37):
 PSYoungGen      total 766464K, used 578048K [0x00000008d5580000, 0x0000000914180000, 0x0000000d00000000)
  eden space 578048K, 100% used [0x00000008d5580000,0x00000008f8a00000,0x00000008f8a00000)
  from space 188416K, 0% used [0x00000008f8a00000,0x00000008f8a00000,0x0000000904200000)
  to   space 184832K, 0% used [0x0000000908d00000,0x0000000908d00000,0x0000000914180000)
 ParOldGen       total 787968K, used 787581K [0x0000000080000000, 0x00000000b0180000, 0x00000008d5580000)
  object space 787968K, 99% used [0x0000000080000000,0x00000000b011f548,0x00000000b0180000)
 Metaspace       used 6748K, capacity 6984K, committed 7168K, reserved 8192K
Event: 124.963 GC heap after
Heap after GC invocations=56 (full 37):
 PSYoungGen      total 766464K, used 568229K [0x00000008d5580000, 0x0000000914180000, 0x0000000d00000000)
  eden space 578048K, 98% used [0x00000008d5580000,0x00000008f80696f0,0x00000008f8a00000)
  from space 188416K, 0% used [0x00000008f8a00000,0x00000008f8a00000,0x0000000904200000)
  to   space 184832K, 0% used [0x0000000908d00000,0x0000000908d00000,0x0000000914180000)
 ParOldGen       total 787968K, used 787581K [0x0000000080000000, 0x00000000b0180000, 0x00000008d5580000)
  object space 787968K, 99% used [0x0000000080000000,0x00000000b011f548,0x00000000b0180000)
 Metaspace       used 6748K, capacity 6984K, committed 7168K, reserved 8192K
}
Event: 125.037 GC heap before
{Heap before GC invocations=57 (full 38):
 PSYoungGen      total 766464K, used 578048K [0x00000008d5580000, 0x0000000914180000, 0x0000000d00000000)
  eden space 578048K, 100% used [0x00000008d5580000,0x00000008f8a00000,0x00000008f8a00000)
  from space 188416K, 0% used [0x00000008f8a00000,0x00000008f8a00000,0x0000000904200000)
  to   space 184832K, 0% used [0x0000000908d00000,0x0000000908d00000,0x0000000914180000)
 ParOldGen       total 787968K, used 787581K [0x0000000080000000, 0x00000000b0180000, 0x00000008d5580000)
  object space 787968K, 99% used [0x0000000080000000,0x00000000b011f548,0x00000000b0180000)
 Metaspace       used 6748K, capacity 6984K, committed 7168K, reserved 8192K
Event: 127.124 GC heap after
Heap after GC invocations=57 (full 38):
 PSYoungGen      total 766464K, used 569462K [0x00000008d5580000, 0x0000000914180000, 0x0000000d00000000)
  eden space 578048K, 98% used [0x00000008d5580000,0x00000008f819dbf8,0x00000008f8a00000)
  from space 188416K, 0% used [0x00000008f8a00000,0x00000008f8a00000,0x0000000904200000)
  to   space 184832K, 0% used [0x0000000908d00000,0x0000000908d00000,0x0000000914180000)
 ParOldGen       total 787968K, used 787581K [0x0000000080000000, 0x00000000b0180000, 0x00000008d5580000)
  object space 787968K, 99% used [0x0000000080000000,0x00000000b011f548,0x00000000b0180000)
 Metaspace       used 6748K, capacity 6984K, committed 7168K, reserved 8192K
}
Event: 127.138 GC heap before
{Heap before GC invocations=58 (full 39):
 PSYoungGen      total 766464K, used 578048K [0x00000008d5580000, 0x0000000914180000, 0x0000000d00000000)
  eden space 578048K, 100% used [0x00000008d5580000,0x00000008f8a00000,0x00000008f8a00000)
  from space 188416K, 0% used [0x00000008f8a00000,0x00000008f8a00000,0x0000000904200000)
  to   space 184832K, 0% used [0x0000000908d00000,0x0000000908d00000,0x0000000914180000)
 ParOldGen       total 787968K, used 787581K [0x0000000080000000, 0x00000000b0180000, 0x00000008d5580000)
  object space 787968K, 99% used [0x0000000080000000,0x00000000b011f548,0x00000000b0180000)
 Metaspace       used 6748K, capacity 6984K, committed 7168K, reserved 8192K

Deoptimization events (10 events):
Event: 94.824 Thread 0x0000000025855800 Uncommon trap: reason=class_check action=maybe_recompile pc=0x000000000414bfc8 method=com.android.dx.cf.code.BaseMachine.localArg(Lcom/android/dx/cf/code/Frame;I)V @ 14
Event: 94.824 Thread 0x0000000025855800 Uncommon trap: reason=class_check action=maybe_recompile pc=0x000000000414bfc8 method=com.android.dx.cf.code.BaseMachine.localArg(Lcom/android/dx/cf/code/Frame;I)V @ 14
Event: 97.679 Thread 0x0000000025855800 Uncommon trap: reason=class_check action=maybe_recompile pc=0x0000000003d442ac method=com.android.dx.cf.code.BaseMachine.storeResults(Lcom/android/dx/cf/code/Frame;)V @ 41
Event: 97.679 Thread 0x0000000025855800 Uncommon trap: reason=class_check action=maybe_recompile pc=0x000000000393e414 method=com.android.dx.cf.code.Frame.mergeWith(Lcom/android/dx/cf/code/Frame;)Lcom/android/dx/cf/code/Frame; @ 8
Event: 97.679 Thread 0x0000000025855800 Uncommon trap: reason=class_check action=maybe_recompile pc=0x000000000393e414 method=com.android.dx.cf.code.Frame.mergeWith(Lcom/android/dx/cf/code/Frame;)Lcom/android/dx/cf/code/Frame; @ 8
Event: 100.316 Thread 0x0000000025747000 Uncommon trap: reason=bimorphic action=maybe_recompile pc=0x00000000037c15ac method=com.android.dx.cf.code.BytecodeArray.parseInstruction(ILcom/android/dx/cf/code/BytecodeArray$Visitor;)I @ 1987
Event: 103.058 Thread 0x0000000025747000 Uncommon trap: reason=bimorphic action=maybe_recompile pc=0x00000000037c15ac method=com.android.dx.cf.code.BytecodeArray.parseInstruction(ILcom/android/dx/cf/code/BytecodeArray$Visitor;)I @ 1987
Event: 103.063 Thread 0x0000000025747000 Uncommon trap: reason=class_check action=maybe_recompile pc=0x0000000003d442ac method=com.android.dx.cf.code.BaseMachine.storeResults(Lcom/android/dx/cf/code/Frame;)V @ 41
Event: 103.063 Thread 0x0000000025747000 Uncommon trap: reason=class_check action=maybe_recompile pc=0x000000000393e414 method=com.android.dx.cf.code.Frame.mergeWith(Lcom/android/dx/cf/code/Frame;)Lcom/android/dx/cf/code/Frame; @ 8
Event: 103.063 Thread 0x0000000025747000 Uncommon trap: reason=class_check action=maybe_recompile pc=0x000000000393e414 method=com.android.dx.cf.code.Frame.mergeWith(Lcom/android/dx/cf/code/Frame;)Lcom/android/dx/cf/code/Frame; @ 8

Internal exceptions (10 events):
Event: 43.642 Thread 0x000000002599a000 Implicit null exception at 0x000000000417065c to 0x0000000004170684
Event: 53.345 Thread 0x0000000000eb2800 Exception <a 'java/security/PrivilegedActionException'> (0x00000008f24a8c20) thrown at [D:\re\workspace\8-2-build-windows-amd64-cygwin\jdk8u20\1074\hotspot\src\share\vm\prims\jvm.cpp, line 1275]
Event: 53.377 Thread 0x0000000024f54800 Implicit null exception at 0x00000000038481b9 to 0x00000000038496ad
Event: 53.388 Thread 0x0000000024f54800 Exception <a 'java/security/PrivilegedActionException'> (0x00000008f3328c70) thrown at [D:\re\workspace\8-2-build-windows-amd64-cygwin\jdk8u20\1074\hotspot\src\share\vm\prims\jvm.cpp, line 1275]
Event: 75.013 Thread 0x0000000024f54800 Exception <a 'java/security/PrivilegedActionException'> (0x00000008f10f2988) thrown at [D:\re\workspace\8-2-build-windows-amd64-cygwin\jdk8u20\1074\hotspot\src\share\vm\prims\jvm.cpp, line 1275]
Event: 85.586 Thread 0x0000000025747000 Implicit null exception at 0x00000000040e383c to 0x00000000040e3936
Event: 94.778 Thread 0x0000000025747000 Exception <a 'java/security/PrivilegedActionException'> (0x00000008f726ddc0) thrown at [D:\re\workspace\8-2-build-windows-amd64-cygwin\jdk8u20\1074\hotspot\src\share\vm\prims\jvm.cpp, line 1275]
Event: 94.781 Thread 0x0000000025747000 Exception <a 'java/security/PrivilegedActionException'> (0x00000008f7277f20) thrown at [D:\re\workspace\8-2-build-windows-amd64-cygwin\jdk8u20\1074\hotspot\src\share\vm\prims\jvm.cpp, line 1275]
Event: 94.781 Thread 0x0000000025747000 Exception <a 'java/security/PrivilegedActionException'> (0x00000008f727b4d8) thrown at [D:\re\workspace\8-2-build-windows-amd64-cygwin\jdk8u20\1074\hotspot\src\share\vm\prims\jvm.cpp, line 1275]
Event: 94.783 Thread 0x0000000025747000 Exception <a 'java/security/PrivilegedActionException'> (0x00000008f7282b90) thrown at [D:\re\workspace\8-2-build-windows-amd64-cygwin\jdk8u20\1074\hotspot\src\share\vm\prims\jvm.cpp, line 1275]

Events (10 events):
Event: 117.685 Executing VM operation: ParallelGCFailedAllocation done
Event: 117.729 Executing VM operation: ParallelGCFailedAllocation
Event: 119.688 Executing VM operation: ParallelGCFailedAllocation done
Event: 119.726 Executing VM operation: ParallelGCFailedAllocation
Event: 122.767 Executing VM operation: ParallelGCFailedAllocation done
Event: 122.791 Executing VM operation: ParallelGCFailedAllocation
Event: 124.964 Executing VM operation: ParallelGCFailedAllocation done
Event: 125.035 Executing VM operation: ParallelGCFailedAllocation
Event: 127.125 Executing VM operation: ParallelGCFailedAllocation done
Event: 127.138 Executing VM operation: ParallelGCFailedAllocation


Dynamic libraries:
0x00007ff7d3eb0000 - 0x00007ff7d3ee4000 	C:\Program Files\Java\jdk1.8.0_20\bin\java.exe
0x00007ff9b0c20000 - 0x00007ff9b0df1000 	C:\WINDOWS\SYSTEM32\ntdll.dll
0x00007ff9b0060000 - 0x00007ff9b010b000 	C:\WINDOWS\System32\KERNEL32.DLL
0x00007ff9adb20000 - 0x00007ff9add3d000 	C:\WINDOWS\System32\KERNELBASE.dll
0x00007ff9b0210000 - 0x00007ff9b02b2000 	C:\WINDOWS\System32\ADVAPI32.dll
0x00007ff9affc0000 - 0x00007ff9b005e000 	C:\WINDOWS\System32\msvcrt.dll
0x00007ff9b0bc0000 - 0x00007ff9b0c19000 	C:\WINDOWS\System32\sechost.dll
0x00007ff9b0970000 - 0x00007ff9b0a91000 	C:\WINDOWS\System32\RPCRT4.dll
0x00007ff9b07f0000 - 0x00007ff9b0955000 	C:\WINDOWS\System32\USER32.dll
0x00007ff9ad300000 - 0x00007ff9ad31e000 	C:\WINDOWS\System32\win32u.dll
0x00007ff9b02c0000 - 0x00007ff9b02f4000 	C:\WINDOWS\System32\GDI32.dll
0x00007ff9adda0000 - 0x00007ff9adf22000 	C:\WINDOWS\System32\gdi32full.dll
0x00007ff9a7ae0000 - 0x00007ff9a7d5a000 	C:\WINDOWS\WinSxS\amd64_microsoft.windows.common-controls_6595b64144ccf1df_6.0.14393.351_none_4213128bc687e6d3\COMCTL32.dll
0x00007ff9b03c0000 - 0x00007ff9b0687000 	C:\WINDOWS\System32\combase.dll
0x00007ff9ad1b0000 - 0x00007ff9ad2a5000 	C:\WINDOWS\System32\ucrtbase.dll
0x00007ff9ad320000 - 0x00007ff9ad38a000 	C:\WINDOWS\System32\bcryptPrimitives.dll
0x00007ff9ae370000 - 0x00007ff9ae39e000 	C:\WINDOWS\System32\IMM32.DLL
0x0000000054c30000 - 0x0000000054d02000 	C:\Program Files\Java\jdk1.8.0_20\jre\bin\msvcr100.dll
0x0000000053840000 - 0x0000000054098000 	C:\Program Files\Java\jdk1.8.0_20\jre\bin\server\jvm.dll
0x00007ff9b0960000 - 0x00007ff9b0968000 	C:\WINDOWS\System32\PSAPI.DLL
0x00007ff9a2eb0000 - 0x00007ff9a2eb9000 	C:\WINDOWS\SYSTEM32\WSOCK32.dll
0x00007ff9ab2a0000 - 0x00007ff9ab2c3000 	C:\WINDOWS\SYSTEM32\WINMM.dll
0x00007ff9aea40000 - 0x00007ff9aeaaa000 	C:\WINDOWS\System32\WS2_32.dll
0x0000000000c90000 - 0x0000000000cbb000 	C:\WINDOWS\SYSTEM32\WINMMBASE.dll
0x00007ff9ad2b0000 - 0x00007ff9ad2f2000 	C:\WINDOWS\System32\cfgmgr32.dll
0x00000000550b0000 - 0x00000000550bf000 	C:\Program Files\Java\jdk1.8.0_20\jre\bin\verify.dll
0x0000000055080000 - 0x00000000550a8000 	C:\Program Files\Java\jdk1.8.0_20\jre\bin\java.dll
0x0000000055060000 - 0x0000000055076000 	C:\Program Files\Java\jdk1.8.0_20\jre\bin\zip.dll
0x00007ff9aeab0000 - 0x00007ff9affb9000 	C:\WINDOWS\System32\SHELL32.dll
0x00007ff9ad440000 - 0x00007ff9adb1a000 	C:\WINDOWS\System32\windows.storage.dll
0x00007ff9ad0b0000 - 0x00007ff9ad0fc000 	C:\WINDOWS\System32\powrprof.dll
0x00007ff9ae970000 - 0x00007ff9ae9c2000 	C:\WINDOWS\System32\shlwapi.dll
0x00007ff9ad0a0000 - 0x00007ff9ad0af000 	C:\WINDOWS\System32\kernel.appcore.dll
0x00007ff9adf30000 - 0x00007ff9adfd9000 	C:\WINDOWS\System32\shcore.dll
0x00007ff9ad080000 - 0x00007ff9ad094000 	C:\WINDOWS\System32\profapi.dll
0x00007ff9a64b0000 - 0x00007ff9a6642000 	C:\WINDOWS\SYSTEM32\dbghelp.dll

VM Arguments:
jvm_args: -Djava.awt.headless=true -Xmx50g -Dfile.encoding=windows-1251 -Duser.country=RU -Duser.language=ru -Duser.variant 
java_command: com.android.dx.command.Main --dex --num-threads=4 --multi-dex --main-dex-list C:\Users\User\Documents\GitHub\iCRM\iCRM\app\build\intermediates\multi-dex\debug\maindexlist.txt --output C:\Users\User\Documents\GitHub\iCRM\iCRM\app\build\intermediates\transforms\dex\debug\folders\1000\1f\main C:\Users\User\Documents\GitHub\iCRM\iCRM\app\build\intermediates\transforms\jarMerging\debug\jars\1\1f\combined.jar
java_class_path (initial): C:\Users\User\AppData\Local\Android\sdk\build-tools\23.0.3\lib\dx.jar
Launcher Type: SUN_STANDARD

Environment Variables:
PATH=C:\ProgramData\Oracle\Java\javapath;C:\Program Files\Broadcom\Broadcom 802.11 Network Adapter;C:\Program Files (x86)\NVIDIA Corporation\PhysX\Common;C:\Program Files (x86)\Intel\iCLS Client\;C:\Program Files\Intel\iCLS Client\;C:\Windows\system32;C:\Windows;C:\Windows\System32\Wbem;C:\Windows\System32\WindowsPowerShell\v1.0\;C:\Program Files\Intel\Intel(R) Management Engine Components\DAL;C:\Program Files\Intel\Intel(R) Management Engine Components\IPT;C:\Program Files (x86)\Intel\Intel(R) Management Engine Components\DAL;C:\Program Files (x86)\Intel\Intel(R) Management Engine Components\IPT;C:\Program Files\WIDCOMM\Bluetooth Software\;C:\Program Files\WIDCOMM\Bluetooth Software\syswow64;C:\Program Files\Acer\Remote Files\;C:\Program Files (x86)\Skype\Phone\;C:\Program Files\OpenVPN\bin;C:\WINDOWS\system32;C:\WINDOWS;C:\WINDOWS\System32\Wbem;C:\WINDOWS\System32\WindowsPowerShell\v1.0\;C:\Users\User\AppData\Local\Microsoft\WindowsApps;
USERNAME=User
OS=Windows_NT
PROCESSOR_IDENTIFIER=Intel64 Family 6 Model 69 Stepping 1, GenuineIntel



---------------  S Y S T E M  ---------------

OS: Windows 8.1 , 64 bit Build 9600 

CPU:total 4 (2 cores per cpu, 2 threads per core) family 6 model 69 stepping 1, cmov, cx8, fxsr, mmx, sse, sse2, sse3, ssse3, sse4.1, sse4.2, popcnt, avx, avx2, aes, clmul, erms, lzcnt, ht, tsc, tscinvbit, bmi1, bmi2

Memory: 4k page, physical 8310040k(538816k free), swap 12405868k(4360k free)

vm_info: Java HotSpot(TM) 64-Bit Server VM (25.20-b23) for windows-amd64 JRE (1.8.0_20-b26), built on Jul 30 2014 13:51:23 by "java_re" with MS VC++ 10.0 (VS2010)

time: Wed Nov 02 17:07:24 2016
elapsed time: 128 seconds (0d 0h 2m 8s)

