#
# There is insufficient memory for the Java Runtime Environment to continue.
# Native memory allocation (malloc) failed to allocate 16777232 bytes for Chunk::new
# Possible reasons:
#   The system is out of physical RAM or swap space
#   In 32 bit mode, the process size limit was hit
# Possible solutions:
#   Reduce memory load on the system
#   Increase physical memory or swap space
#   Check if swap backing store is full
#   Use 64 bit Java on a 64 bit OS
#   Decrease Java heap size (-Xmx/-Xms)
#   Decrease number of Java threads
#   Decrease Java thread stack sizes (-Xss)
#   Set larger code cache with -XX:ReservedCodeCacheSize=
# This output file may be truncated or incomplete.
#
#  Out of Memory Error (allocation.cpp:390), pid=940, tid=6336
#
# JRE version: Java(TM) SE Runtime Environment (8.0_20-b26) (build 1.8.0_20-b26)
# Java VM: Java HotSpot(TM) 64-Bit Server VM (25.20-b23 mixed mode windows-amd64 )
# Failed to write core dump. Minidumps are not enabled by default on client versions of Windows
#

---------------  T H R E A D  ---------------

Current thread (0x0000000001dcc000):  JavaThread "C2 CompilerThread0" daemon [_thread_in_native, id=6336, stack(0x0000000024aa0000,0x0000000024ba0000)]

Stack: [0x0000000024aa0000,0x0000000024ba0000]
Native frames: (J=compiled Java code, j=interpreted, Vv=VM code, C=native code)
V  [jvm.dll+0x3152fa]
V  [jvm.dll+0x265d03]
V  [jvm.dll+0x266943]
V  [jvm.dll+0x25e265]
V  [jvm.dll+0xbe255]
V  [jvm.dll+0xbe6fc]
V  [jvm.dll+0xf3878]
V  [jvm.dll+0x45df30]
V  [jvm.dll+0x45e1ea]
V  [jvm.dll+0x45f0cf]
V  [jvm.dll+0x46147a]
V  [jvm.dll+0x4635c5]
V  [jvm.dll+0x463f4c]
V  [jvm.dll+0x464293]
V  [jvm.dll+0x451093]
V  [jvm.dll+0x452634]
V  [jvm.dll+0x435fc2]
V  [jvm.dll+0x97b62]
V  [jvm.dll+0x98353]
V  [jvm.dll+0x22aac4]
V  [jvm.dll+0x283f5a]
C  [msvcr100.dll+0x21d9f]
C  [msvcr100.dll+0x21e3b]
C  [KERNEL32.DLL+0x8364]
C  [ntdll.dll+0x65e91]


Current CompileTask:
C2:  66891 3320   !   4       com.android.dx.cf.code.Ropper::processBlock (1101 bytes)


---------------  P R O C E S S  ---------------

Java Threads: ( => current thread )
  0x000000002551d800 JavaThread "pool-1-thread-2" [_thread_blocked, id=7408, stack(0x0000000028760000,0x0000000028860000)]
  0x0000000025df9000 JavaThread "pool-1-thread-1" [_thread_blocked, id=6676, stack(0x0000000028040000,0x0000000028140000)]
  0x0000000001e2e000 JavaThread "Service Thread" daemon [_thread_blocked, id=8820, stack(0x00000000251a0000,0x00000000252a0000)]
  0x0000000001dd2000 JavaThread "C1 CompilerThread2" daemon [_thread_blocked, id=1508, stack(0x0000000024ca0000,0x0000000024da0000)]
  0x0000000001dce800 JavaThread "C2 CompilerThread1" daemon [_thread_blocked, id=3976, stack(0x0000000024ba0000,0x0000000024ca0000)]
=>0x0000000001dcc000 JavaThread "C2 CompilerThread0" daemon [_thread_in_native, id=6336, stack(0x0000000024aa0000,0x0000000024ba0000)]
  0x0000000001dca800 JavaThread "Attach Listener" daemon [_thread_blocked, id=172, stack(0x00000000249a0000,0x0000000024aa0000)]
  0x0000000001dc9800 JavaThread "Signal Dispatcher" daemon [_thread_blocked, id=12760, stack(0x00000000248a0000,0x00000000249a0000)]
  0x0000000001076000 JavaThread "Finalizer" daemon [_thread_blocked, id=10944, stack(0x00000000247a0000,0x00000000248a0000)]
  0x000000000106d000 JavaThread "Reference Handler" daemon [_thread_blocked, id=200, stack(0x00000000246a0000,0x00000000247a0000)]
  0x0000000000f82800 JavaThread "main" [_thread_blocked, id=388, stack(0x0000000000e80000,0x0000000000f80000)]

Other Threads:
  0x0000000001d95800 VMThread [stack: 0x00000000245a0000,0x00000000246a0000] [id=10384]
  0x0000000024dd5800 WatcherThread [stack: 0x00000000252a0000,0x00000000253a0000] [id=6760]

VM state:at safepoint (normal execution)

VM Mutex/Monitor currently owned by a thread:  ([mutex/lock_event])
[0x0000000000e7c930] Threads_lock - owner thread: 0x0000000001d95800
[0x0000000000e7cb30] Heap_lock - owner thread: 0x000000002551d800

Heap:
 PSYoungGen      total 962048K, used 686080K [0x00000008d5580000, 0x0000000926880000, 0x0000000d00000000)
  eden space 686080K, 100% used [0x00000008d5580000,0x00000008ff380000,0x00000008ff380000)
  from space 275968K, 0% used [0x0000000915b00000,0x0000000915b00000,0x0000000926880000)
  to   space 257536K, 0% used [0x00000008ff380000,0x00000008ff380000,0x000000090ef00000)
 ParOldGen       total 890368K, used 890140K [0x0000000080000000, 0x00000000b6580000, 0x00000008d5580000)
  object space 890368K, 99% used [0x0000000080000000,0x00000000b65470a8,0x00000000b6580000)
 Metaspace       used 7006K, capacity 7240K, committed 7424K, reserved 8192K

Card table byte_map: [0x0000000012400000,0x0000000018810000] byte_map_base: 0x0000000012000000

Marking Bits: (ParMarkBitMap*) 0x0000000076bbb460
 Begin Bits: [0x0000000d00000000, 0x0000000d32000000)
 End Bits:   [0x0000000d32000000, 0x0000000d64000000)

Polling page: 0x0000000000e30000

CodeCache: size=245760Kb used=12164Kb max_used=14294Kb free=233595Kb
 bounds [0x0000000003400000, 0x0000000004210000, 0x0000000012400000]
 total_blobs=3031 nmethods=2765 adapters=179
 compilation: enabled

Compilation events (10 events):
Event: 66.086 Thread 0x0000000001dd2000 3705       2       com.android.dx.rop.code.RegisterSpecList::subset (85 bytes)
Event: 66.087 Thread 0x0000000001dd2000 nmethod 3705 0x00000000038a7c50 code [0x00000000038a7e20, 0x00000000038a8468]
Event: 66.114 Thread 0x0000000001dd2000 3706       2       com.android.dx.dex.file.TypeIdsSection::indexOf (66 bytes)
Event: 66.115 Thread 0x0000000001dd2000 nmethod 3706 0x00000000038a2ed0 code [0x00000000038a30c0, 0x00000000038a36d8]
Event: 66.131 Thread 0x0000000001dd2000 3707       2       com.android.dx.dex.code.form.Form31t::codeSize (2 bytes)
Event: 66.132 Thread 0x0000000001dd2000 nmethod 3707 0x00000000038a6210 code [0x00000000038a6360, 0x00000000038a64b0]
Event: 66.132 Thread 0x0000000001dd2000 3708       2       com.android.dx.dex.code.OddSpacer::codeSize (7 bytes)
Event: 66.132 Thread 0x0000000001dd2000 nmethod 3708 0x00000000038a7810 code [0x00000000038a7980, 0x00000000038a7b68]
Event: 66.133 Thread 0x0000000001dd2000 3709       2       com.android.dx.dex.code.form.Form31t::branchFits (2 bytes)
Event: 66.133 Thread 0x0000000001dd2000 nmethod 3709 0x00000000038a0b90 code [0x00000000038a0ce0, 0x00000000038a0e30]

GC Heap History (10 events):
Event: 45.023 GC heap after
Heap after GC invocations=27 (full 9):
 PSYoungGen      total 962048K, used 264561K [0x00000008d5580000, 0x0000000926880000, 0x0000000d00000000)
  eden space 686080K, 38% used [0x00000008d5580000,0x00000008e57dc470,0x00000008ff380000)
  from space 275968K, 0% used [0x0000000915b00000,0x0000000915b00000,0x0000000926880000)
  to   space 257536K, 0% used [0x00000008ff380000,0x00000008ff380000,0x000000090ef00000)
 ParOldGen       total 890368K, used 890062K [0x0000000080000000, 0x00000000b6580000, 0x00000008d5580000)
  object space 890368K, 99% used [0x0000000080000000,0x00000000b6533800,0x00000000b6580000)
 Metaspace       used 6597K, capacity 6920K, committed 7168K, reserved 8192K
}
Event: 45.823 GC heap before
{Heap before GC invocations=28 (full 10):
 PSYoungGen      total 962048K, used 686080K [0x00000008d5580000, 0x0000000926880000, 0x0000000d00000000)
  eden space 686080K, 100% used [0x00000008d5580000,0x00000008ff380000,0x00000008ff380000)
  from space 275968K, 0% used [0x0000000915b00000,0x0000000915b00000,0x0000000926880000)
  to   space 257536K, 0% used [0x00000008ff380000,0x00000008ff380000,0x000000090ef00000)
 ParOldGen       total 890368K, used 890062K [0x0000000080000000, 0x00000000b6580000, 0x00000008d5580000)
  object space 890368K, 99% used [0x0000000080000000,0x00000000b6533800,0x00000000b6580000)
 Metaspace       used 6667K, capacity 6920K, committed 7168K, reserved 8192K
Event: 50.798 GC heap after
Heap after GC invocations=28 (full 10):
 PSYoungGen      total 962048K, used 319234K [0x00000008d5580000, 0x0000000926880000, 0x0000000d00000000)
  eden space 686080K, 46% used [0x00000008d5580000,0x00000008e8d40888,0x00000008ff380000)
  from space 275968K, 0% used [0x0000000915b00000,0x0000000915b00000,0x0000000926880000)
  to   space 257536K, 0% used [0x00000008ff380000,0x00000008ff380000,0x000000090ef00000)
 ParOldGen       total 890368K, used 890358K [0x0000000080000000, 0x00000000b6580000, 0x00000008d5580000)
  object space 890368K, 99% used [0x0000000080000000,0x00000000b657db60,0x00000000b6580000)
 Metaspace       used 6667K, capacity 6920K, committed 7168K, reserved 8192K
}
Event: 51.618 GC heap before
{Heap before GC invocations=29 (full 11):
 PSYoungGen      total 962048K, used 686080K [0x00000008d5580000, 0x0000000926880000, 0x0000000d00000000)
  eden space 686080K, 100% used [0x00000008d5580000,0x00000008ff380000,0x00000008ff380000)
  from space 275968K, 0% used [0x0000000915b00000,0x0000000915b00000,0x0000000926880000)
  to   space 257536K, 0% used [0x00000008ff380000,0x00000008ff380000,0x000000090ef00000)
 ParOldGen       total 890368K, used 890358K [0x0000000080000000, 0x00000000b6580000, 0x00000008d5580000)
  object space 890368K, 99% used [0x0000000080000000,0x00000000b657db60,0x00000000b6580000)
 Metaspace       used 6704K, capacity 6984K, committed 7168K, reserved 8192K
Event: 57.519 GC heap after
Heap after GC invocations=29 (full 11):
 PSYoungGen      total 962048K, used 371647K [0x00000008d5580000, 0x0000000926880000, 0x0000000d00000000)
  eden space 686080K, 54% used [0x00000008d5580000,0x00000008ec06fc58,0x00000008ff380000)
  from space 275968K, 0% used [0x0000000915b00000,0x0000000915b00000,0x0000000926880000)
  to   space 257536K, 0% used [0x00000008ff380000,0x00000008ff380000,0x000000090ef00000)
 ParOldGen       total 890368K, used 890154K [0x0000000080000000, 0x00000000b6580000, 0x00000008d5580000)
  object space 890368K, 99% used [0x0000000080000000,0x00000000b654a930,0x00000000b6580000)
 Metaspace       used 6704K, capacity 6984K, committed 7168K, reserved 8192K
}
Event: 58.054 GC heap before
{Heap before GC invocations=30 (full 12):
 PSYoungGen      total 962048K, used 686080K [0x00000008d5580000, 0x0000000926880000, 0x0000000d00000000)
  eden space 686080K, 100% used [0x00000008d5580000,0x00000008ff380000,0x00000008ff380000)
  from space 275968K, 0% used [0x0000000915b00000,0x0000000915b00000,0x0000000926880000)
  to   space 257536K, 0% used [0x00000008ff380000,0x00000008ff380000,0x000000090ef00000)
 ParOldGen       total 890368K, used 890154K [0x0000000080000000, 0x00000000b6580000, 0x00000008d5580000)
  object space 890368K, 99% used [0x0000000080000000,0x00000000b654a930,0x00000000b6580000)
 Metaspace       used 6704K, capacity 6984K, committed 7168K, reserved 8192K
Event: 60.996 GC heap after
Heap after GC invocations=30 (full 12):
 PSYoungGen      total 962048K, used 420817K [0x00000008d5580000, 0x0000000926880000, 0x0000000d00000000)
  eden space 686080K, 61% used [0x00000008d5580000,0x00000008ef074758,0x00000008ff380000)
  from space 275968K, 0% used [0x0000000915b00000,0x0000000915b00000,0x0000000926880000)
  to   space 257536K, 0% used [0x00000008ff380000,0x00000008ff380000,0x000000090ef00000)
 ParOldGen       total 890368K, used 890152K [0x0000000080000000, 0x00000000b6580000, 0x00000008d5580000)
  object space 890368K, 99% used [0x0000000080000000,0x00000000b654a2d0,0x00000000b6580000)
 Metaspace       used 6704K, capacity 6984K, committed 7168K, reserved 8192K
}
Event: 61.603 GC heap before
{Heap before GC invocations=31 (full 13):
 PSYoungGen      total 962048K, used 686080K [0x00000008d5580000, 0x0000000926880000, 0x0000000d00000000)
  eden space 686080K, 100% used [0x00000008d5580000,0x00000008ff380000,0x00000008ff380000)
  from space 275968K, 0% used [0x0000000915b00000,0x0000000915b00000,0x0000000926880000)
  to   space 257536K, 0% used [0x00000008ff380000,0x00000008ff380000,0x000000090ef00000)
 ParOldGen       total 890368K, used 890152K [0x0000000080000000, 0x00000000b6580000, 0x00000008d5580000)
  object space 890368K, 99% used [0x0000000080000000,0x00000000b654a2d0,0x00000000b6580000)
 Metaspace       used 6739K, capacity 6984K, committed 7168K, reserved 8192K
Event: 64.791 GC heap after
Heap after GC invocations=31 (full 13):
 PSYoungGen      total 962048K, used 452699K [0x00000008d5580000, 0x0000000926880000, 0x0000000d00000000)
  eden space 686080K, 65% used [0x00000008d5580000,0x00000008f0f96ef8,0x00000008ff380000)
  from space 275968K, 0% used [0x0000000915b00000,0x0000000915b00000,0x0000000926880000)
  to   space 257536K, 0% used [0x00000008ff380000,0x00000008ff380000,0x000000090ef00000)
 ParOldGen       total 890368K, used 890140K [0x0000000080000000, 0x00000000b6580000, 0x00000008d5580000)
  object space 890368K, 99% used [0x0000000080000000,0x00000000b65470a8,0x00000000b6580000)
 Metaspace       used 6739K, capacity 6984K, committed 7168K, reserved 8192K
}
Event: 66.135 GC heap before
{Heap before GC invocations=32 (full 14):
 PSYoungGen      total 962048K, used 686080K [0x00000008d5580000, 0x0000000926880000, 0x0000000d00000000)
  eden space 686080K, 100% used [0x00000008d5580000,0x00000008ff380000,0x00000008ff380000)
  from space 275968K, 0% used [0x0000000915b00000,0x0000000915b00000,0x0000000926880000)
  to   space 257536K, 0% used [0x00000008ff380000,0x00000008ff380000,0x000000090ef00000)
 ParOldGen       total 890368K, used 890140K [0x0000000080000000, 0x00000000b6580000, 0x00000008d5580000)
  object space 890368K, 99% used [0x0000000080000000,0x00000000b65470a8,0x00000000b6580000)
 Metaspace       used 7006K, capacity 7240K, committed 7424K, reserved 8192K

Deoptimization events (10 events):
Event: 65.553 Thread 0x000000002551d800 Uncommon trap: reason=predicate action=maybe_recompile pc=0x0000000003547680 method=java.util.TimSort.binarySort([Ljava/lang/Object;IIILjava/util/Comparator;)V @ 76
Event: 65.642 Thread 0x000000002551d800 Uncommon trap: reason=speculate_class_check action=maybe_recompile pc=0x0000000003843ee8 method=com.android.dx.util.FixedSizeList.equals(Ljava/lang/Object;)Z @ 25
Event: 65.642 Thread 0x000000002551d800 Uncommon trap: reason=class_check action=maybe_recompile pc=0x000000000383b204 method=java.util.Arrays.equals([Ljava/lang/Object;[Ljava/lang/Object;)Z @ 62
Event: 65.642 Thread 0x000000002551d800 Uncommon trap: reason=speculate_class_check action=maybe_recompile pc=0x0000000003843ee8 method=com.android.dx.util.FixedSizeList.equals(Ljava/lang/Object;)Z @ 25
Event: 65.642 Thread 0x000000002551d800 Uncommon trap: reason=class_check action=maybe_recompile pc=0x000000000383b204 method=java.util.Arrays.equals([Ljava/lang/Object;[Ljava/lang/Object;)Z @ 62
Event: 65.642 Thread 0x000000002551d800 Uncommon trap: reason=speculate_class_check action=maybe_recompile pc=0x0000000003843ee8 method=com.android.dx.util.FixedSizeList.equals(Ljava/lang/Object;)Z @ 25
Event: 65.642 Thread 0x000000002551d800 Uncommon trap: reason=class_check action=maybe_recompile pc=0x000000000383b204 method=java.util.Arrays.equals([Ljava/lang/Object;[Ljava/lang/Object;)Z @ 62
Event: 65.642 Thread 0x000000002551d800 Uncommon trap: reason=speculate_class_check action=maybe_recompile pc=0x0000000003843ee8 method=com.android.dx.util.FixedSizeList.equals(Ljava/lang/Object;)Z @ 25
Event: 65.642 Thread 0x000000002551d800 Uncommon trap: reason=class_check action=maybe_recompile pc=0x000000000383b204 method=java.util.Arrays.equals([Ljava/lang/Object;[Ljava/lang/Object;)Z @ 62
Event: 65.919 Thread 0x000000002551d800 Uncommon trap: reason=unreached action=reinterpret pc=0x000000000393df04 method=com.android.dx.dex.code.LocalList$MakeState.filterSpec(Lcom/android/dx/rop/code/RegisterSpec;)Lcom/android/dx/rop/code/RegisterSpec; @ 1

Internal exceptions (10 events):
Event: 65.567 Thread 0x000000002551d800 Exception <a 'java/security/PrivilegedActionException'> (0x00000008fd31c050) thrown at [D:\re\workspace\8-2-build-windows-amd64-cygwin\jdk8u20\1074\hotspot\src\share\vm\prims\jvm.cpp, line 1275]
Event: 65.568 Thread 0x000000002551d800 Exception <a 'java/security/PrivilegedActionException'> (0x00000008fd321820) thrown at [D:\re\workspace\8-2-build-windows-amd64-cygwin\jdk8u20\1074\hotspot\src\share\vm\prims\jvm.cpp, line 1275]
Event: 65.569 Thread 0x000000002551d800 Exception <a 'java/security/PrivilegedActionException'> (0x00000008fd3283f0) thrown at [D:\re\workspace\8-2-build-windows-amd64-cygwin\jdk8u20\1074\hotspot\src\share\vm\prims\jvm.cpp, line 1275]
Event: 65.569 Thread 0x000000002551d800 Exception <a 'java/security/PrivilegedActionException'> (0x00000008fd32d088) thrown at [D:\re\workspace\8-2-build-windows-amd64-cygwin\jdk8u20\1074\hotspot\src\share\vm\prims\jvm.cpp, line 1275]
Event: 65.574 Thread 0x000000002551d800 Exception <a 'java/security/PrivilegedActionException'> (0x00000008fd333ed0) thrown at [D:\re\workspace\8-2-build-windows-amd64-cygwin\jdk8u20\1074\hotspot\src\share\vm\prims\jvm.cpp, line 1275]
Event: 65.641 Thread 0x000000002551d800 Exception <a 'java/security/PrivilegedActionException'> (0x00000008fd3faee8) thrown at [D:\re\workspace\8-2-build-windows-amd64-cygwin\jdk8u20\1074\hotspot\src\share\vm\prims\jvm.cpp, line 1275]
Event: 65.643 Thread 0x000000002551d800 Exception <a 'java/security/PrivilegedActionException'> (0x00000008fd3ff070) thrown at [D:\re\workspace\8-2-build-windows-amd64-cygwin\jdk8u20\1074\hotspot\src\share\vm\prims\jvm.cpp, line 1275]
Event: 65.643 Thread 0x000000002551d800 Exception <a 'java/security/PrivilegedActionException'> (0x00000008fd402b38) thrown at [D:\re\workspace\8-2-build-windows-amd64-cygwin\jdk8u20\1074\hotspot\src\share\vm\prims\jvm.cpp, line 1275]
Event: 65.918 Thread 0x000000002551d800 Exception <a 'java/security/PrivilegedActionException'> (0x00000008fe502a00) thrown at [D:\re\workspace\8-2-build-windows-amd64-cygwin\jdk8u20\1074\hotspot\src\share\vm\prims\jvm.cpp, line 1275]
Event: 65.919 Thread 0x000000002551d800 Exception <a 'java/security/PrivilegedActionException'> (0x00000008fe505fe8) thrown at [D:\re\workspace\8-2-build-windows-amd64-cygwin\jdk8u20\1074\hotspot\src\share\vm\prims\jvm.cpp, line 1275]

Events (10 events):
Event: 66.044 Thread 0x000000002551d800 DEOPT UNPACKING pc=0x00000000034475bf sp=0x000000002885ee70 mode 0
Event: 66.044 Thread 0x000000002551d800 DEOPT PACKING pc=0x0000000003bf607b sp=0x000000002885f0a0
Event: 66.044 Thread 0x000000002551d800 DEOPT UNPACKING pc=0x00000000034475bf sp=0x000000002885ee20 mode 0
Event: 66.062 Thread 0x000000002551d800 DEOPT PACKING pc=0x0000000003878f53 sp=0x000000002885f090
Event: 66.062 Thread 0x000000002551d800 DEOPT UNPACKING pc=0x00000000034475bf sp=0x000000002885ee08 mode 0
Event: 66.069 Thread 0x000000002551d800 DEOPT PACKING pc=0x0000000003878f53 sp=0x000000002885f090
Event: 66.069 Thread 0x000000002551d800 DEOPT UNPACKING pc=0x00000000034475bf sp=0x000000002885ee08 mode 0
Event: 66.075 Thread 0x000000002551d800 DEOPT PACKING pc=0x0000000003878f53 sp=0x000000002885f090
Event: 66.075 Thread 0x000000002551d800 DEOPT UNPACKING pc=0x00000000034475bf sp=0x000000002885ee08 mode 0
Event: 66.135 Executing VM operation: ParallelGCFailedAllocation


Dynamic libraries:
0x00007ff62e540000 - 0x00007ff62e574000 	C:\Program Files\Java\jdk1.8.0_20\bin\java.exe
0x00007ffd3f9f0000 - 0x00007ffd3fbc1000 	C:\WINDOWS\SYSTEM32\ntdll.dll
0x00007ffd3ee50000 - 0x00007ffd3eefb000 	C:\WINDOWS\System32\KERNEL32.DLL
0x00007ffd3c940000 - 0x00007ffd3cb5d000 	C:\WINDOWS\System32\KERNELBASE.dll
0x00007ffd3d2d0000 - 0x00007ffd3d372000 	C:\WINDOWS\System32\ADVAPI32.dll
0x00007ffd3f8c0000 - 0x00007ffd3f95e000 	C:\WINDOWS\System32\msvcrt.dll
0x00007ffd3f990000 - 0x00007ffd3f9e9000 	C:\WINDOWS\System32\sechost.dll
0x00007ffd3f400000 - 0x00007ffd3f521000 	C:\WINDOWS\System32\RPCRT4.dll
0x00007ffd3d430000 - 0x00007ffd3d595000 	C:\WINDOWS\System32\USER32.dll
0x00007ffd3cd90000 - 0x00007ffd3cdae000 	C:\WINDOWS\System32\win32u.dll
0x00007ffd3d380000 - 0x00007ffd3d3b4000 	C:\WINDOWS\System32\GDI32.dll
0x00007ffd3bf30000 - 0x00007ffd3c0b2000 	C:\WINDOWS\System32\gdi32full.dll
0x00007ffd389f0000 - 0x00007ffd38c69000 	C:\WINDOWS\WinSxS\amd64_microsoft.windows.common-controls_6595b64144ccf1df_6.0.14393.0_none_2d0f50fcbdb171b8\COMCTL32.dll
0x00007ffd3f5d0000 - 0x00007ffd3f897000 	C:\WINDOWS\System32\combase.dll
0x00007ffd3c0c0000 - 0x00007ffd3c1b5000 	C:\WINDOWS\System32\ucrtbase.dll
0x00007ffd3ccc0000 - 0x00007ffd3cd2a000 	C:\WINDOWS\System32\bcryptPrimitives.dll
0x00007ffd3f960000 - 0x00007ffd3f98e000 	C:\WINDOWS\System32\IMM32.DLL
0x0000000077b70000 - 0x0000000077c42000 	C:\Program Files\Java\jdk1.8.0_20\jre\bin\msvcr100.dll
0x00000000763e0000 - 0x0000000076c38000 	C:\Program Files\Java\jdk1.8.0_20\jre\bin\server\jvm.dll
0x00007ffd3ef60000 - 0x00007ffd3ef68000 	C:\WINDOWS\System32\PSAPI.DLL
0x00007ffd38710000 - 0x00007ffd38719000 	C:\WINDOWS\SYSTEM32\WSOCK32.dll
0x00007ffd3a390000 - 0x00007ffd3a3b3000 	C:\WINDOWS\SYSTEM32\WINMM.dll
0x00007ffd3d3c0000 - 0x00007ffd3d42a000 	C:\WINDOWS\System32\WS2_32.dll
0x0000000000e00000 - 0x0000000000e2b000 	C:\WINDOWS\SYSTEM32\WINMMBASE.dll
0x00007ffd3bee0000 - 0x00007ffd3bf22000 	C:\WINDOWS\System32\cfgmgr32.dll
0x0000000050010000 - 0x000000005001f000 	C:\Program Files\Java\jdk1.8.0_20\jre\bin\verify.dll
0x0000000077fd0000 - 0x0000000077ff8000 	C:\Program Files\Java\jdk1.8.0_20\jre\bin\java.dll
0x0000000077fb0000 - 0x0000000077fc6000 	C:\Program Files\Java\jdk1.8.0_20\jre\bin\zip.dll
0x00007ffd3d6e0000 - 0x00007ffd3ebe8000 	C:\WINDOWS\System32\SHELL32.dll
0x00007ffd3c1c0000 - 0x00007ffd3c89a000 	C:\WINDOWS\System32\windows.storage.dll
0x00007ffd3be80000 - 0x00007ffd3becc000 	C:\WINDOWS\System32\powrprof.dll
0x00007ffd3ef00000 - 0x00007ffd3ef52000 	C:\WINDOWS\System32\shlwapi.dll
0x00007ffd3bed0000 - 0x00007ffd3bedf000 	C:\WINDOWS\System32\kernel.appcore.dll
0x00007ffd3cb60000 - 0x00007ffd3cc09000 	C:\WINDOWS\System32\shcore.dll
0x00007ffd3be50000 - 0x00007ffd3be64000 	C:\WINDOWS\System32\profapi.dll
0x00007ffd2d520000 - 0x00007ffd2d6b2000 	C:\WINDOWS\SYSTEM32\dbghelp.dll

VM Arguments:
jvm_args: -Djava.awt.headless=true -Xmx50g -Dfile.encoding=windows-1251 -Duser.country=RU -Duser.language=ru -Duser.variant 
java_command: com.android.dx.command.Main --dex --num-threads=4 --multi-dex --main-dex-list C:\Users\User\Documents\GitHub\iCRM\iCRM\app\build\intermediates\multi-dex\debug\maindexlist.txt --output C:\Users\User\Documents\GitHub\iCRM\iCRM\app\build\intermediates\transforms\dex\debug\folders\1000\1f\main C:\Users\User\Documents\GitHub\iCRM\iCRM\app\build\intermediates\transforms\jarMerging\debug\jars\1\1f\combined.jar
java_class_path (initial): C:\Users\User\AppData\Local\Android\sdk\build-tools\23.0.3\lib\dx.jar
Launcher Type: SUN_STANDARD

Environment Variables:
PATH=C:\ProgramData\Oracle\Java\javapath;C:\Program Files\Broadcom\Broadcom 802.11 Network Adapter;C:\Program Files (x86)\NVIDIA Corporation\PhysX\Common;C:\Program Files (x86)\Intel\iCLS Client\;C:\Program Files\Intel\iCLS Client\;C:\Windows\system32;C:\Windows;C:\Windows\System32\Wbem;C:\Windows\System32\WindowsPowerShell\v1.0\;C:\Program Files\Intel\Intel(R) Management Engine Components\DAL;C:\Program Files\Intel\Intel(R) Management Engine Components\IPT;C:\Program Files (x86)\Intel\Intel(R) Management Engine Components\DAL;C:\Program Files (x86)\Intel\Intel(R) Management Engine Components\IPT;C:\Program Files\WIDCOMM\Bluetooth Software\;C:\Program Files\WIDCOMM\Bluetooth Software\syswow64;C:\Program Files\Acer\Remote Files\;C:\Program Files (x86)\Skype\Phone\;C:\Program Files\OpenVPN\bin;C:\WINDOWS\system32;C:\WINDOWS;C:\WINDOWS\System32\Wbem;C:\WINDOWS\System32\WindowsPowerShell\v1.0\;C:\Users\User\AppData\Local\Microsoft\WindowsApps;
USERNAME=User
OS=Windows_NT
PROCESSOR_IDENTIFIER=Intel64 Family 6 Model 69 Stepping 1, GenuineIntel



---------------  S Y S T E M  ---------------

OS: Windows 8.1 , 64 bit Build 9600 

CPU:total 4 (2 cores per cpu, 2 threads per core) family 6 model 69 stepping 1, cmov, cx8, fxsr, mmx, sse, sse2, sse3, ssse3, sse4.1, sse4.2, popcnt, avx, avx2, aes, clmul, erms, lzcnt, ht, tsc, tscinvbit, bmi1, bmi2

Memory: 4k page, physical 8310040k(902436k free), swap 12404188k(13444k free)

vm_info: Java HotSpot(TM) 64-Bit Server VM (25.20-b23) for windows-amd64 JRE (1.8.0_20-b26), built on Jul 30 2014 13:51:23 by "java_re" with MS VC++ 10.0 (VS2010)

time: Wed Oct 19 16:25:14 2016
elapsed time: 66 seconds (0d 0h 1m 6s)

