#
# There is insufficient memory for the Java Runtime Environment to continue.
# Native memory allocation (malloc) failed to allocate 281456 bytes for Chunk::new
# Possible reasons:
#   The system is out of physical RAM or swap space
#   In 32 bit mode, the process size limit was hit
# Possible solutions:
#   Reduce memory load on the system
#   Increase physical memory or swap space
#   Check if swap backing store is full
#   Use 64 bit Java on a 64 bit OS
#   Decrease Java heap size (-Xmx/-Xms)
#   Decrease number of Java threads
#   Decrease Java thread stack sizes (-Xss)
#   Set larger code cache with -XX:ReservedCodeCacheSize=
# This output file may be truncated or incomplete.
#
#  Out of Memory Error (allocation.cpp:390), pid=7704, tid=6720
#
# JRE version: Java(TM) SE Runtime Environment (8.0_20-b26) (build 1.8.0_20-b26)
# Java VM: Java HotSpot(TM) 64-Bit Server VM (25.20-b23 mixed mode windows-amd64 )
# Failed to write core dump. Minidumps are not enabled by default on client versions of Windows
#

---------------  T H R E A D  ---------------

Current thread (0x0000000023d4c000):  JavaThread "C2 CompilerThread0" daemon [_thread_in_native, id=6720, stack(0x00000000252b0000,0x00000000253b0000)]

Stack: [0x00000000252b0000,0x00000000253b0000]
Native frames: (J=compiled Java code, j=interpreted, Vv=VM code, C=native code)
V  [jvm.dll+0x3152fa]


Current CompileTask:
C2:  26817 3032       4       com.android.dx.ssa.back.LivenessAnalyzer::liveOutAtStatement (61 bytes)


---------------  P R O C E S S  ---------------

Java Threads: ( => current thread )
  0x0000000026045800 JavaThread "pool-2-thread-4" [_thread_in_Java, id=9552, stack(0x0000000027780000,0x0000000027880000)]
  0x0000000025d5d800 JavaThread "pool-2-thread-3" [_thread_in_Java, id=7244, stack(0x0000000027680000,0x0000000027780000)]
  0x0000000025d5c800 JavaThread "pool-2-thread-2" [_thread_in_Java, id=11812, stack(0x0000000027580000,0x0000000027680000)]
  0x0000000025ef4800 JavaThread "pool-3-thread-1" [_thread_blocked, id=13164, stack(0x0000000027480000,0x0000000027580000)]
  0x00000000259ae000 JavaThread "pool-2-thread-1" [_thread_in_Java, id=11940, stack(0x0000000027380000,0x0000000027480000)]
  0x00000000255d3800 JavaThread "Service Thread" daemon [_thread_blocked, id=904, stack(0x00000000259b0000,0x0000000025ab0000)]
  0x0000000023d55800 JavaThread "C1 CompilerThread2" daemon [_thread_blocked, id=8552, stack(0x00000000254b0000,0x00000000255b0000)]
  0x0000000023d4e000 JavaThread "C2 CompilerThread1" daemon [_thread_in_native, id=11988, stack(0x00000000253b0000,0x00000000254b0000)]
=>0x0000000023d4c000 JavaThread "C2 CompilerThread0" daemon [_thread_in_native, id=6720, stack(0x00000000252b0000,0x00000000253b0000)]
  0x0000000023d4a800 JavaThread "Attach Listener" daemon [_thread_blocked, id=11760, stack(0x00000000251b0000,0x00000000252b0000)]
  0x0000000023d49800 JavaThread "Signal Dispatcher" daemon [_thread_blocked, id=10548, stack(0x00000000250b0000,0x00000000251b0000)]
  0x00000000018c6000 JavaThread "Finalizer" daemon [_thread_blocked, id=8952, stack(0x0000000024fb0000,0x00000000250b0000)]
  0x00000000018bd000 JavaThread "Reference Handler" daemon [_thread_blocked, id=3116, stack(0x0000000024eb0000,0x0000000024fb0000)]
  0x00000000017d2800 JavaThread "main" [_thread_blocked, id=5476, stack(0x0000000001600000,0x0000000001700000)]

Other Threads:
  0x0000000023d15800 VMThread [stack: 0x0000000024db0000,0x0000000024eb0000] [id=7828]
  0x00000000255d6800 WatcherThread [stack: 0x0000000025ab0000,0x0000000025bb0000] [id=1488]

VM state:not at safepoint (normal execution)

VM Mutex/Monitor currently owned by a thread: None

Heap:
 PSYoungGen      total 934400K, used 368630K [0x00000008d5580000, 0x0000000931d80000, 0x0000000d00000000)
  eden space 663040K, 14% used [0x00000008d5580000,0x00000008db47eaf0,0x00000008fdd00000)
  from space 271360K, 99% used [0x0000000914780000,0x000000092507ef48,0x0000000925080000)
  to   space 371200K, 0% used [0x00000008fdd00000,0x00000008fdd00000,0x0000000914780000)
 ParOldGen       total 897024K, used 749307K [0x0000000080000000, 0x00000000b6c00000, 0x00000008d5580000)
  object space 897024K, 83% used [0x0000000080000000,0x00000000adbbec50,0x00000000b6c00000)
 Metaspace       used 6593K, capacity 6920K, committed 7168K, reserved 8192K

Card table byte_map: [0x0000000012400000,0x0000000018810000] byte_map_base: 0x0000000012000000

Marking Bits: (ParMarkBitMap*) 0x000000005401b460
 Begin Bits: [0x0000000d00000000, 0x0000000d32000000)
 End Bits:   [0x0000000d32000000, 0x0000000d64000000)

Polling page: 0x00000000015a0000

CodeCache: size=245760Kb used=10560Kb max_used=14507Kb free=235199Kb
 bounds [0x0000000003400000, 0x0000000004240000, 0x0000000012400000]
 total_blobs=2605 nmethods=2339 adapters=179
 compilation: enabled

Compilation events (10 events):
Event: 26.772 Thread 0x0000000023d55800 3029       3       com.android.dx.ssa.back.LivenessAnalyzer::handleTailRecursion (94 bytes)
Event: 26.772 Thread 0x0000000023d55800 nmethod 3029 0x000000000363e090 code [0x000000000363e260, 0x000000000363e7a8]
Event: 26.775 Thread 0x0000000023d4c000 nmethod 3023% 0x0000000003b82d50 code [0x0000000003b82fe0, 0x0000000003b851c8]
Event: 26.775 Thread 0x0000000023d4c000 3030       4       java.util.BitSet::or (105 bytes)
Event: 26.780 Thread 0x0000000023d55800 3031       2       com.android.dx.ssa.back.LivenessAnalyzer::liveOutAtBlock (68 bytes)
Event: 26.780 Thread 0x0000000023d55800 nmethod 3031 0x00000000039cd550 code [0x00000000039cd700, 0x00000000039cdba8]
Event: 26.784 Thread 0x0000000023d4c000 nmethod 3030 0x0000000003543b10 code [0x0000000003543c60, 0x00000000035440b8]
Event: 26.784 Thread 0x0000000023d4c000 3032       4       com.android.dx.ssa.back.LivenessAnalyzer::liveOutAtStatement (61 bytes)
Event: 26.784 Thread 0x0000000023d4e000 nmethod 3024% 0x00000000037b0d50 code [0x00000000037b0ee0, 0x00000000037b1978]
Event: 26.784 Thread 0x0000000023d4e000 3033       4       com.android.dx.ssa.back.InterferenceGraph::add (46 bytes)

GC Heap History (10 events):
Event: 19.482 GC heap before
{Heap before GC invocations=18 (full 3):
 PSYoungGen      total 761856K, used 691572K [0x00000008d5580000, 0x0000000911e00000, 0x0000000d00000000)
  eden space 581120K, 100% used [0x00000008d5580000,0x00000008f8d00000,0x00000008f8d00000)
  from space 180736K, 61% used [0x0000000904900000,0x000000090b4dd3a0,0x000000090f980000)
  to   space 192512K, 0% used [0x00000008f8d00000,0x00000008f8d00000,0x0000000904900000)
 ParOldGen       total 603136K, used 383313K [0x0000000080000000, 0x00000000a4d00000, 0x00000008d5580000)
  object space 603136K, 63% used [0x0000000080000000,0x0000000097654620,0x00000000a4d00000)
 Metaspace       used 6578K, capacity 6856K, committed 6912K, reserved 8192K
Event: 19.720 GC heap after
Heap after GC invocations=18 (full 3):
 PSYoungGen      total 773632K, used 192495K [0x00000008d5580000, 0x000000091c100000, 0x0000000d00000000)
  eden space 581120K, 0% used [0x00000008d5580000,0x00000008d5580000,0x00000008f8d00000)
  from space 192512K, 99% used [0x00000008f8d00000,0x00000009048fbcf8,0x0000000904900000)
  to   space 228864K, 0% used [0x000000090e180000,0x000000090e180000,0x000000091c100000)
 ParOldGen       total 603136K, used 392908K [0x0000000080000000, 0x00000000a4d00000, 0x00000008d5580000)
  object space 603136K, 65% used [0x0000000080000000,0x0000000097fb3200,0x00000000a4d00000)
 Metaspace       used 6578K, capacity 6856K, committed 6912K, reserved 8192K
}
Event: 20.932 GC heap before
{Heap before GC invocations=19 (full 3):
 PSYoungGen      total 773632K, used 773615K [0x00000008d5580000, 0x000000091c100000, 0x0000000d00000000)
  eden space 581120K, 100% used [0x00000008d5580000,0x00000008f8d00000,0x00000008f8d00000)
  from space 192512K, 99% used [0x00000008f8d00000,0x00000009048fbcf8,0x0000000904900000)
  to   space 228864K, 0% used [0x000000090e180000,0x000000090e180000,0x000000091c100000)
 ParOldGen       total 603136K, used 392908K [0x0000000080000000, 0x00000000a4d00000, 0x00000008d5580000)
  object space 603136K, 65% used [0x0000000080000000,0x0000000097fb3200,0x00000000a4d00000)
 Metaspace       used 6579K, capacity 6856K, committed 6912K, reserved 8192K
Event: 21.224 GC heap after
Heap after GC invocations=19 (full 3):
 PSYoungGen      total 906240K, used 186118K [0x00000008d5580000, 0x0000000920180000, 0x0000000d00000000)
  eden space 677376K, 0% used [0x00000008d5580000,0x00000008d5580000,0x00000008feb00000)
  from space 228864K, 81% used [0x000000090e180000,0x00000009197419a0,0x000000091c100000)
  to   space 252416K, 0% used [0x00000008feb00000,0x00000008feb00000,0x000000090e180000)
 ParOldGen       total 603136K, used 498434K [0x0000000080000000, 0x00000000a4d00000, 0x00000008d5580000)
  object space 603136K, 82% used [0x0000000080000000,0x000000009e6c0af0,0x00000000a4d00000)
 Metaspace       used 6579K, capacity 6856K, committed 6912K, reserved 8192K
}
Event: 21.224 GC heap before
{Heap before GC invocations=20 (full 4):
 PSYoungGen      total 906240K, used 186118K [0x00000008d5580000, 0x0000000920180000, 0x0000000d00000000)
  eden space 677376K, 0% used [0x00000008d5580000,0x00000008d5580000,0x00000008feb00000)
  from space 228864K, 81% used [0x000000090e180000,0x00000009197419a0,0x000000091c100000)
  to   space 252416K, 0% used [0x00000008feb00000,0x00000008feb00000,0x000000090e180000)
 ParOldGen       total 603136K, used 498434K [0x0000000080000000, 0x00000000a4d00000, 0x00000008d5580000)
  object space 603136K, 82% used [0x0000000080000000,0x000000009e6c0af0,0x00000000a4d00000)
 Metaspace       used 6579K, capacity 6856K, committed 6912K, reserved 8192K
Event: 23.388 GC heap after
Heap after GC invocations=20 (full 4):
 PSYoungGen      total 906240K, used 76030K [0x00000008d5580000, 0x0000000920180000, 0x0000000d00000000)
  eden space 677376K, 0% used [0x00000008d5580000,0x00000008d5580000,0x00000008feb00000)
  from space 228864K, 33% used [0x000000090e180000,0x0000000912bbfa98,0x000000091c100000)
  to   space 252416K, 0% used [0x00000008feb00000,0x00000008feb00000,0x000000090e180000)
 ParOldGen       total 897024K, used 602910K [0x0000000080000000, 0x00000000b6c00000, 0x00000008d5580000)
  object space 897024K, 67% used [0x0000000080000000,0x00000000a4cc7a50,0x00000000b6c00000)
 Metaspace       used 6579K, capacity 6856K, committed 6912K, reserved 8192K
}
Event: 24.878 GC heap before
{Heap before GC invocations=21 (full 4):
 PSYoungGen      total 906240K, used 753406K [0x00000008d5580000, 0x0000000920180000, 0x0000000d00000000)
  eden space 677376K, 100% used [0x00000008d5580000,0x00000008feb00000,0x00000008feb00000)
  from space 228864K, 33% used [0x000000090e180000,0x0000000912bbfa98,0x000000091c100000)
  to   space 252416K, 0% used [0x00000008feb00000,0x00000008feb00000,0x000000090e180000)
 ParOldGen       total 897024K, used 602910K [0x0000000080000000, 0x00000000b6c00000, 0x00000008d5580000)
  object space 897024K, 67% used [0x0000000080000000,0x00000000a4cc7a50,0x00000000b6c00000)
 Metaspace       used 6592K, capacity 6920K, committed 7168K, reserved 8192K
Event: 25.164 GC heap after
Heap after GC invocations=21 (full 4):
 PSYoungGen      total 929792K, used 187459K [0x00000008d5580000, 0x0000000925080000, 0x0000000d00000000)
  eden space 677376K, 0% used [0x00000008d5580000,0x00000008d5580000,0x00000008feb00000)
  from space 252416K, 74% used [0x00000008feb00000,0x000000090a210e88,0x000000090e180000)
  to   space 271360K, 0% used [0x0000000914780000,0x0000000914780000,0x0000000925080000)
 ParOldGen       total 897024K, used 602910K [0x0000000080000000, 0x00000000b6c00000, 0x00000008d5580000)
  object space 897024K, 67% used [0x0000000080000000,0x00000000a4cc7a50,0x00000000b6c00000)
 Metaspace       used 6592K, capacity 6920K, committed 7168K, reserved 8192K
}
Event: 26.313 GC heap before
{Heap before GC invocations=22 (full 4):
 PSYoungGen      total 929792K, used 864835K [0x00000008d5580000, 0x0000000925080000, 0x0000000d00000000)
  eden space 677376K, 100% used [0x00000008d5580000,0x00000008feb00000,0x00000008feb00000)
  from space 252416K, 74% used [0x00000008feb00000,0x000000090a210e88,0x000000090e180000)
  to   space 271360K, 0% used [0x0000000914780000,0x0000000914780000,0x0000000925080000)
 ParOldGen       total 897024K, used 602910K [0x0000000080000000, 0x00000000b6c00000, 0x00000008d5580000)
  object space 897024K, 67% used [0x0000000080000000,0x00000000a4cc7a50,0x00000000b6c00000)
 Metaspace       used 6593K, capacity 6920K, committed 7168K, reserved 8192K
Event: 26.578 GC heap after
Heap after GC invocations=22 (full 4):
 PSYoungGen      total 934400K, used 271355K [0x00000008d5580000, 0x0000000931d80000, 0x0000000d00000000)
  eden space 663040K, 0% used [0x00000008d5580000,0x00000008d5580000,0x00000008fdd00000)
  from space 271360K, 99% used [0x0000000914780000,0x000000092507ef48,0x0000000925080000)
  to   space 371200K, 0% used [0x00000008fdd00000,0x00000008fdd00000,0x0000000914780000)
 ParOldGen       total 897024K, used 749307K [0x0000000080000000, 0x00000000b6c00000, 0x00000008d5580000)
  object space 897024K, 83% used [0x0000000080000000,0x00000000adbbec50,0x00000000b6c00000)
 Metaspace       used 6593K, capacity 6920K, committed 7168K, reserved 8192K
}

Deoptimization events (10 events):
Event: 26.287 Thread 0x00000000259ae000 Uncommon trap: reason=class_check action=maybe_recompile pc=0x00000000037512cc method=com.android.dx.ssa.SsaConverter.placePhiFunctions(Lcom/android/dx/ssa/SsaMethod;Lcom/android/dx/ssa/LocalVariableInfo;I)V @ 257
Event: 26.584 Thread 0x0000000025d5c800 Uncommon trap: reason=class_check action=maybe_recompile pc=0x00000000037512cc method=com.android.dx.ssa.SsaConverter.placePhiFunctions(Lcom/android/dx/ssa/SsaMethod;Lcom/android/dx/ssa/LocalVariableInfo;I)V @ 257
Event: 26.609 Thread 0x0000000025d5d800 Uncommon trap: reason=class_check action=maybe_recompile pc=0x0000000003d55da0 method=com.android.dx.ssa.SsaConverter.placePhiFunctions(Lcom/android/dx/ssa/SsaMethod;Lcom/android/dx/ssa/LocalVariableInfo;I)V @ 257
Event: 26.767 Thread 0x00000000259ae000 Uncommon trap: reason=predicate action=maybe_recompile pc=0x000000000409c7cc method=com.android.dx.ssa.back.InterferenceGraph.<init>(I)V @ 23
Event: 26.769 Thread 0x00000000259ae000 Uncommon trap: reason=unloaded action=reinterpret pc=0x000000000384ac44 method=com.android.dx.ssa.SetFactory.makeLivenessSet(I)Lcom/android/dx/util/IntSet; @ 18
Event: 26.779 Thread 0x00000000259ae000 Uncommon trap: reason=class_check action=maybe_recompile pc=0x000000000383a158 method=com.android.dx.ssa.back.InterferenceGraph.add(II)V @ 19
Event: 26.779 Thread 0x00000000259ae000 Uncommon trap: reason=class_check action=maybe_recompile pc=0x000000000383a158 method=com.android.dx.ssa.back.InterferenceGraph.add(II)V @ 19
Event: 26.779 Thread 0x00000000259ae000 Uncommon trap: reason=class_check action=maybe_recompile pc=0x000000000383a158 method=com.android.dx.ssa.back.InterferenceGraph.add(II)V @ 19
Event: 26.779 Thread 0x00000000259ae000 Uncommon trap: reason=class_check action=maybe_recompile pc=0x000000000383a158 method=com.android.dx.ssa.back.InterferenceGraph.add(II)V @ 19
Event: 26.779 Thread 0x00000000259ae000 Uncommon trap: reason=class_check action=maybe_recompile pc=0x0000000003597c70 method=com.android.dx.ssa.back.InterferenceGraph.add(II)V @ 19

Internal exceptions (10 events):
Event: 3.086 Thread 0x00000000017d2800 Exception <a 'java/security/PrivilegedActionException'> (0x00000008d7d13a70) thrown at [D:\re\workspace\8-2-build-windows-amd64-cygwin\jdk8u20\1074\hotspot\src\share\vm\prims\jvm.cpp, line 1275]
Event: 6.318 Thread 0x00000000017d2800 Implicit null exception at 0x0000000003d28c98 to 0x0000000003d2fe89
Event: 10.854 Thread 0x00000000017d2800 Exception <a 'java/security/PrivilegedActionException'> (0x00000008e4b05358) thrown at [D:\re\workspace\8-2-build-windows-amd64-cygwin\jdk8u20\1074\hotspot\src\share\vm\prims\jvm.cpp, line 1275]
Event: 10.859 Thread 0x00000000017d2800 Implicit null exception at 0x0000000003591368 to 0x0000000003591959
Event: 10.885 Thread 0x0000000026045800 Exception <a 'java/security/PrivilegedActionException'> (0x00000008e5619460) thrown at [D:\re\workspace\8-2-build-windows-amd64-cygwin\jdk8u20\1074\hotspot\src\share\vm\prims\jvm.cpp, line 1275]
Event: 12.784 Thread 0x0000000025d5d800 Implicit null exception at 0x0000000003f44cdd to 0x0000000003f45a9d
Event: 14.110 Thread 0x00000000017d2800 Exception <a 'java/security/PrivilegedActionException'> (0x00000008ee876f78) thrown at [D:\re\workspace\8-2-build-windows-amd64-cygwin\jdk8u20\1074\hotspot\src\share\vm\prims\jvm.cpp, line 1275]
Event: 14.567 Thread 0x00000000017d2800 Exception <a 'java/security/PrivilegedActionException'> (0x00000008d5babaa8) thrown at [D:\re\workspace\8-2-build-windows-amd64-cygwin\jdk8u20\1074\hotspot\src\share\vm\prims\jvm.cpp, line 1275]
Event: 23.754 Thread 0x0000000025d5d800 Exception <a 'java/security/PrivilegedActionException'> (0x00000008dec801f8) thrown at [D:\re\workspace\8-2-build-windows-amd64-cygwin\jdk8u20\1074\hotspot\src\share\vm\prims\jvm.cpp, line 1275]
Event: 23.939 Thread 0x0000000025d5d800 Exception <a 'java/security/PrivilegedActionException'> (0x00000008ded15720) thrown at [D:\re\workspace\8-2-build-windows-amd64-cygwin\jdk8u20\1074\hotspot\src\share\vm\prims\jvm.cpp, line 1275]

Events (10 events):
Event: 26.779 Thread 0x00000000259ae000 DEOPT UNPACKING pc=0x000000000344556a sp=0x000000002747e658 mode 2
Event: 26.779 Thread 0x00000000259ae000 Uncommon trap: trap_request=0xffffffde fr.pc=0x000000000383a158
Event: 26.779 Thread 0x00000000259ae000 DEOPT PACKING pc=0x000000000383a158 sp=0x000000002747e6c0
Event: 26.779 Thread 0x00000000259ae000 DEOPT UNPACKING pc=0x000000000344556a sp=0x000000002747e658 mode 2
Event: 26.779 Thread 0x00000000259ae000 Uncommon trap: trap_request=0xffffffde fr.pc=0x000000000383a158
Event: 26.779 Thread 0x00000000259ae000 DEOPT PACKING pc=0x000000000383a158 sp=0x000000002747e6c0
Event: 26.779 Thread 0x00000000259ae000 DEOPT UNPACKING pc=0x000000000344556a sp=0x000000002747e658 mode 2
Event: 26.779 Thread 0x00000000259ae000 Uncommon trap: trap_request=0xffffffde fr.pc=0x0000000003597c70
Event: 26.779 Thread 0x00000000259ae000 DEOPT PACKING pc=0x0000000003597c70 sp=0x000000002747e660
Event: 26.780 Thread 0x00000000259ae000 DEOPT UNPACKING pc=0x000000000344556a sp=0x000000002747e648 mode 2


Dynamic libraries:
0x00007ff7d3eb0000 - 0x00007ff7d3ee4000 	C:\Program Files\Java\jdk1.8.0_20\bin\java.exe
0x00007ff9b0c20000 - 0x00007ff9b0df1000 	C:\WINDOWS\SYSTEM32\ntdll.dll
0x00007ff9b0060000 - 0x00007ff9b010b000 	C:\WINDOWS\System32\KERNEL32.DLL
0x00007ff9adb20000 - 0x00007ff9add3d000 	C:\WINDOWS\System32\KERNELBASE.dll
0x00007ff9b0210000 - 0x00007ff9b02b2000 	C:\WINDOWS\System32\ADVAPI32.dll
0x00007ff9affc0000 - 0x00007ff9b005e000 	C:\WINDOWS\System32\msvcrt.dll
0x00007ff9b0bc0000 - 0x00007ff9b0c19000 	C:\WINDOWS\System32\sechost.dll
0x00007ff9b0970000 - 0x00007ff9b0a91000 	C:\WINDOWS\System32\RPCRT4.dll
0x00007ff9b07f0000 - 0x00007ff9b0955000 	C:\WINDOWS\System32\USER32.dll
0x00007ff9ad300000 - 0x00007ff9ad31e000 	C:\WINDOWS\System32\win32u.dll
0x00007ff9b02c0000 - 0x00007ff9b02f4000 	C:\WINDOWS\System32\GDI32.dll
0x00007ff9adda0000 - 0x00007ff9adf22000 	C:\WINDOWS\System32\gdi32full.dll
0x00007ff9a7ae0000 - 0x00007ff9a7d5a000 	C:\WINDOWS\WinSxS\amd64_microsoft.windows.common-controls_6595b64144ccf1df_6.0.14393.351_none_4213128bc687e6d3\COMCTL32.dll
0x00007ff9b03c0000 - 0x00007ff9b0687000 	C:\WINDOWS\System32\combase.dll
0x00007ff9ad1b0000 - 0x00007ff9ad2a5000 	C:\WINDOWS\System32\ucrtbase.dll
0x00007ff9ad320000 - 0x00007ff9ad38a000 	C:\WINDOWS\System32\bcryptPrimitives.dll
0x00007ff9ae370000 - 0x00007ff9ae39e000 	C:\WINDOWS\System32\IMM32.DLL
0x0000000054c30000 - 0x0000000054d02000 	C:\Program Files\Java\jdk1.8.0_20\jre\bin\msvcr100.dll
0x0000000053840000 - 0x0000000054098000 	C:\Program Files\Java\jdk1.8.0_20\jre\bin\server\jvm.dll
0x00007ff9b0960000 - 0x00007ff9b0968000 	C:\WINDOWS\System32\PSAPI.DLL
0x00007ff9ab2a0000 - 0x00007ff9ab2c3000 	C:\WINDOWS\SYSTEM32\WINMM.dll
0x00007ff9a2eb0000 - 0x00007ff9a2eb9000 	C:\WINDOWS\SYSTEM32\WSOCK32.dll
0x00007ff9aea40000 - 0x00007ff9aeaaa000 	C:\WINDOWS\System32\WS2_32.dll
0x00007ff9ab270000 - 0x00007ff9ab29b000 	C:\WINDOWS\SYSTEM32\WINMMBASE.dll
0x00007ff9ad2b0000 - 0x00007ff9ad2f2000 	C:\WINDOWS\System32\cfgmgr32.dll
0x00000000550b0000 - 0x00000000550bf000 	C:\Program Files\Java\jdk1.8.0_20\jre\bin\verify.dll
0x0000000055080000 - 0x00000000550a8000 	C:\Program Files\Java\jdk1.8.0_20\jre\bin\java.dll
0x0000000055060000 - 0x0000000055076000 	C:\Program Files\Java\jdk1.8.0_20\jre\bin\zip.dll
0x00007ff9aeab0000 - 0x00007ff9affb9000 	C:\WINDOWS\System32\SHELL32.dll
0x00007ff9ad440000 - 0x00007ff9adb1a000 	C:\WINDOWS\System32\windows.storage.dll
0x00007ff9ad0b0000 - 0x00007ff9ad0fc000 	C:\WINDOWS\System32\powrprof.dll
0x00007ff9ae970000 - 0x00007ff9ae9c2000 	C:\WINDOWS\System32\shlwapi.dll
0x00007ff9ad0a0000 - 0x00007ff9ad0af000 	C:\WINDOWS\System32\kernel.appcore.dll
0x00007ff9adf30000 - 0x00007ff9adfd9000 	C:\WINDOWS\System32\shcore.dll
0x00007ff9ad080000 - 0x00007ff9ad094000 	C:\WINDOWS\System32\profapi.dll
0x00007ff9a64b0000 - 0x00007ff9a6642000 	C:\WINDOWS\SYSTEM32\dbghelp.dll

VM Arguments:
jvm_args: -Djava.awt.headless=true -Xmx50g -Dfile.encoding=windows-1251 -Duser.country=RU -Duser.language=ru -Duser.variant 
java_command: com.android.dx.command.Main --dex --num-threads=4 --multi-dex --main-dex-list C:\Users\User\Documents\GitHub\iCRM\iCRM\app\build\intermediates\multi-dex\debug\maindexlist.txt --output C:\Users\User\Documents\GitHub\iCRM\iCRM\app\build\intermediates\transforms\dex\debug\folders\1000\1f\main C:\Users\User\Documents\GitHub\iCRM\iCRM\app\build\intermediates\transforms\jarMerging\debug\jars\1\1f\combined.jar
java_class_path (initial): C:\Users\User\AppData\Local\Android\sdk\build-tools\23.0.3\lib\dx.jar
Launcher Type: SUN_STANDARD

Environment Variables:
PATH=C:\ProgramData\Oracle\Java\javapath;C:\Program Files\Broadcom\Broadcom 802.11 Network Adapter;C:\Program Files (x86)\NVIDIA Corporation\PhysX\Common;C:\Program Files (x86)\Intel\iCLS Client\;C:\Program Files\Intel\iCLS Client\;C:\Windows\system32;C:\Windows;C:\Windows\System32\Wbem;C:\Windows\System32\WindowsPowerShell\v1.0\;C:\Program Files\Intel\Intel(R) Management Engine Components\DAL;C:\Program Files\Intel\Intel(R) Management Engine Components\IPT;C:\Program Files (x86)\Intel\Intel(R) Management Engine Components\DAL;C:\Program Files (x86)\Intel\Intel(R) Management Engine Components\IPT;C:\Program Files\WIDCOMM\Bluetooth Software\;C:\Program Files\WIDCOMM\Bluetooth Software\syswow64;C:\Program Files\Acer\Remote Files\;C:\Program Files (x86)\Skype\Phone\;C:\Program Files\OpenVPN\bin;C:\WINDOWS\system32;C:\WINDOWS;C:\WINDOWS\System32\Wbem;C:\WINDOWS\System32\WindowsPowerShell\v1.0\;C:\Users\User\AppData\Local\Microsoft\WindowsApps;
USERNAME=User
OS=Windows_NT
PROCESSOR_IDENTIFIER=Intel64 Family 6 Model 69 Stepping 1, GenuineIntel



---------------  S Y S T E M  ---------------

OS: Windows 8.1 , 64 bit Build 9600 

CPU:total 4 (2 cores per cpu, 2 threads per core) family 6 model 69 stepping 1, cmov, cx8, fxsr, mmx, sse, sse2, sse3, ssse3, sse4.1, sse4.2, popcnt, avx, avx2, aes, clmul, erms, lzcnt, ht, tsc, tscinvbit, bmi1, bmi2

Memory: 4k page, physical 8310040k(1041028k free), swap 12406040k(5120k free)

vm_info: Java HotSpot(TM) 64-Bit Server VM (25.20-b23) for windows-amd64 JRE (1.8.0_20-b26), built on Jul 30 2014 13:51:23 by "java_re" with MS VC++ 10.0 (VS2010)

time: Wed Nov 02 14:50:27 2016
elapsed time: 26 seconds (0d 0h 0m 26s)

