#
# There is insufficient memory for the Java Runtime Environment to continue.
# Native memory allocation (malloc) failed to allocate 366976 bytes for Chunk::new
# Possible reasons:
#   The system is out of physical RAM or swap space
#   In 32 bit mode, the process size limit was hit
# Possible solutions:
#   Reduce memory load on the system
#   Increase physical memory or swap space
#   Check if swap backing store is full
#   Use 64 bit Java on a 64 bit OS
#   Decrease Java heap size (-Xmx/-Xms)
#   Decrease number of Java threads
#   Decrease Java thread stack sizes (-Xss)
#   Set larger code cache with -XX:ReservedCodeCacheSize=
# This output file may be truncated or incomplete.
#
#  Out of Memory Error (allocation.cpp:390), pid=8332, tid=0x0000000000003c88
#
# JRE version: OpenJDK Runtime Environment (8.0_112-b06) (build 1.8.0_112-release-b06)
# Java VM: OpenJDK 64-Bit Server VM (25.112-b06 mixed mode windows-amd64 )
# Failed to write core dump. Minidumps are not enabled by default on client versions of Windows
#

---------------  T H R E A D  ---------------

Current thread (0x0000000023c4b000):  JavaThread "C2 CompilerThread0" daemon [_thread_in_native, id=15496, stack(0x00000000251b0000,0x00000000252b0000)]

Stack: [0x00000000251b0000,0x00000000252b0000]
[error occurred during error reporting (printing stack bounds), id 0xc0000005]

Native frames: (J=compiled Java code, j=interpreted, Vv=VM code, C=native code)


Current CompileTask:
C2:   3507 1399       4       com.android.dx.ssa.SCCP::simulateBranch (666 bytes)


---------------  P R O C E S S  ---------------

Java Threads: ( => current thread )
  0x00000000257c3000 JavaThread "pool-2-thread-4" [_thread_blocked, id=4088, stack(0x0000000025eb0000,0x0000000025fb0000)]
  0x00000000257c2800 JavaThread "pool-2-thread-3" [_thread_in_Java, id=11344, stack(0x0000000025db0000,0x0000000025eb0000)]
  0x000000002579c800 JavaThread "pool-2-thread-2" [_thread_in_vm, id=1936, stack(0x0000000025cb0000,0x0000000025db0000)]
  0x000000002579c000 JavaThread "pool-3-thread-1" [_thread_blocked, id=1684, stack(0x0000000025bb0000,0x0000000025cb0000)]
  0x000000002579f000 JavaThread "pool-2-thread-1" [_thread_in_Java, id=12992, stack(0x0000000025ab0000,0x0000000025bb0000)]
  0x0000000023cad000 JavaThread "Service Thread" daemon [_thread_blocked, id=4784, stack(0x00000000258b0000,0x00000000259b0000)]
  0x0000000023c52000 JavaThread "C1 CompilerThread2" daemon [_thread_blocked, id=8712, stack(0x00000000253b0000,0x00000000254b0000)]
  0x0000000023c4e000 JavaThread "C2 CompilerThread1" daemon [_thread_in_native, id=6636, stack(0x00000000252b0000,0x00000000253b0000)]
=>0x0000000023c4b000 JavaThread "C2 CompilerThread0" daemon [_thread_in_native, id=15496, stack(0x00000000251b0000,0x00000000252b0000)]
  0x0000000023c49800 JavaThread "Attach Listener" daemon [_thread_blocked, id=5968, stack(0x00000000250b0000,0x00000000251b0000)]
  0x0000000023c55800 JavaThread "Signal Dispatcher" daemon [_thread_blocked, id=4648, stack(0x0000000024fb0000,0x00000000250b0000)]
  0x0000000001705800 JavaThread "Finalizer" daemon [_thread_blocked, id=6068, stack(0x0000000024dc0000,0x0000000024ec0000)]
  0x0000000001700000 JavaThread "Reference Handler" daemon [_thread_blocked, id=1300, stack(0x0000000024cc0000,0x0000000024dc0000)]
  0x0000000001610800 JavaThread "main" [_thread_blocked, id=16248, stack(0x0000000001420000,0x0000000001520000)]

Other Threads:
  0x0000000023c14800 VMThread [stack: 0x0000000001ed0000,0x0000000001fd0000] [id=14772]
  0x00000000254b0800 WatcherThread [stack: 0x00000000259b0000,0x0000000025ab0000] [id=1368]

VM state:not at safepoint (normal execution)

VM Mutex/Monitor currently owned by a thread: None

Heap:
 PSYoungGen      total 38400K, used 17637K [0x00000008d5580000, 0x00000008da080000, 0x0000000d00000000)
  eden space 33280K, 37% used [0x00000008d5580000,0x00000008d61ba940,0x00000008d7600000)
  from space 5120K, 99% used [0x00000008d7b00000,0x00000008d7ffeac8,0x00000008d8000000)
  to   space 5120K, 0% used [0x00000008d7600000,0x00000008d7600000,0x00000008d7b00000)
 ParOldGen       total 87552K, used 5614K [0x0000000080000000, 0x0000000085580000, 0x00000008d5580000)
  object space 87552K, 6% used [0x0000000080000000,0x000000008057bb70,0x0000000085580000)
 Metaspace       used 6070K, capacity 6600K, committed 6656K, reserved 8192K

Card table byte_map: [0x0000000012400000,0x0000000018810000] byte_map_base: 0x0000000012000000

Marking Bits: (ParMarkBitMap*) 0x00000000559e18f0
 Begin Bits: [0x0000000d00000000, 0x0000000d32000000)
 End Bits:   [0x0000000d32000000, 0x0000000d64000000)

Polling page: 0x00000000010b0000

CodeCache: size=245760Kb used=5752Kb max_used=5752Kb free=240007Kb
 bounds [0x0000000003400000, 0x00000000039b0000, 0x0000000012400000]
 total_blobs=1689 nmethods=1421 adapters=181
 compilation: enabled

Compilation events (10 events):
Event: 3.500 Thread 0x0000000023c52000 1427       1       com.android.dx.ssa.PhiInsn::canThrow (2 bytes)
Event: 3.500 Thread 0x0000000023c52000 nmethod 1427 0x000000000399e3d0 code [0x000000000399e520, 0x000000000399e630]
Event: 3.500 Thread 0x0000000023c52000 1428       3       com.android.dx.ssa.back.SsaToRop$PhiVisitor::visitPhiInsn (67 bytes)
Event: 3.501 Thread 0x0000000023c52000 nmethod 1428 0x000000000399e690 code [0x000000000399e900, 0x000000000399f8c8]
Event: 3.502 Thread 0x0000000023c52000 1429       3       com.android.dx.dex.code.RopTranslator::access$000 (5 bytes)
Event: 3.502 Thread 0x0000000023c52000 nmethod 1429 0x00000000039a04d0 code [0x00000000039a0640, 0x00000000039a08a8]
Event: 3.502 Thread 0x0000000023c52000 1430       3       com.android.dx.dex.code.RopTranslator::getRegs (9 bytes)
Event: 3.502 Thread 0x0000000023c52000 nmethod 1430 0x00000000039a0990 code [0x00000000039a0b00, 0x00000000039a0d08]
Event: 3.502 Thread 0x0000000023c52000 1431       3       com.android.dx.rop.annotation.Annotations::add (75 bytes)
Event: 3.503 Thread 0x0000000023c52000 nmethod 1431 0x00000000039a0dd0 code [0x00000000039a1040, 0x00000000039a1f28]

GC Heap History (4 events):
Event: 3.043 GC heap before
{Heap before GC invocations=1 (full 0):
 PSYoungGen      total 38400K, used 33280K [0x00000008d5580000, 0x00000008d8000000, 0x0000000d00000000)
  eden space 33280K, 100% used [0x00000008d5580000,0x00000008d7600000,0x00000008d7600000)
  from space 5120K, 0% used [0x00000008d7b00000,0x00000008d7b00000,0x00000008d8000000)
  to   space 5120K, 0% used [0x00000008d7600000,0x00000008d7600000,0x00000008d7b00000)
 ParOldGen       total 87552K, used 0K [0x0000000080000000, 0x0000000085580000, 0x00000008d5580000)
  object space 87552K, 0% used [0x0000000080000000,0x0000000080000000,0x0000000085580000)
 Metaspace       used 5872K, capacity 6472K, committed 6656K, reserved 8192K
Event: 3.057 GC heap after
Heap after GC invocations=1 (full 0):
 PSYoungGen      total 38400K, used 5098K [0x00000008d5580000, 0x00000008d8000000, 0x0000000d00000000)
  eden space 33280K, 0% used [0x00000008d5580000,0x00000008d5580000,0x00000008d7600000)
  from space 5120K, 99% used [0x00000008d7600000,0x00000008d7afaae0,0x00000008d7b00000)
  to   space 5120K, 0% used [0x00000008d7b00000,0x00000008d7b00000,0x00000008d8000000)
 ParOldGen       total 87552K, used 1181K [0x0000000080000000, 0x0000000085580000, 0x00000008d5580000)
  object space 87552K, 1% used [0x0000000080000000,0x0000000080127530,0x0000000085580000)
 Metaspace       used 5872K, capacity 6472K, committed 6656K, reserved 8192K
}
Event: 3.444 GC heap before
{Heap before GC invocations=2 (full 0):
 PSYoungGen      total 38400K, used 38378K [0x00000008d5580000, 0x00000008d8000000, 0x0000000d00000000)
  eden space 33280K, 100% used [0x00000008d5580000,0x00000008d7600000,0x00000008d7600000)
  from space 5120K, 99% used [0x00000008d7600000,0x00000008d7afaae0,0x00000008d7b00000)
  to   space 5120K, 0% used [0x00000008d7b00000,0x00000008d7b00000,0x00000008d8000000)
 ParOldGen       total 87552K, used 1181K [0x0000000080000000, 0x0000000085580000, 0x00000008d5580000)
  object space 87552K, 1% used [0x0000000080000000,0x0000000080127530,0x0000000085580000)
 Metaspace       used 6060K, capacity 6600K, committed 6656K, reserved 8192K
Event: 3.455 GC heap after
Heap after GC invocations=2 (full 0):
 PSYoungGen      total 38400K, used 5114K [0x00000008d5580000, 0x00000008da080000, 0x0000000d00000000)
  eden space 33280K, 0% used [0x00000008d5580000,0x00000008d5580000,0x00000008d7600000)
  from space 5120K, 99% used [0x00000008d7b00000,0x00000008d7ffeac8,0x00000008d8000000)
  to   space 5120K, 0% used [0x00000008d7600000,0x00000008d7600000,0x00000008d7b00000)
 ParOldGen       total 87552K, used 5614K [0x0000000080000000, 0x0000000085580000, 0x00000008d5580000)
  object space 87552K, 6% used [0x0000000080000000,0x000000008057bb70,0x0000000085580000)
 Metaspace       used 6060K, capacity 6600K, committed 6656K, reserved 8192K
}

Deoptimization events (5 events):
Event: 1.922 Thread 0x0000000001610800 Uncommon trap: reason=unstable_if action=reinterpret pc=0x000000000354b410 method=java.lang.String.indexOf(II)I @ 49
Event: 2.582 Thread 0x00000000257c2800 Uncommon trap: reason=unstable_if action=reinterpret pc=0x0000000003619a8c method=java.util.HashMap.getNode(ILjava/lang/Object;)Ljava/util/HashMap$Node; @ 129
Event: 3.030 Thread 0x000000002579f000 Uncommon trap: reason=bimorphic action=maybe_recompile pc=0x00000000036c449c method=java.util.HashMap.getNode(ILjava/lang/Object;)Ljava/util/HashMap$Node; @ 126
Event: 3.031 Thread 0x000000002579f000 Uncommon trap: reason=bimorphic action=maybe_recompile pc=0x00000000036c449c method=java.util.HashMap.getNode(ILjava/lang/Object;)Ljava/util/HashMap$Node; @ 126
Event: 3.399 Thread 0x0000000001610800 Uncommon trap: reason=unstable_if action=reinterpret pc=0x00000000038216cc method=com.android.dx.ssa.SsaMethod.updateOneDefinition(Lcom/android/dx/ssa/SsaInsn;Lcom/android/dx/rop/code/RegisterSpec;)V @ 4

Internal exceptions (2 events):
Event: 0.232 Thread 0x0000000001610800 Exception <a 'java/lang/NoSuchMethodError': Method sun.misc.Unsafe.defineClass(Ljava/lang/String;[BII)Ljava/lang/Class; name or signature does not match> (0x00000008d558b8b8) thrown at [C:\src\android\AOSP-openjdk\external\jetbrains\jdk\hotspot\src\share\v«ñúaù¨Í?
Event: 0.232 Thread 0x0000000001610800 Exception <a 'java/lang/NoSuchMethodError': Method sun.misc.Unsafe.prefetchRead(Ljava/lang/Object;J)V name or signature does not match> (0x00000008d558bc80) thrown at [C:\src\android\AOSP-openjdk\external\jetbrains\jdk\hotspot\src\share\vm\prims\jni.cpp, l

Events (10 events):
Event: 3.031 Thread 0x000000002579f000 DEOPT UNPACKING pc=0x000000000344556a sp=0x0000000025baea38 mode 2
Event: 3.042 Executing VM operation: ParallelGCFailedAllocation
Event: 3.057 Executing VM operation: ParallelGCFailedAllocation done
Event: 3.398 loading class com/android/dx/rop/code/RegOps
Event: 3.398 loading class com/android/dx/rop/code/RegOps done
Event: 3.399 Thread 0x0000000001610800 Uncommon trap: trap_request=0xffffff65 fr.pc=0x00000000038216cc
Event: 3.399 Thread 0x0000000001610800 DEOPT PACKING pc=0x00000000038216cc sp=0x000000000151e400
Event: 3.399 Thread 0x0000000001610800 DEOPT UNPACKING pc=0x000000000344556a sp=0x000000000151e3a8 mode 2
Event: 3.441 Executing VM operation: ParallelGCFailedAllocation
Event: 3.455 Executing VM operation: ParallelGCFailedAllocation done


Dynamic libraries:
0x00007ff6142d0000 - 0x00007ff614301000 	C:\Program Files\Android\Android Studio\jre\bin\java.exe
0x00007ff8d89a0000 - 0x00007ff8d8b71000 	C:\WINDOWS\SYSTEM32\ntdll.dll
0x00007ff8d6040000 - 0x00007ff8d60ec000 	C:\WINDOWS\System32\KERNEL32.DLL
0x00007ff8d5480000 - 0x00007ff8d569d000 	C:\WINDOWS\System32\KERNELBASE.dll
0x00007ff8d8200000 - 0x00007ff8d82a2000 	C:\WINDOWS\System32\ADVAPI32.dll
0x00007ff8d8370000 - 0x00007ff8d840e000 	C:\WINDOWS\System32\msvcrt.dll
0x00007ff8d8510000 - 0x00007ff8d8569000 	C:\WINDOWS\System32\sechost.dll
0x00007ff8d60f0000 - 0x00007ff8d6211000 	C:\WINDOWS\System32\RPCRT4.dll
0x00007ff8d6250000 - 0x00007ff8d63b5000 	C:\WINDOWS\System32\USER32.dll
0x00007ff8d50d0000 - 0x00007ff8d50ee000 	C:\WINDOWS\System32\win32u.dll
0x00007ff8d82c0000 - 0x00007ff8d82f4000 	C:\WINDOWS\System32\GDI32.dll
0x00007ff8d4f50000 - 0x00007ff8d50d0000 	C:\WINDOWS\System32\gdi32full.dll
0x00007ff8c92b0000 - 0x00007ff8c952a000 	C:\WINDOWS\WinSxS\amd64_microsoft.windows.common-controls_6595b64144ccf1df_6.0.14393.953_none_42151e83c686086b\COMCTL32.dll
0x00007ff8d7ed0000 - 0x00007ff8d8198000 	C:\WINDOWS\System32\combase.dll
0x00007ff8d5380000 - 0x00007ff8d5475000 	C:\WINDOWS\System32\ucrtbase.dll
0x00007ff8d50f0000 - 0x00007ff8d515a000 	C:\WINDOWS\System32\bcryptPrimitives.dll
0x00007ff8d6220000 - 0x00007ff8d624e000 	C:\WINDOWS\System32\IMM32.DLL
0x0000000054e70000 - 0x0000000054f42000 	C:\Program Files\Android\Android Studio\jre\jre\bin\msvcr100.dll
0x0000000055220000 - 0x0000000055a5c000 	C:\Program Files\Android\Android Studio\jre\jre\bin\server\jvm.dll
0x00007ff8d7ec0000 - 0x00007ff8d7ec8000 	C:\WINDOWS\System32\PSAPI.DLL
0x00007ff8d2fb0000 - 0x00007ff8d2fd3000 	C:\WINDOWS\SYSTEM32\WINMM.dll
0x00007ff8ce090000 - 0x00007ff8ce099000 	C:\WINDOWS\SYSTEM32\WSOCK32.dll
0x00007ff8c8fd0000 - 0x00007ff8c8fda000 	C:\WINDOWS\SYSTEM32\VERSION.dll
0x00007ff8d5fd0000 - 0x00007ff8d603a000 	C:\WINDOWS\System32\WS2_32.dll
0x0000000001080000 - 0x00000000010ab000 	C:\WINDOWS\SYSTEM32\WINMMBASE.dll
0x00007ff8d5160000 - 0x00007ff8d51a2000 	C:\WINDOWS\System32\cfgmgr32.dll
0x00007ff8c9ee0000 - 0x00007ff8c9eef000 	C:\Program Files\Android\Android Studio\jre\jre\bin\verify.dll
0x00007ff8bc6f0000 - 0x00007ff8bc719000 	C:\Program Files\Android\Android Studio\jre\jre\bin\java.dll
0x00007ff8b5a50000 - 0x00007ff8b5a66000 	C:\Program Files\Android\Android Studio\jre\jre\bin\zip.dll
0x00007ff8d68f0000 - 0x00007ff8d7df8000 	C:\WINDOWS\System32\SHELL32.dll
0x00007ff8d5850000 - 0x00007ff8d5f2a000 	C:\WINDOWS\System32\windows.storage.dll
0x00007ff8d4e50000 - 0x00007ff8d4e9c000 	C:\WINDOWS\System32\powrprof.dll
0x00007ff8d81a0000 - 0x00007ff8d81f2000 	C:\WINDOWS\System32\shlwapi.dll
0x00007ff8d4e20000 - 0x00007ff8d4e2f000 	C:\WINDOWS\System32\kernel.appcore.dll
0x00007ff8d5700000 - 0x00007ff8d57a9000 	C:\WINDOWS\System32\shcore.dll
0x00007ff8d4e30000 - 0x00007ff8d4e44000 	C:\WINDOWS\System32\profapi.dll

VM Arguments:
jvm_args: -Djava.awt.headless=true -Xmx50g -Dfile.encoding=windows-1251 -Duser.country=RU -Duser.language=ru -Duser.variant 
java_command: com.android.dx.command.Main --dex --num-threads=4 --multi-dex --output C:\Users\User\Documents\GitHub\iCRM\iCRM\app\build\intermediates\transforms\dex\debug\folders\1000\10\classes_05026be2648ce9bb2c3522c3be9379b36590b234 C:\Users\User\.android\build-cache\cd78214d6cea9075d1fe86e35efeeeba1f336bc9\output\jars\classes.jar
java_class_path (initial): C:\Users\User\AppData\Local\Android\sdk\build-tools\25.0.2\lib\dx.jar
Launcher Type: SUN_STANDARD

Environment Variables:
PATH=C:\ProgramData\Oracle\Java\javapath;C:\Program Files\Broadcom\Broadcom 802.11 Network Adapter;C:\Program Files (x86)\NVIDIA Corporation\PhysX\Common;C:\Program Files (x86)\Intel\iCLS Client\;C:\Program Files\Intel\iCLS Client\;C:\Windows\system32;C:\Windows;C:\Windows\System32\Wbem;C:\Windows\System32\WindowsPowerShell\v1.0\;C:\Program Files\Intel\Intel(R) Management Engine Components\DAL;C:\Program Files\Intel\Intel(R) Management Engine Components\IPT;C:\Program Files (x86)\Intel\Intel(R) Management Engine Components\DAL;C:\Program Files (x86)\Intel\Intel(R) Management Engine Components\IPT;C:\Program Files\WIDCOMM\Bluetooth Software\;C:\Program Files\WIDCOMM\Bluetooth Software\syswow64;C:\Program Files\Acer\Remote Files\;C:\Program Files\OpenVPN\bin;C:\WINDOWS\system32;C:\WINDOWS;C:\WINDOWS\System32\Wbem;C:\WINDOWS\System32\WindowsPowerShell\v1.0\;C:\Users\User\AppData\Local\Microsoft\WindowsApps;
USERNAME=User
OS=Windows_NT
PROCESSOR_IDENTIFIER=Intel64 Family 6 Model 69 Stepping 1, GenuineIntel



---------------  S Y S T E M  ---------------

OS: Windows 10.0 , 64 bit Build 14393 (10.0.14393.1198)

CPU:total 4 (2 cores per cpu, 2 threads per core) family 6 model 69 stepping 1, cmov, cx8, fxsr, mmx, sse, sse2, sse3, ssse3, sse4.1, sse4.2, popcnt, avx, avx2, aes, clmul, erms, lzcnt, ht, tsc, tscinvbit, bmi1, bmi2

Memory: 4k page, physical 8310040k(1856268k free), swap 12406040k(4500k free)

vm_info: OpenJDK 64-Bit Server VM (25.112-b06) for windows-amd64 JRE (1.8.0_112-release-b06), built on Dec  8 2016 00:54:26 by "builder" with MS VC++ 10.0 (VS2010)

time: Tue Jun 20 11:18:22 2017
elapsed time: 3 seconds (0d 0h 0m 3s)

