#
# There is insufficient memory for the Java Runtime Environment to continue.
# Native memory allocation (malloc) failed to allocate 218096 bytes for Chunk::new
# Possible reasons:
#   The system is out of physical RAM or swap space
#   In 32 bit mode, the process size limit was hit
# Possible solutions:
#   Reduce memory load on the system
#   Increase physical memory or swap space
#   Check if swap backing store is full
#   Use 64 bit Java on a 64 bit OS
#   Decrease Java heap size (-Xmx/-Xms)
#   Decrease number of Java threads
#   Decrease Java thread stack sizes (-Xss)
#   Set larger code cache with -XX:ReservedCodeCacheSize=
# This output file may be truncated or incomplete.
#
#  Out of Memory Error (allocation.cpp:390), pid=5796, tid=13676
#
# JRE version: Java(TM) SE Runtime Environment (8.0_20-b26) (build 1.8.0_20-b26)
# Java VM: Java HotSpot(TM) 64-Bit Server VM (25.20-b23 mixed mode windows-amd64 )
# Failed to write core dump. Minidumps are not enabled by default on client versions of Windows
#

---------------  T H R E A D  ---------------

Current thread (0x0000000023d4f000):  JavaThread "C2 CompilerThread1" daemon [_thread_in_native, id=13676, stack(0x00000000253a0000,0x00000000254a0000)]

Stack: [0x00000000253a0000,0x00000000254a0000]
Native frames: (J=compiled Java code, j=interpreted, Vv=VM code, C=native code)
V  [jvm.dll+0x3152fa]


Current CompileTask:
C2:  34864 2669       4       com.android.dx.ssa.SsaRenamer::<init> (100 bytes)


---------------  P R O C E S S  ---------------

Java Threads: ( => current thread )
  0x0000000025d60000 JavaThread "pool-2-thread-4" [_thread_in_Java, id=13100, stack(0x0000000027770000,0x0000000027870000)]
  0x0000000025ea0000 JavaThread "pool-2-thread-3" [_thread_in_Java, id=7852, stack(0x0000000027670000,0x0000000027770000)]
  0x0000000025e9f800 JavaThread "pool-2-thread-2" [_thread_in_Java, id=5448, stack(0x0000000027570000,0x0000000027670000)]
  0x00000000262bc800 JavaThread "pool-3-thread-1" [_thread_blocked, id=6520, stack(0x0000000027470000,0x0000000027570000)]
  0x00000000262bb800 JavaThread "pool-2-thread-1" [_thread_in_Java, id=3676, stack(0x0000000027370000,0x0000000027470000)]
  0x00000000255d0800 JavaThread "Service Thread" daemon [_thread_blocked, id=9296, stack(0x00000000259a0000,0x0000000025aa0000)]
  0x0000000023d55800 JavaThread "C1 CompilerThread2" daemon [_thread_blocked, id=6264, stack(0x00000000254a0000,0x00000000255a0000)]
=>0x0000000023d4f000 JavaThread "C2 CompilerThread1" daemon [_thread_in_native, id=13676, stack(0x00000000253a0000,0x00000000254a0000)]
  0x0000000023d4d000 JavaThread "C2 CompilerThread0" daemon [_thread_in_native, id=7104, stack(0x00000000252a0000,0x00000000253a0000)]
  0x0000000023d4b800 JavaThread "Attach Listener" daemon [_thread_blocked, id=4644, stack(0x00000000251a0000,0x00000000252a0000)]
  0x0000000023d4a000 JavaThread "Signal Dispatcher" daemon [_thread_blocked, id=8028, stack(0x00000000250a0000,0x00000000251a0000)]
  0x0000000001876000 JavaThread "Finalizer" daemon [_thread_blocked, id=1064, stack(0x0000000024fa0000,0x00000000250a0000)]
  0x000000000186d000 JavaThread "Reference Handler" daemon [_thread_blocked, id=6292, stack(0x0000000024ea0000,0x0000000024fa0000)]
  0x0000000001780800 JavaThread "main" [_thread_blocked, id=13780, stack(0x0000000001620000,0x0000000001720000)]

Other Threads:
  0x0000000023d15800 VMThread [stack: 0x0000000024da0000,0x0000000024ea0000] [id=584]
  0x00000000255d4000 WatcherThread [stack: 0x0000000025aa0000,0x0000000025ba0000] [id=3456]

VM state:not at safepoint (normal execution)

VM Mutex/Monitor currently owned by a thread: None

Heap:
 PSYoungGen      total 1042944K, used 320391K [0x00000008d5580000, 0x000000093b100000, 0x0000000d00000000)
  eden space 753152K, 13% used [0x00000008d5580000,0x00000008dbbb1298,0x0000000903500000)
  from space 289792K, 74% used [0x0000000903500000,0x00000009107b09e0,0x0000000915000000)
  to   space 409600K, 0% used [0x0000000922100000,0x0000000922100000,0x000000093b100000)
 ParOldGen       total 1227776K, used 822792K [0x0000000080000000, 0x00000000caf00000, 0x00000008d5580000)
  object space 1227776K, 67% used [0x0000000080000000,0x00000000b2382388,0x00000000caf00000)
 Metaspace       used 6599K, capacity 6920K, committed 7168K, reserved 8192K

Card table byte_map: [0x0000000012400000,0x0000000018810000] byte_map_base: 0x0000000012000000

Marking Bits: (ParMarkBitMap*) 0x0000000053d9b460
 Begin Bits: [0x0000000d00000000, 0x0000000d32000000)
 End Bits:   [0x0000000d32000000, 0x0000000d64000000)

Polling page: 0x00000000011b0000

CodeCache: size=245760Kb used=10973Kb max_used=11175Kb free=234787Kb
 bounds [0x0000000003400000, 0x0000000003f40000, 0x0000000012400000]
 total_blobs=2488 nmethods=2222 adapters=179
 compilation: enabled

Compilation events (10 events):
Event: 34.744 Thread 0x0000000023d4f000 nmethod 1740 0x000000000399c050 code [0x000000000399c180, 0x000000000399c218]
Event: 34.744 Thread 0x0000000023d4f000 2090       4       com.android.dx.cf.code.ExecutionStack::peek (42 bytes)
Event: 34.745 Thread 0x0000000023d4f000 nmethod 2090 0x00000000036cf250 code [0x00000000036cf3a0, 0x00000000036cf468]
Event: 34.745 Thread 0x0000000023d4f000 2043       4       com.android.dx.ssa.back.SsaToRop::convertBasicBlock (126 bytes)
Event: 34.763 Thread 0x0000000023d55800 2667       2       com.android.dx.ssa.Dominators$DfsWalker::<init> (15 bytes)
Event: 34.764 Thread 0x0000000023d55800 nmethod 2667 0x0000000003734390 code [0x00000000037344e0, 0x0000000003734650]
Event: 34.765 Thread 0x0000000023d55800 2668       2       com.android.dx.ssa.Dominators$DfsWalker::<init> (6 bytes)
Event: 34.765 Thread 0x0000000023d55800 nmethod 2668 0x00000000037ae410 code [0x00000000037ae560, 0x00000000037ae6d0]
Event: 34.804 Thread 0x0000000023d4f000 nmethod 2043 0x00000000037a6bd0 code [0x00000000037a6e00, 0x00000000037a8458]
Event: 34.804 Thread 0x0000000023d4f000 2669       4       com.android.dx.ssa.SsaRenamer::<init> (100 bytes)

GC Heap History (10 events):
Event: 20.019 GC heap before
{Heap before GC invocations=18 (full 4):
 PSYoungGen      total 886272K, used 160620K [0x00000008d5580000, 0x000000091b600000, 0x0000000d00000000)
  eden space 705024K, 0% used [0x00000008d5580000,0x00000008d5580000,0x0000000900600000)
  from space 181248K, 88% used [0x000000090ce00000,0x0000000916adb020,0x0000000917f00000)
  to   space 204800K, 0% used [0x0000000900600000,0x0000000900600000,0x000000090ce00000)
 ParOldGen       total 529408K, used 441426K [0x0000000080000000, 0x00000000a0500000, 0x00000008d5580000)
  object space 529408K, 83% used [0x0000000080000000,0x000000009af14b90,0x00000000a0500000)
 Metaspace       used 6585K, capacity 6920K, committed 7168K, reserved 8192K
Event: 22.411 GC heap after
Heap after GC invocations=18 (full 4):
 PSYoungGen      total 886272K, used 64188K [0x00000008d5580000, 0x000000091b600000, 0x0000000d00000000)
  eden space 705024K, 0% used [0x00000008d5580000,0x00000008d5580000,0x0000000900600000)
  from space 181248K, 35% used [0x000000090ce00000,0x0000000910caf100,0x0000000917f00000)
  to   space 204800K, 0% used [0x0000000900600000,0x0000000900600000,0x000000090ce00000)
 ParOldGen       total 823296K, used 528920K [0x0000000080000000, 0x00000000b2400000, 0x00000008d5580000)
  object space 823296K, 64% used [0x0000000080000000,0x00000000a0486038,0x00000000b2400000)
 Metaspace       used 6585K, capacity 6920K, committed 7168K, reserved 8192K
}
Event: 24.516 GC heap before
{Heap before GC invocations=19 (full 4):
 PSYoungGen      total 886272K, used 769212K [0x00000008d5580000, 0x000000091b600000, 0x0000000d00000000)
  eden space 705024K, 100% used [0x00000008d5580000,0x0000000900600000,0x0000000900600000)
  from space 181248K, 35% used [0x000000090ce00000,0x0000000910caf100,0x0000000917f00000)
  to   space 204800K, 0% used [0x0000000900600000,0x0000000900600000,0x000000090ce00000)
 ParOldGen       total 823296K, used 528920K [0x0000000080000000, 0x00000000b2400000, 0x00000008d5580000)
  object space 823296K, 64% used [0x0000000080000000,0x00000000a0486038,0x00000000b2400000)
 Metaspace       used 6594K, capacity 6920K, committed 7168K, reserved 8192K
Event: 24.863 GC heap after
Heap after GC invocations=19 (full 4):
 PSYoungGen      total 909824K, used 181481K [0x00000008d5580000, 0x0000000923200000, 0x0000000d00000000)
  eden space 705024K, 0% used [0x00000008d5580000,0x00000008d5580000,0x0000000900600000)
  from space 204800K, 88% used [0x0000000900600000,0x000000090b73a588,0x000000090ce00000)
  to   space 231424K, 0% used [0x0000000915000000,0x0000000915000000,0x0000000923200000)
 ParOldGen       total 823296K, used 528920K [0x0000000080000000, 0x00000000b2400000, 0x00000008d5580000)
  object space 823296K, 64% used [0x0000000080000000,0x00000000a0486038,0x00000000b2400000)
 Metaspace       used 6594K, capacity 6920K, committed 7168K, reserved 8192K
}
Event: 26.912 GC heap before
{Heap before GC invocations=20 (full 4):
 PSYoungGen      total 909824K, used 886505K [0x00000008d5580000, 0x0000000923200000, 0x0000000d00000000)
  eden space 705024K, 100% used [0x00000008d5580000,0x0000000900600000,0x0000000900600000)
  from space 204800K, 88% used [0x0000000900600000,0x000000090b73a588,0x000000090ce00000)
  to   space 231424K, 0% used [0x0000000915000000,0x0000000915000000,0x0000000923200000)
 ParOldGen       total 823296K, used 528920K [0x0000000080000000, 0x00000000b2400000, 0x00000008d5580000)
  object space 823296K, 64% used [0x0000000080000000,0x00000000a0486038,0x00000000b2400000)
 Metaspace       used 6598K, capacity 6920K, committed 7168K, reserved 8192K
Event: 27.318 GC heap after
Heap after GC invocations=20 (full 4):
 PSYoungGen      total 984576K, used 231400K [0x00000008d5580000, 0x000000092b280000, 0x0000000d00000000)
  eden space 753152K, 0% used [0x00000008d5580000,0x00000008d5580000,0x0000000903500000)
  from space 231424K, 99% used [0x0000000915000000,0x00000009231fa0d0,0x0000000923200000)
  to   space 289792K, 0% used [0x0000000903500000,0x0000000903500000,0x0000000915000000)
 ParOldGen       total 823296K, used 579843K [0x0000000080000000, 0x00000000b2400000, 0x00000008d5580000)
  object space 823296K, 70% used [0x0000000080000000,0x00000000a3640e58,0x00000000b2400000)
 Metaspace       used 6598K, capacity 6920K, committed 7168K, reserved 8192K
}
Event: 29.924 GC heap before
{Heap before GC invocations=21 (full 4):
 PSYoungGen      total 984576K, used 984552K [0x00000008d5580000, 0x000000092b280000, 0x0000000d00000000)
  eden space 753152K, 100% used [0x00000008d5580000,0x0000000903500000,0x0000000903500000)
  from space 231424K, 99% used [0x0000000915000000,0x00000009231fa0d0,0x0000000923200000)
  to   space 289792K, 0% used [0x0000000903500000,0x0000000903500000,0x0000000915000000)
 ParOldGen       total 823296K, used 579843K [0x0000000080000000, 0x00000000b2400000, 0x00000008d5580000)
  object space 823296K, 70% used [0x0000000080000000,0x00000000a3640e58,0x00000000b2400000)
 Metaspace       used 6599K, capacity 6920K, committed 7168K, reserved 8192K
Event: 30.452 GC heap after
Heap after GC invocations=21 (full 4):
 PSYoungGen      total 1042944K, used 289760K [0x00000008d5580000, 0x000000093b100000, 0x0000000d00000000)
  eden space 753152K, 0% used [0x00000008d5580000,0x00000008d5580000,0x0000000903500000)
  from space 289792K, 99% used [0x0000000903500000,0x0000000914ff82c8,0x0000000915000000)
  to   space 409600K, 0% used [0x0000000922100000,0x0000000922100000,0x000000093b100000)
 ParOldGen       total 823296K, used 769048K [0x0000000080000000, 0x00000000b2400000, 0x00000008d5580000)
  object space 823296K, 93% used [0x0000000080000000,0x00000000aef06050,0x00000000b2400000)
 Metaspace       used 6599K, capacity 6920K, committed 7168K, reserved 8192K
}
Event: 30.452 GC heap before
{Heap before GC invocations=22 (full 5):
 PSYoungGen      total 1042944K, used 289760K [0x00000008d5580000, 0x000000093b100000, 0x0000000d00000000)
  eden space 753152K, 0% used [0x00000008d5580000,0x00000008d5580000,0x0000000903500000)
  from space 289792K, 99% used [0x0000000903500000,0x0000000914ff82c8,0x0000000915000000)
  to   space 409600K, 0% used [0x0000000922100000,0x0000000922100000,0x000000093b100000)
 ParOldGen       total 823296K, used 769048K [0x0000000080000000, 0x00000000b2400000, 0x00000008d5580000)
  object space 823296K, 93% used [0x0000000080000000,0x00000000aef06050,0x00000000b2400000)
 Metaspace       used 6599K, capacity 6920K, committed 7168K, reserved 8192K
Event: 34.465 GC heap after
Heap after GC invocations=22 (full 5):
 PSYoungGen      total 1042944K, used 215746K [0x00000008d5580000, 0x000000093b100000, 0x0000000d00000000)
  eden space 753152K, 0% used [0x00000008d5580000,0x00000008d5580000,0x0000000903500000)
  from space 289792K, 74% used [0x0000000903500000,0x00000009107b09e0,0x0000000915000000)
  to   space 409600K, 0% used [0x0000000922100000,0x0000000922100000,0x000000093b100000)
 ParOldGen       total 1227776K, used 822792K [0x0000000080000000, 0x00000000caf00000, 0x00000008d5580000)
  object space 1227776K, 67% used [0x0000000080000000,0x00000000b2382388,0x00000000caf00000)
 Metaspace       used 6599K, capacity 6920K, committed 7168K, reserved 8192K
}

Deoptimization events (10 events):
Event: 26.325 Thread 0x0000000025e9f800 Uncommon trap: reason=class_check action=maybe_recompile pc=0x000000000369f8b8 method=com.android.dx.cf.code.BytecodeArray.parseInstruction(ILcom/android/dx/cf/code/BytecodeArray$Visitor;)I @ 2032
Event: 26.325 Thread 0x0000000025e9f800 Uncommon trap: reason=class_check action=maybe_recompile pc=0x000000000369f8b8 method=com.android.dx.cf.code.BytecodeArray.parseInstruction(ILcom/android/dx/cf/code/BytecodeArray$Visitor;)I @ 2032
Event: 27.739 Thread 0x0000000025ea0000 Uncommon trap: reason=unreached action=reinterpret pc=0x0000000003ba0734 method=java.util.HashMap.putVal(ILjava/lang/Object;Ljava/lang/Object;ZZ)Ljava/lang/Object; @ 109
Event: 29.618 Thread 0x0000000025d60000 Uncommon trap: reason=predicate action=maybe_recompile pc=0x0000000003e8c6b4 method=com.android.dx.ssa.back.InterferenceGraph.<init>(I)V @ 23
Event: 29.620 Thread 0x0000000025d60000 Uncommon trap: reason=unloaded action=reinterpret pc=0x000000000384be08 method=com.android.dx.ssa.SetFactory.makeLivenessSet(I)Lcom/android/dx/util/IntSet; @ 18
Event: 29.839 Thread 0x0000000025d60000 Uncommon trap: reason=class_check action=maybe_recompile pc=0x000000000374f364 method=com.android.dx.ssa.back.InterferenceGraph.mergeInterferenceSet(ILcom/android/dx/util/IntSet;)V @ 20
Event: 29.840 Thread 0x0000000025d60000 Uncommon trap: reason=class_check action=maybe_recompile pc=0x000000000374f364 method=com.android.dx.ssa.back.InterferenceGraph.mergeInterferenceSet(ILcom/android/dx/util/IntSet;)V @ 20
Event: 29.840 Thread 0x0000000025d60000 Uncommon trap: reason=class_check action=maybe_recompile pc=0x000000000374f364 method=com.android.dx.ssa.back.InterferenceGraph.mergeInterferenceSet(ILcom/android/dx/util/IntSet;)V @ 20
Event: 29.844 Thread 0x0000000025e9f800 Uncommon trap: reason=class_check action=maybe_recompile pc=0x000000000374f364 method=com.android.dx.ssa.back.InterferenceGraph.mergeInterferenceSet(ILcom/android/dx/util/IntSet;)V @ 20
Event: 29.847 Thread 0x0000000025d60000 Uncommon trap: reason=class_check action=maybe_recompile pc=0x0000000003e34174 method=com.android.dx.ssa.back.InterferenceGraph.mergeInterferenceSet(ILcom/android/dx/util/IntSet;)V @ 20

Internal exceptions (10 events):
Event: 1.580 Thread 0x0000000001780800 Exception <a 'java/security/PrivilegedActionException'> (0x00000008d8e64460) thrown at [D:\re\workspace\8-2-build-windows-amd64-cygwin\jdk8u20\1074\hotspot\src\share\vm\prims\jvm.cpp, line 1275]
Event: 1.695 Thread 0x0000000025e9f800 Exception <a 'java/lang/ArrayIndexOutOfBoundsException': 18> (0x00000008dbc31338) thrown at [D:\re\workspace\8-2-build-windows-amd64-cygwin\jdk8u20\1074\hotspot\src\share\vm\interpreter\interpreterRuntime.cpp, line 366]
Event: 1.695 Thread 0x0000000025e9f800 Exception <a 'java/lang/ArrayIndexOutOfBoundsException': 145> (0x00000008dbc33698) thrown at [D:\re\workspace\8-2-build-windows-amd64-cygwin\jdk8u20\1074\hotspot\src\share\vm\interpreter\interpreterRuntime.cpp, line 366]
Event: 1.697 Thread 0x0000000025e9f800 Exception <a 'java/lang/ArrayIndexOutOfBoundsException'> (0x00000008dbc34ee0) thrown at [D:\re\workspace\8-2-build-windows-amd64-cygwin\jdk8u20\1074\hotspot\src\share\vm\runtime\sharedRuntime.cpp, line 604]
Event: 2.623 Thread 0x00000000262bb800 Exception <a 'java/security/PrivilegedActionException'> (0x00000008d82c6890) thrown at [D:\re\workspace\8-2-build-windows-amd64-cygwin\jdk8u20\1074\hotspot\src\share\vm\prims\jvm.cpp, line 1275]
Event: 10.555 Thread 0x0000000001780800 Exception <a 'java/security/PrivilegedActionException'> (0x00000008d86cc970) thrown at [D:\re\workspace\8-2-build-windows-amd64-cygwin\jdk8u20\1074\hotspot\src\share\vm\prims\jvm.cpp, line 1275]
Event: 10.560 Thread 0x0000000001780800 Implicit null exception at 0x00000000035d1e68 to 0x00000000035d2459
Event: 24.485 Thread 0x0000000025d60000 Exception <a 'java/security/PrivilegedActionException'> (0x00000008ffc1efc0) thrown at [D:\re\workspace\8-2-build-windows-amd64-cygwin\jdk8u20\1074\hotspot\src\share\vm\prims\jvm.cpp, line 1275]
Event: 24.888 Thread 0x0000000025d60000 Exception <a 'java/security/PrivilegedActionException'> (0x00000008d6621c78) thrown at [D:\re\workspace\8-2-build-windows-amd64-cygwin\jdk8u20\1074\hotspot\src\share\vm\prims\jvm.cpp, line 1275]
Event: 29.315 Thread 0x0000000025d60000 Exception <a 'java/security/PrivilegedActionException'> (0x00000008f85eef70) thrown at [D:\re\workspace\8-2-build-windows-amd64-cygwin\jdk8u20\1074\hotspot\src\share\vm\prims\jvm.cpp, line 1275]

Events (10 events):
Event: 29.840 Thread 0x0000000025d60000 DEOPT PACKING pc=0x000000000374f364 sp=0x000000002786e490
Event: 29.840 Thread 0x0000000025d60000 DEOPT UNPACKING pc=0x000000000344556a sp=0x000000002786e410 mode 2
Event: 29.844 Thread 0x0000000025e9f800 Uncommon trap: trap_request=0xffffffde fr.pc=0x000000000374f364
Event: 29.844 Thread 0x0000000025e9f800 DEOPT PACKING pc=0x000000000374f364 sp=0x000000002766e8d0
Event: 29.844 Thread 0x0000000025e9f800 DEOPT UNPACKING pc=0x000000000344556a sp=0x000000002766e850 mode 2
Event: 29.847 Thread 0x0000000025d60000 Uncommon trap: trap_request=0xffffffde fr.pc=0x0000000003e34174
Event: 29.847 Thread 0x0000000025d60000 DEOPT PACKING pc=0x0000000003e34174 sp=0x000000002786e4f0
Event: 29.847 Thread 0x0000000025d60000 DEOPT UNPACKING pc=0x000000000344556a sp=0x000000002786e358 mode 2
Event: 29.924 Executing VM operation: ParallelGCFailedAllocation
Event: 34.465 Executing VM operation: ParallelGCFailedAllocation done


Dynamic libraries:
0x00007ff64dce0000 - 0x00007ff64dd14000 	C:\Program Files\Java\jdk1.8.0_20\bin\java.exe
0x00007ff9b0c20000 - 0x00007ff9b0df1000 	C:\WINDOWS\SYSTEM32\ntdll.dll
0x00007ff9b0060000 - 0x00007ff9b010b000 	C:\WINDOWS\System32\KERNEL32.DLL
0x00007ff9adb20000 - 0x00007ff9add3d000 	C:\WINDOWS\System32\KERNELBASE.dll
0x00007ff9b0210000 - 0x00007ff9b02b2000 	C:\WINDOWS\System32\ADVAPI32.dll
0x00007ff9affc0000 - 0x00007ff9b005e000 	C:\WINDOWS\System32\msvcrt.dll
0x00007ff9b0bc0000 - 0x00007ff9b0c19000 	C:\WINDOWS\System32\sechost.dll
0x00007ff9b0970000 - 0x00007ff9b0a91000 	C:\WINDOWS\System32\RPCRT4.dll
0x00007ff9b07f0000 - 0x00007ff9b0955000 	C:\WINDOWS\System32\USER32.dll
0x00007ff9ad300000 - 0x00007ff9ad31e000 	C:\WINDOWS\System32\win32u.dll
0x00007ff9b02c0000 - 0x00007ff9b02f4000 	C:\WINDOWS\System32\GDI32.dll
0x00007ff9adda0000 - 0x00007ff9adf22000 	C:\WINDOWS\System32\gdi32full.dll
0x00007ff9a7ae0000 - 0x00007ff9a7d5a000 	C:\WINDOWS\WinSxS\amd64_microsoft.windows.common-controls_6595b64144ccf1df_6.0.14393.351_none_4213128bc687e6d3\COMCTL32.dll
0x00007ff9b03c0000 - 0x00007ff9b0687000 	C:\WINDOWS\System32\combase.dll
0x00007ff9ad1b0000 - 0x00007ff9ad2a5000 	C:\WINDOWS\System32\ucrtbase.dll
0x00007ff9ad320000 - 0x00007ff9ad38a000 	C:\WINDOWS\System32\bcryptPrimitives.dll
0x00007ff9ae370000 - 0x00007ff9ae39e000 	C:\WINDOWS\System32\IMM32.DLL
0x0000000053e20000 - 0x0000000053ef2000 	C:\Program Files\Java\jdk1.8.0_20\jre\bin\msvcr100.dll
0x00000000535c0000 - 0x0000000053e18000 	C:\Program Files\Java\jdk1.8.0_20\jre\bin\server\jvm.dll
0x00007ff9b0960000 - 0x00007ff9b0968000 	C:\WINDOWS\System32\PSAPI.DLL
0x00007ff9a0850000 - 0x00007ff9a0859000 	C:\WINDOWS\SYSTEM32\WSOCK32.dll
0x00007ff9ab2a0000 - 0x00007ff9ab2c3000 	C:\WINDOWS\SYSTEM32\WINMM.dll
0x00007ff9aea40000 - 0x00007ff9aeaaa000 	C:\WINDOWS\System32\WS2_32.dll
0x00007ff9ab270000 - 0x00007ff9ab29b000 	C:\WINDOWS\SYSTEM32\WINMMBASE.dll
0x00007ff9ad2b0000 - 0x00007ff9ad2f2000 	C:\WINDOWS\System32\cfgmgr32.dll
0x0000000055020000 - 0x000000005502f000 	C:\Program Files\Java\jdk1.8.0_20\jre\bin\verify.dll
0x0000000053590000 - 0x00000000535b8000 	C:\Program Files\Java\jdk1.8.0_20\jre\bin\java.dll
0x0000000053570000 - 0x0000000053586000 	C:\Program Files\Java\jdk1.8.0_20\jre\bin\zip.dll
0x00007ff9aeab0000 - 0x00007ff9affb9000 	C:\WINDOWS\System32\SHELL32.dll
0x00007ff9ad440000 - 0x00007ff9adb1a000 	C:\WINDOWS\System32\windows.storage.dll
0x00007ff9ad0b0000 - 0x00007ff9ad0fc000 	C:\WINDOWS\System32\powrprof.dll
0x00007ff9ae970000 - 0x00007ff9ae9c2000 	C:\WINDOWS\System32\shlwapi.dll
0x00007ff9ad0a0000 - 0x00007ff9ad0af000 	C:\WINDOWS\System32\kernel.appcore.dll
0x00007ff9adf30000 - 0x00007ff9adfd9000 	C:\WINDOWS\System32\shcore.dll
0x00007ff9ad080000 - 0x00007ff9ad094000 	C:\WINDOWS\System32\profapi.dll

VM Arguments:
jvm_args: -Djava.awt.headless=true -Xmx50g -Dfile.encoding=windows-1251 -Duser.country=RU -Duser.language=ru -Duser.variant 
java_command: com.android.dx.command.Main --dex --num-threads=4 --multi-dex --main-dex-list C:\Users\User\Documents\GitHub\iCRM\iCRM\app\build\intermediates\multi-dex\debug\maindexlist.txt --output C:\Users\User\Documents\GitHub\iCRM\iCRM\app\build\intermediates\transforms\dex\debug\folders\1000\1f\main C:\Users\User\Documents\GitHub\iCRM\iCRM\app\build\intermediates\transforms\jarMerging\debug\jars\1\1f\combined.jar
java_class_path (initial): C:\Users\User\AppData\Local\Android\sdk\build-tools\23.0.3\lib\dx.jar
Launcher Type: SUN_STANDARD

Environment Variables:
PATH=C:\ProgramData\Oracle\Java\javapath;C:\Program Files\Broadcom\Broadcom 802.11 Network Adapter;C:\Program Files (x86)\NVIDIA Corporation\PhysX\Common;C:\Program Files (x86)\Intel\iCLS Client\;C:\Program Files\Intel\iCLS Client\;C:\Windows\system32;C:\Windows;C:\Windows\System32\Wbem;C:\Windows\System32\WindowsPowerShell\v1.0\;C:\Program Files\Intel\Intel(R) Management Engine Components\DAL;C:\Program Files\Intel\Intel(R) Management Engine Components\IPT;C:\Program Files (x86)\Intel\Intel(R) Management Engine Components\DAL;C:\Program Files (x86)\Intel\Intel(R) Management Engine Components\IPT;C:\Program Files\WIDCOMM\Bluetooth Software\;C:\Program Files\WIDCOMM\Bluetooth Software\syswow64;C:\Program Files\Acer\Remote Files\;C:\Program Files (x86)\Skype\Phone\;C:\Program Files\OpenVPN\bin;C:\WINDOWS\system32;C:\WINDOWS;C:\WINDOWS\System32\Wbem;C:\WINDOWS\System32\WindowsPowerShell\v1.0\;C:\Users\User\AppData\Local\Microsoft\WindowsApps;
USERNAME=User
OS=Windows_NT
PROCESSOR_IDENTIFIER=Intel64 Family 6 Model 69 Stepping 1, GenuineIntel



---------------  S Y S T E M  ---------------

OS: Windows 8.1 , 64 bit Build 9600 

CPU:total 4 (2 cores per cpu, 2 threads per core) family 6 model 69 stepping 1, cmov, cx8, fxsr, mmx, sse, sse2, sse3, ssse3, sse4.1, sse4.2, popcnt, avx, avx2, aes, clmul, erms, lzcnt, ht, tsc, tscinvbit, bmi1, bmi2

Memory: 4k page, physical 8310040k(1086916k free), swap 12406040k(4104k free)

vm_info: Java HotSpot(TM) 64-Bit Server VM (25.20-b23) for windows-amd64 JRE (1.8.0_20-b26), built on Jul 30 2014 13:51:23 by "java_re" with MS VC++ 10.0 (VS2010)

time: Thu Nov 03 10:51:55 2016
elapsed time: 34 seconds (0d 0h 0m 34s)

