#
# There is insufficient memory for the Java Runtime Environment to continue.
# Native memory allocation (malloc) failed to allocate 166784 bytes for Chunk::new
# Possible reasons:
#   The system is out of physical RAM or swap space
#   In 32 bit mode, the process size limit was hit
# Possible solutions:
#   Reduce memory load on the system
#   Increase physical memory or swap space
#   Check if swap backing store is full
#   Use 64 bit Java on a 64 bit OS
#   Decrease Java heap size (-Xmx/-Xms)
#   Decrease number of Java threads
#   Decrease Java thread stack sizes (-Xss)
#   Set larger code cache with -XX:ReservedCodeCacheSize=
# This output file may be truncated or incomplete.
#
#  Out of Memory Error (allocation.cpp:390), pid=7580, tid=8288
#
# JRE version: Java(TM) SE Runtime Environment (8.0_20-b26) (build 1.8.0_20-b26)
# Java VM: Java HotSpot(TM) 64-Bit Server VM (25.20-b23 mixed mode windows-amd64 )
# Failed to write core dump. Minidumps are not enabled by default on client versions of Windows
#

---------------  T H R E A D  ---------------

Current thread (0x0000000001d4f800):  JavaThread "C2 CompilerThread1" daemon [_thread_in_native, id=8288, stack(0x0000000024ad0000,0x0000000024bd0000)]

Stack: [0x0000000024ad0000,0x0000000024bd0000]
Native frames: (J=compiled Java code, j=interpreted, Vv=VM code, C=native code)
V  [jvm.dll+0x3152fa]
V  [jvm.dll+0x265d03]
V  [jvm.dll+0x266943]
V  [jvm.dll+0x25e265]
V  [jvm.dll+0xbe255]
V  [jvm.dll+0xbe6fc]
V  [jvm.dll+0x477e87]
V  [jvm.dll+0x444fab]
V  [jvm.dll+0x4500de]
V  [jvm.dll+0x4526c8]
V  [jvm.dll+0x435fc2]
V  [jvm.dll+0x97b62]
V  [jvm.dll+0x98353]
V  [jvm.dll+0x22aac4]
V  [jvm.dll+0x283f5a]
C  [msvcr100.dll+0x21d9f]
C  [msvcr100.dll+0x21e3b]
C  [KERNEL32.DLL+0x8364]
C  [ntdll.dll+0x65e91]


Current CompileTask:
C2:  31256 2106       4       com.android.dx.dex.code.RopTranslator::outputBlock (202 bytes)


---------------  P R O C E S S  ---------------

Java Threads: ( => current thread )
  0x0000000025a48000 JavaThread "pool-2-thread-4" [_thread_in_Java, id=10608, stack(0x0000000026ea0000,0x0000000026fa0000)]
  0x0000000025ac4800 JavaThread "pool-2-thread-3" [_thread_blocked, id=9968, stack(0x0000000026da0000,0x0000000026ea0000)]
  0x00000000253ea800 JavaThread "pool-2-thread-2" [_thread_in_Java, id=3828, stack(0x0000000026ca0000,0x0000000026da0000)]
  0x0000000025a2e000 JavaThread "pool-3-thread-1" [_thread_blocked, id=11384, stack(0x0000000026ba0000,0x0000000026ca0000)]
  0x00000000253b4800 JavaThread "pool-2-thread-1" [_thread_in_Java, id=1524, stack(0x0000000026aa0000,0x0000000026ba0000)]
  0x0000000024cf8800 JavaThread "Service Thread" daemon [_thread_blocked, id=11676, stack(0x00000000250d0000,0x00000000251d0000)]
  0x0000000001d52800 JavaThread "C1 CompilerThread2" daemon [_thread_blocked, id=8264, stack(0x0000000024bd0000,0x0000000024cd0000)]
=>0x0000000001d4f800 JavaThread "C2 CompilerThread1" daemon [_thread_in_native, id=8288, stack(0x0000000024ad0000,0x0000000024bd0000)]
  0x0000000001d4d000 JavaThread "C2 CompilerThread0" daemon [_thread_in_native, id=14268, stack(0x00000000249d0000,0x0000000024ad0000)]
  0x0000000001d4b800 JavaThread "Attach Listener" daemon [_thread_blocked, id=13780, stack(0x00000000248d0000,0x00000000249d0000)]
  0x0000000001d4a800 JavaThread "Signal Dispatcher" daemon [_thread_blocked, id=9056, stack(0x00000000247d0000,0x00000000248d0000)]
  0x0000000000ff6000 JavaThread "Finalizer" daemon [_thread_blocked, id=8228, stack(0x00000000246d0000,0x00000000247d0000)]
  0x0000000000fed000 JavaThread "Reference Handler" daemon [_thread_blocked, id=7212, stack(0x00000000245d0000,0x00000000246d0000)]
  0x0000000000f02800 JavaThread "main" [_thread_in_Java, id=13824, stack(0x0000000000e00000,0x0000000000f00000)]

Other Threads:
  0x0000000001d15800 VMThread [stack: 0x00000000244d0000,0x00000000245d0000] [id=7368]
  0x0000000024cfa000 WatcherThread [stack: 0x00000000251d0000,0x00000000252d0000] [id=11460]

VM state:not at safepoint (normal execution)

VM Mutex/Monitor currently owned by a thread: None

Heap:
 PSYoungGen      total 1009664K, used 460953K [0x00000008d5580000, 0x000000092b080000, 0x0000000d00000000)
  eden space 711680K, 28% used [0x00000008d5580000,0x00000008e1e85f70,0x0000000900c80000)
  from space 297984K, 85% used [0x0000000915200000,0x0000000924b207e0,0x0000000927500000)
  to   space 333312K, 0% used [0x0000000900c80000,0x0000000900c80000,0x0000000915200000)
 ParOldGen       total 900608K, used 695974K [0x0000000080000000, 0x00000000b6f80000, 0x00000008d5580000)
  object space 900608K, 77% used [0x0000000080000000,0x00000000aa7a9910,0x00000000b6f80000)
 Metaspace       used 6589K, capacity 6920K, committed 7168K, reserved 8192K

Card table byte_map: [0x0000000012400000,0x0000000018810000] byte_map_base: 0x0000000012000000

Marking Bits: (ParMarkBitMap*) 0x0000000076bab460
 Begin Bits: [0x0000000d00000000, 0x0000000d32000000)
 End Bits:   [0x0000000d32000000, 0x0000000d64000000)

Polling page: 0x0000000000860000

CodeCache: size=245760Kb used=13090Kb max_used=13090Kb free=232669Kb
 bounds [0x0000000003400000, 0x00000000040f0000, 0x0000000012400000]
 total_blobs=2739 nmethods=2473 adapters=179
 compilation: enabled

Compilation events (10 events):
Event: 30.974 Thread 0x0000000001d4f800 nmethod 2244 0x0000000004095810 code [0x0000000004095960, 0x0000000004095a38]
Event: 30.974 Thread 0x0000000001d4f800 2263       4       com.android.dx.cf.code.ExecutionStack::<init> (34 bytes)
Event: 30.977 Thread 0x0000000001d4f800 nmethod 2263 0x0000000003bf8250 code [0x0000000003bf83a0, 0x0000000003bf8578]
Event: 30.977 Thread 0x0000000001d4f800 2276       4       com.android.dx.util.ByteArray::<init> (81 bytes)
Event: 30.978 Thread 0x0000000001d4f800 nmethod 2276 0x0000000003554650 code [0x00000000035547a0, 0x0000000003554858]
Event: 30.978 Thread 0x0000000001d4f800 2106       4       com.android.dx.dex.code.RopTranslator::outputBlock (202 bytes)
Event: 31.031 Thread 0x0000000001d52800 2651 %     3       com.android.dx.ssa.SsaConverter::placePhiFunctions @ 229 (394 bytes)
Event: 31.036 Thread 0x0000000001d52800 nmethod 2651% 0x0000000003548ed0 code [0x0000000003549440, 0x000000000354c998]
Event: 31.036 Thread 0x0000000001d52800 2652       3       com.android.dx.ssa.SsaConverter::placePhiFunctions (394 bytes)
Event: 31.040 Thread 0x0000000001d52800 nmethod 2652 0x0000000003568e90 code [0x00000000035693e0, 0x000000000356c658]

GC Heap History (10 events):
Event: 20.385 GC heap before
{Heap before GC invocations=18 (full 3):
 PSYoungGen      total 744448K, used 675419K [0x00000008d5580000, 0x0000000910980000, 0x0000000d00000000)
  eden space 572928K, 100% used [0x00000008d5580000,0x00000008f8500000,0x00000008f8500000)
  from space 171520K, 59% used [0x0000000903b00000,0x0000000909f16da8,0x000000090e280000)
  to   space 186368K, 0% used [0x00000008f8500000,0x00000008f8500000,0x0000000903b00000)
 ParOldGen       total 603136K, used 379508K [0x0000000080000000, 0x00000000a4d00000, 0x00000008d5580000)
  object space 603136K, 62% used [0x0000000080000000,0x000000009729d030,0x00000000a4d00000)
 Metaspace       used 6575K, capacity 6856K, committed 6912K, reserved 8192K
Event: 20.705 GC heap after
Heap after GC invocations=18 (full 3):
 PSYoungGen      total 759296K, used 186352K [0x00000008d5580000, 0x0000000919900000, 0x0000000d00000000)
  eden space 572928K, 0% used [0x00000008d5580000,0x00000008d5580000,0x00000008f8500000)
  from space 186368K, 99% used [0x00000008f8500000,0x0000000903afc060,0x0000000903b00000)
  to   space 219648K, 0% used [0x000000090c280000,0x000000090c280000,0x0000000919900000)
 ParOldGen       total 603136K, used 382985K [0x0000000080000000, 0x00000000a4d00000, 0x00000008d5580000)
  object space 603136K, 63% used [0x0000000080000000,0x00000000976025b8,0x00000000a4d00000)
 Metaspace       used 6575K, capacity 6856K, committed 6912K, reserved 8192K
}
Event: 22.321 GC heap before
{Heap before GC invocations=19 (full 3):
 PSYoungGen      total 759296K, used 759280K [0x00000008d5580000, 0x0000000919900000, 0x0000000d00000000)
  eden space 572928K, 100% used [0x00000008d5580000,0x00000008f8500000,0x00000008f8500000)
  from space 186368K, 99% used [0x00000008f8500000,0x0000000903afc060,0x0000000903b00000)
  to   space 219648K, 0% used [0x000000090c280000,0x000000090c280000,0x0000000919900000)
 ParOldGen       total 603136K, used 382985K [0x0000000080000000, 0x00000000a4d00000, 0x00000008d5580000)
  object space 603136K, 63% used [0x0000000080000000,0x00000000976025b8,0x00000000a4d00000)
 Metaspace       used 6578K, capacity 6856K, committed 6912K, reserved 8192K
Event: 22.673 GC heap after
Heap after GC invocations=19 (full 3):
 PSYoungGen      total 875520K, used 179202K [0x00000008d5580000, 0x000000091d180000, 0x0000000d00000000)
  eden space 655872K, 0% used [0x00000008d5580000,0x00000008d5580000,0x00000008fd600000)
  from space 219648K, 81% used [0x000000090c280000,0x0000000917180bd8,0x0000000919900000)
  to   space 242176K, 0% used [0x00000008fd600000,0x00000008fd600000,0x000000090c280000)
 ParOldGen       total 603136K, used 484349K [0x0000000080000000, 0x00000000a4d00000, 0x00000008d5580000)
  object space 603136K, 80% used [0x0000000080000000,0x000000009d8ff560,0x00000000a4d00000)
 Metaspace       used 6578K, capacity 6856K, committed 6912K, reserved 8192K
}
Event: 24.569 GC heap before
{Heap before GC invocations=20 (full 3):
 PSYoungGen      total 875520K, used 835074K [0x00000008d5580000, 0x000000091d180000, 0x0000000d00000000)
  eden space 655872K, 100% used [0x00000008d5580000,0x00000008fd600000,0x00000008fd600000)
  from space 219648K, 81% used [0x000000090c280000,0x0000000917180bd8,0x0000000919900000)
  to   space 242176K, 0% used [0x00000008fd600000,0x00000008fd600000,0x000000090c280000)
 ParOldGen       total 603136K, used 484349K [0x0000000080000000, 0x00000000a4d00000, 0x00000008d5580000)
  object space 603136K, 80% used [0x0000000080000000,0x000000009d8ff560,0x00000000a4d00000)
 Metaspace       used 6588K, capacity 6920K, committed 7168K, reserved 8192K
Event: 24.852 GC heap after
Heap after GC invocations=20 (full 3):
 PSYoungGen      total 898048K, used 242175K [0x00000008d5580000, 0x0000000927500000, 0x0000000d00000000)
  eden space 655872K, 0% used [0x00000008d5580000,0x00000008d5580000,0x00000008fd600000)
  from space 242176K, 99% used [0x00000008fd600000,0x000000090c27fe68,0x000000090c280000)
  to   space 297984K, 0% used [0x0000000915200000,0x0000000915200000,0x0000000927500000)
 ParOldGen       total 603136K, used 524013K [0x0000000080000000, 0x00000000a4d00000, 0x00000008d5580000)
  object space 603136K, 86% used [0x0000000080000000,0x000000009ffbb6c0,0x00000000a4d00000)
 Metaspace       used 6588K, capacity 6920K, committed 7168K, reserved 8192K
}
Event: 24.852 GC heap before
{Heap before GC invocations=21 (full 4):
 PSYoungGen      total 898048K, used 242175K [0x00000008d5580000, 0x0000000927500000, 0x0000000d00000000)
  eden space 655872K, 0% used [0x00000008d5580000,0x00000008d5580000,0x00000008fd600000)
  from space 242176K, 99% used [0x00000008fd600000,0x000000090c27fe68,0x000000090c280000)
  to   space 297984K, 0% used [0x0000000915200000,0x0000000915200000,0x0000000927500000)
 ParOldGen       total 603136K, used 524013K [0x0000000080000000, 0x00000000a4d00000, 0x00000008d5580000)
  object space 603136K, 86% used [0x0000000080000000,0x000000009ffbb6c0,0x00000000a4d00000)
 Metaspace       used 6588K, capacity 6920K, committed 7168K, reserved 8192K
Event: 27.930 GC heap after
Heap after GC invocations=21 (full 4):
 PSYoungGen      total 898048K, used 157468K [0x00000008d5580000, 0x0000000927500000, 0x0000000d00000000)
  eden space 655872K, 0% used [0x00000008d5580000,0x00000008d5580000,0x00000008fd600000)
  from space 242176K, 65% used [0x00000008fd600000,0x0000000906fc7368,0x000000090c280000)
  to   space 297984K, 0% used [0x0000000915200000,0x0000000915200000,0x0000000927500000)
 ParOldGen       total 900608K, used 602745K [0x0000000080000000, 0x00000000b6f80000, 0x00000008d5580000)
  object space 900608K, 66% used [0x0000000080000000,0x00000000a4c9e468,0x00000000b6f80000)
 Metaspace       used 6588K, capacity 6920K, committed 7168K, reserved 8192K
}
Event: 30.383 GC heap before
{Heap before GC invocations=22 (full 4):
 PSYoungGen      total 898048K, used 813340K [0x00000008d5580000, 0x0000000927500000, 0x0000000d00000000)
  eden space 655872K, 100% used [0x00000008d5580000,0x00000008fd600000,0x00000008fd600000)
  from space 242176K, 65% used [0x00000008fd600000,0x0000000906fc7368,0x000000090c280000)
  to   space 297984K, 0% used [0x0000000915200000,0x0000000915200000,0x0000000927500000)
 ParOldGen       total 900608K, used 602745K [0x0000000080000000, 0x00000000b6f80000, 0x00000008d5580000)
  object space 900608K, 66% used [0x0000000080000000,0x00000000a4c9e468,0x00000000b6f80000)
 Metaspace       used 6589K, capacity 6920K, committed 7168K, reserved 8192K
Event: 30.943 GC heap after
Heap after GC invocations=22 (full 4):
 PSYoungGen      total 1009664K, used 255105K [0x00000008d5580000, 0x000000092b080000, 0x0000000d00000000)
  eden space 711680K, 0% used [0x00000008d5580000,0x00000008d5580000,0x0000000900c80000)
  from space 297984K, 85% used [0x0000000915200000,0x0000000924b207e0,0x0000000927500000)
  to   space 333312K, 0% used [0x0000000900c80000,0x0000000900c80000,0x0000000915200000)
 ParOldGen       total 900608K, used 695974K [0x0000000080000000, 0x00000000b6f80000, 0x00000008d5580000)
  object space 900608K, 77% used [0x0000000080000000,0x00000000aa7a9910,0x00000000b6f80000)
 Metaspace       used 6589K, capacity 6920K, committed 7168K, reserved 8192K
}

Deoptimization events (10 events):
Event: 23.360 Thread 0x0000000025a48000 Uncommon trap: reason=class_check action=maybe_recompile pc=0x0000000003c581bc method=com.android.dx.ssa.DomFront.calcDomFronts()V @ 101
Event: 23.361 Thread 0x0000000025a48000 Uncommon trap: reason=class_check action=maybe_recompile pc=0x0000000003c581bc method=com.android.dx.ssa.DomFront.calcDomFronts()V @ 101
Event: 23.363 Thread 0x0000000025a48000 Uncommon trap: reason=class_check action=maybe_recompile pc=0x0000000003c5b408 method=com.android.dx.ssa.DomFront.calcDomFronts()V @ 101
Event: 23.365 Thread 0x0000000025a48000 Uncommon trap: reason=class_check action=maybe_recompile pc=0x0000000004000298 method=com.android.dx.ssa.SsaConverter.placePhiFunctions(Lcom/android/dx/ssa/SsaMethod;Lcom/android/dx/ssa/LocalVariableInfo;I)V @ 257
Event: 23.370 Thread 0x0000000025a48000 Uncommon trap: reason=class_check action=maybe_recompile pc=0x0000000003f2929c method=com.android.dx.ssa.SsaConverter.placePhiFunctions(Lcom/android/dx/ssa/SsaMethod;Lcom/android/dx/ssa/LocalVariableInfo;I)V @ 257
Event: 23.370 Thread 0x0000000025a48000 Uncommon trap: reason=class_check action=maybe_recompile pc=0x0000000003f2929c method=com.android.dx.ssa.SsaConverter.placePhiFunctions(Lcom/android/dx/ssa/SsaMethod;Lcom/android/dx/ssa/LocalVariableInfo;I)V @ 257
Event: 23.372 Thread 0x0000000025a48000 Uncommon trap: reason=class_check action=maybe_recompile pc=0x0000000003f2929c method=com.android.dx.ssa.SsaConverter.placePhiFunctions(Lcom/android/dx/ssa/SsaMethod;Lcom/android/dx/ssa/LocalVariableInfo;I)V @ 257
Event: 29.104 Thread 0x00000000253b4800 Uncommon trap: reason=class_check action=maybe_recompile pc=0x0000000003fa2a14 method=com.android.dx.cf.code.BytecodeArray.parseInstruction(ILcom/android/dx/cf/code/BytecodeArray$Visitor;)I @ 2092
Event: 29.150 Thread 0x0000000025a48000 Uncommon trap: reason=class_check action=maybe_recompile pc=0x0000000003fa2a14 method=com.android.dx.cf.code.BytecodeArray.parseInstruction(ILcom/android/dx/cf/code/BytecodeArray$Visitor;)I @ 2092
Event: 31.031 Thread 0x00000000253b4800 Uncommon trap: reason=class_check action=maybe_recompile pc=0x00000000040286f4 method=com.android.dx.ssa.SsaConverter.placePhiFunctions(Lcom/android/dx/ssa/SsaMethod;Lcom/android/dx/ssa/LocalVariableInfo;I)V @ 257

Internal exceptions (10 events):
Event: 1.642 Thread 0x0000000000f02800 Exception <a 'java/security/PrivilegedActionException'> (0x00000008d9b45be0) thrown at [D:\re\workspace\8-2-build-windows-amd64-cygwin\jdk8u20\1074\hotspot\src\share\vm\prims\jvm.cpp, line 1275]
Event: 1.785 Thread 0x00000000253b4800 Exception <a 'java/lang/ArrayIndexOutOfBoundsException': 18> (0x00000008db5a27f8) thrown at [D:\re\workspace\8-2-build-windows-amd64-cygwin\jdk8u20\1074\hotspot\src\share\vm\interpreter\interpreterRuntime.cpp, line 366]
Event: 1.785 Thread 0x00000000253b4800 Exception <a 'java/lang/ArrayIndexOutOfBoundsException': 145> (0x00000008db5a4b58) thrown at [D:\re\workspace\8-2-build-windows-amd64-cygwin\jdk8u20\1074\hotspot\src\share\vm\interpreter\interpreterRuntime.cpp, line 366]
Event: 1.786 Thread 0x00000000253b4800 Exception <a 'java/lang/ArrayIndexOutOfBoundsException': 40> (0x00000008db5a63a0) thrown at [D:\re\workspace\8-2-build-windows-amd64-cygwin\jdk8u20\1074\hotspot\src\share\vm\interpreter\interpreterRuntime.cpp, line 366]
Event: 2.818 Thread 0x00000000253ea800 Exception <a 'java/security/PrivilegedActionException'> (0x00000008d8fbd648) thrown at [D:\re\workspace\8-2-build-windows-amd64-cygwin\jdk8u20\1074\hotspot\src\share\vm\prims\jvm.cpp, line 1275]
Event: 9.702 Thread 0x0000000000f02800 Exception <a 'java/security/PrivilegedActionException'> (0x00000008e4e64208) thrown at [D:\re\workspace\8-2-build-windows-amd64-cygwin\jdk8u20\1074\hotspot\src\share\vm\prims\jvm.cpp, line 1275]
Event: 9.705 Thread 0x0000000000f02800 Implicit null exception at 0x000000000358d8e8 to 0x000000000358ded9
Event: 23.353 Thread 0x0000000025a48000 Exception <a 'java/security/PrivilegedActionException'> (0x00000008e413edc0) thrown at [D:\re\workspace\8-2-build-windows-amd64-cygwin\jdk8u20\1074\hotspot\src\share\vm\prims\jvm.cpp, line 1275]
Event: 23.365 Thread 0x0000000025a48000 Exception <a 'java/security/PrivilegedActionException'> (0x00000008e41adc30) thrown at [D:\re\workspace\8-2-build-windows-amd64-cygwin\jdk8u20\1074\hotspot\src\share\vm\prims\jvm.cpp, line 1275]
Event: 28.845 Thread 0x00000000253b4800 Exception <a 'java/security/PrivilegedActionException'> (0x00000008e9c7b000) thrown at [D:\re\workspace\8-2-build-windows-amd64-cygwin\jdk8u20\1074\hotspot\src\share\vm\prims\jvm.cpp, line 1275]

Events (10 events):
Event: 30.205 Thread 0x0000000001d4f800 flushing nmethod 0x00000000035a17d0
Event: 30.224 Thread 0x0000000001d4f800 flushing nmethod 0x00000000037209d0
Event: 30.240 Thread 0x0000000001d4f800 flushing nmethod 0x0000000003975350
Event: 30.244 Thread 0x0000000001d4f800 flushing nmethod 0x0000000003aee590
Event: 30.292 Thread 0x0000000001d4f800 flushing nmethod 0x0000000003bf8150
Event: 30.382 Executing VM operation: ParallelGCFailedAllocation
Event: 30.943 Executing VM operation: ParallelGCFailedAllocation done
Event: 31.031 Thread 0x00000000253b4800 Uncommon trap: trap_request=0xffffffde fr.pc=0x00000000040286f4
Event: 31.031 Thread 0x00000000253b4800 DEOPT PACKING pc=0x00000000040286f4 sp=0x0000000026b9e8a0
Event: 31.031 Thread 0x00000000253b4800 DEOPT UNPACKING pc=0x000000000344556a sp=0x0000000026b9e898 mode 2


Dynamic libraries:
0x00007ff634000000 - 0x00007ff634034000 	C:\Program Files\Java\jdk1.8.0_20\bin\java.exe
0x00007ffd3f9f0000 - 0x00007ffd3fbc1000 	C:\WINDOWS\SYSTEM32\ntdll.dll
0x00007ffd3ee50000 - 0x00007ffd3eefb000 	C:\WINDOWS\System32\KERNEL32.DLL
0x00007ffd3c940000 - 0x00007ffd3cb5d000 	C:\WINDOWS\System32\KERNELBASE.dll
0x00007ffd3d2d0000 - 0x00007ffd3d372000 	C:\WINDOWS\System32\ADVAPI32.dll
0x00007ffd3f8c0000 - 0x00007ffd3f95e000 	C:\WINDOWS\System32\msvcrt.dll
0x00007ffd3f990000 - 0x00007ffd3f9e9000 	C:\WINDOWS\System32\sechost.dll
0x00007ffd3f400000 - 0x00007ffd3f521000 	C:\WINDOWS\System32\RPCRT4.dll
0x00007ffd3d430000 - 0x00007ffd3d595000 	C:\WINDOWS\System32\USER32.dll
0x00007ffd3cd90000 - 0x00007ffd3cdae000 	C:\WINDOWS\System32\win32u.dll
0x00007ffd3d380000 - 0x00007ffd3d3b4000 	C:\WINDOWS\System32\GDI32.dll
0x00007ffd3bf30000 - 0x00007ffd3c0b2000 	C:\WINDOWS\System32\gdi32full.dll
0x00007ffd389f0000 - 0x00007ffd38c69000 	C:\WINDOWS\WinSxS\amd64_microsoft.windows.common-controls_6595b64144ccf1df_6.0.14393.0_none_2d0f50fcbdb171b8\COMCTL32.dll
0x00007ffd3f5d0000 - 0x00007ffd3f897000 	C:\WINDOWS\System32\combase.dll
0x00007ffd3c0c0000 - 0x00007ffd3c1b5000 	C:\WINDOWS\System32\ucrtbase.dll
0x00007ffd3ccc0000 - 0x00007ffd3cd2a000 	C:\WINDOWS\System32\bcryptPrimitives.dll
0x00007ffd3f960000 - 0x00007ffd3f98e000 	C:\WINDOWS\System32\IMM32.DLL
0x0000000077b70000 - 0x0000000077c42000 	C:\Program Files\Java\jdk1.8.0_20\jre\bin\msvcr100.dll
0x00000000763d0000 - 0x0000000076c28000 	C:\Program Files\Java\jdk1.8.0_20\jre\bin\server\jvm.dll
0x00007ffd3ef60000 - 0x00007ffd3ef68000 	C:\WINDOWS\System32\PSAPI.DLL
0x00007ffd3a390000 - 0x00007ffd3a3b3000 	C:\WINDOWS\SYSTEM32\WINMM.dll
0x00007ffd32410000 - 0x00007ffd32419000 	C:\WINDOWS\SYSTEM32\WSOCK32.dll
0x00007ffd3d3c0000 - 0x00007ffd3d42a000 	C:\WINDOWS\System32\WS2_32.dll
0x0000000000830000 - 0x000000000085b000 	C:\WINDOWS\SYSTEM32\WINMMBASE.dll
0x00007ffd3bee0000 - 0x00007ffd3bf22000 	C:\WINDOWS\System32\cfgmgr32.dll
0x0000000050030000 - 0x000000005003f000 	C:\Program Files\Java\jdk1.8.0_20\jre\bin\verify.dll
0x0000000050000000 - 0x0000000050028000 	C:\Program Files\Java\jdk1.8.0_20\jre\bin\java.dll
0x0000000077fe0000 - 0x0000000077ff6000 	C:\Program Files\Java\jdk1.8.0_20\jre\bin\zip.dll
0x00007ffd3d6e0000 - 0x00007ffd3ebe8000 	C:\WINDOWS\System32\SHELL32.dll
0x00007ffd3c1c0000 - 0x00007ffd3c89a000 	C:\WINDOWS\System32\windows.storage.dll
0x00007ffd3be80000 - 0x00007ffd3becc000 	C:\WINDOWS\System32\powrprof.dll
0x00007ffd3ef00000 - 0x00007ffd3ef52000 	C:\WINDOWS\System32\shlwapi.dll
0x00007ffd3bed0000 - 0x00007ffd3bedf000 	C:\WINDOWS\System32\kernel.appcore.dll
0x00007ffd3cb60000 - 0x00007ffd3cc09000 	C:\WINDOWS\System32\shcore.dll
0x00007ffd3be50000 - 0x00007ffd3be64000 	C:\WINDOWS\System32\profapi.dll
0x00007ffd2d520000 - 0x00007ffd2d6b2000 	C:\WINDOWS\SYSTEM32\dbghelp.dll

VM Arguments:
jvm_args: -Djava.awt.headless=true -Xmx50g -Dfile.encoding=windows-1251 -Duser.country=RU -Duser.language=ru -Duser.variant 
java_command: com.android.dx.command.Main --dex --num-threads=4 --multi-dex --main-dex-list C:\Users\User\Documents\GitHub\iCRM\iCRM\app\build\intermediates\multi-dex\debug\maindexlist.txt --output C:\Users\User\Documents\GitHub\iCRM\iCRM\app\build\intermediates\transforms\dex\debug\folders\1000\1f\main C:\Users\User\Documents\GitHub\iCRM\iCRM\app\build\intermediates\transforms\jarMerging\debug\jars\1\1f\combined.jar
java_class_path (initial): C:\Users\User\AppData\Local\Android\sdk\build-tools\23.0.3\lib\dx.jar
Launcher Type: SUN_STANDARD

Environment Variables:
PATH=C:\ProgramData\Oracle\Java\javapath;C:\Program Files\Broadcom\Broadcom 802.11 Network Adapter;C:\Program Files (x86)\NVIDIA Corporation\PhysX\Common;C:\Program Files (x86)\Intel\iCLS Client\;C:\Program Files\Intel\iCLS Client\;C:\Windows\system32;C:\Windows;C:\Windows\System32\Wbem;C:\Windows\System32\WindowsPowerShell\v1.0\;C:\Program Files\Intel\Intel(R) Management Engine Components\DAL;C:\Program Files\Intel\Intel(R) Management Engine Components\IPT;C:\Program Files (x86)\Intel\Intel(R) Management Engine Components\DAL;C:\Program Files (x86)\Intel\Intel(R) Management Engine Components\IPT;C:\Program Files\WIDCOMM\Bluetooth Software\;C:\Program Files\WIDCOMM\Bluetooth Software\syswow64;C:\Program Files\Acer\Remote Files\;C:\Program Files (x86)\Skype\Phone\;C:\Program Files\OpenVPN\bin;C:\WINDOWS\system32;C:\WINDOWS;C:\WINDOWS\System32\Wbem;C:\WINDOWS\System32\WindowsPowerShell\v1.0\;C:\Users\User\AppData\Local\Microsoft\WindowsApps;
USERNAME=User
OS=Windows_NT
PROCESSOR_IDENTIFIER=Intel64 Family 6 Model 69 Stepping 1, GenuineIntel



---------------  S Y S T E M  ---------------

OS: Windows 8.1 , 64 bit Build 9600 

CPU:total 4 (2 cores per cpu, 2 threads per core) family 6 model 69 stepping 1, cmov, cx8, fxsr, mmx, sse, sse2, sse3, ssse3, sse4.1, sse4.2, popcnt, avx, avx2, aes, clmul, erms, lzcnt, ht, tsc, tscinvbit, bmi1, bmi2

Memory: 4k page, physical 8310040k(906280k free), swap 12406040k(11056k free)

vm_info: Java HotSpot(TM) 64-Bit Server VM (25.20-b23) for windows-amd64 JRE (1.8.0_20-b26), built on Jul 30 2014 13:51:23 by "java_re" with MS VC++ 10.0 (VS2010)

time: Thu Oct 27 15:52:40 2016
elapsed time: 31 seconds (0d 0h 0m 31s)

