#
# There is insufficient memory for the Java Runtime Environment to continue.
# Native memory allocation (malloc) failed to allocate 1553136 bytes for Chunk::new
# Possible reasons:
#   The system is out of physical RAM or swap space
#   In 32 bit mode, the process size limit was hit
# Possible solutions:
#   Reduce memory load on the system
#   Increase physical memory or swap space
#   Check if swap backing store is full
#   Use 64 bit Java on a 64 bit OS
#   Decrease Java heap size (-Xmx/-Xms)
#   Decrease number of Java threads
#   Decrease Java thread stack sizes (-Xss)
#   Set larger code cache with -XX:ReservedCodeCacheSize=
# This output file may be truncated or incomplete.
#
#  Out of Memory Error (allocation.cpp:390), pid=5248, tid=5372
#
# JRE version: Java(TM) SE Runtime Environment (8.0_20-b26) (build 1.8.0_20-b26)
# Java VM: Java HotSpot(TM) 64-Bit Server VM (25.20-b23 mixed mode windows-amd64 )
# Failed to write core dump. Minidumps are not enabled by default on client versions of Windows
#

---------------  T H R E A D  ---------------

Current thread (0x0000000023c4f000):  JavaThread "C2 CompilerThread1" daemon [_thread_in_native, id=5372, stack(0x00000000251a0000,0x00000000252a0000)]

Stack: [0x00000000251a0000,0x00000000252a0000]
Native frames: (J=compiled Java code, j=interpreted, Vv=VM code, C=native code)
V  [jvm.dll+0x3152fa]
V  [jvm.dll+0x265d03]
V  [jvm.dll+0x266943]
V  [jvm.dll+0x25e265]
V  [jvm.dll+0xbe255]
V  [jvm.dll+0xbe6fc]
V  [jvm.dll+0x477e2c]
V  [jvm.dll+0x444fab]
V  [jvm.dll+0x4500de]
V  [jvm.dll+0x4526c8]
V  [jvm.dll+0x435fc2]
V  [jvm.dll+0x97b62]
V  [jvm.dll+0x98353]
V  [jvm.dll+0x22aac4]
V  [jvm.dll+0x283f5a]
C  [msvcr100.dll+0x21d9f]
C  [msvcr100.dll+0x21e3b]
C  [KERNEL32.DLL+0x8364]
C  [ntdll.dll+0x65e91]


Current CompileTask:
C2:  43026 3158       4       com.android.dx.dex.file.ClassDataItem::addContents (207 bytes)


---------------  P R O C E S S  ---------------

Java Threads: ( => current thread )
  0x0000000026208800 JavaThread "pool-1-thread-1" [_thread_blocked, id=15352, stack(0x0000000029610000,0x0000000029710000)]
  0x000000002579b000 JavaThread "pool-2-thread-4" [_thread_blocked, id=5212, stack(0x0000000027570000,0x0000000027670000)]
  0x0000000025d11000 JavaThread "pool-2-thread-3" [_thread_blocked, id=3528, stack(0x0000000027470000,0x0000000027570000)]
  0x0000000025d10000 JavaThread "pool-2-thread-2" [_thread_blocked, id=13224, stack(0x0000000027370000,0x0000000027470000)]
  0x0000000026394000 JavaThread "pool-3-thread-1" [_thread_blocked, id=13652, stack(0x0000000027270000,0x0000000027370000)]
  0x000000002565f800 JavaThread "pool-2-thread-1" [_thread_blocked, id=16024, stack(0x0000000027170000,0x0000000027270000)]
  0x00000000253d8000 JavaThread "Service Thread" daemon [_thread_blocked, id=12796, stack(0x00000000257a0000,0x00000000258a0000)]
  0x0000000023c53800 JavaThread "C1 CompilerThread2" daemon [_thread_blocked, id=6568, stack(0x00000000252a0000,0x00000000253a0000)]
=>0x0000000023c4f000 JavaThread "C2 CompilerThread1" daemon [_thread_in_native, id=5372, stack(0x00000000251a0000,0x00000000252a0000)]
  0x0000000023c4d000 JavaThread "C2 CompilerThread0" daemon [_thread_blocked, id=10752, stack(0x00000000250a0000,0x00000000251a0000)]
  0x0000000023c4b800 JavaThread "Attach Listener" daemon [_thread_blocked, id=9636, stack(0x0000000024fa0000,0x00000000250a0000)]
  0x0000000023c4a800 JavaThread "Signal Dispatcher" daemon [_thread_blocked, id=15924, stack(0x0000000024ea0000,0x0000000024fa0000)]
  0x00000000015b6000 JavaThread "Finalizer" daemon [_thread_blocked, id=14952, stack(0x0000000024da0000,0x0000000024ea0000)]
  0x00000000015ad000 JavaThread "Reference Handler" daemon [_thread_blocked, id=376, stack(0x0000000024ca0000,0x0000000024da0000)]
  0x00000000014c0800 JavaThread "main" [_thread_blocked, id=4892, stack(0x0000000001390000,0x0000000001490000)]

Other Threads:
  0x0000000023c15800 VMThread [stack: 0x0000000024ba0000,0x0000000024ca0000] [id=11376]
  0x00000000253de000 WatcherThread [stack: 0x00000000258a0000,0x00000000259a0000] [id=9908]

VM state:at safepoint (normal execution)

VM Mutex/Monitor currently owned by a thread:  ([mutex/lock_event])
[0x000000000164c600] Threads_lock - owner thread: 0x0000000023c15800
[0x000000000164c080] Heap_lock - owner thread: 0x00000000014c0800

Heap:
 PSYoungGen      total 1070080K, used 775680K [0x00000008d5580000, 0x0000000936b00000, 0x0000000d00000000)
  eden space 775680K, 100% used [0x00000008d5580000,0x0000000904b00000,0x0000000904b00000)
  from space 294400K, 0% used [0x0000000904b00000,0x0000000904b00000,0x0000000916a80000)
  to   space 360448K, 0% used [0x0000000920b00000,0x0000000920b00000,0x0000000936b00000)
 ParOldGen       total 840704K, used 840281K [0x0000000080000000, 0x00000000b3500000, 0x00000008d5580000)
  object space 840704K, 99% used [0x0000000080000000,0x00000000b3496568,0x00000000b3500000)
 Metaspace       used 6699K, capacity 6984K, committed 7168K, reserved 8192K

Card table byte_map: [0x0000000012400000,0x0000000018810000] byte_map_base: 0x0000000012000000

Marking Bits: (ParMarkBitMap*) 0x0000000076c4b460
 Begin Bits: [0x0000000d00000000, 0x0000000d32000000)
 End Bits:   [0x0000000d32000000, 0x0000000d64000000)

Polling page: 0x00000000014a0000

CodeCache: size=245760Kb used=10633Kb max_used=14800Kb free=235126Kb
 bounds [0x0000000003400000, 0x00000000042a0000, 0x0000000012400000]
 total_blobs=2566 nmethods=2300 adapters=179
 compilation: enabled

Compilation events (10 events):
Event: 42.833 Thread 0x0000000023c4d000 nmethod 3195 0x0000000003c5fb50 code [0x0000000003c5fce0, 0x0000000003c60080]
Event: 42.833 Thread 0x0000000023c4d000 3209       4       java.util.HashMap$KeyIterator::next (8 bytes)
Event: 42.838 Thread 0x0000000023c4d000 nmethod 3209 0x0000000003c18450 code [0x0000000003c185a0, 0x0000000003c187b8]
Event: 42.838 Thread 0x0000000023c4d000 3210       4       com.android.dx.dex.code.OutputFinisher::getAllConstants (47 bytes)
Event: 42.845 Thread 0x0000000023c4d000 nmethod 3210 0x0000000003b48bd0 code [0x0000000003b48d40, 0x0000000003b49028]
Event: 42.845 Thread 0x0000000023c4d000 3201       4       java.util.AbstractSet::<init> (5 bytes)
Event: 42.845 Thread 0x0000000023c4d000 nmethod 3201 0x0000000003bebed0 code [0x0000000003bec000, 0x0000000003bec058]
Event: 42.845 Thread 0x0000000023c4d000 3186       4       java.util.HashSet::add (20 bytes)
Event: 42.847 Thread 0x0000000023c4d000 nmethod 3186 0x000000000374a790 code [0x000000000374a8e0, 0x000000000374aa08]
Event: 42.847 Thread 0x0000000023c4d000 3192       4       com.android.dx.dex.code.OutputFinisher::addConstants (68 bytes)

GC Heap History (10 events):
Event: 25.551 GC heap before
{Heap before GC invocations=21 (full 4):
 PSYoungGen      total 1027072K, used 1026858K [0x00000008d5580000, 0x000000092c180000, 0x0000000d00000000)
  eden space 775680K, 100% used [0x00000008d5580000,0x0000000904b00000,0x0000000904b00000)
  from space 251392K, 99% used [0x0000000916a80000,0x0000000925fca9f8,0x0000000926000000)
  to   space 294400K, 0% used [0x0000000904b00000,0x0000000904b00000,0x0000000916a80000)
 ParOldGen       total 785920K, used 630379K [0x0000000080000000, 0x00000000aff80000, 0x00000008d5580000)
  object space 785920K, 80% used [0x0000000080000000,0x00000000a679ae08,0x00000000aff80000)
 Metaspace       used 6592K, capacity 6920K, committed 7168K, reserved 8192K
Event: 25.862 GC heap after
Heap after GC invocations=21 (full 4):
 PSYoungGen      total 1070080K, used 294383K [0x00000008d5580000, 0x0000000936b00000, 0x0000000d00000000)
  eden space 775680K, 0% used [0x00000008d5580000,0x00000008d5580000,0x0000000904b00000)
  from space 294400K, 99% used [0x0000000904b00000,0x0000000916a7bf48,0x0000000916a80000)
  to   space 360448K, 0% used [0x0000000920b00000,0x0000000920b00000,0x0000000936b00000)
 ParOldGen       total 785920K, used 674092K [0x0000000080000000, 0x00000000aff80000, 0x00000008d5580000)
  object space 785920K, 85% used [0x0000000080000000,0x00000000a924b1c8,0x00000000aff80000)
 Metaspace       used 6592K, capacity 6920K, committed 7168K, reserved 8192K
}
Event: 27.456 GC heap before
{Heap before GC invocations=22 (full 4):
 PSYoungGen      total 1070080K, used 1070063K [0x00000008d5580000, 0x0000000936b00000, 0x0000000d00000000)
  eden space 775680K, 100% used [0x00000008d5580000,0x0000000904b00000,0x0000000904b00000)
  from space 294400K, 99% used [0x0000000904b00000,0x0000000916a7bf48,0x0000000916a80000)
  to   space 360448K, 0% used [0x0000000920b00000,0x0000000920b00000,0x0000000936b00000)
 ParOldGen       total 785920K, used 674092K [0x0000000080000000, 0x00000000aff80000, 0x00000008d5580000)
  object space 785920K, 85% used [0x0000000080000000,0x00000000a924b1c8,0x00000000aff80000)
 Metaspace       used 6592K, capacity 6920K, committed 7168K, reserved 8192K
Event: 28.308 GC heap after
Heap after GC invocations=22 (full 4):
 PSYoungGen      total 1070080K, used 1070063K [0x00000008d5580000, 0x0000000936b00000, 0x0000000d00000000)
  eden space 775680K, 100% used [0x00000008d5580000,0x0000000904b00000,0x0000000904b00000)
  from space 294400K, 99% used [0x0000000904b00000,0x0000000916a7bf48,0x0000000916a80000)
  to   space 360448K, 41% used [0x0000000920b00000,0x0000000929d9d6e8,0x0000000936b00000)
 ParOldGen       total 840704K, used 840494K [0x0000000080000000, 0x00000000b3500000, 0x00000008d5580000)
  object space 840704K, 99% used [0x0000000080000000,0x00000000b34cbb90,0x00000000b3500000)
 Metaspace       used 6592K, capacity 6920K, committed 7168K, reserved 8192K
}
Event: 28.308 GC heap before
{Heap before GC invocations=23 (full 5):
 PSYoungGen      total 1070080K, used 1070063K [0x00000008d5580000, 0x0000000936b00000, 0x0000000d00000000)
  eden space 775680K, 100% used [0x00000008d5580000,0x0000000904b00000,0x0000000904b00000)
  from space 294400K, 99% used [0x0000000904b00000,0x0000000916a7bf48,0x0000000916a80000)
  to   space 360448K, 41% used [0x0000000920b00000,0x0000000929d9d6e8,0x0000000936b00000)
 ParOldGen       total 840704K, used 840494K [0x0000000080000000, 0x00000000b3500000, 0x00000008d5580000)
  object space 840704K, 99% used [0x0000000080000000,0x00000000b34cbb90,0x00000000b3500000)
 Metaspace       used 6592K, capacity 6920K, committed 7168K, reserved 8192K
Event: 31.838 GC heap after
Heap after GC invocations=23 (full 5):
 PSYoungGen      total 1070080K, used 0K [0x00000008d5580000, 0x0000000936b00000, 0x0000000d00000000)
  eden space 775680K, 0% used [0x00000008d5580000,0x00000008d5580000,0x0000000904b00000)
  from space 294400K, 0% used [0x0000000904b00000,0x0000000904b00000,0x0000000916a80000)
  to   space 360448K, 38% used [0x0000000920b00000,0x000000092923ae70,0x0000000936b00000)
 ParOldGen       total 840704K, used 840290K [0x0000000080000000, 0x00000000b3500000, 0x00000008d5580000)
  object space 840704K, 99% used [0x0000000080000000,0x00000000b3498b78,0x00000000b3500000)
 Metaspace       used 6592K, capacity 6920K, committed 7168K, reserved 8192K
}
Event: 32.687 GC heap before
{Heap before GC invocations=24 (full 6):
 PSYoungGen      total 1070080K, used 775680K [0x00000008d5580000, 0x0000000936b00000, 0x0000000d00000000)
  eden space 775680K, 100% used [0x00000008d5580000,0x0000000904b00000,0x0000000904b00000)
  from space 294400K, 0% used [0x0000000904b00000,0x0000000904b00000,0x0000000916a80000)
  to   space 360448K, 38% used [0x0000000920b00000,0x000000092923ae70,0x0000000936b00000)
 ParOldGen       total 840704K, used 840290K [0x0000000080000000, 0x00000000b3500000, 0x00000008d5580000)
  object space 840704K, 99% used [0x0000000080000000,0x00000000b3498b78,0x00000000b3500000)
 Metaspace       used 6593K, capacity 6920K, committed 7168K, reserved 8192K
Event: 36.515 GC heap after
Heap after GC invocations=24 (full 6):
 PSYoungGen      total 1070080K, used 261265K [0x00000008d5580000, 0x0000000936b00000, 0x0000000d00000000)
  eden space 775680K, 33% used [0x00000008d5580000,0x00000008e54a4700,0x0000000904b00000)
  from space 294400K, 0% used [0x0000000904b00000,0x0000000904b00000,0x0000000916a80000)
  to   space 360448K, 0% used [0x0000000920b00000,0x0000000920b00000,0x0000000936b00000)
 ParOldGen       total 840704K, used 840488K [0x0000000080000000, 0x00000000b3500000, 0x00000008d5580000)
  object space 840704K, 99% used [0x0000000080000000,0x00000000b34ca350,0x00000000b3500000)
 Metaspace       used 6593K, capacity 6920K, committed 7168K, reserved 8192K
}
Event: 37.246 GC heap before
{Heap before GC invocations=25 (full 7):
 PSYoungGen      total 1070080K, used 775680K [0x00000008d5580000, 0x0000000936b00000, 0x0000000d00000000)
  eden space 775680K, 100% used [0x00000008d5580000,0x0000000904b00000,0x0000000904b00000)
  from space 294400K, 0% used [0x0000000904b00000,0x0000000904b00000,0x0000000916a80000)
  to   space 360448K, 0% used [0x0000000920b00000,0x0000000920b00000,0x0000000936b00000)
 ParOldGen       total 840704K, used 840488K [0x0000000080000000, 0x00000000b3500000, 0x00000008d5580000)
  object space 840704K, 99% used [0x0000000080000000,0x00000000b34ca350,0x00000000b3500000)
 Metaspace       used 6652K, capacity 6920K, committed 7168K, reserved 8192K
Event: 41.998 GC heap after
Heap after GC invocations=25 (full 7):
 PSYoungGen      total 1070080K, used 333334K [0x00000008d5580000, 0x0000000936b00000, 0x0000000d00000000)
  eden space 775680K, 42% used [0x00000008d5580000,0x00000008e9b05af0,0x0000000904b00000)
  from space 294400K, 0% used [0x0000000904b00000,0x0000000904b00000,0x0000000916a80000)
  to   space 360448K, 0% used [0x0000000920b00000,0x0000000920b00000,0x0000000936b00000)
 ParOldGen       total 840704K, used 840281K [0x0000000080000000, 0x00000000b3500000, 0x00000008d5580000)
  object space 840704K, 99% used [0x0000000080000000,0x00000000b3496568,0x00000000b3500000)
 Metaspace       used 6652K, capacity 6920K, committed 7168K, reserved 8192K
}

Deoptimization events (10 events):
Event: 24.761 Thread 0x0000000025d10000 Uncommon trap: reason=class_check action=maybe_recompile pc=0x0000000003fe3204 method=com.android.dx.util.BitIntSet.merge(Lcom/android/dx/util/IntSet;)V @ 1
Event: 24.991 Thread 0x000000002579b000 Uncommon trap: reason=predicate action=maybe_recompile pc=0x0000000003f07c08 method=com.android.dx.ssa.back.InterferenceGraph.<init>(I)V @ 23
Event: 31.984 Thread 0x0000000025d11000 Uncommon trap: reason=null_check action=make_not_entrant pc=0x000000000405bb90 method=com.android.dx.rop.cst.CstKnownNull.equals(Ljava/lang/Object;)Z @ 1
Event: 32.404 Thread 0x000000002579b000 Uncommon trap: reason=range_check action=make_not_entrant pc=0x00000000036a5c8c method=java.util.DualPivotQuicksort.sort([IIIZ)V @ 56
Event: 37.066 Thread 0x0000000026208800 Uncommon trap: reason=class_check action=maybe_recompile pc=0x00000000039a9554 method=java.util.Arrays.hashCode([Ljava/lang/Object;)I @ 43
Event: 37.066 Thread 0x0000000026208800 Uncommon trap: reason=class_check action=maybe_recompile pc=0x00000000039a9554 method=java.util.Arrays.hashCode([Ljava/lang/Object;)I @ 43
Event: 37.066 Thread 0x0000000026208800 Uncommon trap: reason=class_check action=maybe_recompile pc=0x00000000039a9554 method=java.util.Arrays.hashCode([Ljava/lang/Object;)I @ 43
Event: 37.066 Thread 0x0000000026208800 Uncommon trap: reason=class_check action=maybe_recompile pc=0x00000000039a9554 method=java.util.Arrays.hashCode([Ljava/lang/Object;)I @ 43
Event: 37.066 Thread 0x0000000026208800 Uncommon trap: reason=class_check action=maybe_recompile pc=0x000000000399a98c method=java.util.Arrays.hashCode([Ljava/lang/Object;)I @ 43
Event: 42.443 Thread 0x0000000026208800 Uncommon trap: reason=unreached action=reinterpret pc=0x00000000039344dc method=com.android.dx.dex.file.OffsettedItem.equals(Ljava/lang/Object;)Z @ 26

Internal exceptions (10 events):
Event: 9.383 Thread 0x00000000014c0800 Implicit null exception at 0x00000000035938a8 to 0x0000000003593e99
Event: 11.065 Thread 0x000000002565f800 Implicit null exception at 0x0000000003ec039d to 0x0000000003ec1141
Event: 14.284 Thread 0x000000002565f800 Exception <a 'java/security/PrivilegedActionException'> (0x00000008d6256840) thrown at [D:\re\workspace\8-2-build-windows-amd64-cygwin\jdk8u20\1074\hotspot\src\share\vm\prims\jvm.cpp, line 1275]
Event: 14.349 Thread 0x00000000014c0800 Exception <a 'java/security/PrivilegedActionException'> (0x00000008d58048c0) thrown at [D:\re\workspace\8-2-build-windows-amd64-cygwin\jdk8u20\1074\hotspot\src\share\vm\prims\jvm.cpp, line 1275]
Event: 20.691 Thread 0x000000002579b000 Exception <a 'java/security/PrivilegedActionException'> (0x00000008f479dde8) thrown at [D:\re\workspace\8-2-build-windows-amd64-cygwin\jdk8u20\1074\hotspot\src\share\vm\prims\jvm.cpp, line 1275]
Event: 20.719 Thread 0x000000002579b000 Exception <a 'java/security/PrivilegedActionException'> (0x00000008f480ece0) thrown at [D:\re\workspace\8-2-build-windows-amd64-cygwin\jdk8u20\1074\hotspot\src\share\vm\prims\jvm.cpp, line 1275]
Event: 31.984 Thread 0x0000000025d11000 Implicit null exception at 0x000000000405bb5c to 0x000000000405bb84
Event: 37.033 Thread 0x00000000014c0800 Exception <a 'java/security/PrivilegedActionException'> (0x00000008fc1a5480) thrown at [D:\re\workspace\8-2-build-windows-amd64-cygwin\jdk8u20\1074\hotspot\src\share\vm\prims\jvm.cpp, line 1275]
Event: 37.100 Thread 0x0000000026208800 Exception <a 'java/security/PrivilegedActionException'> (0x00000008fe876bc8) thrown at [D:\re\workspace\8-2-build-windows-amd64-cygwin\jdk8u20\1074\hotspot\src\share\vm\prims\jvm.cpp, line 1275]
Event: 42.782 Thread 0x0000000026208800 Exception <a 'java/security/PrivilegedActionException'> (0x00000009001d59b8) thrown at [D:\re\workspace\8-2-build-windows-amd64-cygwin\jdk8u20\1074\hotspot\src\share\vm\prims\jvm.cpp, line 1275]

Events (10 events):
Event: 41.998 Executing VM operation: ParallelGCFailedAllocation done
Event: 42.443 Thread 0x0000000026208800 Uncommon trap: trap_request=0xffffffad fr.pc=0x00000000039344dc
Event: 42.443 Thread 0x0000000026208800 DEOPT PACKING pc=0x00000000039344dc sp=0x000000002970ee00
Event: 42.443 Thread 0x0000000026208800 DEOPT UNPACKING pc=0x000000000344556a sp=0x000000002970ec78 mode 2
Event: 42.757 loading class java/util/HashMap$KeySet
Event: 42.757 loading class java/util/HashMap$KeySet done
Event: 42.757 loading class java/util/HashMap$KeyIterator
Event: 42.757 loading class java/util/HashMap$KeyIterator done
Event: 42.782 loading class com/android/dx/dex/file/CatchStructs
Event: 42.782 loading class com/android/dx/dex/file/CatchStructs done


Dynamic libraries:
0x00007ff782f20000 - 0x00007ff782f54000 	C:\Program Files\Java\jdk1.8.0_20\bin\java.exe
0x00007ffd3f9f0000 - 0x00007ffd3fbc1000 	C:\WINDOWS\SYSTEM32\ntdll.dll
0x00007ffd3ee50000 - 0x00007ffd3eefb000 	C:\WINDOWS\System32\KERNEL32.DLL
0x00007ffd3c940000 - 0x00007ffd3cb5d000 	C:\WINDOWS\System32\KERNELBASE.dll
0x00007ffd3d2d0000 - 0x00007ffd3d372000 	C:\WINDOWS\System32\ADVAPI32.dll
0x00007ffd3f8c0000 - 0x00007ffd3f95e000 	C:\WINDOWS\System32\msvcrt.dll
0x00007ffd3f990000 - 0x00007ffd3f9e9000 	C:\WINDOWS\System32\sechost.dll
0x00007ffd3f400000 - 0x00007ffd3f521000 	C:\WINDOWS\System32\RPCRT4.dll
0x00007ffd3d430000 - 0x00007ffd3d595000 	C:\WINDOWS\System32\USER32.dll
0x00007ffd3cd90000 - 0x00007ffd3cdae000 	C:\WINDOWS\System32\win32u.dll
0x00007ffd3d380000 - 0x00007ffd3d3b4000 	C:\WINDOWS\System32\GDI32.dll
0x00007ffd3bf30000 - 0x00007ffd3c0b2000 	C:\WINDOWS\System32\gdi32full.dll
0x00007ffd389f0000 - 0x00007ffd38c69000 	C:\WINDOWS\WinSxS\amd64_microsoft.windows.common-controls_6595b64144ccf1df_6.0.14393.0_none_2d0f50fcbdb171b8\COMCTL32.dll
0x00007ffd3f5d0000 - 0x00007ffd3f897000 	C:\WINDOWS\System32\combase.dll
0x00007ffd3c0c0000 - 0x00007ffd3c1b5000 	C:\WINDOWS\System32\ucrtbase.dll
0x00007ffd3ccc0000 - 0x00007ffd3cd2a000 	C:\WINDOWS\System32\bcryptPrimitives.dll
0x00007ffd3f960000 - 0x00007ffd3f98e000 	C:\WINDOWS\System32\IMM32.DLL
0x0000000077b70000 - 0x0000000077c42000 	C:\Program Files\Java\jdk1.8.0_20\jre\bin\msvcr100.dll
0x0000000076470000 - 0x0000000076cc8000 	C:\Program Files\Java\jdk1.8.0_20\jre\bin\server\jvm.dll
0x00007ffd3ef60000 - 0x00007ffd3ef68000 	C:\WINDOWS\System32\PSAPI.DLL
0x00007ffd3a390000 - 0x00007ffd3a3b3000 	C:\WINDOWS\SYSTEM32\WINMM.dll
0x00007ffd32410000 - 0x00007ffd32419000 	C:\WINDOWS\SYSTEM32\WSOCK32.dll
0x00007ffd3d3c0000 - 0x00007ffd3d42a000 	C:\WINDOWS\System32\WS2_32.dll
0x00007ffd3a330000 - 0x00007ffd3a35b000 	C:\WINDOWS\SYSTEM32\WINMMBASE.dll
0x00007ffd3bee0000 - 0x00007ffd3bf22000 	C:\WINDOWS\System32\cfgmgr32.dll
0x0000000050030000 - 0x000000005003f000 	C:\Program Files\Java\jdk1.8.0_20\jre\bin\verify.dll
0x0000000050000000 - 0x0000000050028000 	C:\Program Files\Java\jdk1.8.0_20\jre\bin\java.dll
0x0000000077fe0000 - 0x0000000077ff6000 	C:\Program Files\Java\jdk1.8.0_20\jre\bin\zip.dll
0x00007ffd3d6e0000 - 0x00007ffd3ebe8000 	C:\WINDOWS\System32\SHELL32.dll
0x00007ffd3c1c0000 - 0x00007ffd3c89a000 	C:\WINDOWS\System32\windows.storage.dll
0x00007ffd3be80000 - 0x00007ffd3becc000 	C:\WINDOWS\System32\powrprof.dll
0x00007ffd3ef00000 - 0x00007ffd3ef52000 	C:\WINDOWS\System32\shlwapi.dll
0x00007ffd3bed0000 - 0x00007ffd3bedf000 	C:\WINDOWS\System32\kernel.appcore.dll
0x00007ffd3cb60000 - 0x00007ffd3cc09000 	C:\WINDOWS\System32\shcore.dll
0x00007ffd3be50000 - 0x00007ffd3be64000 	C:\WINDOWS\System32\profapi.dll
0x00007ffd2d520000 - 0x00007ffd2d6b2000 	C:\WINDOWS\SYSTEM32\dbghelp.dll

VM Arguments:
jvm_args: -Djava.awt.headless=true -Xmx50g -Dfile.encoding=windows-1251 -Duser.country=RU -Duser.language=ru -Duser.variant 
java_command: com.android.dx.command.Main --dex --num-threads=4 --multi-dex --main-dex-list C:\Users\User\Documents\GitHub\iCRM\iCRM\app\build\intermediates\multi-dex\debug\maindexlist.txt --output C:\Users\User\Documents\GitHub\iCRM\iCRM\app\build\intermediates\transforms\dex\debug\folders\1000\1f\main C:\Users\User\Documents\GitHub\iCRM\iCRM\app\build\intermediates\transforms\jarMerging\debug\jars\1\1f\combined.jar
java_class_path (initial): C:\Users\User\AppData\Local\Android\sdk\build-tools\23.0.3\lib\dx.jar
Launcher Type: SUN_STANDARD

Environment Variables:
PATH=C:\ProgramData\Oracle\Java\javapath;C:\Program Files\Broadcom\Broadcom 802.11 Network Adapter;C:\Program Files (x86)\NVIDIA Corporation\PhysX\Common;C:\Program Files (x86)\Intel\iCLS Client\;C:\Program Files\Intel\iCLS Client\;C:\Windows\system32;C:\Windows;C:\Windows\System32\Wbem;C:\Windows\System32\WindowsPowerShell\v1.0\;C:\Program Files\Intel\Intel(R) Management Engine Components\DAL;C:\Program Files\Intel\Intel(R) Management Engine Components\IPT;C:\Program Files (x86)\Intel\Intel(R) Management Engine Components\DAL;C:\Program Files (x86)\Intel\Intel(R) Management Engine Components\IPT;C:\Program Files\WIDCOMM\Bluetooth Software\;C:\Program Files\WIDCOMM\Bluetooth Software\syswow64;C:\Program Files\Acer\Remote Files\;C:\Program Files (x86)\Skype\Phone\;C:\Program Files\OpenVPN\bin;C:\WINDOWS\system32;C:\WINDOWS;C:\WINDOWS\System32\Wbem;C:\WINDOWS\System32\WindowsPowerShell\v1.0\;C:\Users\User\AppData\Local\Microsoft\WindowsApps;
USERNAME=User
OS=Windows_NT
PROCESSOR_IDENTIFIER=Intel64 Family 6 Model 69 Stepping 1, GenuineIntel



---------------  S Y S T E M  ---------------

OS: Windows 8.1 , 64 bit Build 9600 

CPU:total 4 (2 cores per cpu, 2 threads per core) family 6 model 69 stepping 1, cmov, cx8, fxsr, mmx, sse, sse2, sse3, ssse3, sse4.1, sse4.2, popcnt, avx, avx2, aes, clmul, erms, lzcnt, ht, tsc, tscinvbit, bmi1, bmi2

Memory: 4k page, physical 8310040k(546892k free), swap 12406040k(4552k free)

vm_info: Java HotSpot(TM) 64-Bit Server VM (25.20-b23) for windows-amd64 JRE (1.8.0_20-b26), built on Jul 30 2014 13:51:23 by "java_re" with MS VC++ 10.0 (VS2010)

time: Fri Oct 28 12:56:19 2016
elapsed time: 43 seconds (0d 0h 0m 43s)

