#
# There is insufficient memory for the Java Runtime Environment to continue.
# Native memory allocation (malloc) failed to allocate 65552 bytes for Chunk::new
# Possible reasons:
#   The system is out of physical RAM or swap space
#   In 32 bit mode, the process size limit was hit
# Possible solutions:
#   Reduce memory load on the system
#   Increase physical memory or swap space
#   Check if swap backing store is full
#   Use 64 bit Java on a 64 bit OS
#   Decrease Java heap size (-Xmx/-Xms)
#   Decrease number of Java threads
#   Decrease Java thread stack sizes (-Xss)
#   Set larger code cache with -XX:ReservedCodeCacheSize=
# This output file may be truncated or incomplete.
#
#  Out of Memory Error (allocation.cpp:390), pid=5448, tid=5764
#
# JRE version: Java(TM) SE Runtime Environment (8.0_20-b26) (build 1.8.0_20-b26)
# Java VM: Java HotSpot(TM) 64-Bit Server VM (25.20-b23 mixed mode windows-amd64 )
# Failed to write core dump. Minidumps are not enabled by default on client versions of Windows
#

---------------  T H R E A D  ---------------

Current thread (0x000000002385c000):  JavaThread "C2 CompilerThread0" daemon [_thread_in_native, id=5764, stack(0x0000000024ca0000,0x0000000024da0000)]

Stack: [0x0000000024ca0000,0x0000000024da0000]
Native frames: (J=compiled Java code, j=interpreted, Vv=VM code, C=native code)
V  [jvm.dll+0x3152fa]
V  [jvm.dll+0x265d03]
V  [jvm.dll+0x266943]
V  [jvm.dll+0x25e265]
V  [jvm.dll+0xbe255]
V  [jvm.dll+0xbe6fc]
V  [jvm.dll+0xbe9a4]
V  [jvm.dll+0x4e4e30]
V  [jvm.dll+0x49da16]
V  [jvm.dll+0x451911]
V  [jvm.dll+0x452634]
V  [jvm.dll+0x435fc2]
V  [jvm.dll+0x97b62]
V  [jvm.dll+0x98353]
V  [jvm.dll+0x22aac4]
V  [jvm.dll+0x283f5a]
C  [msvcr100.dll+0x21d9f]
C  [msvcr100.dll+0x21e3b]
C  [KERNEL32.DLL+0x8364]
C  [ntdll.dll+0x65e91]


Current CompileTask:
C2:  39180 3104       4       com.android.dx.dex.file.ClassDefItem::addMethodAnnotations (11 bytes)


---------------  P R O C E S S  ---------------

Java Threads: ( => current thread )
  0x0000000025e9c800 JavaThread "pool-2-thread-4" [_thread_blocked, id=5096, stack(0x0000000027170000,0x0000000027270000)]
  0x00000000256f5000 JavaThread "pool-2-thread-3" [_thread_blocked, id=10128, stack(0x0000000027070000,0x0000000027170000)]
  0x0000000025ea1000 JavaThread "pool-2-thread-2" [_thread_blocked, id=9024, stack(0x0000000026f70000,0x0000000027070000)]
  0x0000000025ea0000 JavaThread "pool-3-thread-1" [_thread_blocked, id=9576, stack(0x0000000026e70000,0x0000000026f70000)]
  0x0000000025cc4000 JavaThread "pool-2-thread-1" [_thread_blocked, id=208, stack(0x0000000026d70000,0x0000000026e70000)]
  0x0000000024fc4800 JavaThread "Service Thread" daemon [_thread_blocked, id=8032, stack(0x00000000253a0000,0x00000000254a0000)]
  0x0000000023864800 JavaThread "C1 CompilerThread2" daemon [_thread_blocked, id=9908, stack(0x0000000024ea0000,0x0000000024fa0000)]
  0x000000002385e800 JavaThread "C2 CompilerThread1" daemon [_thread_in_native, id=5772, stack(0x0000000024da0000,0x0000000024ea0000)]
=>0x000000002385c000 JavaThread "C2 CompilerThread0" daemon [_thread_in_native, id=5764, stack(0x0000000024ca0000,0x0000000024da0000)]
  0x000000002385a800 JavaThread "Attach Listener" daemon [_thread_blocked, id=8684, stack(0x0000000024ba0000,0x0000000024ca0000)]
  0x0000000023859800 JavaThread "Signal Dispatcher" daemon [_thread_blocked, id=8220, stack(0x0000000024aa0000,0x0000000024ba0000)]
  0x0000000001286000 JavaThread "Finalizer" daemon [_thread_blocked, id=5364, stack(0x00000000249a0000,0x0000000024aa0000)]
  0x000000000127d000 JavaThread "Reference Handler" daemon [_thread_blocked, id=5108, stack(0x00000000248a0000,0x00000000249a0000)]
  0x0000000001192800 JavaThread "main" [_thread_blocked, id=10976, stack(0x0000000001030000,0x0000000001130000)]

Other Threads:
  0x0000000023825800 VMThread [stack: 0x00000000247a0000,0x00000000248a0000] [id=9524]
  0x0000000024fc7800 WatcherThread [stack: 0x00000000254a0000,0x00000000255a0000] [id=11832]

VM state:at safepoint (normal execution)

VM Mutex/Monitor currently owned by a thread:  ([mutex/lock_event])
[0x000000000118ce30] Threads_lock - owner thread: 0x0000000023825800
[0x000000000118c2b0] Heap_lock - owner thread: 0x0000000025ea1000

Heap:
 PSYoungGen      total 977408K, used 695296K [0x00000008d5580000, 0x0000000935280000, 0x0000000d00000000)
  eden space 695296K, 100% used [0x00000008d5580000,0x00000008ffc80000,0x00000008ffc80000)
  from space 282112K, 0% used [0x0000000917280000,0x0000000917280000,0x0000000928600000)
  to   space 382976K, 0% used [0x00000008ffc80000,0x00000008ffc80000,0x0000000917280000)
 ParOldGen       total 909824K, used 909727K [0x0000000080000000, 0x00000000b7880000, 0x00000008d5580000)
  object space 909824K, 99% used [0x0000000080000000,0x00000000b7867cf8,0x00000000b7880000)
 Metaspace       used 6599K, capacity 6920K, committed 7168K, reserved 8192K

Card table byte_map: [0x0000000012400000,0x0000000018810000] byte_map_base: 0x0000000012000000

Marking Bits: (ParMarkBitMap*) 0x0000000053c3b460
 Begin Bits: [0x0000000d00000000, 0x0000000d32000000)
 End Bits:   [0x0000000d32000000, 0x0000000d64000000)

Polling page: 0x0000000000c70000

CodeCache: size=245760Kb used=12122Kb max_used=12122Kb free=233637Kb
 bounds [0x0000000003400000, 0x0000000003ff0000, 0x0000000012400000]
 total_blobs=2888 nmethods=2622 adapters=179
 compilation: enabled

Compilation events (10 events):
Event: 37.945 Thread 0x0000000023864800 3103   !   3       com.android.dx.cf.direct.AnnotationParser::parseAnnotationAttribute (43 bytes)
Event: 37.946 Thread 0x0000000023864800 nmethod 3103 0x0000000003fd2290 code [0x0000000003fd2440, 0x0000000003fd2938]
Event: 37.952 Thread 0x000000002385c000 3104       4       com.android.dx.dex.file.ClassDefItem::addMethodAnnotations (11 bytes)
Event: 37.977 Thread 0x000000002385e800 3105       4       com.android.dx.dex.file.AnnotationSetItem::<init> (83 bytes)
Event: 37.995 Thread 0x0000000023864800 3106       3       com.android.dx.cf.code.Ropper::getSynchReg (22 bytes)
Event: 37.996 Thread 0x0000000023864800 nmethod 3106 0x0000000003fd1b10 code [0x0000000003fd1ca0, 0x0000000003fd20e8]
Event: 38.008 Thread 0x0000000023864800 3107   !   3       java.util.concurrent.locks.AbstractQueuedSynchronizer::acquireQueued (93 bytes)
Event: 38.009 Thread 0x0000000023864800 nmethod 3107 0x0000000003fda9d0 code [0x0000000003fdabe0, 0x0000000003fdb6b8]
Event: 38.024 Thread 0x0000000023864800 3108       3       java.util.HashMap::treeifyBin (110 bytes)
Event: 38.025 Thread 0x0000000023864800 nmethod 3108 0x0000000003fd9dd0 code [0x0000000003fd9f80, 0x0000000003fda6c8]

GC Heap History (10 events):
Event: 24.868 GC heap before
{Heap before GC invocations=21 (full 4):
 PSYoungGen      total 932352K, used 786091K [0x00000008d5580000, 0x0000000923b00000, 0x0000000d00000000)
  eden space 695808K, 100% used [0x00000008d5580000,0x00000008ffd00000,0x00000008ffd00000)
  from space 236544K, 38% used [0x000000090fd00000,0x000000091552aca8,0x000000091e400000)
  to   space 262144K, 0% used [0x00000008ffd00000,0x00000008ffd00000,0x000000090fd00000)
 ParOldGen       total 890880K, used 604357K [0x0000000080000000, 0x00000000b6600000, 0x00000008d5580000)
  object space 890880K, 67% used [0x0000000080000000,0x00000000a4e31638,0x00000000b6600000)
 Metaspace       used 6598K, capacity 6920K, committed 7168K, reserved 8192K
Event: 25.168 GC heap after
Heap after GC invocations=21 (full 4):
 PSYoungGen      total 957952K, used 195631K [0x00000008d5580000, 0x0000000928600000, 0x0000000d00000000)
  eden space 695808K, 0% used [0x00000008d5580000,0x00000008d5580000,0x00000008ffd00000)
  from space 262144K, 74% used [0x00000008ffd00000,0x000000090bc0bc08,0x000000090fd00000)
  to   space 282112K, 0% used [0x0000000917280000,0x0000000917280000,0x0000000928600000)
 ParOldGen       total 890880K, used 604357K [0x0000000080000000, 0x00000000b6600000, 0x00000008d5580000)
  object space 890880K, 67% used [0x0000000080000000,0x00000000a4e31638,0x00000000b6600000)
 Metaspace       used 6598K, capacity 6920K, committed 7168K, reserved 8192K
}
Event: 27.117 GC heap before
{Heap before GC invocations=22 (full 4):
 PSYoungGen      total 957952K, used 891439K [0x00000008d5580000, 0x0000000928600000, 0x0000000d00000000)
  eden space 695808K, 100% used [0x00000008d5580000,0x00000008ffd00000,0x00000008ffd00000)
  from space 262144K, 74% used [0x00000008ffd00000,0x000000090bc0bc08,0x000000090fd00000)
  to   space 282112K, 0% used [0x0000000917280000,0x0000000917280000,0x0000000928600000)
 ParOldGen       total 890880K, used 604357K [0x0000000080000000, 0x00000000b6600000, 0x00000008d5580000)
  object space 890880K, 67% used [0x0000000080000000,0x00000000a4e31638,0x00000000b6600000)
 Metaspace       used 6598K, capacity 6920K, committed 7168K, reserved 8192K
Event: 27.640 GC heap after
Heap after GC invocations=22 (full 4):
 PSYoungGen      total 977408K, used 282104K [0x00000008d5580000, 0x0000000935280000, 0x0000000d00000000)
  eden space 695296K, 0% used [0x00000008d5580000,0x00000008d5580000,0x00000008ffc80000)
  from space 282112K, 99% used [0x0000000917280000,0x00000009285fe3f8,0x0000000928600000)
  to   space 382976K, 0% used [0x00000008ffc80000,0x00000008ffc80000,0x0000000917280000)
 ParOldGen       total 890880K, used 749083K [0x0000000080000000, 0x00000000b6600000, 0x00000008d5580000)
  object space 890880K, 84% used [0x0000000080000000,0x00000000adb86f50,0x00000000b6600000)
 Metaspace       used 6598K, capacity 6920K, committed 7168K, reserved 8192K
}
Event: 28.921 GC heap before
{Heap before GC invocations=23 (full 4):
 PSYoungGen      total 977408K, used 977400K [0x00000008d5580000, 0x0000000935280000, 0x0000000d00000000)
  eden space 695296K, 100% used [0x00000008d5580000,0x00000008ffc80000,0x00000008ffc80000)
  from space 282112K, 99% used [0x0000000917280000,0x00000009285fe3f8,0x0000000928600000)
  to   space 382976K, 0% used [0x00000008ffc80000,0x00000008ffc80000,0x0000000917280000)
 ParOldGen       total 890880K, used 749083K [0x0000000080000000, 0x00000000b6600000, 0x00000008d5580000)
  object space 890880K, 84% used [0x0000000080000000,0x00000000adb86f50,0x00000000b6600000)
 Metaspace       used 6598K, capacity 6920K, committed 7168K, reserved 8192K
Event: 29.540 GC heap after
Heap after GC invocations=23 (full 4):
 PSYoungGen      total 977408K, used 977400K [0x00000008d5580000, 0x0000000935280000, 0x0000000d00000000)
  eden space 695296K, 100% used [0x00000008d5580000,0x00000008ffc80000,0x00000008ffc80000)
  from space 282112K, 99% used [0x0000000917280000,0x00000009285fe3f8,0x0000000928600000)
  to   space 382976K, 99% used [0x00000008ffc80000,0x000000091727f180,0x0000000917280000)
 ParOldGen       total 909824K, used 909821K [0x0000000080000000, 0x00000000b7880000, 0x00000008d5580000)
  object space 909824K, 99% used [0x0000000080000000,0x00000000b787f430,0x00000000b7880000)
 Metaspace       used 6598K, capacity 6920K, committed 7168K, reserved 8192K
}
Event: 29.540 GC heap before
{Heap before GC invocations=24 (full 5):
 PSYoungGen      total 977408K, used 977400K [0x00000008d5580000, 0x0000000935280000, 0x0000000d00000000)
  eden space 695296K, 100% used [0x00000008d5580000,0x00000008ffc80000,0x00000008ffc80000)
  from space 282112K, 99% used [0x0000000917280000,0x00000009285fe3f8,0x0000000928600000)
  to   space 382976K, 99% used [0x00000008ffc80000,0x000000091727f180,0x0000000917280000)
 ParOldGen       total 909824K, used 909821K [0x0000000080000000, 0x00000000b7880000, 0x00000008d5580000)
  object space 909824K, 99% used [0x0000000080000000,0x00000000b787f430,0x00000000b7880000)
 Metaspace       used 6598K, capacity 6920K, committed 7168K, reserved 8192K
Event: 33.222 GC heap after
Heap after GC invocations=24 (full 5):
 PSYoungGen      total 977408K, used 0K [0x00000008d5580000, 0x0000000935280000, 0x0000000d00000000)
  eden space 695296K, 0% used [0x00000008d5580000,0x00000008d5580000,0x00000008ffc80000)
  from space 282112K, 0% used [0x0000000917280000,0x0000000917280000,0x0000000928600000)
  to   space 382976K, 46% used [0x00000008ffc80000,0x000000090a89b710,0x0000000917280000)
 ParOldGen       total 909824K, used 909722K [0x0000000080000000, 0x00000000b7880000, 0x00000008d5580000)
  object space 909824K, 99% used [0x0000000080000000,0x00000000b7866bf0,0x00000000b7880000)
 Metaspace       used 6598K, capacity 6920K, committed 7168K, reserved 8192K
}
Event: 34.449 GC heap before
{Heap before GC invocations=25 (full 6):
 PSYoungGen      total 977408K, used 695296K [0x00000008d5580000, 0x0000000935280000, 0x0000000d00000000)
  eden space 695296K, 100% used [0x00000008d5580000,0x00000008ffc80000,0x00000008ffc80000)
  from space 282112K, 0% used [0x0000000917280000,0x0000000917280000,0x0000000928600000)
  to   space 382976K, 46% used [0x00000008ffc80000,0x000000090a89b710,0x0000000917280000)
 ParOldGen       total 909824K, used 909722K [0x0000000080000000, 0x00000000b7880000, 0x00000008d5580000)
  object space 909824K, 99% used [0x0000000080000000,0x00000000b7866bf0,0x00000000b7880000)
 Metaspace       used 6598K, capacity 6920K, committed 7168K, reserved 8192K
Event: 37.728 GC heap after
Heap after GC invocations=25 (full 6):
 PSYoungGen      total 977408K, used 106062K [0x00000008d5580000, 0x0000000935280000, 0x0000000d00000000)
  eden space 695296K, 15% used [0x00000008d5580000,0x00000008dbd13b78,0x00000008ffc80000)
  from space 282112K, 0% used [0x0000000917280000,0x0000000917280000,0x0000000928600000)
  to   space 382976K, 0% used [0x00000008ffc80000,0x00000008ffc80000,0x0000000917280000)
 ParOldGen       total 909824K, used 909727K [0x0000000080000000, 0x00000000b7880000, 0x00000008d5580000)
  object space 909824K, 99% used [0x0000000080000000,0x00000000b7867cf8,0x00000000b7880000)
 Metaspace       used 6598K, capacity 6920K, committed 7168K, reserved 8192K
}

Deoptimization events (10 events):
Event: 26.043 Thread 0x0000000001192800 Uncommon trap: reason=class_check action=maybe_recompile pc=0x000000000361db30 method=com.android.dx.ssa.back.InterferenceGraph.add(II)V @ 19
Event: 26.130 Thread 0x0000000001192800 Uncommon trap: reason=class_check action=maybe_recompile pc=0x0000000003c8d3c0 method=com.android.dx.ssa.back.InterferenceGraph.mergeInterferenceSet(ILcom/android/dx/util/IntSet;)V @ 20
Event: 26.130 Thread 0x0000000001192800 Uncommon trap: reason=class_check action=maybe_recompile pc=0x0000000003899cbc method=com.android.dx.util.BitIntSet.merge(Lcom/android/dx/util/IntSet;)V @ 1
Event: 26.131 Thread 0x0000000001192800 Uncommon trap: reason=class_check action=maybe_recompile pc=0x0000000003c8d3c0 method=com.android.dx.ssa.back.InterferenceGraph.mergeInterferenceSet(ILcom/android/dx/util/IntSet;)V @ 20
Event: 26.131 Thread 0x0000000001192800 Uncommon trap: reason=class_check action=maybe_recompile pc=0x0000000003899cbc method=com.android.dx.util.BitIntSet.merge(Lcom/android/dx/util/IntSet;)V @ 1
Event: 26.131 Thread 0x0000000001192800 Uncommon trap: reason=class_check action=maybe_recompile pc=0x0000000003c8d3c0 method=com.android.dx.ssa.back.InterferenceGraph.mergeInterferenceSet(ILcom/android/dx/util/IntSet;)V @ 20
Event: 26.131 Thread 0x0000000001192800 Uncommon trap: reason=class_check action=maybe_recompile pc=0x0000000003899cbc method=com.android.dx.util.BitIntSet.merge(Lcom/android/dx/util/IntSet;)V @ 1
Event: 26.137 Thread 0x0000000001192800 Uncommon trap: reason=class_check action=maybe_recompile pc=0x0000000003c8d3c0 method=com.android.dx.ssa.back.InterferenceGraph.mergeInterferenceSet(ILcom/android/dx/util/IntSet;)V @ 20
Event: 26.137 Thread 0x0000000001192800 Uncommon trap: reason=class_check action=maybe_recompile pc=0x0000000003899cbc method=com.android.dx.util.BitIntSet.merge(Lcom/android/dx/util/IntSet;)V @ 1
Event: 34.342 Thread 0x0000000001192800 Uncommon trap: reason=null_check action=make_not_entrant pc=0x0000000003517b90 method=com.android.dx.rop.cst.CstKnownNull.equals(Ljava/lang/Object;)Z @ 1

Internal exceptions (10 events):
Event: 6.169 Thread 0x0000000001192800 Implicit null exception at 0x0000000003cb48c0 to 0x0000000003cb99f9
Event: 10.330 Thread 0x0000000025ea1000 Exception <a 'java/security/PrivilegedActionException'> (0x00000008e3a492c0) thrown at [D:\re\workspace\8-2-build-windows-amd64-cygwin\jdk8u20\1074\hotspot\src\share\vm\prims\jvm.cpp, line 1275]
Event: 10.341 Thread 0x0000000001192800 Exception <a 'java/security/PrivilegedActionException'> (0x00000008e3dfa558) thrown at [D:\re\workspace\8-2-build-windows-amd64-cygwin\jdk8u20\1074\hotspot\src\share\vm\prims\jvm.cpp, line 1275]
Event: 10.346 Thread 0x0000000001192800 Implicit null exception at 0x00000000035c5e68 to 0x00000000035c6459
Event: 10.586 Thread 0x00000000256f5000 Exception <a 'java/security/PrivilegedActionException'> (0x00000008eedb2c70) thrown at [D:\re\workspace\8-2-build-windows-amd64-cygwin\jdk8u20\1074\hotspot\src\share\vm\prims\jvm.cpp, line 1275]
Event: 12.217 Thread 0x0000000025e9c800 Implicit null exception at 0x0000000003547e54 to 0x0000000003548bd5
Event: 13.287 Thread 0x0000000001192800 Exception <a 'java/security/PrivilegedActionException'> (0x00000008e0c7cbc0) thrown at [D:\re\workspace\8-2-build-windows-amd64-cygwin\jdk8u20\1074\hotspot\src\share\vm\prims\jvm.cpp, line 1275]
Event: 23.220 Thread 0x0000000025cc4000 Exception <a 'java/security/PrivilegedActionException'> (0x00000008d9def008) thrown at [D:\re\workspace\8-2-build-windows-amd64-cygwin\jdk8u20\1074\hotspot\src\share\vm\prims\jvm.cpp, line 1275]
Event: 23.231 Thread 0x0000000025cc4000 Exception <a 'java/security/PrivilegedActionException'> (0x00000008d9e84550) thrown at [D:\re\workspace\8-2-build-windows-amd64-cygwin\jdk8u20\1074\hotspot\src\share\vm\prims\jvm.cpp, line 1275]
Event: 34.341 Thread 0x0000000001192800 Implicit null exception at 0x0000000003517b5c to 0x0000000003517b84

Events (10 events):
Event: 26.137 Thread 0x0000000001192800 DEOPT UNPACKING pc=0x000000000344556a sp=0x000000000112e0b0 mode 2
Event: 27.106 Executing VM operation: ParallelGCFailedAllocation
Event: 27.640 Executing VM operation: ParallelGCFailedAllocation done
Event: 28.920 Executing VM operation: ParallelGCFailedAllocation
Event: 33.222 Executing VM operation: ParallelGCFailedAllocation done
Event: 34.341 Thread 0x0000000001192800 Uncommon trap: trap_request=0xfffffff4 fr.pc=0x0000000003517b90
Event: 34.342 Thread 0x0000000001192800 DEOPT PACKING pc=0x0000000003517b90 sp=0x000000000112e190
Event: 34.342 Thread 0x0000000001192800 DEOPT UNPACKING pc=0x000000000344556a sp=0x000000000112e118 mode 2
Event: 34.449 Executing VM operation: ParallelGCFailedAllocation
Event: 37.728 Executing VM operation: ParallelGCFailedAllocation done


Dynamic libraries:
0x00007ff61d090000 - 0x00007ff61d0c4000 	C:\Program Files\Java\jdk1.8.0_20\bin\java.exe
0x00007ff9b0c20000 - 0x00007ff9b0df1000 	C:\WINDOWS\SYSTEM32\ntdll.dll
0x00007ff9b0060000 - 0x00007ff9b010b000 	C:\WINDOWS\System32\KERNEL32.DLL
0x00007ff9adb20000 - 0x00007ff9add3d000 	C:\WINDOWS\System32\KERNELBASE.dll
0x00007ff9b0210000 - 0x00007ff9b02b2000 	C:\WINDOWS\System32\ADVAPI32.dll
0x00007ff9affc0000 - 0x00007ff9b005e000 	C:\WINDOWS\System32\msvcrt.dll
0x00007ff9b0bc0000 - 0x00007ff9b0c19000 	C:\WINDOWS\System32\sechost.dll
0x00007ff9b0970000 - 0x00007ff9b0a91000 	C:\WINDOWS\System32\RPCRT4.dll
0x00007ff9b07f0000 - 0x00007ff9b0955000 	C:\WINDOWS\System32\USER32.dll
0x00007ff9ad300000 - 0x00007ff9ad31e000 	C:\WINDOWS\System32\win32u.dll
0x00007ff9b02c0000 - 0x00007ff9b02f4000 	C:\WINDOWS\System32\GDI32.dll
0x00007ff9adda0000 - 0x00007ff9adf22000 	C:\WINDOWS\System32\gdi32full.dll
0x00007ff9a7ae0000 - 0x00007ff9a7d5a000 	C:\WINDOWS\WinSxS\amd64_microsoft.windows.common-controls_6595b64144ccf1df_6.0.14393.351_none_4213128bc687e6d3\COMCTL32.dll
0x00007ff9b03c0000 - 0x00007ff9b0687000 	C:\WINDOWS\System32\combase.dll
0x00007ff9ad1b0000 - 0x00007ff9ad2a5000 	C:\WINDOWS\System32\ucrtbase.dll
0x00007ff9ad320000 - 0x00007ff9ad38a000 	C:\WINDOWS\System32\bcryptPrimitives.dll
0x00007ff9ae370000 - 0x00007ff9ae39e000 	C:\WINDOWS\System32\IMM32.DLL
0x0000000054c10000 - 0x0000000054ce2000 	C:\Program Files\Java\jdk1.8.0_20\jre\bin\msvcr100.dll
0x0000000053460000 - 0x0000000053cb8000 	C:\Program Files\Java\jdk1.8.0_20\jre\bin\server\jvm.dll
0x00007ff9b0960000 - 0x00007ff9b0968000 	C:\WINDOWS\System32\PSAPI.DLL
0x00007ff9ab2a0000 - 0x00007ff9ab2c3000 	C:\WINDOWS\SYSTEM32\WINMM.dll
0x00007ff9a2eb0000 - 0x00007ff9a2eb9000 	C:\WINDOWS\SYSTEM32\WSOCK32.dll
0x00007ff9aea40000 - 0x00007ff9aeaaa000 	C:\WINDOWS\System32\WS2_32.dll
0x0000000000c40000 - 0x0000000000c6b000 	C:\WINDOWS\SYSTEM32\WINMMBASE.dll
0x00007ff9ad2b0000 - 0x00007ff9ad2f2000 	C:\WINDOWS\System32\cfgmgr32.dll
0x0000000055090000 - 0x000000005509f000 	C:\Program Files\Java\jdk1.8.0_20\jre\bin\verify.dll
0x0000000055060000 - 0x0000000055088000 	C:\Program Files\Java\jdk1.8.0_20\jre\bin\java.dll
0x0000000055040000 - 0x0000000055056000 	C:\Program Files\Java\jdk1.8.0_20\jre\bin\zip.dll
0x00007ff9aeab0000 - 0x00007ff9affb9000 	C:\WINDOWS\System32\SHELL32.dll
0x00007ff9ad440000 - 0x00007ff9adb1a000 	C:\WINDOWS\System32\windows.storage.dll
0x00007ff9ad0b0000 - 0x00007ff9ad0fc000 	C:\WINDOWS\System32\powrprof.dll
0x00007ff9ae970000 - 0x00007ff9ae9c2000 	C:\WINDOWS\System32\shlwapi.dll
0x00007ff9ad0a0000 - 0x00007ff9ad0af000 	C:\WINDOWS\System32\kernel.appcore.dll
0x00007ff9adf30000 - 0x00007ff9adfd9000 	C:\WINDOWS\System32\shcore.dll
0x00007ff9ad080000 - 0x00007ff9ad094000 	C:\WINDOWS\System32\profapi.dll
0x00007ff9a64b0000 - 0x00007ff9a6642000 	C:\WINDOWS\SYSTEM32\dbghelp.dll

VM Arguments:
jvm_args: -Djava.awt.headless=true -Xmx50g -Dfile.encoding=windows-1251 -Duser.country=RU -Duser.language=ru -Duser.variant 
java_command: com.android.dx.command.Main --dex --num-threads=4 --multi-dex --main-dex-list C:\Users\User\Documents\GitHub\iCRM\iCRM\app\build\intermediates\multi-dex\debug\maindexlist.txt --output C:\Users\User\Documents\GitHub\iCRM\iCRM\app\build\intermediates\transforms\dex\debug\folders\1000\1f\main C:\Users\User\Documents\GitHub\iCRM\iCRM\app\build\intermediates\transforms\jarMerging\debug\jars\1\1f\combined.jar
java_class_path (initial): C:\Users\User\AppData\Local\Android\sdk\build-tools\23.0.3\lib\dx.jar
Launcher Type: SUN_STANDARD

Environment Variables:
PATH=C:\ProgramData\Oracle\Java\javapath;C:\Program Files\Broadcom\Broadcom 802.11 Network Adapter;C:\Program Files (x86)\NVIDIA Corporation\PhysX\Common;C:\Program Files (x86)\Intel\iCLS Client\;C:\Program Files\Intel\iCLS Client\;C:\Windows\system32;C:\Windows;C:\Windows\System32\Wbem;C:\Windows\System32\WindowsPowerShell\v1.0\;C:\Program Files\Intel\Intel(R) Management Engine Components\DAL;C:\Program Files\Intel\Intel(R) Management Engine Components\IPT;C:\Program Files (x86)\Intel\Intel(R) Management Engine Components\DAL;C:\Program Files (x86)\Intel\Intel(R) Management Engine Components\IPT;C:\Program Files\WIDCOMM\Bluetooth Software\;C:\Program Files\WIDCOMM\Bluetooth Software\syswow64;C:\Program Files\Acer\Remote Files\;C:\Program Files (x86)\Skype\Phone\;C:\Program Files\OpenVPN\bin;C:\WINDOWS\system32;C:\WINDOWS;C:\WINDOWS\System32\Wbem;C:\WINDOWS\System32\WindowsPowerShell\v1.0\;C:\Users\User\AppData\Local\Microsoft\WindowsApps;
USERNAME=User
OS=Windows_NT
PROCESSOR_IDENTIFIER=Intel64 Family 6 Model 69 Stepping 1, GenuineIntel



---------------  S Y S T E M  ---------------

OS: Windows 8.1 , 64 bit Build 9600 

CPU:total 4 (2 cores per cpu, 2 threads per core) family 6 model 69 stepping 1, cmov, cx8, fxsr, mmx, sse, sse2, sse3, ssse3, sse4.1, sse4.2, popcnt, avx, avx2, aes, clmul, erms, lzcnt, ht, tsc, tscinvbit, bmi1, bmi2

Memory: 4k page, physical 8310040k(761408k free), swap 12406032k(1364k free)

vm_info: Java HotSpot(TM) 64-Bit Server VM (25.20-b23) for windows-amd64 JRE (1.8.0_20-b26), built on Jul 30 2014 13:51:23 by "java_re" with MS VC++ 10.0 (VS2010)

time: Mon Oct 31 15:41:34 2016
elapsed time: 39 seconds (0d 0h 0m 39s)

