#
# There is insufficient memory for the Java Runtime Environment to continue.
# Native memory allocation (malloc) failed to allocate 555136 bytes for Chunk::new
# Possible reasons:
#   The system is out of physical RAM or swap space
#   In 32 bit mode, the process size limit was hit
# Possible solutions:
#   Reduce memory load on the system
#   Increase physical memory or swap space
#   Check if swap backing store is full
#   Use 64 bit Java on a 64 bit OS
#   Decrease Java heap size (-Xmx/-Xms)
#   Decrease number of Java threads
#   Decrease Java thread stack sizes (-Xss)
#   Set larger code cache with -XX:ReservedCodeCacheSize=
# This output file may be truncated or incomplete.
#
#  Out of Memory Error (allocation.cpp:390), pid=3876, tid=9760
#
# JRE version: Java(TM) SE Runtime Environment (8.0_20-b26) (build 1.8.0_20-b26)
# Java VM: Java HotSpot(TM) 64-Bit Server VM (25.20-b23 mixed mode windows-amd64 )
# Failed to write core dump. Minidumps are not enabled by default on client versions of Windows
#

---------------  T H R E A D  ---------------

Current thread (0x0000000024051800):  JavaThread "C2 CompilerThread1" daemon [_thread_in_native, id=9760, stack(0x00000000256a0000,0x00000000257a0000)]

Stack: [0x00000000256a0000,0x00000000257a0000]
Native frames: (J=compiled Java code, j=interpreted, Vv=VM code, C=native code)
V  [jvm.dll+0x3152fa]
V  [jvm.dll+0x265d03]
V  [jvm.dll+0x266943]
V  [jvm.dll+0x25e265]
V  [jvm.dll+0xbe255]
V  [jvm.dll+0xbe6fc]
V  [jvm.dll+0x45c472]
V  [jvm.dll+0x49d76f]
V  [jvm.dll+0x451911]
V  [jvm.dll+0x452634]
V  [jvm.dll+0x435fc2]
V  [jvm.dll+0x97b62]
V  [jvm.dll+0x98353]
V  [jvm.dll+0x22aac4]
V  [jvm.dll+0x283f5a]
C  [msvcr100.dll+0x21d9f]
C  [msvcr100.dll+0x21e3b]
C  [KERNEL32.DLL+0x8364]
C  [ntdll.dll+0x65e91]


Current CompileTask:
C2:  36124 3085       4       java.util.DualPivotQuicksort::sort (1195 bytes)


---------------  P R O C E S S  ---------------

Java Threads: ( => current thread )
  0x000000002627a800 JavaThread "pool-1-thread-1" [_thread_in_Java, id=11384, stack(0x0000000028c40000,0x0000000028d40000)]
  0x0000000026067000 JavaThread "pool-2-thread-4" [_thread_in_Java, id=6932, stack(0x0000000027a70000,0x0000000027b70000)]
  0x0000000026066800 JavaThread "pool-2-thread-3" [_thread_in_Java, id=8068, stack(0x0000000027970000,0x0000000027a70000)]
  0x00000000261ed000 JavaThread "pool-2-thread-2" [_thread_in_Java, id=1344, stack(0x0000000027870000,0x0000000027970000)]
  0x00000000266c8800 JavaThread "pool-3-thread-1" [_thread_blocked, id=6988, stack(0x0000000027770000,0x0000000027870000)]
  0x0000000026695000 JavaThread "pool-2-thread-1" [_thread_blocked, id=4448, stack(0x0000000027670000,0x0000000027770000)]
  0x00000000258cb800 JavaThread "Service Thread" daemon [_thread_blocked, id=5688, stack(0x0000000025ca0000,0x0000000025da0000)]
  0x0000000024055800 JavaThread "C1 CompilerThread2" daemon [_thread_blocked, id=9392, stack(0x00000000257a0000,0x00000000258a0000)]
=>0x0000000024051800 JavaThread "C2 CompilerThread1" daemon [_thread_in_native, id=9760, stack(0x00000000256a0000,0x00000000257a0000)]
  0x000000002404c000 JavaThread "C2 CompilerThread0" daemon [_thread_in_native, id=11936, stack(0x00000000255a0000,0x00000000256a0000)]
  0x000000002404a800 JavaThread "Attach Listener" daemon [_thread_blocked, id=12048, stack(0x00000000254a0000,0x00000000255a0000)]
  0x0000000024049800 JavaThread "Signal Dispatcher" daemon [_thread_blocked, id=4288, stack(0x00000000253a0000,0x00000000254a0000)]
  0x0000000001b86000 JavaThread "Finalizer" daemon [_thread_blocked, id=4692, stack(0x00000000252a0000,0x00000000253a0000)]
  0x0000000001b7d000 JavaThread "Reference Handler" daemon [_thread_blocked, id=12128, stack(0x00000000251a0000,0x00000000252a0000)]
  0x0000000001a92800 JavaThread "main" [_thread_in_Java, id=10424, stack(0x0000000001990000,0x0000000001a90000)]

Other Threads:
  0x0000000024015800 VMThread [stack: 0x00000000250a0000,0x00000000251a0000] [id=9716]
  0x00000000258d0000 WatcherThread [stack: 0x0000000025da0000,0x0000000025ea0000] [id=10936]

VM state:not at safepoint (normal execution)

VM Mutex/Monitor currently owned by a thread: None

Heap:
 PSYoungGen      total 1241088K, used 800109K [0x00000008d5580000, 0x0000000932800000, 0x0000000d00000000)
  eden space 955904K, 60% used [0x00000008d5580000,0x00000008f8d81770,0x000000090fb00000)
  from space 285184K, 76% used [0x000000090fb00000,0x000000091d059e30,0x0000000921180000)
  to   space 263680K, 0% used [0x0000000922680000,0x0000000922680000,0x0000000932800000)
 ParOldGen       total 1233920K, used 890954K [0x0000000080000000, 0x00000000cb500000, 0x00000008d5580000)
  object space 1233920K, 72% used [0x0000000080000000,0x00000000b6612ba0,0x00000000cb500000)
 Metaspace       used 6664K, capacity 6920K, committed 7168K, reserved 8192K

Card table byte_map: [0x0000000012400000,0x0000000018810000] byte_map_base: 0x0000000012000000

Marking Bits: (ParMarkBitMap*) 0x000000005196b460
 Begin Bits: [0x0000000d00000000, 0x0000000d32000000)
 End Bits:   [0x0000000d32000000, 0x0000000d64000000)

Polling page: 0x0000000001120000

CodeCache: size=245760Kb used=10314Kb max_used=14572Kb free=235445Kb
 bounds [0x0000000003400000, 0x0000000004250000, 0x0000000012400000]
 total_blobs=2625 nmethods=2359 adapters=179
 compilation: enabled

Compilation events (10 events):
Event: 35.055 Thread 0x0000000024055800 3083   !   3       com.android.dx.cf.direct.AnnotationParser::parseAnnotationAttribute (43 bytes)
Event: 35.056 Thread 0x0000000024055800 nmethod 3083 0x000000000369ca90 code [0x000000000369cc40, 0x000000000369d138]
Event: 35.056 Thread 0x0000000024055800 3084       1       com.android.dx.cf.attrib.BaseAnnotations::byteLength (8 bytes)
Event: 35.056 Thread 0x0000000024055800 nmethod 3084 0x0000000003745ad0 code [0x0000000003745c20, 0x0000000003745d30]
Event: 35.057 Thread 0x0000000024051800 3085       4       java.util.DualPivotQuicksort::sort (1195 bytes)
Event: 35.081 Thread 0x000000002404c000 3086       4       com.android.dx.dex.file.ClassDefItem::addMethodAnnotations (11 bytes)
Event: 35.116 Thread 0x0000000024055800 3088       3       java.util.HashMap::treeifyBin (110 bytes)
Event: 35.117 Thread 0x0000000024055800 nmethod 3088 0x00000000036e3890 code [0x00000000036e3a40, 0x00000000036e4188]
Event: 35.121 Thread 0x0000000024055800 3089       3       com.android.dx.cf.code.Ropper::getSynchReg (22 bytes)
Event: 35.122 Thread 0x0000000024055800 nmethod 3089 0x00000000036e3110 code [0x00000000036e32a0, 0x00000000036e36e8]

GC Heap History (10 events):
Event: 25.728 GC heap before
{Heap before GC invocations=21 (full 4):
 PSYoungGen      total 944640K, used 804310K [0x00000008d5580000, 0x0000000923c00000, 0x0000000d00000000)
  eden space 709632K, 100% used [0x00000008d5580000,0x0000000900a80000,0x0000000900a80000)
  from space 235008K, 40% used [0x0000000910780000,0x00000009163f5958,0x000000091ed00000)
  to   space 259072K, 0% used [0x0000000900a80000,0x0000000900a80000,0x0000000910780000)
 ParOldGen       total 876544K, used 598171K [0x0000000080000000, 0x00000000b5800000, 0x00000008d5580000)
  object space 876544K, 68% used [0x0000000080000000,0x00000000a4826de0,0x00000000b5800000)
 Metaspace       used 6603K, capacity 6920K, committed 7168K, reserved 8192K
Event: 26.139 GC heap after
Heap after GC invocations=21 (full 4):
 PSYoungGen      total 968704K, used 186909K [0x00000008d5580000, 0x0000000929180000, 0x0000000d00000000)
  eden space 709632K, 0% used [0x00000008d5580000,0x00000008d5580000,0x0000000900a80000)
  from space 259072K, 72% used [0x0000000900a80000,0x000000090c107488,0x0000000910780000)
  to   space 276480K, 0% used [0x0000000918380000,0x0000000918380000,0x0000000929180000)
 ParOldGen       total 876544K, used 615447K [0x0000000080000000, 0x00000000b5800000, 0x00000008d5580000)
  object space 876544K, 70% used [0x0000000080000000,0x00000000a5905ca8,0x00000000b5800000)
 Metaspace       used 6603K, capacity 6920K, committed 7168K, reserved 8192K
}
Event: 26.142 GC heap before
{Heap before GC invocations=22 (full 4):
 PSYoungGen      total 968704K, used 195484K [0x00000008d5580000, 0x0000000929180000, 0x0000000d00000000)
  eden space 709632K, 1% used [0x00000008d5580000,0x00000008d5ddfee0,0x0000000900a80000)
  from space 259072K, 72% used [0x0000000900a80000,0x000000090c107488,0x0000000910780000)
  to   space 276480K, 0% used [0x0000000918380000,0x0000000918380000,0x0000000929180000)
 ParOldGen       total 876544K, used 615447K [0x0000000080000000, 0x00000000b5800000, 0x00000008d5580000)
  object space 876544K, 70% used [0x0000000080000000,0x00000000a5905ca8,0x00000000b5800000)
 Metaspace       used 6603K, capacity 6920K, committed 7168K, reserved 8192K
Event: 26.323 GC heap after
Heap after GC invocations=22 (full 4):
 PSYoungGen      total 1083392K, used 184508K [0x00000008d5580000, 0x000000092e500000, 0x0000000d00000000)
  eden space 806912K, 0% used [0x00000008d5580000,0x00000008d5580000,0x0000000906980000)
  from space 276480K, 66% used [0x0000000918380000,0x00000009237af260,0x0000000929180000)
  to   space 288768K, 0% used [0x0000000906980000,0x0000000906980000,0x0000000918380000)
 ParOldGen       total 876544K, used 615447K [0x0000000080000000, 0x00000000b5800000, 0x00000008d5580000)
  object space 876544K, 70% used [0x0000000080000000,0x00000000a5905ca8,0x00000000b5800000)
 Metaspace       used 6603K, capacity 6920K, committed 7168K, reserved 8192K
}
Event: 28.048 GC heap before
{Heap before GC invocations=23 (full 4):
 PSYoungGen      total 1083392K, used 991420K [0x00000008d5580000, 0x000000092e500000, 0x0000000d00000000)
  eden space 806912K, 100% used [0x00000008d5580000,0x0000000906980000,0x0000000906980000)
  from space 276480K, 66% used [0x0000000918380000,0x00000009237af260,0x0000000929180000)
  to   space 288768K, 0% used [0x0000000906980000,0x0000000906980000,0x0000000918380000)
 ParOldGen       total 876544K, used 615447K [0x0000000080000000, 0x00000000b5800000, 0x00000008d5580000)
  object space 876544K, 70% used [0x0000000080000000,0x00000000a5905ca8,0x00000000b5800000)
 Metaspace       used 6604K, capacity 6920K, committed 7168K, reserved 8192K
Event: 28.368 GC heap after
Heap after GC invocations=23 (full 4):
 PSYoungGen      total 1095680K, used 95803K [0x00000008d5580000, 0x0000000933200000, 0x0000000d00000000)
  eden space 806912K, 0% used [0x00000008d5580000,0x00000008d5580000,0x0000000906980000)
  from space 288768K, 33% used [0x0000000906980000,0x000000090c70ed08,0x0000000918380000)
  to   space 273920K, 0% used [0x0000000922680000,0x0000000922680000,0x0000000933200000)
 ParOldGen       total 876544K, used 801135K [0x0000000080000000, 0x00000000b5800000, 0x00000008d5580000)
  object space 876544K, 91% used [0x0000000080000000,0x00000000b0e5bdc8,0x00000000b5800000)
 Metaspace       used 6604K, capacity 6920K, committed 7168K, reserved 8192K
}
Event: 28.368 GC heap before
{Heap before GC invocations=24 (full 5):
 PSYoungGen      total 1095680K, used 95803K [0x00000008d5580000, 0x0000000933200000, 0x0000000d00000000)
  eden space 806912K, 0% used [0x00000008d5580000,0x00000008d5580000,0x0000000906980000)
  from space 288768K, 33% used [0x0000000906980000,0x000000090c70ed08,0x0000000918380000)
  to   space 273920K, 0% used [0x0000000922680000,0x0000000922680000,0x0000000933200000)
 ParOldGen       total 876544K, used 801135K [0x0000000080000000, 0x00000000b5800000, 0x00000008d5580000)
  object space 876544K, 91% used [0x0000000080000000,0x00000000b0e5bdc8,0x00000000b5800000)
 Metaspace       used 6604K, capacity 6920K, committed 7168K, reserved 8192K
Event: 31.855 GC heap after
Heap after GC invocations=24 (full 5):
 PSYoungGen      total 1095680K, used 15802K [0x00000008d5580000, 0x0000000933200000, 0x0000000d00000000)
  eden space 806912K, 0% used [0x00000008d5580000,0x00000008d5580000,0x0000000906980000)
  from space 288768K, 5% used [0x0000000906980000,0x00000009078ee938,0x0000000918380000)
  to   space 273920K, 0% used [0x0000000922680000,0x0000000922680000,0x0000000933200000)
 ParOldGen       total 1233920K, used 876238K [0x0000000080000000, 0x00000000cb500000, 0x00000008d5580000)
  object space 1233920K, 71% used [0x0000000080000000,0x00000000b57b3840,0x00000000cb500000)
 Metaspace       used 6604K, capacity 6920K, committed 7168K, reserved 8192K
}
Event: 33.659 GC heap before
{Heap before GC invocations=25 (full 5):
 PSYoungGen      total 1095680K, used 822714K [0x00000008d5580000, 0x0000000933200000, 0x0000000d00000000)
  eden space 806912K, 100% used [0x00000008d5580000,0x0000000906980000,0x0000000906980000)
  from space 288768K, 5% used [0x0000000906980000,0x00000009078ee938,0x0000000918380000)
  to   space 273920K, 0% used [0x0000000922680000,0x0000000922680000,0x0000000933200000)
 ParOldGen       total 1233920K, used 876238K [0x0000000080000000, 0x00000000cb500000, 0x00000008d5580000)
  object space 1233920K, 71% used [0x0000000080000000,0x00000000b57b3840,0x00000000cb500000)
 Metaspace       used 6604K, capacity 6920K, committed 7168K, reserved 8192K
Event: 34.206 GC heap after
Heap after GC invocations=25 (full 5):
 PSYoungGen      total 1219584K, used 185301K [0x00000008d5580000, 0x0000000932800000, 0x0000000d00000000)
  eden space 955904K, 0% used [0x00000008d5580000,0x00000008d5580000,0x000000090fb00000)
  from space 263680K, 70% used [0x0000000922680000,0x000000092db75768,0x0000000932800000)
  to   space 285184K, 0% used [0x000000090fb00000,0x000000090fb00000,0x0000000921180000)
 ParOldGen       total 1233920K, used 890954K [0x0000000080000000, 0x00000000cb500000, 0x00000008d5580000)
  object space 1233920K, 72% used [0x0000000080000000,0x00000000b6612ba0,0x00000000cb500000)
 Metaspace       used 6604K, capacity 6920K, committed 7168K, reserved 8192K
}

Deoptimization events (10 events):
Event: 27.647 Thread 0x00000000261ed000 Uncommon trap: reason=predicate action=maybe_recompile pc=0x0000000003f4c840 method=com.android.dx.ssa.back.InterferenceGraph.<init>(I)V @ 23
Event: 27.794 Thread 0x0000000026695000 Uncommon trap: reason=class_check action=maybe_recompile pc=0x0000000003cad040 method=com.android.dx.ssa.back.InterferenceGraph.mergeInterferenceSet(ILcom/android/dx/util/IntSet;)V @ 20
Event: 27.794 Thread 0x0000000026695000 Uncommon trap: reason=class_check action=maybe_recompile pc=0x000000000358e5fc method=com.android.dx.util.BitIntSet.merge(Lcom/android/dx/util/IntSet;)V @ 1
Event: 27.796 Thread 0x0000000026695000 Uncommon trap: reason=class_check action=maybe_recompile pc=0x0000000003cad040 method=com.android.dx.ssa.back.InterferenceGraph.mergeInterferenceSet(ILcom/android/dx/util/IntSet;)V @ 20
Event: 27.796 Thread 0x0000000026695000 Uncommon trap: reason=class_check action=maybe_recompile pc=0x000000000358e5fc method=com.android.dx.util.BitIntSet.merge(Lcom/android/dx/util/IntSet;)V @ 1
Event: 27.796 Thread 0x0000000026695000 Uncommon trap: reason=class_check action=maybe_recompile pc=0x0000000003cad040 method=com.android.dx.ssa.back.InterferenceGraph.mergeInterferenceSet(ILcom/android/dx/util/IntSet;)V @ 20
Event: 27.796 Thread 0x0000000026695000 Uncommon trap: reason=class_check action=maybe_recompile pc=0x000000000358e5fc method=com.android.dx.util.BitIntSet.merge(Lcom/android/dx/util/IntSet;)V @ 1
Event: 27.803 Thread 0x0000000026695000 Uncommon trap: reason=class_check action=maybe_recompile pc=0x0000000003cad040 method=com.android.dx.ssa.back.InterferenceGraph.mergeInterferenceSet(ILcom/android/dx/util/IntSet;)V @ 20
Event: 27.803 Thread 0x0000000026695000 Uncommon trap: reason=class_check action=maybe_recompile pc=0x000000000358e5fc method=com.android.dx.util.BitIntSet.merge(Lcom/android/dx/util/IntSet;)V @ 1
Event: 34.707 Thread 0x00000000261ed000 Uncommon trap: reason=null_check action=make_not_entrant pc=0x000000000376edd0 method=com.android.dx.rop.cst.CstKnownNull.equals(Ljava/lang/Object;)Z @ 1

Internal exceptions (10 events):
Event: 3.069 Thread 0x0000000026066800 Exception <a 'java/security/PrivilegedActionException'> (0x00000008d8413a80) thrown at [D:\re\workspace\8-2-build-windows-amd64-cygwin\jdk8u20\1074\hotspot\src\share\vm\prims\jvm.cpp, line 1275]
Event: 6.353 Thread 0x00000000261ed000 Implicit null exception at 0x0000000003d30c88 to 0x0000000003d35581
Event: 10.931 Thread 0x0000000001a92800 Exception <a 'java/security/PrivilegedActionException'> (0x00000008e5096ad0) thrown at [D:\re\workspace\8-2-build-windows-amd64-cygwin\jdk8u20\1074\hotspot\src\share\vm\prims\jvm.cpp, line 1275]
Event: 11.121 Thread 0x0000000001a92800 Exception <a 'java/security/PrivilegedActionException'> (0x00000008f0247150) thrown at [D:\re\workspace\8-2-build-windows-amd64-cygwin\jdk8u20\1074\hotspot\src\share\vm\prims\jvm.cpp, line 1275]
Event: 11.317 Thread 0x0000000026067000 Exception <a 'java/security/PrivilegedActionException'> (0x00000008d7280908) thrown at [D:\re\workspace\8-2-build-windows-amd64-cygwin\jdk8u20\1074\hotspot\src\share\vm\prims\jvm.cpp, line 1275]
Event: 12.526 Thread 0x0000000026066800 Implicit null exception at 0x0000000003f65b58 to 0x0000000003f6690d
Event: 14.467 Thread 0x0000000026066800 Exception <a 'java/security/PrivilegedActionException'> (0x00000008d6ce0960) thrown at [D:\re\workspace\8-2-build-windows-amd64-cygwin\jdk8u20\1074\hotspot\src\share\vm\prims\jvm.cpp, line 1275]
Event: 24.578 Thread 0x0000000026066800 Exception <a 'java/security/PrivilegedActionException'> (0x00000008dc455f18) thrown at [D:\re\workspace\8-2-build-windows-amd64-cygwin\jdk8u20\1074\hotspot\src\share\vm\prims\jvm.cpp, line 1275]
Event: 24.595 Thread 0x0000000026066800 Exception <a 'java/security/PrivilegedActionException'> (0x00000008dc4cd148) thrown at [D:\re\workspace\8-2-build-windows-amd64-cygwin\jdk8u20\1074\hotspot\src\share\vm\prims\jvm.cpp, line 1275]
Event: 34.707 Thread 0x00000000261ed000 Implicit null exception at 0x000000000376ed9c to 0x000000000376edc4

Events (10 events):
Event: 27.803 Thread 0x0000000026695000 Uncommon trap: trap_request=0xffffffde fr.pc=0x000000000358e5fc
Event: 27.803 Thread 0x0000000026695000 DEOPT PACKING pc=0x000000000358e5fc sp=0x000000002776ec00
Event: 27.803 Thread 0x0000000026695000 DEOPT UNPACKING pc=0x000000000344556a sp=0x000000002776ebc0 mode 2
Event: 28.047 Executing VM operation: ParallelGCFailedAllocation
Event: 31.855 Executing VM operation: ParallelGCFailedAllocation done
Event: 33.659 Executing VM operation: ParallelGCFailedAllocation
Event: 34.206 Executing VM operation: ParallelGCFailedAllocation done
Event: 34.707 Thread 0x00000000261ed000 Uncommon trap: trap_request=0xfffffff4 fr.pc=0x000000000376edd0
Event: 34.707 Thread 0x00000000261ed000 DEOPT PACKING pc=0x000000000376edd0 sp=0x000000002796e710
Event: 34.707 Thread 0x00000000261ed000 DEOPT UNPACKING pc=0x000000000344556a sp=0x000000002796e698 mode 2


Dynamic libraries:
0x00007ff63a9b0000 - 0x00007ff63a9e4000 	C:\Program Files\Java\jdk1.8.0_20\bin\java.exe
0x00007ff8b1230000 - 0x00007ff8b1401000 	C:\WINDOWS\SYSTEM32\ntdll.dll
0x00007ff8b02d0000 - 0x00007ff8b037b000 	C:\WINDOWS\System32\KERNEL32.DLL
0x00007ff8add70000 - 0x00007ff8adf8d000 	C:\WINDOWS\System32\KERNELBASE.dll
0x00007ff8aec10000 - 0x00007ff8aecb2000 	C:\WINDOWS\System32\ADVAPI32.dll
0x00007ff8aea90000 - 0x00007ff8aeb2e000 	C:\WINDOWS\System32\msvcrt.dll
0x00007ff8b0f30000 - 0x00007ff8b0f89000 	C:\WINDOWS\System32\sechost.dll
0x00007ff8b0be0000 - 0x00007ff8b0d01000 	C:\WINDOWS\System32\RPCRT4.dll
0x00007ff8b0f90000 - 0x00007ff8b10f5000 	C:\WINDOWS\System32\USER32.dll
0x00007ff8ad8b0000 - 0x00007ff8ad8ce000 	C:\WINDOWS\System32\win32u.dll
0x00007ff8b01d0000 - 0x00007ff8b0204000 	C:\WINDOWS\System32\GDI32.dll
0x00007ff8ad720000 - 0x00007ff8ad8a2000 	C:\WINDOWS\System32\gdi32full.dll
0x00007ff8a7aa0000 - 0x00007ff8a7d1a000 	C:\WINDOWS\WinSxS\amd64_microsoft.windows.common-controls_6595b64144ccf1df_6.0.14393.351_none_4213128bc687e6d3\COMCTL32.dll
0x00007ff8b07b0000 - 0x00007ff8b0a77000 	C:\WINDOWS\System32\combase.dll
0x00007ff8ad940000 - 0x00007ff8ada35000 	C:\WINDOWS\System32\ucrtbase.dll
0x00007ff8ad8d0000 - 0x00007ff8ad93a000 	C:\WINDOWS\System32\bcryptPrimitives.dll
0x00007ff8ae820000 - 0x00007ff8ae84e000 	C:\WINDOWS\System32\IMM32.DLL
0x00000000519f0000 - 0x0000000051ac2000 	C:\Program Files\Java\jdk1.8.0_20\jre\bin\msvcr100.dll
0x0000000051190000 - 0x00000000519e8000 	C:\Program Files\Java\jdk1.8.0_20\jre\bin\server\jvm.dll
0x00007ff8aeb30000 - 0x00007ff8aeb38000 	C:\WINDOWS\System32\PSAPI.DLL
0x00007ff8a2d60000 - 0x00007ff8a2d69000 	C:\WINDOWS\SYSTEM32\WSOCK32.dll
0x00007ff8ab450000 - 0x00007ff8ab473000 	C:\WINDOWS\SYSTEM32\WINMM.dll
0x00007ff8b11c0000 - 0x00007ff8b122a000 	C:\WINDOWS\System32\WS2_32.dll
0x00000000018b0000 - 0x00000000018db000 	C:\WINDOWS\SYSTEM32\WINMMBASE.dll
0x00007ff8ae770000 - 0x00007ff8ae7b2000 	C:\WINDOWS\System32\cfgmgr32.dll
0x0000000052c40000 - 0x0000000052c4f000 	C:\Program Files\Java\jdk1.8.0_20\jre\bin\verify.dll
0x0000000052c10000 - 0x0000000052c38000 	C:\Program Files\Java\jdk1.8.0_20\jre\bin\java.dll
0x0000000052bf0000 - 0x0000000052c06000 	C:\Program Files\Java\jdk1.8.0_20\jre\bin\zip.dll
0x00007ff8aecc0000 - 0x00007ff8b01c9000 	C:\WINDOWS\System32\SHELL32.dll
0x00007ff8ae090000 - 0x00007ff8ae76a000 	C:\WINDOWS\System32\windows.storage.dll
0x00007ff8ad6c0000 - 0x00007ff8ad70c000 	C:\WINDOWS\System32\powrprof.dll
0x00007ff8aebb0000 - 0x00007ff8aec02000 	C:\WINDOWS\System32\shlwapi.dll
0x00007ff8ad710000 - 0x00007ff8ad71f000 	C:\WINDOWS\System32\kernel.appcore.dll
0x00007ff8ada40000 - 0x00007ff8adae9000 	C:\WINDOWS\System32\shcore.dll
0x00007ff8ad6a0000 - 0x00007ff8ad6b4000 	C:\WINDOWS\System32\profapi.dll
0x00007ff89e170000 - 0x00007ff89e302000 	C:\WINDOWS\SYSTEM32\dbghelp.dll

VM Arguments:
jvm_args: -Djava.awt.headless=true -Xmx50g -Dfile.encoding=windows-1251 -Duser.country=RU -Duser.language=ru -Duser.variant 
java_command: com.android.dx.command.Main --dex --num-threads=4 --multi-dex --main-dex-list C:\Users\User\Documents\GitHub\iCRM\iCRM\app\build\intermediates\multi-dex\debug\maindexlist.txt --output C:\Users\User\Documents\GitHub\iCRM\iCRM\app\build\intermediates\transforms\dex\debug\folders\1000\1f\main C:\Users\User\Documents\GitHub\iCRM\iCRM\app\build\intermediates\transforms\jarMerging\debug\jars\1\1f\combined.jar
java_class_path (initial): C:\Users\User\AppData\Local\Android\sdk\build-tools\23.0.3\lib\dx.jar
Launcher Type: SUN_STANDARD

Environment Variables:
PATH=C:\ProgramData\Oracle\Java\javapath;C:\Program Files\Broadcom\Broadcom 802.11 Network Adapter;C:\Program Files (x86)\NVIDIA Corporation\PhysX\Common;C:\Program Files (x86)\Intel\iCLS Client\;C:\Program Files\Intel\iCLS Client\;C:\Windows\system32;C:\Windows;C:\Windows\System32\Wbem;C:\Windows\System32\WindowsPowerShell\v1.0\;C:\Program Files\Intel\Intel(R) Management Engine Components\DAL;C:\Program Files\Intel\Intel(R) Management Engine Components\IPT;C:\Program Files (x86)\Intel\Intel(R) Management Engine Components\DAL;C:\Program Files (x86)\Intel\Intel(R) Management Engine Components\IPT;C:\Program Files\WIDCOMM\Bluetooth Software\;C:\Program Files\WIDCOMM\Bluetooth Software\syswow64;C:\Program Files\Acer\Remote Files\;C:\Program Files (x86)\Skype\Phone\;C:\Program Files\OpenVPN\bin;C:\WINDOWS\system32;C:\WINDOWS;C:\WINDOWS\System32\Wbem;C:\WINDOWS\System32\WindowsPowerShell\v1.0\;C:\Users\User\AppData\Local\Microsoft\WindowsApps;
USERNAME=User
OS=Windows_NT
PROCESSOR_IDENTIFIER=Intel64 Family 6 Model 69 Stepping 1, GenuineIntel



---------------  S Y S T E M  ---------------

OS: Windows 8.1 , 64 bit Build 9600 

CPU:total 4 (2 cores per cpu, 2 threads per core) family 6 model 69 stepping 1, cmov, cx8, fxsr, mmx, sse, sse2, sse3, ssse3, sse4.1, sse4.2, popcnt, avx, avx2, aes, clmul, erms, lzcnt, ht, tsc, tscinvbit, bmi1, bmi2

Memory: 4k page, physical 8310040k(583168k free), swap 12406040k(212304k free)

vm_info: Java HotSpot(TM) 64-Bit Server VM (25.20-b23) for windows-amd64 JRE (1.8.0_20-b26), built on Jul 30 2014 13:51:23 by "java_re" with MS VC++ 10.0 (VS2010)

time: Fri Nov 04 14:40:40 2016
elapsed time: 36 seconds (0d 0h 0m 36s)

