#
# There is insufficient memory for the Java Runtime Environment to continue.
# Native memory allocation (malloc) failed to allocate 1327888 bytes for Chunk::new
# Possible reasons:
#   The system is out of physical RAM or swap space
#   In 32 bit mode, the process size limit was hit
# Possible solutions:
#   Reduce memory load on the system
#   Increase physical memory or swap space
#   Check if swap backing store is full
#   Use 64 bit Java on a 64 bit OS
#   Decrease Java heap size (-Xmx/-Xms)
#   Decrease number of Java threads
#   Decrease Java thread stack sizes (-Xss)
#   Set larger code cache with -XX:ReservedCodeCacheSize=
# This output file may be truncated or incomplete.
#
#  Out of Memory Error (allocation.cpp:390), pid=11828, tid=6040
#
# JRE version: Java(TM) SE Runtime Environment (8.0_20-b26) (build 1.8.0_20-b26)
# Java VM: Java HotSpot(TM) 64-Bit Server VM (25.20-b23 mixed mode windows-amd64 )
# Failed to write core dump. Minidumps are not enabled by default on client versions of Windows
#

---------------  T H R E A D  ---------------

Current thread (0x0000000023d4f800):  JavaThread "C2 CompilerThread1" daemon [_thread_in_native, id=6040, stack(0x00000000253a0000,0x00000000254a0000)]

Stack: [0x00000000253a0000,0x00000000254a0000]
Native frames: (J=compiled Java code, j=interpreted, Vv=VM code, C=native code)
V  [jvm.dll+0x3152fa]
V  [jvm.dll+0x265d03]
V  [jvm.dll+0x266943]
V  [jvm.dll+0x25e265]
V  [jvm.dll+0xbe255]
V  [jvm.dll+0xbe6fc]
V  [jvm.dll+0x449d02]
V  [jvm.dll+0x4bf4f5]
V  [jvm.dll+0x4c012f]
V  [jvm.dll+0x44fef1]
V  [jvm.dll+0x4526c8]
V  [jvm.dll+0x435fc2]
V  [jvm.dll+0x97b62]
V  [jvm.dll+0x98353]
V  [jvm.dll+0x22aac4]
V  [jvm.dll+0x283f5a]
C  [msvcr100.dll+0x21d9f]
C  [msvcr100.dll+0x21e3b]
C  [KERNEL32.DLL+0x8364]
C  [ntdll.dll+0x65e91]


Current CompileTask:
C2:  60413 3375   !   4       com.android.dx.cf.code.BytecodeArray::parseInstruction (2764 bytes)


---------------  P R O C E S S  ---------------

Java Threads: ( => current thread )
  0x000000002695d800 JavaThread "pool-1-thread-1" [_thread_in_Java, id=10692, stack(0x0000000027870000,0x0000000027970000)]
  0x00000000260da000 JavaThread "pool-2-thread-4" [_thread_blocked, id=16036, stack(0x0000000027770000,0x0000000027870000)]
  0x00000000260d9800 JavaThread "pool-2-thread-3" [_thread_blocked, id=13484, stack(0x0000000027670000,0x0000000027770000)]
  0x00000000260d8800 JavaThread "pool-2-thread-2" [_thread_in_Java, id=6948, stack(0x0000000027570000,0x0000000027670000)]
  0x0000000025bd2800 JavaThread "pool-3-thread-1" [_thread_blocked, id=4720, stack(0x0000000027470000,0x0000000027570000)]
  0x0000000025c4e800 JavaThread "pool-2-thread-1" [_thread_blocked, id=15956, stack(0x0000000027370000,0x0000000027470000)]
  0x0000000023dae800 JavaThread "Service Thread" daemon [_thread_blocked, id=15676, stack(0x00000000259a0000,0x0000000025aa0000)]
  0x0000000023d56800 JavaThread "C1 CompilerThread2" daemon [_thread_blocked, id=5376, stack(0x00000000254a0000,0x00000000255a0000)]
=>0x0000000023d4f800 JavaThread "C2 CompilerThread1" daemon [_thread_in_native, id=6040, stack(0x00000000253a0000,0x00000000254a0000)]
  0x0000000023d4d000 JavaThread "C2 CompilerThread0" daemon [_thread_in_native, id=7368, stack(0x00000000252a0000,0x00000000253a0000)]
  0x0000000023d4b800 JavaThread "Attach Listener" daemon [_thread_blocked, id=8204, stack(0x00000000251a0000,0x00000000252a0000)]
  0x0000000023d4a800 JavaThread "Signal Dispatcher" daemon [_thread_blocked, id=12096, stack(0x00000000250a0000,0x00000000251a0000)]
  0x0000000001896000 JavaThread "Finalizer" daemon [_thread_blocked, id=16136, stack(0x0000000024fa0000,0x00000000250a0000)]
  0x000000000188d000 JavaThread "Reference Handler" daemon [_thread_blocked, id=15192, stack(0x0000000024ea0000,0x0000000024fa0000)]
  0x00000000017a2800 JavaThread "main" [_thread_in_vm, id=3344, stack(0x00000000016a0000,0x00000000017a0000)]

Other Threads:
  0x0000000023d15800 VMThread [stack: 0x0000000024da0000,0x0000000024ea0000] [id=5916]
  0x00000000255d6800 WatcherThread [stack: 0x0000000025aa0000,0x0000000025ba0000] [id=14392]

VM state:not at safepoint (normal execution)

VM Mutex/Monitor currently owned by a thread: None

Heap:
 PSYoungGen      total 1060864K, used 819517K [0x00000008d5580000, 0x000000093b680000, 0x0000000d00000000)
  eden space 823296K, 99% used [0x00000008d5580000,0x00000009075cf510,0x0000000907980000)
  from space 237568K, 0% used [0x000000091d200000,0x000000091d200000,0x000000092ba00000)
  to   space 352768K, 0% used [0x0000000907980000,0x0000000907980000,0x000000091d200000)
 ParOldGen       total 790016K, used 789983K [0x0000000080000000, 0x00000000b0380000, 0x00000008d5580000)
  object space 790016K, 99% used [0x0000000080000000,0x00000000b0377df8,0x00000000b0380000)
 Metaspace       used 6738K, capacity 6984K, committed 7168K, reserved 8192K

Card table byte_map: [0x0000000012400000,0x0000000018810000] byte_map_base: 0x0000000012000000

Marking Bits: (ParMarkBitMap*) 0x0000000076c4b460
 Begin Bits: [0x0000000d00000000, 0x0000000d32000000)
 End Bits:   [0x0000000d32000000, 0x0000000d64000000)

Polling page: 0x00000000010a0000

CodeCache: size=245760Kb used=11477Kb max_used=15110Kb free=234282Kb
 bounds [0x0000000003400000, 0x00000000042e0000, 0x0000000012400000]
 total_blobs=2738 nmethods=2472 adapters=179
 compilation: enabled

Compilation events (10 events):
Event: 60.253 Thread 0x0000000023d56800 3406       3       com.android.dx.cf.code.Ropper$SubroutineInliner::copyBlock (269 bytes)
Event: 60.256 Thread 0x0000000023d56800 nmethod 3406 0x000000000389a7d0 code [0x000000000389abc0, 0x000000000389cd58]
Event: 60.256 Thread 0x0000000023d56800 3409       3       com.android.dx.cf.code.Ropper::filterMoveReturnAddressInsns (114 bytes)
Event: 60.257 Thread 0x0000000023d56800 nmethod 3409 0x00000000036da010 code [0x00000000036da280, 0x00000000036db698]
Event: 60.257 Thread 0x0000000023d56800 3407       3       com.android.dx.cf.code.Ropper::access$900 (6 bytes)
Event: 60.258 Thread 0x0000000023d56800 nmethod 3407 0x0000000003815f10 code [0x0000000003816080, 0x00000000038161e8]
Event: 60.258 Thread 0x0000000023d56800 3408       3       com.android.dx.cf.code.Ropper::access$1100 (6 bytes)
Event: 60.258 Thread 0x0000000023d56800 nmethod 3408 0x0000000003975a50 code [0x0000000003975bc0, 0x0000000003975d28]
Event: 60.258 Thread 0x0000000023d56800 3410       3       com.android.dx.cf.code.Ropper::access$1200 (7 bytes)
Event: 60.258 Thread 0x0000000023d56800 nmethod 3410 0x0000000003975690 code [0x0000000003975800, 0x0000000003975968]

GC Heap History (10 events):
Event: 35.338 GC heap before
{Heap before GC invocations=23 (full 7):
 PSYoungGen      total 1060864K, used 823296K [0x00000008d5580000, 0x000000093b680000, 0x0000000d00000000)
  eden space 823296K, 100% used [0x00000008d5580000,0x0000000907980000,0x0000000907980000)
  from space 237568K, 0% used [0x000000091d200000,0x000000091d200000,0x000000092ba00000)
  to   space 352768K, 0% used [0x0000000907980000,0x0000000907980000,0x000000091d200000)
 ParOldGen       total 790016K, used 789682K [0x0000000080000000, 0x00000000b0380000, 0x00000008d5580000)
  object space 790016K, 99% used [0x0000000080000000,0x00000000b032ca88,0x00000000b0380000)
 Metaspace       used 6596K, capacity 6920K, committed 7168K, reserved 8192K
Event: 38.446 GC heap after
Heap after GC invocations=23 (full 7):
 PSYoungGen      total 1060864K, used 222399K [0x00000008d5580000, 0x000000093b680000, 0x0000000d00000000)
  eden space 823296K, 27% used [0x00000008d5580000,0x00000008e2eafef0,0x0000000907980000)
  from space 237568K, 0% used [0x000000091d200000,0x000000091d200000,0x000000092ba00000)
  to   space 352768K, 0% used [0x0000000907980000,0x0000000907980000,0x000000091d200000)
 ParOldGen       total 790016K, used 789562K [0x0000000080000000, 0x00000000b0380000, 0x00000008d5580000)
  object space 790016K, 99% used [0x0000000080000000,0x00000000b030eb88,0x00000000b0380000)
 Metaspace       used 6596K, capacity 6920K, committed 7168K, reserved 8192K
}
Event: 39.244 GC heap before
{Heap before GC invocations=24 (full 8):
 PSYoungGen      total 1060864K, used 823296K [0x00000008d5580000, 0x000000093b680000, 0x0000000d00000000)
  eden space 823296K, 100% used [0x00000008d5580000,0x0000000907980000,0x0000000907980000)
  from space 237568K, 0% used [0x000000091d200000,0x000000091d200000,0x000000092ba00000)
  to   space 352768K, 0% used [0x0000000907980000,0x0000000907980000,0x000000091d200000)
 ParOldGen       total 790016K, used 789562K [0x0000000080000000, 0x00000000b0380000, 0x00000008d5580000)
  object space 790016K, 99% used [0x0000000080000000,0x00000000b030eb88,0x00000000b0380000)
 Metaspace       used 6597K, capacity 6920K, committed 7168K, reserved 8192K
Event: 42.795 GC heap after
Heap after GC invocations=24 (full 8):
 PSYoungGen      total 1060864K, used 317202K [0x00000008d5580000, 0x000000093b680000, 0x0000000d00000000)
  eden space 823296K, 38% used [0x00000008d5580000,0x00000008e8b44830,0x0000000907980000)
  from space 237568K, 0% used [0x000000091d200000,0x000000091d200000,0x000000092ba00000)
  to   space 352768K, 0% used [0x0000000907980000,0x0000000907980000,0x000000091d200000)
 ParOldGen       total 790016K, used 789779K [0x0000000080000000, 0x00000000b0380000, 0x00000008d5580000)
  object space 790016K, 99% used [0x0000000080000000,0x00000000b0344d90,0x00000000b0380000)
 Metaspace       used 6597K, capacity 6920K, committed 7168K, reserved 8192K
}
Event: 43.730 GC heap before
{Heap before GC invocations=25 (full 9):
 PSYoungGen      total 1060864K, used 823296K [0x00000008d5580000, 0x000000093b680000, 0x0000000d00000000)
  eden space 823296K, 100% used [0x00000008d5580000,0x0000000907980000,0x0000000907980000)
  from space 237568K, 0% used [0x000000091d200000,0x000000091d200000,0x000000092ba00000)
  to   space 352768K, 0% used [0x0000000907980000,0x0000000907980000,0x000000091d200000)
 ParOldGen       total 790016K, used 789864K [0x0000000080000000, 0x00000000b0380000, 0x00000008d5580000)
  object space 790016K, 99% used [0x0000000080000000,0x00000000b035a328,0x00000000b0380000)
 Metaspace       used 6654K, capacity 6920K, committed 7168K, reserved 8192K
Event: 49.171 GC heap after
Heap after GC invocations=25 (full 9):
 PSYoungGen      total 1060864K, used 390349K [0x00000008d5580000, 0x000000093b680000, 0x0000000d00000000)
  eden space 823296K, 47% used [0x00000008d5580000,0x00000008ed2b3690,0x0000000907980000)
  from space 237568K, 0% used [0x000000091d200000,0x000000091d200000,0x000000092ba00000)
  to   space 352768K, 0% used [0x0000000907980000,0x0000000907980000,0x000000091d200000)
 ParOldGen       total 790016K, used 789590K [0x0000000080000000, 0x00000000b0380000, 0x00000008d5580000)
  object space 790016K, 99% used [0x0000000080000000,0x00000000b0315b58,0x00000000b0380000)
 Metaspace       used 6654K, capacity 6920K, committed 7168K, reserved 8192K
}
Event: 50.159 GC heap before
{Heap before GC invocations=26 (full 10):
 PSYoungGen      total 1060864K, used 823296K [0x00000008d5580000, 0x000000093b680000, 0x0000000d00000000)
  eden space 823296K, 100% used [0x00000008d5580000,0x0000000907980000,0x0000000907980000)
  from space 237568K, 0% used [0x000000091d200000,0x000000091d200000,0x000000092ba00000)
  to   space 352768K, 0% used [0x0000000907980000,0x0000000907980000,0x000000091d200000)
 ParOldGen       total 790016K, used 789592K [0x0000000080000000, 0x00000000b0380000, 0x00000008d5580000)
  object space 790016K, 99% used [0x0000000080000000,0x00000000b03163a0,0x00000000b0380000)
 Metaspace       used 6676K, capacity 6920K, committed 7168K, reserved 8192K
Event: 55.271 GC heap after
Heap after GC invocations=26 (full 10):
 PSYoungGen      total 1060864K, used 447336K [0x00000008d5580000, 0x000000093b680000, 0x0000000d00000000)
  eden space 823296K, 54% used [0x00000008d5580000,0x00000008f0a5a300,0x0000000907980000)
  from space 237568K, 0% used [0x000000091d200000,0x000000091d200000,0x000000092ba00000)
  to   space 352768K, 0% used [0x0000000907980000,0x0000000907980000,0x000000091d200000)
 ParOldGen       total 790016K, used 789666K [0x0000000080000000, 0x00000000b0380000, 0x00000008d5580000)
  object space 790016K, 99% used [0x0000000080000000,0x00000000b03288e8,0x00000000b0380000)
 Metaspace       used 6676K, capacity 6920K, committed 7168K, reserved 8192K
}
Event: 55.961 GC heap before
{Heap before GC invocations=27 (full 11):
 PSYoungGen      total 1060864K, used 823296K [0x00000008d5580000, 0x000000093b680000, 0x0000000d00000000)
  eden space 823296K, 100% used [0x00000008d5580000,0x0000000907980000,0x0000000907980000)
  from space 237568K, 0% used [0x000000091d200000,0x000000091d200000,0x000000092ba00000)
  to   space 352768K, 0% used [0x0000000907980000,0x0000000907980000,0x000000091d200000)
 ParOldGen       total 790016K, used 789666K [0x0000000080000000, 0x00000000b0380000, 0x00000008d5580000)
  object space 790016K, 99% used [0x0000000080000000,0x00000000b03288e8,0x00000000b0380000)
 Metaspace       used 6703K, capacity 6984K, committed 7168K, reserved 8192K
Event: 59.777 GC heap after
Heap after GC invocations=27 (full 11):
 PSYoungGen      total 1060864K, used 505903K [0x00000008d5580000, 0x000000093b680000, 0x0000000d00000000)
  eden space 823296K, 61% used [0x00000008d5580000,0x00000008f438bf98,0x0000000907980000)
  from space 237568K, 0% used [0x000000091d200000,0x000000091d200000,0x000000092ba00000)
  to   space 352768K, 0% used [0x0000000907980000,0x0000000907980000,0x000000091d200000)
 ParOldGen       total 790016K, used 789983K [0x0000000080000000, 0x00000000b0380000, 0x00000008d5580000)
  object space 790016K, 99% used [0x0000000080000000,0x00000000b0377df8,0x00000000b0380000)
 Metaspace       used 6703K, capacity 6984K, committed 7168K, reserved 8192K
}

Deoptimization events (10 events):
Event: 59.963 Thread 0x00000000017a2800 Uncommon trap: reason=class_check action=maybe_recompile pc=0x0000000004038e00 method=com.android.dx.cf.code.Frame.setImmutable()V @ 4
Event: 59.963 Thread 0x00000000017a2800 Uncommon trap: reason=null_assert action=make_not_entrant pc=0x000000000403cc44 method=com.android.dx.cf.code.RopperMachine.hasRet()Z @ 4
Event: 59.994 Thread 0x0000000025c4e800 Uncommon trap: reason=class_check action=maybe_recompile pc=0x0000000003b7ad7c method=com.android.dx.cf.code.BaseMachine.storeResults(Lcom/android/dx/cf/code/Frame;)V @ 41
Event: 59.994 Thread 0x0000000025c4e800 Uncommon trap: reason=class_check action=maybe_recompile pc=0x000000000400e4d0 method=com.android.dx.cf.code.BaseMachine.localArg(Lcom/android/dx/cf/code/Frame;I)V @ 14
Event: 59.994 Thread 0x0000000025c4e800 Uncommon trap: reason=class_check action=maybe_recompile pc=0x000000000400e4d0 method=com.android.dx.cf.code.BaseMachine.localArg(Lcom/android/dx/cf/code/Frame;I)V @ 14
Event: 60.016 Thread 0x00000000260da000 Uncommon trap: reason=class_check action=maybe_recompile pc=0x00000000040d2a70 method=com.android.dx.cf.code.BytecodeArray.parseInstruction(ILcom/android/dx/cf/code/BytecodeArray$Visitor;)I @ 2092
Event: 60.016 Thread 0x00000000260da000 Uncommon trap: reason=class_check action=maybe_recompile pc=0x00000000040d2a70 method=com.android.dx.cf.code.BytecodeArray.parseInstruction(ILcom/android/dx/cf/code/BytecodeArray$Visitor;)I @ 2092
Event: 60.046 Thread 0x0000000025c4e800 Uncommon trap: reason=class_check action=maybe_recompile pc=0x0000000003b7ad7c method=com.android.dx.cf.code.BaseMachine.storeResults(Lcom/android/dx/cf/code/Frame;)V @ 41
Event: 60.080 Thread 0x00000000260d8800 Uncommon trap: reason=unreached action=reinterpret pc=0x0000000003b3ace8 method=java.util.HashMap.putVal(ILjava/lang/Object;Ljava/lang/Object;ZZ)Ljava/lang/Object; @ 109
Event: 60.135 Thread 0x00000000260d9800 Uncommon trap: reason=class_check action=maybe_recompile pc=0x0000000003b7ad7c method=com.android.dx.cf.code.BaseMachine.storeResults(Lcom/android/dx/cf/code/Frame;)V @ 41

Internal exceptions (10 events):
Event: 35.268 Thread 0x00000000260d9800 Implicit null exception at 0x000000000404cc9c to 0x000000000404ccc4
Event: 43.419 Thread 0x00000000017a2800 Exception <a 'java/security/PrivilegedActionException'> (0x00000008fbc96428) thrown at [D:\re\workspace\8-2-build-windows-amd64-cygwin\jdk8u20\1074\hotspot\src\share\vm\prims\jvm.cpp, line 1275]
Event: 43.482 Thread 0x000000002695d800 Implicit null exception at 0x00000000042afdf9 to 0x00000000042b0eed
Event: 43.487 Thread 0x000000002695d800 Exception <a 'java/security/PrivilegedActionException'> (0x00000008ff9e1e00) thrown at [D:\re\workspace\8-2-build-windows-amd64-cygwin\jdk8u20\1074\hotspot\src\share\vm\prims\jvm.cpp, line 1275]
Event: 55.309 Thread 0x000000002695d800 Exception <a 'java/security/PrivilegedActionException'> (0x00000008f0d609b0) thrown at [D:\re\workspace\8-2-build-windows-amd64-cygwin\jdk8u20\1074\hotspot\src\share\vm\prims\jvm.cpp, line 1275]
Event: 59.815 Thread 0x00000000260d8800 Implicit null exception at 0x000000000404cefc to 0x000000000404cff6
Event: 59.960 Thread 0x00000000017a2800 Exception <a 'java/security/PrivilegedActionException'> (0x000000090027cb58) thrown at [D:\re\workspace\8-2-build-windows-amd64-cygwin\jdk8u20\1074\hotspot\src\share\vm\prims\jvm.cpp, line 1275]
Event: 59.964 Thread 0x00000000017a2800 Exception <a 'java/security/PrivilegedActionException'> (0x0000000900287118) thrown at [D:\re\workspace\8-2-build-windows-amd64-cygwin\jdk8u20\1074\hotspot\src\share\vm\prims\jvm.cpp, line 1275]
Event: 59.967 Thread 0x00000000017a2800 Exception <a 'java/security/PrivilegedActionException'> (0x000000090028ab50) thrown at [D:\re\workspace\8-2-build-windows-amd64-cygwin\jdk8u20\1074\hotspot\src\share\vm\prims\jvm.cpp, line 1275]
Event: 59.969 Thread 0x00000000017a2800 Exception <a 'java/security/PrivilegedActionException'> (0x0000000900292688) thrown at [D:\re\workspace\8-2-build-windows-amd64-cygwin\jdk8u20\1074\hotspot\src\share\vm\prims\jvm.cpp, line 1275]

Events (10 events):
Event: 60.016 Thread 0x00000000260da000 DEOPT UNPACKING pc=0x000000000344556a sp=0x000000002786ee28 mode 2
Event: 60.046 Thread 0x0000000025c4e800 Uncommon trap: trap_request=0xffffffde fr.pc=0x0000000003b7ad7c
Event: 60.046 Thread 0x0000000025c4e800 DEOPT PACKING pc=0x0000000003b7ad7c sp=0x000000002746eb10
Event: 60.046 Thread 0x0000000025c4e800 DEOPT UNPACKING pc=0x000000000344556a sp=0x000000002746eaf0 mode 2
Event: 60.080 Thread 0x00000000260d8800 Uncommon trap: trap_request=0xffffffad fr.pc=0x0000000003b3ace8
Event: 60.080 Thread 0x00000000260d8800 DEOPT PACKING pc=0x0000000003b3ace8 sp=0x000000002766eed0
Event: 60.080 Thread 0x00000000260d8800 DEOPT UNPACKING pc=0x000000000344556a sp=0x000000002766ea40 mode 2
Event: 60.135 Thread 0x00000000260d9800 Uncommon trap: trap_request=0xffffffde fr.pc=0x0000000003b7ad7c
Event: 60.135 Thread 0x00000000260d9800 DEOPT PACKING pc=0x0000000003b7ad7c sp=0x000000002776e420
Event: 60.135 Thread 0x00000000260d9800 DEOPT UNPACKING pc=0x000000000344556a sp=0x000000002776e400 mode 2


Dynamic libraries:
0x00007ff634000000 - 0x00007ff634034000 	C:\Program Files\Java\jdk1.8.0_20\bin\java.exe
0x00007ffd3f9f0000 - 0x00007ffd3fbc1000 	C:\WINDOWS\SYSTEM32\ntdll.dll
0x00007ffd3ee50000 - 0x00007ffd3eefb000 	C:\WINDOWS\System32\KERNEL32.DLL
0x00007ffd3c940000 - 0x00007ffd3cb5d000 	C:\WINDOWS\System32\KERNELBASE.dll
0x00007ffd3d2d0000 - 0x00007ffd3d372000 	C:\WINDOWS\System32\ADVAPI32.dll
0x00007ffd3f8c0000 - 0x00007ffd3f95e000 	C:\WINDOWS\System32\msvcrt.dll
0x00007ffd3f990000 - 0x00007ffd3f9e9000 	C:\WINDOWS\System32\sechost.dll
0x00007ffd3f400000 - 0x00007ffd3f521000 	C:\WINDOWS\System32\RPCRT4.dll
0x00007ffd3d430000 - 0x00007ffd3d595000 	C:\WINDOWS\System32\USER32.dll
0x00007ffd3cd90000 - 0x00007ffd3cdae000 	C:\WINDOWS\System32\win32u.dll
0x00007ffd3d380000 - 0x00007ffd3d3b4000 	C:\WINDOWS\System32\GDI32.dll
0x00007ffd3bf30000 - 0x00007ffd3c0b2000 	C:\WINDOWS\System32\gdi32full.dll
0x00007ffd389f0000 - 0x00007ffd38c69000 	C:\WINDOWS\WinSxS\amd64_microsoft.windows.common-controls_6595b64144ccf1df_6.0.14393.0_none_2d0f50fcbdb171b8\COMCTL32.dll
0x00007ffd3f5d0000 - 0x00007ffd3f897000 	C:\WINDOWS\System32\combase.dll
0x00007ffd3c0c0000 - 0x00007ffd3c1b5000 	C:\WINDOWS\System32\ucrtbase.dll
0x00007ffd3ccc0000 - 0x00007ffd3cd2a000 	C:\WINDOWS\System32\bcryptPrimitives.dll
0x00007ffd3f960000 - 0x00007ffd3f98e000 	C:\WINDOWS\System32\IMM32.DLL
0x0000000077b70000 - 0x0000000077c42000 	C:\Program Files\Java\jdk1.8.0_20\jre\bin\msvcr100.dll
0x0000000076470000 - 0x0000000076cc8000 	C:\Program Files\Java\jdk1.8.0_20\jre\bin\server\jvm.dll
0x00007ffd3ef60000 - 0x00007ffd3ef68000 	C:\WINDOWS\System32\PSAPI.DLL
0x00007ffd32410000 - 0x00007ffd32419000 	C:\WINDOWS\SYSTEM32\WSOCK32.dll
0x00007ffd3a390000 - 0x00007ffd3a3b3000 	C:\WINDOWS\SYSTEM32\WINMM.dll
0x00007ffd3d3c0000 - 0x00007ffd3d42a000 	C:\WINDOWS\System32\WS2_32.dll
0x0000000001070000 - 0x000000000109b000 	C:\WINDOWS\SYSTEM32\WINMMBASE.dll
0x00007ffd3bee0000 - 0x00007ffd3bf22000 	C:\WINDOWS\System32\cfgmgr32.dll
0x0000000050030000 - 0x000000005003f000 	C:\Program Files\Java\jdk1.8.0_20\jre\bin\verify.dll
0x0000000050000000 - 0x0000000050028000 	C:\Program Files\Java\jdk1.8.0_20\jre\bin\java.dll
0x0000000077fe0000 - 0x0000000077ff6000 	C:\Program Files\Java\jdk1.8.0_20\jre\bin\zip.dll
0x00007ffd3d6e0000 - 0x00007ffd3ebe8000 	C:\WINDOWS\System32\SHELL32.dll
0x00007ffd3c1c0000 - 0x00007ffd3c89a000 	C:\WINDOWS\System32\windows.storage.dll
0x00007ffd3be80000 - 0x00007ffd3becc000 	C:\WINDOWS\System32\powrprof.dll
0x00007ffd3ef00000 - 0x00007ffd3ef52000 	C:\WINDOWS\System32\shlwapi.dll
0x00007ffd3bed0000 - 0x00007ffd3bedf000 	C:\WINDOWS\System32\kernel.appcore.dll
0x00007ffd3cb60000 - 0x00007ffd3cc09000 	C:\WINDOWS\System32\shcore.dll
0x00007ffd3be50000 - 0x00007ffd3be64000 	C:\WINDOWS\System32\profapi.dll
0x00007ffd2d520000 - 0x00007ffd2d6b2000 	C:\WINDOWS\SYSTEM32\dbghelp.dll

VM Arguments:
jvm_args: -Djava.awt.headless=true -Xmx50g -Dfile.encoding=windows-1251 -Duser.country=RU -Duser.language=ru -Duser.variant 
java_command: com.android.dx.command.Main --dex --num-threads=4 --multi-dex --main-dex-list C:\Users\User\Documents\GitHub\iCRM\iCRM\app\build\intermediates\multi-dex\debug\maindexlist.txt --output C:\Users\User\Documents\GitHub\iCRM\iCRM\app\build\intermediates\transforms\dex\debug\folders\1000\1f\main C:\Users\User\Documents\GitHub\iCRM\iCRM\app\build\intermediates\transforms\jarMerging\debug\jars\1\1f\combined.jar
java_class_path (initial): C:\Users\User\AppData\Local\Android\sdk\build-tools\23.0.3\lib\dx.jar
Launcher Type: SUN_STANDARD

Environment Variables:
PATH=C:\ProgramData\Oracle\Java\javapath;C:\Program Files\Broadcom\Broadcom 802.11 Network Adapter;C:\Program Files (x86)\NVIDIA Corporation\PhysX\Common;C:\Program Files (x86)\Intel\iCLS Client\;C:\Program Files\Intel\iCLS Client\;C:\Windows\system32;C:\Windows;C:\Windows\System32\Wbem;C:\Windows\System32\WindowsPowerShell\v1.0\;C:\Program Files\Intel\Intel(R) Management Engine Components\DAL;C:\Program Files\Intel\Intel(R) Management Engine Components\IPT;C:\Program Files (x86)\Intel\Intel(R) Management Engine Components\DAL;C:\Program Files (x86)\Intel\Intel(R) Management Engine Components\IPT;C:\Program Files\WIDCOMM\Bluetooth Software\;C:\Program Files\WIDCOMM\Bluetooth Software\syswow64;C:\Program Files\Acer\Remote Files\;C:\Program Files (x86)\Skype\Phone\;C:\Program Files\OpenVPN\bin;C:\WINDOWS\system32;C:\WINDOWS;C:\WINDOWS\System32\Wbem;C:\WINDOWS\System32\WindowsPowerShell\v1.0\;C:\Users\User\AppData\Local\Microsoft\WindowsApps;
USERNAME=User
OS=Windows_NT
PROCESSOR_IDENTIFIER=Intel64 Family 6 Model 69 Stepping 1, GenuineIntel



---------------  S Y S T E M  ---------------

OS: Windows 8.1 , 64 bit Build 9600 

CPU:total 4 (2 cores per cpu, 2 threads per core) family 6 model 69 stepping 1, cmov, cx8, fxsr, mmx, sse, sse2, sse3, ssse3, sse4.1, sse4.2, popcnt, avx, avx2, aes, clmul, erms, lzcnt, ht, tsc, tscinvbit, bmi1, bmi2

Memory: 4k page, physical 8310040k(580980k free), swap 12406040k(3544k free)

vm_info: Java HotSpot(TM) 64-Bit Server VM (25.20-b23) for windows-amd64 JRE (1.8.0_20-b26), built on Jul 30 2014 13:51:23 by "java_re" with MS VC++ 10.0 (VS2010)

time: Fri Oct 28 00:50:14 2016
elapsed time: 60 seconds (0d 0h 1m 0s)

