#
# There is insufficient memory for the Java Runtime Environment to continue.
# Native memory allocation (malloc) failed to allocate 33554448 bytes for Chunk::new
# Possible reasons:
#   The system is out of physical RAM or swap space
#   In 32 bit mode, the process size limit was hit
# Possible solutions:
#   Reduce memory load on the system
#   Increase physical memory or swap space
#   Check if swap backing store is full
#   Use 64 bit Java on a 64 bit OS
#   Decrease Java heap size (-Xmx/-Xms)
#   Decrease number of Java threads
#   Decrease Java thread stack sizes (-Xss)
#   Set larger code cache with -XX:ReservedCodeCacheSize=
# This output file may be truncated or incomplete.
#
#  Out of Memory Error (allocation.cpp:390), pid=13748, tid=3408
#
# JRE version: Java(TM) SE Runtime Environment (8.0_20-b26) (build 1.8.0_20-b26)
# Java VM: Java HotSpot(TM) 64-Bit Server VM (25.20-b23 mixed mode windows-amd64 )
# Failed to write core dump. Minidumps are not enabled by default on client versions of Windows
#

---------------  T H R E A D  ---------------

Current thread (0x000000002385c000):  JavaThread "C2 CompilerThread0" daemon [_thread_in_native, id=3408, stack(0x0000000024cc0000,0x0000000024dc0000)]

Stack: [0x0000000024cc0000,0x0000000024dc0000]
Native frames: (J=compiled Java code, j=interpreted, Vv=VM code, C=native code)
V  [jvm.dll+0x3152fa]
V  [jvm.dll+0x265d03]
V  [jvm.dll+0x266943]
V  [jvm.dll+0x25e265]
V  [jvm.dll+0xbe255]
V  [jvm.dll+0xbe6fc]
V  [jvm.dll+0xf3878]
V  [jvm.dll+0x45df30]
V  [jvm.dll+0x45e1ea]
V  [jvm.dll+0x45f0cf]
V  [jvm.dll+0x46147a]
V  [jvm.dll+0x4635c5]
V  [jvm.dll+0x463f4c]
V  [jvm.dll+0x464293]
V  [jvm.dll+0x451093]
V  [jvm.dll+0x452634]
V  [jvm.dll+0x435fc2]
V  [jvm.dll+0x97b62]
V  [jvm.dll+0x98353]
V  [jvm.dll+0x22aac4]
V  [jvm.dll+0x283f5a]
C  [msvcr100.dll+0x21d9f]
C  [msvcr100.dll+0x21e3b]
C  [KERNEL32.DLL+0x8364]
C  [ntdll.dll+0x65e91]


Current CompileTask:
C2:  76760 3379   !   4       com.android.dx.cf.code.Ropper::processBlock (1101 bytes)


---------------  P R O C E S S  ---------------

Java Threads: ( => current thread )
  0x0000000025813000 JavaThread "pool-1-thread-2" [_thread_blocked, id=14944, stack(0x0000000029950000,0x0000000029a50000)]
  0x0000000027e33000 JavaThread "pool-1-thread-1" [_thread_blocked, id=8568, stack(0x0000000029230000,0x0000000029330000)]
  0x00000000238ba800 JavaThread "Service Thread" daemon [_thread_blocked, id=14920, stack(0x00000000253c0000,0x00000000254c0000)]
  0x0000000023865000 JavaThread "C1 CompilerThread2" daemon [_thread_blocked, id=13424, stack(0x0000000024ec0000,0x0000000024fc0000)]
  0x000000002385e800 JavaThread "C2 CompilerThread1" daemon [_thread_blocked, id=10356, stack(0x0000000024dc0000,0x0000000024ec0000)]
=>0x000000002385c000 JavaThread "C2 CompilerThread0" daemon [_thread_in_native, id=3408, stack(0x0000000024cc0000,0x0000000024dc0000)]
  0x000000002385a800 JavaThread "Attach Listener" daemon [_thread_blocked, id=4192, stack(0x0000000024bc0000,0x0000000024cc0000)]
  0x0000000023859800 JavaThread "Signal Dispatcher" daemon [_thread_blocked, id=13644, stack(0x0000000024ac0000,0x0000000024bc0000)]
  0x0000000001316000 JavaThread "Finalizer" daemon [_thread_blocked, id=7316, stack(0x00000000249c0000,0x0000000024ac0000)]
  0x000000000130d000 JavaThread "Reference Handler" daemon [_thread_blocked, id=11596, stack(0x00000000248c0000,0x00000000249c0000)]
  0x0000000001222800 JavaThread "main" [_thread_blocked, id=14816, stack(0x00000000010f0000,0x00000000011f0000)]

Other Threads:
  0x0000000023825800 VMThread [stack: 0x0000000001ed0000,0x0000000001fd0000] [id=1668]
  0x00000000238be800 WatcherThread [stack: 0x00000000254c0000,0x00000000255c0000] [id=14384]

VM state:at safepoint (normal execution)

VM Mutex/Monitor currently owned by a thread:  ([mutex/lock_event])
[0x000000000121ce30] Threads_lock - owner thread: 0x0000000023825800
[0x000000000121c8b0] Heap_lock - owner thread: 0x0000000027e33000

Heap:
 PSYoungGen      total 1031168K, used 772608K [0x00000008d5580000, 0x000000092d280000, 0x0000000d00000000)
  eden space 772608K, 100% used [0x00000008d5580000,0x0000000904800000,0x0000000904800000)
  from space 258560K, 0% used [0x000000091d600000,0x000000091d600000,0x000000092d280000)
  to   space 210432K, 0% used [0x0000000904800000,0x0000000904800000,0x0000000911580000)
 ParOldGen       total 814080K, used 813790K [0x0000000080000000, 0x00000000b1b00000, 0x00000008d5580000)
  object space 814080K, 99% used [0x0000000080000000,0x00000000b1ab7b70,0x00000000b1b00000)
 Metaspace       used 6996K, capacity 7240K, committed 7424K, reserved 8192K

Card table byte_map: [0x0000000012400000,0x0000000018810000] byte_map_base: 0x0000000012000000

Marking Bits: (ParMarkBitMap*) 0x0000000076bab460
 Begin Bits: [0x0000000d00000000, 0x0000000d32000000)
 End Bits:   [0x0000000d32000000, 0x0000000d64000000)

Polling page: 0x0000000000d00000

CodeCache: size=245760Kb used=13401Kb max_used=15149Kb free=232358Kb
 bounds [0x0000000003400000, 0x00000000042f0000, 0x0000000012400000]
 total_blobs=3110 nmethods=2844 adapters=179
 compilation: enabled

Compilation events (10 events):
Event: 75.500 Thread 0x000000002385e800 nmethod 3673 0x00000000037e0a10 code [0x00000000037e0b40, 0x00000000037e0bb8]
Event: 75.500 Thread 0x000000002385e800 3655       4       com.android.dx.util.MutabilityControl::isImmutable (13 bytes)
Event: 75.500 Thread 0x000000002385e800 nmethod 3655 0x0000000003add310 code [0x0000000003add440, 0x0000000003add498]
Event: 75.506 Thread 0x000000002385e800 3740       4       com.android.dx.dex.file.OffsettedItem::place (78 bytes)
Event: 75.506 Thread 0x0000000023865000 3741 %     3       com.android.dx.dex.file.StringIdsSection::orderItems @ 15 (46 bytes)
Event: 75.507 Thread 0x0000000023865000 nmethod 3741% 0x0000000003bffd50 code [0x0000000003bfff40, 0x0000000003c008b8]
Event: 75.508 Thread 0x000000002385e800 nmethod 3740 0x0000000003bffa10 code [0x0000000003bffb60, 0x0000000003bffc58]
Event: 75.508 Thread 0x0000000023865000 3742       3       com.android.dx.dex.file.StringIdsSection::orderItems (46 bytes)
Event: 75.509 Thread 0x0000000023865000 nmethod 3742 0x0000000003be9dd0 code [0x0000000003be9fc0, 0x0000000003bea8f8]
Event: 75.509 Thread 0x000000002385e800 3743       4       com.android.dx.dex.code.DalvCode::finishProcessingIfNecessary (69 bytes)

GC Heap History (10 events):
Event: 53.059 GC heap after
Heap after GC invocations=25 (full 9):
 PSYoungGen      total 1031168K, used 337250K [0x00000008d5580000, 0x000000092d280000, 0x0000000d00000000)
  eden space 772608K, 43% used [0x00000008d5580000,0x00000008e9ed8890,0x0000000904800000)
  from space 258560K, 0% used [0x000000091d600000,0x000000091d600000,0x000000092d280000)
  to   space 210432K, 0% used [0x0000000904800000,0x0000000904800000,0x0000000911580000)
 ParOldGen       total 814080K, used 813880K [0x0000000080000000, 0x00000000b1b00000, 0x00000008d5580000)
  object space 814080K, 99% used [0x0000000080000000,0x00000000b1ace250,0x00000000b1b00000)
 Metaspace       used 6603K, capacity 6920K, committed 7168K, reserved 8192K
}
Event: 54.188 GC heap before
{Heap before GC invocations=26 (full 10):
 PSYoungGen      total 1031168K, used 772608K [0x00000008d5580000, 0x000000092d280000, 0x0000000d00000000)
  eden space 772608K, 100% used [0x00000008d5580000,0x0000000904800000,0x0000000904800000)
  from space 258560K, 0% used [0x000000091d600000,0x000000091d600000,0x000000092d280000)
  to   space 210432K, 0% used [0x0000000904800000,0x0000000904800000,0x0000000911580000)
 ParOldGen       total 814080K, used 813880K [0x0000000080000000, 0x00000000b1b00000, 0x00000008d5580000)
  object space 814080K, 99% used [0x0000000080000000,0x00000000b1ace250,0x00000000b1b00000)
 Metaspace       used 6673K, capacity 6920K, committed 7168K, reserved 8192K
Event: 60.700 GC heap after
Heap after GC invocations=26 (full 10):
 PSYoungGen      total 1031168K, used 397079K [0x00000008d5580000, 0x000000092d280000, 0x0000000d00000000)
  eden space 772608K, 51% used [0x00000008d5580000,0x00000008ed945de0,0x0000000904800000)
  from space 258560K, 0% used [0x000000091d600000,0x000000091d600000,0x000000092d280000)
  to   space 210432K, 0% used [0x0000000904800000,0x0000000904800000,0x0000000911580000)
 ParOldGen       total 814080K, used 814029K [0x0000000080000000, 0x00000000b1b00000, 0x00000008d5580000)
  object space 814080K, 99% used [0x0000000080000000,0x00000000b1af35c0,0x00000000b1b00000)
 Metaspace       used 6673K, capacity 6920K, committed 7168K, reserved 8192K
}
Event: 61.438 GC heap before
{Heap before GC invocations=27 (full 11):
 PSYoungGen      total 1031168K, used 772608K [0x00000008d5580000, 0x000000092d280000, 0x0000000d00000000)
  eden space 772608K, 100% used [0x00000008d5580000,0x0000000904800000,0x0000000904800000)
  from space 258560K, 0% used [0x000000091d600000,0x000000091d600000,0x000000092d280000)
  to   space 210432K, 0% used [0x0000000904800000,0x0000000904800000,0x0000000911580000)
 ParOldGen       total 814080K, used 814029K [0x0000000080000000, 0x00000000b1b00000, 0x00000008d5580000)
  object space 814080K, 99% used [0x0000000080000000,0x00000000b1af35c0,0x00000000b1b00000)
 Metaspace       used 6710K, capacity 6984K, committed 7168K, reserved 8192K
Event: 66.931 GC heap after
Heap after GC invocations=27 (full 11):
 PSYoungGen      total 1031168K, used 450347K [0x00000008d5580000, 0x000000092d280000, 0x0000000d00000000)
  eden space 772608K, 58% used [0x00000008d5580000,0x00000008f0d4ad70,0x0000000904800000)
  from space 258560K, 0% used [0x000000091d600000,0x000000091d600000,0x000000092d280000)
  to   space 210432K, 0% used [0x0000000904800000,0x0000000904800000,0x0000000911580000)
 ParOldGen       total 814080K, used 813802K [0x0000000080000000, 0x00000000b1b00000, 0x00000008d5580000)
  object space 814080K, 99% used [0x0000000080000000,0x00000000b1aba858,0x00000000b1b00000)
 Metaspace       used 6710K, capacity 6984K, committed 7168K, reserved 8192K
}
Event: 67.483 GC heap before
{Heap before GC invocations=28 (full 12):
 PSYoungGen      total 1031168K, used 772608K [0x00000008d5580000, 0x000000092d280000, 0x0000000d00000000)
  eden space 772608K, 100% used [0x00000008d5580000,0x0000000904800000,0x0000000904800000)
  from space 258560K, 0% used [0x000000091d600000,0x000000091d600000,0x000000092d280000)
  to   space 210432K, 0% used [0x0000000904800000,0x0000000904800000,0x0000000911580000)
 ParOldGen       total 814080K, used 813802K [0x0000000080000000, 0x00000000b1b00000, 0x00000008d5580000)
  object space 814080K, 99% used [0x0000000080000000,0x00000000b1aba858,0x00000000b1b00000)
 Metaspace       used 6710K, capacity 6984K, committed 7168K, reserved 8192K
Event: 70.177 GC heap after
Heap after GC invocations=28 (full 12):
 PSYoungGen      total 1031168K, used 498695K [0x00000008d5580000, 0x000000092d280000, 0x0000000d00000000)
  eden space 772608K, 64% used [0x00000008d5580000,0x00000008f3c81db8,0x0000000904800000)
  from space 258560K, 0% used [0x000000091d600000,0x000000091d600000,0x000000092d280000)
  to   space 210432K, 0% used [0x0000000904800000,0x0000000904800000,0x0000000911580000)
 ParOldGen       total 814080K, used 813801K [0x0000000080000000, 0x00000000b1b00000, 0x00000008d5580000)
  object space 814080K, 99% used [0x0000000080000000,0x00000000b1aba4f8,0x00000000b1b00000)
 Metaspace       used 6710K, capacity 6984K, committed 7168K, reserved 8192K
}
Event: 70.829 GC heap before
{Heap before GC invocations=29 (full 13):
 PSYoungGen      total 1031168K, used 772608K [0x00000008d5580000, 0x000000092d280000, 0x0000000d00000000)
  eden space 772608K, 100% used [0x00000008d5580000,0x0000000904800000,0x0000000904800000)
  from space 258560K, 0% used [0x000000091d600000,0x000000091d600000,0x000000092d280000)
  to   space 210432K, 0% used [0x0000000904800000,0x0000000904800000,0x0000000911580000)
 ParOldGen       total 814080K, used 813801K [0x0000000080000000, 0x00000000b1b00000, 0x00000008d5580000)
  object space 814080K, 99% used [0x0000000080000000,0x00000000b1aba4f8,0x00000000b1b00000)
 Metaspace       used 6745K, capacity 6984K, committed 7168K, reserved 8192K
Event: 73.858 GC heap after
Heap after GC invocations=29 (full 13):
 PSYoungGen      total 1031168K, used 531539K [0x00000008d5580000, 0x000000092d280000, 0x0000000d00000000)
  eden space 772608K, 68% used [0x00000008d5580000,0x00000008f5c94e78,0x0000000904800000)
  from space 258560K, 0% used [0x000000091d600000,0x000000091d600000,0x000000092d280000)
  to   space 210432K, 0% used [0x0000000904800000,0x0000000904800000,0x0000000911580000)
 ParOldGen       total 814080K, used 813790K [0x0000000080000000, 0x00000000b1b00000, 0x00000008d5580000)
  object space 814080K, 99% used [0x0000000080000000,0x00000000b1ab7b70,0x00000000b1b00000)
 Metaspace       used 6745K, capacity 6984K, committed 7168K, reserved 8192K
}
Event: 75.515 GC heap before
{Heap before GC invocations=30 (full 14):
 PSYoungGen      total 1031168K, used 772608K [0x00000008d5580000, 0x000000092d280000, 0x0000000d00000000)
  eden space 772608K, 100% used [0x00000008d5580000,0x0000000904800000,0x0000000904800000)
  from space 258560K, 0% used [0x000000091d600000,0x000000091d600000,0x000000092d280000)
  to   space 210432K, 0% used [0x0000000904800000,0x0000000904800000,0x0000000911580000)
 ParOldGen       total 814080K, used 813790K [0x0000000080000000, 0x00000000b1b00000, 0x00000008d5580000)
  object space 814080K, 99% used [0x0000000080000000,0x00000000b1ab7b70,0x00000000b1b00000)
 Metaspace       used 6996K, capacity 7240K, committed 7424K, reserved 8192K

Deoptimization events (10 events):
Event: 74.915 Thread 0x0000000025813000 Uncommon trap: reason=speculate_class_check action=maybe_recompile pc=0x00000000038e3df0 method=com.android.dx.util.FixedSizeList.equals(Ljava/lang/Object;)Z @ 25
Event: 74.917 Thread 0x0000000025813000 Uncommon trap: reason=class_check action=maybe_recompile pc=0x0000000003840e9c method=java.util.Arrays.equals([Ljava/lang/Object;[Ljava/lang/Object;)Z @ 62
Event: 74.917 Thread 0x0000000025813000 Uncommon trap: reason=speculate_class_check action=maybe_recompile pc=0x00000000038e3df0 method=com.android.dx.util.FixedSizeList.equals(Ljava/lang/Object;)Z @ 25
Event: 74.917 Thread 0x0000000025813000 Uncommon trap: reason=class_check action=maybe_recompile pc=0x0000000003840e9c method=java.util.Arrays.equals([Ljava/lang/Object;[Ljava/lang/Object;)Z @ 62
Event: 74.917 Thread 0x0000000025813000 Uncommon trap: reason=speculate_class_check action=maybe_recompile pc=0x00000000038e3df0 method=com.android.dx.util.FixedSizeList.equals(Ljava/lang/Object;)Z @ 25
Event: 74.917 Thread 0x0000000025813000 Uncommon trap: reason=class_check action=maybe_recompile pc=0x0000000003840e9c method=java.util.Arrays.equals([Ljava/lang/Object;[Ljava/lang/Object;)Z @ 62
Event: 74.917 Thread 0x0000000025813000 Uncommon trap: reason=speculate_class_check action=maybe_recompile pc=0x00000000038e3df0 method=com.android.dx.util.FixedSizeList.equals(Ljava/lang/Object;)Z @ 25
Event: 74.918 Thread 0x0000000025813000 Uncommon trap: reason=class_check action=maybe_recompile pc=0x0000000003840e9c method=java.util.Arrays.equals([Ljava/lang/Object;[Ljava/lang/Object;)Z @ 62
Event: 75.166 Thread 0x0000000025813000 Uncommon trap: reason=uninitialized action=reinterpret pc=0x0000000003904918 method=com.android.dx.dex.code.PositionList.make(Lcom/android/dx/dex/code/DalvInsnList;I)Lcom/android/dx/dex/code/PositionList; @ 150
Event: 75.168 Thread 0x0000000025813000 Uncommon trap: reason=unreached action=reinterpret pc=0x000000000417b804 method=com.android.dx.dex.code.LocalList$MakeState.filterSpec(Lcom/android/dx/rop/code/RegisterSpec;)Lcom/android/dx/rop/code/RegisterSpec; @ 1

Internal exceptions (10 events):
Event: 74.835 Thread 0x0000000025813000 Exception <a 'java/security/PrivilegedActionException'> (0x0000000901d1d8d0) thrown at [D:\re\workspace\8-2-build-windows-amd64-cygwin\jdk8u20\1074\hotspot\src\share\vm\prims\jvm.cpp, line 1275]
Event: 74.835 Thread 0x0000000025813000 Exception <a 'java/security/PrivilegedActionException'> (0x0000000901d23080) thrown at [D:\re\workspace\8-2-build-windows-amd64-cygwin\jdk8u20\1074\hotspot\src\share\vm\prims\jvm.cpp, line 1275]
Event: 74.836 Thread 0x0000000025813000 Exception <a 'java/security/PrivilegedActionException'> (0x0000000901d29c30) thrown at [D:\re\workspace\8-2-build-windows-amd64-cygwin\jdk8u20\1074\hotspot\src\share\vm\prims\jvm.cpp, line 1275]
Event: 74.837 Thread 0x0000000025813000 Exception <a 'java/security/PrivilegedActionException'> (0x0000000901d2e8a8) thrown at [D:\re\workspace\8-2-build-windows-amd64-cygwin\jdk8u20\1074\hotspot\src\share\vm\prims\jvm.cpp, line 1275]
Event: 74.843 Thread 0x0000000025813000 Exception <a 'java/security/PrivilegedActionException'> (0x0000000901e3c800) thrown at [D:\re\workspace\8-2-build-windows-amd64-cygwin\jdk8u20\1074\hotspot\src\share\vm\prims\jvm.cpp, line 1275]
Event: 74.913 Thread 0x0000000025813000 Exception <a 'java/security/PrivilegedActionException'> (0x0000000901f22940) thrown at [D:\re\workspace\8-2-build-windows-amd64-cygwin\jdk8u20\1074\hotspot\src\share\vm\prims\jvm.cpp, line 1275]
Event: 74.918 Thread 0x0000000025813000 Exception <a 'java/security/PrivilegedActionException'> (0x0000000901f26aa8) thrown at [D:\re\workspace\8-2-build-windows-amd64-cygwin\jdk8u20\1074\hotspot\src\share\vm\prims\jvm.cpp, line 1275]
Event: 74.920 Thread 0x0000000025813000 Exception <a 'java/security/PrivilegedActionException'> (0x0000000901f2a550) thrown at [D:\re\workspace\8-2-build-windows-amd64-cygwin\jdk8u20\1074\hotspot\src\share\vm\prims\jvm.cpp, line 1275]
Event: 75.166 Thread 0x0000000025813000 Exception <a 'java/security/PrivilegedActionException'> (0x0000000902f11c38) thrown at [D:\re\workspace\8-2-build-windows-amd64-cygwin\jdk8u20\1074\hotspot\src\share\vm\prims\jvm.cpp, line 1275]
Event: 75.167 Thread 0x0000000025813000 Exception <a 'java/security/PrivilegedActionException'> (0x0000000902f15200) thrown at [D:\re\workspace\8-2-build-windows-amd64-cygwin\jdk8u20\1074\hotspot\src\share\vm\prims\jvm.cpp, line 1275]

Events (10 events):
Event: 75.336 Thread 0x0000000025813000 DEOPT UNPACKING pc=0x00000000034475bf sp=0x0000000029a4eda8 mode 0
Event: 75.342 Thread 0x0000000025813000 DEOPT PACKING pc=0x000000000390335e sp=0x0000000029a4f020
Event: 75.342 Thread 0x0000000025813000 DEOPT UNPACKING pc=0x00000000034475bf sp=0x0000000029a4ede8 mode 0
Event: 75.343 Thread 0x0000000025813000 DEOPT PACKING pc=0x0000000003e79213 sp=0x0000000029a4f030
Event: 75.343 Thread 0x0000000025813000 DEOPT UNPACKING pc=0x00000000034475bf sp=0x0000000029a4eda8 mode 0
Event: 75.349 Thread 0x0000000025813000 DEOPT PACKING pc=0x000000000390335e sp=0x0000000029a4f020
Event: 75.349 Thread 0x0000000025813000 DEOPT UNPACKING pc=0x00000000034475bf sp=0x0000000029a4ede8 mode 0
Event: 75.354 Thread 0x0000000025813000 DEOPT PACKING pc=0x000000000390335e sp=0x0000000029a4f020
Event: 75.354 Thread 0x0000000025813000 DEOPT UNPACKING pc=0x00000000034475bf sp=0x0000000029a4ede8 mode 0
Event: 75.515 Executing VM operation: ParallelGCFailedAllocation


Dynamic libraries:
0x00007ff634000000 - 0x00007ff634034000 	C:\Program Files\Java\jdk1.8.0_20\bin\java.exe
0x00007ffd3f9f0000 - 0x00007ffd3fbc1000 	C:\WINDOWS\SYSTEM32\ntdll.dll
0x00007ffd3ee50000 - 0x00007ffd3eefb000 	C:\WINDOWS\System32\KERNEL32.DLL
0x00007ffd3c940000 - 0x00007ffd3cb5d000 	C:\WINDOWS\System32\KERNELBASE.dll
0x00007ffd3d2d0000 - 0x00007ffd3d372000 	C:\WINDOWS\System32\ADVAPI32.dll
0x00007ffd3f8c0000 - 0x00007ffd3f95e000 	C:\WINDOWS\System32\msvcrt.dll
0x00007ffd3f990000 - 0x00007ffd3f9e9000 	C:\WINDOWS\System32\sechost.dll
0x00007ffd3f400000 - 0x00007ffd3f521000 	C:\WINDOWS\System32\RPCRT4.dll
0x00007ffd3d430000 - 0x00007ffd3d595000 	C:\WINDOWS\System32\USER32.dll
0x00007ffd3cd90000 - 0x00007ffd3cdae000 	C:\WINDOWS\System32\win32u.dll
0x00007ffd3d380000 - 0x00007ffd3d3b4000 	C:\WINDOWS\System32\GDI32.dll
0x00007ffd3bf30000 - 0x00007ffd3c0b2000 	C:\WINDOWS\System32\gdi32full.dll
0x00007ffd389f0000 - 0x00007ffd38c69000 	C:\WINDOWS\WinSxS\amd64_microsoft.windows.common-controls_6595b64144ccf1df_6.0.14393.0_none_2d0f50fcbdb171b8\COMCTL32.dll
0x00007ffd3f5d0000 - 0x00007ffd3f897000 	C:\WINDOWS\System32\combase.dll
0x00007ffd3c0c0000 - 0x00007ffd3c1b5000 	C:\WINDOWS\System32\ucrtbase.dll
0x00007ffd3ccc0000 - 0x00007ffd3cd2a000 	C:\WINDOWS\System32\bcryptPrimitives.dll
0x00007ffd3f960000 - 0x00007ffd3f98e000 	C:\WINDOWS\System32\IMM32.DLL
0x0000000077b70000 - 0x0000000077c42000 	C:\Program Files\Java\jdk1.8.0_20\jre\bin\msvcr100.dll
0x00000000763d0000 - 0x0000000076c28000 	C:\Program Files\Java\jdk1.8.0_20\jre\bin\server\jvm.dll
0x00007ffd3ef60000 - 0x00007ffd3ef68000 	C:\WINDOWS\System32\PSAPI.DLL
0x00007ffd3a390000 - 0x00007ffd3a3b3000 	C:\WINDOWS\SYSTEM32\WINMM.dll
0x00007ffd32410000 - 0x00007ffd32419000 	C:\WINDOWS\SYSTEM32\WSOCK32.dll
0x00007ffd3d3c0000 - 0x00007ffd3d42a000 	C:\WINDOWS\System32\WS2_32.dll
0x00007ffd3a330000 - 0x00007ffd3a35b000 	C:\WINDOWS\SYSTEM32\WINMMBASE.dll
0x00007ffd3bee0000 - 0x00007ffd3bf22000 	C:\WINDOWS\System32\cfgmgr32.dll
0x0000000050030000 - 0x000000005003f000 	C:\Program Files\Java\jdk1.8.0_20\jre\bin\verify.dll
0x0000000050000000 - 0x0000000050028000 	C:\Program Files\Java\jdk1.8.0_20\jre\bin\java.dll
0x0000000077fe0000 - 0x0000000077ff6000 	C:\Program Files\Java\jdk1.8.0_20\jre\bin\zip.dll
0x00007ffd3d6e0000 - 0x00007ffd3ebe8000 	C:\WINDOWS\System32\SHELL32.dll
0x00007ffd3c1c0000 - 0x00007ffd3c89a000 	C:\WINDOWS\System32\windows.storage.dll
0x00007ffd3be80000 - 0x00007ffd3becc000 	C:\WINDOWS\System32\powrprof.dll
0x00007ffd3ef00000 - 0x00007ffd3ef52000 	C:\WINDOWS\System32\shlwapi.dll
0x00007ffd3bed0000 - 0x00007ffd3bedf000 	C:\WINDOWS\System32\kernel.appcore.dll
0x00007ffd3cb60000 - 0x00007ffd3cc09000 	C:\WINDOWS\System32\shcore.dll
0x00007ffd3be50000 - 0x00007ffd3be64000 	C:\WINDOWS\System32\profapi.dll
0x00007ffd2d520000 - 0x00007ffd2d6b2000 	C:\WINDOWS\SYSTEM32\dbghelp.dll

VM Arguments:
jvm_args: -Djava.awt.headless=true -Xmx50g -Dfile.encoding=windows-1251 -Duser.country=RU -Duser.language=ru -Duser.variant 
java_command: com.android.dx.command.Main --dex --num-threads=4 --multi-dex --main-dex-list C:\Users\User\Documents\GitHub\iCRM\iCRM\app\build\intermediates\multi-dex\debug\maindexlist.txt --output C:\Users\User\Documents\GitHub\iCRM\iCRM\app\build\intermediates\transforms\dex\debug\folders\1000\1f\main C:\Users\User\Documents\GitHub\iCRM\iCRM\app\build\intermediates\transforms\jarMerging\debug\jars\1\1f\combined.jar
java_class_path (initial): C:\Users\User\AppData\Local\Android\sdk\build-tools\23.0.3\lib\dx.jar
Launcher Type: SUN_STANDARD

Environment Variables:
PATH=C:\ProgramData\Oracle\Java\javapath;C:\Program Files\Broadcom\Broadcom 802.11 Network Adapter;C:\Program Files (x86)\NVIDIA Corporation\PhysX\Common;C:\Program Files (x86)\Intel\iCLS Client\;C:\Program Files\Intel\iCLS Client\;C:\Windows\system32;C:\Windows;C:\Windows\System32\Wbem;C:\Windows\System32\WindowsPowerShell\v1.0\;C:\Program Files\Intel\Intel(R) Management Engine Components\DAL;C:\Program Files\Intel\Intel(R) Management Engine Components\IPT;C:\Program Files (x86)\Intel\Intel(R) Management Engine Components\DAL;C:\Program Files (x86)\Intel\Intel(R) Management Engine Components\IPT;C:\Program Files\WIDCOMM\Bluetooth Software\;C:\Program Files\WIDCOMM\Bluetooth Software\syswow64;C:\Program Files\Acer\Remote Files\;C:\Program Files (x86)\Skype\Phone\;C:\Program Files\OpenVPN\bin;C:\WINDOWS\system32;C:\WINDOWS;C:\WINDOWS\System32\Wbem;C:\WINDOWS\System32\WindowsPowerShell\v1.0\;C:\Users\User\AppData\Local\Microsoft\WindowsApps;
USERNAME=User
OS=Windows_NT
PROCESSOR_IDENTIFIER=Intel64 Family 6 Model 69 Stepping 1, GenuineIntel



---------------  S Y S T E M  ---------------

OS: Windows 8.1 , 64 bit Build 9600 

CPU:total 4 (2 cores per cpu, 2 threads per core) family 6 model 69 stepping 1, cmov, cx8, fxsr, mmx, sse, sse2, sse3, ssse3, sse4.1, sse4.2, popcnt, avx, avx2, aes, clmul, erms, lzcnt, ht, tsc, tscinvbit, bmi1, bmi2

Memory: 4k page, physical 8310040k(409600k free), swap 12406040k(18620k free)

vm_info: Java HotSpot(TM) 64-Bit Server VM (25.20-b23) for windows-amd64 JRE (1.8.0_20-b26), built on Jul 30 2014 13:51:23 by "java_re" with MS VC++ 10.0 (VS2010)

time: Thu Oct 27 14:08:29 2016
elapsed time: 76 seconds (0d 0h 1m 16s)

