#
# There is insufficient memory for the Java Runtime Environment to continue.
# Native memory allocation (malloc) failed to allocate 1091216 bytes for Chunk::new
# Possible reasons:
#   The system is out of physical RAM or swap space
#   In 32 bit mode, the process size limit was hit
# Possible solutions:
#   Reduce memory load on the system
#   Increase physical memory or swap space
#   Check if swap backing store is full
#   Use 64 bit Java on a 64 bit OS
#   Decrease Java heap size (-Xmx/-Xms)
#   Decrease number of Java threads
#   Decrease Java thread stack sizes (-Xss)
#   Set larger code cache with -XX:ReservedCodeCacheSize=
# This output file may be truncated or incomplete.
#
#  Out of Memory Error (allocation.cpp:390), pid=6720, tid=1912
#
# JRE version: Java(TM) SE Runtime Environment (8.0_20-b26) (build 1.8.0_20-b26)
# Java VM: Java HotSpot(TM) 64-Bit Server VM (25.20-b23 mixed mode windows-amd64 )
# Failed to write core dump. Minidumps are not enabled by default on client versions of Windows
#

---------------  T H R E A D  ---------------

Current thread (0x000000002385c000):  JavaThread "C2 CompilerThread0" daemon [_thread_in_native, id=1912, stack(0x0000000024dc0000,0x0000000024ec0000)]

Stack: [0x0000000024dc0000,0x0000000024ec0000]
Native frames: (J=compiled Java code, j=interpreted, Vv=VM code, C=native code)
V  [jvm.dll+0x3152fa]
V  [jvm.dll+0x265d03]
V  [jvm.dll+0x266943]
V  [jvm.dll+0x25e265]
V  [jvm.dll+0xbe255]
V  [jvm.dll+0xbe6fc]
V  [jvm.dll+0x45c472]
V  [jvm.dll+0x49d76f]
V  [jvm.dll+0x451045]
V  [jvm.dll+0x452634]
V  [jvm.dll+0x435fc2]
V  [jvm.dll+0x97b62]
V  [jvm.dll+0x98353]
V  [jvm.dll+0x22aac4]
V  [jvm.dll+0x283f5a]
C  [msvcr100.dll+0x21d9f]
C  [msvcr100.dll+0x21e3b]
C  [KERNEL32.DLL+0x8364]
C  [ntdll.dll+0x65e91]


Current CompileTask:
C2:  38316 2609       4       com.android.dx.cf.direct.StdAttributeFactory::parse0 (532 bytes)


---------------  P R O C E S S  ---------------

Java Threads: ( => current thread )
  0x00000000254b5000 JavaThread "pool-2-thread-4" [_thread_blocked, id=10040, stack(0x0000000027290000,0x0000000027390000)]
  0x000000002544d800 JavaThread "pool-2-thread-3" [_thread_in_Java, id=11484, stack(0x0000000027190000,0x0000000027290000)]
  0x0000000025345800 JavaThread "pool-2-thread-2" [_thread_in_Java, id=11820, stack(0x0000000027090000,0x0000000027190000)]
  0x0000000025adf800 JavaThread "pool-3-thread-1" [_thread_blocked, id=10444, stack(0x0000000026f90000,0x0000000027090000)]
  0x0000000025ade800 JavaThread "pool-2-thread-1" [_thread_in_Java, id=6392, stack(0x0000000026e90000,0x0000000026f90000)]
  0x00000000250f0800 JavaThread "Service Thread" daemon [_thread_blocked, id=3272, stack(0x00000000254c0000,0x00000000255c0000)]
  0x0000000023866800 JavaThread "C1 CompilerThread2" daemon [_thread_blocked, id=6364, stack(0x0000000024fc0000,0x00000000250c0000)]
  0x000000002385e000 JavaThread "C2 CompilerThread1" daemon [_thread_in_native, id=3792, stack(0x0000000024ec0000,0x0000000024fc0000)]
=>0x000000002385c000 JavaThread "C2 CompilerThread0" daemon [_thread_in_native, id=1912, stack(0x0000000024dc0000,0x0000000024ec0000)]
  0x000000002385a800 JavaThread "Attach Listener" daemon [_thread_blocked, id=2316, stack(0x0000000024cc0000,0x0000000024dc0000)]
  0x0000000023859800 JavaThread "Signal Dispatcher" daemon [_thread_blocked, id=6360, stack(0x0000000024bc0000,0x0000000024cc0000)]
  0x00000000013d6000 JavaThread "Finalizer" daemon [_thread_blocked, id=2744, stack(0x0000000024ac0000,0x0000000024bc0000)]
  0x00000000013cd000 JavaThread "Reference Handler" daemon [_thread_blocked, id=2796, stack(0x00000000249c0000,0x0000000024ac0000)]
  0x00000000012e2800 JavaThread "main" [_thread_in_Java, id=6300, stack(0x00000000011e0000,0x00000000012e0000)]

Other Threads:
  0x0000000023825800 VMThread [stack: 0x00000000248c0000,0x00000000249c0000] [id=7972]
  0x00000000250f2800 WatcherThread [stack: 0x00000000255c0000,0x00000000256c0000] [id=6340]

VM state:not at safepoint (normal execution)

VM Mutex/Monitor currently owned by a thread: None

Heap:
 PSYoungGen      total 1026048K, used 767435K [0x00000008d5580000, 0x000000092af80000, 0x0000000d00000000)
  eden space 728064K, 72% used [0x00000008d5580000,0x00000008f5946590,0x0000000901c80000)
  from space 297984K, 80% used [0x0000000915c00000,0x00000009245ac790,0x0000000927f00000)
  to   space 327168K, 0% used [0x0000000901c80000,0x0000000901c80000,0x0000000915c00000)
 ParOldGen       total 910336K, used 701031K [0x0000000080000000, 0x00000000b7900000, 0x00000008d5580000)
  object space 910336K, 77% used [0x0000000080000000,0x00000000aac99ee8,0x00000000b7900000)
 Metaspace       used 6595K, capacity 6920K, committed 7168K, reserved 8192K

Card table byte_map: [0x0000000012400000,0x0000000018810000] byte_map_base: 0x0000000012000000

Marking Bits: (ParMarkBitMap*) 0x000000005196b460
 Begin Bits: [0x0000000d00000000, 0x0000000d32000000)
 End Bits:   [0x0000000d32000000, 0x0000000d64000000)

Polling page: 0x00000000008a0000

CodeCache: size=245760Kb used=11427Kb max_used=11522Kb free=234332Kb
 bounds [0x0000000003400000, 0x0000000003f90000, 0x0000000012400000]
 total_blobs=2518 nmethods=2252 adapters=179
 compilation: enabled

Compilation events (10 events):
Event: 38.125 Thread 0x000000002385c000 nmethod 2663 0x0000000003b99750 code [0x0000000003b998c0, 0x0000000003b9a0b8]
Event: 38.126 Thread 0x000000002385c000 2600       4       com.android.dx.ssa.DeadCodeRemover::<init> (44 bytes)
Event: 38.129 Thread 0x000000002385c000 nmethod 2600 0x0000000003a97890 code [0x0000000003a979e0, 0x0000000003a97c28]
Event: 38.129 Thread 0x000000002385c000 2611       4       com.android.dx.ssa.BasicRegisterMapper::oldToNew (22 bytes)
Event: 38.130 Thread 0x000000002385c000 nmethod 2611 0x0000000003b78f10 code [0x0000000003b79040, 0x0000000003b790d8]
Event: 38.131 Thread 0x000000002385c000 2603       4       com.android.dx.ssa.LocalVariableInfo::getStarts (19 bytes)
Event: 38.132 Thread 0x000000002385c000 nmethod 2603 0x0000000003b181d0 code [0x0000000003b18300, 0x0000000003b183b8]
Event: 38.133 Thread 0x000000002385c000 2628       4       com.android.dx.rop.code.RegisterSpecList::getType (12 bytes)
Event: 38.134 Thread 0x000000002385c000 nmethod 2628 0x000000000366ba90 code [0x000000000366bbe0, 0x000000000366bcd8]
Event: 38.135 Thread 0x000000002385c000 2609       4       com.android.dx.cf.direct.StdAttributeFactory::parse0 (532 bytes)

GC Heap History (10 events):
Event: 24.001 GC heap before
{Heap before GC invocations=18 (full 3):
 PSYoungGen      total 753664K, used 675855K [0x00000008d5580000, 0x0000000910600000, 0x0000000d00000000)
  eden space 577024K, 100% used [0x00000008d5580000,0x00000008f8900000,0x00000008f8900000)
  from space 176640K, 55% used [0x0000000903f00000,0x0000000909f83d40,0x000000090eb80000)
  to   space 186368K, 0% used [0x00000008f8900000,0x00000008f8900000,0x0000000903f00000)
 ParOldGen       total 611840K, used 381833K [0x0000000080000000, 0x00000000a5580000, 0x00000008d5580000)
  object space 611840K, 62% used [0x0000000080000000,0x00000000974e27c0,0x00000000a5580000)
 Metaspace       used 6579K, capacity 6920K, committed 7168K, reserved 8192K
Event: 24.347 GC heap after
Heap after GC invocations=18 (full 3):
 PSYoungGen      total 763392K, used 186355K [0x00000008d5580000, 0x0000000919b00000, 0x0000000d00000000)
  eden space 577024K, 0% used [0x00000008d5580000,0x00000008d5580000,0x00000008f8900000)
  from space 186368K, 99% used [0x00000008f8900000,0x0000000903efccf0,0x0000000903f00000)
  to   space 218624K, 0% used [0x000000090c580000,0x000000090c580000,0x0000000919b00000)
 ParOldGen       total 611840K, used 383173K [0x0000000080000000, 0x00000000a5580000, 0x00000008d5580000)
  object space 611840K, 62% used [0x0000000080000000,0x0000000097631790,0x00000000a5580000)
 Metaspace       used 6579K, capacity 6920K, committed 7168K, reserved 8192K
}
Event: 26.262 GC heap before
{Heap before GC invocations=19 (full 3):
 PSYoungGen      total 763392K, used 763379K [0x00000008d5580000, 0x0000000919b00000, 0x0000000d00000000)
  eden space 577024K, 100% used [0x00000008d5580000,0x00000008f8900000,0x00000008f8900000)
  from space 186368K, 99% used [0x00000008f8900000,0x0000000903efccf0,0x0000000903f00000)
  to   space 218624K, 0% used [0x000000090c580000,0x000000090c580000,0x0000000919b00000)
 ParOldGen       total 611840K, used 383173K [0x0000000080000000, 0x00000000a5580000, 0x00000008d5580000)
  object space 611840K, 62% used [0x0000000080000000,0x0000000097631790,0x00000000a5580000)
 Metaspace       used 6581K, capacity 6920K, committed 7168K, reserved 8192K
Event: 26.708 GC heap after
Heap after GC invocations=19 (full 3):
 PSYoungGen      total 877568K, used 180800K [0x00000008d5580000, 0x000000091d880000, 0x0000000d00000000)
  eden space 658944K, 0% used [0x00000008d5580000,0x00000008d5580000,0x00000008fd900000)
  from space 218624K, 82% used [0x000000090c580000,0x0000000917610090,0x0000000919b00000)
  to   space 242176K, 0% used [0x00000008fd900000,0x00000008fd900000,0x000000090c580000)
 ParOldGen       total 611840K, used 481373K [0x0000000080000000, 0x00000000a5580000, 0x00000008d5580000)
  object space 611840K, 78% used [0x0000000080000000,0x000000009d617660,0x00000000a5580000)
 Metaspace       used 6581K, capacity 6920K, committed 7168K, reserved 8192K
}
Event: 29.117 GC heap before
{Heap before GC invocations=20 (full 3):
 PSYoungGen      total 877568K, used 839744K [0x00000008d5580000, 0x000000091d880000, 0x0000000d00000000)
  eden space 658944K, 100% used [0x00000008d5580000,0x00000008fd900000,0x00000008fd900000)
  from space 218624K, 82% used [0x000000090c580000,0x0000000917610090,0x0000000919b00000)
  to   space 242176K, 0% used [0x00000008fd900000,0x00000008fd900000,0x000000090c580000)
 ParOldGen       total 611840K, used 481373K [0x0000000080000000, 0x00000000a5580000, 0x00000008d5580000)
  object space 611840K, 78% used [0x0000000080000000,0x000000009d617660,0x00000000a5580000)
 Metaspace       used 6593K, capacity 6920K, committed 7168K, reserved 8192K
Event: 29.613 GC heap after
Heap after GC invocations=20 (full 3):
 PSYoungGen      total 901120K, used 242164K [0x00000008d5580000, 0x0000000927f00000, 0x0000000d00000000)
  eden space 658944K, 0% used [0x00000008d5580000,0x00000008d5580000,0x00000008fd900000)
  from space 242176K, 99% used [0x00000008fd900000,0x000000090c57d008,0x000000090c580000)
  to   space 297984K, 0% used [0x0000000915c00000,0x0000000915c00000,0x0000000927f00000)
 ParOldGen       total 611840K, used 520831K [0x0000000080000000, 0x00000000a5580000, 0x00000008d5580000)
  object space 611840K, 85% used [0x0000000080000000,0x000000009fc9fc58,0x00000000a5580000)
 Metaspace       used 6593K, capacity 6920K, committed 7168K, reserved 8192K
}
Event: 29.613 GC heap before
{Heap before GC invocations=21 (full 4):
 PSYoungGen      total 901120K, used 242164K [0x00000008d5580000, 0x0000000927f00000, 0x0000000d00000000)
  eden space 658944K, 0% used [0x00000008d5580000,0x00000008d5580000,0x00000008fd900000)
  from space 242176K, 99% used [0x00000008fd900000,0x000000090c57d008,0x000000090c580000)
  to   space 297984K, 0% used [0x0000000915c00000,0x0000000915c00000,0x0000000927f00000)
 ParOldGen       total 611840K, used 520831K [0x0000000080000000, 0x00000000a5580000, 0x00000008d5580000)
  object space 611840K, 85% used [0x0000000080000000,0x000000009fc9fc58,0x00000000a5580000)
 Metaspace       used 6593K, capacity 6920K, committed 7168K, reserved 8192K
Event: 33.125 GC heap after
Heap after GC invocations=21 (full 4):
 PSYoungGen      total 901120K, used 146771K [0x00000008d5580000, 0x0000000927f00000, 0x0000000d00000000)
  eden space 658944K, 0% used [0x00000008d5580000,0x00000008d5580000,0x00000008fd900000)
  from space 242176K, 60% used [0x00000008fd900000,0x0000000906854f28,0x000000090c580000)
  to   space 297984K, 0% used [0x0000000915c00000,0x0000000915c00000,0x0000000927f00000)
 ParOldGen       total 910336K, used 611542K [0x0000000080000000, 0x00000000b7900000, 0x00000008d5580000)
  object space 910336K, 67% used [0x0000000080000000,0x00000000a5535ab8,0x00000000b7900000)
 Metaspace       used 6593K, capacity 6920K, committed 7168K, reserved 8192K
}
Event: 36.140 GC heap before
{Heap before GC invocations=22 (full 4):
 PSYoungGen      total 901120K, used 805715K [0x00000008d5580000, 0x0000000927f00000, 0x0000000d00000000)
  eden space 658944K, 100% used [0x00000008d5580000,0x00000008fd900000,0x00000008fd900000)
  from space 242176K, 60% used [0x00000008fd900000,0x0000000906854f28,0x000000090c580000)
  to   space 297984K, 0% used [0x0000000915c00000,0x0000000915c00000,0x0000000927f00000)
 ParOldGen       total 910336K, used 611542K [0x0000000080000000, 0x00000000b7900000, 0x00000008d5580000)
  object space 910336K, 67% used [0x0000000080000000,0x00000000a5535ab8,0x00000000b7900000)
 Metaspace       used 6595K, capacity 6920K, committed 7168K, reserved 8192K
Event: 36.900 GC heap after
Heap after GC invocations=22 (full 4):
 PSYoungGen      total 1026048K, used 239281K [0x00000008d5580000, 0x000000092af80000, 0x0000000d00000000)
  eden space 728064K, 0% used [0x00000008d5580000,0x00000008d5580000,0x0000000901c80000)
  from space 297984K, 80% used [0x0000000915c00000,0x00000009245ac790,0x0000000927f00000)
  to   space 327168K, 0% used [0x0000000901c80000,0x0000000901c80000,0x0000000915c00000)
 ParOldGen       total 910336K, used 701031K [0x0000000080000000, 0x00000000b7900000, 0x00000008d5580000)
  object space 910336K, 77% used [0x0000000080000000,0x00000000aac99ee8,0x00000000b7900000)
 Metaspace       used 6595K, capacity 6920K, committed 7168K, reserved 8192K
}

Deoptimization events (10 events):
Event: 37.717 Thread 0x000000002544d800 Uncommon trap: reason=class_check action=maybe_recompile pc=0x000000000385c89c method=com.android.dx.ssa.back.InterferenceGraph.add(II)V @ 19
Event: 37.899 Thread 0x00000000012e2800 Uncommon trap: reason=class_check action=maybe_recompile pc=0x000000000360e994 method=com.android.dx.ssa.back.InterferenceGraph.mergeInterferenceSet(ILcom/android/dx/util/IntSet;)V @ 20
Event: 37.899 Thread 0x00000000012e2800 Uncommon trap: reason=class_check action=maybe_recompile pc=0x0000000003794bbc method=com.android.dx.util.BitIntSet.merge(Lcom/android/dx/util/IntSet;)V @ 1
Event: 37.900 Thread 0x00000000012e2800 Uncommon trap: reason=class_check action=maybe_recompile pc=0x000000000360e994 method=com.android.dx.ssa.back.InterferenceGraph.mergeInterferenceSet(ILcom/android/dx/util/IntSet;)V @ 20
Event: 37.900 Thread 0x00000000012e2800 Uncommon trap: reason=class_check action=maybe_recompile pc=0x0000000003794bbc method=com.android.dx.util.BitIntSet.merge(Lcom/android/dx/util/IntSet;)V @ 1
Event: 37.900 Thread 0x00000000012e2800 Uncommon trap: reason=class_check action=maybe_recompile pc=0x000000000360e994 method=com.android.dx.ssa.back.InterferenceGraph.mergeInterferenceSet(ILcom/android/dx/util/IntSet;)V @ 20
Event: 37.900 Thread 0x00000000012e2800 Uncommon trap: reason=class_check action=maybe_recompile pc=0x0000000003794bbc method=com.android.dx.util.BitIntSet.merge(Lcom/android/dx/util/IntSet;)V @ 1
Event: 37.915 Thread 0x000000002544d800 Uncommon trap: reason=class_check action=maybe_recompile pc=0x000000000360e994 method=com.android.dx.ssa.back.InterferenceGraph.mergeInterferenceSet(ILcom/android/dx/util/IntSet;)V @ 20
Event: 37.915 Thread 0x000000002544d800 Uncommon trap: reason=class_check action=maybe_recompile pc=0x0000000003794bbc method=com.android.dx.util.BitIntSet.merge(Lcom/android/dx/util/IntSet;)V @ 1
Event: 37.921 Thread 0x000000002544d800 Uncommon trap: reason=class_check action=maybe_recompile pc=0x0000000003e63710 method=com.android.dx.ssa.back.InterferenceGraph.mergeInterferenceSet(ILcom/android/dx/util/IntSet;)V @ 20

Internal exceptions (10 events):
Event: 2.004 Thread 0x0000000025ade800 Exception <a 'java/lang/ArrayIndexOutOfBoundsException': 145> (0x00000008db42e010) thrown at [D:\re\workspace\8-2-build-windows-amd64-cygwin\jdk8u20\1074\hotspot\src\share\vm\interpreter\interpreterRuntime.cpp, line 366]
Event: 2.005 Thread 0x0000000025ade800 Exception <a 'java/lang/ArrayIndexOutOfBoundsException'> (0x00000008db42f858) thrown at [D:\re\workspace\8-2-build-windows-amd64-cygwin\jdk8u20\1074\hotspot\src\share\vm\runtime\sharedRuntime.cpp, line 604]
Event: 3.248 Thread 0x00000000254b5000 Exception <a 'java/security/PrivilegedActionException'> (0x00000008d841ceb8) thrown at [D:\re\workspace\8-2-build-windows-amd64-cygwin\jdk8u20\1074\hotspot\src\share\vm\prims\jvm.cpp, line 1275]
Event: 12.149 Thread 0x00000000012e2800 Exception <a 'java/security/PrivilegedActionException'> (0x00000008ea8ef1f8) thrown at [D:\re\workspace\8-2-build-windows-amd64-cygwin\jdk8u20\1074\hotspot\src\share\vm\prims\jvm.cpp, line 1275]
Event: 14.857 Thread 0x00000000254b5000 Implicit null exception at 0x0000000003e40a36 to 0x0000000003e43a51
Event: 27.732 Thread 0x0000000025ade800 Exception <a 'java/security/PrivilegedActionException'> (0x00000008e639e118) thrown at [D:\re\workspace\8-2-build-windows-amd64-cygwin\jdk8u20\1074\hotspot\src\share\vm\prims\jvm.cpp, line 1275]
Event: 27.758 Thread 0x0000000025ade800 Exception <a 'java/security/PrivilegedActionException'> (0x00000008e6433660) thrown at [D:\re\workspace\8-2-build-windows-amd64-cygwin\jdk8u20\1074\hotspot\src\share\vm\prims\jvm.cpp, line 1275]
Event: 28.309 Thread 0x00000000254b5000 Exception <a 'java/security/PrivilegedActionException'> (0x00000008ef9faf80) thrown at [D:\re\workspace\8-2-build-windows-amd64-cygwin\jdk8u20\1074\hotspot\src\share\vm\prims\jvm.cpp, line 1275]
Event: 33.676 Thread 0x00000000012e2800 Exception <a 'java/security/PrivilegedActionException'> (0x00000008dd06e740) thrown at [D:\re\workspace\8-2-build-windows-amd64-cygwin\jdk8u20\1074\hotspot\src\share\vm\prims\jvm.cpp, line 1275]
Event: 37.086 Thread 0x000000002544d800 Exception <a 'java/security/PrivilegedActionException'> (0x00000008e1c4d7f0) thrown at [D:\re\workspace\8-2-build-windows-amd64-cygwin\jdk8u20\1074\hotspot\src\share\vm\prims\jvm.cpp, line 1275]

Events (10 events):
Event: 37.915 Thread 0x000000002544d800 Uncommon trap: trap_request=0xffffffde fr.pc=0x0000000003794bbc
Event: 37.915 Thread 0x000000002544d800 DEOPT PACKING pc=0x0000000003794bbc sp=0x000000002728e800
Event: 37.915 Thread 0x000000002544d800 DEOPT UNPACKING pc=0x000000000344556a sp=0x000000002728e7c0 mode 2
Event: 37.921 Thread 0x000000002544d800 Uncommon trap: trap_request=0xffffffde fr.pc=0x0000000003e63710
Event: 37.921 Thread 0x000000002544d800 DEOPT PACKING pc=0x0000000003e63710 sp=0x000000002728e920
Event: 37.921 Thread 0x000000002544d800 DEOPT UNPACKING pc=0x000000000344556a sp=0x000000002728e788 mode 2
Event: 38.131 Thread 0x000000002385c000 flushing nmethod 0x0000000003902690
Event: 38.131 Thread 0x000000002385c000 flushing nmethod 0x0000000003954410
Event: 38.135 Thread 0x000000002385c000 flushing nmethod 0x0000000003a6b750
Event: 38.135 Thread 0x000000002385c000 flushing nmethod 0x0000000003abcb50


Dynamic libraries:
0x00007ff63a9b0000 - 0x00007ff63a9e4000 	C:\Program Files\Java\jdk1.8.0_20\bin\java.exe
0x00007ff8b1230000 - 0x00007ff8b1401000 	C:\WINDOWS\SYSTEM32\ntdll.dll
0x00007ff8b02d0000 - 0x00007ff8b037b000 	C:\WINDOWS\System32\KERNEL32.DLL
0x00007ff8add70000 - 0x00007ff8adf8d000 	C:\WINDOWS\System32\KERNELBASE.dll
0x00007ff8aec10000 - 0x00007ff8aecb2000 	C:\WINDOWS\System32\ADVAPI32.dll
0x00007ff8aea90000 - 0x00007ff8aeb2e000 	C:\WINDOWS\System32\msvcrt.dll
0x00007ff8b0f30000 - 0x00007ff8b0f89000 	C:\WINDOWS\System32\sechost.dll
0x00007ff8b0be0000 - 0x00007ff8b0d01000 	C:\WINDOWS\System32\RPCRT4.dll
0x00007ff8b0f90000 - 0x00007ff8b10f5000 	C:\WINDOWS\System32\USER32.dll
0x00007ff8ad8b0000 - 0x00007ff8ad8ce000 	C:\WINDOWS\System32\win32u.dll
0x00007ff8b01d0000 - 0x00007ff8b0204000 	C:\WINDOWS\System32\GDI32.dll
0x00007ff8ad720000 - 0x00007ff8ad8a2000 	C:\WINDOWS\System32\gdi32full.dll
0x00007ff8a7aa0000 - 0x00007ff8a7d1a000 	C:\WINDOWS\WinSxS\amd64_microsoft.windows.common-controls_6595b64144ccf1df_6.0.14393.351_none_4213128bc687e6d3\COMCTL32.dll
0x00007ff8b07b0000 - 0x00007ff8b0a77000 	C:\WINDOWS\System32\combase.dll
0x00007ff8ad940000 - 0x00007ff8ada35000 	C:\WINDOWS\System32\ucrtbase.dll
0x00007ff8ad8d0000 - 0x00007ff8ad93a000 	C:\WINDOWS\System32\bcryptPrimitives.dll
0x00007ff8ae820000 - 0x00007ff8ae84e000 	C:\WINDOWS\System32\IMM32.DLL
0x00000000519f0000 - 0x0000000051ac2000 	C:\Program Files\Java\jdk1.8.0_20\jre\bin\msvcr100.dll
0x0000000051190000 - 0x00000000519e8000 	C:\Program Files\Java\jdk1.8.0_20\jre\bin\server\jvm.dll
0x00007ff8aeb30000 - 0x00007ff8aeb38000 	C:\WINDOWS\System32\PSAPI.DLL
0x00007ff8ab450000 - 0x00007ff8ab473000 	C:\WINDOWS\SYSTEM32\WINMM.dll
0x00007ff8a2d60000 - 0x00007ff8a2d69000 	C:\WINDOWS\SYSTEM32\WSOCK32.dll
0x00007ff8b11c0000 - 0x00007ff8b122a000 	C:\WINDOWS\System32\WS2_32.dll
0x00007ff8ab420000 - 0x00007ff8ab44b000 	C:\WINDOWS\SYSTEM32\WINMMBASE.dll
0x00007ff8ae770000 - 0x00007ff8ae7b2000 	C:\WINDOWS\System32\cfgmgr32.dll
0x0000000052c40000 - 0x0000000052c4f000 	C:\Program Files\Java\jdk1.8.0_20\jre\bin\verify.dll
0x0000000052c10000 - 0x0000000052c38000 	C:\Program Files\Java\jdk1.8.0_20\jre\bin\java.dll
0x0000000052bf0000 - 0x0000000052c06000 	C:\Program Files\Java\jdk1.8.0_20\jre\bin\zip.dll
0x00007ff8aecc0000 - 0x00007ff8b01c9000 	C:\WINDOWS\System32\SHELL32.dll
0x00007ff8ae090000 - 0x00007ff8ae76a000 	C:\WINDOWS\System32\windows.storage.dll
0x00007ff8ad6c0000 - 0x00007ff8ad70c000 	C:\WINDOWS\System32\powrprof.dll
0x00007ff8aebb0000 - 0x00007ff8aec02000 	C:\WINDOWS\System32\shlwapi.dll
0x00007ff8ad710000 - 0x00007ff8ad71f000 	C:\WINDOWS\System32\kernel.appcore.dll
0x00007ff8ada40000 - 0x00007ff8adae9000 	C:\WINDOWS\System32\shcore.dll
0x00007ff8ad6a0000 - 0x00007ff8ad6b4000 	C:\WINDOWS\System32\profapi.dll
0x00007ff89e170000 - 0x00007ff89e302000 	C:\WINDOWS\SYSTEM32\dbghelp.dll

VM Arguments:
jvm_args: -Djava.awt.headless=true -Xmx50g -Dfile.encoding=windows-1251 -Duser.country=RU -Duser.language=ru -Duser.variant 
java_command: com.android.dx.command.Main --dex --num-threads=4 --multi-dex --main-dex-list C:\Users\User\Documents\GitHub\iCRM\iCRM\app\build\intermediates\multi-dex\debug\maindexlist.txt --output C:\Users\User\Documents\GitHub\iCRM\iCRM\app\build\intermediates\transforms\dex\debug\folders\1000\1f\main C:\Users\User\Documents\GitHub\iCRM\iCRM\app\build\intermediates\transforms\jarMerging\debug\jars\1\1f\combined.jar
java_class_path (initial): C:\Users\User\AppData\Local\Android\sdk\build-tools\23.0.3\lib\dx.jar
Launcher Type: SUN_STANDARD

Environment Variables:
PATH=C:\ProgramData\Oracle\Java\javapath;C:\Program Files\Broadcom\Broadcom 802.11 Network Adapter;C:\Program Files (x86)\NVIDIA Corporation\PhysX\Common;C:\Program Files (x86)\Intel\iCLS Client\;C:\Program Files\Intel\iCLS Client\;C:\Windows\system32;C:\Windows;C:\Windows\System32\Wbem;C:\Windows\System32\WindowsPowerShell\v1.0\;C:\Program Files\Intel\Intel(R) Management Engine Components\DAL;C:\Program Files\Intel\Intel(R) Management Engine Components\IPT;C:\Program Files (x86)\Intel\Intel(R) Management Engine Components\DAL;C:\Program Files (x86)\Intel\Intel(R) Management Engine Components\IPT;C:\Program Files\WIDCOMM\Bluetooth Software\;C:\Program Files\WIDCOMM\Bluetooth Software\syswow64;C:\Program Files\Acer\Remote Files\;C:\Program Files (x86)\Skype\Phone\;C:\Program Files\OpenVPN\bin;C:\WINDOWS\system32;C:\WINDOWS;C:\WINDOWS\System32\Wbem;C:\WINDOWS\System32\WindowsPowerShell\v1.0\;C:\Users\User\AppData\Local\Microsoft\WindowsApps;
USERNAME=User
OS=Windows_NT
PROCESSOR_IDENTIFIER=Intel64 Family 6 Model 69 Stepping 1, GenuineIntel



---------------  S Y S T E M  ---------------

OS: Windows 8.1 , 64 bit Build 9600 

CPU:total 4 (2 cores per cpu, 2 threads per core) family 6 model 69 stepping 1, cmov, cx8, fxsr, mmx, sse, sse2, sse3, ssse3, sse4.1, sse4.2, popcnt, avx, avx2, aes, clmul, erms, lzcnt, ht, tsc, tscinvbit, bmi1, bmi2

Memory: 4k page, physical 8310040k(638612k free), swap 12406040k(1676k free)

vm_info: Java HotSpot(TM) 64-Bit Server VM (25.20-b23) for windows-amd64 JRE (1.8.0_20-b26), built on Jul 30 2014 13:51:23 by "java_re" with MS VC++ 10.0 (VS2010)

time: Fri Nov 04 21:58:42 2016
elapsed time: 38 seconds (0d 0h 0m 38s)

