#
# There is insufficient memory for the Java Runtime Environment to continue.
# Native memory allocation (malloc) failed to allocate 801776 bytes for Chunk::new
# Possible reasons:
#   The system is out of physical RAM or swap space
#   In 32 bit mode, the process size limit was hit
# Possible solutions:
#   Reduce memory load on the system
#   Increase physical memory or swap space
#   Check if swap backing store is full
#   Use 64 bit Java on a 64 bit OS
#   Decrease Java heap size (-Xmx/-Xms)
#   Decrease number of Java threads
#   Decrease Java thread stack sizes (-Xss)
#   Set larger code cache with -XX:ReservedCodeCacheSize=
# This output file may be truncated or incomplete.
#
#  Out of Memory Error (allocation.cpp:390), pid=3872, tid=12740
#
# JRE version: Java(TM) SE Runtime Environment (8.0_20-b26) (build 1.8.0_20-b26)
# Java VM: Java HotSpot(TM) 64-Bit Server VM (25.20-b23 mixed mode windows-amd64 )
# Failed to write core dump. Minidumps are not enabled by default on client versions of Windows
#

---------------  T H R E A D  ---------------

Current thread (0x0000000023c4e800):  JavaThread "C2 CompilerThread1" daemon [_thread_in_native, id=12740, stack(0x00000000252b0000,0x00000000253b0000)]

Stack: [0x00000000252b0000,0x00000000253b0000]
Native frames: (J=compiled Java code, j=interpreted, Vv=VM code, C=native code)
V  [jvm.dll+0x3152fa]


Current CompileTask:
C2:  37947 3093       4       java.util.concurrent.AbstractExecutorService::submit (25 bytes)


---------------  P R O C E S S  ---------------

Java Threads: ( => current thread )
  0x0000000025b27800 JavaThread "pool-2-thread-4" [_thread_blocked, id=12672, stack(0x0000000027680000,0x0000000027780000)]
  0x0000000025d09000 JavaThread "pool-2-thread-3" [_thread_blocked, id=1736, stack(0x0000000027580000,0x0000000027680000)]
  0x0000000025e08000 JavaThread "pool-2-thread-2" [_thread_in_vm, id=11360, stack(0x0000000027480000,0x0000000027580000)]
  0x0000000025d08000 JavaThread "pool-3-thread-1" [_thread_blocked, id=12660, stack(0x0000000027380000,0x0000000027480000)]
  0x0000000026401800 JavaThread "pool-2-thread-1" [_thread_in_Java, id=12836, stack(0x0000000027280000,0x0000000027380000)]
  0x0000000023cae000 JavaThread "Service Thread" daemon [_thread_blocked, id=13284, stack(0x00000000258b0000,0x00000000259b0000)]
  0x0000000023c55800 JavaThread "C1 CompilerThread2" daemon [_thread_blocked, id=12720, stack(0x00000000253b0000,0x00000000254b0000)]
=>0x0000000023c4e800 JavaThread "C2 CompilerThread1" daemon [_thread_in_native, id=12740, stack(0x00000000252b0000,0x00000000253b0000)]
  0x0000000023c4c000 JavaThread "C2 CompilerThread0" daemon [_thread_in_native, id=12736, stack(0x00000000251b0000,0x00000000252b0000)]
  0x0000000023c4a800 JavaThread "Attach Listener" daemon [_thread_blocked, id=12508, stack(0x00000000250b0000,0x00000000251b0000)]
  0x0000000023c49800 JavaThread "Signal Dispatcher" daemon [_thread_blocked, id=12500, stack(0x0000000024fb0000,0x00000000250b0000)]
  0x00000000017b4800 JavaThread "Finalizer" daemon [_thread_blocked, id=12476, stack(0x0000000024eb0000,0x0000000024fb0000)]
  0x00000000017ab800 JavaThread "Reference Handler" daemon [_thread_blocked, id=12468, stack(0x0000000024db0000,0x0000000024eb0000)]
  0x00000000016c2800 JavaThread "main" [_thread_blocked, id=12528, stack(0x0000000001520000,0x0000000001620000)]

Other Threads:
  0x0000000023c15800 VMThread [stack: 0x0000000024cb0000,0x0000000024db0000] [id=12464]
  0x00000000254de800 WatcherThread [stack: 0x00000000259b0000,0x0000000025ab0000] [id=12576]

VM state:not at safepoint (normal execution)

VM Mutex/Monitor currently owned by a thread: None

Heap:
 PSYoungGen      total 1206784K, used 785114K [0x00000008d5580000, 0x0000000938080000, 0x0000000d00000000)
  eden space 805888K, 75% used [0x00000008d5580000,0x00000008fa653df8,0x0000000906880000)
  from space 400896K, 44% used [0x000000091f900000,0x000000092a6e2dd0,0x0000000938080000)
  to   space 405504K, 0% used [0x0000000906880000,0x0000000906880000,0x000000091f480000)
 ParOldGen       total 907264K, used 907099K [0x0000000080000000, 0x00000000b7600000, 0x00000008d5580000)
  object space 907264K, 99% used [0x0000000080000000,0x00000000b75d6f40,0x00000000b7600000)
 Metaspace       used 6579K, capacity 6920K, committed 7168K, reserved 8192K

Card table byte_map: [0x0000000012400000,0x0000000018810000] byte_map_base: 0x0000000012000000

Marking Bits: (ParMarkBitMap*) 0x00000000613fb460
 Begin Bits: [0x0000000d00000000, 0x0000000d32000000)
 End Bits:   [0x0000000d32000000, 0x0000000d64000000)

Polling page: 0x0000000001130000

CodeCache: size=245760Kb used=12495Kb max_used=12505Kb free=233264Kb
 bounds [0x0000000003400000, 0x0000000004050000, 0x0000000012400000]
 total_blobs=2887 nmethods=2621 adapters=179
 compilation: enabled

Compilation events (10 events):
Event: 37.826 Thread 0x0000000023c4c000 3089       4       com.android.dx.dex.file.ClassDefItem::addMethodAnnotations (11 bytes)
Event: 37.834 Thread 0x0000000023c4c000 nmethod 3089 0x000000000403c190 code [0x000000000403c300, 0x000000000403c838]
Event: 37.851 Thread 0x0000000023c4e800 3090       4       java.util.TreeMap$Values::size (8 bytes)
Event: 37.852 Thread 0x0000000023c4e800 nmethod 3090 0x0000000004006b50 code [0x0000000004006c80, 0x0000000004006cd8]
Event: 37.858 Thread 0x0000000023c55800 3091       3       com.android.dx.cf.code.Ropper$CatchInfo::<init> (6 bytes)
Event: 37.858 Thread 0x0000000023c55800 nmethod 3091 0x000000000402c490 code [0x000000000402c620, 0x000000000402c9d0]
Event: 37.867 Thread 0x0000000023c4c000 3092       4       com.android.dx.cf.direct.MemberListParser::<init> (74 bytes)
Event: 37.867 Thread 0x0000000023c4e800 3093       4       java.util.concurrent.AbstractExecutorService::submit (25 bytes)
Event: 37.868 Thread 0x0000000023c4c000 nmethod 3092 0x000000000403be90 code [0x000000000403bfc0, 0x000000000403c098]
Event: 37.868 Thread 0x0000000023c4c000 3094       4       java.util.concurrent.ThreadPoolExecutor::execute (132 bytes)

GC Heap History (10 events):
Event: 26.123 GC heap before
{Heap before GC invocations=21 (full 4):
 PSYoungGen      total 910848K, used 745479K [0x00000008d5580000, 0x0000000921380000, 0x0000000d00000000)
  eden space 671232K, 100% used [0x00000008d5580000,0x00000008fe500000,0x00000008fe500000)
  from space 239616K, 30% used [0x000000090e400000,0x0000000912c81cd0,0x000000091ce00000)
  to   space 261120K, 0% used [0x00000008fe500000,0x00000008fe500000,0x000000090e400000)
 ParOldGen       total 907264K, used 607309K [0x0000000080000000, 0x00000000b7600000, 0x00000008d5580000)
  object space 907264K, 66% used [0x0000000080000000,0x00000000a51134f8,0x00000000b7600000)
 Metaspace       used 6578K, capacity 6920K, committed 7168K, reserved 8192K
Event: 26.564 GC heap after
Heap after GC invocations=21 (full 4):
 PSYoungGen      total 932352K, used 179550K [0x00000008d5580000, 0x0000000925580000, 0x0000000d00000000)
  eden space 671232K, 0% used [0x00000008d5580000,0x00000008d5580000,0x00000008fe500000)
  from space 261120K, 68% used [0x00000008fe500000,0x0000000909457b10,0x000000090e400000)
  to   space 275456K, 0% used [0x0000000914880000,0x0000000914880000,0x0000000925580000)
 ParOldGen       total 907264K, used 607309K [0x0000000080000000, 0x00000000b7600000, 0x00000008d5580000)
  object space 907264K, 66% used [0x0000000080000000,0x00000000a51134f8,0x00000000b7600000)
 Metaspace       used 6578K, capacity 6920K, committed 7168K, reserved 8192K
}
Event: 28.197 GC heap before
{Heap before GC invocations=22 (full 4):
 PSYoungGen      total 932352K, used 850782K [0x00000008d5580000, 0x0000000925580000, 0x0000000d00000000)
  eden space 671232K, 100% used [0x00000008d5580000,0x00000008fe500000,0x00000008fe500000)
  from space 261120K, 68% used [0x00000008fe500000,0x0000000909457b10,0x000000090e400000)
  to   space 275456K, 0% used [0x0000000914880000,0x0000000914880000,0x0000000925580000)
 ParOldGen       total 907264K, used 607309K [0x0000000080000000, 0x00000000b7600000, 0x00000008d5580000)
  object space 907264K, 66% used [0x0000000080000000,0x00000000a51134f8,0x00000000b7600000)
 Metaspace       used 6579K, capacity 6920K, committed 7168K, reserved 8192K
Event: 28.562 GC heap after
Heap after GC invocations=22 (full 4):
 PSYoungGen      total 973824K, used 275436K [0x00000008d5580000, 0x000000092d200000, 0x0000000d00000000)
  eden space 698368K, 0% used [0x00000008d5580000,0x00000008d5580000,0x00000008fff80000)
  from space 275456K, 99% used [0x0000000914880000,0x000000092557b210,0x0000000925580000)
  to   space 336896K, 0% used [0x00000008fff80000,0x00000008fff80000,0x0000000914880000)
 ParOldGen       total 907264K, used 648760K [0x0000000080000000, 0x00000000b7600000, 0x00000008d5580000)
  object space 907264K, 71% used [0x0000000080000000,0x00000000a798e2f8,0x00000000b7600000)
 Metaspace       used 6579K, capacity 6920K, committed 7168K, reserved 8192K
}
Event: 30.105 GC heap before
{Heap before GC invocations=23 (full 4):
 PSYoungGen      total 973824K, used 973804K [0x00000008d5580000, 0x000000092d200000, 0x0000000d00000000)
  eden space 698368K, 100% used [0x00000008d5580000,0x00000008fff80000,0x00000008fff80000)
  from space 275456K, 99% used [0x0000000914880000,0x000000092557b210,0x0000000925580000)
  to   space 336896K, 0% used [0x00000008fff80000,0x00000008fff80000,0x0000000914880000)
 ParOldGen       total 907264K, used 648760K [0x0000000080000000, 0x00000000b7600000, 0x00000008d5580000)
  object space 907264K, 71% used [0x0000000080000000,0x00000000a798e2f8,0x00000000b7600000)
 Metaspace       used 6579K, capacity 6920K, committed 7168K, reserved 8192K
Event: 30.512 GC heap after
Heap after GC invocations=23 (full 4):
 PSYoungGen      total 1035264K, used 336868K [0x00000008d5580000, 0x0000000938f80000, 0x0000000d00000000)
  eden space 698368K, 0% used [0x00000008d5580000,0x00000008d5580000,0x00000008fff80000)
  from space 336896K, 99% used [0x00000008fff80000,0x00000009148790d0,0x0000000914880000)
  to   space 416256K, 0% used [0x000000091f900000,0x000000091f900000,0x0000000938f80000)
 ParOldGen       total 907264K, used 709309K [0x0000000080000000, 0x00000000b7600000, 0x00000008d5580000)
  object space 907264K, 78% used [0x0000000080000000,0x00000000ab4af430,0x00000000b7600000)
 Metaspace       used 6579K, capacity 6920K, committed 7168K, reserved 8192K
}
Event: 31.921 GC heap before
{Heap before GC invocations=24 (full 4):
 PSYoungGen      total 1035264K, used 1035236K [0x00000008d5580000, 0x0000000938f80000, 0x0000000d00000000)
  eden space 698368K, 100% used [0x00000008d5580000,0x00000008fff80000,0x00000008fff80000)
  from space 336896K, 99% used [0x00000008fff80000,0x00000009148790d0,0x0000000914880000)
  to   space 416256K, 0% used [0x000000091f900000,0x000000091f900000,0x0000000938f80000)
 ParOldGen       total 907264K, used 709309K [0x0000000080000000, 0x00000000b7600000, 0x00000008d5580000)
  object space 907264K, 78% used [0x0000000080000000,0x00000000ab4af430,0x00000000b7600000)
 Metaspace       used 6579K, capacity 6920K, committed 7168K, reserved 8192K
Event: 32.329 GC heap after
Heap after GC invocations=24 (full 4):
 PSYoungGen      total 1206784K, used 195609K [0x00000008d5580000, 0x0000000938080000, 0x0000000d00000000)
  eden space 805888K, 0% used [0x00000008d5580000,0x00000008d5580000,0x0000000906880000)
  from space 400896K, 48% used [0x000000091f900000,0x000000092b8064c0,0x0000000938080000)
  to   space 405504K, 0% used [0x0000000906880000,0x0000000906880000,0x000000091f480000)
 ParOldGen       total 907264K, used 906406K [0x0000000080000000, 0x00000000b7600000, 0x00000008d5580000)
  object space 907264K, 99% used [0x0000000080000000,0x00000000b7529ab0,0x00000000b7600000)
 Metaspace       used 6579K, capacity 6920K, committed 7168K, reserved 8192K
}
Event: 32.329 GC heap before
{Heap before GC invocations=25 (full 5):
 PSYoungGen      total 1206784K, used 195609K [0x00000008d5580000, 0x0000000938080000, 0x0000000d00000000)
  eden space 805888K, 0% used [0x00000008d5580000,0x00000008d5580000,0x0000000906880000)
  from space 400896K, 48% used [0x000000091f900000,0x000000092b8064c0,0x0000000938080000)
  to   space 405504K, 0% used [0x0000000906880000,0x0000000906880000,0x000000091f480000)
 ParOldGen       total 907264K, used 906406K [0x0000000080000000, 0x00000000b7600000, 0x00000008d5580000)
  object space 907264K, 99% used [0x0000000080000000,0x00000000b7529ab0,0x00000000b7600000)
 Metaspace       used 6579K, capacity 6920K, committed 7168K, reserved 8192K
Event: 37.021 GC heap after
Heap after GC invocations=25 (full 5):
 PSYoungGen      total 1206784K, used 178059K [0x00000008d5580000, 0x0000000938080000, 0x0000000d00000000)
  eden space 805888K, 0% used [0x00000008d5580000,0x00000008d5580000,0x0000000906880000)
  from space 400896K, 44% used [0x000000091f900000,0x000000092a6e2dd0,0x0000000938080000)
  to   space 405504K, 0% used [0x0000000906880000,0x0000000906880000,0x000000091f480000)
 ParOldGen       total 907264K, used 907099K [0x0000000080000000, 0x00000000b7600000, 0x00000008d5580000)
  object space 907264K, 99% used [0x0000000080000000,0x00000000b75d6f40,0x00000000b7600000)
 Metaspace       used 6579K, capacity 6920K, committed 7168K, reserved 8192K
}

Deoptimization events (10 events):
Event: 28.978 Thread 0x0000000025d09000 Uncommon trap: reason=class_check action=maybe_recompile pc=0x0000000003e63e78 method=com.android.dx.ssa.back.InterferenceGraph.mergeInterferenceSet(ILcom/android/dx/util/IntSet;)V @ 20
Event: 28.978 Thread 0x0000000025d09000 Uncommon trap: reason=class_check action=maybe_recompile pc=0x0000000003683180 method=com.android.dx.util.BitIntSet.merge(Lcom/android/dx/util/IntSet;)V @ 1
Event: 28.979 Thread 0x0000000025d09000 Uncommon trap: reason=class_check action=maybe_recompile pc=0x0000000003e63e78 method=com.android.dx.ssa.back.InterferenceGraph.mergeInterferenceSet(ILcom/android/dx/util/IntSet;)V @ 20
Event: 28.979 Thread 0x0000000025d09000 Uncommon trap: reason=class_check action=maybe_recompile pc=0x0000000003683180 method=com.android.dx.util.BitIntSet.merge(Lcom/android/dx/util/IntSet;)V @ 1
Event: 29.020 Thread 0x0000000025e08000 Uncommon trap: reason=predicate action=maybe_recompile pc=0x000000000350d640 method=com.android.dx.ssa.back.InterferenceGraph.<init>(I)V @ 23
Event: 29.027 Thread 0x0000000025d09000 Uncommon trap: reason=class_check action=maybe_recompile pc=0x0000000003d8d700 method=com.android.dx.ssa.back.InterferenceGraph.mergeInterferenceSet(ILcom/android/dx/util/IntSet;)V @ 20
Event: 29.028 Thread 0x0000000025d09000 Uncommon trap: reason=class_check action=maybe_recompile pc=0x0000000003683180 method=com.android.dx.util.BitIntSet.merge(Lcom/android/dx/util/IntSet;)V @ 1
Event: 29.028 Thread 0x0000000025d09000 Uncommon trap: reason=class_check action=maybe_recompile pc=0x0000000003e63e78 method=com.android.dx.ssa.back.InterferenceGraph.mergeInterferenceSet(ILcom/android/dx/util/IntSet;)V @ 20
Event: 37.453 Thread 0x0000000025e08000 Uncommon trap: reason=null_check action=make_not_entrant pc=0x0000000003a5b690 method=com.android.dx.rop.cst.CstKnownNull.equals(Ljava/lang/Object;)Z @ 1
Event: 37.659 Thread 0x00000000016c2800 Uncommon trap: reason=range_check action=make_not_entrant pc=0x000000000403a080 method=java.util.DualPivotQuicksort.sort([IIIZ)V @ 56

Internal exceptions (10 events):
Event: 6.410 Thread 0x0000000026401800 Implicit null exception at 0x0000000003c8f798 to 0x0000000003c95239
Event: 10.323 Thread 0x0000000025b27800 Exception <a 'java/security/PrivilegedActionException'> (0x00000008d995aae8) thrown at [D:\re\workspace\8-2-build-windows-amd64-cygwin\jdk8u20\1074\hotspot\src\share\vm\prims\jvm.cpp, line 1275]
Event: 11.270 Thread 0x00000000016c2800 Exception <a 'java/security/PrivilegedActionException'> (0x00000008ed068090) thrown at [D:\re\workspace\8-2-build-windows-amd64-cygwin\jdk8u20\1074\hotspot\src\share\vm\prims\jvm.cpp, line 1275]
Event: 11.274 Thread 0x00000000016c2800 Implicit null exception at 0x0000000003592628 to 0x0000000003592c19
Event: 13.546 Thread 0x0000000025e08000 Implicit null exception at 0x0000000003deae7d to 0x0000000003dedeb9
Event: 13.691 Thread 0x0000000026401800 Exception <a 'java/security/PrivilegedActionException'> (0x00000008e83ca688) thrown at [D:\re\workspace\8-2-build-windows-amd64-cygwin\jdk8u20\1074\hotspot\src\share\vm\prims\jvm.cpp, line 1275]
Event: 14.205 Thread 0x00000000016c2800 Exception <a 'java/security/PrivilegedActionException'> (0x00000008f12704b0) thrown at [D:\re\workspace\8-2-build-windows-amd64-cygwin\jdk8u20\1074\hotspot\src\share\vm\prims\jvm.cpp, line 1275]
Event: 25.428 Thread 0x0000000025e08000 Exception <a 'java/security/PrivilegedActionException'> (0x00000008efd7c2c0) thrown at [D:\re\workspace\8-2-build-windows-amd64-cygwin\jdk8u20\1074\hotspot\src\share\vm\prims\jvm.cpp, line 1275]
Event: 25.439 Thread 0x0000000025e08000 Exception <a 'java/security/PrivilegedActionException'> (0x00000008efdec560) thrown at [D:\re\workspace\8-2-build-windows-amd64-cygwin\jdk8u20\1074\hotspot\src\share\vm\prims\jvm.cpp, line 1275]
Event: 37.453 Thread 0x0000000025e08000 Implicit null exception at 0x0000000003a5b65c to 0x0000000003a5b684

Events (10 events):
Event: 30.105 Executing VM operation: ParallelGCFailedAllocation
Event: 30.512 Executing VM operation: ParallelGCFailedAllocation done
Event: 31.921 Executing VM operation: ParallelGCFailedAllocation
Event: 37.021 Executing VM operation: ParallelGCFailedAllocation done
Event: 37.453 Thread 0x0000000025e08000 Uncommon trap: trap_request=0xfffffff4 fr.pc=0x0000000003a5b690
Event: 37.453 Thread 0x0000000025e08000 DEOPT PACKING pc=0x0000000003a5b690 sp=0x000000002757f000
Event: 37.453 Thread 0x0000000025e08000 DEOPT UNPACKING pc=0x000000000344556a sp=0x000000002757ef88 mode 2
Event: 37.658 Thread 0x00000000016c2800 Uncommon trap: trap_request=0xffffffe4 fr.pc=0x000000000403a080
Event: 37.659 Thread 0x00000000016c2800 DEOPT PACKING pc=0x000000000403a080 sp=0x000000000161e3b0
Event: 37.659 Thread 0x00000000016c2800 DEOPT UNPACKING pc=0x000000000344556a sp=0x000000000161e2f8 mode 2


Dynamic libraries:
0x00007ff6d0100000 - 0x00007ff6d0134000 	C:\Program Files\Java\jdk1.8.0_20\bin\java.exe
0x00007fff79450000 - 0x00007fff79621000 	C:\WINDOWS\SYSTEM32\ntdll.dll
0x00007fff78b90000 - 0x00007fff78c3b000 	C:\WINDOWS\System32\KERNEL32.DLL
0x00007fff75da0000 - 0x00007fff75fbd000 	C:\WINDOWS\System32\KERNELBASE.dll
0x00007fff76fb0000 - 0x00007fff77052000 	C:\WINDOWS\System32\ADVAPI32.dll
0x00007fff793b0000 - 0x00007fff7944e000 	C:\WINDOWS\System32\msvcrt.dll
0x00007fff79130000 - 0x00007fff79189000 	C:\WINDOWS\System32\sechost.dll
0x00007fff769e0000 - 0x00007fff76b01000 	C:\WINDOWS\System32\RPCRT4.dll
0x00007fff76b10000 - 0x00007fff76c75000 	C:\WINDOWS\System32\USER32.dll
0x00007fff76800000 - 0x00007fff7681e000 	C:\WINDOWS\System32\win32u.dll
0x00007fff78990000 - 0x00007fff789c4000 	C:\WINDOWS\System32\GDI32.dll
0x00007fff75c10000 - 0x00007fff75d92000 	C:\WINDOWS\System32\gdi32full.dll
0x00007fff72260000 - 0x00007fff724d9000 	C:\WINDOWS\WinSxS\amd64_microsoft.windows.common-controls_6595b64144ccf1df_6.0.14393.447_none_42191651c6827bb3\COMCTL32.dll
0x00007fff76ce0000 - 0x00007fff76fa8000 	C:\WINDOWS\System32\combase.dll
0x00007fff76870000 - 0x00007fff76965000 	C:\WINDOWS\System32\ucrtbase.dll
0x00007fff76970000 - 0x00007fff769da000 	C:\WINDOWS\System32\bcryptPrimitives.dll
0x00007fff79380000 - 0x00007fff793ae000 	C:\WINDOWS\System32\IMM32.DLL
0x0000000061480000 - 0x0000000061552000 	C:\Program Files\Java\jdk1.8.0_20\jre\bin\msvcr100.dll
0x0000000060c20000 - 0x0000000061478000 	C:\Program Files\Java\jdk1.8.0_20\jre\bin\server\jvm.dll
0x00007fff791f0000 - 0x00007fff791f8000 	C:\WINDOWS\System32\PSAPI.DLL
0x00007fff6f040000 - 0x00007fff6f049000 	C:\WINDOWS\SYSTEM32\WSOCK32.dll
0x00007fff737a0000 - 0x00007fff737c3000 	C:\WINDOWS\SYSTEM32\WINMM.dll
0x00007fff79270000 - 0x00007fff792da000 	C:\WINDOWS\System32\WS2_32.dll
0x00007fff73740000 - 0x00007fff7376b000 	C:\WINDOWS\SYSTEM32\WINMMBASE.dll
0x00007fff76820000 - 0x00007fff76862000 	C:\WINDOWS\System32\cfgmgr32.dll
0x0000000062860000 - 0x000000006286f000 	C:\Program Files\Java\jdk1.8.0_20\jre\bin\verify.dll
0x0000000062830000 - 0x0000000062858000 	C:\Program Files\Java\jdk1.8.0_20\jre\bin\java.dll
0x0000000062810000 - 0x0000000062826000 	C:\Program Files\Java\jdk1.8.0_20\jre\bin\zip.dll
0x00007fff77300000 - 0x00007fff78809000 	C:\WINDOWS\System32\SHELL32.dll
0x00007fff75fc0000 - 0x00007fff7669a000 	C:\WINDOWS\System32\windows.storage.dll
0x00007fff758c0000 - 0x00007fff7590c000 	C:\WINDOWS\System32\powrprof.dll
0x00007fff79190000 - 0x00007fff791e2000 	C:\WINDOWS\System32\shlwapi.dll
0x00007fff758b0000 - 0x00007fff758bf000 	C:\WINDOWS\System32\kernel.appcore.dll
0x00007fff76750000 - 0x00007fff767f9000 	C:\WINDOWS\System32\shcore.dll
0x00007fff75920000 - 0x00007fff75934000 	C:\WINDOWS\System32\profapi.dll
0x00007fff663f0000 - 0x00007fff66582000 	C:\WINDOWS\SYSTEM32\dbghelp.dll

VM Arguments:
jvm_args: -Djava.awt.headless=true -Xmx50g -Dfile.encoding=windows-1251 -Duser.country=RU -Duser.language=ru -Duser.variant 
java_command: com.android.dx.command.Main --dex --num-threads=4 --multi-dex --main-dex-list C:\Users\User\Documents\GitHub\iCRM\iCRM\app\build\intermediates\multi-dex\debug\maindexlist.txt --output C:\Users\User\Documents\GitHub\iCRM\iCRM\app\build\intermediates\transforms\dex\debug\folders\1000\1f\main C:\Users\User\Documents\GitHub\iCRM\iCRM\app\build\intermediates\transforms\jarMerging\debug\jars\1\1f\combined.jar
java_class_path (initial): C:\Users\User\AppData\Local\Android\sdk\build-tools\23.0.3\lib\dx.jar
Launcher Type: SUN_STANDARD

Environment Variables:
PATH=C:\ProgramData\Oracle\Java\javapath;C:\Program Files\Broadcom\Broadcom 802.11 Network Adapter;C:\Program Files (x86)\NVIDIA Corporation\PhysX\Common;C:\Program Files (x86)\Intel\iCLS Client\;C:\Program Files\Intel\iCLS Client\;C:\Windows\system32;C:\Windows;C:\Windows\System32\Wbem;C:\Windows\System32\WindowsPowerShell\v1.0\;C:\Program Files\Intel\Intel(R) Management Engine Components\DAL;C:\Program Files\Intel\Intel(R) Management Engine Components\IPT;C:\Program Files (x86)\Intel\Intel(R) Management Engine Components\DAL;C:\Program Files (x86)\Intel\Intel(R) Management Engine Components\IPT;C:\Program Files\WIDCOMM\Bluetooth Software\;C:\Program Files\WIDCOMM\Bluetooth Software\syswow64;C:\Program Files\Acer\Remote Files\;C:\Program Files (x86)\Skype\Phone\;C:\Program Files\OpenVPN\bin;C:\WINDOWS\system32;C:\WINDOWS;C:\WINDOWS\System32\Wbem;C:\WINDOWS\System32\WindowsPowerShell\v1.0\;C:\Users\User\AppData\Local\Microsoft\WindowsApps;
USERNAME=User
OS=Windows_NT
PROCESSOR_IDENTIFIER=Intel64 Family 6 Model 69 Stepping 1, GenuineIntel



---------------  S Y S T E M  ---------------

OS: Windows 8.1 , 64 bit Build 9600 

CPU:total 4 (2 cores per cpu, 2 threads per core) family 6 model 69 stepping 1, cmov, cx8, fxsr, mmx, sse, sse2, sse3, ssse3, sse4.1, sse4.2, popcnt, avx, avx2, aes, clmul, erms, lzcnt, ht, tsc, tscinvbit, bmi1, bmi2

Memory: 4k page, physical 8310040k(783660k free), swap 12406040k(5128k free)

vm_info: Java HotSpot(TM) 64-Bit Server VM (25.20-b23) for windows-amd64 JRE (1.8.0_20-b26), built on Jul 30 2014 13:51:23 by "java_re" with MS VC++ 10.0 (VS2010)

time: Thu Feb 02 17:17:18 2017
elapsed time: 37 seconds (0d 0h 0m 37s)

