#
# There is insufficient memory for the Java Runtime Environment to continue.
# Native memory allocation (malloc) failed to allocate 773616 bytes for Chunk::new
# Possible reasons:
#   The system is out of physical RAM or swap space
#   In 32 bit mode, the process size limit was hit
# Possible solutions:
#   Reduce memory load on the system
#   Increase physical memory or swap space
#   Check if swap backing store is full
#   Use 64 bit Java on a 64 bit OS
#   Decrease Java heap size (-Xmx/-Xms)
#   Decrease number of Java threads
#   Decrease Java thread stack sizes (-Xss)
#   Set larger code cache with -XX:ReservedCodeCacheSize=
# This output file may be truncated or incomplete.
#
#  Out of Memory Error (allocation.cpp:390), pid=16196, tid=0x0000000000003f24
#
# JRE version: OpenJDK Runtime Environment (8.0_112-b06) (build 1.8.0_112-release-b06)
# Java VM: OpenJDK 64-Bit Server VM (25.112-b06 mixed mode windows-amd64 )
# Failed to write core dump. Minidumps are not enabled by default on client versions of Windows
#

---------------  T H R E A D  ---------------

Current thread (0x0000000023e4f800):  JavaThread "C2 CompilerThread1" daemon [_thread_in_native, id=16164, stack(0x00000000254c0000,0x00000000255c0000)]

Stack: [0x00000000254c0000,0x00000000255c0000]
[error occurred during error reporting (printing stack bounds), id 0xc0000005]

Native frames: (J=compiled Java code, j=interpreted, Vv=VM code, C=native code)


Current CompileTask:
C2:   3153 1356       4       com.android.dx.ssa.SCCP::simulatePhi (169 bytes)


---------------  P R O C E S S  ---------------

Java Threads: ( => current thread )
  0x0000000025934000 JavaThread "pool-2-thread-4" [_thread_blocked, id=3236, stack(0x00000000260c0000,0x00000000261c0000)]
  0x0000000025933000 JavaThread "pool-2-thread-3" [_thread_in_Java, id=15524, stack(0x0000000025fc0000,0x00000000260c0000)]
  0x000000002598e800 JavaThread "pool-2-thread-2" [_thread_in_Java, id=13928, stack(0x0000000025ec0000,0x0000000025fc0000)]
  0x000000002597d800 JavaThread "pool-3-thread-1" [_thread_blocked, id=9700, stack(0x0000000025dc0000,0x0000000025ec0000)]
  0x0000000025916800 JavaThread "pool-2-thread-1" [_thread_blocked, id=10552, stack(0x0000000025cc0000,0x0000000025dc0000)]
  0x0000000023eae000 JavaThread "Service Thread" daemon [_thread_blocked, id=15068, stack(0x0000000025ac0000,0x0000000025bc0000)]
  0x0000000023e53800 JavaThread "C1 CompilerThread2" daemon [_thread_blocked, id=14752, stack(0x00000000255c0000,0x00000000256c0000)]
=>0x0000000023e4f800 JavaThread "C2 CompilerThread1" daemon [_thread_in_native, id=16164, stack(0x00000000254c0000,0x00000000255c0000)]
  0x0000000023e4d800 JavaThread "C2 CompilerThread0" daemon [_thread_in_native, id=12760, stack(0x00000000253c0000,0x00000000254c0000)]
  0x0000000023e4c000 JavaThread "Attach Listener" daemon [_thread_blocked, id=15824, stack(0x00000000252c0000,0x00000000253c0000)]
  0x0000000023e4a800 JavaThread "Signal Dispatcher" daemon [_thread_blocked, id=7136, stack(0x00000000251c0000,0x00000000252c0000)]
  0x000000000193b000 JavaThread "Finalizer" daemon [_thread_blocked, id=12880, stack(0x00000000250c0000,0x00000000251c0000)]
  0x0000000001930000 JavaThread "Reference Handler" daemon [_thread_blocked, id=10204, stack(0x0000000024fc0000,0x00000000250c0000)]
  0x0000000001840800 JavaThread "main" [_thread_blocked, id=5108, stack(0x0000000001640000,0x0000000001740000)]

Other Threads:
  0x0000000023e14800 VMThread [stack: 0x0000000024ec0000,0x0000000024fc0000] [id=11116]
  0x00000000256ea000 WatcherThread [stack: 0x0000000025bc0000,0x0000000025cc0000] [id=1108]

VM state:not at safepoint (normal execution)

VM Mutex/Monitor currently owned by a thread: None

Heap:
 PSYoungGen      total 38400K, used 14144K [0x00000008d5580000, 0x00000008da080000, 0x0000000d00000000)
  eden space 33280K, 27% used [0x00000008d5580000,0x00000008d5e58390,0x00000008d7600000)
  from space 5120K, 99% used [0x00000008d7b00000,0x00000008d7ff8038,0x00000008d8000000)
  to   space 5120K, 0% used [0x00000008d7600000,0x00000008d7600000,0x00000008d7b00000)
 ParOldGen       total 87552K, used 6686K [0x0000000080000000, 0x0000000085580000, 0x00000008d5580000)
  object space 87552K, 7% used [0x0000000080000000,0x0000000080687990,0x0000000085580000)
 Metaspace       used 5942K, capacity 6664K, committed 6912K, reserved 8192K

Card table byte_map: [0x0000000012400000,0x0000000018810000] byte_map_base: 0x0000000012000000

Marking Bits: (ParMarkBitMap*) 0x0000000066d518f0
 Begin Bits: [0x0000000d00000000, 0x0000000d32000000)
 End Bits:   [0x0000000d32000000, 0x0000000d64000000)

Polling page: 0x0000000001210000

CodeCache: size=245760Kb used=6142Kb max_used=6142Kb free=239617Kb
 bounds [0x0000000003400000, 0x0000000003a10000, 0x0000000012400000]
 total_blobs=1701 nmethods=1439 adapters=176
 compilation: enabled

Compilation events (10 events):
Event: 2.910 Thread 0x0000000023e53800 1443       3       java.util.HashMap$HashIterator::hasNext (13 bytes)
Event: 2.910 Thread 0x0000000023e53800 nmethod 1443 0x00000000039f5450 code [0x00000000039f55a0, 0x00000000039f5750]
Event: 2.912 Thread 0x0000000023e53800 1444       3       com.android.dx.cf.code.Frame::mergeSubroutineLists (90 bytes)
Event: 2.913 Thread 0x0000000023e53800 nmethod 1444 0x00000000039f57d0 code [0x00000000039f59a0, 0x00000000039f6268]
Event: 2.913 Thread 0x0000000023e53800 1445       3       com.android.dx.util.IntList::equals (82 bytes)
Event: 2.913 Thread 0x0000000023e53800 nmethod 1445 0x00000000039f6550 code [0x00000000039f66e0, 0x00000000039f6c70]
Event: 2.913 Thread 0x0000000023e53800 1446   !   3       com.android.dx.cf.code.Merger::mergeStack (192 bytes)
Event: 2.915 Thread 0x0000000023e53800 nmethod 1446 0x00000000039f6e50 code [0x00000000039f71e0, 0x00000000039f9158]
Event: 2.915 Thread 0x0000000023e53800 1447       3       com.android.dx.cf.code.BaseMachine::auxCstArg (20 bytes)
Event: 2.915 Thread 0x0000000023e53800 nmethod 1447 0x00000000039fa350 code [0x00000000039fa4c0, 0x00000000039fa728]

GC Heap History (4 events):
Event: 1.501 GC heap before
{Heap before GC invocations=1 (full 0):
 PSYoungGen      total 38400K, used 33280K [0x00000008d5580000, 0x00000008d8000000, 0x0000000d00000000)
  eden space 33280K, 100% used [0x00000008d5580000,0x00000008d7600000,0x00000008d7600000)
  from space 5120K, 0% used [0x00000008d7b00000,0x00000008d7b00000,0x00000008d8000000)
  to   space 5120K, 0% used [0x00000008d7600000,0x00000008d7600000,0x00000008d7b00000)
 ParOldGen       total 87552K, used 0K [0x0000000080000000, 0x0000000085580000, 0x00000008d5580000)
  object space 87552K, 0% used [0x0000000080000000,0x0000000080000000,0x0000000085580000)
 Metaspace       used 5717K, capacity 6408K, committed 6656K, reserved 8192K
Event: 1.509 GC heap after
Heap after GC invocations=1 (full 0):
 PSYoungGen      total 38400K, used 5114K [0x00000008d5580000, 0x00000008d8000000, 0x0000000d00000000)
  eden space 33280K, 0% used [0x00000008d5580000,0x00000008d5580000,0x00000008d7600000)
  from space 5120K, 99% used [0x00000008d7600000,0x00000008d7afeac8,0x00000008d7b00000)
  to   space 5120K, 0% used [0x00000008d7b00000,0x00000008d7b00000,0x00000008d8000000)
 ParOldGen       total 87552K, used 1934K [0x0000000080000000, 0x0000000085580000, 0x00000008d5580000)
  object space 87552K, 2% used [0x0000000080000000,0x00000000801e3988,0x0000000085580000)
 Metaspace       used 5717K, capacity 6408K, committed 6656K, reserved 8192K
}
Event: 2.819 GC heap before
{Heap before GC invocations=2 (full 0):
 PSYoungGen      total 38400K, used 38394K [0x00000008d5580000, 0x00000008d8000000, 0x0000000d00000000)
  eden space 33280K, 100% used [0x00000008d5580000,0x00000008d7600000,0x00000008d7600000)
  from space 5120K, 99% used [0x00000008d7600000,0x00000008d7afeac8,0x00000008d7b00000)
  to   space 5120K, 0% used [0x00000008d7b00000,0x00000008d7b00000,0x00000008d8000000)
 ParOldGen       total 87552K, used 1934K [0x0000000080000000, 0x0000000085580000, 0x00000008d5580000)
  object space 87552K, 2% used [0x0000000080000000,0x00000000801e3988,0x0000000085580000)
 Metaspace       used 5931K, capacity 6600K, committed 6656K, reserved 8192K
Event: 2.906 GC heap after
Heap after GC invocations=2 (full 0):
 PSYoungGen      total 38400K, used 5088K [0x00000008d5580000, 0x00000008da080000, 0x0000000d00000000)
  eden space 33280K, 0% used [0x00000008d5580000,0x00000008d5580000,0x00000008d7600000)
  from space 5120K, 99% used [0x00000008d7b00000,0x00000008d7ff8038,0x00000008d8000000)
  to   space 5120K, 0% used [0x00000008d7600000,0x00000008d7600000,0x00000008d7b00000)
 ParOldGen       total 87552K, used 6686K [0x0000000080000000, 0x0000000085580000, 0x00000008d5580000)
  object space 87552K, 7% used [0x0000000080000000,0x0000000080687990,0x0000000085580000)
 Metaspace       used 5931K, capacity 6600K, committed 6656K, reserved 8192K
}

Deoptimization events (10 events):
Event: 2.572 Thread 0x000000002598e800 Uncommon trap: reason=unstable_if action=reinterpret pc=0x000000000392c250 method=com.android.dx.rop.code.RegisterSpecSet.put(Lcom/android/dx/rop/code/RegisterSpec;)V @ 77
Event: 2.572 Thread 0x000000002598e800 Uncommon trap: reason=unstable_if action=reinterpret pc=0x0000000003784470 method=com.android.dx.rop.code.RegisterSpecSet.put(Lcom/android/dx/rop/code/RegisterSpec;)V @ 77
Event: 2.572 Thread 0x000000002598e800 Uncommon trap: reason=unstable_if action=reinterpret pc=0x00000000039735c8 method=com.android.dx.rop.code.RegisterSpecSet.put(Lcom/android/dx/rop/code/RegisterSpec;)V @ 77
Event: 2.573 Thread 0x000000002598e800 Uncommon trap: reason=bimorphic action=maybe_recompile pc=0x000000000392ffa8 method=java.util.HashMap.getNode(ILjava/lang/Object;)Ljava/util/HashMap$Node; @ 126
Event: 2.573 Thread 0x000000002598e800 Uncommon trap: reason=class_check action=maybe_recompile pc=0x00000000038fff9c method=java.util.HashMap.putVal(ILjava/lang/Object;Ljava/lang/Object;ZZ)Ljava/lang/Object; @ 203
Event: 2.573 Thread 0x000000002598e800 Uncommon trap: reason=bimorphic action=maybe_recompile pc=0x000000000392ffa8 method=java.util.HashMap.getNode(ILjava/lang/Object;)Ljava/util/HashMap$Node; @ 126
Event: 2.573 Thread 0x000000002598e800 Uncommon trap: reason=class_check action=maybe_recompile pc=0x00000000038fff9c method=java.util.HashMap.putVal(ILjava/lang/Object;Ljava/lang/Object;ZZ)Ljava/lang/Object; @ 203
Event: 2.573 Thread 0x000000002598e800 Uncommon trap: reason=bimorphic action=maybe_recompile pc=0x000000000392ffa8 method=java.util.HashMap.getNode(ILjava/lang/Object;)Ljava/util/HashMap$Node; @ 126
Event: 2.573 Thread 0x000000002598e800 Uncommon trap: reason=class_check action=maybe_recompile pc=0x00000000038fff9c method=java.util.HashMap.putVal(ILjava/lang/Object;Ljava/lang/Object;ZZ)Ljava/lang/Object; @ 203
Event: 2.574 Thread 0x000000002598e800 Uncommon trap: reason=unstable_if action=reinterpret pc=0x00000000039603d4 method=com.android.dx.util.BitIntSet.has(I)Z @ 8

Internal exceptions (5 events):
Event: 0.056 Thread 0x0000000001840800 Exception <a 'java/lang/NoSuchMethodError': Method sun.misc.Unsafe.defineClass(Ljava/lang/String;[BII)Ljava/lang/Class; name or signature does not match> (0x00000008d558b8b8) thrown at [C:\src\android\AOSP-openjdk\external\jetbrains\jdk\hotspot\src\share\v©Üg7ú¨?
Event: 0.056 Thread 0x0000000001840800 Exception <a 'java/lang/NoSuchMethodError': Method sun.misc.Unsafe.prefetchRead(Ljava/lang/Object;J)V name or signature does not match> (0x00000008d558bc80) thrown at [C:\src\android\AOSP-openjdk\external\jetbrains\jdk\hotspot\src\share\vm\prims\jni.cpp, l¡‚∏è^QÙ?
Event: 1.270 Thread 0x0000000025916800 Implicit null exception at 0x000000000379f792 to 0x000000000379f899
Event: 1.498 Thread 0x0000000025934000 Implicit null exception at 0x0000000003728a77 to 0x000000000372b945
Event: 1.499 Thread 0x0000000025934000 Implicit null exception at 0x000000000370db34 to 0x00000000037106a1

Events (10 events):
Event: 2.592 Thread 0x0000000025916800 DEOPT PACKING pc=0x000000000376e785 sp=0x0000000025dbe6b0
Event: 2.592 Thread 0x0000000025916800 DEOPT UNPACKING pc=0x00000000034475bf sp=0x0000000025dbe490 mode 0
Event: 2.649 loading class com/android/dx/dex/file/ParameterAnnotationStruct
Event: 2.649 loading class com/android/dx/dex/file/ParameterAnnotationStruct done
Event: 2.649 loading class com/android/dx/dex/file/UniformListItem
Event: 2.649 loading class com/android/dx/dex/file/UniformListItem done
Event: 2.650 loading class com/android/dx/dex/file/AnnotationSetRefItem
Event: 2.650 loading class com/android/dx/dex/file/AnnotationSetRefItem done
Event: 2.655 Executing VM operation: ParallelGCFailedAllocation
Event: 2.906 Executing VM operation: ParallelGCFailedAllocation done


Dynamic libraries:
0x00007ff79e7b0000 - 0x00007ff79e7e1000 	C:\Program Files\Android\Android Studio\jre\bin\java.exe
0x00007fff75380000 - 0x00007fff75551000 	C:\WINDOWS\SYSTEM32\ntdll.dll
0x00007fff73760000 - 0x00007fff7380b000 	C:\WINDOWS\System32\KERNEL32.DLL
0x00007fff71c60000 - 0x00007fff71e7d000 	C:\WINDOWS\System32\KERNELBASE.dll
0x00007fff72a80000 - 0x00007fff72b22000 	C:\WINDOWS\System32\ADVAPI32.dll
0x00007fff73120000 - 0x00007fff731be000 	C:\WINDOWS\System32\msvcrt.dll
0x00007fff73840000 - 0x00007fff73899000 	C:\WINDOWS\System32\sechost.dll
0x00007fff72b30000 - 0x00007fff72c51000 	C:\WINDOWS\System32\RPCRT4.dll
0x00007fff72910000 - 0x00007fff72a75000 	C:\WINDOWS\System32\USER32.dll
0x00007fff71ac0000 - 0x00007fff71ade000 	C:\WINDOWS\System32\win32u.dll
0x00007fff72d00000 - 0x00007fff72d34000 	C:\WINDOWS\System32\GDI32.dll
0x00007fff71e80000 - 0x00007fff72002000 	C:\WINDOWS\System32\gdi32full.dll
0x00007fff66140000 - 0x00007fff663ba000 	C:\WINDOWS\WinSxS\amd64_microsoft.windows.common-controls_6595b64144ccf1df_6.0.14393.953_none_42151e83c686086b\COMCTL32.dll
0x00007fff73390000 - 0x00007fff73658000 	C:\WINDOWS\System32\combase.dll
0x00007fff71910000 - 0x00007fff71a05000 	C:\WINDOWS\System32\ucrtbase.dll
0x00007fff71b90000 - 0x00007fff71bfa000 	C:\WINDOWS\System32\bcryptPrimitives.dll
0x00007fff73810000 - 0x00007fff7383e000 	C:\WINDOWS\System32\IMM32.DLL
0x00000000663d0000 - 0x00000000664a2000 	C:\Program Files\Android\Android Studio\jre\jre\bin\msvcr100.dll
0x0000000066590000 - 0x0000000066dcc000 	C:\Program Files\Android\Android Studio\jre\jre\bin\server\jvm.dll
0x00007fff730f0000 - 0x00007fff730f8000 	C:\WINDOWS\System32\PSAPI.DLL
0x00007fff665f0000 - 0x00007fff665f9000 	C:\WINDOWS\SYSTEM32\WSOCK32.dll
0x00007fff72d40000 - 0x00007fff72daa000 	C:\WINDOWS\System32\WS2_32.dll
0x00007fff6f720000 - 0x00007fff6f743000 	C:\WINDOWS\SYSTEM32\WINMM.dll
0x00007fff648a0000 - 0x00007fff648aa000 	C:\WINDOWS\SYSTEM32\VERSION.dll
0x00007fff6f6c0000 - 0x00007fff6f6eb000 	C:\WINDOWS\SYSTEM32\WINMMBASE.dll
0x00007fff72010000 - 0x00007fff72052000 	C:\WINDOWS\System32\cfgmgr32.dll
0x00007fff68020000 - 0x00007fff6802f000 	C:\Program Files\Android\Android Studio\jre\jre\bin\verify.dll
0x00007fff66ae0000 - 0x00007fff66b09000 	C:\Program Files\Android\Android Studio\jre\jre\bin\java.dll
0x00007fff66ac0000 - 0x00007fff66ad6000 	C:\Program Files\Android\Android Studio\jre\jre\bin\zip.dll
0x00007fff73a40000 - 0x00007fff74f48000 	C:\WINDOWS\System32\SHELL32.dll
0x00007fff72230000 - 0x00007fff7290a000 	C:\WINDOWS\System32\windows.storage.dll
0x00007fff717f0000 - 0x00007fff7183c000 	C:\WINDOWS\System32\powrprof.dll
0x00007fff72e20000 - 0x00007fff72e72000 	C:\WINDOWS\System32\shlwapi.dll
0x00007fff717e0000 - 0x00007fff717ef000 	C:\WINDOWS\System32\kernel.appcore.dll
0x00007fff71a10000 - 0x00007fff71ab9000 	C:\WINDOWS\System32\shcore.dll
0x00007fff71850000 - 0x00007fff71864000 	C:\WINDOWS\System32\profapi.dll

VM Arguments:
jvm_args: -Djava.awt.headless=true -Xmx50g -Dfile.encoding=windows-1251 -Duser.country=RU -Duser.language=ru -Duser.variant 
java_command: com.android.dx.command.Main --dex --num-threads=4 --multi-dex --output C:\Users\User\Documents\GitHub\iCRM\iCRM\app\build\intermediates\transforms\dex\debug\folders\1000\10\classes_b99eda4fb2f1861dd59cc505cd4a99aa9161517a C:\Users\User\.android\build-cache\8fb6c2b172e051bbc0e70022f1977e03b56c5d00\output\jars\classes.jar
java_class_path (initial): C:\Users\User\AppData\Local\Android\sdk\build-tools\25.0.2\lib\dx.jar
Launcher Type: SUN_STANDARD

Environment Variables:
PATH=C:\ProgramData\Oracle\Java\javapath;C:\Program Files\Broadcom\Broadcom 802.11 Network Adapter;C:\Program Files (x86)\NVIDIA Corporation\PhysX\Common;C:\Program Files (x86)\Intel\iCLS Client\;C:\Program Files\Intel\iCLS Client\;C:\Windows\system32;C:\Windows;C:\Windows\System32\Wbem;C:\Windows\System32\WindowsPowerShell\v1.0\;C:\Program Files\Intel\Intel(R) Management Engine Components\DAL;C:\Program Files\Intel\Intel(R) Management Engine Components\IPT;C:\Program Files (x86)\Intel\Intel(R) Management Engine Components\DAL;C:\Program Files (x86)\Intel\Intel(R) Management Engine Components\IPT;C:\Program Files\WIDCOMM\Bluetooth Software\;C:\Program Files\WIDCOMM\Bluetooth Software\syswow64;C:\Program Files\Acer\Remote Files\;C:\Program Files\OpenVPN\bin;C:\WINDOWS\system32;C:\WINDOWS;C:\WINDOWS\System32\Wbem;C:\WINDOWS\System32\WindowsPowerShell\v1.0\;C:\Users\User\AppData\Local\Microsoft\WindowsApps;
USERNAME=User
OS=Windows_NT
PROCESSOR_IDENTIFIER=Intel64 Family 6 Model 69 Stepping 1, GenuineIntel



---------------  S Y S T E M  ---------------

OS: Windows 10.0 , 64 bit Build 14393 (10.0.14393.0)

CPU:total 4 (2 cores per cpu, 2 threads per core) family 6 model 69 stepping 1, cmov, cx8, fxsr, mmx, sse, sse2, sse3, ssse3, sse4.1, sse4.2, popcnt, avx, avx2, aes, clmul, erms, lzcnt, ht, tsc, tscinvbit, bmi1, bmi2

Memory: 4k page, physical 8310040k(3810772k free), swap 12406040k(10476k free)

vm_info: OpenJDK 64-Bit Server VM (25.112-b06) for windows-amd64 JRE (1.8.0_112-release-b06), built on Dec  8 2016 00:54:26 by "builder" with MS VC++ 10.0 (VS2010)

time: Thu Apr 27 12:58:44 2017
elapsed time: 3 seconds (0d 0h 0m 3s)

