#
# There is insufficient memory for the Java Runtime Environment to continue.
# Native memory allocation (malloc) failed to allocate 464336 bytes for Chunk::new
# Possible reasons:
#   The system is out of physical RAM or swap space
#   In 32 bit mode, the process size limit was hit
# Possible solutions:
#   Reduce memory load on the system
#   Increase physical memory or swap space
#   Check if swap backing store is full
#   Use 64 bit Java on a 64 bit OS
#   Decrease Java heap size (-Xmx/-Xms)
#   Decrease number of Java threads
#   Decrease Java thread stack sizes (-Xss)
#   Set larger code cache with -XX:ReservedCodeCacheSize=
# This output file may be truncated or incomplete.
#
#  Out of Memory Error (allocation.cpp:390), pid=12876, tid=0x0000000000001cf4
#
# JRE version: OpenJDK Runtime Environment (8.0_112-b06) (build 1.8.0_112-release-b06)
# Java VM: OpenJDK 64-Bit Server VM (25.112-b06 mixed mode windows-amd64 )
# Failed to write core dump. Minidumps are not enabled by default on client versions of Windows
#

---------------  T H R E A D  ---------------

Current thread (0x000000002385f800):  JavaThread "C2 CompilerThread0" daemon [_thread_in_native, id=7412, stack(0x0000000024ea0000,0x0000000024fa0000)]

Stack: [0x0000000024ea0000,0x0000000024fa0000]
[error occurred during error reporting (printing stack bounds), id 0xc0000005]

Native frames: (J=compiled Java code, j=interpreted, Vv=VM code, C=native code)


Current CompileTask:
C2:   2662 1266       4       com.android.dx.ssa.SCCP::simulateBranch (666 bytes)


---------------  P R O C E S S  ---------------

Java Threads: ( => current thread )
  0x000000002545e000 JavaThread "pool-2-thread-4" [_thread_blocked, id=2188, stack(0x0000000025ba0000,0x0000000025ca0000)]
  0x0000000025459000 JavaThread "pool-2-thread-3" [_thread_in_Java, id=15628, stack(0x0000000025aa0000,0x0000000025ba0000)]
  0x0000000025458800 JavaThread "pool-2-thread-2" [_thread_blocked, id=15296, stack(0x00000000259a0000,0x0000000025aa0000)]
  0x0000000025455800 JavaThread "pool-3-thread-1" [_thread_blocked, id=5768, stack(0x00000000258a0000,0x00000000259a0000)]
  0x0000000025455000 JavaThread "pool-2-thread-1" [_thread_in_Java, id=15276, stack(0x00000000257a0000,0x00000000258a0000)]
  0x00000000251bc800 JavaThread "Service Thread" daemon [_thread_blocked, id=12248, stack(0x00000000255a0000,0x00000000256a0000)]
  0x00000000238bb000 JavaThread "C1 CompilerThread2" daemon [_thread_in_native, id=15024, stack(0x00000000250a0000,0x00000000251a0000)]
  0x0000000023861800 JavaThread "C2 CompilerThread1" daemon [_thread_in_native, id=10636, stack(0x0000000024fa0000,0x00000000250a0000)]
=>0x000000002385f800 JavaThread "C2 CompilerThread0" daemon [_thread_in_native, id=7412, stack(0x0000000024ea0000,0x0000000024fa0000)]
  0x000000002385e000 JavaThread "Attach Listener" daemon [_thread_blocked, id=3460, stack(0x0000000024da0000,0x0000000024ea0000)]
  0x000000002385c800 JavaThread "Signal Dispatcher" daemon [_thread_blocked, id=11528, stack(0x0000000024ca0000,0x0000000024da0000)]
  0x0000000001375800 JavaThread "Finalizer" daemon [_thread_blocked, id=13592, stack(0x0000000024ab0000,0x0000000024bb0000)]
  0x0000000001370000 JavaThread "Reference Handler" daemon [_thread_blocked, id=8828, stack(0x00000000249b0000,0x0000000024ab0000)]
  0x0000000001280800 JavaThread "main" [_thread_blocked, id=15112, stack(0x0000000001180000,0x0000000001280000)]

Other Threads:
  0x0000000023824800 VMThread [stack: 0x00000000248b0000,0x00000000249b0000] [id=12656]
  0x00000000251be800 WatcherThread [stack: 0x00000000256a0000,0x00000000257a0000] [id=11440]

VM state:not at safepoint (normal execution)

VM Mutex/Monitor currently owned by a thread: None

Heap:
 PSYoungGen      total 38400K, used 20571K [0x00000008d5580000, 0x00000008da080000, 0x0000000d00000000)
  eden space 33280K, 46% used [0x00000008d5580000,0x00000008d6497038,0x00000008d7600000)
  from space 5120K, 99% used [0x00000008d7600000,0x00000008d7affd88,0x00000008d7b00000)
  to   space 5120K, 0% used [0x00000008d9b80000,0x00000008d9b80000,0x00000008da080000)
 ParOldGen       total 87552K, used 1643K [0x0000000080000000, 0x0000000085580000, 0x00000008d5580000)
  object space 87552K, 1% used [0x0000000080000000,0x000000008019aee0,0x0000000085580000)
 Metaspace       used 5934K, capacity 6472K, committed 6656K, reserved 8192K

Card table byte_map: [0x0000000012400000,0x0000000018810000] byte_map_base: 0x0000000012000000

Marking Bits: (ParMarkBitMap*) 0x0000000066d518f0
 Begin Bits: [0x0000000d00000000, 0x0000000d32000000)
 End Bits:   [0x0000000d32000000, 0x0000000d64000000)

Polling page: 0x0000000000b20000

CodeCache: size=245760Kb used=4995Kb max_used=5012Kb free=240764Kb
 bounds [0x0000000003400000, 0x00000000038f0000, 0x0000000012400000]
 total_blobs=1520 nmethods=1252 adapters=181
 compilation: enabled

Compilation events (10 events):
Event: 2.650 Thread 0x00000000238bb000 nmethod 1280 0x00000000038da010 code [0x00000000038da1c0, 0x00000000038da908]
Event: 2.650 Thread 0x00000000238bb000 1282       3       java.util.TreeMap$ValueIterator::<init> (12 bytes)
Event: 2.651 Thread 0x00000000238bb000 nmethod 1282 0x00000000038cbcd0 code [0x00000000038cbe40, 0x00000000038cc0b0]
Event: 2.651 Thread 0x00000000238bb000 1284       3       java.lang.Character::forDigit (42 bytes)
Event: 2.652 Thread 0x00000000238bb000 nmethod 1284 0x00000000038dac50 code [0x00000000038dadc0, 0x00000000038db070]
Event: 2.652 Thread 0x00000000238bb000 1285       3       java.util.TreeMap$Values::iterator (19 bytes)
Event: 2.653 Thread 0x00000000238bb000 nmethod 1285 0x00000000038db0d0 code [0x00000000038db260, 0x00000000038db750]
Event: 2.654 Thread 0x00000000238bb000 1286       3       com.android.dx.rop.code.RegisterSpecSet::equals (106 bytes)
Event: 2.655 Thread 0x00000000238bb000 nmethod 1286 0x00000000038db990 code [0x00000000038dbb60, 0x00000000038dc368]
Event: 2.657 Thread 0x00000000238bb000 1287       3       com.android.dx.cf.code.Simulator$SimVisitor::visitNoArgs (2136 bytes)

GC Heap History (2 events):
Event: 1.838 GC heap before
{Heap before GC invocations=1 (full 0):
 PSYoungGen      total 38400K, used 33280K [0x00000008d5580000, 0x00000008d8000000, 0x0000000d00000000)
  eden space 33280K, 100% used [0x00000008d5580000,0x00000008d7600000,0x00000008d7600000)
  from space 5120K, 0% used [0x00000008d7b00000,0x00000008d7b00000,0x00000008d8000000)
  to   space 5120K, 0% used [0x00000008d7600000,0x00000008d7600000,0x00000008d7b00000)
 ParOldGen       total 87552K, used 0K [0x0000000080000000, 0x0000000085580000, 0x00000008d5580000)
  object space 87552K, 0% used [0x0000000080000000,0x0000000080000000,0x0000000085580000)
 Metaspace       used 5756K, capacity 6344K, committed 6400K, reserved 8192K
Event: 1.905 GC heap after
Heap after GC invocations=1 (full 0):
 PSYoungGen      total 38400K, used 5119K [0x00000008d5580000, 0x00000008da080000, 0x0000000d00000000)
  eden space 33280K, 0% used [0x00000008d5580000,0x00000008d5580000,0x00000008d7600000)
  from space 5120K, 99% used [0x00000008d7600000,0x00000008d7affd88,0x00000008d7b00000)
  to   space 5120K, 0% used [0x00000008d9b80000,0x00000008d9b80000,0x00000008da080000)
 ParOldGen       total 87552K, used 1643K [0x0000000080000000, 0x0000000085580000, 0x00000008d5580000)
  object space 87552K, 1% used [0x0000000080000000,0x000000008019aee0,0x0000000085580000)
 Metaspace       used 5756K, capacity 6344K, committed 6400K, reserved 8192K
}

Deoptimization events (10 events):
Event: 1.328 Thread 0x0000000025459000 Uncommon trap: reason=unstable_if action=reinterpret pc=0x000000000361c4a0 method=java.util.HashMap.getNode(ILjava/lang/Object;)Ljava/util/HashMap$Node; @ 62
Event: 1.344 Thread 0x0000000025459000 Uncommon trap: reason=class_check action=maybe_recompile pc=0x000000000362ba28 method=com.android.dx.ssa.NormalSsaInsn.accept(Lcom/android/dx/ssa/SsaInsn$Visitor;)V @ 9
Event: 1.344 Thread 0x0000000025459000 Uncommon trap: reason=class_check action=maybe_recompile pc=0x000000000362ba28 method=com.android.dx.ssa.NormalSsaInsn.accept(Lcom/android/dx/ssa/SsaInsn$Visitor;)V @ 9
Event: 1.344 Thread 0x0000000025459000 Uncommon trap: reason=class_check action=maybe_recompile pc=0x000000000362ba28 method=com.android.dx.ssa.NormalSsaInsn.accept(Lcom/android/dx/ssa/SsaInsn$Visitor;)V @ 9
Event: 1.353 Thread 0x0000000025459000 Uncommon trap: reason=class_check action=maybe_recompile pc=0x000000000362ba28 method=com.android.dx.ssa.NormalSsaInsn.accept(Lcom/android/dx/ssa/SsaInsn$Visitor;)V @ 9
Event: 1.449 Thread 0x000000002545e000 Uncommon trap: reason=unstable_if action=reinterpret pc=0x00000000036272e0 method=java.util.BitSet.nextSetBit(I)I @ 87
Event: 1.524 Thread 0x0000000025459000 Uncommon trap: reason=unstable_if action=reinterpret pc=0x000000000362fda4 method=java.util.BitSet.ensureCapacity(I)V @ 6
Event: 2.375 Thread 0x000000002545e000 Uncommon trap: reason=unstable_if action=reinterpret pc=0x00000000036291c4 method=java.util.HashMap.getNode(ILjava/lang/Object;)Ljava/util/HashMap$Node; @ 62
Event: 2.443 Thread 0x0000000025458800 Uncommon trap: reason=bimorphic action=maybe_recompile pc=0x0000000003869330 method=com.android.dx.cf.code.BytecodeArray.parseInstruction(ILcom/android/dx/cf/code/BytecodeArray$Visitor;)I @ 2281
Event: 2.444 Thread 0x0000000025458800 Uncommon trap: reason=bimorphic action=maybe_recompile pc=0x0000000003869330 method=com.android.dx.cf.code.BytecodeArray.parseInstruction(ILcom/android/dx/cf/code/BytecodeArray$Visitor;)I @ 2281

Internal exceptions (2 events):
Event: 0.078 Thread 0x0000000001280800 Exception <a 'java/lang/NoSuchMethodError': Method sun.misc.Unsafe.defineClass(Ljava/lang/String;[BII)Ljava/lang/Class; name or signature does not match> (0x00000008d558b8b8) thrown at [C:\src\android\AOSP-openjdk\external\jetbrains\jdk\hotspot\src\share\v¡¨û.´?
Event: 0.078 Thread 0x0000000001280800 Exception <a 'java/lang/NoSuchMethodError': Method sun.misc.Unsafe.prefetchRead(Ljava/lang/Object;J)V name or signature does not match> (0x00000008d558bc80) thrown at [C:\src\android\AOSP-openjdk\external\jetbrains\jdk\hotspot\src\share\vm\prims\jni.cpp, l

Events (10 events):
Event: 2.441 loading class com/android/dx/cf/code/SwitchList
Event: 2.441 loading class com/android/dx/cf/code/SwitchList done
Event: 2.443 loading class com/android/dx/cf/code/BytecodeArray$ConstantParserVisitor
Event: 2.443 loading class com/android/dx/cf/code/BytecodeArray$ConstantParserVisitor done
Event: 2.443 Thread 0x0000000025458800 Uncommon trap: trap_request=0xffffffc6 fr.pc=0x0000000003869330
Event: 2.443 Thread 0x0000000025458800 DEOPT PACKING pc=0x0000000003869330 sp=0x0000000025a9e590
Event: 2.443 Thread 0x0000000025458800 DEOPT UNPACKING pc=0x000000000344556a sp=0x0000000025a9e520 mode 2
Event: 2.444 Thread 0x0000000025458800 Uncommon trap: trap_request=0xffffffc6 fr.pc=0x0000000003869330
Event: 2.444 Thread 0x0000000025458800 DEOPT PACKING pc=0x0000000003869330 sp=0x0000000025a9e350
Event: 2.444 Thread 0x0000000025458800 DEOPT UNPACKING pc=0x000000000344556a sp=0x0000000025a9e2e0 mode 2


Dynamic libraries:
0x00007ff79e7b0000 - 0x00007ff79e7e1000 	C:\Program Files\Android\Android Studio\jre\bin\java.exe
0x00007fff75380000 - 0x00007fff75551000 	C:\WINDOWS\SYSTEM32\ntdll.dll
0x00007fff73760000 - 0x00007fff7380b000 	C:\WINDOWS\System32\KERNEL32.DLL
0x00007fff71c60000 - 0x00007fff71e7d000 	C:\WINDOWS\System32\KERNELBASE.dll
0x00007fff72a80000 - 0x00007fff72b22000 	C:\WINDOWS\System32\ADVAPI32.dll
0x00007fff73120000 - 0x00007fff731be000 	C:\WINDOWS\System32\msvcrt.dll
0x00007fff73840000 - 0x00007fff73899000 	C:\WINDOWS\System32\sechost.dll
0x00007fff72b30000 - 0x00007fff72c51000 	C:\WINDOWS\System32\RPCRT4.dll
0x00007fff72910000 - 0x00007fff72a75000 	C:\WINDOWS\System32\USER32.dll
0x00007fff71ac0000 - 0x00007fff71ade000 	C:\WINDOWS\System32\win32u.dll
0x00007fff72d00000 - 0x00007fff72d34000 	C:\WINDOWS\System32\GDI32.dll
0x00007fff71e80000 - 0x00007fff72002000 	C:\WINDOWS\System32\gdi32full.dll
0x00007fff66140000 - 0x00007fff663ba000 	C:\WINDOWS\WinSxS\amd64_microsoft.windows.common-controls_6595b64144ccf1df_6.0.14393.953_none_42151e83c686086b\COMCTL32.dll
0x00007fff73390000 - 0x00007fff73658000 	C:\WINDOWS\System32\combase.dll
0x00007fff71910000 - 0x00007fff71a05000 	C:\WINDOWS\System32\ucrtbase.dll
0x00007fff71b90000 - 0x00007fff71bfa000 	C:\WINDOWS\System32\bcryptPrimitives.dll
0x00007fff73810000 - 0x00007fff7383e000 	C:\WINDOWS\System32\IMM32.DLL
0x00000000663d0000 - 0x00000000664a2000 	C:\Program Files\Android\Android Studio\jre\jre\bin\msvcr100.dll
0x0000000066590000 - 0x0000000066dcc000 	C:\Program Files\Android\Android Studio\jre\jre\bin\server\jvm.dll
0x00007fff730f0000 - 0x00007fff730f8000 	C:\WINDOWS\System32\PSAPI.DLL
0x00007fff665f0000 - 0x00007fff665f9000 	C:\WINDOWS\SYSTEM32\WSOCK32.dll
0x00007fff6f720000 - 0x00007fff6f743000 	C:\WINDOWS\SYSTEM32\WINMM.dll
0x00007fff648a0000 - 0x00007fff648aa000 	C:\WINDOWS\SYSTEM32\VERSION.dll
0x00007fff72d40000 - 0x00007fff72daa000 	C:\WINDOWS\System32\WS2_32.dll
0x00007fff6f6c0000 - 0x00007fff6f6eb000 	C:\WINDOWS\SYSTEM32\WINMMBASE.dll
0x00007fff72010000 - 0x00007fff72052000 	C:\WINDOWS\System32\cfgmgr32.dll
0x00007fff68020000 - 0x00007fff6802f000 	C:\Program Files\Android\Android Studio\jre\jre\bin\verify.dll
0x00007fff66ae0000 - 0x00007fff66b09000 	C:\Program Files\Android\Android Studio\jre\jre\bin\java.dll
0x00007fff66ac0000 - 0x00007fff66ad6000 	C:\Program Files\Android\Android Studio\jre\jre\bin\zip.dll
0x00007fff73a40000 - 0x00007fff74f48000 	C:\WINDOWS\System32\SHELL32.dll
0x00007fff72230000 - 0x00007fff7290a000 	C:\WINDOWS\System32\windows.storage.dll
0x00007fff717f0000 - 0x00007fff7183c000 	C:\WINDOWS\System32\powrprof.dll
0x00007fff72e20000 - 0x00007fff72e72000 	C:\WINDOWS\System32\shlwapi.dll
0x00007fff717e0000 - 0x00007fff717ef000 	C:\WINDOWS\System32\kernel.appcore.dll
0x00007fff71a10000 - 0x00007fff71ab9000 	C:\WINDOWS\System32\shcore.dll
0x00007fff71850000 - 0x00007fff71864000 	C:\WINDOWS\System32\profapi.dll

VM Arguments:
jvm_args: -Djava.awt.headless=true -Xmx50g -Dfile.encoding=windows-1251 -Duser.country=RU -Duser.language=ru -Duser.variant 
java_command: com.android.dx.command.Main --dex --num-threads=4 --multi-dex --output C:\Users\User\Documents\GitHub\iCRM\iCRM\app\build\intermediates\transforms\dex\debug\folders\1000\10\classes_651118d346d19fe317c3002f464c8ccc213d9736 C:\Users\User\.android\build-cache\baa7d779f6f43df8a2e7b336c31f6b9bd0a58363\output\jars\classes.jar
java_class_path (initial): C:\Users\User\AppData\Local\Android\sdk\build-tools\25.0.2\lib\dx.jar
Launcher Type: SUN_STANDARD

Environment Variables:
PATH=C:\ProgramData\Oracle\Java\javapath;C:\Program Files\Broadcom\Broadcom 802.11 Network Adapter;C:\Program Files (x86)\NVIDIA Corporation\PhysX\Common;C:\Program Files (x86)\Intel\iCLS Client\;C:\Program Files\Intel\iCLS Client\;C:\Windows\system32;C:\Windows;C:\Windows\System32\Wbem;C:\Windows\System32\WindowsPowerShell\v1.0\;C:\Program Files\Intel\Intel(R) Management Engine Components\DAL;C:\Program Files\Intel\Intel(R) Management Engine Components\IPT;C:\Program Files (x86)\Intel\Intel(R) Management Engine Components\DAL;C:\Program Files (x86)\Intel\Intel(R) Management Engine Components\IPT;C:\Program Files\WIDCOMM\Bluetooth Software\;C:\Program Files\WIDCOMM\Bluetooth Software\syswow64;C:\Program Files\Acer\Remote Files\;C:\Program Files\OpenVPN\bin;C:\WINDOWS\system32;C:\WINDOWS;C:\WINDOWS\System32\Wbem;C:\WINDOWS\System32\WindowsPowerShell\v1.0\;C:\Users\User\AppData\Local\Microsoft\WindowsApps;
USERNAME=User
OS=Windows_NT
PROCESSOR_IDENTIFIER=Intel64 Family 6 Model 69 Stepping 1, GenuineIntel



---------------  S Y S T E M  ---------------

OS: Windows 10.0 , 64 bit Build 14393 (10.0.14393.0)

CPU:total 4 (2 cores per cpu, 2 threads per core) family 6 model 69 stepping 1, cmov, cx8, fxsr, mmx, sse, sse2, sse3, ssse3, sse4.1, sse4.2, popcnt, avx, avx2, aes, clmul, erms, lzcnt, ht, tsc, tscinvbit, bmi1, bmi2

Memory: 4k page, physical 8310040k(3826748k free), swap 12406040k(3492k free)

vm_info: OpenJDK 64-Bit Server VM (25.112-b06) for windows-amd64 JRE (1.8.0_112-release-b06), built on Dec  8 2016 00:54:26 by "builder" with MS VC++ 10.0 (VS2010)

time: Thu Apr 27 12:59:07 2017
elapsed time: 2 seconds (0d 0h 0m 2s)

