#
# There is insufficient memory for the Java Runtime Environment to continue.
# Native memory allocation (malloc) failed to allocate 1376736 bytes for Chunk::new
# Possible reasons:
#   The system is out of physical RAM or swap space
#   In 32 bit mode, the process size limit was hit
# Possible solutions:
#   Reduce memory load on the system
#   Increase physical memory or swap space
#   Check if swap backing store is full
#   Use 64 bit Java on a 64 bit OS
#   Decrease Java heap size (-Xmx/-Xms)
#   Decrease number of Java threads
#   Decrease Java thread stack sizes (-Xss)
#   Set larger code cache with -XX:ReservedCodeCacheSize=
# This output file may be truncated or incomplete.
#
#  Out of Memory Error (allocation.cpp:390), pid=7600, tid=4904
#
# JRE version: Java(TM) SE Runtime Environment (8.0_20-b26) (build 1.8.0_20-b26)
# Java VM: Java HotSpot(TM) 64-Bit Server VM (25.20-b23 mixed mode windows-amd64 )
# Failed to write core dump. Minidumps are not enabled by default on client versions of Windows
#

---------------  T H R E A D  ---------------

Current thread (0x0000000023e4c000):  JavaThread "C2 CompilerThread0" daemon [_thread_in_native, id=4904, stack(0x00000000253b0000,0x00000000254b0000)]

Stack: [0x00000000253b0000,0x00000000254b0000]
Native frames: (J=compiled Java code, j=interpreted, Vv=VM code, C=native code)
V  [jvm.dll+0x3152fa]
V  [jvm.dll+0x265d03]
V  [jvm.dll+0x266943]
V  [jvm.dll+0x25e265]
V  [jvm.dll+0xbe255]
V  [jvm.dll+0xbe6fc]
V  [jvm.dll+0x45c472]
V  [jvm.dll+0x49d76f]
V  [jvm.dll+0x4515a4]
V  [jvm.dll+0x452634]
V  [jvm.dll+0x435fc2]
V  [jvm.dll+0x97b62]
V  [jvm.dll+0x98353]
V  [jvm.dll+0x22aac4]
V  [jvm.dll+0x283f5a]
C  [msvcr100.dll+0x21d9f]
C  [msvcr100.dll+0x21e3b]
C  [KERNEL32.DLL+0x8364]
C  [ntdll.dll+0x65e91]


Current CompileTask:
C2:  48374 3118       4       com.android.dx.dex.file.ClassDefItem::addContents (201 bytes)


---------------  P R O C E S S  ---------------

Java Threads: ( => current thread )
  0x0000000026dee000 JavaThread "pool-1-thread-1" [_thread_in_Java, id=8340, stack(0x0000000027980000,0x0000000027a80000)]
  0x00000000259df800 JavaThread "pool-2-thread-4" [_thread_in_Java, id=14104, stack(0x0000000027880000,0x0000000027980000)]
  0x00000000259df000 JavaThread "pool-2-thread-3" [_thread_in_Java, id=5364, stack(0x0000000027780000,0x0000000027880000)]
  0x00000000259de000 JavaThread "pool-2-thread-2" [_thread_in_Java, id=10960, stack(0x0000000027680000,0x0000000027780000)]
  0x0000000025d5b000 JavaThread "pool-3-thread-1" [_thread_blocked, id=952, stack(0x0000000027580000,0x0000000027680000)]
  0x0000000025e10000 JavaThread "pool-2-thread-1" [_thread_blocked, id=10044, stack(0x0000000027480000,0x0000000027580000)]
  0x0000000023eae000 JavaThread "Service Thread" daemon [_thread_blocked, id=1708, stack(0x0000000025ab0000,0x0000000025bb0000)]
  0x0000000023e5a800 JavaThread "C1 CompilerThread2" daemon [_thread_blocked, id=7192, stack(0x00000000255b0000,0x00000000256b0000)]
  0x0000000023e4e800 JavaThread "C2 CompilerThread1" daemon [_thread_in_native, id=7216, stack(0x00000000254b0000,0x00000000255b0000)]
=>0x0000000023e4c000 JavaThread "C2 CompilerThread0" daemon [_thread_in_native, id=4904, stack(0x00000000253b0000,0x00000000254b0000)]
  0x0000000023e4a800 JavaThread "Attach Listener" daemon [_thread_blocked, id=3116, stack(0x00000000252b0000,0x00000000253b0000)]
  0x0000000023e49800 JavaThread "Signal Dispatcher" daemon [_thread_blocked, id=564, stack(0x00000000251b0000,0x00000000252b0000)]
  0x00000000019a6000 JavaThread "Finalizer" daemon [_thread_blocked, id=14268, stack(0x00000000250b0000,0x00000000251b0000)]
  0x000000000199d000 JavaThread "Reference Handler" daemon [_thread_blocked, id=8608, stack(0x0000000024fb0000,0x00000000250b0000)]
  0x00000000018b2800 JavaThread "main" [_thread_blocked, id=76, stack(0x0000000001740000,0x0000000001840000)]

Other Threads:
  0x0000000023e15800 VMThread [stack: 0x0000000024eb0000,0x0000000024fb0000] [id=10620]
  0x00000000256dc000 WatcherThread [stack: 0x0000000025bb0000,0x0000000025cb0000] [id=10092]

VM state:not at safepoint (normal execution)

VM Mutex/Monitor currently owned by a thread: None

Heap:
 PSYoungGen      total 1009664K, used 368496K [0x00000008d5580000, 0x000000092b780000, 0x0000000d00000000)
  eden space 729088K, 50% used [0x00000008d5580000,0x00000008ebd5c140,0x0000000901d80000)
  from space 280576K, 0% used [0x000000091a580000,0x000000091a580000,0x000000092b780000)
  to   space 246272K, 0% used [0x0000000901d80000,0x0000000901d80000,0x0000000910e00000)
 ParOldGen       total 850944K, used 850785K [0x0000000080000000, 0x00000000b3f00000, 0x00000008d5580000)
  object space 850944K, 99% used [0x0000000080000000,0x00000000b3ed85d0,0x00000000b3f00000)
 Metaspace       used 6673K, capacity 6920K, committed 7168K, reserved 8192K

Card table byte_map: [0x0000000012400000,0x0000000018810000] byte_map_base: 0x0000000012000000

Marking Bits: (ParMarkBitMap*) 0x000000005401b460
 Begin Bits: [0x0000000d00000000, 0x0000000d32000000)
 End Bits:   [0x0000000d32000000, 0x0000000d64000000)

Polling page: 0x0000000001350000

CodeCache: size=245760Kb used=12387Kb max_used=12390Kb free=233372Kb
 bounds [0x0000000003400000, 0x0000000004030000, 0x0000000012400000]
 total_blobs=2951 nmethods=2685 adapters=179
 compilation: enabled

Compilation events (10 events):
Event: 43.616 Thread 0x0000000023e5a800 nmethod 3132 0x000000000401eb10 code [0x000000000401ef40, 0x0000000004021798]
Event: 43.617 Thread 0x0000000023e4e800 3133       4       com.android.dx.dex.file.EncodedMethod::compareTo (9 bytes)
Event: 43.618 Thread 0x0000000023e4e800 nmethod 3133 0x000000000401d250 code [0x000000000401d3a0, 0x000000000401d488]
Event: 43.619 Thread 0x0000000023e4e800 3134       4       java.util.ComparableTimSort::binarySort (223 bytes)
Event: 43.633 Thread 0x0000000023e4e800 nmethod 3134 0x0000000004026350 code [0x0000000004026500, 0x0000000004026f98]
Event: 43.638 Thread 0x0000000023e4e800 3135       4       java.util.Arrays::sort (47 bytes)
Event: 48.340 Thread 0x0000000023e5a800 3136       3       java.util.ComparableTimSort::gallopRight (327 bytes)
Event: 48.341 Thread 0x0000000023e5a800 nmethod 3136 0x000000000401d9d0 code [0x000000000401dbc0, 0x000000000401e678]
Event: 48.341 Thread 0x0000000023e5a800 3137       3       java.util.ComparableTimSort::gallopLeft (327 bytes)
Event: 48.342 Thread 0x0000000023e5a800 nmethod 3137 0x0000000004025250 code [0x0000000004025440, 0x0000000004025ed8]

GC Heap History (10 events):
Event: 27.607 GC heap before
{Heap before GC invocations=22 (full 5):
 PSYoungGen      total 1009664K, used 1009638K [0x00000008d5580000, 0x000000092b780000, 0x0000000d00000000)
  eden space 729088K, 100% used [0x00000008d5580000,0x0000000901d80000,0x0000000901d80000)
  from space 280576K, 99% used [0x000000091a580000,0x000000092b779880,0x000000092b780000)
  to   space 246272K, 99% used [0x0000000901d80000,0x0000000910dfc258,0x0000000910e00000)
 ParOldGen       total 850944K, used 850936K [0x0000000080000000, 0x00000000b3f00000, 0x00000008d5580000)
  object space 850944K, 99% used [0x0000000080000000,0x00000000b3efe3e0,0x00000000b3f00000)
 Metaspace       used 6606K, capacity 6920K, committed 7168K, reserved 8192K
Event: 31.215 GC heap after
Heap after GC invocations=22 (full 5):
 PSYoungGen      total 1009664K, used 0K [0x00000008d5580000, 0x000000092b780000, 0x0000000d00000000)
  eden space 729088K, 0% used [0x00000008d5580000,0x00000008d5580000,0x0000000901d80000)
  from space 280576K, 0% used [0x000000091a580000,0x000000091a580000,0x000000092b780000)
  to   space 246272K, 82% used [0x0000000901d80000,0x000000090e2db778,0x0000000910e00000)
 ParOldGen       total 850944K, used 850748K [0x0000000080000000, 0x00000000b3f00000, 0x00000008d5580000)
  object space 850944K, 99% used [0x0000000080000000,0x00000000b3ecf018,0x00000000b3f00000)
 Metaspace       used 6606K, capacity 6920K, committed 7168K, reserved 8192K
}
Event: 32.641 GC heap before
{Heap before GC invocations=23 (full 6):
 PSYoungGen      total 1009664K, used 729088K [0x00000008d5580000, 0x000000092b780000, 0x0000000d00000000)
  eden space 729088K, 100% used [0x00000008d5580000,0x0000000901d80000,0x0000000901d80000)
  from space 280576K, 0% used [0x000000091a580000,0x000000091a580000,0x000000092b780000)
  to   space 246272K, 82% used [0x0000000901d80000,0x000000090e2db778,0x0000000910e00000)
 ParOldGen       total 850944K, used 850748K [0x0000000080000000, 0x00000000b3f00000, 0x00000008d5580000)
  object space 850944K, 99% used [0x0000000080000000,0x00000000b3ecf018,0x00000000b3f00000)
 Metaspace       used 6606K, capacity 6920K, committed 7168K, reserved 8192K
Event: 35.365 GC heap after
Heap after GC invocations=23 (full 6):
 PSYoungGen      total 1009664K, used 229733K [0x00000008d5580000, 0x000000092b780000, 0x0000000d00000000)
  eden space 729088K, 31% used [0x00000008d5580000,0x00000008e35d94a8,0x0000000901d80000)
  from space 280576K, 0% used [0x000000091a580000,0x000000091a580000,0x000000092b780000)
  to   space 246272K, 0% used [0x0000000901d80000,0x0000000901d80000,0x0000000910e00000)
 ParOldGen       total 850944K, used 850905K [0x0000000080000000, 0x00000000b3f00000, 0x00000008d5580000)
  object space 850944K, 99% used [0x0000000080000000,0x00000000b3ef67b0,0x00000000b3f00000)
 Metaspace       used 6606K, capacity 6920K, committed 7168K, reserved 8192K
}
Event: 35.890 GC heap before
{Heap before GC invocations=24 (full 7):
 PSYoungGen      total 1009664K, used 729088K [0x00000008d5580000, 0x000000092b780000, 0x0000000d00000000)
  eden space 729088K, 100% used [0x00000008d5580000,0x0000000901d80000,0x0000000901d80000)
  from space 280576K, 0% used [0x000000091a580000,0x000000091a580000,0x000000092b780000)
  to   space 246272K, 0% used [0x0000000901d80000,0x0000000901d80000,0x0000000910e00000)
 ParOldGen       total 850944K, used 850905K [0x0000000080000000, 0x00000000b3f00000, 0x00000008d5580000)
  object space 850944K, 99% used [0x0000000080000000,0x00000000b3ef67b0,0x00000000b3f00000)
 Metaspace       used 6606K, capacity 6920K, committed 7168K, reserved 8192K
Event: 39.103 GC heap after
Heap after GC invocations=24 (full 7):
 PSYoungGen      total 1009664K, used 192146K [0x00000008d5580000, 0x000000092b780000, 0x0000000d00000000)
  eden space 729088K, 26% used [0x00000008d5580000,0x00000008e1124b18,0x0000000901d80000)
  from space 280576K, 0% used [0x000000091a580000,0x000000091a580000,0x000000092b780000)
  to   space 246272K, 0% used [0x0000000901d80000,0x0000000901d80000,0x0000000910e00000)
 ParOldGen       total 850944K, used 850801K [0x0000000080000000, 0x00000000b3f00000, 0x00000008d5580000)
  object space 850944K, 99% used [0x0000000080000000,0x00000000b3edc700,0x00000000b3f00000)
 Metaspace       used 6606K, capacity 6920K, committed 7168K, reserved 8192K
}
Event: 39.831 GC heap before
{Heap before GC invocations=25 (full 8):
 PSYoungGen      total 1009664K, used 729088K [0x00000008d5580000, 0x000000092b780000, 0x0000000d00000000)
  eden space 729088K, 100% used [0x00000008d5580000,0x0000000901d80000,0x0000000901d80000)
  from space 280576K, 0% used [0x000000091a580000,0x000000091a580000,0x000000092b780000)
  to   space 246272K, 0% used [0x0000000901d80000,0x0000000901d80000,0x0000000910e00000)
 ParOldGen       total 850944K, used 850801K [0x0000000080000000, 0x00000000b3f00000, 0x00000008d5580000)
  object space 850944K, 99% used [0x0000000080000000,0x00000000b3edc700,0x00000000b3f00000)
 Metaspace       used 6606K, capacity 6920K, committed 7168K, reserved 8192K
Event: 42.998 GC heap after
Heap after GC invocations=25 (full 8):
 PSYoungGen      total 1009664K, used 275318K [0x00000008d5580000, 0x000000092b780000, 0x0000000d00000000)
  eden space 729088K, 37% used [0x00000008d5580000,0x00000008e625d8e0,0x0000000901d80000)
  from space 280576K, 0% used [0x000000091a580000,0x000000091a580000,0x000000092b780000)
  to   space 246272K, 0% used [0x0000000901d80000,0x0000000901d80000,0x0000000910e00000)
 ParOldGen       total 850944K, used 850759K [0x0000000080000000, 0x00000000b3f00000, 0x00000008d5580000)
  object space 850944K, 99% used [0x0000000080000000,0x00000000b3ed1f40,0x00000000b3f00000)
 Metaspace       used 6606K, capacity 6920K, committed 7168K, reserved 8192K
}
Event: 43.645 GC heap before
{Heap before GC invocations=26 (full 9):
 PSYoungGen      total 1009664K, used 729088K [0x00000008d5580000, 0x000000092b780000, 0x0000000d00000000)
  eden space 729088K, 100% used [0x00000008d5580000,0x0000000901d80000,0x0000000901d80000)
  from space 280576K, 0% used [0x000000091a580000,0x000000091a580000,0x000000092b780000)
  to   space 246272K, 0% used [0x0000000901d80000,0x0000000901d80000,0x0000000910e00000)
 ParOldGen       total 850944K, used 850759K [0x0000000080000000, 0x00000000b3f00000, 0x00000008d5580000)
  object space 850944K, 99% used [0x0000000080000000,0x00000000b3ed1f40,0x00000000b3f00000)
 Metaspace       used 6669K, capacity 6920K, committed 7168K, reserved 8192K
Event: 48.326 GC heap after
Heap after GC invocations=26 (full 9):
 PSYoungGen      total 1009664K, used 337740K [0x00000008d5580000, 0x000000092b780000, 0x0000000d00000000)
  eden space 729088K, 46% used [0x00000008d5580000,0x00000008e9f533e0,0x0000000901d80000)
  from space 280576K, 0% used [0x000000091a580000,0x000000091a580000,0x000000092b780000)
  to   space 246272K, 0% used [0x0000000901d80000,0x0000000901d80000,0x0000000910e00000)
 ParOldGen       total 850944K, used 850785K [0x0000000080000000, 0x00000000b3f00000, 0x00000008d5580000)
  object space 850944K, 99% used [0x0000000080000000,0x00000000b3ed85d0,0x00000000b3f00000)
 Metaspace       used 6669K, capacity 6920K, committed 7168K, reserved 8192K
}

Deoptimization events (10 events):
Event: 39.356 Thread 0x00000000259de000 Uncommon trap: reason=range_check action=make_not_entrant pc=0x0000000003fa4e00 method=java.util.DualPivotQuicksort.sort([IIIZ)V @ 56
Event: 43.310 Thread 0x0000000026dee000 Uncommon trap: reason=class_check action=maybe_recompile pc=0x0000000003912ad4 method=java.util.Arrays.hashCode([Ljava/lang/Object;)I @ 43
Event: 43.310 Thread 0x0000000026dee000 Uncommon trap: reason=class_check action=maybe_recompile pc=0x0000000003912ad4 method=java.util.Arrays.hashCode([Ljava/lang/Object;)I @ 43
Event: 43.310 Thread 0x0000000026dee000 Uncommon trap: reason=class_check action=maybe_recompile pc=0x0000000003912ad4 method=java.util.Arrays.hashCode([Ljava/lang/Object;)I @ 43
Event: 43.310 Thread 0x0000000026dee000 Uncommon trap: reason=class_check action=maybe_recompile pc=0x0000000003912ad4 method=java.util.Arrays.hashCode([Ljava/lang/Object;)I @ 43
Event: 43.311 Thread 0x0000000026dee000 Uncommon trap: reason=unreached action=reinterpret pc=0x000000000387e508 method=java.util.Arrays.sort([Ljava/lang/Object;IILjava/util/Comparator;)V @ 1
Event: 43.366 Thread 0x0000000026dee000 Uncommon trap: reason=bimorphic action=maybe_recompile pc=0x0000000003fe4df4 method=java.util.Arrays.hashCode([Ljava/lang/Object;)I @ 43
Event: 43.366 Thread 0x0000000026dee000 Uncommon trap: reason=bimorphic action=maybe_recompile pc=0x0000000003fe4df4 method=java.util.Arrays.hashCode([Ljava/lang/Object;)I @ 43
Event: 43.366 Thread 0x0000000026dee000 Uncommon trap: reason=bimorphic action=maybe_recompile pc=0x0000000003fe4df4 method=java.util.Arrays.hashCode([Ljava/lang/Object;)I @ 43
Event: 43.366 Thread 0x0000000026dee000 Uncommon trap: reason=bimorphic action=maybe_recompile pc=0x0000000003fe4df4 method=java.util.Arrays.hashCode([Ljava/lang/Object;)I @ 43

Internal exceptions (10 events):
Event: 9.508 Thread 0x00000000018b2800 Exception <a 'java/security/PrivilegedActionException'> (0x00000008d595eac0) thrown at [D:\re\workspace\8-2-build-windows-amd64-cygwin\jdk8u20\1074\hotspot\src\share\vm\prims\jvm.cpp, line 1275]
Event: 17.335 Thread 0x0000000025e10000 Exception <a 'java/security/PrivilegedActionException'> (0x00000008d7ad12b0) thrown at [D:\re\workspace\8-2-build-windows-amd64-cygwin\jdk8u20\1074\hotspot\src\share\vm\prims\jvm.cpp, line 1275]
Event: 17.422 Thread 0x00000000018b2800 Exception <a 'java/security/PrivilegedActionException'> (0x00000008d8edde98) thrown at [D:\re\workspace\8-2-build-windows-amd64-cygwin\jdk8u20\1074\hotspot\src\share\vm\prims\jvm.cpp, line 1275]
Event: 17.666 Thread 0x00000000018b2800 Exception <a 'java/security/PrivilegedActionException'> (0x00000008e0bc1f88) thrown at [D:\re\workspace\8-2-build-windows-amd64-cygwin\jdk8u20\1074\hotspot\src\share\vm\prims\jvm.cpp, line 1275]
Event: 22.230 Thread 0x00000000259df000 Exception <a 'java/security/PrivilegedActionException'> (0x00000008f7481590) thrown at [D:\re\workspace\8-2-build-windows-amd64-cygwin\jdk8u20\1074\hotspot\src\share\vm\prims\jvm.cpp, line 1275]
Event: 22.251 Thread 0x00000000259df000 Exception <a 'java/security/PrivilegedActionException'> (0x00000008f74efe40) thrown at [D:\re\workspace\8-2-build-windows-amd64-cygwin\jdk8u20\1074\hotspot\src\share\vm\prims\jvm.cpp, line 1275]
Event: 35.629 Thread 0x00000000018b2800 Implicit null exception at 0x0000000003b6b2dc to 0x0000000003b6b304
Event: 43.269 Thread 0x00000000018b2800 Exception <a 'java/security/PrivilegedActionException'> (0x00000008f25a0888) thrown at [D:\re\workspace\8-2-build-windows-amd64-cygwin\jdk8u20\1074\hotspot\src\share\vm\prims\jvm.cpp, line 1275]
Event: 43.310 Thread 0x0000000026dee000 Implicit null exception at 0x000000000387d3f9 to 0x000000000387e4e9
Event: 43.316 Thread 0x0000000026dee000 Exception <a 'java/security/PrivilegedActionException'> (0x00000008f3fa6f00) thrown at [D:\re\workspace\8-2-build-windows-amd64-cygwin\jdk8u20\1074\hotspot\src\share\vm\prims\jvm.cpp, line 1275]

Events (10 events):
Event: 43.366 Thread 0x0000000026dee000 DEOPT PACKING pc=0x0000000003fe4df4 sp=0x0000000027a7edd0
Event: 43.366 Thread 0x0000000026dee000 DEOPT UNPACKING pc=0x000000000344556a sp=0x0000000027a7ed10 mode 2
Event: 43.366 Thread 0x0000000026dee000 Uncommon trap: trap_request=0xffffffc6 fr.pc=0x0000000003fe4df4
Event: 43.366 Thread 0x0000000026dee000 DEOPT PACKING pc=0x0000000003fe4df4 sp=0x0000000027a7eb20
Event: 43.366 Thread 0x0000000026dee000 DEOPT UNPACKING pc=0x000000000344556a sp=0x0000000027a7ea60 mode 2
Event: 43.366 Thread 0x0000000026dee000 Uncommon trap: trap_request=0xffffffc6 fr.pc=0x0000000003fe4df4
Event: 43.366 Thread 0x0000000026dee000 DEOPT PACKING pc=0x0000000003fe4df4 sp=0x0000000027a7eb10
Event: 43.366 Thread 0x0000000026dee000 DEOPT UNPACKING pc=0x000000000344556a sp=0x0000000027a7ea50 mode 2
Event: 43.645 Executing VM operation: ParallelGCFailedAllocation
Event: 48.326 Executing VM operation: ParallelGCFailedAllocation done


Dynamic libraries:
0x00007ff7d3eb0000 - 0x00007ff7d3ee4000 	C:\Program Files\Java\jdk1.8.0_20\bin\java.exe
0x00007ff9b0c20000 - 0x00007ff9b0df1000 	C:\WINDOWS\SYSTEM32\ntdll.dll
0x00007ff9b0060000 - 0x00007ff9b010b000 	C:\WINDOWS\System32\KERNEL32.DLL
0x00007ff9adb20000 - 0x00007ff9add3d000 	C:\WINDOWS\System32\KERNELBASE.dll
0x00007ff9b0210000 - 0x00007ff9b02b2000 	C:\WINDOWS\System32\ADVAPI32.dll
0x00007ff9affc0000 - 0x00007ff9b005e000 	C:\WINDOWS\System32\msvcrt.dll
0x00007ff9b0bc0000 - 0x00007ff9b0c19000 	C:\WINDOWS\System32\sechost.dll
0x00007ff9b0970000 - 0x00007ff9b0a91000 	C:\WINDOWS\System32\RPCRT4.dll
0x00007ff9b07f0000 - 0x00007ff9b0955000 	C:\WINDOWS\System32\USER32.dll
0x00007ff9ad300000 - 0x00007ff9ad31e000 	C:\WINDOWS\System32\win32u.dll
0x00007ff9b02c0000 - 0x00007ff9b02f4000 	C:\WINDOWS\System32\GDI32.dll
0x00007ff9adda0000 - 0x00007ff9adf22000 	C:\WINDOWS\System32\gdi32full.dll
0x00007ff9a7ae0000 - 0x00007ff9a7d5a000 	C:\WINDOWS\WinSxS\amd64_microsoft.windows.common-controls_6595b64144ccf1df_6.0.14393.351_none_4213128bc687e6d3\COMCTL32.dll
0x00007ff9b03c0000 - 0x00007ff9b0687000 	C:\WINDOWS\System32\combase.dll
0x00007ff9ad1b0000 - 0x00007ff9ad2a5000 	C:\WINDOWS\System32\ucrtbase.dll
0x00007ff9ad320000 - 0x00007ff9ad38a000 	C:\WINDOWS\System32\bcryptPrimitives.dll
0x00007ff9ae370000 - 0x00007ff9ae39e000 	C:\WINDOWS\System32\IMM32.DLL
0x0000000054c30000 - 0x0000000054d02000 	C:\Program Files\Java\jdk1.8.0_20\jre\bin\msvcr100.dll
0x0000000053840000 - 0x0000000054098000 	C:\Program Files\Java\jdk1.8.0_20\jre\bin\server\jvm.dll
0x00007ff9b0960000 - 0x00007ff9b0968000 	C:\WINDOWS\System32\PSAPI.DLL
0x00007ff9ab2a0000 - 0x00007ff9ab2c3000 	C:\WINDOWS\SYSTEM32\WINMM.dll
0x00007ff9a2eb0000 - 0x00007ff9a2eb9000 	C:\WINDOWS\SYSTEM32\WSOCK32.dll
0x00007ff9aea40000 - 0x00007ff9aeaaa000 	C:\WINDOWS\System32\WS2_32.dll
0x00007ff9ab270000 - 0x00007ff9ab29b000 	C:\WINDOWS\SYSTEM32\WINMMBASE.dll
0x00007ff9ad2b0000 - 0x00007ff9ad2f2000 	C:\WINDOWS\System32\cfgmgr32.dll
0x00000000550b0000 - 0x00000000550bf000 	C:\Program Files\Java\jdk1.8.0_20\jre\bin\verify.dll
0x0000000055080000 - 0x00000000550a8000 	C:\Program Files\Java\jdk1.8.0_20\jre\bin\java.dll
0x0000000055060000 - 0x0000000055076000 	C:\Program Files\Java\jdk1.8.0_20\jre\bin\zip.dll
0x00007ff9aeab0000 - 0x00007ff9affb9000 	C:\WINDOWS\System32\SHELL32.dll
0x00007ff9ad440000 - 0x00007ff9adb1a000 	C:\WINDOWS\System32\windows.storage.dll
0x00007ff9ad0b0000 - 0x00007ff9ad0fc000 	C:\WINDOWS\System32\powrprof.dll
0x00007ff9ae970000 - 0x00007ff9ae9c2000 	C:\WINDOWS\System32\shlwapi.dll
0x00007ff9ad0a0000 - 0x00007ff9ad0af000 	C:\WINDOWS\System32\kernel.appcore.dll
0x00007ff9adf30000 - 0x00007ff9adfd9000 	C:\WINDOWS\System32\shcore.dll
0x00007ff9ad080000 - 0x00007ff9ad094000 	C:\WINDOWS\System32\profapi.dll
0x00007ff9a64b0000 - 0x00007ff9a6642000 	C:\WINDOWS\SYSTEM32\dbghelp.dll

VM Arguments:
jvm_args: -Djava.awt.headless=true -Xmx50g -Dfile.encoding=windows-1251 -Duser.country=RU -Duser.language=ru -Duser.variant 
java_command: com.android.dx.command.Main --dex --num-threads=4 --multi-dex --main-dex-list C:\Users\User\Documents\GitHub\iCRM\iCRM\app\build\intermediates\multi-dex\debug\maindexlist.txt --output C:\Users\User\Documents\GitHub\iCRM\iCRM\app\build\intermediates\transforms\dex\debug\folders\1000\1f\main C:\Users\User\Documents\GitHub\iCRM\iCRM\app\build\intermediates\transforms\jarMerging\debug\jars\1\1f\combined.jar
java_class_path (initial): C:\Users\User\AppData\Local\Android\sdk\build-tools\23.0.3\lib\dx.jar
Launcher Type: SUN_STANDARD

Environment Variables:
PATH=C:\ProgramData\Oracle\Java\javapath;C:\Program Files\Broadcom\Broadcom 802.11 Network Adapter;C:\Program Files (x86)\NVIDIA Corporation\PhysX\Common;C:\Program Files (x86)\Intel\iCLS Client\;C:\Program Files\Intel\iCLS Client\;C:\Windows\system32;C:\Windows;C:\Windows\System32\Wbem;C:\Windows\System32\WindowsPowerShell\v1.0\;C:\Program Files\Intel\Intel(R) Management Engine Components\DAL;C:\Program Files\Intel\Intel(R) Management Engine Components\IPT;C:\Program Files (x86)\Intel\Intel(R) Management Engine Components\DAL;C:\Program Files (x86)\Intel\Intel(R) Management Engine Components\IPT;C:\Program Files\WIDCOMM\Bluetooth Software\;C:\Program Files\WIDCOMM\Bluetooth Software\syswow64;C:\Program Files\Acer\Remote Files\;C:\Program Files (x86)\Skype\Phone\;C:\Program Files\OpenVPN\bin;C:\WINDOWS\system32;C:\WINDOWS;C:\WINDOWS\System32\Wbem;C:\WINDOWS\System32\WindowsPowerShell\v1.0\;C:\Users\User\AppData\Local\Microsoft\WindowsApps;
USERNAME=User
OS=Windows_NT
PROCESSOR_IDENTIFIER=Intel64 Family 6 Model 69 Stepping 1, GenuineIntel



---------------  S Y S T E M  ---------------

OS: Windows 8.1 , 64 bit Build 9600 

CPU:total 4 (2 cores per cpu, 2 threads per core) family 6 model 69 stepping 1, cmov, cx8, fxsr, mmx, sse, sse2, sse3, ssse3, sse4.1, sse4.2, popcnt, avx, avx2, aes, clmul, erms, lzcnt, ht, tsc, tscinvbit, bmi1, bmi2

Memory: 4k page, physical 8310040k(504500k free), swap 12406040k(5520k free)

vm_info: Java HotSpot(TM) 64-Bit Server VM (25.20-b23) for windows-amd64 JRE (1.8.0_20-b26), built on Jul 30 2014 13:51:23 by "java_re" with MS VC++ 10.0 (VS2010)

time: Wed Nov 02 21:09:29 2016
elapsed time: 48 seconds (0d 0h 0m 48s)

