#
# There is insufficient memory for the Java Runtime Environment to continue.
# Native memory allocation (malloc) failed to allocate 32784 bytes for Chunk::new
# Possible reasons:
#   The system is out of physical RAM or swap space
#   In 32 bit mode, the process size limit was hit
# Possible solutions:
#   Reduce memory load on the system
#   Increase physical memory or swap space
#   Check if swap backing store is full
#   Use 64 bit Java on a 64 bit OS
#   Decrease Java heap size (-Xmx/-Xms)
#   Decrease number of Java threads
#   Decrease Java thread stack sizes (-Xss)
#   Set larger code cache with -XX:ReservedCodeCacheSize=
# This output file may be truncated or incomplete.
#
#  Out of Memory Error (allocation.cpp:390), pid=3400, tid=0x0000000000000548
#
# JRE version: OpenJDK Runtime Environment (8.0_112-b06) (build 1.8.0_112-release-b06)
# Java VM: OpenJDK 64-Bit Server VM (25.112-b06 mixed mode windows-amd64 )
# Failed to write core dump. Minidumps are not enabled by default on client versions of Windows
#

---------------  T H R E A D  ---------------

Current thread (0x000000002385d800):  JavaThread "C2 CompilerThread0" daemon [_thread_in_native, id=1352, stack(0x0000000024ea0000,0x0000000024fa0000)]

Stack: [0x0000000024ea0000,0x0000000024fa0000]
[error occurred during error reporting (printing stack bounds), id 0xc0000005]

Native frames: (J=compiled Java code, j=interpreted, Vv=VM code, C=native code)


Current CompileTask:
C2:   3146 1413   !   4       com.android.dx.cf.code.BytecodeArray::parseInstruction (2764 bytes)


---------------  P R O C E S S  ---------------

Java Threads: ( => current thread )
  0x00000000253e8800 JavaThread "pool-2-thread-4" [_thread_blocked, id=15600, stack(0x0000000025ba0000,0x0000000025ca0000)]
  0x00000000253e8000 JavaThread "pool-2-thread-3" [_thread_blocked, id=1404, stack(0x0000000025aa0000,0x0000000025ba0000)]
  0x000000002542f800 JavaThread "pool-2-thread-2" [_thread_blocked, id=9424, stack(0x00000000259a0000,0x0000000025aa0000)]
  0x000000002542a000 JavaThread "pool-3-thread-1" [_thread_blocked, id=14748, stack(0x00000000258a0000,0x00000000259a0000)]
  0x0000000025429800 JavaThread "pool-2-thread-1" [_thread_blocked, id=16080, stack(0x00000000257a0000,0x00000000258a0000)]
  0x00000000251ba800 JavaThread "Service Thread" daemon [_thread_blocked, id=10140, stack(0x00000000255a0000,0x00000000256a0000)]
  0x00000000238b4800 JavaThread "C1 CompilerThread2" daemon [_thread_blocked, id=13328, stack(0x00000000250a0000,0x00000000251a0000)]
  0x000000002385f800 JavaThread "C2 CompilerThread1" daemon [_thread_in_native, id=272, stack(0x0000000024fa0000,0x00000000250a0000)]
=>0x000000002385d800 JavaThread "C2 CompilerThread0" daemon [_thread_in_native, id=1352, stack(0x0000000024ea0000,0x0000000024fa0000)]
  0x000000002385c000 JavaThread "Attach Listener" daemon [_thread_blocked, id=12680, stack(0x0000000024da0000,0x0000000024ea0000)]
  0x000000002385b000 JavaThread "Signal Dispatcher" daemon [_thread_blocked, id=7620, stack(0x0000000024ca0000,0x0000000024da0000)]
  0x00000000013e5800 JavaThread "Finalizer" daemon [_thread_blocked, id=12316, stack(0x0000000024ab0000,0x0000000024bb0000)]
  0x00000000013e0000 JavaThread "Reference Handler" daemon [_thread_blocked, id=10384, stack(0x00000000249b0000,0x0000000024ab0000)]
  0x00000000012f0800 JavaThread "main" [_thread_blocked, id=3884, stack(0x00000000011f0000,0x00000000012f0000)]

Other Threads:
  0x0000000023824800 VMThread [stack: 0x00000000248b0000,0x00000000249b0000] [id=15760]
  0x00000000251bc800 WatcherThread [stack: 0x00000000256a0000,0x00000000257a0000] [id=8452]

VM state:not at safepoint (normal execution)

VM Mutex/Monitor currently owned by a thread: None

Heap:
 PSYoungGen      total 38400K, used 6902K [0x00000008d5580000, 0x00000008d8000000, 0x0000000d00000000)
  eden space 33280K, 5% used [0x00000008d5580000,0x00000008d5743f10,0x00000008d7600000)
  from space 5120K, 99% used [0x00000008d7b00000,0x00000008d7ff9c90,0x00000008d8000000)
  to   space 5120K, 0% used [0x00000008d7600000,0x00000008d7600000,0x00000008d7b00000)
 ParOldGen       total 87552K, used 6471K [0x0000000080000000, 0x0000000085580000, 0x00000008d5580000)
  object space 87552K, 7% used [0x0000000080000000,0x0000000080651d98,0x0000000085580000)
 Metaspace       used 6022K, capacity 6600K, committed 6656K, reserved 8192K

Card table byte_map: [0x0000000012400000,0x0000000018810000] byte_map_base: 0x0000000012000000

Marking Bits: (ParMarkBitMap*) 0x0000000066d518f0
 Begin Bits: [0x0000000d00000000, 0x0000000d32000000)
 End Bits:   [0x0000000d32000000, 0x0000000d64000000)

Polling page: 0x0000000000a30000

CodeCache: size=245760Kb used=5812Kb max_used=5817Kb free=239947Kb
 bounds [0x0000000003400000, 0x00000000039c0000, 0x0000000012400000]
 total_blobs=1677 nmethods=1409 adapters=181
 compilation: enabled

Compilation events (10 events):
Event: 2.972 Thread 0x000000002385d800 nmethod 1303 0x00000000039af2d0 code [0x00000000039af480, 0x00000000039afad8]
Event: 2.972 Thread 0x000000002385d800 1302       4       com.android.dx.ssa.SsaMethod::bitSetFromLabelList (47 bytes)
Event: 2.982 Thread 0x000000002385d800 nmethod 1302 0x00000000039a0510 code [0x00000000039a0680, 0x00000000039a0b08]
Event: 2.982 Thread 0x000000002385d800 1363       4       com.android.dx.ssa.SsaMethod::computeReachability (131 bytes)
Event: 3.025 Thread 0x000000002385d800 nmethod 1363 0x00000000039b2d90 code [0x00000000039b2f40, 0x00000000039b3d98]
Event: 3.025 Thread 0x000000002385d800 1264       4       com.android.dx.ssa.SsaMethod$1::visitNonMoveInsn (26 bytes)
Event: 3.027 Thread 0x000000002385d800 nmethod 1264 0x00000000039a0150 code [0x00000000039a02a0, 0x00000000039a0398]
Event: 3.104 Thread 0x000000002385d800 1413   !   4       com.android.dx.cf.code.BytecodeArray::parseInstruction (2764 bytes)
Event: 3.106 Thread 0x00000000238b4800 1419       3       com.android.dx.cf.code.OneLocalsArray::makeInitialized (55 bytes)
Event: 3.107 Thread 0x00000000238b4800 nmethod 1419 0x00000000039b2210 code [0x00000000039b23c0, 0x00000000039b2a58]

GC Heap History (4 events):
Event: 2.265 GC heap before
{Heap before GC invocations=1 (full 0):
 PSYoungGen      total 38400K, used 33280K [0x00000008d5580000, 0x00000008d8000000, 0x0000000d00000000)
  eden space 33280K, 100% used [0x00000008d5580000,0x00000008d7600000,0x00000008d7600000)
  from space 5120K, 0% used [0x00000008d7b00000,0x00000008d7b00000,0x00000008d8000000)
  to   space 5120K, 0% used [0x00000008d7600000,0x00000008d7600000,0x00000008d7b00000)
 ParOldGen       total 87552K, used 0K [0x0000000080000000, 0x0000000085580000, 0x00000008d5580000)
  object space 87552K, 0% used [0x0000000080000000,0x0000000080000000,0x0000000085580000)
 Metaspace       used 5870K, capacity 6472K, committed 6656K, reserved 8192K
Event: 2.275 GC heap after
Heap after GC invocations=1 (full 0):
 PSYoungGen      total 38400K, used 5098K [0x00000008d5580000, 0x00000008d8000000, 0x0000000d00000000)
  eden space 33280K, 0% used [0x00000008d5580000,0x00000008d5580000,0x00000008d7600000)
  from space 5120K, 99% used [0x00000008d7600000,0x00000008d7afaae0,0x00000008d7b00000)
  to   space 5120K, 0% used [0x00000008d7b00000,0x00000008d7b00000,0x00000008d8000000)
 ParOldGen       total 87552K, used 1755K [0x0000000080000000, 0x0000000085580000, 0x00000008d5580000)
  object space 87552K, 2% used [0x0000000080000000,0x00000000801b6ef0,0x0000000085580000)
 Metaspace       used 5870K, capacity 6472K, committed 6656K, reserved 8192K
}
Event: 2.885 GC heap before
{Heap before GC invocations=2 (full 0):
 PSYoungGen      total 38400K, used 38378K [0x00000008d5580000, 0x00000008d8000000, 0x0000000d00000000)
  eden space 33280K, 100% used [0x00000008d5580000,0x00000008d7600000,0x00000008d7600000)
  from space 5120K, 99% used [0x00000008d7600000,0x00000008d7afaae0,0x00000008d7b00000)
  to   space 5120K, 0% used [0x00000008d7b00000,0x00000008d7b00000,0x00000008d8000000)
 ParOldGen       total 87552K, used 1755K [0x0000000080000000, 0x0000000085580000, 0x00000008d5580000)
  object space 87552K, 2% used [0x0000000080000000,0x00000000801b6ef0,0x0000000085580000)
 Metaspace       used 6018K, capacity 6600K, committed 6656K, reserved 8192K
Event: 2.899 GC heap after
Heap after GC invocations=2 (full 0):
 PSYoungGen      total 38400K, used 5095K [0x00000008d5580000, 0x00000008d8000000, 0x0000000d00000000)
  eden space 33280K, 0% used [0x00000008d5580000,0x00000008d5580000,0x00000008d7600000)
  from space 5120K, 99% used [0x00000008d7b00000,0x00000008d7ff9c90,0x00000008d8000000)
  to   space 5120K, 0% used [0x00000008d7600000,0x00000008d7600000,0x00000008d7b00000)
 ParOldGen       total 87552K, used 6471K [0x0000000080000000, 0x0000000085580000, 0x00000008d5580000)
  object space 87552K, 7% used [0x0000000080000000,0x0000000080651d98,0x0000000085580000)
 Metaspace       used 6018K, capacity 6600K, committed 6656K, reserved 8192K
}

Deoptimization events (10 events):
Event: 1.742 Thread 0x00000000253e8000 Uncommon trap: reason=class_check action=maybe_recompile pc=0x00000000036735a0 method=com.android.dx.ssa.NormalSsaInsn.accept(Lcom/android/dx/ssa/SsaInsn$Visitor;)V @ 9
Event: 1.742 Thread 0x00000000253e8000 Uncommon trap: reason=class_check action=maybe_recompile pc=0x0000000003663cb0 method=com.android.dx.ssa.NormalSsaInsn.accept(Lcom/android/dx/ssa/SsaInsn$Visitor;)V @ 9
Event: 1.742 Thread 0x00000000253e8000 Uncommon trap: reason=class_check action=maybe_recompile pc=0x0000000003663cb0 method=com.android.dx.ssa.NormalSsaInsn.accept(Lcom/android/dx/ssa/SsaInsn$Visitor;)V @ 9
Event: 2.297 Thread 0x000000002542f800 Uncommon trap: reason=bimorphic action=maybe_recompile pc=0x0000000003642974 method=java.util.HashMap.getNode(ILjava/lang/Object;)Ljava/util/HashMap$Node; @ 126
Event: 2.420 Thread 0x00000000253e8000 Uncommon trap: reason=bimorphic action=maybe_recompile pc=0x0000000003642974 method=java.util.HashMap.getNode(ILjava/lang/Object;)Ljava/util/HashMap$Node; @ 126
Event: 2.712 Thread 0x000000002542f800 Uncommon trap: reason=unstable_if action=reinterpret pc=0x00000000038d77f0 method=com.android.dx.cf.code.BytecodeArray.parseInstruction(ILcom/android/dx/cf/code/BytecodeArray$Visitor;)I @ 1198
Event: 2.723 Thread 0x000000002542f800 Uncommon trap: reason=unstable_if action=reinterpret pc=0x000000000388e8d0 method=com.android.dx.ssa.SCCP.simulateStmt(Lcom/android/dx/ssa/SsaInsn;)V @ 59
Event: 2.729 Thread 0x00000000012f0800 Uncommon trap: reason=class_check action=maybe_recompile pc=0x00000000036735a0 method=com.android.dx.ssa.NormalSsaInsn.accept(Lcom/android/dx/ssa/SsaInsn$Visitor;)V @ 9
Event: 2.729 Thread 0x00000000012f0800 Uncommon trap: reason=class_check action=maybe_recompile pc=0x0000000003663cb0 method=com.android.dx.ssa.NormalSsaInsn.accept(Lcom/android/dx/ssa/SsaInsn$Visitor;)V @ 9
Event: 2.800 Thread 0x0000000025429800 Uncommon trap: reason=unstable_if action=reinterpret pc=0x00000000037ad16c method=com.android.dx.util.IntList.binarysearch(I)I @ 105

Internal exceptions (2 events):
Event: 0.061 Thread 0x00000000012f0800 Exception <a 'java/lang/NoSuchMethodError': Method sun.misc.Unsafe.defineClass(Ljava/lang/String;[BII)Ljava/lang/Class; name or signature does not match> (0x00000008d558b8b8) thrown at [C:\src\android\AOSP-openjdk\external\jetbrains\jdk\hotspot\src\share\v«–¥F_Ø?
Event: 0.061 Thread 0x00000000012f0800 Exception <a 'java/lang/NoSuchMethodError': Method sun.misc.Unsafe.prefetchRead(Ljava/lang/Object;J)V name or signature does not match> (0x00000008d558bc80) thrown at [C:\src\android\AOSP-openjdk\external\jetbrains\jdk\hotspot\src\share\vm\prims\jni.cpp, l

Events (10 events):
Event: 2.729 Thread 0x00000000012f0800 Uncommon trap: trap_request=0xffffffde fr.pc=0x0000000003663cb0
Event: 2.729 Thread 0x00000000012f0800 DEOPT PACKING pc=0x0000000003663cb0 sp=0x00000000012ee570
Event: 2.729 Thread 0x00000000012f0800 DEOPT UNPACKING pc=0x000000000344556a sp=0x00000000012ee540 mode 2
Event: 2.777 Thread 0x00000000012f0800 DEOPT PACKING pc=0x000000000375c0bb sp=0x00000000012ee570
Event: 2.777 Thread 0x00000000012f0800 DEOPT UNPACKING pc=0x00000000034475bf sp=0x00000000012ee338 mode 0
Event: 2.800 Thread 0x0000000025429800 Uncommon trap: trap_request=0xffffff65 fr.pc=0x00000000037ad16c
Event: 2.800 Thread 0x0000000025429800 DEOPT PACKING pc=0x00000000037ad16c sp=0x000000002589eae0
Event: 2.800 Thread 0x0000000025429800 DEOPT UNPACKING pc=0x000000000344556a sp=0x000000002589ea58 mode 2
Event: 2.885 Executing VM operation: ParallelGCFailedAllocation
Event: 2.899 Executing VM operation: ParallelGCFailedAllocation done


Dynamic libraries:
0x00007ff79e7b0000 - 0x00007ff79e7e1000 	C:\Program Files\Android\Android Studio\jre\bin\java.exe
0x00007fff75380000 - 0x00007fff75551000 	C:\WINDOWS\SYSTEM32\ntdll.dll
0x00007fff73760000 - 0x00007fff7380b000 	C:\WINDOWS\System32\KERNEL32.DLL
0x00007fff71c60000 - 0x00007fff71e7d000 	C:\WINDOWS\System32\KERNELBASE.dll
0x00007fff72a80000 - 0x00007fff72b22000 	C:\WINDOWS\System32\ADVAPI32.dll
0x00007fff73120000 - 0x00007fff731be000 	C:\WINDOWS\System32\msvcrt.dll
0x00007fff73840000 - 0x00007fff73899000 	C:\WINDOWS\System32\sechost.dll
0x00007fff72b30000 - 0x00007fff72c51000 	C:\WINDOWS\System32\RPCRT4.dll
0x00007fff72910000 - 0x00007fff72a75000 	C:\WINDOWS\System32\USER32.dll
0x00007fff71ac0000 - 0x00007fff71ade000 	C:\WINDOWS\System32\win32u.dll
0x00007fff72d00000 - 0x00007fff72d34000 	C:\WINDOWS\System32\GDI32.dll
0x00007fff71e80000 - 0x00007fff72002000 	C:\WINDOWS\System32\gdi32full.dll
0x00007fff66140000 - 0x00007fff663ba000 	C:\WINDOWS\WinSxS\amd64_microsoft.windows.common-controls_6595b64144ccf1df_6.0.14393.953_none_42151e83c686086b\COMCTL32.dll
0x00007fff73390000 - 0x00007fff73658000 	C:\WINDOWS\System32\combase.dll
0x00007fff71910000 - 0x00007fff71a05000 	C:\WINDOWS\System32\ucrtbase.dll
0x00007fff71b90000 - 0x00007fff71bfa000 	C:\WINDOWS\System32\bcryptPrimitives.dll
0x00007fff73810000 - 0x00007fff7383e000 	C:\WINDOWS\System32\IMM32.DLL
0x00000000663d0000 - 0x00000000664a2000 	C:\Program Files\Android\Android Studio\jre\jre\bin\msvcr100.dll
0x0000000066590000 - 0x0000000066dcc000 	C:\Program Files\Android\Android Studio\jre\jre\bin\server\jvm.dll
0x00007fff730f0000 - 0x00007fff730f8000 	C:\WINDOWS\System32\PSAPI.DLL
0x00007fff665f0000 - 0x00007fff665f9000 	C:\WINDOWS\SYSTEM32\WSOCK32.dll
0x00007fff6f720000 - 0x00007fff6f743000 	C:\WINDOWS\SYSTEM32\WINMM.dll
0x00007fff72d40000 - 0x00007fff72daa000 	C:\WINDOWS\System32\WS2_32.dll
0x00007fff648a0000 - 0x00007fff648aa000 	C:\WINDOWS\SYSTEM32\VERSION.dll
0x00007fff6f6c0000 - 0x00007fff6f6eb000 	C:\WINDOWS\SYSTEM32\WINMMBASE.dll
0x00007fff72010000 - 0x00007fff72052000 	C:\WINDOWS\System32\cfgmgr32.dll
0x00007fff68020000 - 0x00007fff6802f000 	C:\Program Files\Android\Android Studio\jre\jre\bin\verify.dll
0x00007fff66ae0000 - 0x00007fff66b09000 	C:\Program Files\Android\Android Studio\jre\jre\bin\java.dll
0x00007fff66ac0000 - 0x00007fff66ad6000 	C:\Program Files\Android\Android Studio\jre\jre\bin\zip.dll
0x00007fff73a40000 - 0x00007fff74f48000 	C:\WINDOWS\System32\SHELL32.dll
0x00007fff72230000 - 0x00007fff7290a000 	C:\WINDOWS\System32\windows.storage.dll
0x00007fff717f0000 - 0x00007fff7183c000 	C:\WINDOWS\System32\powrprof.dll
0x00007fff72e20000 - 0x00007fff72e72000 	C:\WINDOWS\System32\shlwapi.dll
0x00007fff717e0000 - 0x00007fff717ef000 	C:\WINDOWS\System32\kernel.appcore.dll
0x00007fff71a10000 - 0x00007fff71ab9000 	C:\WINDOWS\System32\shcore.dll
0x00007fff71850000 - 0x00007fff71864000 	C:\WINDOWS\System32\profapi.dll

VM Arguments:
jvm_args: -Djava.awt.headless=true -Xmx50g -Dfile.encoding=windows-1251 -Duser.country=RU -Duser.language=ru -Duser.variant 
java_command: com.android.dx.command.Main --dex --num-threads=4 --multi-dex --output C:\Users\User\Documents\GitHub\iCRM\iCRM\app\build\intermediates\transforms\dex\debug\folders\1000\10\classes_eefa6fd584a397e67c08b92c13fc28af22fbd20d C:\Users\User\.android\build-cache\8f6b96e6ef493f4ec4df425ec8e57eb9ef8227d4\output\jars\classes.jar
java_class_path (initial): C:\Users\User\AppData\Local\Android\sdk\build-tools\25.0.2\lib\dx.jar
Launcher Type: SUN_STANDARD

Environment Variables:
PATH=C:\ProgramData\Oracle\Java\javapath;C:\Program Files\Broadcom\Broadcom 802.11 Network Adapter;C:\Program Files (x86)\NVIDIA Corporation\PhysX\Common;C:\Program Files (x86)\Intel\iCLS Client\;C:\Program Files\Intel\iCLS Client\;C:\Windows\system32;C:\Windows;C:\Windows\System32\Wbem;C:\Windows\System32\WindowsPowerShell\v1.0\;C:\Program Files\Intel\Intel(R) Management Engine Components\DAL;C:\Program Files\Intel\Intel(R) Management Engine Components\IPT;C:\Program Files (x86)\Intel\Intel(R) Management Engine Components\DAL;C:\Program Files (x86)\Intel\Intel(R) Management Engine Components\IPT;C:\Program Files\WIDCOMM\Bluetooth Software\;C:\Program Files\WIDCOMM\Bluetooth Software\syswow64;C:\Program Files\Acer\Remote Files\;C:\Program Files\OpenVPN\bin;C:\WINDOWS\system32;C:\WINDOWS;C:\WINDOWS\System32\Wbem;C:\WINDOWS\System32\WindowsPowerShell\v1.0\;C:\Users\User\AppData\Local\Microsoft\WindowsApps;
USERNAME=User
OS=Windows_NT
PROCESSOR_IDENTIFIER=Intel64 Family 6 Model 69 Stepping 1, GenuineIntel



---------------  S Y S T E M  ---------------

OS: Windows 10.0 , 64 bit Build 14393 (10.0.14393.0)

CPU:total 4 (2 cores per cpu, 2 threads per core) family 6 model 69 stepping 1, cmov, cx8, fxsr, mmx, sse, sse2, sse3, ssse3, sse4.1, sse4.2, popcnt, avx, avx2, aes, clmul, erms, lzcnt, ht, tsc, tscinvbit, bmi1, bmi2

Memory: 4k page, physical 8310040k(3810772k free), swap 12406040k(10476k free)

vm_info: OpenJDK 64-Bit Server VM (25.112-b06) for windows-amd64 JRE (1.8.0_112-release-b06), built on Dec  8 2016 00:54:26 by "builder" with MS VC++ 10.0 (VS2010)

time: Thu Apr 27 12:58:44 2017
elapsed time: 3 seconds (0d 0h 0m 3s)

