#
# There is insufficient memory for the Java Runtime Environment to continue.
# Native memory allocation (malloc) failed to allocate 1560816 bytes for Chunk::new
# Possible reasons:
#   The system is out of physical RAM or swap space
#   In 32 bit mode, the process size limit was hit
# Possible solutions:
#   Reduce memory load on the system
#   Increase physical memory or swap space
#   Check if swap backing store is full
#   Use 64 bit Java on a 64 bit OS
#   Decrease Java heap size (-Xmx/-Xms)
#   Decrease number of Java threads
#   Decrease Java thread stack sizes (-Xss)
#   Set larger code cache with -XX:ReservedCodeCacheSize=
# This output file may be truncated or incomplete.
#
#  Out of Memory Error (allocation.cpp:390), pid=7588, tid=11312
#
# JRE version: Java(TM) SE Runtime Environment (8.0_20-b26) (build 1.8.0_20-b26)
# Java VM: Java HotSpot(TM) 64-Bit Server VM (25.20-b23 mixed mode windows-amd64 )
# Failed to write core dump. Minidumps are not enabled by default on client versions of Windows
#

---------------  T H R E A D  ---------------

Current thread (0x0000000023c4c000):  JavaThread "C2 CompilerThread0" daemon [_thread_in_native, id=11312, stack(0x00000000251a0000,0x00000000252a0000)]

Stack: [0x00000000251a0000,0x00000000252a0000]
Native frames: (J=compiled Java code, j=interpreted, Vv=VM code, C=native code)
V  [jvm.dll+0x3152fa]
V  [jvm.dll+0x265d03]
V  [jvm.dll+0x266943]
V  [jvm.dll+0x25e265]
V  [jvm.dll+0xbe255]
V  [jvm.dll+0xbe6fc]
V  [jvm.dll+0x45c472]
V  [jvm.dll+0x49d76f]
V  [jvm.dll+0x451045]
V  [jvm.dll+0x452634]
V  [jvm.dll+0x435fc2]
V  [jvm.dll+0x97b62]
V  [jvm.dll+0x98353]
V  [jvm.dll+0x22aac4]
V  [jvm.dll+0x283f5a]
C  [msvcr100.dll+0x21d9f]
C  [msvcr100.dll+0x21e3b]
C  [KERNEL32.DLL+0x8364]
C  [ntdll.dll+0x65e91]


Current CompileTask:
C2:  35119 3150       4       com.android.dx.dex.file.ClassDataItem::addContents (207 bytes)


---------------  P R O C E S S  ---------------

Java Threads: ( => current thread )
  0x0000000025fe7800 JavaThread "pool-1-thread-1" [_thread_in_Java, id=8120, stack(0x0000000027770000,0x0000000027870000)]
  0x0000000025c84000 JavaThread "pool-2-thread-4" [_thread_in_Java, id=9844, stack(0x0000000027670000,0x0000000027770000)]
  0x0000000025d34800 JavaThread "pool-2-thread-3" [_thread_in_Java, id=11808, stack(0x0000000027570000,0x0000000027670000)]
  0x0000000025d34000 JavaThread "pool-2-thread-2" [_thread_in_Java, id=11784, stack(0x0000000027470000,0x0000000027570000)]
  0x00000000257df000 JavaThread "pool-3-thread-1" [_thread_blocked, id=3904, stack(0x0000000027370000,0x0000000027470000)]
  0x00000000257de000 JavaThread "pool-2-thread-1" [_thread_blocked, id=12256, stack(0x0000000027270000,0x0000000027370000)]
  0x00000000254cc800 JavaThread "Service Thread" daemon [_thread_blocked, id=6580, stack(0x00000000258a0000,0x00000000259a0000)]
  0x0000000023c55000 JavaThread "C1 CompilerThread2" daemon [_thread_blocked, id=6092, stack(0x00000000253a0000,0x00000000254a0000)]
  0x0000000023c4e800 JavaThread "C2 CompilerThread1" daemon [_thread_in_native, id=5560, stack(0x00000000252a0000,0x00000000253a0000)]
=>0x0000000023c4c000 JavaThread "C2 CompilerThread0" daemon [_thread_in_native, id=11312, stack(0x00000000251a0000,0x00000000252a0000)]
  0x0000000023c4a800 JavaThread "Attach Listener" daemon [_thread_blocked, id=4308, stack(0x00000000250a0000,0x00000000251a0000)]
  0x0000000023c49800 JavaThread "Signal Dispatcher" daemon [_thread_blocked, id=12112, stack(0x0000000024fa0000,0x00000000250a0000)]
  0x0000000001756000 JavaThread "Finalizer" daemon [_thread_blocked, id=4008, stack(0x0000000024ea0000,0x0000000024fa0000)]
  0x000000000174d000 JavaThread "Reference Handler" daemon [_thread_blocked, id=8172, stack(0x0000000024da0000,0x0000000024ea0000)]
  0x0000000001662800 JavaThread "main" [_thread_in_vm, id=396, stack(0x0000000001560000,0x0000000001660000)]

Other Threads:
  0x0000000023c15800 VMThread [stack: 0x0000000024ca0000,0x0000000024da0000] [id=8320]
  0x00000000254d2800 WatcherThread [stack: 0x00000000259a0000,0x0000000025aa0000] [id=8016]

VM state:not at safepoint (normal execution)

VM Mutex/Monitor currently owned by a thread: None

Heap:
 PSYoungGen      total 1193984K, used 978606K [0x00000008d5580000, 0x0000000945c00000, 0x0000000d00000000)
  eden space 781824K, 72% used [0x00000008d5580000,0x00000008f7eb3628,0x0000000905100000)
  from space 412160K, 99% used [0x0000000905100000,0x000000091e378450,0x000000091e380000)
  to   space 484352K, 0% used [0x0000000928300000,0x0000000928300000,0x0000000945c00000)
 ParOldGen       total 1181184K, used 911967K [0x0000000080000000, 0x00000000c8180000, 0x00000008d5580000)
  object space 1181184K, 77% used [0x0000000080000000,0x00000000b7a97cd8,0x00000000c8180000)
 Metaspace       used 6658K, capacity 6920K, committed 7168K, reserved 8192K

Card table byte_map: [0x0000000012400000,0x0000000018810000] byte_map_base: 0x0000000012000000

Marking Bits: (ParMarkBitMap*) 0x0000000053c3b460
 Begin Bits: [0x0000000d00000000, 0x0000000d32000000)
 End Bits:   [0x0000000d32000000, 0x0000000d64000000)

Polling page: 0x0000000000d70000

CodeCache: size=245760Kb used=11550Kb max_used=14303Kb free=234210Kb
 bounds [0x0000000003400000, 0x0000000004210000, 0x0000000012400000]
 total_blobs=2763 nmethods=2497 adapters=179
 compilation: enabled

Compilation events (10 events):
Event: 34.711 Thread 0x0000000023c55000 nmethod 3144 0x000000000383ef10 code [0x000000000383f340, 0x0000000003841b98]
Event: 34.712 Thread 0x0000000023c4c000 3146       4       java.util.ComparableTimSort::binarySort (223 bytes)
Event: 34.731 Thread 0x0000000023c4c000 nmethod 3146 0x0000000003af3450 code [0x0000000003af3600, 0x0000000003af4098]
Event: 34.802 Thread 0x0000000023c55000 3147 %     3       com.android.dx.ssa.SsaBasicBlock::scheduleUseBeforeAssigned @ 41 (389 bytes)
Event: 34.807 Thread 0x0000000023c55000 nmethod 3147% 0x00000000038bf510 code [0x00000000038bfb60, 0x00000000038c4208]
Event: 34.854 Thread 0x0000000023c55000 3148       3       java.util.ComparableTimSort::gallopRight (327 bytes)
Event: 34.855 Thread 0x0000000023c55000 nmethod 3148 0x0000000003bb5390 code [0x0000000003bb5580, 0x0000000003bb6038]
Event: 34.856 Thread 0x0000000023c55000 3149       3       java.util.ComparableTimSort::gallopLeft (327 bytes)
Event: 34.857 Thread 0x0000000023c55000 nmethod 3149 0x0000000003b3d610 code [0x0000000003b3d800, 0x0000000003b3e298]
Event: 34.857 Thread 0x0000000023c4c000 3150       4       com.android.dx.dex.file.ClassDataItem::addContents (207 bytes)

GC Heap History (10 events):
Event: 25.809 GC heap before
{Heap before GC invocations=20 (full 4):
 PSYoungGen      total 1016320K, used 1001637K [0x00000008d5580000, 0x0000000930380000, 0x0000000d00000000)
  eden space 760832K, 100% used [0x00000008d5580000,0x0000000903c80000,0x0000000903c80000)
  from space 255488K, 94% used [0x0000000903c80000,0x00000009127a96c8,0x0000000913600000)
  to   space 294912K, 0% used [0x000000091e380000,0x000000091e380000,0x0000000930380000)
 ParOldGen       total 794112K, used 510167K [0x0000000080000000, 0x00000000b0780000, 0x00000008d5580000)
  object space 794112K, 64% used [0x0000000080000000,0x000000009f235d98,0x00000000b0780000)
 Metaspace       used 6587K, capacity 6920K, committed 7168K, reserved 8192K
Event: 26.229 GC heap after
Heap after GC invocations=20 (full 4):
 PSYoungGen      total 1076736K, used 294900K [0x00000008d5580000, 0x000000093fb80000, 0x0000000d00000000)
  eden space 781824K, 0% used [0x00000008d5580000,0x00000008d5580000,0x0000000905100000)
  from space 294912K, 99% used [0x000000091e380000,0x000000093037d048,0x0000000930380000)
  to   space 412160K, 0% used [0x0000000905100000,0x0000000905100000,0x000000091e380000)
 ParOldGen       total 794112K, used 690001K [0x0000000080000000, 0x00000000b0780000, 0x00000008d5580000)
  object space 794112K, 86% used [0x0000000080000000,0x00000000aa1d4688,0x00000000b0780000)
 Metaspace       used 6587K, capacity 6920K, committed 7168K, reserved 8192K
}
Event: 26.229 GC heap before
{Heap before GC invocations=21 (full 5):
 PSYoungGen      total 1076736K, used 294900K [0x00000008d5580000, 0x000000093fb80000, 0x0000000d00000000)
  eden space 781824K, 0% used [0x00000008d5580000,0x00000008d5580000,0x0000000905100000)
  from space 294912K, 99% used [0x000000091e380000,0x000000093037d048,0x0000000930380000)
  to   space 412160K, 0% used [0x0000000905100000,0x0000000905100000,0x000000091e380000)
 ParOldGen       total 794112K, used 690001K [0x0000000080000000, 0x00000000b0780000, 0x00000008d5580000)
  object space 794112K, 86% used [0x0000000080000000,0x00000000aa1d4688,0x00000000b0780000)
 Metaspace       used 6587K, capacity 6920K, committed 7168K, reserved 8192K
Event: 29.258 GC heap after
Heap after GC invocations=21 (full 5):
 PSYoungGen      total 1076736K, used 180623K [0x00000008d5580000, 0x000000093fb80000, 0x0000000d00000000)
  eden space 781824K, 0% used [0x00000008d5580000,0x00000008d5580000,0x0000000905100000)
  from space 294912K, 61% used [0x000000091e380000,0x00000009293e3c40,0x0000000930380000)
  to   space 412160K, 0% used [0x0000000905100000,0x0000000905100000,0x000000091e380000)
 ParOldGen       total 1181184K, used 793823K [0x0000000080000000, 0x00000000c8180000, 0x00000008d5580000)
  object space 1181184K, 67% used [0x0000000080000000,0x00000000b0737db8,0x00000000c8180000)
 Metaspace       used 6587K, capacity 6920K, committed 7168K, reserved 8192K
}
Event: 30.750 GC heap before
{Heap before GC invocations=22 (full 5):
 PSYoungGen      total 1076736K, used 962447K [0x00000008d5580000, 0x000000093fb80000, 0x0000000d00000000)
  eden space 781824K, 100% used [0x00000008d5580000,0x0000000905100000,0x0000000905100000)
  from space 294912K, 61% used [0x000000091e380000,0x00000009293e3c40,0x0000000930380000)
  to   space 412160K, 0% used [0x0000000905100000,0x0000000905100000,0x000000091e380000)
 ParOldGen       total 1181184K, used 793823K [0x0000000080000000, 0x00000000c8180000, 0x00000008d5580000)
  object space 1181184K, 67% used [0x0000000080000000,0x00000000b0737db8,0x00000000c8180000)
 Metaspace       used 6587K, capacity 6920K, committed 7168K, reserved 8192K
Event: 31.173 GC heap after
Heap after GC invocations=22 (full 5):
 PSYoungGen      total 1193984K, used 410653K [0x00000008d5580000, 0x0000000945c00000, 0x0000000d00000000)
  eden space 781824K, 0% used [0x00000008d5580000,0x00000008d5580000,0x0000000905100000)
  from space 412160K, 99% used [0x0000000905100000,0x000000091e207680,0x000000091e380000)
  to   space 484352K, 0% used [0x0000000928300000,0x0000000928300000,0x0000000945c00000)
 ParOldGen       total 1181184K, used 824157K [0x0000000080000000, 0x00000000c8180000, 0x00000008d5580000)
  object space 1181184K, 69% used [0x0000000080000000,0x00000000b24d7510,0x00000000c8180000)
 Metaspace       used 6587K, capacity 6920K, committed 7168K, reserved 8192K
}
Event: 32.386 GC heap before
{Heap before GC invocations=23 (full 5):
 PSYoungGen      total 1193984K, used 1192477K [0x00000008d5580000, 0x0000000945c00000, 0x0000000d00000000)
  eden space 781824K, 100% used [0x00000008d5580000,0x0000000905100000,0x0000000905100000)
  from space 412160K, 99% used [0x0000000905100000,0x000000091e207680,0x000000091e380000)
  to   space 484352K, 0% used [0x0000000928300000,0x0000000928300000,0x0000000945c00000)
 ParOldGen       total 1181184K, used 824157K [0x0000000080000000, 0x00000000c8180000, 0x00000008d5580000)
  object space 1181184K, 69% used [0x0000000080000000,0x00000000b24d7510,0x00000000c8180000)
 Metaspace       used 6588K, capacity 6920K, committed 7168K, reserved 8192K
Event: 32.878 GC heap after
Heap after GC invocations=23 (full 5):
 PSYoungGen      total 1266176K, used 373918K [0x00000008d5580000, 0x0000000945c00000, 0x0000000d00000000)
  eden space 781824K, 0% used [0x00000008d5580000,0x00000008d5580000,0x0000000905100000)
  from space 484352K, 77% used [0x0000000928300000,0x000000093f027a28,0x0000000945c00000)
  to   space 412160K, 0% used [0x0000000905100000,0x0000000905100000,0x000000091e380000)
 ParOldGen       total 1181184K, used 824157K [0x0000000080000000, 0x00000000c8180000, 0x00000008d5580000)
  object space 1181184K, 69% used [0x0000000080000000,0x00000000b24d7510,0x00000000c8180000)
 Metaspace       used 6588K, capacity 6920K, committed 7168K, reserved 8192K
}
Event: 33.739 GC heap before
{Heap before GC invocations=24 (full 5):
 PSYoungGen      total 1266176K, used 1155742K [0x00000008d5580000, 0x0000000945c00000, 0x0000000d00000000)
  eden space 781824K, 100% used [0x00000008d5580000,0x0000000905100000,0x0000000905100000)
  from space 484352K, 77% used [0x0000000928300000,0x000000093f027a28,0x0000000945c00000)
  to   space 412160K, 0% used [0x0000000905100000,0x0000000905100000,0x000000091e380000)
 ParOldGen       total 1181184K, used 824157K [0x0000000080000000, 0x00000000c8180000, 0x00000008d5580000)
  object space 1181184K, 69% used [0x0000000080000000,0x00000000b24d7510,0x00000000c8180000)
 Metaspace       used 6588K, capacity 6920K, committed 7168K, reserved 8192K
Event: 34.169 GC heap after
Heap after GC invocations=24 (full 5):
 PSYoungGen      total 1193984K, used 412129K [0x00000008d5580000, 0x0000000945c00000, 0x0000000d00000000)
  eden space 781824K, 0% used [0x00000008d5580000,0x00000008d5580000,0x0000000905100000)
  from space 412160K, 99% used [0x0000000905100000,0x000000091e378450,0x000000091e380000)
  to   space 484352K, 0% used [0x0000000928300000,0x0000000928300000,0x0000000945c00000)
 ParOldGen       total 1181184K, used 911967K [0x0000000080000000, 0x00000000c8180000, 0x00000008d5580000)
  object space 1181184K, 77% used [0x0000000080000000,0x00000000b7a97cd8,0x00000000c8180000)
 Metaspace       used 6588K, capacity 6920K, committed 7168K, reserved 8192K
}

Deoptimization events (10 events):
Event: 29.762 Thread 0x0000000025c84000 Uncommon trap: reason=class_check action=maybe_recompile pc=0x000000000410af40 method=com.android.dx.util.BitIntSet.merge(Lcom/android/dx/util/IntSet;)V @ 1
Event: 29.764 Thread 0x0000000025d34800 Uncommon trap: reason=class_check action=maybe_recompile pc=0x0000000003df1450 method=com.android.dx.ssa.back.InterferenceGraph.mergeInterferenceSet(ILcom/android/dx/util/IntSet;)V @ 20
Event: 29.765 Thread 0x0000000025d34800 Uncommon trap: reason=class_check action=maybe_recompile pc=0x000000000410af40 method=com.android.dx.util.BitIntSet.merge(Lcom/android/dx/util/IntSet;)V @ 1
Event: 32.357 Thread 0x00000000257de000 Uncommon trap: reason=null_check action=make_not_entrant pc=0x0000000004113690 method=com.android.dx.rop.cst.CstKnownNull.equals(Ljava/lang/Object;)Z @ 1
Event: 33.256 Thread 0x00000000257de000 Uncommon trap: reason=range_check action=make_not_entrant pc=0x0000000003a4b400 method=java.util.DualPivotQuicksort.sort([IIIZ)V @ 56
Event: 34.473 Thread 0x0000000025fe7800 Uncommon trap: reason=class_check action=maybe_recompile pc=0x00000000038dd1d4 method=java.util.Arrays.hashCode([Ljava/lang/Object;)I @ 43
Event: 34.473 Thread 0x0000000025fe7800 Uncommon trap: reason=class_check action=maybe_recompile pc=0x00000000038dd1d4 method=java.util.Arrays.hashCode([Ljava/lang/Object;)I @ 43
Event: 34.473 Thread 0x0000000025fe7800 Uncommon trap: reason=class_check action=maybe_recompile pc=0x00000000038dd1d4 method=java.util.Arrays.hashCode([Ljava/lang/Object;)I @ 43
Event: 34.473 Thread 0x0000000025fe7800 Uncommon trap: reason=class_check action=maybe_recompile pc=0x00000000038dd1d4 method=java.util.Arrays.hashCode([Ljava/lang/Object;)I @ 43
Event: 34.474 Thread 0x0000000025fe7800 Uncommon trap: reason=class_check action=maybe_recompile pc=0x00000000038d7e0c method=java.util.Arrays.hashCode([Ljava/lang/Object;)I @ 43

Internal exceptions (10 events):
Event: 10.602 Thread 0x0000000001662800 Implicit null exception at 0x00000000035ec668 to 0x00000000035ecc59
Event: 11.193 Thread 0x0000000025c84000 Exception <a 'java/security/PrivilegedActionException'> (0x00000008e7e156e0) thrown at [D:\re\workspace\8-2-build-windows-amd64-cygwin\jdk8u20\1074\hotspot\src\share\vm\prims\jvm.cpp, line 1275]
Event: 12.541 Thread 0x0000000025d34800 Implicit null exception at 0x0000000003f3cc70 to 0x0000000003f3fb81
Event: 16.823 Thread 0x0000000001662800 Exception <a 'java/security/PrivilegedActionException'> (0x00000008e66d8f00) thrown at [D:\re\workspace\8-2-build-windows-amd64-cygwin\jdk8u20\1074\hotspot\src\share\vm\prims\jvm.cpp, line 1275]
Event: 17.478 Thread 0x0000000025c84000 Exception <a 'java/security/PrivilegedActionException'> (0x00000008f721e910) thrown at [D:\re\workspace\8-2-build-windows-amd64-cygwin\jdk8u20\1074\hotspot\src\share\vm\prims\jvm.cpp, line 1275]
Event: 22.856 Thread 0x0000000025c84000 Exception <a 'java/security/PrivilegedActionException'> (0x00000008f04ff358) thrown at [D:\re\workspace\8-2-build-windows-amd64-cygwin\jdk8u20\1074\hotspot\src\share\vm\prims\jvm.cpp, line 1275]
Event: 22.869 Thread 0x0000000025c84000 Exception <a 'java/security/PrivilegedActionException'> (0x00000008f0594880) thrown at [D:\re\workspace\8-2-build-windows-amd64-cygwin\jdk8u20\1074\hotspot\src\share\vm\prims\jvm.cpp, line 1275]
Event: 32.357 Thread 0x00000000257de000 Implicit null exception at 0x000000000411365c to 0x0000000004113684
Event: 34.445 Thread 0x0000000001662800 Exception <a 'java/security/PrivilegedActionException'> (0x00000008dfaf98d8) thrown at [D:\re\workspace\8-2-build-windows-amd64-cygwin\jdk8u20\1074\hotspot\src\share\vm\prims\jvm.cpp, line 1275]
Event: 34.477 Thread 0x0000000025fe7800 Exception <a 'java/security/PrivilegedActionException'> (0x00000008e22a0ad8) thrown at [D:\re\workspace\8-2-build-windows-amd64-cygwin\jdk8u20\1074\hotspot\src\share\vm\prims\jvm.cpp, line 1275]

Events (10 events):
Event: 34.473 Thread 0x0000000025fe7800 DEOPT PACKING pc=0x00000000038dd1d4 sp=0x000000002786e760
Event: 34.473 Thread 0x0000000025fe7800 DEOPT UNPACKING pc=0x000000000344556a sp=0x000000002786e690 mode 2
Event: 34.473 Thread 0x0000000025fe7800 Uncommon trap: trap_request=0xffffffde fr.pc=0x00000000038dd1d4
Event: 34.473 Thread 0x0000000025fe7800 DEOPT PACKING pc=0x00000000038dd1d4 sp=0x000000002786e760
Event: 34.473 Thread 0x0000000025fe7800 DEOPT UNPACKING pc=0x000000000344556a sp=0x000000002786e690 mode 2
Event: 34.473 Thread 0x0000000025fe7800 Uncommon trap: trap_request=0xffffffde fr.pc=0x00000000038d7e0c
Event: 34.474 Thread 0x0000000025fe7800 DEOPT PACKING pc=0x00000000038d7e0c sp=0x000000002786e710
Event: 34.474 Thread 0x0000000025fe7800 DEOPT UNPACKING pc=0x000000000344556a sp=0x000000002786e698 mode 2
Event: 34.477 loading class com/android/dx/rop/cst/Zeroes
Event: 34.477 loading class com/android/dx/rop/cst/Zeroes done


Dynamic libraries:
0x00007ff61d090000 - 0x00007ff61d0c4000 	C:\Program Files\Java\jdk1.8.0_20\bin\java.exe
0x00007ff9b0c20000 - 0x00007ff9b0df1000 	C:\WINDOWS\SYSTEM32\ntdll.dll
0x00007ff9b0060000 - 0x00007ff9b010b000 	C:\WINDOWS\System32\KERNEL32.DLL
0x00007ff9adb20000 - 0x00007ff9add3d000 	C:\WINDOWS\System32\KERNELBASE.dll
0x00007ff9b0210000 - 0x00007ff9b02b2000 	C:\WINDOWS\System32\ADVAPI32.dll
0x00007ff9affc0000 - 0x00007ff9b005e000 	C:\WINDOWS\System32\msvcrt.dll
0x00007ff9b0bc0000 - 0x00007ff9b0c19000 	C:\WINDOWS\System32\sechost.dll
0x00007ff9b0970000 - 0x00007ff9b0a91000 	C:\WINDOWS\System32\RPCRT4.dll
0x00007ff9b07f0000 - 0x00007ff9b0955000 	C:\WINDOWS\System32\USER32.dll
0x00007ff9ad300000 - 0x00007ff9ad31e000 	C:\WINDOWS\System32\win32u.dll
0x00007ff9b02c0000 - 0x00007ff9b02f4000 	C:\WINDOWS\System32\GDI32.dll
0x00007ff9adda0000 - 0x00007ff9adf22000 	C:\WINDOWS\System32\gdi32full.dll
0x00007ff9a7ae0000 - 0x00007ff9a7d5a000 	C:\WINDOWS\WinSxS\amd64_microsoft.windows.common-controls_6595b64144ccf1df_6.0.14393.351_none_4213128bc687e6d3\COMCTL32.dll
0x00007ff9b03c0000 - 0x00007ff9b0687000 	C:\WINDOWS\System32\combase.dll
0x00007ff9ad1b0000 - 0x00007ff9ad2a5000 	C:\WINDOWS\System32\ucrtbase.dll
0x00007ff9ad320000 - 0x00007ff9ad38a000 	C:\WINDOWS\System32\bcryptPrimitives.dll
0x00007ff9ae370000 - 0x00007ff9ae39e000 	C:\WINDOWS\System32\IMM32.DLL
0x0000000054c10000 - 0x0000000054ce2000 	C:\Program Files\Java\jdk1.8.0_20\jre\bin\msvcr100.dll
0x0000000053460000 - 0x0000000053cb8000 	C:\Program Files\Java\jdk1.8.0_20\jre\bin\server\jvm.dll
0x00007ff9b0960000 - 0x00007ff9b0968000 	C:\WINDOWS\System32\PSAPI.DLL
0x00007ff9ab2a0000 - 0x00007ff9ab2c3000 	C:\WINDOWS\SYSTEM32\WINMM.dll
0x00007ff9a2eb0000 - 0x00007ff9a2eb9000 	C:\WINDOWS\SYSTEM32\WSOCK32.dll
0x00007ff9aea40000 - 0x00007ff9aeaaa000 	C:\WINDOWS\System32\WS2_32.dll
0x0000000000d40000 - 0x0000000000d6b000 	C:\WINDOWS\SYSTEM32\WINMMBASE.dll
0x00007ff9ad2b0000 - 0x00007ff9ad2f2000 	C:\WINDOWS\System32\cfgmgr32.dll
0x0000000055090000 - 0x000000005509f000 	C:\Program Files\Java\jdk1.8.0_20\jre\bin\verify.dll
0x0000000055060000 - 0x0000000055088000 	C:\Program Files\Java\jdk1.8.0_20\jre\bin\java.dll
0x0000000055040000 - 0x0000000055056000 	C:\Program Files\Java\jdk1.8.0_20\jre\bin\zip.dll
0x00007ff9aeab0000 - 0x00007ff9affb9000 	C:\WINDOWS\System32\SHELL32.dll
0x00007ff9ad440000 - 0x00007ff9adb1a000 	C:\WINDOWS\System32\windows.storage.dll
0x00007ff9ad0b0000 - 0x00007ff9ad0fc000 	C:\WINDOWS\System32\powrprof.dll
0x00007ff9ae970000 - 0x00007ff9ae9c2000 	C:\WINDOWS\System32\shlwapi.dll
0x00007ff9ad0a0000 - 0x00007ff9ad0af000 	C:\WINDOWS\System32\kernel.appcore.dll
0x00007ff9adf30000 - 0x00007ff9adfd9000 	C:\WINDOWS\System32\shcore.dll
0x00007ff9ad080000 - 0x00007ff9ad094000 	C:\WINDOWS\System32\profapi.dll
0x00007ff9a64b0000 - 0x00007ff9a6642000 	C:\WINDOWS\SYSTEM32\dbghelp.dll

VM Arguments:
jvm_args: -Djava.awt.headless=true -Xmx50g -Dfile.encoding=windows-1251 -Duser.country=RU -Duser.language=ru -Duser.variant 
java_command: com.android.dx.command.Main --dex --num-threads=4 --multi-dex --main-dex-list C:\Users\User\Documents\GitHub\iCRM\iCRM\app\build\intermediates\multi-dex\debug\maindexlist.txt --output C:\Users\User\Documents\GitHub\iCRM\iCRM\app\build\intermediates\transforms\dex\debug\folders\1000\1f\main C:\Users\User\Documents\GitHub\iCRM\iCRM\app\build\intermediates\transforms\jarMerging\debug\jars\1\1f\combined.jar
java_class_path (initial): C:\Users\User\AppData\Local\Android\sdk\build-tools\23.0.3\lib\dx.jar
Launcher Type: SUN_STANDARD

Environment Variables:
PATH=C:\ProgramData\Oracle\Java\javapath;C:\Program Files\Broadcom\Broadcom 802.11 Network Adapter;C:\Program Files (x86)\NVIDIA Corporation\PhysX\Common;C:\Program Files (x86)\Intel\iCLS Client\;C:\Program Files\Intel\iCLS Client\;C:\Windows\system32;C:\Windows;C:\Windows\System32\Wbem;C:\Windows\System32\WindowsPowerShell\v1.0\;C:\Program Files\Intel\Intel(R) Management Engine Components\DAL;C:\Program Files\Intel\Intel(R) Management Engine Components\IPT;C:\Program Files (x86)\Intel\Intel(R) Management Engine Components\DAL;C:\Program Files (x86)\Intel\Intel(R) Management Engine Components\IPT;C:\Program Files\WIDCOMM\Bluetooth Software\;C:\Program Files\WIDCOMM\Bluetooth Software\syswow64;C:\Program Files\Acer\Remote Files\;C:\Program Files (x86)\Skype\Phone\;C:\Program Files\OpenVPN\bin;C:\WINDOWS\system32;C:\WINDOWS;C:\WINDOWS\System32\Wbem;C:\WINDOWS\System32\WindowsPowerShell\v1.0\;C:\Users\User\AppData\Local\Microsoft\WindowsApps;
USERNAME=User
OS=Windows_NT
PROCESSOR_IDENTIFIER=Intel64 Family 6 Model 69 Stepping 1, GenuineIntel



---------------  S Y S T E M  ---------------

OS: Windows 8.1 , 64 bit Build 9600 

CPU:total 4 (2 cores per cpu, 2 threads per core) family 6 model 69 stepping 1, cmov, cx8, fxsr, mmx, sse, sse2, sse3, ssse3, sse4.1, sse4.2, popcnt, avx, avx2, aes, clmul, erms, lzcnt, ht, tsc, tscinvbit, bmi1, bmi2

Memory: 4k page, physical 8310040k(812240k free), swap 12406040k(2832k free)

vm_info: Java HotSpot(TM) 64-Bit Server VM (25.20-b23) for windows-amd64 JRE (1.8.0_20-b26), built on Jul 30 2014 13:51:23 by "java_re" with MS VC++ 10.0 (VS2010)

time: Mon Oct 31 10:10:48 2016
elapsed time: 35 seconds (0d 0h 0m 35s)

