#
# There is insufficient memory for the Java Runtime Environment to continue.
# Native memory allocation (malloc) failed to allocate 1850016 bytes for Chunk::new
# Possible reasons:
#   The system is out of physical RAM or swap space
#   In 32 bit mode, the process size limit was hit
# Possible solutions:
#   Reduce memory load on the system
#   Increase physical memory or swap space
#   Check if swap backing store is full
#   Use 64 bit Java on a 64 bit OS
#   Decrease Java heap size (-Xmx/-Xms)
#   Decrease number of Java threads
#   Decrease Java thread stack sizes (-Xss)
#   Set larger code cache with -XX:ReservedCodeCacheSize=
# This output file may be truncated or incomplete.
#
#  Out of Memory Error (allocation.cpp:390), pid=6344, tid=8768
#
# JRE version: Java(TM) SE Runtime Environment (8.0_20-b26) (build 1.8.0_20-b26)
# Java VM: Java HotSpot(TM) 64-Bit Server VM (25.20-b23 mixed mode windows-amd64 )
# Failed to write core dump. Minidumps are not enabled by default on client versions of Windows
#

---------------  T H R E A D  ---------------

Current thread (0x0000000023d4f800):  JavaThread "C2 CompilerThread1" daemon [_thread_in_native, id=8768, stack(0x00000000253a0000,0x00000000254a0000)]

Stack: [0x00000000253a0000,0x00000000254a0000]
Native frames: (J=compiled Java code, j=interpreted, Vv=VM code, C=native code)
V  [jvm.dll+0x3152fa]
V  [jvm.dll+0x265d03]
V  [jvm.dll+0x266943]
V  [jvm.dll+0x25e265]
V  [jvm.dll+0xbe255]
V  [jvm.dll+0xbe6fc]
V  [jvm.dll+0x45c472]
V  [jvm.dll+0x49d76f]
V  [jvm.dll+0x451911]
V  [jvm.dll+0x452634]
V  [jvm.dll+0x435fc2]
V  [jvm.dll+0x97b62]
V  [jvm.dll+0x98353]
V  [jvm.dll+0x22aac4]
V  [jvm.dll+0x283f5a]
C  [msvcr100.dll+0x21d9f]
C  [msvcr100.dll+0x21e3b]
C  [KERNEL32.DLL+0x8364]
C  [ntdll.dll+0x65e91]


Current CompileTask:
C2:  75911 3762   !   4       com.android.dx.cf.code.Ropper::processBlock (1101 bytes)


---------------  P R O C E S S  ---------------

Java Threads: ( => current thread )
  0x0000000025e1f800 JavaThread "pool-1-thread-2" [_thread_in_Java, id=6700, stack(0x0000000028b70000,0x0000000028c70000)]
  0x0000000025d5b000 JavaThread "pool-1-thread-1" [_thread_in_Java, id=7840, stack(0x0000000027870000,0x0000000027970000)]
  0x00000000255d0800 JavaThread "Service Thread" daemon [_thread_blocked, id=11688, stack(0x00000000259a0000,0x0000000025aa0000)]
  0x0000000023d52800 JavaThread "C1 CompilerThread2" daemon [_thread_blocked, id=4216, stack(0x00000000254a0000,0x00000000255a0000)]
=>0x0000000023d4f800 JavaThread "C2 CompilerThread1" daemon [_thread_in_native, id=8768, stack(0x00000000253a0000,0x00000000254a0000)]
  0x0000000023d4d000 JavaThread "C2 CompilerThread0" daemon [_thread_in_native, id=7976, stack(0x00000000252a0000,0x00000000253a0000)]
  0x0000000023d4b800 JavaThread "Attach Listener" daemon [_thread_blocked, id=5552, stack(0x00000000251a0000,0x00000000252a0000)]
  0x0000000023d4a800 JavaThread "Signal Dispatcher" daemon [_thread_blocked, id=11240, stack(0x00000000250a0000,0x00000000251a0000)]
  0x0000000001806000 JavaThread "Finalizer" daemon [_thread_blocked, id=8132, stack(0x0000000024fa0000,0x00000000250a0000)]
  0x00000000017fd000 JavaThread "Reference Handler" daemon [_thread_blocked, id=1064, stack(0x0000000024ea0000,0x0000000024fa0000)]
  0x0000000001712800 JavaThread "main" [_thread_blocked, id=7740, stack(0x00000000015e0000,0x00000000016e0000)]

Other Threads:
  0x0000000023d15800 VMThread [stack: 0x0000000024da0000,0x0000000024ea0000] [id=10664]
  0x0000000023dae800 WatcherThread [stack: 0x0000000025aa0000,0x0000000025ba0000] [id=1760]

VM state:not at safepoint (normal execution)

VM Mutex/Monitor currently owned by a thread: None

Heap:
 PSYoungGen      total 1242112K, used 248171K [0x00000008d5580000, 0x0000000941380000, 0x0000000d00000000)
  eden space 785920K, 31% used [0x00000008d5580000,0x00000008e47dacb8,0x0000000905500000)
  from space 456192K, 0% used [0x0000000905500000,0x0000000905500000,0x0000000921280000)
  to   space 396800K, 2% used [0x0000000921280000,0x0000000921d6ed78,0x0000000939600000)
 ParOldGen       total 1209344K, used 1208849K [0x0000000080000000, 0x00000000c9d00000, 0x00000008d5580000)
  object space 1209344K, 99% used [0x0000000080000000,0x00000000c9c847c8,0x00000000c9d00000)
 Metaspace       used 7036K, capacity 7240K, committed 7424K, reserved 8192K

Card table byte_map: [0x0000000012400000,0x0000000018810000] byte_map_base: 0x0000000012000000

Marking Bits: (ParMarkBitMap*) 0x0000000053cdb460
 Begin Bits: [0x0000000d00000000, 0x0000000d32000000)
 End Bits:   [0x0000000d32000000, 0x0000000d64000000)

Polling page: 0x00000000016e0000

CodeCache: size=245760Kb used=13117Kb max_used=14364Kb free=232642Kb
 bounds [0x0000000003400000, 0x0000000004230000, 0x0000000012400000]
 total_blobs=3251 nmethods=2985 adapters=179
 compilation: enabled

Compilation events (10 events):
Event: 67.214 Thread 0x0000000023d52800 3779       1       com.android.dx.dex.code.form.Form21h::codeSize (2 bytes)
Event: 67.214 Thread 0x0000000023d52800 nmethod 3779 0x00000000041e1710 code [0x00000000041e1860, 0x00000000041e1970]
Event: 67.275 Thread 0x0000000023d52800 3780       3       com.android.dx.rop.cst.CstDouble::make (9 bytes)
Event: 67.276 Thread 0x0000000023d52800 nmethod 3780 0x000000000364c6d0 code [0x000000000364c860, 0x000000000364cc10]
Event: 67.276 Thread 0x0000000023d52800 3781       3       com.android.dx.rop.cst.CstDouble::<init> (6 bytes)
Event: 67.277 Thread 0x0000000023d52800 nmethod 3781 0x00000000041f0c90 code [0x00000000041f0e00, 0x00000000041f1130]
Event: 67.320 Thread 0x0000000023d52800 3783       1       java.util.TreeMap$Entry::setValue (12 bytes)
Event: 67.321 Thread 0x0000000023d52800 nmethod 3783 0x00000000037ee350 code [0x00000000037ee4a0, 0x00000000037ee5d0]
Event: 75.073 Thread 0x0000000023d4d000 nmethod 3773 0x000000000389c090 code [0x000000000389d6a0, 0x00000000038a4ec0]
Event: 75.074 Thread 0x0000000023d4d000 3776       4       com.android.dx.cf.code.Ropper::mergeAndWorkAsNecessary (102 bytes)

GC Heap History (10 events):
Event: 56.987 GC heap before
{Heap before GC invocations=28 (full 5):
 PSYoungGen      total 1131520K, used 960838K [0x00000008d5580000, 0x0000000932080000, 0x0000000d00000000)
  eden space 766976K, 100% used [0x00000008d5580000,0x0000000904280000,0x0000000904280000)
  from space 364544K, 53% used [0x000000091bc80000,0x00000009279d19b0,0x0000000932080000)
  to   space 375808K, 0% used [0x0000000904280000,0x0000000904280000,0x000000091b180000)
 ParOldGen       total 1186816K, used 962427K [0x0000000080000000, 0x00000000c8700000, 0x00000008d5580000)
  object space 1186816K, 81% used [0x0000000080000000,0x00000000babded18,0x00000000c8700000)
 Metaspace       used 6614K, capacity 6920K, committed 7168K, reserved 8192K
Event: 57.305 GC heap after
Heap after GC invocations=28 (full 5):
 PSYoungGen      total 1142784K, used 258142K [0x00000008d5580000, 0x0000000939600000, 0x0000000d00000000)
  eden space 766976K, 0% used [0x00000008d5580000,0x00000008d5580000,0x0000000904280000)
  from space 375808K, 68% used [0x0000000904280000,0x0000000913e978f8,0x000000091b180000)
  to   space 396800K, 0% used [0x0000000921280000,0x0000000921280000,0x0000000939600000)
 ParOldGen       total 1186816K, used 962427K [0x0000000080000000, 0x00000000c8700000, 0x00000008d5580000)
  object space 1186816K, 81% used [0x0000000080000000,0x00000000babded18,0x00000000c8700000)
 Metaspace       used 6614K, capacity 6920K, committed 7168K, reserved 8192K
}
Event: 59.422 GC heap before
{Heap before GC invocations=29 (full 5):
 PSYoungGen      total 1142784K, used 1025118K [0x00000008d5580000, 0x0000000939600000, 0x0000000d00000000)
  eden space 766976K, 100% used [0x00000008d5580000,0x0000000904280000,0x0000000904280000)
  from space 375808K, 68% used [0x0000000904280000,0x0000000913e978f8,0x000000091b180000)
  to   space 396800K, 0% used [0x0000000921280000,0x0000000921280000,0x0000000939600000)
 ParOldGen       total 1186816K, used 962427K [0x0000000080000000, 0x00000000c8700000, 0x00000008d5580000)
  object space 1186816K, 81% used [0x0000000080000000,0x00000000babded18,0x00000000c8700000)
 Metaspace       used 6615K, capacity 6920K, committed 7168K, reserved 8192K
Event: 59.887 GC heap after
Heap after GC invocations=29 (full 5):
 PSYoungGen      total 1182720K, used 377390K [0x00000008d5580000, 0x0000000941380000, 0x0000000d00000000)
  eden space 785920K, 0% used [0x00000008d5580000,0x00000008d5580000,0x0000000905500000)
  from space 396800K, 95% used [0x0000000921280000,0x000000093830b8b0,0x0000000939600000)
  to   space 456192K, 0% used [0x0000000905500000,0x0000000905500000,0x0000000921280000)
 ParOldGen       total 1186816K, used 962427K [0x0000000080000000, 0x00000000c8700000, 0x00000008d5580000)
  object space 1186816K, 81% used [0x0000000080000000,0x00000000babded18,0x00000000c8700000)
 Metaspace       used 6615K, capacity 6920K, committed 7168K, reserved 8192K
}
Event: 64.058 GC heap before
{Heap before GC invocations=30 (full 5):
 PSYoungGen      total 1182720K, used 1163310K [0x00000008d5580000, 0x0000000941380000, 0x0000000d00000000)
  eden space 785920K, 100% used [0x00000008d5580000,0x0000000905500000,0x0000000905500000)
  from space 396800K, 95% used [0x0000000921280000,0x000000093830b8b0,0x0000000939600000)
  to   space 456192K, 0% used [0x0000000905500000,0x0000000905500000,0x0000000921280000)
 ParOldGen       total 1186816K, used 962427K [0x0000000080000000, 0x00000000c8700000, 0x00000008d5580000)
  object space 1186816K, 81% used [0x0000000080000000,0x00000000babded18,0x00000000c8700000)
 Metaspace       used 6967K, capacity 7176K, committed 7424K, reserved 8192K
Event: 64.706 GC heap after
Heap after GC invocations=30 (full 5):
 PSYoungGen      total 1242112K, used 456160K [0x00000008d5580000, 0x0000000941380000, 0x0000000d00000000)
  eden space 785920K, 0% used [0x00000008d5580000,0x00000008d5580000,0x0000000905500000)
  from space 456192K, 99% used [0x0000000905500000,0x0000000921278128,0x0000000921280000)
  to   space 396800K, 0% used [0x0000000921280000,0x0000000921280000,0x0000000939600000)
 ParOldGen       total 1186816K, used 1014495K [0x0000000080000000, 0x00000000c8700000, 0x00000008d5580000)
  object space 1186816K, 85% used [0x0000000080000000,0x00000000bdeb7e38,0x00000000c8700000)
 Metaspace       used 6967K, capacity 7176K, committed 7424K, reserved 8192K
}
Event: 67.442 GC heap before
{Heap before GC invocations=31 (full 5):
 PSYoungGen      total 1242112K, used 1242080K [0x00000008d5580000, 0x0000000941380000, 0x0000000d00000000)
  eden space 785920K, 100% used [0x00000008d5580000,0x0000000905500000,0x0000000905500000)
  from space 456192K, 99% used [0x0000000905500000,0x0000000921278128,0x0000000921280000)
  to   space 396800K, 0% used [0x0000000921280000,0x0000000921280000,0x0000000939600000)
 ParOldGen       total 1186816K, used 1014495K [0x0000000080000000, 0x00000000c8700000, 0x00000008d5580000)
  object space 1186816K, 85% used [0x0000000080000000,0x00000000bdeb7e38,0x00000000c8700000)
 Metaspace       used 7026K, capacity 7240K, committed 7424K, reserved 8192K
Event: 68.496 GC heap after
Heap after GC invocations=31 (full 5):
 PSYoungGen      total 1242112K, used 1242080K [0x00000008d5580000, 0x0000000941380000, 0x0000000d00000000)
  eden space 785920K, 100% used [0x00000008d5580000,0x0000000905500000,0x0000000905500000)
  from space 456192K, 99% used [0x0000000905500000,0x0000000921278128,0x0000000921280000)
  to   space 396800K, 99% used [0x0000000921280000,0x00000009395ff9e8,0x0000000939600000)
 ParOldGen       total 1209344K, used 1209339K [0x0000000080000000, 0x00000000c9d00000, 0x00000008d5580000)
  object space 1209344K, 99% used [0x0000000080000000,0x00000000c9cfed88,0x00000000c9d00000)
 Metaspace       used 7026K, capacity 7240K, committed 7424K, reserved 8192K
}
Event: 68.496 GC heap before
{Heap before GC invocations=32 (full 6):
 PSYoungGen      total 1242112K, used 1242080K [0x00000008d5580000, 0x0000000941380000, 0x0000000d00000000)
  eden space 785920K, 100% used [0x00000008d5580000,0x0000000905500000,0x0000000905500000)
  from space 456192K, 99% used [0x0000000905500000,0x0000000921278128,0x0000000921280000)
  to   space 396800K, 99% used [0x0000000921280000,0x00000009395ff9e8,0x0000000939600000)
 ParOldGen       total 1209344K, used 1209339K [0x0000000080000000, 0x00000000c9d00000, 0x00000008d5580000)
  object space 1209344K, 99% used [0x0000000080000000,0x00000000c9cfed88,0x00000000c9d00000)
 Metaspace       used 7026K, capacity 7240K, committed 7424K, reserved 8192K
Event: 75.055 GC heap after
Heap after GC invocations=32 (full 6):
 PSYoungGen      total 1242112K, used 0K [0x00000008d5580000, 0x0000000941380000, 0x0000000d00000000)
  eden space 785920K, 0% used [0x00000008d5580000,0x00000008d5580000,0x0000000905500000)
  from space 456192K, 0% used [0x0000000905500000,0x0000000905500000,0x0000000921280000)
  to   space 396800K, 2% used [0x0000000921280000,0x0000000921d6ed78,0x0000000939600000)
 ParOldGen       total 1209344K, used 1208849K [0x0000000080000000, 0x00000000c9d00000, 0x00000008d5580000)
  object space 1209344K, 99% used [0x0000000080000000,0x00000000c9c847c8,0x00000000c9d00000)
 Metaspace       used 7026K, capacity 7240K, committed 7424K, reserved 8192K
}

Deoptimization events (10 events):
Event: 66.716 Thread 0x0000000025874000 Uncommon trap: reason=class_check action=maybe_recompile pc=0x0000000003bccb00 method=com.android.dx.cf.code.Frame.setImmutable()V @ 4
Event: 66.801 Thread 0x0000000025874000 Uncommon trap: reason=class_check action=maybe_recompile pc=0x0000000003cda500 method=com.android.dx.cf.code.BaseMachine.storeResults(Lcom/android/dx/cf/code/Frame;)V @ 41
Event: 66.828 Thread 0x000000002650b800 Uncommon trap: reason=class_check action=maybe_recompile pc=0x0000000003de6c00 method=com.android.dx.rop.code.Insn.contentEquals(Lcom/android/dx/rop/code/Insn;)Z @ 65
Event: 66.900 Thread 0x0000000001712800 Uncommon trap: reason=class_check action=maybe_recompile pc=0x0000000003cda500 method=com.android.dx.cf.code.BaseMachine.storeResults(Lcom/android/dx/cf/code/Frame;)V @ 41
Event: 66.900 Thread 0x0000000001712800 Uncommon trap: reason=class_check action=maybe_recompile pc=0x00000000041eea44 method=com.android.dx.cf.code.OneLocalsArray.merge(Lcom/android/dx/cf/code/LocalsArray;)Lcom/android/dx/cf/code/LocalsArray; @ 1
Event: 66.900 Thread 0x0000000001712800 Uncommon trap: reason=class_check action=maybe_recompile pc=0x00000000041eea44 method=com.android.dx.cf.code.OneLocalsArray.merge(Lcom/android/dx/cf/code/LocalsArray;)Lcom/android/dx/cf/code/LocalsArray; @ 1
Event: 66.901 Thread 0x0000000001712800 Uncommon trap: reason=class_check action=maybe_recompile pc=0x00000000041eea44 method=com.android.dx.cf.code.OneLocalsArray.merge(Lcom/android/dx/cf/code/LocalsArray;)Lcom/android/dx/cf/code/LocalsArray; @ 1
Event: 66.902 Thread 0x0000000001712800 Uncommon trap: reason=class_check action=maybe_recompile pc=0x00000000041eea44 method=com.android.dx.cf.code.OneLocalsArray.merge(Lcom/android/dx/cf/code/LocalsArray;)Lcom/android/dx/cf/code/LocalsArray; @ 1
Event: 66.961 Thread 0x000000002650b800 Uncommon trap: reason=bimorphic action=maybe_recompile pc=0x0000000003f1ccb8 method=com.android.dx.cf.code.BytecodeArray.parseInstruction(ILcom/android/dx/cf/code/BytecodeArray$Visitor;)I @ 1987
Event: 66.961 Thread 0x000000002650b800 Uncommon trap: reason=bimorphic action=maybe_recompile pc=0x0000000003f1ccb8 method=com.android.dx.cf.code.BytecodeArray.parseInstruction(ILcom/android/dx/cf/code/BytecodeArray$Visitor;)I @ 1987

Internal exceptions (10 events):
Event: 63.722 Thread 0x0000000025d5b000 Exception <a 'java/security/PrivilegedActionException'> (0x00000008feb3a550) thrown at [D:\re\workspace\8-2-build-windows-amd64-cygwin\jdk8u20\1074\hotspot\src\share\vm\prims\jvm.cpp, line 1275]
Event: 63.724 Thread 0x0000000025d5b000 Exception <a 'java/security/PrivilegedActionException'> (0x00000008feb3e5c0) thrown at [D:\re\workspace\8-2-build-windows-amd64-cygwin\jdk8u20\1074\hotspot\src\share\vm\prims\jvm.cpp, line 1275]
Event: 63.852 Thread 0x0000000025d5b000 Exception <a 'java/security/PrivilegedActionException'> (0x00000008feb44d80) thrown at [D:\re\workspace\8-2-build-windows-amd64-cygwin\jdk8u20\1074\hotspot\src\share\vm\prims\jvm.cpp, line 1275]
Event: 66.127 Thread 0x0000000025d5b000 Exception <a 'java/security/PrivilegedActionException'> (0x00000008ea7810d0) thrown at [D:\re\workspace\8-2-build-windows-amd64-cygwin\jdk8u20\1074\hotspot\src\share\vm\prims\jvm.cpp, line 1275]
Event: 66.143 Thread 0x0000000025874000 Implicit null exception at 0x000000000351c4fc to 0x000000000351c5f6
Event: 66.379 Thread 0x0000000025d5b000 Implicit null exception at 0x0000000004136911 to 0x0000000004137859
Event: 66.688 Thread 0x000000002650b800 Exception <a 'java/security/PrivilegedActionException'> (0x00000008f6ced5a0) thrown at [D:\re\workspace\8-2-build-windows-amd64-cygwin\jdk8u20\1074\hotspot\src\share\vm\prims\jvm.cpp, line 1275]
Event: 66.691 Thread 0x000000002650b800 Exception <a 'java/security/PrivilegedActionException'> (0x00000008f6cf76e0) thrown at [D:\re\workspace\8-2-build-windows-amd64-cygwin\jdk8u20\1074\hotspot\src\share\vm\prims\jvm.cpp, line 1275]
Event: 66.722 Thread 0x0000000025874000 Exception <a 'java/security/PrivilegedActionException'> (0x00000008f7455ae0) thrown at [D:\re\workspace\8-2-build-windows-amd64-cygwin\jdk8u20\1074\hotspot\src\share\vm\prims\jvm.cpp, line 1275]
Event: 66.786 Thread 0x0000000025874000 Exception <a 'java/security/PrivilegedActionException'> (0x00000008f745d470) thrown at [D:\re\workspace\8-2-build-windows-amd64-cygwin\jdk8u20\1074\hotspot\src\share\vm\prims\jvm.cpp, line 1275]

Events (10 events):
Event: 75.074 Thread 0x0000000023d4d000 flushing nmethod 0x00000000039e4e50
Event: 75.074 Thread 0x0000000023d4d000 flushing nmethod 0x00000000039e9dd0
Event: 75.074 Thread 0x0000000023d4d000 flushing nmethod 0x00000000039eca90
Event: 75.074 Thread 0x0000000023d4d000 flushing nmethod 0x00000000039ed590
Event: 75.074 Thread 0x0000000023d4d000 flushing nmethod 0x00000000039ed990
Event: 75.074 Thread 0x0000000023d4d000 flushing nmethod 0x00000000039ee750
Event: 75.074 Thread 0x0000000023d4d000 flushing nmethod 0x00000000039efd50
Event: 75.074 Thread 0x0000000023d4d000 flushing nmethod 0x00000000039f6d10
Event: 75.074 Thread 0x0000000023d4d000 flushing nmethod 0x00000000039feed0
Event: 75.074 Thread 0x0000000023d4d000 flushing nmethod 0x0000000003a00790


Dynamic libraries:
0x00007ff75dbf0000 - 0x00007ff75dc24000 	C:\Program Files\Java\jdk1.8.0_20\bin\java.exe
0x00007ff9b0c20000 - 0x00007ff9b0df1000 	C:\WINDOWS\SYSTEM32\ntdll.dll
0x00007ff9b0060000 - 0x00007ff9b010b000 	C:\WINDOWS\System32\KERNEL32.DLL
0x00007ff9adb20000 - 0x00007ff9add3d000 	C:\WINDOWS\System32\KERNELBASE.dll
0x00007ff9b0210000 - 0x00007ff9b02b2000 	C:\WINDOWS\System32\ADVAPI32.dll
0x00007ff9affc0000 - 0x00007ff9b005e000 	C:\WINDOWS\System32\msvcrt.dll
0x00007ff9b0bc0000 - 0x00007ff9b0c19000 	C:\WINDOWS\System32\sechost.dll
0x00007ff9b0970000 - 0x00007ff9b0a91000 	C:\WINDOWS\System32\RPCRT4.dll
0x00007ff9b07f0000 - 0x00007ff9b0955000 	C:\WINDOWS\System32\USER32.dll
0x00007ff9ad300000 - 0x00007ff9ad31e000 	C:\WINDOWS\System32\win32u.dll
0x00007ff9b02c0000 - 0x00007ff9b02f4000 	C:\WINDOWS\System32\GDI32.dll
0x00007ff9adda0000 - 0x00007ff9adf22000 	C:\WINDOWS\System32\gdi32full.dll
0x00007ff9a7ae0000 - 0x00007ff9a7d5a000 	C:\WINDOWS\WinSxS\amd64_microsoft.windows.common-controls_6595b64144ccf1df_6.0.14393.351_none_4213128bc687e6d3\COMCTL32.dll
0x00007ff9b03c0000 - 0x00007ff9b0687000 	C:\WINDOWS\System32\combase.dll
0x00007ff9ad1b0000 - 0x00007ff9ad2a5000 	C:\WINDOWS\System32\ucrtbase.dll
0x00007ff9ad320000 - 0x00007ff9ad38a000 	C:\WINDOWS\System32\bcryptPrimitives.dll
0x00007ff9ae370000 - 0x00007ff9ae39e000 	C:\WINDOWS\System32\IMM32.DLL
0x0000000054c30000 - 0x0000000054d02000 	C:\Program Files\Java\jdk1.8.0_20\jre\bin\msvcr100.dll
0x0000000053500000 - 0x0000000053d58000 	C:\Program Files\Java\jdk1.8.0_20\jre\bin\server\jvm.dll
0x00007ff9b0960000 - 0x00007ff9b0968000 	C:\WINDOWS\System32\PSAPI.DLL
0x00007ff9ab2a0000 - 0x00007ff9ab2c3000 	C:\WINDOWS\SYSTEM32\WINMM.dll
0x00007ff9a20a0000 - 0x00007ff9a20a9000 	C:\WINDOWS\SYSTEM32\WSOCK32.dll
0x00007ff9aea40000 - 0x00007ff9aeaaa000 	C:\WINDOWS\System32\WS2_32.dll
0x00000000015b0000 - 0x00000000015db000 	C:\WINDOWS\SYSTEM32\WINMMBASE.dll
0x00007ff9ad2b0000 - 0x00007ff9ad2f2000 	C:\WINDOWS\System32\cfgmgr32.dll
0x00000000550b0000 - 0x00000000550bf000 	C:\Program Files\Java\jdk1.8.0_20\jre\bin\verify.dll
0x0000000055080000 - 0x00000000550a8000 	C:\Program Files\Java\jdk1.8.0_20\jre\bin\java.dll
0x0000000055060000 - 0x0000000055076000 	C:\Program Files\Java\jdk1.8.0_20\jre\bin\zip.dll
0x00007ff9aeab0000 - 0x00007ff9affb9000 	C:\WINDOWS\System32\SHELL32.dll
0x00007ff9ad440000 - 0x00007ff9adb1a000 	C:\WINDOWS\System32\windows.storage.dll
0x00007ff9ad0b0000 - 0x00007ff9ad0fc000 	C:\WINDOWS\System32\powrprof.dll
0x00007ff9ae970000 - 0x00007ff9ae9c2000 	C:\WINDOWS\System32\shlwapi.dll
0x00007ff9ad0a0000 - 0x00007ff9ad0af000 	C:\WINDOWS\System32\kernel.appcore.dll
0x00007ff9adf30000 - 0x00007ff9adfd9000 	C:\WINDOWS\System32\shcore.dll
0x00007ff9ad080000 - 0x00007ff9ad094000 	C:\WINDOWS\System32\profapi.dll
0x00007ff9a64b0000 - 0x00007ff9a6642000 	C:\WINDOWS\SYSTEM32\dbghelp.dll

VM Arguments:
jvm_args: -Djava.awt.headless=true -Xmx50g -Dfile.encoding=windows-1251 -Duser.country=RU -Duser.language=ru -Duser.variant 
java_command: com.android.dx.command.Main --dex --num-threads=4 --multi-dex --main-dex-list C:\Users\User\Documents\GitHub\iCRM\iCRM\app\build\intermediates\multi-dex\debug\maindexlist.txt --output C:\Users\User\Documents\GitHub\iCRM\iCRM\app\build\intermediates\transforms\dex\debug\folders\1000\1f\main C:\Users\User\Documents\GitHub\iCRM\iCRM\app\build\intermediates\transforms\jarMerging\debug\jars\1\1f\combined.jar
java_class_path (initial): C:\Users\User\AppData\Local\Android\sdk\build-tools\23.0.3\lib\dx.jar
Launcher Type: SUN_STANDARD

Environment Variables:
PATH=C:\ProgramData\Oracle\Java\javapath;C:\Program Files\Broadcom\Broadcom 802.11 Network Adapter;C:\Program Files (x86)\NVIDIA Corporation\PhysX\Common;C:\Program Files (x86)\Intel\iCLS Client\;C:\Program Files\Intel\iCLS Client\;C:\Windows\system32;C:\Windows;C:\Windows\System32\Wbem;C:\Windows\System32\WindowsPowerShell\v1.0\;C:\Program Files\Intel\Intel(R) Management Engine Components\DAL;C:\Program Files\Intel\Intel(R) Management Engine Components\IPT;C:\Program Files (x86)\Intel\Intel(R) Management Engine Components\DAL;C:\Program Files (x86)\Intel\Intel(R) Management Engine Components\IPT;C:\Program Files\WIDCOMM\Bluetooth Software\;C:\Program Files\WIDCOMM\Bluetooth Software\syswow64;C:\Program Files\Acer\Remote Files\;C:\Program Files (x86)\Skype\Phone\;C:\Program Files\OpenVPN\bin;C:\WINDOWS\system32;C:\WINDOWS;C:\WINDOWS\System32\Wbem;C:\WINDOWS\System32\WindowsPowerShell\v1.0\;C:\Users\User\AppData\Local\Microsoft\WindowsApps;
USERNAME=User
OS=Windows_NT
PROCESSOR_IDENTIFIER=Intel64 Family 6 Model 69 Stepping 1, GenuineIntel



---------------  S Y S T E M  ---------------

OS: Windows 8.1 , 64 bit Build 9600 

CPU:total 4 (2 cores per cpu, 2 threads per core) family 6 model 69 stepping 1, cmov, cx8, fxsr, mmx, sse, sse2, sse3, ssse3, sse4.1, sse4.2, popcnt, avx, avx2, aes, clmul, erms, lzcnt, ht, tsc, tscinvbit, bmi1, bmi2

Memory: 4k page, physical 8310040k(238636k free), swap 12406040k(5356k free)

vm_info: Java HotSpot(TM) 64-Bit Server VM (25.20-b23) for windows-amd64 JRE (1.8.0_20-b26), built on Jul 30 2014 13:51:23 by "java_re" with MS VC++ 10.0 (VS2010)

time: Tue Nov 01 08:28:03 2016
elapsed time: 75 seconds (0d 0h 1m 15s)

