#
# There is insufficient memory for the Java Runtime Environment to continue.
# Native memory allocation (malloc) failed to allocate 1070512 bytes for Chunk::new
# Possible reasons:
#   The system is out of physical RAM or swap space
#   In 32 bit mode, the process size limit was hit
# Possible solutions:
#   Reduce memory load on the system
#   Increase physical memory or swap space
#   Check if swap backing store is full
#   Use 64 bit Java on a 64 bit OS
#   Decrease Java heap size (-Xmx/-Xms)
#   Decrease number of Java threads
#   Decrease Java thread stack sizes (-Xss)
#   Set larger code cache with -XX:ReservedCodeCacheSize=
# This output file may be truncated or incomplete.
#
#  Out of Memory Error (allocation.cpp:390), pid=6560, tid=4372
#
# JRE version: Java(TM) SE Runtime Environment (8.0_20-b26) (build 1.8.0_20-b26)
# Java VM: Java HotSpot(TM) 64-Bit Server VM (25.20-b23 mixed mode windows-amd64 )
# Failed to write core dump. Minidumps are not enabled by default on client versions of Windows
#

---------------  T H R E A D  ---------------

Current thread (0x000000002385e800):  JavaThread "C2 CompilerThread1" daemon [_thread_in_native, id=4372, stack(0x0000000024db0000,0x0000000024eb0000)]

Stack: [0x0000000024db0000,0x0000000024eb0000]
Native frames: (J=compiled Java code, j=interpreted, Vv=VM code, C=native code)
V  [jvm.dll+0x3152fa]
V  [jvm.dll+0x265d03]
V  [jvm.dll+0x266943]
V  [jvm.dll+0x25e265]
V  [jvm.dll+0xbe255]
V  [jvm.dll+0xbe6fc]
V  [jvm.dll+0x477e87]
V  [jvm.dll+0x444fab]
V  [jvm.dll+0x4500de]
V  [jvm.dll+0x4526c8]
V  [jvm.dll+0x435fc2]
V  [jvm.dll+0x97b62]
V  [jvm.dll+0x98353]
V  [jvm.dll+0x22aac4]
V  [jvm.dll+0x283f5a]
C  [msvcr100.dll+0x21d9f]
C  [msvcr100.dll+0x21e3b]
C  [KERNEL32.DLL+0x8364]
C  [ntdll.dll+0x65e91]


Current CompileTask:
C2:  38385 3200       4       com.android.dx.dex.file.ClassDataItem::addContents (207 bytes)


---------------  P R O C E S S  ---------------

Java Threads: ( => current thread )
  0x0000000026305800 JavaThread "pool-1-thread-1" [_thread_in_Java, id=8668, stack(0x0000000028250000,0x0000000028350000)]
  0x000000002583a000 JavaThread "pool-2-thread-4" [_thread_blocked, id=9184, stack(0x0000000027180000,0x0000000027280000)]
  0x0000000025839000 JavaThread "pool-2-thread-3" [_thread_blocked, id=10920, stack(0x0000000027080000,0x0000000027180000)]
  0x000000002530b000 JavaThread "pool-2-thread-2" [_thread_in_Java, id=12680, stack(0x0000000026f80000,0x0000000027080000)]
  0x000000002530a800 JavaThread "pool-3-thread-1" [_thread_blocked, id=15356, stack(0x0000000026e80000,0x0000000026f80000)]
  0x0000000025de0800 JavaThread "pool-2-thread-1" [_thread_in_vm, id=7952, stack(0x0000000026d80000,0x0000000026e80000)]
  0x0000000024fe0800 JavaThread "Service Thread" daemon [_thread_blocked, id=11800, stack(0x00000000253b0000,0x00000000254b0000)]
  0x0000000023861800 JavaThread "C1 CompilerThread2" daemon [_thread_in_native, id=6256, stack(0x0000000024eb0000,0x0000000024fb0000)]
=>0x000000002385e800 JavaThread "C2 CompilerThread1" daemon [_thread_in_native, id=4372, stack(0x0000000024db0000,0x0000000024eb0000)]
  0x000000002385c000 JavaThread "C2 CompilerThread0" daemon [_thread_in_native, id=14932, stack(0x0000000024cb0000,0x0000000024db0000)]
  0x000000002385a800 JavaThread "Attach Listener" daemon [_thread_blocked, id=13744, stack(0x0000000024bb0000,0x0000000024cb0000)]
  0x0000000023859800 JavaThread "Signal Dispatcher" daemon [_thread_blocked, id=9056, stack(0x0000000024ab0000,0x0000000024bb0000)]
  0x00000000012a6000 JavaThread "Finalizer" daemon [_thread_blocked, id=1160, stack(0x00000000249b0000,0x0000000024ab0000)]
  0x000000000129d000 JavaThread "Reference Handler" daemon [_thread_blocked, id=6940, stack(0x00000000248b0000,0x00000000249b0000)]
  0x00000000011b2800 JavaThread "main" [_thread_in_Java, id=2240, stack(0x0000000000ff0000,0x00000000010f0000)]

Other Threads:
  0x0000000023825800 VMThread [stack: 0x00000000247b0000,0x00000000248b0000] [id=12596]
  0x0000000024fe2000 WatcherThread [stack: 0x00000000254b0000,0x00000000255b0000] [id=3516]

VM state:not at safepoint (normal execution)

VM Mutex/Monitor currently owned by a thread: None

Heap:
 PSYoungGen      total 1123328K, used 901464K [0x00000008d5580000, 0x0000000934f00000, 0x0000000d00000000)
  eden space 712192K, 68% used [0x00000008d5580000,0x00000008f34589f0,0x0000000900d00000)
  from space 411136K, 99% used [0x000000091a780000,0x00000009338fd870,0x0000000933900000)
  to   space 420352K, 0% used [0x0000000900d00000,0x0000000900d00000,0x000000091a780000)
 ParOldGen       total 1267712K, used 976598K [0x0000000080000000, 0x00000000cd600000, 0x00000008d5580000)
  object space 1267712K, 77% used [0x0000000080000000,0x00000000bb9b5850,0x00000000cd600000)
 Metaspace       used 6704K, capacity 6984K, committed 7168K, reserved 8192K

Card table byte_map: [0x0000000012400000,0x0000000018810000] byte_map_base: 0x0000000012000000

Marking Bits: (ParMarkBitMap*) 0x0000000076c4b460
 Begin Bits: [0x0000000d00000000, 0x0000000d32000000)
 End Bits:   [0x0000000d32000000, 0x0000000d64000000)

Polling page: 0x0000000000c60000

CodeCache: size=245760Kb used=11904Kb max_used=14345Kb free=233855Kb
 bounds [0x0000000003400000, 0x0000000004210000, 0x0000000012400000]
 total_blobs=2817 nmethods=2551 adapters=179
 compilation: enabled

Compilation events (10 events):
Event: 38.194 Thread 0x0000000023861800 3249       3       java.util.HashMap::keySet (27 bytes)
Event: 38.195 Thread 0x0000000023861800 nmethod 3249 0x0000000003957010 code [0x00000000039571a0, 0x0000000003957530]
Event: 38.195 Thread 0x0000000023861800 3250       3       java.util.HashMap$KeySet::iterator (12 bytes)
Event: 38.195 Thread 0x0000000023861800 nmethod 3250 0x00000000038fa2d0 code [0x00000000038fa440, 0x00000000038fa6a8]
Event: 38.195 Thread 0x0000000023861800 3251       3       java.util.HashMap$KeyIterator::<init> (11 bytes)
Event: 38.195 Thread 0x0000000023861800 nmethod 3251 0x0000000003988d10 code [0x0000000003988e80, 0x0000000003989028]
Event: 38.196 Thread 0x0000000023861800 3252       3       com.android.dx.dex.file.DebugInfoItem::<init> (36 bytes)
Event: 38.196 Thread 0x0000000023861800 nmethod 3252 0x000000000393d450 code [0x000000000393d5c0, 0x000000000393d878]
Event: 38.213 Thread 0x000000002385c000 nmethod 3242 0x0000000003b364d0 code [0x0000000003b366c0, 0x0000000003b373a0]
Event: 38.213 Thread 0x000000002385c000 3243       4       java.util.HashMap$HashIterator::<init> (79 bytes)

GC Heap History (10 events):
Event: 28.347 GC heap before
{Heap before GC invocations=23 (full 5):
 PSYoungGen      total 918528K, used 270838K [0x00000008d5580000, 0x0000000931400000, 0x0000000d00000000)
  eden space 647680K, 0% used [0x00000008d5580000,0x00000008d5580000,0x00000008fce00000)
  from space 270848K, 99% used [0x0000000913b00000,0x000000092437da68,0x0000000924380000)
  to   space 373760K, 0% used [0x00000008fce00000,0x00000008fce00000,0x0000000913b00000)
 ParOldGen       total 887808K, used 751898K [0x0000000080000000, 0x00000000b6300000, 0x00000008d5580000)
  object space 887808K, 84% used [0x0000000080000000,0x00000000ade46958,0x00000000b6300000)
 Metaspace       used 6597K, capacity 6920K, committed 7168K, reserved 8192K
Event: 31.192 GC heap after
Heap after GC invocations=23 (full 5):
 PSYoungGen      total 918528K, used 121430K [0x00000008d5580000, 0x0000000931400000, 0x0000000d00000000)
  eden space 647680K, 0% used [0x00000008d5580000,0x00000008d5580000,0x00000008fce00000)
  from space 270848K, 44% used [0x0000000913b00000,0x000000091b195810,0x0000000924380000)
  to   space 373760K, 0% used [0x00000008fce00000,0x00000008fce00000,0x0000000913b00000)
 ParOldGen       total 1267712K, used 887406K [0x0000000080000000, 0x00000000cd600000, 0x00000008d5580000)
  object space 1267712K, 70% used [0x0000000080000000,0x00000000b629ba18,0x00000000cd600000)
 Metaspace       used 6597K, capacity 6920K, committed 7168K, reserved 8192K
}
Event: 32.807 GC heap before
{Heap before GC invocations=24 (full 5):
 PSYoungGen      total 918528K, used 769110K [0x00000008d5580000, 0x0000000931400000, 0x0000000d00000000)
  eden space 647680K, 100% used [0x00000008d5580000,0x00000008fce00000,0x00000008fce00000)
  from space 270848K, 44% used [0x0000000913b00000,0x000000091b195810,0x0000000924380000)
  to   space 373760K, 0% used [0x00000008fce00000,0x00000008fce00000,0x0000000913b00000)
 ParOldGen       total 1267712K, used 887406K [0x0000000080000000, 0x00000000cd600000, 0x00000008d5580000)
  object space 1267712K, 70% used [0x0000000080000000,0x00000000b629ba18,0x00000000cd600000)
 Metaspace       used 6597K, capacity 6920K, committed 7168K, reserved 8192K
Event: 33.160 GC heap after
Heap after GC invocations=24 (full 5):
 PSYoungGen      total 1021440K, used 300173K [0x00000008d5580000, 0x0000000933900000, 0x0000000d00000000)
  eden space 647680K, 0% used [0x00000008d5580000,0x00000008d5580000,0x00000008fce00000)
  from space 373760K, 80% used [0x00000008fce00000,0x000000090f323660,0x0000000913b00000)
  to   space 411136K, 0% used [0x000000091a780000,0x000000091a780000,0x0000000933900000)
 ParOldGen       total 1267712K, used 917984K [0x0000000080000000, 0x00000000cd600000, 0x00000008d5580000)
  object space 1267712K, 72% used [0x0000000080000000,0x00000000b8078180,0x00000000cd600000)
 Metaspace       used 6597K, capacity 6920K, committed 7168K, reserved 8192K
}
Event: 34.350 GC heap before
{Heap before GC invocations=25 (full 5):
 PSYoungGen      total 1021440K, used 947853K [0x00000008d5580000, 0x0000000933900000, 0x0000000d00000000)
  eden space 647680K, 100% used [0x00000008d5580000,0x00000008fce00000,0x00000008fce00000)
  from space 373760K, 80% used [0x00000008fce00000,0x000000090f323660,0x0000000913b00000)
  to   space 411136K, 0% used [0x000000091a780000,0x000000091a780000,0x0000000933900000)
 ParOldGen       total 1267712K, used 917984K [0x0000000080000000, 0x00000000cd600000, 0x00000008d5580000)
  object space 1267712K, 72% used [0x0000000080000000,0x00000000b8078180,0x00000000cd600000)
 Metaspace       used 6597K, capacity 6920K, committed 7168K, reserved 8192K
Event: 34.562 GC heap after
Heap after GC invocations=25 (full 5):
 PSYoungGen      total 1123328K, used 246608K [0x00000008d5580000, 0x0000000934f00000, 0x0000000d00000000)
  eden space 712192K, 0% used [0x00000008d5580000,0x00000008d5580000,0x0000000900d00000)
  from space 411136K, 59% used [0x000000091a780000,0x0000000929854220,0x0000000933900000)
  to   space 420352K, 0% used [0x0000000900d00000,0x0000000900d00000,0x000000091a780000)
 ParOldGen       total 1267712K, used 917984K [0x0000000080000000, 0x00000000cd600000, 0x00000008d5580000)
  object space 1267712K, 72% used [0x0000000080000000,0x00000000b8078180,0x00000000cd600000)
 Metaspace       used 6597K, capacity 6920K, committed 7168K, reserved 8192K
}
Event: 35.567 GC heap before
{Heap before GC invocations=26 (full 5):
 PSYoungGen      total 1123328K, used 958800K [0x00000008d5580000, 0x0000000934f00000, 0x0000000d00000000)
  eden space 712192K, 100% used [0x00000008d5580000,0x0000000900d00000,0x0000000900d00000)
  from space 411136K, 59% used [0x000000091a780000,0x0000000929854220,0x0000000933900000)
  to   space 420352K, 0% used [0x0000000900d00000,0x0000000900d00000,0x000000091a780000)
 ParOldGen       total 1267712K, used 917984K [0x0000000080000000, 0x00000000cd600000, 0x00000008d5580000)
  object space 1267712K, 72% used [0x0000000080000000,0x00000000b8078180,0x00000000cd600000)
 Metaspace       used 6598K, capacity 6920K, committed 7168K, reserved 8192K
Event: 35.915 GC heap after
Heap after GC invocations=26 (full 5):
 PSYoungGen      total 1132544K, used 362369K [0x00000008d5580000, 0x0000000934f00000, 0x0000000d00000000)
  eden space 712192K, 0% used [0x00000008d5580000,0x00000008d5580000,0x0000000900d00000)
  from space 420352K, 86% used [0x0000000900d00000,0x0000000916ee0410,0x000000091a780000)
  to   space 411136K, 0% used [0x000000091a780000,0x000000091a780000,0x0000000933900000)
 ParOldGen       total 1267712K, used 917984K [0x0000000080000000, 0x00000000cd600000, 0x00000008d5580000)
  object space 1267712K, 72% used [0x0000000080000000,0x00000000b8078180,0x00000000cd600000)
 Metaspace       used 6598K, capacity 6920K, committed 7168K, reserved 8192K
}
Event: 36.894 GC heap before
{Heap before GC invocations=27 (full 5):
 PSYoungGen      total 1132544K, used 1074561K [0x00000008d5580000, 0x0000000934f00000, 0x0000000d00000000)
  eden space 712192K, 100% used [0x00000008d5580000,0x0000000900d00000,0x0000000900d00000)
  from space 420352K, 86% used [0x0000000900d00000,0x0000000916ee0410,0x000000091a780000)
  to   space 411136K, 0% used [0x000000091a780000,0x000000091a780000,0x0000000933900000)
 ParOldGen       total 1267712K, used 917984K [0x0000000080000000, 0x00000000cd600000, 0x00000008d5580000)
  object space 1267712K, 72% used [0x0000000080000000,0x00000000b8078180,0x00000000cd600000)
 Metaspace       used 6661K, capacity 6920K, committed 7168K, reserved 8192K
Event: 37.323 GC heap after
Heap after GC invocations=27 (full 5):
 PSYoungGen      total 1123328K, used 411126K [0x00000008d5580000, 0x0000000934f00000, 0x0000000d00000000)
  eden space 712192K, 0% used [0x00000008d5580000,0x00000008d5580000,0x0000000900d00000)
  from space 411136K, 99% used [0x000000091a780000,0x00000009338fd870,0x0000000933900000)
  to   space 420352K, 0% used [0x0000000900d00000,0x0000000900d00000,0x000000091a780000)
 ParOldGen       total 1267712K, used 976598K [0x0000000080000000, 0x00000000cd600000, 0x00000008d5580000)
  object space 1267712K, 77% used [0x0000000080000000,0x00000000bb9b5850,0x00000000cd600000)
 Metaspace       used 6661K, capacity 6920K, committed 7168K, reserved 8192K
}

Deoptimization events (10 events):
Event: 31.884 Thread 0x000000002583a000 Uncommon trap: reason=class_check action=maybe_recompile pc=0x000000000419521c method=com.android.dx.util.BitIntSet.merge(Lcom/android/dx/util/IntSet;)V @ 1
Event: 34.710 Thread 0x0000000025de0800 Uncommon trap: reason=null_check action=make_not_entrant pc=0x0000000004198cd0 method=com.android.dx.rop.cst.CstKnownNull.equals(Ljava/lang/Object;)Z @ 1
Event: 36.493 Thread 0x0000000026305800 Uncommon trap: reason=class_check action=maybe_recompile pc=0x000000000393a094 method=java.util.Arrays.hashCode([Ljava/lang/Object;)I @ 43
Event: 36.493 Thread 0x0000000026305800 Uncommon trap: reason=class_check action=maybe_recompile pc=0x000000000393a094 method=java.util.Arrays.hashCode([Ljava/lang/Object;)I @ 43
Event: 36.493 Thread 0x0000000026305800 Uncommon trap: reason=class_check action=maybe_recompile pc=0x000000000393a094 method=java.util.Arrays.hashCode([Ljava/lang/Object;)I @ 43
Event: 36.493 Thread 0x0000000026305800 Uncommon trap: reason=class_check action=maybe_recompile pc=0x000000000393a094 method=java.util.Arrays.hashCode([Ljava/lang/Object;)I @ 43
Event: 36.493 Thread 0x0000000026305800 Uncommon trap: reason=class_check action=maybe_recompile pc=0x00000000038d20cc method=java.util.Arrays.hashCode([Ljava/lang/Object;)I @ 43
Event: 36.494 Thread 0x0000000026305800 Uncommon trap: reason=unreached action=reinterpret pc=0x0000000003aa5a04 method=java.util.Arrays.sort([Ljava/lang/Object;IILjava/util/Comparator;)V @ 1
Event: 37.763 Thread 0x0000000026305800 Uncommon trap: reason=unreached action=reinterpret pc=0x0000000003ff0ba4 method=com.android.dx.dex.file.OffsettedItem.equals(Ljava/lang/Object;)Z @ 26
Event: 37.948 Thread 0x0000000026305800 Uncommon trap: reason=unreached action=reinterpret pc=0x00000000035a2e38 method=com.android.dx.dex.file.DexFile.internIfAppropriate(Lcom/android/dx/rop/cst/Constant;)V @ 70

Internal exceptions (10 events):
Event: 15.590 Thread 0x000000002530b000 Exception <a 'java/security/PrivilegedActionException'> (0x00000008e310a9f8) thrown at [D:\re\workspace\8-2-build-windows-amd64-cygwin\jdk8u20\1074\hotspot\src\share\vm\prims\jvm.cpp, line 1275]
Event: 16.316 Thread 0x00000000011b2800 Exception <a 'java/security/PrivilegedActionException'> (0x00000008f118aca0) thrown at [D:\re\workspace\8-2-build-windows-amd64-cygwin\jdk8u20\1074\hotspot\src\share\vm\prims\jvm.cpp, line 1275]
Event: 19.527 Thread 0x000000002530b000 Exception <a 'java/security/PrivilegedActionException'> (0x00000008efaabad8) thrown at [D:\re\workspace\8-2-build-windows-amd64-cygwin\jdk8u20\1074\hotspot\src\share\vm\prims\jvm.cpp, line 1275]
Event: 24.690 Thread 0x000000002530b000 Exception <a 'java/security/PrivilegedActionException'> (0x00000008dd7233d8) thrown at [D:\re\workspace\8-2-build-windows-amd64-cygwin\jdk8u20\1074\hotspot\src\share\vm\prims\jvm.cpp, line 1275]
Event: 24.713 Thread 0x000000002530b000 Exception <a 'java/security/PrivilegedActionException'> (0x00000008dd7b8900) thrown at [D:\re\workspace\8-2-build-windows-amd64-cygwin\jdk8u20\1074\hotspot\src\share\vm\prims\jvm.cpp, line 1275]
Event: 34.710 Thread 0x0000000025de0800 Implicit null exception at 0x0000000004198c9c to 0x0000000004198cc4
Event: 36.462 Thread 0x00000000011b2800 Exception <a 'java/security/PrivilegedActionException'> (0x00000008ef4d3ba0) thrown at [D:\re\workspace\8-2-build-windows-amd64-cygwin\jdk8u20\1074\hotspot\src\share\vm\prims\jvm.cpp, line 1275]
Event: 36.494 Thread 0x0000000026305800 Implicit null exception at 0x0000000003aa48f9 to 0x0000000003aa59e5
Event: 36.498 Thread 0x0000000026305800 Exception <a 'java/security/PrivilegedActionException'> (0x00000008f2248370) thrown at [D:\re\workspace\8-2-build-windows-amd64-cygwin\jdk8u20\1074\hotspot\src\share\vm\prims\jvm.cpp, line 1275]
Event: 38.203 Thread 0x0000000026305800 Exception <a 'java/security/PrivilegedActionException'> (0x00000008e5aa5788) thrown at [D:\re\workspace\8-2-build-windows-amd64-cygwin\jdk8u20\1074\hotspot\src\share\vm\prims\jvm.cpp, line 1275]

Events (10 events):
Event: 37.777 Thread 0x0000000023861800 flushing nmethod 0x000000000402b690
Event: 37.946 loading class java/util/HashMap$KeySet
Event: 37.946 loading class java/util/HashMap$KeySet done
Event: 37.946 loading class java/util/HashMap$KeyIterator
Event: 37.946 loading class java/util/HashMap$KeyIterator done
Event: 37.948 Thread 0x0000000026305800 Uncommon trap: trap_request=0xffffffad fr.pc=0x00000000035a2e38
Event: 37.948 Thread 0x0000000026305800 DEOPT PACKING pc=0x00000000035a2e38 sp=0x000000002834ed10
Event: 37.948 Thread 0x0000000026305800 DEOPT UNPACKING pc=0x000000000344556a sp=0x000000002834ed08 mode 2
Event: 38.203 loading class com/android/dx/dex/file/CatchStructs
Event: 38.203 loading class com/android/dx/dex/file/CatchStructs done


Dynamic libraries:
0x00007ff634000000 - 0x00007ff634034000 	C:\Program Files\Java\jdk1.8.0_20\bin\java.exe
0x00007ffd3f9f0000 - 0x00007ffd3fbc1000 	C:\WINDOWS\SYSTEM32\ntdll.dll
0x00007ffd3ee50000 - 0x00007ffd3eefb000 	C:\WINDOWS\System32\KERNEL32.DLL
0x00007ffd3c940000 - 0x00007ffd3cb5d000 	C:\WINDOWS\System32\KERNELBASE.dll
0x00007ffd3d2d0000 - 0x00007ffd3d372000 	C:\WINDOWS\System32\ADVAPI32.dll
0x00007ffd3f8c0000 - 0x00007ffd3f95e000 	C:\WINDOWS\System32\msvcrt.dll
0x00007ffd3f990000 - 0x00007ffd3f9e9000 	C:\WINDOWS\System32\sechost.dll
0x00007ffd3f400000 - 0x00007ffd3f521000 	C:\WINDOWS\System32\RPCRT4.dll
0x00007ffd3d430000 - 0x00007ffd3d595000 	C:\WINDOWS\System32\USER32.dll
0x00007ffd3cd90000 - 0x00007ffd3cdae000 	C:\WINDOWS\System32\win32u.dll
0x00007ffd3d380000 - 0x00007ffd3d3b4000 	C:\WINDOWS\System32\GDI32.dll
0x00007ffd3bf30000 - 0x00007ffd3c0b2000 	C:\WINDOWS\System32\gdi32full.dll
0x00007ffd389f0000 - 0x00007ffd38c69000 	C:\WINDOWS\WinSxS\amd64_microsoft.windows.common-controls_6595b64144ccf1df_6.0.14393.0_none_2d0f50fcbdb171b8\COMCTL32.dll
0x00007ffd3f5d0000 - 0x00007ffd3f897000 	C:\WINDOWS\System32\combase.dll
0x00007ffd3c0c0000 - 0x00007ffd3c1b5000 	C:\WINDOWS\System32\ucrtbase.dll
0x00007ffd3ccc0000 - 0x00007ffd3cd2a000 	C:\WINDOWS\System32\bcryptPrimitives.dll
0x00007ffd3f960000 - 0x00007ffd3f98e000 	C:\WINDOWS\System32\IMM32.DLL
0x0000000077b70000 - 0x0000000077c42000 	C:\Program Files\Java\jdk1.8.0_20\jre\bin\msvcr100.dll
0x0000000076470000 - 0x0000000076cc8000 	C:\Program Files\Java\jdk1.8.0_20\jre\bin\server\jvm.dll
0x00007ffd3ef60000 - 0x00007ffd3ef68000 	C:\WINDOWS\System32\PSAPI.DLL
0x00007ffd32410000 - 0x00007ffd32419000 	C:\WINDOWS\SYSTEM32\WSOCK32.dll
0x00007ffd3a390000 - 0x00007ffd3a3b3000 	C:\WINDOWS\SYSTEM32\WINMM.dll
0x00007ffd3d3c0000 - 0x00007ffd3d42a000 	C:\WINDOWS\System32\WS2_32.dll
0x0000000000c90000 - 0x0000000000cbb000 	C:\WINDOWS\SYSTEM32\WINMMBASE.dll
0x00007ffd3bee0000 - 0x00007ffd3bf22000 	C:\WINDOWS\System32\cfgmgr32.dll
0x0000000050030000 - 0x000000005003f000 	C:\Program Files\Java\jdk1.8.0_20\jre\bin\verify.dll
0x0000000050000000 - 0x0000000050028000 	C:\Program Files\Java\jdk1.8.0_20\jre\bin\java.dll
0x0000000077fe0000 - 0x0000000077ff6000 	C:\Program Files\Java\jdk1.8.0_20\jre\bin\zip.dll
0x00007ffd3d6e0000 - 0x00007ffd3ebe8000 	C:\WINDOWS\System32\SHELL32.dll
0x00007ffd3c1c0000 - 0x00007ffd3c89a000 	C:\WINDOWS\System32\windows.storage.dll
0x00007ffd3be80000 - 0x00007ffd3becc000 	C:\WINDOWS\System32\powrprof.dll
0x00007ffd3ef00000 - 0x00007ffd3ef52000 	C:\WINDOWS\System32\shlwapi.dll
0x00007ffd3bed0000 - 0x00007ffd3bedf000 	C:\WINDOWS\System32\kernel.appcore.dll
0x00007ffd3cb60000 - 0x00007ffd3cc09000 	C:\WINDOWS\System32\shcore.dll
0x00007ffd3be50000 - 0x00007ffd3be64000 	C:\WINDOWS\System32\profapi.dll
0x00007ffd2d520000 - 0x00007ffd2d6b2000 	C:\WINDOWS\SYSTEM32\dbghelp.dll

VM Arguments:
jvm_args: -Djava.awt.headless=true -Xmx50g -Dfile.encoding=windows-1251 -Duser.country=RU -Duser.language=ru -Duser.variant 
java_command: com.android.dx.command.Main --dex --num-threads=4 --multi-dex --main-dex-list C:\Users\User\Documents\GitHub\iCRM\iCRM\app\build\intermediates\multi-dex\debug\maindexlist.txt --output C:\Users\User\Documents\GitHub\iCRM\iCRM\app\build\intermediates\transforms\dex\debug\folders\1000\1f\main C:\Users\User\Documents\GitHub\iCRM\iCRM\app\build\intermediates\transforms\jarMerging\debug\jars\1\1f\combined.jar
java_class_path (initial): C:\Users\User\AppData\Local\Android\sdk\build-tools\23.0.3\lib\dx.jar
Launcher Type: SUN_STANDARD

Environment Variables:
PATH=C:\ProgramData\Oracle\Java\javapath;C:\Program Files\Broadcom\Broadcom 802.11 Network Adapter;C:\Program Files (x86)\NVIDIA Corporation\PhysX\Common;C:\Program Files (x86)\Intel\iCLS Client\;C:\Program Files\Intel\iCLS Client\;C:\Windows\system32;C:\Windows;C:\Windows\System32\Wbem;C:\Windows\System32\WindowsPowerShell\v1.0\;C:\Program Files\Intel\Intel(R) Management Engine Components\DAL;C:\Program Files\Intel\Intel(R) Management Engine Components\IPT;C:\Program Files (x86)\Intel\Intel(R) Management Engine Components\DAL;C:\Program Files (x86)\Intel\Intel(R) Management Engine Components\IPT;C:\Program Files\WIDCOMM\Bluetooth Software\;C:\Program Files\WIDCOMM\Bluetooth Software\syswow64;C:\Program Files\Acer\Remote Files\;C:\Program Files (x86)\Skype\Phone\;C:\Program Files\OpenVPN\bin;C:\WINDOWS\system32;C:\WINDOWS;C:\WINDOWS\System32\Wbem;C:\WINDOWS\System32\WindowsPowerShell\v1.0\;C:\Users\User\AppData\Local\Microsoft\WindowsApps;
USERNAME=User
OS=Windows_NT
PROCESSOR_IDENTIFIER=Intel64 Family 6 Model 69 Stepping 1, GenuineIntel



---------------  S Y S T E M  ---------------

OS: Windows 8.1 , 64 bit Build 9600 

CPU:total 4 (2 cores per cpu, 2 threads per core) family 6 model 69 stepping 1, cmov, cx8, fxsr, mmx, sse, sse2, sse3, ssse3, sse4.1, sse4.2, popcnt, avx, avx2, aes, clmul, erms, lzcnt, ht, tsc, tscinvbit, bmi1, bmi2

Memory: 4k page, physical 8310040k(901228k free), swap 12406024k(4860k free)

vm_info: Java HotSpot(TM) 64-Bit Server VM (25.20-b23) for windows-amd64 JRE (1.8.0_20-b26), built on Jul 30 2014 13:51:23 by "java_re" with MS VC++ 10.0 (VS2010)

time: Thu Oct 27 19:06:13 2016
elapsed time: 38 seconds (0d 0h 0m 38s)

