#
# There is insufficient memory for the Java Runtime Environment to continue.
# Native memory allocation (malloc) failed to allocate 404256 bytes for Chunk::new
# Possible reasons:
#   The system is out of physical RAM or swap space
#   In 32 bit mode, the process size limit was hit
# Possible solutions:
#   Reduce memory load on the system
#   Increase physical memory or swap space
#   Check if swap backing store is full
#   Use 64 bit Java on a 64 bit OS
#   Decrease Java heap size (-Xmx/-Xms)
#   Decrease number of Java threads
#   Decrease Java thread stack sizes (-Xss)
#   Set larger code cache with -XX:ReservedCodeCacheSize=
# This output file may be truncated or incomplete.
#
#  Out of Memory Error (allocation.cpp:390), pid=9832, tid=6184
#
# JRE version: Java(TM) SE Runtime Environment (8.0_20-b26) (build 1.8.0_20-b26)
# Java VM: Java HotSpot(TM) 64-Bit Server VM (25.20-b23 mixed mode windows-amd64 )
# Failed to write core dump. Minidumps are not enabled by default on client versions of Windows
#

---------------  T H R E A D  ---------------

Current thread (0x0000000001f20000):  JavaThread "C2 CompilerThread1" daemon [_thread_in_native, id=6184, stack(0x0000000024cb0000,0x0000000024db0000)]

Stack: [0x0000000024cb0000,0x0000000024db0000]
Native frames: (J=compiled Java code, j=interpreted, Vv=VM code, C=native code)
V  [jvm.dll+0x3152fa]
V  [jvm.dll+0x265d03]
V  [jvm.dll+0x266943]
V  [jvm.dll+0x25e265]
V  [jvm.dll+0xbe255]
V  [jvm.dll+0xbe6fc]
V  [jvm.dll+0x45c472]
V  [jvm.dll+0x49d76f]
V  [jvm.dll+0x451438]
V  [jvm.dll+0x452634]
V  [jvm.dll+0x435fc2]
V  [jvm.dll+0x97b62]
V  [jvm.dll+0x98353]
V  [jvm.dll+0x22aac4]
V  [jvm.dll+0x283f5a]
C  [msvcr100.dll+0x21d9f]
C  [msvcr100.dll+0x21e3b]
C  [KERNEL32.DLL+0x8364]
C  [ntdll.dll+0x65e91]


Current CompileTask:
C2:  49598 3110       4       com.android.dx.dex.file.ClassDefsSection::orderItems0 (158 bytes)


---------------  P R O C E S S  ---------------

Java Threads: ( => current thread )
  0x0000000027f6a000 JavaThread "pool-1-thread-1" [_thread_in_Java, id=13400, stack(0x0000000028150000,0x0000000028250000)]
  0x0000000025c90800 JavaThread "pool-2-thread-4" [_thread_in_Java, id=5276, stack(0x0000000027080000,0x0000000027180000)]
  0x000000002528f800 JavaThread "pool-2-thread-3" [_thread_in_Java, id=7840, stack(0x0000000026f80000,0x0000000027080000)]
  0x000000002528e800 JavaThread "pool-2-thread-2" [_thread_in_Java, id=10700, stack(0x0000000026e80000,0x0000000026f80000)]
  0x0000000025767800 JavaThread "pool-3-thread-1" [_thread_blocked, id=10948, stack(0x0000000026d80000,0x0000000026e80000)]
  0x0000000025765000 JavaThread "pool-2-thread-1" [_thread_in_Java, id=688, stack(0x0000000026c80000,0x0000000026d80000)]
  0x0000000024ee7800 JavaThread "Service Thread" daemon [_thread_blocked, id=13440, stack(0x00000000252b0000,0x00000000253b0000)]
  0x0000000001f28000 JavaThread "C1 CompilerThread2" daemon [_thread_blocked, id=8840, stack(0x0000000024db0000,0x0000000024eb0000)]
=>0x0000000001f20000 JavaThread "C2 CompilerThread1" daemon [_thread_in_native, id=6184, stack(0x0000000024cb0000,0x0000000024db0000)]
  0x0000000001f1c000 JavaThread "C2 CompilerThread0" daemon [_thread_in_native, id=8892, stack(0x0000000024bb0000,0x0000000024cb0000)]
  0x0000000001f1a800 JavaThread "Attach Listener" daemon [_thread_blocked, id=4284, stack(0x0000000024ab0000,0x0000000024bb0000)]
  0x0000000001f19800 JavaThread "Signal Dispatcher" daemon [_thread_blocked, id=13792, stack(0x00000000249b0000,0x0000000024ab0000)]
  0x0000000001115000 JavaThread "Finalizer" daemon [_thread_blocked, id=948, stack(0x00000000248b0000,0x00000000249b0000)]
  0x0000000001ee8000 JavaThread "Reference Handler" daemon [_thread_blocked, id=13988, stack(0x00000000247b0000,0x00000000248b0000)]
  0x0000000001022800 JavaThread "main" [_thread_in_native, id=2368, stack(0x0000000000ee0000,0x0000000000fe0000)]

Other Threads:
  0x0000000001ee6000 VMThread [stack: 0x00000000246b0000,0x00000000247b0000] [id=12100]
  0x0000000024ee9800 WatcherThread [stack: 0x00000000253b0000,0x00000000254b0000] [id=9796]

VM state:not at safepoint (normal execution)

VM Mutex/Monitor currently owned by a thread: None

Heap:
 PSYoungGen      total 931328K, used 591077K [0x00000008d5580000, 0x0000000922980000, 0x0000000d00000000)
  eden space 699392K, 84% used [0x00000008d5580000,0x00000008f96b96e0,0x0000000900080000)
  from space 231936K, 0% used [0x000000090ff00000,0x000000090ff00000,0x000000091e180000)
  to   space 260608K, 0% used [0x0000000900080000,0x0000000900080000,0x000000090ff00000)
 ParOldGen       total 827904K, used 827454K [0x0000000080000000, 0x00000000b2880000, 0x00000008d5580000)
  object space 827904K, 99% used [0x0000000080000000,0x00000000b280f978,0x00000000b2880000)
 Metaspace       used 6666K, capacity 6920K, committed 7168K, reserved 8192K

Card table byte_map: [0x0000000012400000,0x0000000018810000] byte_map_base: 0x0000000012000000

Marking Bits: (ParMarkBitMap*) 0x000000005401b460
 Begin Bits: [0x0000000d00000000, 0x0000000d32000000)
 End Bits:   [0x0000000d32000000, 0x0000000d64000000)

Polling page: 0x0000000000d10000

CodeCache: size=245760Kb used=11701Kb max_used=15003Kb free=234058Kb
 bounds [0x0000000003400000, 0x00000000042c0000, 0x0000000012400000]
 total_blobs=2748 nmethods=2482 adapters=179
 compilation: enabled

Compilation events (10 events):
Event: 49.268 Thread 0x0000000001f28000 nmethod 3114 0x0000000003637050 code [0x00000000036371e0, 0x0000000003637578]
Event: 49.269 Thread 0x0000000001f28000 3116       3       java.util.AbstractMap::hashCode (43 bytes)
Event: 49.269 Thread 0x0000000001f28000 nmethod 3116 0x000000000381b590 code [0x000000000381b760, 0x000000000381be08]
Event: 49.270 Thread 0x0000000001f28000 3118       3       com.android.dx.dex.file.EncodedField::compareTo (12 bytes)
Event: 49.270 Thread 0x0000000001f28000 nmethod 3118 0x0000000003ac5cd0 code [0x0000000003ac5e80, 0x0000000003ac6618]
Event: 49.270 Thread 0x0000000001f28000 3119       3       com.android.dx.dex.file.EncodedField::compareTo (9 bytes)
Event: 49.270 Thread 0x0000000001f28000 nmethod 3119 0x00000000038cbd10 code [0x00000000038cbe80, 0x00000000038cc248]
Event: 49.270 Thread 0x0000000001f28000 3120       3       com.android.dx.rop.annotation.Annotation::hashCode (36 bytes)
Event: 49.271 Thread 0x0000000001f28000 nmethod 3120 0x00000000038cb310 code [0x00000000038cb4c0, 0x00000000038cba88]
Event: 49.271 Thread 0x0000000001f28000 3121       3       java.lang.Enum::hashCode (5 bytes)

GC Heap History (10 events):
Event: 28.285 GC heap before
{Heap before GC invocations=23 (full 5):
 PSYoungGen      total 931328K, used 231924K [0x00000008d5580000, 0x0000000922980000, 0x0000000d00000000)
  eden space 699392K, 0% used [0x00000008d5580000,0x00000008d5580000,0x0000000900080000)
  from space 231936K, 99% used [0x000000090ff00000,0x000000091e17d0a0,0x000000091e180000)
  to   space 260608K, 0% used [0x0000000900080000,0x0000000900080000,0x000000090ff00000)
 ParOldGen       total 827904K, used 827507K [0x0000000080000000, 0x00000000b2880000, 0x00000008d5580000)
  object space 827904K, 99% used [0x0000000080000000,0x00000000b281ce40,0x00000000b2880000)
 Metaspace       used 6595K, capacity 6920K, committed 7168K, reserved 8192K
Event: 32.103 GC heap after
Heap after GC invocations=23 (full 5):
 PSYoungGen      total 931328K, used 209729K [0x00000008d5580000, 0x0000000922980000, 0x0000000d00000000)
  eden space 699392K, 0% used [0x00000008d5580000,0x00000008d5580000,0x0000000900080000)
  from space 231936K, 90% used [0x000000090ff00000,0x000000091cbd0778,0x000000091e180000)
  to   space 260608K, 0% used [0x0000000900080000,0x0000000900080000,0x000000090ff00000)
 ParOldGen       total 827904K, used 827769K [0x0000000080000000, 0x00000000b2880000, 0x00000008d5580000)
  object space 827904K, 99% used [0x0000000080000000,0x00000000b285e668,0x00000000b2880000)
 Metaspace       used 6595K, capacity 6920K, committed 7168K, reserved 8192K
}
Event: 34.586 GC heap before
{Heap before GC invocations=24 (full 6):
 PSYoungGen      total 931328K, used 909121K [0x00000008d5580000, 0x0000000922980000, 0x0000000d00000000)
  eden space 699392K, 100% used [0x00000008d5580000,0x0000000900080000,0x0000000900080000)
  from space 231936K, 90% used [0x000000090ff00000,0x000000091cbd0778,0x000000091e180000)
  to   space 260608K, 0% used [0x0000000900080000,0x0000000900080000,0x000000090ff00000)
 ParOldGen       total 827904K, used 827769K [0x0000000080000000, 0x00000000b2880000, 0x00000008d5580000)
  object space 827904K, 99% used [0x0000000080000000,0x00000000b285e668,0x00000000b2880000)
 Metaspace       used 6595K, capacity 6920K, committed 7168K, reserved 8192K
Event: 37.726 GC heap after
Heap after GC invocations=24 (full 6):
 PSYoungGen      total 931328K, used 154341K [0x00000008d5580000, 0x0000000922980000, 0x0000000d00000000)
  eden space 699392K, 22% used [0x00000008d5580000,0x00000008dec39520,0x0000000900080000)
  from space 231936K, 0% used [0x000000090ff00000,0x000000090ff00000,0x000000091e180000)
  to   space 260608K, 0% used [0x0000000900080000,0x0000000900080000,0x000000090ff00000)
 ParOldGen       total 827904K, used 827750K [0x0000000080000000, 0x00000000b2880000, 0x00000008d5580000)
  object space 827904K, 99% used [0x0000000080000000,0x00000000b2859b08,0x00000000b2880000)
 Metaspace       used 6595K, capacity 6920K, committed 7168K, reserved 8192K
}
Event: 38.304 GC heap before
{Heap before GC invocations=25 (full 7):
 PSYoungGen      total 931328K, used 699392K [0x00000008d5580000, 0x0000000922980000, 0x0000000d00000000)
  eden space 699392K, 100% used [0x00000008d5580000,0x0000000900080000,0x0000000900080000)
  from space 231936K, 0% used [0x000000090ff00000,0x000000090ff00000,0x000000091e180000)
  to   space 260608K, 0% used [0x0000000900080000,0x0000000900080000,0x000000090ff00000)
 ParOldGen       total 827904K, used 827750K [0x0000000080000000, 0x00000000b2880000, 0x00000008d5580000)
  object space 827904K, 99% used [0x0000000080000000,0x00000000b2859b08,0x00000000b2880000)
 Metaspace       used 6596K, capacity 6920K, committed 7168K, reserved 8192K
Event: 41.433 GC heap after
Heap after GC invocations=25 (full 7):
 PSYoungGen      total 931328K, used 177372K [0x00000008d5580000, 0x0000000922980000, 0x0000000d00000000)
  eden space 699392K, 25% used [0x00000008d5580000,0x00000008e02b70f8,0x0000000900080000)
  from space 231936K, 0% used [0x000000090ff00000,0x000000090ff00000,0x000000091e180000)
  to   space 260608K, 0% used [0x0000000900080000,0x0000000900080000,0x000000090ff00000)
 ParOldGen       total 827904K, used 827755K [0x0000000080000000, 0x00000000b2880000, 0x00000008d5580000)
  object space 827904K, 99% used [0x0000000080000000,0x00000000b285acc0,0x00000000b2880000)
 Metaspace       used 6596K, capacity 6920K, committed 7168K, reserved 8192K
}
Event: 41.949 GC heap before
{Heap before GC invocations=26 (full 8):
 PSYoungGen      total 931328K, used 699392K [0x00000008d5580000, 0x0000000922980000, 0x0000000d00000000)
  eden space 699392K, 100% used [0x00000008d5580000,0x0000000900080000,0x0000000900080000)
  from space 231936K, 0% used [0x000000090ff00000,0x000000090ff00000,0x000000091e180000)
  to   space 260608K, 0% used [0x0000000900080000,0x0000000900080000,0x000000090ff00000)
 ParOldGen       total 827904K, used 827755K [0x0000000080000000, 0x00000000b2880000, 0x00000008d5580000)
  object space 827904K, 99% used [0x0000000080000000,0x00000000b285acc0,0x00000000b2880000)
 Metaspace       used 6596K, capacity 6920K, committed 7168K, reserved 8192K
Event: 44.920 GC heap after
Heap after GC invocations=26 (full 8):
 PSYoungGen      total 931328K, used 262565K [0x00000008d5580000, 0x0000000922980000, 0x0000000d00000000)
  eden space 699392K, 37% used [0x00000008d5580000,0x00000008e55e9600,0x0000000900080000)
  from space 231936K, 0% used [0x000000090ff00000,0x000000090ff00000,0x000000091e180000)
  to   space 260608K, 0% used [0x0000000900080000,0x0000000900080000,0x000000090ff00000)
 ParOldGen       total 827904K, used 827462K [0x0000000080000000, 0x00000000b2880000, 0x00000008d5580000)
  object space 827904K, 99% used [0x0000000080000000,0x00000000b28119a0,0x00000000b2880000)
 Metaspace       used 6596K, capacity 6920K, committed 7168K, reserved 8192K
}
Event: 45.778 GC heap before
{Heap before GC invocations=27 (full 9):
 PSYoungGen      total 931328K, used 699392K [0x00000008d5580000, 0x0000000922980000, 0x0000000d00000000)
  eden space 699392K, 100% used [0x00000008d5580000,0x0000000900080000,0x0000000900080000)
  from space 231936K, 0% used [0x000000090ff00000,0x000000090ff00000,0x000000091e180000)
  to   space 260608K, 0% used [0x0000000900080000,0x0000000900080000,0x000000090ff00000)
 ParOldGen       total 827904K, used 827462K [0x0000000080000000, 0x00000000b2880000, 0x00000008d5580000)
  object space 827904K, 99% used [0x0000000080000000,0x00000000b28119a0,0x00000000b2880000)
 Metaspace       used 6596K, capacity 6920K, committed 7168K, reserved 8192K
Event: 49.181 GC heap after
Heap after GC invocations=27 (full 9):
 PSYoungGen      total 931328K, used 328739K [0x00000008d5580000, 0x0000000922980000, 0x0000000d00000000)
  eden space 699392K, 47% used [0x00000008d5580000,0x00000008e9688f18,0x0000000900080000)
  from space 231936K, 0% used [0x000000090ff00000,0x000000090ff00000,0x000000091e180000)
  to   space 260608K, 0% used [0x0000000900080000,0x0000000900080000,0x000000090ff00000)
 ParOldGen       total 827904K, used 827454K [0x0000000080000000, 0x00000000b2880000, 0x00000008d5580000)
  object space 827904K, 99% used [0x0000000080000000,0x00000000b280f978,0x00000000b2880000)
 Metaspace       used 6596K, capacity 6920K, committed 7168K, reserved 8192K
}

Deoptimization events (10 events):
Event: 27.785 Thread 0x0000000025765000 Uncommon trap: reason=class_check action=maybe_recompile pc=0x0000000003bbfcc0 method=com.android.dx.ssa.back.InterferenceGraph.mergeInterferenceSet(ILcom/android/dx/util/IntSet;)V @ 20
Event: 27.785 Thread 0x0000000025765000 Uncommon trap: reason=class_check action=maybe_recompile pc=0x0000000003bbfcc0 method=com.android.dx.ssa.back.InterferenceGraph.mergeInterferenceSet(ILcom/android/dx/util/IntSet;)V @ 20
Event: 27.791 Thread 0x0000000025765000 Uncommon trap: reason=class_check action=maybe_recompile pc=0x0000000003bbfcc0 method=com.android.dx.ssa.back.InterferenceGraph.mergeInterferenceSet(ILcom/android/dx/util/IntSet;)V @ 20
Event: 38.297 Thread 0x0000000001022800 Uncommon trap: reason=null_check action=make_not_entrant pc=0x00000000041502d0 method=com.android.dx.rop.cst.CstKnownNull.equals(Ljava/lang/Object;)Z @ 1
Event: 49.266 Thread 0x0000000027f6a000 Uncommon trap: reason=class_check action=maybe_recompile pc=0x000000000393df94 method=java.util.Arrays.hashCode([Ljava/lang/Object;)I @ 43
Event: 49.266 Thread 0x0000000027f6a000 Uncommon trap: reason=class_check action=maybe_recompile pc=0x000000000393df94 method=java.util.Arrays.hashCode([Ljava/lang/Object;)I @ 43
Event: 49.266 Thread 0x0000000027f6a000 Uncommon trap: reason=class_check action=maybe_recompile pc=0x000000000393df94 method=java.util.Arrays.hashCode([Ljava/lang/Object;)I @ 43
Event: 49.267 Thread 0x0000000027f6a000 Uncommon trap: reason=class_check action=maybe_recompile pc=0x000000000393df94 method=java.util.Arrays.hashCode([Ljava/lang/Object;)I @ 43
Event: 49.267 Thread 0x0000000027f6a000 Uncommon trap: reason=class_check action=maybe_recompile pc=0x0000000003925d8c method=java.util.Arrays.hashCode([Ljava/lang/Object;)I @ 43
Event: 49.267 Thread 0x0000000027f6a000 Uncommon trap: reason=unreached action=reinterpret pc=0x00000000037bbc88 method=java.util.Arrays.sort([Ljava/lang/Object;IILjava/util/Comparator;)V @ 1

Internal exceptions (10 events):
Event: 10.766 Thread 0x0000000001022800 Implicit null exception at 0x00000000035d42e8 to 0x00000000035d48d9
Event: 12.324 Thread 0x0000000025765000 Implicit null exception at 0x0000000003fa2bd4 to 0x0000000003fa3949
Event: 17.141 Thread 0x0000000001022800 Exception <a 'java/security/PrivilegedActionException'> (0x00000008ecc5e940) thrown at [D:\re\workspace\8-2-build-windows-amd64-cygwin\jdk8u20\1074\hotspot\src\share\vm\prims\jvm.cpp, line 1275]
Event: 18.784 Thread 0x000000002528e800 Exception <a 'java/security/PrivilegedActionException'> (0x00000008ec68de88) thrown at [D:\re\workspace\8-2-build-windows-amd64-cygwin\jdk8u20\1074\hotspot\src\share\vm\prims\jvm.cpp, line 1275]
Event: 19.000 Thread 0x0000000001022800 Implicit null exception at 0x0000000003a66297 to 0x0000000003a67381
Event: 24.288 Thread 0x0000000025765000 Exception <a 'java/security/PrivilegedActionException'> (0x00000008d60337a0) thrown at [D:\re\workspace\8-2-build-windows-amd64-cygwin\jdk8u20\1074\hotspot\src\share\vm\prims\jvm.cpp, line 1275]
Event: 24.302 Thread 0x0000000025765000 Exception <a 'java/security/PrivilegedActionException'> (0x00000008d60a45f0) thrown at [D:\re\workspace\8-2-build-windows-amd64-cygwin\jdk8u20\1074\hotspot\src\share\vm\prims\jvm.cpp, line 1275]
Event: 38.297 Thread 0x0000000001022800 Implicit null exception at 0x000000000415029c to 0x00000000041502c4
Event: 49.236 Thread 0x0000000001022800 Exception <a 'java/security/PrivilegedActionException'> (0x00000008e99b5420) thrown at [D:\re\workspace\8-2-build-windows-amd64-cygwin\jdk8u20\1074\hotspot\src\share\vm\prims\jvm.cpp, line 1275]
Event: 49.267 Thread 0x0000000027f6a000 Implicit null exception at 0x00000000037ba779 to 0x00000000037bbc69

Events (10 events):
Event: 49.267 Thread 0x0000000027f6a000 DEOPT PACKING pc=0x000000000393df94 sp=0x000000002824e930
Event: 49.267 Thread 0x0000000027f6a000 DEOPT UNPACKING pc=0x000000000344556a sp=0x000000002824e860 mode 2
Event: 49.267 Thread 0x0000000027f6a000 Uncommon trap: trap_request=0xffffffde fr.pc=0x0000000003925d8c
Event: 49.267 Thread 0x0000000027f6a000 DEOPT PACKING pc=0x0000000003925d8c sp=0x000000002824e8e0
Event: 49.267 Thread 0x0000000027f6a000 DEOPT UNPACKING pc=0x000000000344556a sp=0x000000002824e868 mode 2
Event: 49.267 Thread 0x0000000027f6a000 Uncommon trap: trap_request=0xffffffad fr.pc=0x00000000037bbc88
Event: 49.267 Thread 0x0000000027f6a000 DEOPT PACKING pc=0x00000000037bbc88 sp=0x000000002824ebe0
Event: 49.267 Thread 0x0000000027f6a000 DEOPT UNPACKING pc=0x000000000344556a sp=0x000000002824ebd8 mode 2
Event: 49.271 loading class com/android/dx/rop/cst/Zeroes
Event: 49.271 loading class com/android/dx/rop/cst/Zeroes done


Dynamic libraries:
0x00007ff7d3eb0000 - 0x00007ff7d3ee4000 	C:\Program Files\Java\jdk1.8.0_20\bin\java.exe
0x00007ff9b0c20000 - 0x00007ff9b0df1000 	C:\WINDOWS\SYSTEM32\ntdll.dll
0x00007ff9b0060000 - 0x00007ff9b010b000 	C:\WINDOWS\System32\KERNEL32.DLL
0x00007ff9adb20000 - 0x00007ff9add3d000 	C:\WINDOWS\System32\KERNELBASE.dll
0x00007ff9b0210000 - 0x00007ff9b02b2000 	C:\WINDOWS\System32\ADVAPI32.dll
0x00007ff9affc0000 - 0x00007ff9b005e000 	C:\WINDOWS\System32\msvcrt.dll
0x00007ff9b0bc0000 - 0x00007ff9b0c19000 	C:\WINDOWS\System32\sechost.dll
0x00007ff9b0970000 - 0x00007ff9b0a91000 	C:\WINDOWS\System32\RPCRT4.dll
0x00007ff9b07f0000 - 0x00007ff9b0955000 	C:\WINDOWS\System32\USER32.dll
0x00007ff9ad300000 - 0x00007ff9ad31e000 	C:\WINDOWS\System32\win32u.dll
0x00007ff9b02c0000 - 0x00007ff9b02f4000 	C:\WINDOWS\System32\GDI32.dll
0x00007ff9adda0000 - 0x00007ff9adf22000 	C:\WINDOWS\System32\gdi32full.dll
0x00007ff9a7ae0000 - 0x00007ff9a7d5a000 	C:\WINDOWS\WinSxS\amd64_microsoft.windows.common-controls_6595b64144ccf1df_6.0.14393.351_none_4213128bc687e6d3\COMCTL32.dll
0x00007ff9b03c0000 - 0x00007ff9b0687000 	C:\WINDOWS\System32\combase.dll
0x00007ff9ad1b0000 - 0x00007ff9ad2a5000 	C:\WINDOWS\System32\ucrtbase.dll
0x00007ff9ad320000 - 0x00007ff9ad38a000 	C:\WINDOWS\System32\bcryptPrimitives.dll
0x00007ff9ae370000 - 0x00007ff9ae39e000 	C:\WINDOWS\System32\IMM32.DLL
0x0000000054c30000 - 0x0000000054d02000 	C:\Program Files\Java\jdk1.8.0_20\jre\bin\msvcr100.dll
0x0000000053840000 - 0x0000000054098000 	C:\Program Files\Java\jdk1.8.0_20\jre\bin\server\jvm.dll
0x00007ff9b0960000 - 0x00007ff9b0968000 	C:\WINDOWS\System32\PSAPI.DLL
0x00007ff9a2eb0000 - 0x00007ff9a2eb9000 	C:\WINDOWS\SYSTEM32\WSOCK32.dll
0x00007ff9ab2a0000 - 0x00007ff9ab2c3000 	C:\WINDOWS\SYSTEM32\WINMM.dll
0x00007ff9aea40000 - 0x00007ff9aeaaa000 	C:\WINDOWS\System32\WS2_32.dll
0x00007ff9ab270000 - 0x00007ff9ab29b000 	C:\WINDOWS\SYSTEM32\WINMMBASE.dll
0x00007ff9ad2b0000 - 0x00007ff9ad2f2000 	C:\WINDOWS\System32\cfgmgr32.dll
0x00000000550b0000 - 0x00000000550bf000 	C:\Program Files\Java\jdk1.8.0_20\jre\bin\verify.dll
0x0000000055080000 - 0x00000000550a8000 	C:\Program Files\Java\jdk1.8.0_20\jre\bin\java.dll
0x0000000055060000 - 0x0000000055076000 	C:\Program Files\Java\jdk1.8.0_20\jre\bin\zip.dll
0x00007ff9aeab0000 - 0x00007ff9affb9000 	C:\WINDOWS\System32\SHELL32.dll
0x00007ff9ad440000 - 0x00007ff9adb1a000 	C:\WINDOWS\System32\windows.storage.dll
0x00007ff9ad0b0000 - 0x00007ff9ad0fc000 	C:\WINDOWS\System32\powrprof.dll
0x00007ff9ae970000 - 0x00007ff9ae9c2000 	C:\WINDOWS\System32\shlwapi.dll
0x00007ff9ad0a0000 - 0x00007ff9ad0af000 	C:\WINDOWS\System32\kernel.appcore.dll
0x00007ff9adf30000 - 0x00007ff9adfd9000 	C:\WINDOWS\System32\shcore.dll
0x00007ff9ad080000 - 0x00007ff9ad094000 	C:\WINDOWS\System32\profapi.dll
0x00007ff9a64b0000 - 0x00007ff9a6642000 	C:\WINDOWS\SYSTEM32\dbghelp.dll

VM Arguments:
jvm_args: -Djava.awt.headless=true -Xmx50g -Dfile.encoding=windows-1251 -Duser.country=RU -Duser.language=ru -Duser.variant 
java_command: com.android.dx.command.Main --dex --num-threads=4 --multi-dex --main-dex-list C:\Users\User\Documents\GitHub\iCRM\iCRM\app\build\intermediates\multi-dex\debug\maindexlist.txt --output C:\Users\User\Documents\GitHub\iCRM\iCRM\app\build\intermediates\transforms\dex\debug\folders\1000\1f\main C:\Users\User\Documents\GitHub\iCRM\iCRM\app\build\intermediates\transforms\jarMerging\debug\jars\1\1f\combined.jar
java_class_path (initial): C:\Users\User\AppData\Local\Android\sdk\build-tools\23.0.3\lib\dx.jar
Launcher Type: SUN_STANDARD

Environment Variables:
PATH=C:\ProgramData\Oracle\Java\javapath;C:\Program Files\Broadcom\Broadcom 802.11 Network Adapter;C:\Program Files (x86)\NVIDIA Corporation\PhysX\Common;C:\Program Files (x86)\Intel\iCLS Client\;C:\Program Files\Intel\iCLS Client\;C:\Windows\system32;C:\Windows;C:\Windows\System32\Wbem;C:\Windows\System32\WindowsPowerShell\v1.0\;C:\Program Files\Intel\Intel(R) Management Engine Components\DAL;C:\Program Files\Intel\Intel(R) Management Engine Components\IPT;C:\Program Files (x86)\Intel\Intel(R) Management Engine Components\DAL;C:\Program Files (x86)\Intel\Intel(R) Management Engine Components\IPT;C:\Program Files\WIDCOMM\Bluetooth Software\;C:\Program Files\WIDCOMM\Bluetooth Software\syswow64;C:\Program Files\Acer\Remote Files\;C:\Program Files (x86)\Skype\Phone\;C:\Program Files\OpenVPN\bin;C:\WINDOWS\system32;C:\WINDOWS;C:\WINDOWS\System32\Wbem;C:\WINDOWS\System32\WindowsPowerShell\v1.0\;C:\Users\User\AppData\Local\Microsoft\WindowsApps;
USERNAME=User
OS=Windows_NT
PROCESSOR_IDENTIFIER=Intel64 Family 6 Model 69 Stepping 1, GenuineIntel



---------------  S Y S T E M  ---------------

OS: Windows 8.1 , 64 bit Build 9600 

CPU:total 4 (2 cores per cpu, 2 threads per core) family 6 model 69 stepping 1, cmov, cx8, fxsr, mmx, sse, sse2, sse3, ssse3, sse4.1, sse4.2, popcnt, avx, avx2, aes, clmul, erms, lzcnt, ht, tsc, tscinvbit, bmi1, bmi2

Memory: 4k page, physical 8310040k(796804k free), swap 12406040k(3980k free)

vm_info: Java HotSpot(TM) 64-Bit Server VM (25.20-b23) for windows-amd64 JRE (1.8.0_20-b26), built on Jul 30 2014 13:51:23 by "java_re" with MS VC++ 10.0 (VS2010)

time: Wed Nov 02 17:48:16 2016
elapsed time: 49 seconds (0d 0h 0m 49s)

