#
# There is insufficient memory for the Java Runtime Environment to continue.
# Native memory allocation (malloc) failed to allocate 65552 bytes for Chunk::new
# Possible reasons:
#   The system is out of physical RAM or swap space
#   In 32 bit mode, the process size limit was hit
# Possible solutions:
#   Reduce memory load on the system
#   Increase physical memory or swap space
#   Check if swap backing store is full
#   Use 64 bit Java on a 64 bit OS
#   Decrease Java heap size (-Xmx/-Xms)
#   Decrease number of Java threads
#   Decrease Java thread stack sizes (-Xss)
#   Set larger code cache with -XX:ReservedCodeCacheSize=
# This output file may be truncated or incomplete.
#
#  Out of Memory Error (allocation.cpp:390), pid=13448, tid=0x0000000000001670
#
# JRE version: OpenJDK Runtime Environment (8.0_112-b06) (build 1.8.0_112-release-b06)
# Java VM: OpenJDK 64-Bit Server VM (25.112-b06 mixed mode windows-amd64 )
# Failed to write core dump. Minidumps are not enabled by default on client versions of Windows
#

---------------  T H R E A D  ---------------

Current thread (0x0000000001e4b000):  JavaThread "C2 CompilerThread0" daemon [_thread_in_native, id=5744, stack(0x0000000024fa0000,0x00000000250a0000)]

Stack: [0x0000000024fa0000,0x00000000250a0000]
[error occurred during error reporting (printing stack bounds), id 0xc0000005]

Native frames: (J=compiled Java code, j=interpreted, Vv=VM code, C=native code)


Current CompileTask:
C2:   9469 2598   !   4       com.android.dx.rop.code.RegisterSpec::intern (70 bytes)


---------------  P R O C E S S  ---------------

Java Threads: ( => current thread )
  0x00000000254ec800 JavaThread "pool-1-thread-1" [_thread_in_Java, id=692, stack(0x0000000027570000,0x0000000027670000)]
  0x00000000252a1800 JavaThread "Service Thread" daemon [_thread_blocked, id=14132, stack(0x00000000256a0000,0x00000000257a0000)]
  0x0000000001e52000 JavaThread "C1 CompilerThread2" daemon [_thread_blocked, id=11976, stack(0x00000000251a0000,0x00000000252a0000)]
  0x0000000001e4d800 JavaThread "C2 CompilerThread1" daemon [_thread_in_native, id=12636, stack(0x00000000250a0000,0x00000000251a0000)]
=>0x0000000001e4b000 JavaThread "C2 CompilerThread0" daemon [_thread_in_native, id=5744, stack(0x0000000024fa0000,0x00000000250a0000)]
  0x0000000001e49800 JavaThread "Attach Listener" daemon [_thread_blocked, id=9076, stack(0x0000000024ea0000,0x0000000024fa0000)]
  0x0000000001e55800 JavaThread "Signal Dispatcher" daemon [_thread_blocked, id=6128, stack(0x0000000024da0000,0x0000000024ea0000)]
  0x00000000014e5800 JavaThread "Finalizer" daemon [_thread_blocked, id=2136, stack(0x0000000024bb0000,0x0000000024cb0000)]
  0x00000000014e0000 JavaThread "Reference Handler" daemon [_thread_blocked, id=1328, stack(0x0000000024ab0000,0x0000000024bb0000)]
  0x00000000013f0800 JavaThread "main" [_thread_blocked, id=14008, stack(0x0000000001130000,0x0000000001230000)]

Other Threads:
  0x0000000001e14800 VMThread [stack: 0x00000000249b0000,0x0000000024ab0000] [id=5340]
  0x00000000252a3000 WatcherThread [stack: 0x00000000257a0000,0x00000000258a0000] [id=16500]

VM state:not at safepoint (normal execution)

VM Mutex/Monitor currently owned by a thread: None

Heap:
 PSYoungGen      total 71680K, used 50922K [0x00000008d5580000, 0x00000008da080000, 0x0000000d00000000)
  eden space 66560K, 76% used [0x00000008d5580000,0x00000008d873aa40,0x00000008d9680000)
  from space 5120K, 0% used [0x00000008d9b80000,0x00000008d9b80000,0x00000008da080000)
  to   space 5120K, 0% used [0x00000008d9680000,0x00000008d9680000,0x00000008d9b80000)
 ParOldGen       total 152064K, used 78936K [0x0000000080000000, 0x0000000089480000, 0x00000008d5580000)
  object space 152064K, 51% used [0x0000000080000000,0x0000000084d16058,0x0000000089480000)
 Metaspace       used 6771K, capacity 7048K, committed 7168K, reserved 8192K

Card table byte_map: [0x0000000012400000,0x0000000018810000] byte_map_base: 0x0000000012000000

Marking Bits: (ParMarkBitMap*) 0x0000000066d518f0
 Begin Bits: [0x0000000d00000000, 0x0000000d32000000)
 End Bits:   [0x0000000d32000000, 0x0000000d64000000)

Polling page: 0x0000000000db0000

CodeCache: size=245760Kb used=10419Kb max_used=10419Kb free=235340Kb
 bounds [0x0000000003400000, 0x0000000003e40000, 0x0000000012400000]
 total_blobs=2778 nmethods=2509 adapters=182
 compilation: enabled

Compilation events (10 events):
Event: 9.380 Thread 0x0000000001e4b000 2598   !   4       com.android.dx.rop.code.RegisterSpec::intern (70 bytes)
Event: 9.382 Thread 0x0000000001e52000 nmethod 2601 0x0000000003e2d250 code [0x0000000003e2d5c0, 0x0000000003e2f6b8]
Event: 9.384 Thread 0x0000000001e52000 2602       3       com.android.dx.dex.file.CodeItem$1::getIndex (20 bytes)
Event: 9.385 Thread 0x0000000001e52000 nmethod 2602 0x0000000003e23bd0 code [0x0000000003e23d60, 0x0000000003e24198]
Event: 9.387 Thread 0x0000000001e52000 2604       1       com.android.dx.dex.code.Dop::getNextOpcode (5 bytes)
Event: 9.387 Thread 0x0000000001e52000 nmethod 2604 0x0000000003e02e50 code [0x0000000003e02fa0, 0x0000000003e030b0]
Event: 9.387 Thread 0x0000000001e52000 2605       3       com.android.dx.dex.code.InsnFormat::unsignedFitsInNibble (14 bytes)
Event: 9.387 Thread 0x0000000001e52000 nmethod 2605 0x0000000003e19f50 code [0x0000000003e1a0a0, 0x0000000003e1a230]
Event: 9.387 Thread 0x0000000001e52000 2607       3       com.android.dx.dex.code.CstInsn::withRegisters (53 bytes)
Event: 9.388 Thread 0x0000000001e52000 nmethod 2607 0x0000000003e23450 code [0x0000000003e235e0, 0x0000000003e23ae8]

GC Heap History (10 events):
Event: 3.892 GC heap before
{Heap before GC invocations=7 (full 0):
 PSYoungGen      total 71680K, used 71653K [0x00000008d5580000, 0x00000008da080000, 0x0000000d00000000)
  eden space 66560K, 100% used [0x00000008d5580000,0x00000008d9680000,0x00000008d9680000)
  from space 5120K, 99% used [0x00000008d9b80000,0x00000008da079648,0x00000008da080000)
  to   space 5120K, 0% used [0x00000008d9680000,0x00000008d9680000,0x00000008d9b80000)
 ParOldGen       total 87552K, used 38611K [0x0000000080000000, 0x0000000085580000, 0x00000008d5580000)
  object space 87552K, 44% used [0x0000000080000000,0x00000000825b4df8,0x0000000085580000)
 Metaspace       used 6418K, capacity 6792K, committed 6912K, reserved 8192K
Event: 3.920 GC heap after
Heap after GC invocations=7 (full 0):
 PSYoungGen      total 71680K, used 5088K [0x00000008d5580000, 0x00000008da080000, 0x0000000d00000000)
  eden space 66560K, 0% used [0x00000008d5580000,0x00000008d5580000,0x00000008d9680000)
  from space 5120K, 99% used [0x00000008d9680000,0x00000008d9b78018,0x00000008d9b80000)
  to   space 5120K, 0% used [0x00000008d9b80000,0x00000008d9b80000,0x00000008da080000)
 ParOldGen       total 87552K, used 48320K [0x0000000080000000, 0x0000000085580000, 0x00000008d5580000)
  object space 87552K, 55% used [0x0000000080000000,0x0000000082f300d8,0x0000000085580000)
 Metaspace       used 6418K, capacity 6792K, committed 6912K, reserved 8192K
}
Event: 4.311 GC heap before
{Heap before GC invocations=8 (full 0):
 PSYoungGen      total 71680K, used 71648K [0x00000008d5580000, 0x00000008da080000, 0x0000000d00000000)
  eden space 66560K, 100% used [0x00000008d5580000,0x00000008d9680000,0x00000008d9680000)
  from space 5120K, 99% used [0x00000008d9680000,0x00000008d9b78018,0x00000008d9b80000)
  to   space 5120K, 0% used [0x00000008d9b80000,0x00000008d9b80000,0x00000008da080000)
 ParOldGen       total 87552K, used 48320K [0x0000000080000000, 0x0000000085580000, 0x00000008d5580000)
  object space 87552K, 55% used [0x0000000080000000,0x0000000082f300d8,0x0000000085580000)
 Metaspace       used 6427K, capacity 6792K, committed 6912K, reserved 8192K
Event: 4.332 GC heap after
Heap after GC invocations=8 (full 0):
 PSYoungGen      total 71680K, used 5088K [0x00000008d5580000, 0x00000008da080000, 0x0000000d00000000)
  eden space 66560K, 0% used [0x00000008d5580000,0x00000008d5580000,0x00000008d9680000)
  from space 5120K, 99% used [0x00000008d9b80000,0x00000008da078018,0x00000008da080000)
  to   space 5120K, 0% used [0x00000008d9680000,0x00000008d9680000,0x00000008d9b80000)
 ParOldGen       total 87552K, used 58922K [0x0000000080000000, 0x0000000085580000, 0x00000008d5580000)
  object space 87552K, 67% used [0x0000000080000000,0x000000008398aad0,0x0000000085580000)
 Metaspace       used 6427K, capacity 6792K, committed 6912K, reserved 8192K
}
Event: 4.930 GC heap before
{Heap before GC invocations=9 (full 0):
 PSYoungGen      total 71680K, used 71648K [0x00000008d5580000, 0x00000008da080000, 0x0000000d00000000)
  eden space 66560K, 100% used [0x00000008d5580000,0x00000008d9680000,0x00000008d9680000)
  from space 5120K, 99% used [0x00000008d9b80000,0x00000008da078018,0x00000008da080000)
  to   space 5120K, 0% used [0x00000008d9680000,0x00000008d9680000,0x00000008d9b80000)
 ParOldGen       total 87552K, used 58922K [0x0000000080000000, 0x0000000085580000, 0x00000008d5580000)
  object space 87552K, 67% used [0x0000000080000000,0x000000008398aad0,0x0000000085580000)
 Metaspace       used 6442K, capacity 6792K, committed 6912K, reserved 8192K
Event: 4.953 GC heap after
Heap after GC invocations=9 (full 0):
 PSYoungGen      total 71680K, used 5088K [0x00000008d5580000, 0x00000008da080000, 0x0000000d00000000)
  eden space 66560K, 0% used [0x00000008d5580000,0x00000008d5580000,0x00000008d9680000)
  from space 5120K, 99% used [0x00000008d9680000,0x00000008d9b78018,0x00000008d9b80000)
  to   space 5120K, 0% used [0x00000008d9b80000,0x00000008d9b80000,0x00000008da080000)
 ParOldGen       total 87552K, used 69523K [0x0000000080000000, 0x0000000085580000, 0x00000008d5580000)
  object space 87552K, 79% used [0x0000000080000000,0x00000000843e4cf0,0x0000000085580000)
 Metaspace       used 6442K, capacity 6792K, committed 6912K, reserved 8192K
}
Event: 7.003 GC heap before
{Heap before GC invocations=10 (full 0):
 PSYoungGen      total 71680K, used 71648K [0x00000008d5580000, 0x00000008da080000, 0x0000000d00000000)
  eden space 66560K, 100% used [0x00000008d5580000,0x00000008d9680000,0x00000008d9680000)
  from space 5120K, 99% used [0x00000008d9680000,0x00000008d9b78018,0x00000008d9b80000)
  to   space 5120K, 0% used [0x00000008d9b80000,0x00000008d9b80000,0x00000008da080000)
 ParOldGen       total 87552K, used 69523K [0x0000000080000000, 0x0000000085580000, 0x00000008d5580000)
  object space 87552K, 79% used [0x0000000080000000,0x00000000843e4cf0,0x0000000085580000)
 Metaspace       used 6445K, capacity 6792K, committed 6912K, reserved 8192K
Event: 7.025 GC heap after
Heap after GC invocations=10 (full 0):
 PSYoungGen      total 71680K, used 5088K [0x00000008d5580000, 0x00000008da080000, 0x0000000d00000000)
  eden space 66560K, 0% used [0x00000008d5580000,0x00000008d5580000,0x00000008d9680000)
  from space 5120K, 99% used [0x00000008d9b80000,0x00000008da078018,0x00000008da080000)
  to   space 5120K, 0% used [0x00000008d9680000,0x00000008d9680000,0x00000008d9b80000)
 ParOldGen       total 87552K, used 80566K [0x0000000080000000, 0x0000000085580000, 0x00000008d5580000)
  object space 87552K, 92% used [0x0000000080000000,0x0000000084ead810,0x0000000085580000)
 Metaspace       used 6445K, capacity 6792K, committed 6912K, reserved 8192K
}
Event: 7.025 GC heap before
{Heap before GC invocations=11 (full 1):
 PSYoungGen      total 71680K, used 5088K [0x00000008d5580000, 0x00000008da080000, 0x0000000d00000000)
  eden space 66560K, 0% used [0x00000008d5580000,0x00000008d5580000,0x00000008d9680000)
  from space 5120K, 99% used [0x00000008d9b80000,0x00000008da078018,0x00000008da080000)
  to   space 5120K, 0% used [0x00000008d9680000,0x00000008d9680000,0x00000008d9b80000)
 ParOldGen       total 87552K, used 80566K [0x0000000080000000, 0x0000000085580000, 0x00000008d5580000)
  object space 87552K, 92% used [0x0000000080000000,0x0000000084ead810,0x0000000085580000)
 Metaspace       used 6445K, capacity 6792K, committed 6912K, reserved 8192K
Event: 7.864 GC heap after
Heap after GC invocations=11 (full 1):
 PSYoungGen      total 71680K, used 0K [0x00000008d5580000, 0x00000008da080000, 0x0000000d00000000)
  eden space 66560K, 0% used [0x00000008d5580000,0x00000008d5580000,0x00000008d9680000)
  from space 5120K, 0% used [0x00000008d9b80000,0x00000008d9b80000,0x00000008da080000)
  to   space 5120K, 0% used [0x00000008d9680000,0x00000008d9680000,0x00000008d9b80000)
 ParOldGen       total 152064K, used 78936K [0x0000000080000000, 0x0000000089480000, 0x00000008d5580000)
  object space 152064K, 51% used [0x0000000080000000,0x0000000084d16058,0x0000000089480000)
 Metaspace       used 6445K, capacity 6792K, committed 6912K, reserved 8192K
}

Deoptimization events (10 events):
Event: 7.967 Thread 0x00000000254ec800 Uncommon trap: reason=class_check action=maybe_recompile pc=0x00000000039841f8 method=java.util.Arrays.hashCode([Ljava/lang/Object;)I @ 43
Event: 7.967 Thread 0x00000000254ec800 Uncommon trap: reason=class_check action=maybe_recompile pc=0x000000000397d610 method=java.util.Arrays.hashCode([Ljava/lang/Object;)I @ 43
Event: 8.409 Thread 0x00000000254ec800 Uncommon trap: reason=speculate_class_check action=maybe_recompile pc=0x00000000037677e0 method=com.android.dx.util.FixedSizeList.equals(Ljava/lang/Object;)Z @ 25
Event: 8.409 Thread 0x00000000254ec800 Uncommon trap: reason=class_check action=maybe_recompile pc=0x00000000037664a8 method=java.util.Arrays.equals([Ljava/lang/Object;[Ljava/lang/Object;)Z @ 62
Event: 8.409 Thread 0x00000000254ec800 Uncommon trap: reason=speculate_class_check action=maybe_recompile pc=0x00000000037677e0 method=com.android.dx.util.FixedSizeList.equals(Ljava/lang/Object;)Z @ 25
Event: 8.409 Thread 0x00000000254ec800 Uncommon trap: reason=class_check action=maybe_recompile pc=0x00000000037664a8 method=java.util.Arrays.equals([Ljava/lang/Object;[Ljava/lang/Object;)Z @ 62
Event: 8.409 Thread 0x00000000254ec800 Uncommon trap: reason=speculate_class_check action=maybe_recompile pc=0x00000000037677e0 method=com.android.dx.util.FixedSizeList.equals(Ljava/lang/Object;)Z @ 25
Event: 8.409 Thread 0x00000000254ec800 Uncommon trap: reason=unstable_if action=reinterpret pc=0x0000000003766484 method=java.util.Arrays.equals([Ljava/lang/Object;[Ljava/lang/Object;)Z @ 23
Event: 8.410 Thread 0x00000000254ec800 Uncommon trap: reason=speculate_class_check action=maybe_recompile pc=0x00000000037677e0 method=com.android.dx.util.FixedSizeList.equals(Ljava/lang/Object;)Z @ 25
Event: 8.410 Thread 0x00000000254ec800 Uncommon trap: reason=unstable_if action=reinterpret pc=0x0000000003d00958 method=java.util.TreeMap.put(Ljava/lang/Object;Ljava/lang/Object;)Ljava/lang/Object; @ 163

Internal exceptions (10 events):
Event: 0.351 Thread 0x00000000013f0800 Exception <a 'java/lang/NoSuchMethodError': Method sun.misc.Unsafe.defineClass(Ljava/lang/String;[BII)Ljava/lang/Class; name or signature does not match> (0x00000008d558b8b8) thrown at [C:\src\android\AOSP-openjdk\external\jetbrains\jdk\hotspot\src\share\veß1,}Ö?
Event: 0.351 Thread 0x00000000013f0800 Exception <a 'java/lang/NoSuchMethodError': Method sun.misc.Unsafe.prefetchRead(Ljava/lang/Object;J)V name or signature does not match> (0x00000008d558bc80) thrown at [C:\src\android\AOSP-openjdk\external\jetbrains\jdk\hotspot\src\share\vm\prims\jni.cpp, lÜù€_aþþ?
Event: 1.937 Thread 0x00000000254e9000 Implicit null exception at 0x00000000036f9b6b to 0x00000000036fc001
Event: 2.470 Thread 0x00000000254e9000 Implicit null exception at 0x00000000036ea852 to 0x00000000036ea94b
Event: 3.533 Thread 0x00000000254ec800 Exception <a 'java/lang/ArrayIndexOutOfBoundsException': 18> (0x00000008d56a29f8) thrown at [C:\src\android\AOSP-openjdk\external\jetbrains\jdk\hotspot\src\share\vm\interpreter\interpreterRuntime.cpp, line 366]
Event: 3.534 Thread 0x00000000254ec800 Exception <a 'java/lang/ArrayIndexOutOfBoundsException': 145> (0x00000008d56a4e50) thrown at [C:\src\android\AOSP-openjdk\external\jetbrains\jdk\hotspot\src\share\vm\interpreter\interpreterRuntime.cpp, line 366]
Event: 3.535 Thread 0x00000000254ec800 Exception <a 'java/lang/ArrayIndexOutOfBoundsException'> (0x00000008d56a6778) thrown at [C:\src\android\AOSP-openjdk\external\jetbrains\jdk\hotspot\src\share\vm\runtime\sharedRuntime.cpp, line 605]
Event: 5.898 Thread 0x00000000254e9000 Implicit null exception at 0x0000000003b4c676 to 0x0000000003b4ffdd
Event: 5.898 Thread 0x00000000254e9000 Implicit null exception at 0x0000000003bc0516 to 0x0000000003bc06b9
Event: 5.901 Thread 0x00000000254e9000 Implicit null exception at 0x0000000003afba84 to 0x0000000003afd5f1

Events (10 events):
Event: 9.357 Thread 0x00000000254ec800 DEOPT PACKING pc=0x0000000003d7ab45 sp=0x000000002766ef70
Event: 9.357 Thread 0x00000000254ec800 DEOPT UNPACKING pc=0x00000000034475bf sp=0x000000002766ece0 mode 0
Event: 9.357 Thread 0x00000000254ec800 DEOPT PACKING pc=0x0000000003d7b863 sp=0x000000002766ed70
Event: 9.357 Thread 0x00000000254ec800 DEOPT UNPACKING pc=0x00000000034475bf sp=0x000000002766eaf0 mode 0
Event: 9.368 Thread 0x00000000254ec800 DEOPT PACKING pc=0x0000000003d73b11 sp=0x000000002766ef10
Event: 9.368 Thread 0x00000000254ec800 DEOPT UNPACKING pc=0x00000000034475bf sp=0x000000002766ec60 mode 0
Event: 9.370 Thread 0x00000000254ec800 DEOPT PACKING pc=0x0000000003d75142 sp=0x000000002766ed00
Event: 9.370 Thread 0x00000000254ec800 DEOPT UNPACKING pc=0x00000000034475bf sp=0x000000002766eab8 mode 0
Event: 9.386 Thread 0x00000000254ec800 DEOPT PACKING pc=0x0000000003d73b11 sp=0x000000002766edc0
Event: 9.386 Thread 0x00000000254ec800 DEOPT UNPACKING pc=0x00000000034475bf sp=0x000000002766eb10 mode 0


Dynamic libraries:
0x00007ff65f660000 - 0x00007ff65f691000 	C:\Program Files\Android\Android Studio\jre\bin\java.exe
0x00007fff75380000 - 0x00007fff75551000 	C:\WINDOWS\SYSTEM32\ntdll.dll
0x00007fff73760000 - 0x00007fff7380b000 	C:\WINDOWS\System32\KERNEL32.DLL
0x00007fff71c60000 - 0x00007fff71e7d000 	C:\WINDOWS\System32\KERNELBASE.dll
0x00007fff72a80000 - 0x00007fff72b22000 	C:\WINDOWS\System32\ADVAPI32.dll
0x00007fff73120000 - 0x00007fff731be000 	C:\WINDOWS\System32\msvcrt.dll
0x00007fff73840000 - 0x00007fff73899000 	C:\WINDOWS\System32\sechost.dll
0x00007fff72b30000 - 0x00007fff72c51000 	C:\WINDOWS\System32\RPCRT4.dll
0x00007fff72910000 - 0x00007fff72a75000 	C:\WINDOWS\System32\USER32.dll
0x00007fff71ac0000 - 0x00007fff71ade000 	C:\WINDOWS\System32\win32u.dll
0x00007fff72d00000 - 0x00007fff72d34000 	C:\WINDOWS\System32\GDI32.dll
0x00007fff71e80000 - 0x00007fff72002000 	C:\WINDOWS\System32\gdi32full.dll
0x00007fff66140000 - 0x00007fff663ba000 	C:\WINDOWS\WinSxS\amd64_microsoft.windows.common-controls_6595b64144ccf1df_6.0.14393.953_none_42151e83c686086b\COMCTL32.dll
0x00007fff73390000 - 0x00007fff73658000 	C:\WINDOWS\System32\combase.dll
0x00007fff71910000 - 0x00007fff71a05000 	C:\WINDOWS\System32\ucrtbase.dll
0x00007fff71b90000 - 0x00007fff71bfa000 	C:\WINDOWS\System32\bcryptPrimitives.dll
0x00007fff73810000 - 0x00007fff7383e000 	C:\WINDOWS\System32\IMM32.DLL
0x0000000068430000 - 0x0000000068502000 	C:\Program Files\Android\Android Studio\jre\jre\bin\msvcr100.dll
0x0000000066590000 - 0x0000000066dcc000 	C:\Program Files\Android\Android Studio\jre\jre\bin\server\jvm.dll
0x00007fff730f0000 - 0x00007fff730f8000 	C:\WINDOWS\System32\PSAPI.DLL
0x00007fff66d40000 - 0x00007fff66d49000 	C:\WINDOWS\SYSTEM32\WSOCK32.dll
0x00007fff72d40000 - 0x00007fff72daa000 	C:\WINDOWS\System32\WS2_32.dll
0x00007fff6f720000 - 0x00007fff6f743000 	C:\WINDOWS\SYSTEM32\WINMM.dll
0x00007fff648a0000 - 0x00007fff648aa000 	C:\WINDOWS\SYSTEM32\VERSION.dll
0x00007fff6f6c0000 - 0x00007fff6f6eb000 	C:\WINDOWS\SYSTEM32\WINMMBASE.dll
0x00007fff72010000 - 0x00007fff72052000 	C:\WINDOWS\System32\cfgmgr32.dll
0x00007fff6f360000 - 0x00007fff6f36f000 	C:\Program Files\Android\Android Studio\jre\jre\bin\verify.dll
0x00007fff6d250000 - 0x00007fff6d279000 	C:\Program Files\Android\Android Studio\jre\jre\bin\java.dll
0x00007fff6e500000 - 0x00007fff6e516000 	C:\Program Files\Android\Android Studio\jre\jre\bin\zip.dll
0x00007fff73a40000 - 0x00007fff74f48000 	C:\WINDOWS\System32\SHELL32.dll
0x00007fff72230000 - 0x00007fff7290a000 	C:\WINDOWS\System32\windows.storage.dll
0x00007fff717f0000 - 0x00007fff7183c000 	C:\WINDOWS\System32\powrprof.dll
0x00007fff72e20000 - 0x00007fff72e72000 	C:\WINDOWS\System32\shlwapi.dll
0x00007fff717e0000 - 0x00007fff717ef000 	C:\WINDOWS\System32\kernel.appcore.dll
0x00007fff71a10000 - 0x00007fff71ab9000 	C:\WINDOWS\System32\shcore.dll
0x00007fff71850000 - 0x00007fff71864000 	C:\WINDOWS\System32\profapi.dll

VM Arguments:
jvm_args: -Djava.awt.headless=true -Xmx50g -Dfile.encoding=windows-1251 -Duser.country=RU -Duser.language=ru -Duser.variant 
java_command: com.android.dx.command.Main --dex --num-threads=4 --multi-dex --output C:\Users\User\Documents\GitHub\iCRM\iCRM\app\build\intermediates\transforms\dex\debug\folders\1000\10\rxjava-1.1.5_7e5d1a3fa9a1bfb5cb42be581891859d7438bb4a C:\Users\User\.gradle\caches\modules-2\files-2.1\io.reactivex\rxjava\1.1.5\ece7b5d0870e66d8226dab6dcf47a2b12afff061\rxjava-1.1.5.jar
java_class_path (initial): C:\Users\User\AppData\Local\Android\sdk\build-tools\25.0.2\lib\dx.jar
Launcher Type: SUN_STANDARD

Environment Variables:
PATH=C:\ProgramData\Oracle\Java\javapath;C:\Program Files\Broadcom\Broadcom 802.11 Network Adapter;C:\Program Files (x86)\NVIDIA Corporation\PhysX\Common;C:\Program Files (x86)\Intel\iCLS Client\;C:\Program Files\Intel\iCLS Client\;C:\Windows\system32;C:\Windows;C:\Windows\System32\Wbem;C:\Windows\System32\WindowsPowerShell\v1.0\;C:\Program Files\Intel\Intel(R) Management Engine Components\DAL;C:\Program Files\Intel\Intel(R) Management Engine Components\IPT;C:\Program Files (x86)\Intel\Intel(R) Management Engine Components\DAL;C:\Program Files (x86)\Intel\Intel(R) Management Engine Components\IPT;C:\Program Files\WIDCOMM\Bluetooth Software\;C:\Program Files\WIDCOMM\Bluetooth Software\syswow64;C:\Program Files\Acer\Remote Files\;C:\Program Files\OpenVPN\bin;C:\WINDOWS\system32;C:\WINDOWS;C:\WINDOWS\System32\Wbem;C:\WINDOWS\System32\WindowsPowerShell\v1.0\;C:\Users\User\AppData\Local\Microsoft\WindowsApps;
USERNAME=User
OS=Windows_NT
PROCESSOR_IDENTIFIER=Intel64 Family 6 Model 69 Stepping 1, GenuineIntel



---------------  S Y S T E M  ---------------

OS: Windows 10.0 , 64 bit Build 14393 (10.0.14393.0)

CPU:total 4 (2 cores per cpu, 2 threads per core) family 6 model 69 stepping 1, cmov, cx8, fxsr, mmx, sse, sse2, sse3, ssse3, sse4.1, sse4.2, popcnt, avx, avx2, aes, clmul, erms, lzcnt, ht, tsc, tscinvbit, bmi1, bmi2

Memory: 4k page, physical 8310040k(3988276k free), swap 12406040k(5156k free)

vm_info: OpenJDK 64-Bit Server VM (25.112-b06) for windows-amd64 JRE (1.8.0_112-release-b06), built on Dec  8 2016 00:54:26 by "builder" with MS VC++ 10.0 (VS2010)

time: Thu Apr 27 12:43:04 2017
elapsed time: 9 seconds (0d 0h 0m 9s)

