#
# There is insufficient memory for the Java Runtime Environment to continue.
# Native memory allocation (malloc) failed to allocate 1919136 bytes for Chunk::new
# Possible reasons:
#   The system is out of physical RAM or swap space
#   In 32 bit mode, the process size limit was hit
# Possible solutions:
#   Reduce memory load on the system
#   Increase physical memory or swap space
#   Check if swap backing store is full
#   Use 64 bit Java on a 64 bit OS
#   Decrease Java heap size (-Xmx/-Xms)
#   Decrease number of Java threads
#   Decrease Java thread stack sizes (-Xss)
#   Set larger code cache with -XX:ReservedCodeCacheSize=
# This output file may be truncated or incomplete.
#
#  Out of Memory Error (allocation.cpp:390), pid=12092, tid=10036
#
# JRE version: Java(TM) SE Runtime Environment (8.0_20-b26) (build 1.8.0_20-b26)
# Java VM: Java HotSpot(TM) 64-Bit Server VM (25.20-b23 mixed mode windows-amd64 )
# Failed to write core dump. Minidumps are not enabled by default on client versions of Windows
#

---------------  T H R E A D  ---------------

Current thread (0x000000002430e800):  JavaThread "C2 CompilerThread1" daemon [_thread_in_native, id=10036, stack(0x0000000025960000,0x0000000025a60000)]

Stack: [0x0000000025960000,0x0000000025a60000]
Native frames: (J=compiled Java code, j=interpreted, Vv=VM code, C=native code)
V  [jvm.dll+0x3152fa]
V  [jvm.dll+0x265d03]
V  [jvm.dll+0x266943]
V  [jvm.dll+0x25e265]
V  [jvm.dll+0xbe255]
V  [jvm.dll+0xbe6fc]
V  [jvm.dll+0x45c472]
V  [jvm.dll+0x49d76f]
V  [jvm.dll+0x451911]
V  [jvm.dll+0x452634]
V  [jvm.dll+0x435fc2]
V  [jvm.dll+0x97b62]
V  [jvm.dll+0x98353]
V  [jvm.dll+0x22aac4]
V  [jvm.dll+0x283f5a]
C  [msvcr100.dll+0x21d9f]
C  [msvcr100.dll+0x21e3b]
C  [KERNEL32.DLL+0x8364]
C  [ntdll.dll+0x65e91]


Current CompileTask:
C2:  22801 2802   !   4       com.android.dx.dex.cf.CfTranslator::processMethods (583 bytes)


---------------  P R O C E S S  ---------------

Java Threads: ( => current thread )
  0x0000000026593000 JavaThread "pool-2-thread-4" [_thread_blocked, id=10708, stack(0x0000000027d30000,0x0000000027e30000)]
  0x0000000025e37800 JavaThread "pool-2-thread-3" [_thread_blocked, id=11992, stack(0x0000000027c30000,0x0000000027d30000)]
  0x0000000025e36800 JavaThread "pool-2-thread-2" [_thread_blocked, id=12932, stack(0x0000000027b30000,0x0000000027c30000)]
  0x00000000267e7000 JavaThread "pool-3-thread-1" [_thread_blocked, id=4552, stack(0x0000000027a30000,0x0000000027b30000)]
  0x000000002634f800 JavaThread "pool-2-thread-1" [_thread_in_Java, id=13036, stack(0x0000000027930000,0x0000000027a30000)]
  0x0000000025b8b800 JavaThread "Service Thread" daemon [_thread_blocked, id=2284, stack(0x0000000025f60000,0x0000000026060000)]
  0x0000000024314800 JavaThread "C1 CompilerThread2" daemon [_thread_blocked, id=6348, stack(0x0000000025a60000,0x0000000025b60000)]
=>0x000000002430e800 JavaThread "C2 CompilerThread1" daemon [_thread_in_native, id=10036, stack(0x0000000025960000,0x0000000025a60000)]
  0x000000002430c000 JavaThread "C2 CompilerThread0" daemon [_thread_in_native, id=11800, stack(0x0000000025860000,0x0000000025960000)]
  0x000000002430a800 JavaThread "Attach Listener" daemon [_thread_blocked, id=11736, stack(0x0000000025760000,0x0000000025860000)]
  0x0000000024309800 JavaThread "Signal Dispatcher" daemon [_thread_blocked, id=8444, stack(0x0000000025660000,0x0000000025760000)]
  0x0000000001d36000 JavaThread "Finalizer" daemon [_thread_blocked, id=1524, stack(0x0000000025560000,0x0000000025660000)]
  0x0000000001d2d000 JavaThread "Reference Handler" daemon [_thread_blocked, id=12700, stack(0x0000000025460000,0x0000000025560000)]
  0x0000000001c42800 JavaThread "main" [_thread_in_vm, id=5156, stack(0x0000000001af0000,0x0000000001bf0000)]

Other Threads:
  0x00000000242d5800 VMThread [stack: 0x0000000025360000,0x0000000025460000] [id=6464]
  0x0000000025b8e800 WatcherThread [stack: 0x0000000026060000,0x0000000026160000] [id=5016]

VM state:not at safepoint (normal execution)

VM Mutex/Monitor currently owned by a thread: None

Heap:
 PSYoungGen      total 963072K, used 847673K [0x00000008d5580000, 0x0000000921080000, 0x0000000d00000000)
  eden space 768512K, 95% used [0x00000008d5580000,0x000000090236ec78,0x0000000904400000)
  from space 194560K, 57% used [0x0000000911480000,0x000000091825f988,0x000000091d280000)
  to   space 213504K, 0% used [0x0000000904400000,0x0000000904400000,0x0000000911480000)
 ParOldGen       total 815616K, used 516655K [0x0000000080000000, 0x00000000b1c80000, 0x00000008d5580000)
  object space 815616K, 63% used [0x0000000080000000,0x000000009f88bc60,0x00000000b1c80000)
 Metaspace       used 6734K, capacity 6920K, committed 7168K, reserved 8192K

Card table byte_map: [0x00000000127c0000,0x0000000018bd0000] byte_map_base: 0x00000000123c0000

Marking Bits: (ParMarkBitMap*) 0x0000000076bbb460
 Begin Bits: [0x0000000d00000000, 0x0000000d32000000)
 End Bits:   [0x0000000d32000000, 0x0000000d64000000)

Polling page: 0x0000000001bf0000

CodeCache: size=245760Kb used=14205Kb max_used=14226Kb free=231554Kb
 bounds [0x0000000003400000, 0x0000000004200000, 0x0000000012400000]
 total_blobs=3065 nmethods=2793 adapters=185
 compilation: enabled

Compilation events (10 events):
Event: 22.465 Thread 0x0000000024314800 2863       3       com.android.dx.ssa.back.FirstFitLocalCombiningAllocator::findRangeAndAdjust (311 bytes)
Event: 22.467 Thread 0x0000000024314800 nmethod 2863 0x000000000354bf50 code [0x000000000354c260, 0x000000000354def8]
Event: 22.493 Thread 0x000000002430c000 nmethod 2860% 0x00000000041e8fd0 code [0x00000000041e92c0, 0x00000000041ebd08]
Event: 22.493 Thread 0x000000002430c000 2858 %     4       com.android.dx.ssa.DomFront::<init> @ 35 (60 bytes)
Event: 22.497 Thread 0x000000002430c000 nmethod 2858% 0x0000000003591910 code [0x0000000003591a60, 0x0000000003591cf8]
Event: 22.497 Thread 0x000000002430c000 2865       4       com.android.dx.ssa.SsaConverter::placePhiFunctions (394 bytes)
Event: 22.676 Thread 0x0000000024314800 2868       3       com.android.dx.cf.code.Ropper::isStatic (21 bytes)
Event: 22.676 Thread 0x0000000024314800 nmethod 2868 0x0000000003585010 code [0x0000000003585180, 0x00000000035854e8]
Event: 22.731 Thread 0x0000000024314800 2869       3       java.util.HashMap$TreeNode::moveRootToFront (124 bytes)
Event: 22.731 Thread 0x0000000024314800 nmethod 2869 0x0000000003590850 code [0x00000000035909e0, 0x0000000003591070]

GC Heap History (10 events):
Event: 11.604 GC heap before
{Heap before GC invocations=14 (full 3):
 PSYoungGen      total 692736K, used 70131K [0x00000008d5580000, 0x000000090e000000, 0x0000000d00000000)
  eden space 573952K, 0% used [0x00000008d5580000,0x00000008d5580000,0x00000008f8600000)
  from space 118784K, 59% used [0x00000008f8600000,0x00000008fca7ccd8,0x00000008ffa00000)
  to   space 121856K, 0% used [0x0000000906900000,0x0000000906900000,0x000000090e000000)
 ParOldGen       total 308736K, used 275042K [0x0000000080000000, 0x0000000092d80000, 0x00000008d5580000)
  object space 308736K, 89% used [0x0000000080000000,0x0000000090c98b10,0x0000000092d80000)
 Metaspace       used 6702K, capacity 6920K, committed 7168K, reserved 8192K
Event: 12.745 GC heap after
Heap after GC invocations=14 (full 3):
 PSYoungGen      total 692736K, used 27373K [0x00000008d5580000, 0x000000090e000000, 0x0000000d00000000)
  eden space 573952K, 0% used [0x00000008d5580000,0x00000008d5580000,0x00000008f8600000)
  from space 118784K, 23% used [0x00000008f8600000,0x00000008fa0bb410,0x00000008ffa00000)
  to   space 121856K, 0% used [0x0000000906900000,0x0000000906900000,0x000000090e000000)
 ParOldGen       total 517120K, used 308258K [0x0000000080000000, 0x000000009f900000, 0x00000008d5580000)
  object space 517120K, 59% used [0x0000000080000000,0x0000000092d08800,0x000000009f900000)
 Metaspace       used 6702K, capacity 6920K, committed 7168K, reserved 8192K
}
Event: 14.784 GC heap before
{Heap before GC invocations=15 (full 3):
 PSYoungGen      total 692736K, used 601325K [0x00000008d5580000, 0x000000090e000000, 0x0000000d00000000)
  eden space 573952K, 100% used [0x00000008d5580000,0x00000008f8600000,0x00000008f8600000)
  from space 118784K, 23% used [0x00000008f8600000,0x00000008fa0bb410,0x00000008ffa00000)
  to   space 121856K, 0% used [0x0000000906900000,0x0000000906900000,0x000000090e000000)
 ParOldGen       total 517120K, used 308258K [0x0000000080000000, 0x000000009f900000, 0x00000008d5580000)
  object space 517120K, 59% used [0x0000000080000000,0x0000000092d08800,0x000000009f900000)
 Metaspace       used 6717K, capacity 6920K, committed 7168K, reserved 8192K
Event: 15.014 GC heap after
Heap after GC invocations=15 (full 3):
 PSYoungGen      total 787456K, used 116372K [0x00000008d5580000, 0x000000090f500000, 0x0000000d00000000)
  eden space 665600K, 0% used [0x00000008d5580000,0x00000008d5580000,0x00000008fdf80000)
  from space 121856K, 95% used [0x0000000906900000,0x000000090daa5118,0x000000090e000000)
  to   space 140800K, 0% used [0x00000008fdf80000,0x00000008fdf80000,0x0000000906900000)
 ParOldGen       total 517120K, used 308258K [0x0000000080000000, 0x000000009f900000, 0x00000008d5580000)
  object space 517120K, 59% used [0x0000000080000000,0x0000000092d08800,0x000000009f900000)
 Metaspace       used 6717K, capacity 6920K, committed 7168K, reserved 8192K
}
Event: 16.692 GC heap before
{Heap before GC invocations=16 (full 3):
 PSYoungGen      total 787456K, used 781972K [0x00000008d5580000, 0x000000090f500000, 0x0000000d00000000)
  eden space 665600K, 100% used [0x00000008d5580000,0x00000008fdf80000,0x00000008fdf80000)
  from space 121856K, 95% used [0x0000000906900000,0x000000090daa5118,0x000000090e000000)
  to   space 140800K, 0% used [0x00000008fdf80000,0x00000008fdf80000,0x0000000906900000)
 ParOldGen       total 517120K, used 308258K [0x0000000080000000, 0x000000009f900000, 0x00000008d5580000)
  object space 517120K, 59% used [0x0000000080000000,0x0000000092d08800,0x000000009f900000)
 Metaspace       used 6720K, capacity 6920K, committed 7168K, reserved 8192K
Event: 16.941 GC heap after
Heap after GC invocations=16 (full 3):
 PSYoungGen      total 806400K, used 140778K [0x00000008d5580000, 0x000000091d280000, 0x0000000d00000000)
  eden space 665600K, 0% used [0x00000008d5580000,0x00000008d5580000,0x00000008fdf80000)
  from space 140800K, 99% used [0x00000008fdf80000,0x00000009068fabe8,0x0000000906900000)
  to   space 194560K, 0% used [0x0000000911480000,0x0000000911480000,0x000000091d280000)
 ParOldGen       total 517120K, used 388833K [0x0000000080000000, 0x000000009f900000, 0x00000008d5580000)
  object space 517120K, 75% used [0x0000000080000000,0x0000000097bb87d8,0x000000009f900000)
 Metaspace       used 6720K, capacity 6920K, committed 7168K, reserved 8192K
}
Event: 18.546 GC heap before
{Heap before GC invocations=17 (full 3):
 PSYoungGen      total 806400K, used 806378K [0x00000008d5580000, 0x000000091d280000, 0x0000000d00000000)
  eden space 665600K, 100% used [0x00000008d5580000,0x00000008fdf80000,0x00000008fdf80000)
  from space 140800K, 99% used [0x00000008fdf80000,0x00000009068fabe8,0x0000000906900000)
  to   space 194560K, 0% used [0x0000000911480000,0x0000000911480000,0x000000091d280000)
 ParOldGen       total 517120K, used 388833K [0x0000000080000000, 0x000000009f900000, 0x00000008d5580000)
  object space 517120K, 75% used [0x0000000080000000,0x0000000097bb87d8,0x000000009f900000)
 Metaspace       used 6723K, capacity 6920K, committed 7168K, reserved 8192K
Event: 18.977 GC heap after
Heap after GC invocations=17 (full 3):
 PSYoungGen      total 963072K, used 153750K [0x00000008d5580000, 0x0000000921080000, 0x0000000d00000000)
  eden space 768512K, 0% used [0x00000008d5580000,0x00000008d5580000,0x0000000904400000)
  from space 194560K, 79% used [0x0000000911480000,0x000000091aaa5838,0x000000091d280000)
  to   space 213504K, 0% used [0x0000000904400000,0x0000000904400000,0x0000000911480000)
 ParOldGen       total 517120K, used 485042K [0x0000000080000000, 0x000000009f900000, 0x00000008d5580000)
  object space 517120K, 93% used [0x0000000080000000,0x000000009d9ac9d0,0x000000009f900000)
 Metaspace       used 6723K, capacity 6920K, committed 7168K, reserved 8192K
}
Event: 18.977 GC heap before
{Heap before GC invocations=18 (full 4):
 PSYoungGen      total 963072K, used 153750K [0x00000008d5580000, 0x0000000921080000, 0x0000000d00000000)
  eden space 768512K, 0% used [0x00000008d5580000,0x00000008d5580000,0x0000000904400000)
  from space 194560K, 79% used [0x0000000911480000,0x000000091aaa5838,0x000000091d280000)
  to   space 213504K, 0% used [0x0000000904400000,0x0000000904400000,0x0000000911480000)
 ParOldGen       total 517120K, used 485042K [0x0000000080000000, 0x000000009f900000, 0x00000008d5580000)
  object space 517120K, 93% used [0x0000000080000000,0x000000009d9ac9d0,0x000000009f900000)
 Metaspace       used 6723K, capacity 6920K, committed 7168K, reserved 8192K
Event: 21.416 GC heap after
Heap after GC invocations=18 (full 4):
 PSYoungGen      total 963072K, used 112510K [0x00000008d5580000, 0x0000000921080000, 0x0000000d00000000)
  eden space 768512K, 0% used [0x00000008d5580000,0x00000008d5580000,0x0000000904400000)
  from space 194560K, 57% used [0x0000000911480000,0x000000091825f988,0x000000091d280000)
  to   space 213504K, 0% used [0x0000000904400000,0x0000000904400000,0x0000000911480000)
 ParOldGen       total 815616K, used 516655K [0x0000000080000000, 0x00000000b1c80000, 0x00000008d5580000)
  object space 815616K, 63% used [0x0000000080000000,0x000000009f88bc60,0x00000000b1c80000)
 Metaspace       used 6723K, capacity 6920K, committed 7168K, reserved 8192K
}

Deoptimization events (10 events):
Event: 17.224 Thread 0x0000000025e36800 Uncommon trap: reason=unreached action=reinterpret pc=0x0000000003fed32c method=java.util.HashMap$TreeNode.find(ILjava/lang/Object;Ljava/lang/Class;)Ljava/util/HashMap$TreeNode; @ 102
Event: 22.082 Thread 0x0000000025e37800 Uncommon trap: reason=predicate action=maybe_recompile pc=0x0000000003d7acf8 method=com.android.dx.ssa.DomFront.run()[Lcom/android/dx/ssa/DomFront$DomInfo; @ 175
Event: 22.087 Thread 0x0000000025e37800 Uncommon trap: reason=class_check action=maybe_recompile pc=0x0000000003c71d8c method=com.android.dx.ssa.DomFront.calcDomFronts()V @ 101
Event: 22.087 Thread 0x0000000025e37800 Uncommon trap: reason=class_check action=maybe_recompile pc=0x0000000003c2ba2c method=com.android.dx.ssa.DomFront.calcDomFronts()V @ 101
Event: 22.087 Thread 0x0000000025e37800 Uncommon trap: reason=class_check action=maybe_recompile pc=0x0000000003c2ba2c method=com.android.dx.ssa.DomFront.calcDomFronts()V @ 101
Event: 22.090 Thread 0x0000000025e37800 Uncommon trap: reason=class_check action=maybe_recompile pc=0x0000000003c2ba2c method=com.android.dx.ssa.DomFront.calcDomFronts()V @ 101
Event: 22.092 Thread 0x0000000025e37800 Uncommon trap: reason=class_check action=maybe_recompile pc=0x0000000003c2d734 method=com.android.dx.ssa.DomFront.calcDomFronts()V @ 101
Event: 22.099 Thread 0x0000000025e37800 Uncommon trap: reason=class_check action=maybe_recompile pc=0x0000000003cf918c method=com.android.dx.ssa.SsaConverter.placePhiFunctions(Lcom/android/dx/ssa/SsaMethod;Lcom/android/dx/ssa/LocalVariableInfo;I)V @ 266
Event: 22.126 Thread 0x0000000025e37800 Uncommon trap: reason=class_check action=maybe_recompile pc=0x0000000003cf918c method=com.android.dx.ssa.SsaConverter.placePhiFunctions(Lcom/android/dx/ssa/SsaMethod;Lcom/android/dx/ssa/LocalVariableInfo;I)V @ 266
Event: 22.128 Thread 0x0000000025e37800 Uncommon trap: reason=class_check action=maybe_recompile pc=0x0000000003c3fd4c method=com.android.dx.ssa.SsaConverter.placePhiFunctions(Lcom/android/dx/ssa/SsaMethod;Lcom/android/dx/ssa/LocalVariableInfo;I)V @ 257

Internal exceptions (10 events):
Event: 3.065 Thread 0x0000000001c42800 Exception <a 'java/security/PrivilegedActionException'> (0x00000008d6b6d180) thrown at [D:\re\workspace\8-2-build-windows-amd64-cygwin\jdk8u20\1074\hotspot\src\share\vm\prims\jvm.cpp, line 1275]
Event: 6.285 Thread 0x0000000025e37800 Implicit null exception at 0x0000000003cd4380 to 0x0000000003cdcc85
Event: 9.933 Thread 0x0000000001c42800 Exception <a 'java/security/PrivilegedActionException'> (0x00000008f2bacab0) thrown at [D:\re\workspace\8-2-build-windows-amd64-cygwin\jdk8u20\1074\hotspot\src\share\vm\prims\jvm.cpp, line 1275]
Event: 9.938 Thread 0x0000000001c42800 Implicit null exception at 0x0000000003593fa8 to 0x0000000003594599
Event: 10.405 Thread 0x000000002634f800 Exception <a 'java/security/PrivilegedActionException'> (0x00000008e3a4be20) thrown at [D:\re\workspace\8-2-build-windows-amd64-cygwin\jdk8u20\1074\hotspot\src\share\vm\prims\jvm.cpp, line 1275]
Event: 12.766 Thread 0x0000000001c42800 Implicit null exception at 0x0000000003e94a1d to 0x0000000003e95791
Event: 13.726 Thread 0x0000000025e37800 Exception <a 'java/security/PrivilegedActionException'> (0x00000008e3835308) thrown at [D:\re\workspace\8-2-build-windows-amd64-cygwin\jdk8u20\1074\hotspot\src\share\vm\prims\jvm.cpp, line 1275]
Event: 14.002 Thread 0x0000000001c42800 Exception <a 'java/security/PrivilegedActionException'> (0x00000008e6dfe3c0) thrown at [D:\re\workspace\8-2-build-windows-amd64-cygwin\jdk8u20\1074\hotspot\src\share\vm\prims\jvm.cpp, line 1275]
Event: 22.082 Thread 0x0000000025e37800 Exception <a 'java/security/PrivilegedActionException'> (0x00000008f0ed4348) thrown at [D:\re\workspace\8-2-build-windows-amd64-cygwin\jdk8u20\1074\hotspot\src\share\vm\prims\jvm.cpp, line 1275]
Event: 22.099 Thread 0x0000000025e37800 Exception <a 'java/security/PrivilegedActionException'> (0x00000008f0f69890) thrown at [D:\re\workspace\8-2-build-windows-amd64-cygwin\jdk8u20\1074\hotspot\src\share\vm\prims\jvm.cpp, line 1275]

Events (10 events):
Event: 22.128 Thread 0x0000000025e37800 Uncommon trap: trap_request=0xffffffde fr.pc=0x0000000003c3fd4c
Event: 22.128 Thread 0x0000000025e37800 DEOPT PACKING pc=0x0000000003c3fd4c sp=0x0000000027d2ed90
Event: 22.128 Thread 0x0000000025e37800 DEOPT UNPACKING pc=0x000000000344556a sp=0x0000000027d2ed88 mode 2
Event: 22.131 Thread 0x000000002634f800 DEOPT UNPACKING pc=0x00000000034475bf sp=0x0000000027a2e790 mode 0
Event: 22.464 Thread 0x000000002634f800 DEOPT PACKING pc=0x0000000003b6228d sp=0x0000000027a2e7b0
Event: 22.464 Thread 0x000000002634f800 DEOPT UNPACKING pc=0x00000000034475bf sp=0x0000000027a2e520 mode 0
Event: 22.525 Thread 0x0000000026593000 DEOPT PACKING pc=0x00000000039739a2 sp=0x0000000027e2e610
Event: 22.525 Thread 0x0000000026593000 DEOPT UNPACKING pc=0x00000000034475bf sp=0x0000000027e2e350 mode 0
Event: 22.649 Thread 0x0000000025e37800 DEOPT PACKING pc=0x00000000039739a2 sp=0x0000000027d2ed40
Event: 22.649 Thread 0x0000000025e37800 DEOPT UNPACKING pc=0x00000000034475bf sp=0x0000000027d2ea80 mode 0


Dynamic libraries:
0x00007ff62e540000 - 0x00007ff62e574000 	C:\Program Files\Java\jdk1.8.0_20\bin\java.exe
0x00007ffd3f9f0000 - 0x00007ffd3fbc1000 	C:\WINDOWS\SYSTEM32\ntdll.dll
0x00007ffd3ee50000 - 0x00007ffd3eefb000 	C:\WINDOWS\System32\KERNEL32.DLL
0x00007ffd3c940000 - 0x00007ffd3cb5d000 	C:\WINDOWS\System32\KERNELBASE.dll
0x00007ffd3d2d0000 - 0x00007ffd3d372000 	C:\WINDOWS\System32\ADVAPI32.dll
0x00007ffd3f8c0000 - 0x00007ffd3f95e000 	C:\WINDOWS\System32\msvcrt.dll
0x00007ffd3f990000 - 0x00007ffd3f9e9000 	C:\WINDOWS\System32\sechost.dll
0x00007ffd3f400000 - 0x00007ffd3f521000 	C:\WINDOWS\System32\RPCRT4.dll
0x00007ffd3d430000 - 0x00007ffd3d595000 	C:\WINDOWS\System32\USER32.dll
0x00007ffd3cd90000 - 0x00007ffd3cdae000 	C:\WINDOWS\System32\win32u.dll
0x00007ffd3d380000 - 0x00007ffd3d3b4000 	C:\WINDOWS\System32\GDI32.dll
0x00007ffd3bf30000 - 0x00007ffd3c0b2000 	C:\WINDOWS\System32\gdi32full.dll
0x00007ffd389f0000 - 0x00007ffd38c69000 	C:\WINDOWS\WinSxS\amd64_microsoft.windows.common-controls_6595b64144ccf1df_6.0.14393.0_none_2d0f50fcbdb171b8\COMCTL32.dll
0x00007ffd3f5d0000 - 0x00007ffd3f897000 	C:\WINDOWS\System32\combase.dll
0x00007ffd3c0c0000 - 0x00007ffd3c1b5000 	C:\WINDOWS\System32\ucrtbase.dll
0x00007ffd3ccc0000 - 0x00007ffd3cd2a000 	C:\WINDOWS\System32\bcryptPrimitives.dll
0x00007ffd3f960000 - 0x00007ffd3f98e000 	C:\WINDOWS\System32\IMM32.DLL
0x0000000077b70000 - 0x0000000077c42000 	C:\Program Files\Java\jdk1.8.0_20\jre\bin\msvcr100.dll
0x00000000763e0000 - 0x0000000076c38000 	C:\Program Files\Java\jdk1.8.0_20\jre\bin\server\jvm.dll
0x00007ffd3ef60000 - 0x00007ffd3ef68000 	C:\WINDOWS\System32\PSAPI.DLL
0x00007ffd3a390000 - 0x00007ffd3a3b3000 	C:\WINDOWS\SYSTEM32\WINMM.dll
0x00007ffd38710000 - 0x00007ffd38719000 	C:\WINDOWS\SYSTEM32\WSOCK32.dll
0x00007ffd3d3c0000 - 0x00007ffd3d42a000 	C:\WINDOWS\System32\WS2_32.dll
0x00007ffd3a330000 - 0x00007ffd3a35b000 	C:\WINDOWS\SYSTEM32\WINMMBASE.dll
0x00007ffd3bee0000 - 0x00007ffd3bf22000 	C:\WINDOWS\System32\cfgmgr32.dll
0x0000000050010000 - 0x000000005001f000 	C:\Program Files\Java\jdk1.8.0_20\jre\bin\verify.dll
0x0000000077fd0000 - 0x0000000077ff8000 	C:\Program Files\Java\jdk1.8.0_20\jre\bin\java.dll
0x0000000077fb0000 - 0x0000000077fc6000 	C:\Program Files\Java\jdk1.8.0_20\jre\bin\zip.dll
0x00007ffd3d6e0000 - 0x00007ffd3ebe8000 	C:\WINDOWS\System32\SHELL32.dll
0x00007ffd3c1c0000 - 0x00007ffd3c89a000 	C:\WINDOWS\System32\windows.storage.dll
0x00007ffd3be80000 - 0x00007ffd3becc000 	C:\WINDOWS\System32\powrprof.dll
0x00007ffd3ef00000 - 0x00007ffd3ef52000 	C:\WINDOWS\System32\shlwapi.dll
0x00007ffd3bed0000 - 0x00007ffd3bedf000 	C:\WINDOWS\System32\kernel.appcore.dll
0x00007ffd3cb60000 - 0x00007ffd3cc09000 	C:\WINDOWS\System32\shcore.dll
0x00007ffd3be50000 - 0x00007ffd3be64000 	C:\WINDOWS\System32\profapi.dll
0x0000000077f90000 - 0x0000000077faa000 	C:\Program Files\Java\jdk1.8.0_20\jre\bin\net.dll
0x00007ffd3b600000 - 0x00007ffd3b65c000 	C:\WINDOWS\system32\mswsock.dll
0x00007ffd3b390000 - 0x00007ffd3b3c8000 	C:\WINDOWS\SYSTEM32\IPHLPAPI.DLL
0x00007ffd3cf90000 - 0x00007ffd3cf98000 	C:\WINDOWS\System32\NSI.dll
0x00007ffd34230000 - 0x00007ffd34246000 	C:\WINDOWS\SYSTEM32\dhcpcsvc6.DLL
0x00007ffd34860000 - 0x00007ffd3487a000 	C:\WINDOWS\SYSTEM32\dhcpcsvc.DLL
0x00007ffd2d520000 - 0x00007ffd2d6b2000 	C:\WINDOWS\SYSTEM32\dbghelp.dll

VM Arguments:
jvm_args: -Djava.awt.headless=true -Xmx50g -Dfile.encoding=windows-1251 -Duser.country=RU -Duser.language=ru -Duser.variant 
java_command: com.android.dx.command.Main --dex --num-threads=4 --multi-dex --main-dex-list C:\Users\User\Documents\GitHub\iCRM\iCRM\app\build\intermediates\multi-dex\debug\maindexlist.txt --output C:\Users\User\Documents\GitHub\iCRM\iCRM\app\build\intermediates\transforms\dex\debug\folders\1000\1f\main C:\Users\User\Documents\GitHub\iCRM\iCRM\app\build\intermediates\transforms\jarMerging\debug\jars\1\1f\combined.jar
java_class_path (initial): C:\Users\User\AppData\Local\Android\sdk\build-tools\23.0.3\lib\dx.jar
Launcher Type: SUN_STANDARD

Environment Variables:
PATH=C:\ProgramData\Oracle\Java\javapath;C:\Program Files\Broadcom\Broadcom 802.11 Network Adapter;C:\Program Files (x86)\NVIDIA Corporation\PhysX\Common;C:\Program Files (x86)\Intel\iCLS Client\;C:\Program Files\Intel\iCLS Client\;C:\Windows\system32;C:\Windows;C:\Windows\System32\Wbem;C:\Windows\System32\WindowsPowerShell\v1.0\;C:\Program Files\Intel\Intel(R) Management Engine Components\DAL;C:\Program Files\Intel\Intel(R) Management Engine Components\IPT;C:\Program Files (x86)\Intel\Intel(R) Management Engine Components\DAL;C:\Program Files (x86)\Intel\Intel(R) Management Engine Components\IPT;C:\Program Files\WIDCOMM\Bluetooth Software\;C:\Program Files\WIDCOMM\Bluetooth Software\syswow64;C:\Program Files\Acer\Remote Files\;C:\Program Files (x86)\Skype\Phone\;C:\Program Files\OpenVPN\bin;C:\WINDOWS\system32;C:\WINDOWS;C:\WINDOWS\System32\Wbem;C:\WINDOWS\System32\WindowsPowerShell\v1.0\;C:\Users\User\AppData\Local\Microsoft\WindowsApps;
USERNAME=User
OS=Windows_NT
PROCESSOR_IDENTIFIER=Intel64 Family 6 Model 69 Stepping 1, GenuineIntel



---------------  S Y S T E M  ---------------

OS: Windows 8.1 , 64 bit Build 9600 

CPU:total 4 (2 cores per cpu, 2 threads per core) family 6 model 69 stepping 1, cmov, cx8, fxsr, mmx, sse, sse2, sse3, ssse3, sse4.1, sse4.2, popcnt, avx, avx2, aes, clmul, erms, lzcnt, ht, tsc, tscinvbit, bmi1, bmi2

Memory: 4k page, physical 8310040k(1446084k free), swap 12406040k(6148k free)

vm_info: Java HotSpot(TM) 64-Bit Server VM (25.20-b23) for windows-amd64 JRE (1.8.0_20-b26), built on Jul 30 2014 13:51:23 by "java_re" with MS VC++ 10.0 (VS2010)

time: Wed Oct 19 15:23:22 2016
elapsed time: 22 seconds (0d 0h 0m 22s)

