#
# There is insufficient memory for the Java Runtime Environment to continue.
# Native memory allocation (malloc) failed to allocate 32744 bytes for ChunkPool::allocate
# Possible reasons:
#   The system is out of physical RAM or swap space
#   In 32 bit mode, the process size limit was hit
# Possible solutions:
#   Reduce memory load on the system
#   Increase physical memory or swap space
#   Check if swap backing store is full
#   Use 64 bit Java on a 64 bit OS
#   Decrease Java heap size (-Xmx/-Xms)
#   Decrease number of Java threads
#   Decrease Java thread stack sizes (-Xss)
#   Set larger code cache with -XX:ReservedCodeCacheSize=
# This output file may be truncated or incomplete.
#
#  Out of Memory Error (allocation.cpp:273), pid=6920, tid=0x0000000000002a5c
#
# JRE version: OpenJDK Runtime Environment (8.0_112-b06) (build 1.8.0_112-release-b06)
# Java VM: OpenJDK 64-Bit Server VM (25.112-b06 mixed mode windows-amd64 )
# Failed to write core dump. Minidumps are not enabled by default on client versions of Windows
#

---------------  T H R E A D  ---------------

Current thread (0x000000002385f000):  JavaThread "C2 CompilerThread1" daemon [_thread_in_native, id=10844, stack(0x0000000024ee0000,0x0000000024fe0000)]

Stack: [0x0000000024ee0000,0x0000000024fe0000]
[error occurred during error reporting (printing stack bounds), id 0xc0000005]

Native frames: (J=compiled Java code, j=interpreted, Vv=VM code, C=native code)


Current CompileTask:
C2:  64551 3772   !   4       com.android.dx.cf.code.BytecodeArray::parseInstruction (2764 bytes)


---------------  P R O C E S S  ---------------

Java Threads: ( => current thread )
  0x000000002817a800 JavaThread "pool-1-thread-1" [_thread_in_Java, id=5568, stack(0x0000000028380000,0x0000000028480000)]
  0x000000002581f000 JavaThread "pool-2-thread-4" [_thread_in_Java, id=9460, stack(0x00000000262e0000,0x00000000263e0000)]
  0x000000002581d800 JavaThread "pool-2-thread-3" [_thread_in_Java, id=11736, stack(0x00000000261e0000,0x00000000262e0000)]
  0x00000000258cc800 JavaThread "pool-2-thread-2" [_thread_in_native_trans, id=6880, stack(0x00000000260e0000,0x00000000261e0000)]
  0x00000000258cc000 JavaThread "pool-3-thread-1" [_thread_blocked, id=7936, stack(0x0000000025fe0000,0x00000000260e0000)]
  0x00000000258ca800 JavaThread "pool-2-thread-1" [_thread_in_Java, id=9980, stack(0x0000000025ee0000,0x0000000025fe0000)]
  0x0000000025108800 JavaThread "Service Thread" daemon [_thread_blocked, id=1744, stack(0x00000000254e0000,0x00000000255e0000)]
  0x0000000023869000 JavaThread "C1 CompilerThread2" daemon [_thread_in_native, id=11364, stack(0x0000000024fe0000,0x00000000250e0000)]
=>0x000000002385f000 JavaThread "C2 CompilerThread1" daemon [_thread_in_native, id=10844, stack(0x0000000024ee0000,0x0000000024fe0000)]
  0x000000002385c800 JavaThread "C2 CompilerThread0" daemon [_thread_in_native, id=13120, stack(0x0000000024de0000,0x0000000024ee0000)]
  0x000000002385b000 JavaThread "Attach Listener" daemon [_thread_blocked, id=11368, stack(0x0000000024ce0000,0x0000000024de0000)]
  0x0000000023865800 JavaThread "Signal Dispatcher" daemon [_thread_blocked, id=15864, stack(0x0000000024be0000,0x0000000024ce0000)]
  0x000000000129b800 JavaThread "Finalizer" daemon [_thread_blocked, id=10640, stack(0x00000000249f0000,0x0000000024af0000)]
  0x0000000001290000 JavaThread "Reference Handler" daemon [_thread_blocked, id=10608, stack(0x00000000248f0000,0x00000000249f0000)]
  0x00000000011a0800 JavaThread "main" [_thread_in_Java, id=6032, stack(0x00000000010a0000,0x00000000011a0000)]

Other Threads:
  0x0000000023824800 VMThread [stack: 0x00000000247f0000,0x00000000248f0000] [id=4976]
  0x00000000238bb800 WatcherThread [stack: 0x00000000255e0000,0x00000000256e0000] [id=9144]

VM state:not at safepoint (normal execution)

VM Mutex/Monitor currently owned by a thread: None

Heap:
 PSYoungGen      total 1504256K, used 504283K [0x00000008d5580000, 0x000000095f900000, 0x0000000d00000000)
  eden space 865792K, 58% used [0x00000008d5580000,0x00000008f41f6cb8,0x000000090a300000)
  from space 638464K, 0% used [0x000000090a300000,0x000000090a300000,0x0000000931280000)
  to   space 530944K, 4% used [0x0000000931280000,0x0000000932b07698,0x0000000951900000)
 ParOldGen       total 1216512K, used 1216229K [0x0000000080000000, 0x00000000ca400000, 0x00000008d5580000)
  object space 1216512K, 99% used [0x0000000080000000,0x00000000ca3b94f8,0x00000000ca400000)
 Metaspace       used 6828K, capacity 7240K, committed 7424K, reserved 8192K

Card table byte_map: [0x0000000012400000,0x0000000018810000] byte_map_base: 0x0000000012000000

Marking Bits: (ParMarkBitMap*) 0x00000000714d18f0
 Begin Bits: [0x0000000d00000000, 0x0000000d32000000)
 End Bits:   [0x0000000d32000000, 0x0000000d64000000)

Polling page: 0x0000000001020000

CodeCache: size=245760Kb used=14853Kb max_used=14855Kb free=230906Kb
 bounds [0x0000000003400000, 0x00000000042a0000, 0x0000000012400000]
 total_blobs=3372 nmethods=3109 adapters=176
 compilation: enabled

Compilation events (10 events):
Event: 63.848 Thread 0x0000000023869000 3783       3       com.android.dx.dex.code.RopTranslator$TranslationVisitor::visitFillArrayDataInsn (126 bytes)
Event: 63.851 Thread 0x0000000023869000 nmethod 3783 0x0000000004286390 code [0x00000000042866a0, 0x0000000004288008]
Event: 63.891 Thread 0x000000002385c800 nmethod 3779 0x000000000428b510 code [0x000000000428b6c0, 0x000000000428c458]
Event: 63.891 Thread 0x000000002385c800 3784       4       com.android.dx.rop.code.AccessFlags::isAnnotation (14 bytes)
Event: 63.892 Thread 0x000000002385c800 nmethod 3784 0x0000000003854210 code [0x0000000003854340, 0x0000000003854398]
Event: 63.892 Thread 0x000000002385c800 3785   !   4       com.android.dx.command.dexer.Main$DirectClassFileConsumer::call (352 bytes)
Event: 64.025 Thread 0x0000000023869000 3787       3       com.android.dx.dex.code.form.Form51l::isCompatible (53 bytes)
Event: 64.026 Thread 0x0000000023869000 nmethod 3787 0x000000000427fd90 code [0x000000000427ff40, 0x00000000042809e8]
Event: 64.036 Thread 0x0000000023869000 3788       3       com.android.dx.dex.code.OutputFinisher::addReservedParameters (16 bytes)
Event: 64.036 Thread 0x0000000023869000 nmethod 3788 0x000000000427d490 code [0x000000000427d600, 0x000000000427d7a8]

GC Heap History (10 events):
Event: 40.797 GC heap before
{Heap before GC invocations=24 (full 5):
 PSYoungGen      total 1267200K, used 1140854K [0x00000008d5580000, 0x0000000942a80000, 0x0000000d00000000)
  eden space 835584K, 100% used [0x00000008d5580000,0x0000000908580000,0x0000000908580000)
  from space 431616K, 70% used [0x0000000924600000,0x000000093701da70,0x000000093eb80000)
  to   space 459264K, 0% used [0x0000000908580000,0x0000000908580000,0x0000000924600000)
 ParOldGen       total 1156608K, used 864912K [0x0000000080000000, 0x00000000c6980000, 0x00000008d5580000)
  object space 1156608K, 74% used [0x0000000080000000,0x00000000b4ca4378,0x00000000c6980000)
 Metaspace       used 6432K, capacity 6920K, committed 7168K, reserved 8192K
Event: 41.362 GC heap after
Heap after GC invocations=24 (full 5):
 PSYoungGen      total 1294848K, used 440482K [0x00000008d5580000, 0x0000000951900000, 0x0000000d00000000)
  eden space 835584K, 0% used [0x00000008d5580000,0x00000008d5580000,0x0000000908580000)
  from space 459264K, 95% used [0x0000000908580000,0x00000009233a8aa0,0x0000000924600000)
  to   space 530944K, 0% used [0x0000000931280000,0x0000000931280000,0x0000000951900000)
 ParOldGen       total 1156608K, used 864912K [0x0000000080000000, 0x00000000c6980000, 0x00000008d5580000)
  object space 1156608K, 74% used [0x0000000080000000,0x00000000b4ca4378,0x00000000c6980000)
 Metaspace       used 6432K, capacity 6920K, committed 7168K, reserved 8192K
}
Event: 43.353 GC heap before
{Heap before GC invocations=25 (full 5):
 PSYoungGen      total 1294848K, used 1276066K [0x00000008d5580000, 0x0000000951900000, 0x0000000d00000000)
  eden space 835584K, 100% used [0x00000008d5580000,0x0000000908580000,0x0000000908580000)
  from space 459264K, 95% used [0x0000000908580000,0x00000009233a8aa0,0x0000000924600000)
  to   space 530944K, 0% used [0x0000000931280000,0x0000000931280000,0x0000000951900000)
 ParOldGen       total 1156608K, used 864912K [0x0000000080000000, 0x00000000c6980000, 0x00000008d5580000)
  object space 1156608K, 74% used [0x0000000080000000,0x00000000b4ca4378,0x00000000c6980000)
 Metaspace       used 6512K, capacity 6920K, committed 7168K, reserved 8192K
Event: 44.445 GC heap after
Heap after GC invocations=25 (full 5):
 PSYoungGen      total 1396736K, used 530928K [0x00000008d5580000, 0x000000095f900000, 0x0000000d00000000)
  eden space 865792K, 0% used [0x00000008d5580000,0x00000008d5580000,0x000000090a300000)
  from space 530944K, 99% used [0x0000000931280000,0x00000009518fc280,0x0000000951900000)
  to   space 638464K, 0% used [0x000000090a300000,0x000000090a300000,0x0000000931280000)
 ParOldGen       total 1156608K, used 912024K [0x0000000080000000, 0x00000000c6980000, 0x00000008d5580000)
  object space 1156608K, 78% used [0x0000000080000000,0x00000000b7aa6270,0x00000000c6980000)
 Metaspace       used 6512K, capacity 6920K, committed 7168K, reserved 8192K
}
Event: 49.777 GC heap before
{Heap before GC invocations=26 (full 5):
 PSYoungGen      total 1396736K, used 1396720K [0x00000008d5580000, 0x000000095f900000, 0x0000000d00000000)
  eden space 865792K, 100% used [0x00000008d5580000,0x000000090a300000,0x000000090a300000)
  from space 530944K, 99% used [0x0000000931280000,0x00000009518fc280,0x0000000951900000)
  to   space 638464K, 0% used [0x000000090a300000,0x000000090a300000,0x0000000931280000)
 ParOldGen       total 1156608K, used 912024K [0x0000000080000000, 0x00000000c6980000, 0x00000008d5580000)
  object space 1156608K, 78% used [0x0000000080000000,0x00000000b7aa6270,0x00000000c6980000)
 Metaspace       used 6801K, capacity 7176K, committed 7424K, reserved 8192K
Event: 51.065 GC heap after
Heap after GC invocations=26 (full 5):
 PSYoungGen      total 1504256K, used 593272K [0x00000008d5580000, 0x000000095f900000, 0x0000000d00000000)
  eden space 865792K, 0% used [0x00000008d5580000,0x00000008d5580000,0x000000090a300000)
  from space 638464K, 92% used [0x000000090a300000,0x000000092e65e318,0x0000000931280000)
  to   space 530944K, 0% used [0x0000000931280000,0x0000000931280000,0x0000000951900000)
 ParOldGen       total 1156608K, used 1005018K [0x0000000080000000, 0x00000000c6980000, 0x00000008d5580000)
  object space 1156608K, 86% used [0x0000000080000000,0x00000000bd576850,0x00000000c6980000)
 Metaspace       used 6801K, capacity 7176K, committed 7424K, reserved 8192K
}
Event: 53.057 GC heap before
{Heap before GC invocations=27 (full 5):
 PSYoungGen      total 1504256K, used 1459064K [0x00000008d5580000, 0x000000095f900000, 0x0000000d00000000)
  eden space 865792K, 100% used [0x00000008d5580000,0x000000090a300000,0x000000090a300000)
  from space 638464K, 92% used [0x000000090a300000,0x000000092e65e318,0x0000000931280000)
  to   space 530944K, 0% used [0x0000000931280000,0x0000000931280000,0x0000000951900000)
 ParOldGen       total 1156608K, used 1005018K [0x0000000080000000, 0x00000000c6980000, 0x00000008d5580000)
  object space 1156608K, 86% used [0x0000000080000000,0x00000000bd576850,0x00000000c6980000)
 Metaspace       used 6802K, capacity 7176K, committed 7424K, reserved 8192K
Event: 54.579 GC heap after
Heap after GC invocations=27 (full 5):
 PSYoungGen      total 1504256K, used 1459064K [0x00000008d5580000, 0x000000095f900000, 0x0000000d00000000)
  eden space 865792K, 100% used [0x00000008d5580000,0x000000090a300000,0x000000090a300000)
  from space 638464K, 92% used [0x000000090a300000,0x000000092e65e318,0x0000000931280000)
  to   space 530944K, 99% used [0x0000000931280000,0x00000009518fe7a0,0x0000000951900000)
 ParOldGen       total 1216512K, used 1216507K [0x0000000080000000, 0x00000000ca400000, 0x00000008d5580000)
  object space 1216512K, 99% used [0x0000000080000000,0x00000000ca3feeb0,0x00000000ca400000)
 Metaspace       used 6802K, capacity 7176K, committed 7424K, reserved 8192K
}
Event: 54.579 GC heap before
{Heap before GC invocations=28 (full 6):
 PSYoungGen      total 1504256K, used 1459064K [0x00000008d5580000, 0x000000095f900000, 0x0000000d00000000)
  eden space 865792K, 100% used [0x00000008d5580000,0x000000090a300000,0x000000090a300000)
  from space 638464K, 92% used [0x000000090a300000,0x000000092e65e318,0x0000000931280000)
  to   space 530944K, 99% used [0x0000000931280000,0x00000009518fe7a0,0x0000000951900000)
 ParOldGen       total 1216512K, used 1216507K [0x0000000080000000, 0x00000000ca400000, 0x00000008d5580000)
  object space 1216512K, 99% used [0x0000000080000000,0x00000000ca3feeb0,0x00000000ca400000)
 Metaspace       used 6802K, capacity 7176K, committed 7424K, reserved 8192K
Event: 63.259 GC heap after
Heap after GC invocations=28 (full 6):
 PSYoungGen      total 1504256K, used 0K [0x00000008d5580000, 0x000000095f900000, 0x0000000d00000000)
  eden space 865792K, 0% used [0x00000008d5580000,0x00000008d5580000,0x000000090a300000)
  from space 638464K, 0% used [0x000000090a300000,0x000000090a300000,0x0000000931280000)
  to   space 530944K, 4% used [0x0000000931280000,0x0000000932b07698,0x0000000951900000)
 ParOldGen       total 1216512K, used 1216229K [0x0000000080000000, 0x00000000ca400000, 0x00000008d5580000)
  object space 1216512K, 99% used [0x0000000080000000,0x00000000ca3b94f8,0x00000000ca400000)
 Metaspace       used 6802K, capacity 7176K, committed 7424K, reserved 8192K
}

Deoptimization events (10 events):
Event: 51.573 Thread 0x00000000258cc800 Uncommon trap: reason=unstable_if action=reinterpret pc=0x00000000041175d4 method=com.android.dx.cf.code.Simulator.requiredArrayTypeFor(Lcom/android/dx/rop/type/Type;Lcom/android/dx/rop/type/Type;)Lcom/android/dx/rop/type/Type; @ 62
Event: 51.614 Thread 0x00000000258cc000 Uncommon trap: reason=unstable_if action=reinterpret pc=0x0000000003ffe170 method=java.util.concurrent.locks.ReentrantLock$Sync.nonfairTryAcquire(I)Z @ 10
Event: 51.662 Thread 0x000000002581f000 Uncommon trap: reason=null_check action=make_not_entrant pc=0x00000000036a9b08 method=com.android.dx.rop.cst.CstString.equals(Ljava/lang/Object;)Z @ 1
Event: 51.719 Thread 0x000000002817a800 Uncommon trap: reason=null_check action=make_not_entrant pc=0x00000000042216d0 method=com.android.dx.dex.code.LocalList$MakeState.checkForEmptyRange(ILcom/android/dx/rop/code/RegisterSpec;)Z @ 119
Event: 52.034 Thread 0x000000002581f000 Uncommon trap: reason=unstable_if action=reinterpret pc=0x0000000003837d88 method=com.android.dx.ssa.SsaBasicBlock.checkRegUsed(Ljava/util/BitSet;Lcom/android/dx/rop/code/RegisterSpec;)Z @ 30
Event: 52.285 Thread 0x000000002581d800 Uncommon trap: reason=unstable_if action=reinterpret pc=0x00000000038276f8 method=com.android.dx.ssa.MoveParamCombiner$1.visitNonMoveInsn(Lcom/android/dx/ssa/NormalSsaInsn;)V @ 71
Event: 52.461 Thread 0x00000000258cc800 Uncommon trap: reason=unstable_if action=reinterpret pc=0x00000000040da2dc method=com.android.dx.dex.code.OutputFinisher.hasLocalInfo(Lcom/android/dx/rop/code/RegisterSpec;)Z @ 1
Event: 52.581 Thread 0x00000000258cc800 Uncommon trap: reason=unstable_if action=reinterpret pc=0x00000000041680a8 method=com.android.dx.cf.code.Merger.isPossiblyAssignableFrom(Lcom/android/dx/rop/type/TypeBearer;Lcom/android/dx/rop/type/TypeBearer;)Z @ 177
Event: 63.560 Thread 0x00000000258cc800 Uncommon trap: reason=bimorphic action=maybe_recompile pc=0x0000000003dfec84 method=com.android.dx.cf.code.BytecodeArray.parseInstruction(ILcom/android/dx/cf/code/BytecodeArray$Visitor;)I @ 1612
Event: 63.560 Thread 0x00000000258cc800 Uncommon trap: reason=bimorphic action=maybe_recompile pc=0x0000000003dfec84 method=com.android.dx.cf.code.BytecodeArray.parseInstruction(ILcom/android/dx/cf/code/BytecodeArray$Visitor;)I @ 1612

Internal exceptions (10 events):
Event: 1.345 Thread 0x00000000258cc800 Implicit null exception at 0x000000000371ac12 to 0x000000000371ad0b
Event: 2.264 Thread 0x000000002581f000 Implicit null exception at 0x00000000038a3151 to 0x00000000038a3309
Event: 2.447 Thread 0x00000000011a0800 Exception <a 'java/lang/ArrayIndexOutOfBoundsException': 18> (0x00000008d57bc160) thrown at [C:\src\android\AOSP-openjdk\external\jetbrains\jdk\hotspot\src\share\vm\interpreter\interpreterRuntime.cpp, line 366]
Event: 2.447 Thread 0x00000000011a0800 Exception <a 'java/lang/ArrayIndexOutOfBoundsException': 145> (0x00000008d57be5b8) thrown at [C:\src\android\AOSP-openjdk\external\jetbrains\jdk\hotspot\src\share\vm\interpreter\interpreterRuntime.cpp, line 366]
Event: 2.449 Thread 0x00000000011a0800 Exception <a 'java/lang/ArrayIndexOutOfBoundsException'> (0x00000008d57bfee0) thrown at [C:\src\android\AOSP-openjdk\external\jetbrains\jdk\hotspot\src\share\vm\runtime\sharedRuntime.cpp, line 605]
Event: 6.803 Thread 0x00000000011a0800 Implicit null exception at 0x0000000003cf0ebc to 0x0000000003cfb171
Event: 12.028 Thread 0x00000000011a0800 Implicit null exception at 0x0000000003576420 to 0x0000000003576cad
Event: 51.662 Thread 0x000000002581f000 Implicit null exception at 0x00000000036a99fc to 0x00000000036a9afb
Event: 51.719 Thread 0x000000002817a800 Implicit null exception at 0x000000000421c7b4 to 0x000000000422165a
Event: 52.460 Thread 0x00000000258cc800 Implicit null exception at 0x00000000040d865f to 0x00000000040da28f

Events (10 events):
Event: 52.581 Thread 0x00000000258cc800 DEOPT PACKING pc=0x00000000041680a8 sp=0x00000000261deb80
Event: 52.581 Thread 0x00000000258cc800 DEOPT UNPACKING pc=0x000000000344556a sp=0x00000000261deb08 mode 2
Event: 53.057 Executing VM operation: ParallelGCFailedAllocation
Event: 63.259 Executing VM operation: ParallelGCFailedAllocation done
Event: 63.560 Thread 0x00000000258cc800 Uncommon trap: trap_request=0xffffffc6 fr.pc=0x0000000003dfec84
Event: 63.560 Thread 0x00000000258cc800 DEOPT PACKING pc=0x0000000003dfec84 sp=0x00000000261ded00
Event: 63.560 Thread 0x00000000258cc800 DEOPT UNPACKING pc=0x000000000344556a sp=0x00000000261dec98 mode 2
Event: 63.560 Thread 0x00000000258cc800 Uncommon trap: trap_request=0xffffffc6 fr.pc=0x0000000003dfec84
Event: 63.560 Thread 0x00000000258cc800 DEOPT PACKING pc=0x0000000003dfec84 sp=0x00000000261deae0
Event: 63.560 Thread 0x00000000258cc800 DEOPT UNPACKING pc=0x000000000344556a sp=0x00000000261dea78 mode 2


Dynamic libraries:
0x00007ff6c8e30000 - 0x00007ff6c8e61000 	C:\Program Files\Android\Android Studio\jre\bin\java.exe
0x00007ffa3aa10000 - 0x00007ffa3abe1000 	C:\WINDOWS\SYSTEM32\ntdll.dll
0x00007ffa37fd0000 - 0x00007ffa3807b000 	C:\WINDOWS\System32\KERNEL32.DLL
0x00007ffa37830000 - 0x00007ffa37a4d000 	C:\WINDOWS\System32\KERNELBASE.dll
0x00007ffa38700000 - 0x00007ffa387a2000 	C:\WINDOWS\System32\ADVAPI32.dll
0x00007ffa38080000 - 0x00007ffa3811e000 	C:\WINDOWS\System32\msvcrt.dll
0x00007ffa3a050000 - 0x00007ffa3a0a9000 	C:\WINDOWS\System32\sechost.dll
0x00007ffa385d0000 - 0x00007ffa386f1000 	C:\WINDOWS\System32\RPCRT4.dll
0x00007ffa38460000 - 0x00007ffa385c5000 	C:\WINDOWS\System32\USER32.dll
0x00007ffa36fb0000 - 0x00007ffa36fce000 	C:\WINDOWS\System32\win32u.dll
0x00007ffa381f0000 - 0x00007ffa38224000 	C:\WINDOWS\System32\GDI32.dll
0x00007ffa37aa0000 - 0x00007ffa37c22000 	C:\WINDOWS\System32\gdi32full.dll
0x00007ffa2c5a0000 - 0x00007ffa2c81a000 	C:\WINDOWS\WinSxS\amd64_microsoft.windows.common-controls_6595b64144ccf1df_6.0.14393.953_none_42151e83c686086b\COMCTL32.dll
0x00007ffa39cc0000 - 0x00007ffa39f88000 	C:\WINDOWS\System32\combase.dll
0x00007ffa37c30000 - 0x00007ffa37d25000 	C:\WINDOWS\System32\ucrtbase.dll
0x00007ffa377c0000 - 0x00007ffa3782a000 	C:\WINDOWS\System32\bcryptPrimitives.dll
0x00007ffa37fa0000 - 0x00007ffa37fce000 	C:\WINDOWS\System32\IMM32.DLL
0x0000000071b50000 - 0x0000000071c22000 	C:\Program Files\Android\Android Studio\jre\jre\bin\msvcr100.dll
0x0000000070d10000 - 0x000000007154c000 	C:\Program Files\Android\Android Studio\jre\jre\bin\server\jvm.dll
0x00007ffa3a960000 - 0x00007ffa3a968000 	C:\WINDOWS\System32\PSAPI.DLL
0x00007ffa34db0000 - 0x00007ffa34dd3000 	C:\WINDOWS\SYSTEM32\WINMM.dll
0x00007ffa2a680000 - 0x00007ffa2a68a000 	C:\WINDOWS\SYSTEM32\VERSION.dll
0x00007ffa2b9f0000 - 0x00007ffa2b9f9000 	C:\WINDOWS\SYSTEM32\WSOCK32.dll
0x00007ffa383f0000 - 0x00007ffa3845a000 	C:\WINDOWS\System32\WS2_32.dll
0x0000000000ff0000 - 0x000000000101b000 	C:\WINDOWS\SYSTEM32\WINMMBASE.dll
0x00007ffa37a50000 - 0x00007ffa37a92000 	C:\WINDOWS\System32\cfgmgr32.dll
0x00007ffa34e30000 - 0x00007ffa34e3f000 	C:\Program Files\Android\Android Studio\jre\jre\bin\verify.dll
0x00007ffa32a40000 - 0x00007ffa32a69000 	C:\Program Files\Android\Android Studio\jre\jre\bin\java.dll
0x00007ffa33020000 - 0x00007ffa33036000 	C:\Program Files\Android\Android Studio\jre\jre\bin\zip.dll
0x00007ffa387b0000 - 0x00007ffa39cb8000 	C:\WINDOWS\System32\SHELL32.dll
0x00007ffa37030000 - 0x00007ffa3770a000 	C:\WINDOWS\System32\windows.storage.dll
0x00007ffa36ea0000 - 0x00007ffa36eec000 	C:\WINDOWS\System32\powrprof.dll
0x00007ffa38330000 - 0x00007ffa38382000 	C:\WINDOWS\System32\shlwapi.dll
0x00007ffa36e90000 - 0x00007ffa36e9f000 	C:\WINDOWS\System32\kernel.appcore.dll
0x00007ffa37710000 - 0x00007ffa377b9000 	C:\WINDOWS\System32\shcore.dll
0x00007ffa36e70000 - 0x00007ffa36e84000 	C:\WINDOWS\System32\profapi.dll

VM Arguments:
jvm_args: -Djava.awt.headless=true -Xmx50g -Dfile.encoding=windows-1251 -Duser.country=RU -Duser.language=ru -Duser.variant 
java_command: com.android.dx.command.Main --dex --num-threads=4 --multi-dex --main-dex-list C:\Users\User\Documents\GitHub\iCRM\iCRM\app\build\intermediates\multi-dex\debug\maindexlist.txt --output C:\Users\User\Documents\GitHub\iCRM\iCRM\app\build\intermediates\transforms\dex\debug\folders\1000\1f\main C:\Users\User\Documents\GitHub\iCRM\iCRM\app\build\intermediates\transforms\jarMerging\debug\jars\1\1f\combined.jar
java_class_path (initial): C:\Users\User\AppData\Local\Android\sdk\build-tools\25.0.2\lib\dx.jar
Launcher Type: SUN_STANDARD

Environment Variables:
PATH=C:\ProgramData\Oracle\Java\javapath;C:\Program Files\Broadcom\Broadcom 802.11 Network Adapter;C:\Program Files (x86)\NVIDIA Corporation\PhysX\Common;C:\Program Files (x86)\Intel\iCLS Client\;C:\Program Files\Intel\iCLS Client\;C:\Windows\system32;C:\Windows;C:\Windows\System32\Wbem;C:\Windows\System32\WindowsPowerShell\v1.0\;C:\Program Files\Intel\Intel(R) Management Engine Components\DAL;C:\Program Files\Intel\Intel(R) Management Engine Components\IPT;C:\Program Files (x86)\Intel\Intel(R) Management Engine Components\DAL;C:\Program Files (x86)\Intel\Intel(R) Management Engine Components\IPT;C:\Program Files\WIDCOMM\Bluetooth Software\;C:\Program Files\WIDCOMM\Bluetooth Software\syswow64;C:\Program Files\Acer\Remote Files\;C:\Program Files\OpenVPN\bin;C:\WINDOWS\system32;C:\WINDOWS;C:\WINDOWS\System32\Wbem;C:\WINDOWS\System32\WindowsPowerShell\v1.0\;C:\Users\User\AppData\Local\Microsoft\WindowsApps;
USERNAME=User
OS=Windows_NT
PROCESSOR_IDENTIFIER=Intel64 Family 6 Model 69 Stepping 1, GenuineIntel



---------------  S Y S T E M  ---------------

OS: Windows 10.0 , 64 bit Build 14393 (10.0.14393.0)

CPU:total 4 (2 cores per cpu, 2 threads per core) family 6 model 69 stepping 1, cmov, cx8, fxsr, mmx, sse, sse2, sse3, ssse3, sse4.1, sse4.2, popcnt, avx, avx2, aes, clmul, erms, lzcnt, ht, tsc, tscinvbit, bmi1, bmi2

Memory: 4k page, physical 8310040k(238896k free), swap 12406040k(3132k free)

vm_info: OpenJDK 64-Bit Server VM (25.112-b06) for windows-amd64 JRE (1.8.0_112-release-b06), built on Dec  8 2016 00:54:26 by "builder" with MS VC++ 10.0 (VS2010)

time: Wed Apr 12 19:55:52 2017
elapsed time: 64 seconds (0d 0h 1m 4s)

