#
# There is insufficient memory for the Java Runtime Environment to continue.
# Native memory allocation (malloc) failed to allocate 89296 bytes for Chunk::new
# Possible reasons:
#   The system is out of physical RAM or swap space
#   In 32 bit mode, the process size limit was hit
# Possible solutions:
#   Reduce memory load on the system
#   Increase physical memory or swap space
#   Check if swap backing store is full
#   Use 64 bit Java on a 64 bit OS
#   Decrease Java heap size (-Xmx/-Xms)
#   Decrease number of Java threads
#   Decrease Java thread stack sizes (-Xss)
#   Set larger code cache with -XX:ReservedCodeCacheSize=
# This output file may be truncated or incomplete.
#
#  Out of Memory Error (allocation.cpp:390), pid=1932, tid=5920
#
# JRE version: Java(TM) SE Runtime Environment (8.0_20-b26) (build 1.8.0_20-b26)
# Java VM: Java HotSpot(TM) 64-Bit Server VM (25.20-b23 mixed mode windows-amd64 )
# Failed to write core dump. Minidumps are not enabled by default on client versions of Windows
#

---------------  T H R E A D  ---------------

Current thread (0x0000000023e4e000):  JavaThread "C2 CompilerThread1" daemon [_thread_in_native, id=5920, stack(0x00000000254d0000,0x00000000255d0000)]

Stack: [0x00000000254d0000,0x00000000255d0000]
Native frames: (J=compiled Java code, j=interpreted, Vv=VM code, C=native code)
V  [jvm.dll+0x3152fa]


Current CompileTask:
C2:  71923 3466       4       com.android.dx.cf.code.OneLocalsArray::merge (22 bytes)


---------------  P R O C E S S  ---------------

Java Threads: ( => current thread )
  0x000000002658d800 JavaThread "pool-1-thread-1" [_thread_in_Java, id=13996, stack(0x00000000279a0000,0x0000000027aa0000)]
  0x0000000025e94000 JavaThread "pool-2-thread-4" [_thread_blocked, id=8444, stack(0x00000000278a0000,0x00000000279a0000)]
  0x0000000025e93000 JavaThread "pool-2-thread-3" [_thread_blocked, id=3064, stack(0x00000000277a0000,0x00000000278a0000)]
  0x00000000261ac000 JavaThread "pool-2-thread-2" [_thread_blocked, id=8096, stack(0x00000000276a0000,0x00000000277a0000)]
  0x00000000261ab800 JavaThread "pool-3-thread-1" [_thread_blocked, id=13036, stack(0x00000000275a0000,0x00000000276a0000)]
  0x0000000026218000 JavaThread "pool-2-thread-1" [_thread_blocked, id=8148, stack(0x00000000274a0000,0x00000000275a0000)]
  0x00000000256d8800 JavaThread "Service Thread" daemon [_thread_blocked, id=12304, stack(0x0000000025ad0000,0x0000000025bd0000)]
  0x0000000023e55000 JavaThread "C1 CompilerThread2" daemon [_thread_blocked, id=12116, stack(0x00000000255d0000,0x00000000256d0000)]
=>0x0000000023e4e000 JavaThread "C2 CompilerThread1" daemon [_thread_in_native, id=5920, stack(0x00000000254d0000,0x00000000255d0000)]
  0x0000000023e4c000 JavaThread "C2 CompilerThread0" daemon [_thread_in_native, id=6124, stack(0x00000000253d0000,0x00000000254d0000)]
  0x0000000023e4a800 JavaThread "Attach Listener" daemon [_thread_blocked, id=11868, stack(0x00000000252d0000,0x00000000253d0000)]
  0x0000000023e49000 JavaThread "Signal Dispatcher" daemon [_thread_blocked, id=8664, stack(0x00000000251d0000,0x00000000252d0000)]
  0x0000000001910800 JavaThread "Finalizer" daemon [_thread_blocked, id=13712, stack(0x00000000250d0000,0x00000000251d0000)]
  0x000000000190d000 JavaThread "Reference Handler" daemon [_thread_blocked, id=12904, stack(0x0000000024fd0000,0x00000000250d0000)]
  0x0000000001820800 JavaThread "main" [_thread_in_native, id=9120, stack(0x0000000001720000,0x0000000001820000)]

Other Threads:
  0x0000000023e15800 VMThread [stack: 0x0000000024ed0000,0x0000000024fd0000] [id=1364]
  0x0000000023eae800 WatcherThread [stack: 0x0000000025bd0000,0x0000000025cd0000] [id=2244]

VM state:not at safepoint (normal execution)

VM Mutex/Monitor currently owned by a thread: None

Heap:
 PSYoungGen      total 1239552K, used 582617K [0x00000008d5580000, 0x000000094e200000, 0x0000000d00000000)
  eden space 671232K, 41% used [0x00000008d5580000,0x00000008e63e4cb8,0x00000008fe500000)
  from space 568320K, 53% used [0x0000000924680000,0x00000009371117b0,0x0000000947180000)
  to   space 624128K, 0% used [0x00000008fe500000,0x00000008fe500000,0x0000000924680000)
 ParOldGen       total 1046528K, used 1046206K [0x0000000080000000, 0x00000000bfe00000, 0x00000008d5580000)
  object space 1046528K, 99% used [0x0000000080000000,0x00000000bfdafb70,0x00000000bfe00000)
 Metaspace       used 6996K, capacity 7240K, committed 7424K, reserved 8192K

Card table byte_map: [0x0000000012400000,0x0000000018810000] byte_map_base: 0x0000000012000000

Marking Bits: (ParMarkBitMap*) 0x0000000053d9b460
 Begin Bits: [0x0000000d00000000, 0x0000000d32000000)
 End Bits:   [0x0000000d32000000, 0x0000000d64000000)

Polling page: 0x0000000001260000

CodeCache: size=245760Kb used=12392Kb max_used=14622Kb free=233367Kb
 bounds [0x0000000003400000, 0x0000000004270000, 0x0000000012400000]
 total_blobs=2997 nmethods=2731 adapters=179
 compilation: enabled

Compilation events (10 events):
Event: 70.657 Thread 0x0000000023e55000 3494       3       com.android.dx.dex.code.OutputFinisher::makeOpcodesArray (45 bytes)
Event: 70.658 Thread 0x0000000023e55000 nmethod 3494 0x000000000369f7d0 code [0x000000000369f9a0, 0x00000000036a0198]
Event: 70.658 Thread 0x0000000023e55000 3490       3       com.android.dx.dex.code.form.Form22t::isCompatible (72 bytes)
Event: 70.660 Thread 0x0000000023e55000 nmethod 3490 0x0000000003e43410 code [0x0000000003e43680, 0x0000000003e44e58]
Event: 70.660 Thread 0x0000000023e55000 3495       2       java.util.ComparableTimSort::binarySort (223 bytes)
Event: 70.660 Thread 0x0000000023e55000 nmethod 3495 0x000000000369ebd0 code [0x000000000369ed80, 0x000000000369f378]
Event: 70.660 Thread 0x0000000023e55000 3496       3       com.android.dx.dex.code.OutputFinisher::calculateReservedCount (122 bytes)
Event: 70.661 Thread 0x0000000023e55000 nmethod 3496 0x0000000003731110 code [0x0000000003731320, 0x0000000003731df8]
Event: 70.661 Thread 0x0000000023e55000 3493       3       com.android.dx.dex.code.form.Form10t::isCompatible (41 bytes)
Event: 70.662 Thread 0x0000000023e55000 nmethod 3493 0x0000000004153410 code [0x0000000004153620, 0x00000000041545f8]

GC Heap History (10 events):
Event: 52.019 GC heap before
{Heap before GC invocations=28 (full 5):
 PSYoungGen      total 963584K, used 960383K [0x00000008d5580000, 0x000000092e100000, 0x0000000d00000000)
  eden space 641024K, 100% used [0x00000008d5580000,0x00000008fc780000,0x00000008fc780000)
  from space 322560K, 99% used [0x0000000913680000,0x0000000926e5ffc8,0x0000000927180000)
  to   space 375808K, 0% used [0x00000008fc780000,0x00000008fc780000,0x0000000913680000)
 ParOldGen       total 1046528K, used 797986K [0x0000000080000000, 0x00000000bfe00000, 0x00000008d5580000)
  object space 1046528K, 76% used [0x0000000080000000,0x00000000b0b48ba0,0x00000000bfe00000)
 Metaspace       used 6604K, capacity 6920K, committed 7168K, reserved 8192K
Event: 52.248 GC heap after
Heap after GC invocations=28 (full 5):
 PSYoungGen      total 1016832K, used 301971K [0x00000008d5580000, 0x0000000934080000, 0x0000000d00000000)
  eden space 641024K, 0% used [0x00000008d5580000,0x00000008d5580000,0x00000008fc780000)
  from space 375808K, 80% used [0x00000008fc780000,0x000000090ee64c58,0x0000000913680000)
  to   space 412672K, 0% used [0x000000091ad80000,0x000000091ad80000,0x0000000934080000)
 ParOldGen       total 1046528K, used 797986K [0x0000000080000000, 0x00000000bfe00000, 0x00000008d5580000)
  object space 1046528K, 76% used [0x0000000080000000,0x00000000b0b48ba0,0x00000000bfe00000)
 Metaspace       used 6604K, capacity 6920K, committed 7168K, reserved 8192K
}
Event: 55.220 GC heap before
{Heap before GC invocations=29 (full 5):
 PSYoungGen      total 1016832K, used 942995K [0x00000008d5580000, 0x0000000934080000, 0x0000000d00000000)
  eden space 641024K, 100% used [0x00000008d5580000,0x00000008fc780000,0x00000008fc780000)
  from space 375808K, 80% used [0x00000008fc780000,0x000000090ee64c58,0x0000000913680000)
  to   space 412672K, 0% used [0x000000091ad80000,0x000000091ad80000,0x0000000934080000)
 ParOldGen       total 1046528K, used 797986K [0x0000000080000000, 0x00000000bfe00000, 0x00000008d5580000)
  object space 1046528K, 76% used [0x0000000080000000,0x00000000b0b48ba0,0x00000000bfe00000)
 Metaspace       used 6604K, capacity 6920K, committed 7168K, reserved 8192K
Event: 55.626 GC heap after
Heap after GC invocations=29 (full 5):
 PSYoungGen      total 1073152K, used 402475K [0x00000008d5580000, 0x000000093bf00000, 0x0000000d00000000)
  eden space 660480K, 0% used [0x00000008d5580000,0x00000008d5580000,0x00000008fda80000)
  from space 412672K, 97% used [0x000000091ad80000,0x000000093368ae58,0x0000000934080000)
  to   space 478208K, 0% used [0x00000008fda80000,0x00000008fda80000,0x000000091ad80000)
 ParOldGen       total 1046528K, used 797986K [0x0000000080000000, 0x00000000bfe00000, 0x00000008d5580000)
  object space 1046528K, 76% used [0x0000000080000000,0x00000000b0b48ba0,0x00000000bfe00000)
 Metaspace       used 6604K, capacity 6920K, committed 7168K, reserved 8192K
}
Event: 58.010 GC heap before
{Heap before GC invocations=30 (full 5):
 PSYoungGen      total 1073152K, used 1062955K [0x00000008d5580000, 0x000000093bf00000, 0x0000000d00000000)
  eden space 660480K, 100% used [0x00000008d5580000,0x00000008fda80000,0x00000008fda80000)
  from space 412672K, 97% used [0x000000091ad80000,0x000000093368ae58,0x0000000934080000)
  to   space 478208K, 0% used [0x00000008fda80000,0x00000008fda80000,0x000000091ad80000)
 ParOldGen       total 1046528K, used 797986K [0x0000000080000000, 0x00000000bfe00000, 0x00000008d5580000)
  object space 1046528K, 76% used [0x0000000080000000,0x00000000b0b48ba0,0x00000000bfe00000)
 Metaspace       used 6712K, capacity 6984K, committed 7168K, reserved 8192K
Event: 58.442 GC heap after
Heap after GC invocations=30 (full 5):
 PSYoungGen      total 1138688K, used 478205K [0x00000008d5580000, 0x0000000947180000, 0x0000000d00000000)
  eden space 660480K, 0% used [0x00000008d5580000,0x00000008d5580000,0x00000008fda80000)
  from space 478208K, 99% used [0x00000008fda80000,0x000000091ad7f7b0,0x000000091ad80000)
  to   space 568320K, 0% used [0x0000000924680000,0x0000000924680000,0x0000000947180000)
 ParOldGen       total 1046528K, used 825160K [0x0000000080000000, 0x00000000bfe00000, 0x00000008d5580000)
  object space 1046528K, 78% used [0x0000000080000000,0x00000000b25d23e8,0x00000000bfe00000)
 Metaspace       used 6712K, capacity 6984K, committed 7168K, reserved 8192K
}
Event: 60.974 GC heap before
{Heap before GC invocations=31 (full 5):
 PSYoungGen      total 1138688K, used 1138685K [0x00000008d5580000, 0x0000000947180000, 0x0000000d00000000)
  eden space 660480K, 100% used [0x00000008d5580000,0x00000008fda80000,0x00000008fda80000)
  from space 478208K, 99% used [0x00000008fda80000,0x000000091ad7f7b0,0x000000091ad80000)
  to   space 568320K, 0% used [0x0000000924680000,0x0000000924680000,0x0000000947180000)
 ParOldGen       total 1046528K, used 825160K [0x0000000080000000, 0x00000000bfe00000, 0x00000008d5580000)
  object space 1046528K, 78% used [0x0000000080000000,0x00000000b25d23e8,0x00000000bfe00000)
 Metaspace       used 6868K, capacity 7112K, committed 7168K, reserved 8192K
Event: 61.559 GC heap after
Heap after GC invocations=31 (full 5):
 PSYoungGen      total 1239552K, used 459540K [0x00000008d5580000, 0x000000094e200000, 0x0000000d00000000)
  eden space 671232K, 0% used [0x00000008d5580000,0x00000008d5580000,0x00000008fe500000)
  from space 568320K, 80% used [0x0000000924680000,0x0000000940745350,0x0000000947180000)
  to   space 624128K, 0% used [0x00000008fe500000,0x00000008fe500000,0x0000000924680000)
 ParOldGen       total 1046528K, used 959610K [0x0000000080000000, 0x00000000bfe00000, 0x00000008d5580000)
  object space 1046528K, 91% used [0x0000000080000000,0x00000000ba91e968,0x00000000bfe00000)
 Metaspace       used 6868K, capacity 7112K, committed 7168K, reserved 8192K
}
Event: 61.559 GC heap before
{Heap before GC invocations=32 (full 6):
 PSYoungGen      total 1239552K, used 459540K [0x00000008d5580000, 0x000000094e200000, 0x0000000d00000000)
  eden space 671232K, 0% used [0x00000008d5580000,0x00000008d5580000,0x00000008fe500000)
  from space 568320K, 80% used [0x0000000924680000,0x0000000940745350,0x0000000947180000)
  to   space 624128K, 0% used [0x00000008fe500000,0x00000008fe500000,0x0000000924680000)
 ParOldGen       total 1046528K, used 959610K [0x0000000080000000, 0x00000000bfe00000, 0x00000008d5580000)
  object space 1046528K, 91% used [0x0000000080000000,0x00000000ba91e968,0x00000000bfe00000)
 Metaspace       used 6868K, capacity 7112K, committed 7168K, reserved 8192K
Event: 70.518 GC heap after
Heap after GC invocations=32 (full 6):
 PSYoungGen      total 1239552K, used 305733K [0x00000008d5580000, 0x000000094e200000, 0x0000000d00000000)
  eden space 671232K, 0% used [0x00000008d5580000,0x00000008d5580000,0x00000008fe500000)
  from space 568320K, 53% used [0x0000000924680000,0x00000009371117b0,0x0000000947180000)
  to   space 624128K, 0% used [0x00000008fe500000,0x00000008fe500000,0x0000000924680000)
 ParOldGen       total 1046528K, used 1046206K [0x0000000080000000, 0x00000000bfe00000, 0x00000008d5580000)
  object space 1046528K, 99% used [0x0000000080000000,0x00000000bfdafb70,0x00000000bfe00000)
 Metaspace       used 6868K, capacity 7112K, committed 7168K, reserved 8192K
}

Deoptimization events (10 events):
Event: 70.529 Thread 0x0000000026218000 Uncommon trap: reason=class_check action=maybe_recompile pc=0x0000000003faf840 method=com.android.dx.cf.code.Frame.setImmutable()V @ 4
Event: 70.529 Thread 0x0000000026218000 Uncommon trap: reason=class_check action=maybe_recompile pc=0x0000000003fd1f20 method=com.android.dx.cf.code.Frame.copy()Lcom/android/dx/cf/code/Frame; @ 8
Event: 70.529 Thread 0x0000000026218000 Uncommon trap: reason=class_check action=maybe_recompile pc=0x0000000003ff7a6c method=com.android.dx.cf.code.BaseMachine.localArg(Lcom/android/dx/cf/code/Frame;I)V @ 14
Event: 70.529 Thread 0x0000000026218000 Uncommon trap: reason=null_assert action=make_not_entrant pc=0x0000000003cecf60 method=com.android.dx.cf.code.RopperMachine.run(Lcom/android/dx/cf/code/Frame;II)V @ 765
Event: 70.530 Thread 0x0000000026218000 Uncommon trap: reason=class_check action=maybe_recompile pc=0x0000000003faf840 method=com.android.dx.cf.code.Frame.setImmutable()V @ 4
Event: 70.530 Thread 0x0000000026218000 Uncommon trap: reason=null_assert action=make_not_entrant pc=0x0000000003b2ae04 method=com.android.dx.cf.code.RopperMachine.hasRet()Z @ 4
Event: 70.536 Thread 0x0000000026218000 Uncommon trap: reason=speculate_class_check action=maybe_recompile pc=0x0000000004040b7c method=com.android.dx.rop.code.Insn.contentEquals(Lcom/android/dx/rop/code/Insn;)Z @ 65
Event: 70.636 Thread 0x0000000025e93000 Uncommon trap: reason=class_check action=maybe_recompile pc=0x0000000003cd52c8 method=com.android.dx.cf.code.BaseMachine.storeResults(Lcom/android/dx/cf/code/Frame;)V @ 41
Event: 70.636 Thread 0x0000000025e93000 Uncommon trap: reason=class_check action=maybe_recompile pc=0x0000000003ff7a6c method=com.android.dx.cf.code.BaseMachine.localArg(Lcom/android/dx/cf/code/Frame;I)V @ 14
Event: 70.636 Thread 0x0000000025e93000 Uncommon trap: reason=class_check action=maybe_recompile pc=0x0000000003ff7a6c method=com.android.dx.cf.code.BaseMachine.localArg(Lcom/android/dx/cf/code/Frame;I)V @ 14

Internal exceptions (10 events):
Event: 60.865 Thread 0x000000002658d800 Exception <a 'java/security/PrivilegedActionException'> (0x00000008f8778578) thrown at [D:\re\workspace\8-2-build-windows-amd64-cygwin\jdk8u20\1074\hotspot\src\share\vm\prims\jvm.cpp, line 1275]
Event: 60.866 Thread 0x000000002658d800 Exception <a 'java/security/PrivilegedActionException'> (0x00000008f877f128) thrown at [D:\re\workspace\8-2-build-windows-amd64-cygwin\jdk8u20\1074\hotspot\src\share\vm\prims\jvm.cpp, line 1275]
Event: 60.867 Thread 0x000000002658d800 Exception <a 'java/security/PrivilegedActionException'> (0x00000008f87826f0) thrown at [D:\re\workspace\8-2-build-windows-amd64-cygwin\jdk8u20\1074\hotspot\src\share\vm\prims\jvm.cpp, line 1275]
Event: 60.867 Thread 0x000000002658d800 Exception <a 'java/security/PrivilegedActionException'> (0x00000008f8787b58) thrown at [D:\re\workspace\8-2-build-windows-amd64-cygwin\jdk8u20\1074\hotspot\src\share\vm\prims\jvm.cpp, line 1275]
Event: 60.868 Thread 0x000000002658d800 Exception <a 'java/security/PrivilegedActionException'> (0x00000008f878c7d0) thrown at [D:\re\workspace\8-2-build-windows-amd64-cygwin\jdk8u20\1074\hotspot\src\share\vm\prims\jvm.cpp, line 1275]
Event: 60.886 Thread 0x000000002658d800 Exception <a 'java/security/PrivilegedActionException'> (0x00000008f87bb1f8) thrown at [D:\re\workspace\8-2-build-windows-amd64-cygwin\jdk8u20\1074\hotspot\src\share\vm\prims\jvm.cpp, line 1275]
Event: 60.971 Thread 0x0000000026218000 Exception <a 'java/security/PrivilegedActionException'> (0x00000008fce902e0) thrown at [D:\re\workspace\8-2-build-windows-amd64-cygwin\jdk8u20\1074\hotspot\src\share\vm\prims\jvm.cpp, line 1275]
Event: 70.531 Thread 0x0000000026218000 Exception <a 'java/security/PrivilegedActionException'> (0x00000008d587e228) thrown at [D:\re\workspace\8-2-build-windows-amd64-cygwin\jdk8u20\1074\hotspot\src\share\vm\prims\jvm.cpp, line 1275]
Event: 70.532 Thread 0x0000000026218000 Exception <a 'java/security/PrivilegedActionException'> (0x00000008d58817e0) thrown at [D:\re\workspace\8-2-build-windows-amd64-cygwin\jdk8u20\1074\hotspot\src\share\vm\prims\jvm.cpp, line 1275]
Event: 70.534 Thread 0x0000000026218000 Exception <a 'java/security/PrivilegedActionException'> (0x00000008d5888e98) thrown at [D:\re\workspace\8-2-build-windows-amd64-cygwin\jdk8u20\1074\hotspot\src\share\vm\prims\jvm.cpp, line 1275]

Events (10 events):
Event: 70.539 Thread 0x0000000026218000 DEOPT UNPACKING pc=0x000000000344556a sp=0x000000002759eaf8 mode 2
Event: 70.636 Thread 0x0000000025e93000 Uncommon trap: trap_request=0xffffffde fr.pc=0x0000000003cd52c8
Event: 70.636 Thread 0x0000000025e93000 DEOPT PACKING pc=0x0000000003cd52c8 sp=0x000000002789e790
Event: 70.636 Thread 0x0000000025e93000 DEOPT UNPACKING pc=0x000000000344556a sp=0x000000002789e770 mode 2
Event: 70.636 Thread 0x0000000025e93000 Uncommon trap: trap_request=0xffffffde fr.pc=0x0000000003ff7a6c
Event: 70.636 Thread 0x0000000025e93000 DEOPT PACKING pc=0x0000000003ff7a6c sp=0x000000002789ea60
Event: 70.636 Thread 0x0000000025e93000 DEOPT UNPACKING pc=0x000000000344556a sp=0x000000002789e9b0 mode 2
Event: 70.636 Thread 0x0000000025e93000 Uncommon trap: trap_request=0xffffffde fr.pc=0x0000000003ff7a6c
Event: 70.636 Thread 0x0000000025e93000 DEOPT PACKING pc=0x0000000003ff7a6c sp=0x000000002789ea60
Event: 70.636 Thread 0x0000000025e93000 DEOPT UNPACKING pc=0x000000000344556a sp=0x000000002789e9b0 mode 2


Dynamic libraries:
0x00007ff64dce0000 - 0x00007ff64dd14000 	C:\Program Files\Java\jdk1.8.0_20\bin\java.exe
0x00007ff9b0c20000 - 0x00007ff9b0df1000 	C:\WINDOWS\SYSTEM32\ntdll.dll
0x00007ff9b0060000 - 0x00007ff9b010b000 	C:\WINDOWS\System32\KERNEL32.DLL
0x00007ff9adb20000 - 0x00007ff9add3d000 	C:\WINDOWS\System32\KERNELBASE.dll
0x00007ff9b0210000 - 0x00007ff9b02b2000 	C:\WINDOWS\System32\ADVAPI32.dll
0x00007ff9affc0000 - 0x00007ff9b005e000 	C:\WINDOWS\System32\msvcrt.dll
0x00007ff9b0bc0000 - 0x00007ff9b0c19000 	C:\WINDOWS\System32\sechost.dll
0x00007ff9b0970000 - 0x00007ff9b0a91000 	C:\WINDOWS\System32\RPCRT4.dll
0x00007ff9b07f0000 - 0x00007ff9b0955000 	C:\WINDOWS\System32\USER32.dll
0x00007ff9ad300000 - 0x00007ff9ad31e000 	C:\WINDOWS\System32\win32u.dll
0x00007ff9b02c0000 - 0x00007ff9b02f4000 	C:\WINDOWS\System32\GDI32.dll
0x00007ff9adda0000 - 0x00007ff9adf22000 	C:\WINDOWS\System32\gdi32full.dll
0x00007ff9a7ae0000 - 0x00007ff9a7d5a000 	C:\WINDOWS\WinSxS\amd64_microsoft.windows.common-controls_6595b64144ccf1df_6.0.14393.351_none_4213128bc687e6d3\COMCTL32.dll
0x00007ff9b03c0000 - 0x00007ff9b0687000 	C:\WINDOWS\System32\combase.dll
0x00007ff9ad1b0000 - 0x00007ff9ad2a5000 	C:\WINDOWS\System32\ucrtbase.dll
0x00007ff9ad320000 - 0x00007ff9ad38a000 	C:\WINDOWS\System32\bcryptPrimitives.dll
0x00007ff9ae370000 - 0x00007ff9ae39e000 	C:\WINDOWS\System32\IMM32.DLL
0x0000000053e20000 - 0x0000000053ef2000 	C:\Program Files\Java\jdk1.8.0_20\jre\bin\msvcr100.dll
0x00000000535c0000 - 0x0000000053e18000 	C:\Program Files\Java\jdk1.8.0_20\jre\bin\server\jvm.dll
0x00007ff9b0960000 - 0x00007ff9b0968000 	C:\WINDOWS\System32\PSAPI.DLL
0x00007ff9a0850000 - 0x00007ff9a0859000 	C:\WINDOWS\SYSTEM32\WSOCK32.dll
0x00007ff9ab2a0000 - 0x00007ff9ab2c3000 	C:\WINDOWS\SYSTEM32\WINMM.dll
0x00007ff9ab270000 - 0x00007ff9ab29b000 	C:\WINDOWS\SYSTEM32\WINMMBASE.dll
0x00007ff9ad2b0000 - 0x00007ff9ad2f2000 	C:\WINDOWS\System32\cfgmgr32.dll
0x00007ff9aea40000 - 0x00007ff9aeaaa000 	C:\WINDOWS\System32\WS2_32.dll
0x0000000055020000 - 0x000000005502f000 	C:\Program Files\Java\jdk1.8.0_20\jre\bin\verify.dll
0x0000000053590000 - 0x00000000535b8000 	C:\Program Files\Java\jdk1.8.0_20\jre\bin\java.dll
0x0000000053570000 - 0x0000000053586000 	C:\Program Files\Java\jdk1.8.0_20\jre\bin\zip.dll
0x00007ff9aeab0000 - 0x00007ff9affb9000 	C:\WINDOWS\System32\SHELL32.dll
0x00007ff9ad440000 - 0x00007ff9adb1a000 	C:\WINDOWS\System32\windows.storage.dll
0x00007ff9ad0b0000 - 0x00007ff9ad0fc000 	C:\WINDOWS\System32\powrprof.dll
0x00007ff9ae970000 - 0x00007ff9ae9c2000 	C:\WINDOWS\System32\shlwapi.dll
0x00007ff9ad0a0000 - 0x00007ff9ad0af000 	C:\WINDOWS\System32\kernel.appcore.dll
0x00007ff9adf30000 - 0x00007ff9adfd9000 	C:\WINDOWS\System32\shcore.dll
0x00007ff9ad080000 - 0x00007ff9ad094000 	C:\WINDOWS\System32\profapi.dll
0x00007ff9a64b0000 - 0x00007ff9a6642000 	C:\WINDOWS\SYSTEM32\dbghelp.dll

VM Arguments:
jvm_args: -Djava.awt.headless=true -Xmx50g -Dfile.encoding=windows-1251 -Duser.country=RU -Duser.language=ru -Duser.variant 
java_command: com.android.dx.command.Main --dex --num-threads=4 --multi-dex --main-dex-list C:\Users\User\Documents\GitHub\iCRM\iCRM\app\build\intermediates\multi-dex\debug\maindexlist.txt --output C:\Users\User\Documents\GitHub\iCRM\iCRM\app\build\intermediates\transforms\dex\debug\folders\1000\1f\main C:\Users\User\Documents\GitHub\iCRM\iCRM\app\build\intermediates\transforms\jarMerging\debug\jars\1\1f\combined.jar
java_class_path (initial): C:\Users\User\AppData\Local\Android\sdk\build-tools\23.0.3\lib\dx.jar
Launcher Type: SUN_STANDARD

Environment Variables:
PATH=C:\ProgramData\Oracle\Java\javapath;C:\Program Files\Broadcom\Broadcom 802.11 Network Adapter;C:\Program Files (x86)\NVIDIA Corporation\PhysX\Common;C:\Program Files (x86)\Intel\iCLS Client\;C:\Program Files\Intel\iCLS Client\;C:\Windows\system32;C:\Windows;C:\Windows\System32\Wbem;C:\Windows\System32\WindowsPowerShell\v1.0\;C:\Program Files\Intel\Intel(R) Management Engine Components\DAL;C:\Program Files\Intel\Intel(R) Management Engine Components\IPT;C:\Program Files (x86)\Intel\Intel(R) Management Engine Components\DAL;C:\Program Files (x86)\Intel\Intel(R) Management Engine Components\IPT;C:\Program Files\WIDCOMM\Bluetooth Software\;C:\Program Files\WIDCOMM\Bluetooth Software\syswow64;C:\Program Files\Acer\Remote Files\;C:\Program Files (x86)\Skype\Phone\;C:\Program Files\OpenVPN\bin;C:\WINDOWS\system32;C:\WINDOWS;C:\WINDOWS\System32\Wbem;C:\WINDOWS\System32\WindowsPowerShell\v1.0\;C:\Users\User\AppData\Local\Microsoft\WindowsApps;
USERNAME=User
OS=Windows_NT
PROCESSOR_IDENTIFIER=Intel64 Family 6 Model 69 Stepping 1, GenuineIntel



---------------  S Y S T E M  ---------------

OS: Windows 8.1 , 64 bit Build 9600 

CPU:total 4 (2 cores per cpu, 2 threads per core) family 6 model 69 stepping 1, cmov, cx8, fxsr, mmx, sse, sse2, sse3, ssse3, sse4.1, sse4.2, popcnt, avx, avx2, aes, clmul, erms, lzcnt, ht, tsc, tscinvbit, bmi1, bmi2

Memory: 4k page, physical 8310040k(329328k free), swap 12406040k(2908k free)

vm_info: Java HotSpot(TM) 64-Bit Server VM (25.20-b23) for windows-amd64 JRE (1.8.0_20-b26), built on Jul 30 2014 13:51:23 by "java_re" with MS VC++ 10.0 (VS2010)

time: Thu Nov 03 09:35:52 2016
elapsed time: 72 seconds (0d 0h 1m 12s)

