#
# There is insufficient memory for the Java Runtime Environment to continue.
# Native memory allocation (malloc) failed to allocate 107728 bytes for Chunk::new
# Possible reasons:
#   The system is out of physical RAM or swap space
#   In 32 bit mode, the process size limit was hit
# Possible solutions:
#   Reduce memory load on the system
#   Increase physical memory or swap space
#   Check if swap backing store is full
#   Use 64 bit Java on a 64 bit OS
#   Decrease Java heap size (-Xmx/-Xms)
#   Decrease number of Java threads
#   Decrease Java thread stack sizes (-Xss)
#   Set larger code cache with -XX:ReservedCodeCacheSize=
# This output file may be truncated or incomplete.
#
#  Out of Memory Error (allocation.cpp:390), pid=5996, tid=14216
#
# JRE version: Java(TM) SE Runtime Environment (8.0_20-b26) (build 1.8.0_20-b26)
# Java VM: Java HotSpot(TM) 64-Bit Server VM (25.20-b23 mixed mode windows-amd64 )
# Failed to write core dump. Minidumps are not enabled by default on client versions of Windows
#

---------------  T H R E A D  ---------------

Current thread (0x000000002440c000):  JavaThread "C2 CompilerThread0" daemon [_thread_in_native, id=14216, stack(0x0000000025990000,0x0000000025a90000)]

Stack: [0x0000000025990000,0x0000000025a90000]
Native frames: (J=compiled Java code, j=interpreted, Vv=VM code, C=native code)
V  [jvm.dll+0x3152fa]


Current CompileTask:
C2:  42303 3187       4       com.android.dx.rop.annotation.Annotation::compareTo (147 bytes)


---------------  P R O C E S S  ---------------

Java Threads: ( => current thread )
  0x0000000026692800 JavaThread "pool-1-thread-1" [_thread_in_Java, id=12792, stack(0x0000000028f30000,0x0000000029030000)]
  0x00000000267a7000 JavaThread "pool-2-thread-4" [_thread_blocked, id=14076, stack(0x0000000027e60000,0x0000000027f60000)]
  0x00000000267a6800 JavaThread "pool-2-thread-3" [_thread_in_Java, id=1944, stack(0x0000000027d60000,0x0000000027e60000)]
  0x0000000026407800 JavaThread "pool-2-thread-2" [_thread_blocked, id=10764, stack(0x0000000027c60000,0x0000000027d60000)]
  0x00000000266bd000 JavaThread "pool-3-thread-1" [_thread_blocked, id=12004, stack(0x0000000027b60000,0x0000000027c60000)]
  0x000000002683a000 JavaThread "pool-2-thread-1" [_thread_blocked, id=15460, stack(0x0000000027a60000,0x0000000027b60000)]
  0x000000002446e000 JavaThread "Service Thread" daemon [_thread_blocked, id=11160, stack(0x0000000026090000,0x0000000026190000)]
  0x0000000024415000 JavaThread "C1 CompilerThread2" daemon [_thread_blocked, id=10432, stack(0x0000000025b90000,0x0000000025c90000)]
  0x000000002440e000 JavaThread "C2 CompilerThread1" daemon [_thread_in_native, id=9996, stack(0x0000000025a90000,0x0000000025b90000)]
=>0x000000002440c000 JavaThread "C2 CompilerThread0" daemon [_thread_in_native, id=14216, stack(0x0000000025990000,0x0000000025a90000)]
  0x000000002440a800 JavaThread "Attach Listener" daemon [_thread_blocked, id=1116, stack(0x0000000025890000,0x0000000025990000)]
  0x0000000024409800 JavaThread "Signal Dispatcher" daemon [_thread_blocked, id=3692, stack(0x0000000025790000,0x0000000025890000)]
  0x0000000001ef6000 JavaThread "Finalizer" daemon [_thread_blocked, id=15724, stack(0x0000000025690000,0x0000000025790000)]
  0x0000000001eed000 JavaThread "Reference Handler" daemon [_thread_blocked, id=14220, stack(0x0000000025590000,0x0000000025690000)]
  0x0000000001e02800 JavaThread "main" [_thread_blocked, id=5704, stack(0x0000000001d00000,0x0000000001e00000)]

Other Threads:
  0x00000000243d5800 VMThread [stack: 0x0000000025490000,0x0000000025590000] [id=12228]
  0x0000000025cc0000 WatcherThread [stack: 0x0000000026190000,0x0000000026290000] [id=8880]

VM state:not at safepoint (normal execution)

VM Mutex/Monitor currently owned by a thread: None

Heap:
 PSYoungGen      total 1128960K, used 118444K [0x00000008d5580000, 0x000000093d280000, 0x0000000d00000000)
  eden space 728064K, 2% used [0x00000008d5580000,0x00000008d6585090,0x0000000901c80000)
  from space 400896K, 25% used [0x0000000901c80000,0x0000000908026258,0x000000091a400000)
  to   space 425472K, 0% used [0x0000000923300000,0x0000000923300000,0x000000093d280000)
 ParOldGen       total 1565696K, used 1126442K [0x0000000080000000, 0x00000000df900000, 0x00000008d5580000)
  object space 1565696K, 71% used [0x0000000080000000,0x00000000c4c0aaf0,0x00000000df900000)
 Metaspace       used 6663K, capacity 6920K, committed 7168K, reserved 8192K

Card table byte_map: [0x00000000127c0000,0x0000000018bd0000] byte_map_base: 0x00000000123c0000

Marking Bits: (ParMarkBitMap*) 0x00000000772ab460
 Begin Bits: [0x0000000d00000000, 0x0000000d32000000)
 End Bits:   [0x0000000d32000000, 0x0000000d64000000)

Polling page: 0x0000000001c00000

CodeCache: size=245760Kb used=10308Kb max_used=14530Kb free=235451Kb
 bounds [0x0000000003400000, 0x0000000004260000, 0x0000000012400000]
 total_blobs=2505 nmethods=2239 adapters=179
 compilation: enabled

Compilation events (10 events):
Event: 35.228 Thread 0x0000000024415000 nmethod 3182 0x0000000003670d90 code [0x0000000003670fc0, 0x0000000003671e78]
Event: 35.228 Thread 0x0000000024415000 3183       3       java.util.HashMap::replacementNode (21 bytes)
Event: 35.228 Thread 0x0000000024415000 nmethod 3183 0x0000000003be8f90 code [0x0000000003be9100, 0x0000000003be93b0]
Event: 35.231 Thread 0x000000002440c000 3184       4       com.android.dx.rop.cst.CstArray::hashCode (8 bytes)
Event: 35.234 Thread 0x000000002440c000 nmethod 3184 0x0000000003da5e90 code [0x0000000003da5fe0, 0x0000000003da6138]
Event: 35.251 Thread 0x000000002440c000 3185  s    4       com.android.dx.dex.file.MixedItemSection::intern (39 bytes)
Event: 35.273 Thread 0x000000002440c000 nmethod 3185 0x000000000369cb90 code [0x000000000369cd60, 0x000000000369da70]
Event: 35.273 Thread 0x000000002440c000 3186       4       com.android.dx.dex.file.OffsettedItem::equals (45 bytes)
Event: 35.275 Thread 0x000000002440c000 nmethod 3186 0x0000000003b3d710 code [0x0000000003b3d860, 0x0000000003b3d978]
Event: 35.284 Thread 0x000000002440c000 3187       4       com.android.dx.rop.annotation.Annotation::compareTo (147 bytes)

GC Heap History (10 events):
Event: 30.822 GC heap before
{Heap before GC invocations=24 (full 5):
 PSYoungGen      total 868352K, used 868332K [0x00000008d5580000, 0x0000000923f80000, 0x0000000d00000000)
  eden space 636416K, 100% used [0x00000008d5580000,0x00000008fc300000,0x00000008fc300000)
  from space 231936K, 99% used [0x00000008fc300000,0x000000090a57b388,0x000000090a580000)
  to   space 285184K, 0% used [0x0000000912900000,0x0000000912900000,0x0000000923f80000)
 ParOldGen       total 1126912K, used 805823K [0x0000000080000000, 0x00000000c4c80000, 0x00000008d5580000)
  object space 1126912K, 71% used [0x0000000080000000,0x00000000b12efc58,0x00000000c4c80000)
 Metaspace       used 6583K, capacity 6920K, committed 7168K, reserved 8192K
Event: 31.030 GC heap after
Heap after GC invocations=24 (full 5):
 PSYoungGen      total 994816K, used 176762K [0x00000008d5580000, 0x0000000925000000, 0x0000000d00000000)
  eden space 709632K, 0% used [0x00000008d5580000,0x00000008d5580000,0x0000000900a80000)
  from space 285184K, 61% used [0x0000000912900000,0x000000091d59e860,0x0000000923f80000)
  to   space 293376K, 0% used [0x0000000900a80000,0x0000000900a80000,0x0000000912900000)
 ParOldGen       total 1126912K, used 843977K [0x0000000080000000, 0x00000000c4c80000, 0x00000008d5580000)
  object space 1126912K, 74% used [0x0000000080000000,0x00000000b3832570,0x00000000c4c80000)
 Metaspace       used 6583K, capacity 6920K, committed 7168K, reserved 8192K
}
Event: 32.313 GC heap before
{Heap before GC invocations=25 (full 5):
 PSYoungGen      total 994816K, used 886394K [0x00000008d5580000, 0x0000000925000000, 0x0000000d00000000)
  eden space 709632K, 100% used [0x00000008d5580000,0x0000000900a80000,0x0000000900a80000)
  from space 285184K, 61% used [0x0000000912900000,0x000000091d59e860,0x0000000923f80000)
  to   space 293376K, 0% used [0x0000000900a80000,0x0000000900a80000,0x0000000912900000)
 ParOldGen       total 1126912K, used 843977K [0x0000000080000000, 0x00000000c4c80000, 0x00000008d5580000)
  object space 1126912K, 74% used [0x0000000080000000,0x00000000b3832570,0x00000000c4c80000)
 Metaspace       used 6583K, capacity 6920K, committed 7168K, reserved 8192K
Event: 32.499 GC heap after
Heap after GC invocations=25 (full 5):
 PSYoungGen      total 1003008K, used 258475K [0x00000008d5580000, 0x000000092e600000, 0x0000000d00000000)
  eden space 709632K, 0% used [0x00000008d5580000,0x00000008d5580000,0x0000000900a80000)
  from space 293376K, 88% used [0x0000000900a80000,0x00000009106eac18,0x0000000912900000)
  to   space 329728K, 0% used [0x000000091a400000,0x000000091a400000,0x000000092e600000)
 ParOldGen       total 1126912K, used 843977K [0x0000000080000000, 0x00000000c4c80000, 0x00000008d5580000)
  object space 1126912K, 74% used [0x0000000080000000,0x00000000b3832570,0x00000000c4c80000)
 Metaspace       used 6583K, capacity 6920K, committed 7168K, reserved 8192K
}
Event: 33.496 GC heap before
{Heap before GC invocations=26 (full 5):
 PSYoungGen      total 1003008K, used 968107K [0x00000008d5580000, 0x000000092e600000, 0x0000000d00000000)
  eden space 709632K, 100% used [0x00000008d5580000,0x0000000900a80000,0x0000000900a80000)
  from space 293376K, 88% used [0x0000000900a80000,0x00000009106eac18,0x0000000912900000)
  to   space 329728K, 0% used [0x000000091a400000,0x000000091a400000,0x000000092e600000)
 ParOldGen       total 1126912K, used 843977K [0x0000000080000000, 0x00000000c4c80000, 0x00000008d5580000)
  object space 1126912K, 74% used [0x0000000080000000,0x00000000b3832570,0x00000000c4c80000)
 Metaspace       used 6584K, capacity 6920K, committed 7168K, reserved 8192K
Event: 33.897 GC heap after
Heap after GC invocations=26 (full 5):
 PSYoungGen      total 1057792K, used 329723K [0x00000008d5580000, 0x0000000938080000, 0x0000000d00000000)
  eden space 728064K, 0% used [0x00000008d5580000,0x00000008d5580000,0x0000000901c80000)
  from space 329728K, 99% used [0x000000091a400000,0x000000092e5fed58,0x000000092e600000)
  to   space 400896K, 0% used [0x0000000901c80000,0x0000000901c80000,0x000000091a400000)
 ParOldGen       total 1126912K, used 888413K [0x0000000080000000, 0x00000000c4c80000, 0x00000008d5580000)
  object space 1126912K, 78% used [0x0000000080000000,0x00000000b6397498,0x00000000c4c80000)
 Metaspace       used 6584K, capacity 6920K, committed 7168K, reserved 8192K
}
Event: 35.291 GC heap before
{Heap before GC invocations=27 (full 5):
 PSYoungGen      total 1057792K, used 1057787K [0x00000008d5580000, 0x0000000938080000, 0x0000000d00000000)
  eden space 728064K, 100% used [0x00000008d5580000,0x0000000901c80000,0x0000000901c80000)
  from space 329728K, 99% used [0x000000091a400000,0x000000092e5fed58,0x000000092e600000)
  to   space 400896K, 0% used [0x0000000901c80000,0x0000000901c80000,0x000000091a400000)
 ParOldGen       total 1126912K, used 888413K [0x0000000080000000, 0x00000000c4c80000, 0x00000008d5580000)
  object space 1126912K, 78% used [0x0000000080000000,0x00000000b6397498,0x00000000c4c80000)
 Metaspace       used 6663K, capacity 6920K, committed 7168K, reserved 8192K
Event: 35.957 GC heap after
Heap after GC invocations=27 (full 5):
 PSYoungGen      total 1128960K, used 286022K [0x00000008d5580000, 0x000000093d280000, 0x0000000d00000000)
  eden space 728064K, 0% used [0x00000008d5580000,0x00000008d5580000,0x0000000901c80000)
  from space 400896K, 71% used [0x0000000901c80000,0x00000009133d19e8,0x000000091a400000)
  to   space 425472K, 0% used [0x0000000923300000,0x0000000923300000,0x000000093d280000)
 ParOldGen       total 1126912K, used 1056122K [0x0000000080000000, 0x00000000c4c80000, 0x00000008d5580000)
  object space 1126912K, 93% used [0x0000000080000000,0x00000000c075eaa8,0x00000000c4c80000)
 Metaspace       used 6663K, capacity 6920K, committed 7168K, reserved 8192K
}
Event: 35.957 GC heap before
{Heap before GC invocations=28 (full 6):
 PSYoungGen      total 1128960K, used 286022K [0x00000008d5580000, 0x000000093d280000, 0x0000000d00000000)
  eden space 728064K, 0% used [0x00000008d5580000,0x00000008d5580000,0x0000000901c80000)
  from space 400896K, 71% used [0x0000000901c80000,0x00000009133d19e8,0x000000091a400000)
  to   space 425472K, 0% used [0x0000000923300000,0x0000000923300000,0x000000093d280000)
 ParOldGen       total 1126912K, used 1056122K [0x0000000080000000, 0x00000000c4c80000, 0x00000008d5580000)
  object space 1126912K, 93% used [0x0000000080000000,0x00000000c075eaa8,0x00000000c4c80000)
 Metaspace       used 6663K, capacity 6920K, committed 7168K, reserved 8192K
Event: 42.266 GC heap after
Heap after GC invocations=28 (full 6):
 PSYoungGen      total 1128960K, used 102040K [0x00000008d5580000, 0x000000093d280000, 0x0000000d00000000)
  eden space 728064K, 0% used [0x00000008d5580000,0x00000008d5580000,0x0000000901c80000)
  from space 400896K, 25% used [0x0000000901c80000,0x0000000908026258,0x000000091a400000)
  to   space 425472K, 0% used [0x0000000923300000,0x0000000923300000,0x000000093d280000)
 ParOldGen       total 1565696K, used 1126442K [0x0000000080000000, 0x00000000df900000, 0x00000008d5580000)
  object space 1565696K, 71% used [0x0000000080000000,0x00000000c4c0aaf0,0x00000000df900000)
 Metaspace       used 6663K, capacity 6920K, committed 7168K, reserved 8192K
}

Deoptimization events (10 events):
Event: 32.159 Thread 0x00000000267a7000 Uncommon trap: reason=null_check action=make_not_entrant pc=0x0000000003f6a7d0 method=com.android.dx.rop.cst.CstKnownNull.equals(Ljava/lang/Object;)Z @ 1
Event: 33.045 Thread 0x000000002683a000 Uncommon trap: reason=range_check action=make_not_entrant pc=0x0000000003881fc0 method=java.util.DualPivotQuicksort.sort([IIIZ)V @ 56
Event: 34.179 Thread 0x0000000026692800 Uncommon trap: reason=bimorphic action=maybe_recompile pc=0x00000000037a5f88 method=java.util.concurrent.FutureTask.run()V @ 42
Event: 34.213 Thread 0x0000000026692800 Uncommon trap: reason=class_check action=maybe_recompile pc=0x0000000003995b14 method=java.util.Arrays.hashCode([Ljava/lang/Object;)I @ 43
Event: 34.213 Thread 0x0000000026692800 Uncommon trap: reason=class_check action=maybe_recompile pc=0x0000000003995b14 method=java.util.Arrays.hashCode([Ljava/lang/Object;)I @ 43
Event: 34.213 Thread 0x0000000026692800 Uncommon trap: reason=class_check action=maybe_recompile pc=0x0000000003995b14 method=java.util.Arrays.hashCode([Ljava/lang/Object;)I @ 43
Event: 34.214 Thread 0x0000000026692800 Uncommon trap: reason=class_check action=maybe_recompile pc=0x0000000003995b14 method=java.util.Arrays.hashCode([Ljava/lang/Object;)I @ 43
Event: 34.214 Thread 0x0000000026692800 Uncommon trap: reason=class_check action=maybe_recompile pc=0x000000000394df0c method=java.util.Arrays.hashCode([Ljava/lang/Object;)I @ 43
Event: 34.214 Thread 0x0000000026692800 Uncommon trap: reason=unreached action=reinterpret pc=0x0000000004206644 method=java.util.Arrays.sort([Ljava/lang/Object;IILjava/util/Comparator;)V @ 1
Event: 35.194 Thread 0x0000000026692800 Uncommon trap: reason=unreached action=reinterpret pc=0x000000000386bce8 method=com.android.dx.dex.file.OffsettedItem.equals(Ljava/lang/Object;)Z @ 26

Internal exceptions (10 events):
Event: 11.560 Thread 0x0000000001e02800 Implicit null exception at 0x00000000035a4ba8 to 0x00000000035a5199
Event: 11.828 Thread 0x0000000001e02800 Exception <a 'java/security/PrivilegedActionException'> (0x00000008ecd9be30) thrown at [D:\re\workspace\8-2-build-windows-amd64-cygwin\jdk8u20\1074\hotspot\src\share\vm\prims\jvm.cpp, line 1275]
Event: 11.906 Thread 0x00000000267a7000 Exception <a 'java/security/PrivilegedActionException'> (0x00000008edd9c478) thrown at [D:\re\workspace\8-2-build-windows-amd64-cygwin\jdk8u20\1074\hotspot\src\share\vm\prims\jvm.cpp, line 1275]
Event: 14.294 Thread 0x00000000267a6800 Implicit null exception at 0x0000000003dd6f5d to 0x0000000003dd7cd1
Event: 22.865 Thread 0x000000002683a000 Exception <a 'java/security/PrivilegedActionException'> (0x00000008ee75c770) thrown at [D:\re\workspace\8-2-build-windows-amd64-cygwin\jdk8u20\1074\hotspot\src\share\vm\prims\jvm.cpp, line 1275]
Event: 22.896 Thread 0x000000002683a000 Exception <a 'java/security/PrivilegedActionException'> (0x00000008ee7cb020) thrown at [D:\re\workspace\8-2-build-windows-amd64-cygwin\jdk8u20\1074\hotspot\src\share\vm\prims\jvm.cpp, line 1275]
Event: 32.159 Thread 0x00000000267a7000 Implicit null exception at 0x0000000003f6a79c to 0x0000000003f6a7c4
Event: 34.179 Thread 0x0000000001e02800 Exception <a 'java/security/PrivilegedActionException'> (0x00000008e4083540) thrown at [D:\re\workspace\8-2-build-windows-amd64-cygwin\jdk8u20\1074\hotspot\src\share\vm\prims\jvm.cpp, line 1275]
Event: 34.214 Thread 0x0000000026692800 Implicit null exception at 0x0000000004205539 to 0x0000000004206625
Event: 34.220 Thread 0x0000000026692800 Exception <a 'java/security/PrivilegedActionException'> (0x00000008e4bb28f0) thrown at [D:\re\workspace\8-2-build-windows-amd64-cygwin\jdk8u20\1074\hotspot\src\share\vm\prims\jvm.cpp, line 1275]

Events (10 events):
Event: 34.214 Thread 0x0000000026692800 Uncommon trap: trap_request=0xffffffad fr.pc=0x0000000004206644
Event: 34.214 Thread 0x0000000026692800 DEOPT PACKING pc=0x0000000004206644 sp=0x000000002902e5c0
Event: 34.214 Thread 0x0000000026692800 DEOPT UNPACKING pc=0x000000000344556a sp=0x000000002902e5b8 mode 2
Event: 34.220 loading class com/android/dx/rop/cst/Zeroes
Event: 34.220 loading class com/android/dx/rop/cst/Zeroes done
Event: 35.194 Thread 0x0000000026692800 Uncommon trap: trap_request=0xffffffad fr.pc=0x000000000386bce8
Event: 35.194 Thread 0x0000000026692800 DEOPT PACKING pc=0x000000000386bce8 sp=0x000000002902e780
Event: 35.194 Thread 0x0000000026692800 DEOPT UNPACKING pc=0x000000000344556a sp=0x000000002902e5f8 mode 2
Event: 35.291 Executing VM operation: ParallelGCFailedAllocation
Event: 42.266 Executing VM operation: ParallelGCFailedAllocation done


Dynamic libraries:
0x00007ff6c44d0000 - 0x00007ff6c4504000 	C:\Program Files\Java\jdk1.8.0_20\bin\java.exe
0x00007ffd3f9f0000 - 0x00007ffd3fbc1000 	C:\WINDOWS\SYSTEM32\ntdll.dll
0x00007ffd3ee50000 - 0x00007ffd3eefb000 	C:\WINDOWS\System32\KERNEL32.DLL
0x00007ffd3c940000 - 0x00007ffd3cb5d000 	C:\WINDOWS\System32\KERNELBASE.dll
0x00007ffd3d2d0000 - 0x00007ffd3d372000 	C:\WINDOWS\System32\ADVAPI32.dll
0x00007ffd3f8c0000 - 0x00007ffd3f95e000 	C:\WINDOWS\System32\msvcrt.dll
0x00007ffd3f990000 - 0x00007ffd3f9e9000 	C:\WINDOWS\System32\sechost.dll
0x00007ffd3f400000 - 0x00007ffd3f521000 	C:\WINDOWS\System32\RPCRT4.dll
0x00007ffd3d430000 - 0x00007ffd3d595000 	C:\WINDOWS\System32\USER32.dll
0x00007ffd3cd90000 - 0x00007ffd3cdae000 	C:\WINDOWS\System32\win32u.dll
0x00007ffd3d380000 - 0x00007ffd3d3b4000 	C:\WINDOWS\System32\GDI32.dll
0x00007ffd3bf30000 - 0x00007ffd3c0b2000 	C:\WINDOWS\System32\gdi32full.dll
0x00007ffd389f0000 - 0x00007ffd38c69000 	C:\WINDOWS\WinSxS\amd64_microsoft.windows.common-controls_6595b64144ccf1df_6.0.14393.0_none_2d0f50fcbdb171b8\COMCTL32.dll
0x00007ffd3f5d0000 - 0x00007ffd3f897000 	C:\WINDOWS\System32\combase.dll
0x00007ffd3c0c0000 - 0x00007ffd3c1b5000 	C:\WINDOWS\System32\ucrtbase.dll
0x00007ffd3ccc0000 - 0x00007ffd3cd2a000 	C:\WINDOWS\System32\bcryptPrimitives.dll
0x00007ffd3f960000 - 0x00007ffd3f98e000 	C:\WINDOWS\System32\IMM32.DLL
0x0000000077330000 - 0x0000000077402000 	C:\Program Files\Java\jdk1.8.0_20\jre\bin\msvcr100.dll
0x0000000076ad0000 - 0x0000000077328000 	C:\Program Files\Java\jdk1.8.0_20\jre\bin\server\jvm.dll
0x00007ffd3ef60000 - 0x00007ffd3ef68000 	C:\WINDOWS\System32\PSAPI.DLL
0x00007ffd31d50000 - 0x00007ffd31d59000 	C:\WINDOWS\SYSTEM32\WSOCK32.dll
0x00007ffd3a390000 - 0x00007ffd3a3b3000 	C:\WINDOWS\SYSTEM32\WINMM.dll
0x00007ffd3d3c0000 - 0x00007ffd3d42a000 	C:\WINDOWS\System32\WS2_32.dll
0x00007ffd3a330000 - 0x00007ffd3a35b000 	C:\WINDOWS\SYSTEM32\WINMMBASE.dll
0x00007ffd3bee0000 - 0x00007ffd3bf22000 	C:\WINDOWS\System32\cfgmgr32.dll
0x0000000050030000 - 0x000000005003f000 	C:\Program Files\Java\jdk1.8.0_20\jre\bin\verify.dll
0x0000000050000000 - 0x0000000050028000 	C:\Program Files\Java\jdk1.8.0_20\jre\bin\java.dll
0x0000000077fe0000 - 0x0000000077ff6000 	C:\Program Files\Java\jdk1.8.0_20\jre\bin\zip.dll
0x00007ffd3d6e0000 - 0x00007ffd3ebe8000 	C:\WINDOWS\System32\SHELL32.dll
0x00007ffd3c1c0000 - 0x00007ffd3c89a000 	C:\WINDOWS\System32\windows.storage.dll
0x00007ffd3be80000 - 0x00007ffd3becc000 	C:\WINDOWS\System32\powrprof.dll
0x00007ffd3ef00000 - 0x00007ffd3ef52000 	C:\WINDOWS\System32\shlwapi.dll
0x00007ffd3bed0000 - 0x00007ffd3bedf000 	C:\WINDOWS\System32\kernel.appcore.dll
0x00007ffd3cb60000 - 0x00007ffd3cc09000 	C:\WINDOWS\System32\shcore.dll
0x00007ffd3be50000 - 0x00007ffd3be64000 	C:\WINDOWS\System32\profapi.dll

VM Arguments:
jvm_args: -Djava.awt.headless=true -Xmx50g -Dfile.encoding=windows-1251 -Duser.country=RU -Duser.language=ru -Duser.variant 
java_command: com.android.dx.command.Main --dex --num-threads=4 --multi-dex --main-dex-list C:\Users\User\Documents\GitHub\iCRM\iCRM\app\build\intermediates\multi-dex\debug\maindexlist.txt --output C:\Users\User\Documents\GitHub\iCRM\iCRM\app\build\intermediates\transforms\dex\debug\folders\1000\1f\main C:\Users\User\Documents\GitHub\iCRM\iCRM\app\build\intermediates\transforms\jarMerging\debug\jars\1\1f\combined.jar
java_class_path (initial): C:\Users\User\AppData\Local\Android\sdk\build-tools\23.0.3\lib\dx.jar
Launcher Type: SUN_STANDARD

Environment Variables:
PATH=C:\ProgramData\Oracle\Java\javapath;C:\Program Files\Broadcom\Broadcom 802.11 Network Adapter;C:\Program Files (x86)\NVIDIA Corporation\PhysX\Common;C:\Program Files (x86)\Intel\iCLS Client\;C:\Program Files\Intel\iCLS Client\;C:\Windows\system32;C:\Windows;C:\Windows\System32\Wbem;C:\Windows\System32\WindowsPowerShell\v1.0\;C:\Program Files\Intel\Intel(R) Management Engine Components\DAL;C:\Program Files\Intel\Intel(R) Management Engine Components\IPT;C:\Program Files (x86)\Intel\Intel(R) Management Engine Components\DAL;C:\Program Files (x86)\Intel\Intel(R) Management Engine Components\IPT;C:\Program Files\WIDCOMM\Bluetooth Software\;C:\Program Files\WIDCOMM\Bluetooth Software\syswow64;C:\Program Files\Acer\Remote Files\;C:\Program Files (x86)\Skype\Phone\;C:\Program Files\OpenVPN\bin;C:\WINDOWS\system32;C:\WINDOWS;C:\WINDOWS\System32\Wbem;C:\WINDOWS\System32\WindowsPowerShell\v1.0\;C:\Users\User\AppData\Local\Microsoft\WindowsApps;
USERNAME=User
OS=Windows_NT
PROCESSOR_IDENTIFIER=Intel64 Family 6 Model 69 Stepping 1, GenuineIntel



---------------  S Y S T E M  ---------------

OS: Windows 8.1 , 64 bit Build 9600 

CPU:total 4 (2 cores per cpu, 2 threads per core) family 6 model 69 stepping 1, cmov, cx8, fxsr, mmx, sse, sse2, sse3, ssse3, sse4.1, sse4.2, popcnt, avx, avx2, aes, clmul, erms, lzcnt, ht, tsc, tscinvbit, bmi1, bmi2

Memory: 4k page, physical 8310040k(1019280k free), swap 12406040k(5124k free)

vm_info: Java HotSpot(TM) 64-Bit Server VM (25.20-b23) for windows-amd64 JRE (1.8.0_20-b26), built on Jul 30 2014 13:51:23 by "java_re" with MS VC++ 10.0 (VS2010)

time: Fri Oct 28 14:54:53 2016
elapsed time: 42 seconds (0d 0h 0m 42s)

