#
# There is insufficient memory for the Java Runtime Environment to continue.
# Native memory allocation (malloc) failed to allocate 32744 bytes for ChunkPool::allocate
# Possible reasons:
#   The system is out of physical RAM or swap space
#   In 32 bit mode, the process size limit was hit
# Possible solutions:
#   Reduce memory load on the system
#   Increase physical memory or swap space
#   Check if swap backing store is full
#   Use 64 bit Java on a 64 bit OS
#   Decrease Java heap size (-Xmx/-Xms)
#   Decrease number of Java threads
#   Decrease Java thread stack sizes (-Xss)
#   Set larger code cache with -XX:ReservedCodeCacheSize=
# This output file may be truncated or incomplete.
#
#  Out of Memory Error (allocation.cpp:273), pid=13616, tid=0x000000000000473c
#
# JRE version: OpenJDK Runtime Environment (8.0_112-b06) (build 1.8.0_112-release-b06)
# Java VM: OpenJDK 64-Bit Server VM (25.112-b06 mixed mode windows-amd64 )
# Failed to write core dump. Minidumps are not enabled by default on client versions of Windows
#

---------------  T H R E A D  ---------------

Current thread (0x0000000035199800):  JavaThread "C2 CompilerThread0" daemon [_thread_in_native, id=18236, stack(0x00000000367f0000,0x00000000368f0000)]

Stack: [0x00000000367f0000,0x00000000368f0000]
[error occurred during error reporting (printing stack bounds), id 0xc0000005]

Native frames: (J=compiled Java code, j=interpreted, Vv=VM code, C=native code)


Current CompileTask:
C2:   2677 1516   !   4       com.android.dx.cf.code.BytecodeArray::parseInstruction (2764 bytes)


---------------  P R O C E S S  ---------------

Java Threads: ( => current thread )
  0x0000000036c9a000 JavaThread "pool-2-thread-4" [_thread_blocked, id=1028, stack(0x00000000374f0000,0x00000000375f0000)]
  0x0000000036c88800 JavaThread "pool-2-thread-3" [_thread_in_Java, id=8736, stack(0x00000000373f0000,0x00000000374f0000)]
  0x0000000036c90000 JavaThread "pool-2-thread-2" [_thread_in_Java, id=10860, stack(0x00000000372f0000,0x00000000373f0000)]
  0x0000000036c8c000 JavaThread "pool-3-thread-1" [_thread_blocked, id=5056, stack(0x00000000371f0000,0x00000000372f0000)]
  0x0000000036c86000 JavaThread "pool-2-thread-1" [_thread_blocked, id=17968, stack(0x00000000370f0000,0x00000000371f0000)]
  0x0000000036b13000 JavaThread "Service Thread" daemon [_thread_blocked, id=4716, stack(0x0000000036ef0000,0x0000000036ff0000)]
  0x00000000351a8000 JavaThread "C1 CompilerThread2" daemon [_thread_blocked, id=18100, stack(0x00000000369f0000,0x0000000036af0000)]
  0x000000003519c000 JavaThread "C2 CompilerThread1" daemon [_thread_in_native, id=5196, stack(0x00000000368f0000,0x00000000369f0000)]
=>0x0000000035199800 JavaThread "C2 CompilerThread0" daemon [_thread_in_native, id=18236, stack(0x00000000367f0000,0x00000000368f0000)]
  0x0000000035198000 JavaThread "Attach Listener" daemon [_thread_blocked, id=18248, stack(0x00000000366f0000,0x00000000367f0000)]
  0x00000000351a7000 JavaThread "Signal Dispatcher" daemon [_thread_blocked, id=18052, stack(0x00000000365f0000,0x00000000366f0000)]
  0x0000000001e55800 JavaThread "Finalizer" daemon [_thread_blocked, id=18180, stack(0x0000000036400000,0x0000000036500000)]
  0x0000000001e50800 JavaThread "Reference Handler" daemon [_thread_blocked, id=18044, stack(0x0000000036300000,0x0000000036400000)]
  0x0000000001d60800 JavaThread "main" [_thread_in_native, id=14952, stack(0x0000000001c60000,0x0000000001d60000)]

Other Threads:
  0x0000000035164800 VMThread [stack: 0x0000000036200000,0x0000000036300000] [id=18172]
  0x0000000036b14800 WatcherThread [stack: 0x0000000036ff0000,0x00000000370f0000] [id=18068]

VM state:not at safepoint (normal execution)

VM Mutex/Monitor currently owned by a thread: None

Heap:
 PSYoungGen      total 71680K, used 63330K [0x000000112ab00000, 0x0000001133700000, 0x0000001980000000)
  eden space 66560K, 87% used [0x000000112ab00000,0x000000112e3df130,0x000000112ec00000)
  from space 5120K, 99% used [0x000000112ec00000,0x000000112f0f98f8,0x000000112f100000)
  to   space 5120K, 0% used [0x0000001133200000,0x0000001133200000,0x0000001133700000)
 ParOldGen       total 87552K, used 21659K [0x0000000080000000, 0x0000000085580000, 0x000000112ab00000)
  object space 87552K, 24% used [0x0000000080000000,0x0000000081526f30,0x0000000085580000)
 Metaspace       used 6118K, capacity 6728K, committed 6912K, reserved 8192K

Card table byte_map: [0x00000000127c0000,0x000000001efd0000] byte_map_base: 0x00000000123c0000

Marking Bits: (ParMarkBitMap*) 0x00000000559e18f0
 Begin Bits: [0x0000001980000000, 0x00000019e4000000)
 End Bits:   [0x00000019e4000000, 0x0000001a48000000)

Polling page: 0x0000000001830000

CodeCache: size=245760Kb used=7181Kb max_used=7181Kb free=238578Kb
 bounds [0x0000000003400000, 0x0000000003b10000, 0x0000000012400000]
 total_blobs=2031 nmethods=1769 adapters=175
 compilation: enabled

Compilation events (10 events):
Event: 2.628 Thread 0x00000000351a8000 1797       2       java.util.HashMap::afterNodeAccess (1 bytes)
Event: 2.628 Thread 0x00000000351a8000 nmethod 1797 0x0000000003b04150 code [0x0000000003b042a0, 0x0000000003b043f0]
Event: 2.628 Thread 0x00000000351a8000 1798       2       com.android.dx.ssa.PhiInsn::mapSourceRegisters (78 bytes)
Event: 2.629 Thread 0x00000000351a8000 nmethod 1798 0x0000000003b04450 code [0x0000000003b045e0, 0x0000000003b04988]
Event: 2.629 Thread 0x00000000351a8000 1799       2       com.android.dx.ssa.back.SsaToRop$PhiVisitor::visitPhiInsn (67 bytes)
Event: 2.630 Thread 0x00000000351a8000 nmethod 1799 0x0000000003b04c50 code [0x0000000003b04e40, 0x0000000003b053c8]
Event: 2.643 Thread 0x00000000351a8000 1802       2       com.android.dx.ssa.back.FirstFitLocalCombiningAllocator::processPhiInsn (255 bytes)
Event: 2.645 Thread 0x00000000351a8000 nmethod 1802 0x0000000003b05d50 code [0x0000000003b06000, 0x0000000003b06b98]
Event: 2.651 Thread 0x00000000351a8000 1804       2       com.android.dx.ssa.back.FirstFitLocalCombiningAllocator::access$100 (5 bytes)
Event: 2.651 Thread 0x00000000351a8000 nmethod 1804 0x0000000003b07c50 code [0x0000000003b07da0, 0x0000000003b07ef0]

GC Heap History (6 events):
Event: 1.452 GC heap before
{Heap before GC invocations=1 (full 0):
 PSYoungGen      total 38400K, used 33280K [0x000000112ab00000, 0x000000112d580000, 0x0000001980000000)
  eden space 33280K, 100% used [0x000000112ab00000,0x000000112cb80000,0x000000112cb80000)
  from space 5120K, 0% used [0x000000112d080000,0x000000112d080000,0x000000112d580000)
  to   space 5120K, 0% used [0x000000112cb80000,0x000000112cb80000,0x000000112d080000)
 ParOldGen       total 87552K, used 0K [0x0000000080000000, 0x0000000085580000, 0x000000112ab00000)
  object space 87552K, 0% used [0x0000000080000000,0x0000000080000000,0x0000000085580000)
 Metaspace       used 5672K, capacity 6408K, committed 6656K, reserved 8192K
Event: 1.469 GC heap after
Heap after GC invocations=1 (full 0):
 PSYoungGen      total 38400K, used 5093K [0x000000112ab00000, 0x000000112f600000, 0x0000001980000000)
  eden space 33280K, 0% used [0x000000112ab00000,0x000000112ab00000,0x000000112cb80000)
  from space 5120K, 99% used [0x000000112cb80000,0x000000112d079600,0x000000112d080000)
  to   space 5120K, 0% used [0x000000112f100000,0x000000112f100000,0x000000112f600000)
 ParOldGen       total 87552K, used 4652K [0x0000000080000000, 0x0000000085580000, 0x000000112ab00000)
  object space 87552K, 5% used [0x0000000080000000,0x000000008048b3a0,0x0000000085580000)
 Metaspace       used 5672K, capacity 6408K, committed 6656K, reserved 8192K
}
Event: 1.980 GC heap before
{Heap before GC invocations=2 (full 0):
 PSYoungGen      total 38400K, used 38373K [0x000000112ab00000, 0x000000112f600000, 0x0000001980000000)
  eden space 33280K, 100% used [0x000000112ab00000,0x000000112cb80000,0x000000112cb80000)
  from space 5120K, 99% used [0x000000112cb80000,0x000000112d079600,0x000000112d080000)
  to   space 5120K, 0% used [0x000000112f100000,0x000000112f100000,0x000000112f600000)
 ParOldGen       total 87552K, used 4652K [0x0000000080000000, 0x0000000085580000, 0x000000112ab00000)
  object space 87552K, 5% used [0x0000000080000000,0x000000008048b3a0,0x0000000085580000)
 Metaspace       used 5960K, capacity 6664K, committed 6912K, reserved 8192K
Event: 2.000 GC heap after
Heap after GC invocations=2 (full 0):
 PSYoungGen      total 71680K, used 5103K [0x000000112ab00000, 0x000000112f600000, 0x0000001980000000)
  eden space 66560K, 0% used [0x000000112ab00000,0x000000112ab00000,0x000000112ec00000)
  from space 5120K, 99% used [0x000000112f100000,0x000000112f5fbc68,0x000000112f600000)
  to   space 5120K, 0% used [0x000000112ec00000,0x000000112ec00000,0x000000112f100000)
 ParOldGen       total 87552K, used 11214K [0x0000000080000000, 0x0000000085580000, 0x000000112ab00000)
  object space 87552K, 12% used [0x0000000080000000,0x0000000080af3a60,0x0000000085580000)
 Metaspace       used 5960K, capacity 6664K, committed 6912K, reserved 8192K
}
Event: 2.376 GC heap before
{Heap before GC invocations=3 (full 0):
 PSYoungGen      total 71680K, used 71663K [0x000000112ab00000, 0x000000112f600000, 0x0000001980000000)
  eden space 66560K, 100% used [0x000000112ab00000,0x000000112ec00000,0x000000112ec00000)
  from space 5120K, 99% used [0x000000112f100000,0x000000112f5fbc68,0x000000112f600000)
  to   space 5120K, 0% used [0x000000112ec00000,0x000000112ec00000,0x000000112f100000)
 ParOldGen       total 87552K, used 11214K [0x0000000080000000, 0x0000000085580000, 0x000000112ab00000)
  object space 87552K, 12% used [0x0000000080000000,0x0000000080af3a60,0x0000000085580000)
 Metaspace       used 6103K, capacity 6728K, committed 6912K, reserved 8192K
Event: 2.403 GC heap after
Heap after GC invocations=3 (full 0):
 PSYoungGen      total 71680K, used 5094K [0x000000112ab00000, 0x0000001133700000, 0x0000001980000000)
  eden space 66560K, 0% used [0x000000112ab00000,0x000000112ab00000,0x000000112ec00000)
  from space 5120K, 99% used [0x000000112ec00000,0x000000112f0f98f8,0x000000112f100000)
  to   space 5120K, 0% used [0x0000001133200000,0x0000001133200000,0x0000001133700000)
 ParOldGen       total 87552K, used 21659K [0x0000000080000000, 0x0000000085580000, 0x000000112ab00000)
  object space 87552K, 24% used [0x0000000080000000,0x0000000081526f30,0x0000000085580000)
 Metaspace       used 6103K, capacity 6728K, committed 6912K, reserved 8192K
}

Deoptimization events (10 events):
Event: 2.046 Thread 0x0000000036c86000 Uncommon trap: reason=unstable_if action=reinterpret pc=0x000000000367d624 method=java.util.BitSet.ensureCapacity(I)V @ 6
Event: 2.058 Thread 0x0000000036c88800 Uncommon trap: reason=bimorphic action=maybe_recompile pc=0x00000000036ff4ec method=java.util.HashMap.putVal(ILjava/lang/Object;Ljava/lang/Object;ZZ)Ljava/lang/Object; @ 91
Event: 2.127 Thread 0x0000000036c90000 Uncommon trap: reason=bimorphic action=maybe_recompile pc=0x00000000036ff4ec method=java.util.HashMap.putVal(ILjava/lang/Object;Ljava/lang/Object;ZZ)Ljava/lang/Object; @ 91
Event: 2.128 Thread 0x0000000036c90000 Uncommon trap: reason=unstable_if action=reinterpret pc=0x00000000036533d8 method=java.util.HashMap.getNode(ILjava/lang/Object;)Ljava/util/HashMap$Node; @ 62
Event: 2.129 Thread 0x0000000036c90000 Uncommon trap: reason=bimorphic action=maybe_recompile pc=0x00000000039780e4 method=java.util.HashMap.getNode(ILjava/lang/Object;)Ljava/util/HashMap$Node; @ 126
Event: 2.164 Thread 0x0000000036c9a000 Uncommon trap: reason=bimorphic action=maybe_recompile pc=0x0000000003884b9c method=com.android.dx.rop.code.RegisterSpec.equals(ILcom/android/dx/rop/type/TypeBearer;Lcom/android/dx/rop/code/LocalItem;)Z @ 13
Event: 2.350 Thread 0x0000000036c86000 Uncommon trap: reason=unstable_if action=reinterpret pc=0x00000000035dc384 method=com.android.dx.rop.cst.Constant.compareTo(Lcom/android/dx/rop/cst/Constant;)I @ 12
Event: 2.468 Thread 0x0000000036c88800 Uncommon trap: reason=bimorphic action=maybe_recompile pc=0x00000000036ff4ec method=java.util.HashMap.putVal(ILjava/lang/Object;Ljava/lang/Object;ZZ)Ljava/lang/Object; @ 91
Event: 2.538 Thread 0x0000000036c86000 Uncommon trap: reason=unstable_if action=reinterpret pc=0x00000000039a2784 method=com.android.dx.ssa.SsaRenamer$BlockRenamer.addMapping(ILcom/android/dx/rop/code/RegisterSpec;)V @ 120
Event: 2.612 Thread 0x0000000001d60800 Uncommon trap: reason=bimorphic action=maybe_recompile pc=0x00000000036ff4ec method=java.util.HashMap.putVal(ILjava/lang/Object;Ljava/lang/Object;ZZ)Ljava/lang/Object; @ 91

Internal exceptions (3 events):
Event: 0.077 Thread 0x0000000001d60800 Exception <a 'java/lang/NoSuchMethodError': Method sun.misc.Unsafe.defineClass(Ljava/lang/String;[BII)Ljava/lang/Class; name or signature does not match> (0x000000112ab0b8b8) thrown at [C:\src\android\AOSP-openjdk\external\jetbrains\jdk\hotspot\src\share\vq½Ã|•Ö³?
Event: 0.077 Thread 0x0000000001d60800 Exception <a 'java/lang/NoSuchMethodError': Method sun.misc.Unsafe.prefetchRead(Ljava/lang/Object;J)V name or signature does not match> (0x000000112ab0bc80) thrown at [C:\src\android\AOSP-openjdk\external\jetbrains\jdk\hotspot\src\share\vm\prims\jni.cpp, l¤èœAû?
Event: 1.703 Thread 0x0000000036c90000 Implicit null exception at 0x0000000003717912 to 0x0000000003717a19

Events (10 events):
Event: 2.571 Thread 0x0000000036c88800 DEOPT UNPACKING pc=0x00000000034475bf sp=0x00000000374ee8d8 mode 0
Event: 2.572 Thread 0x0000000036c90000 DEOPT PACKING pc=0x0000000003afc771 sp=0x00000000373eeae0
Event: 2.572 Thread 0x0000000036c90000 DEOPT UNPACKING pc=0x00000000034475bf sp=0x00000000373ee828 mode 0
Event: 2.612 Thread 0x0000000001d60800 Uncommon trap: trap_request=0xffffffc6 fr.pc=0x00000000036ff4ec
Event: 2.612 Thread 0x0000000001d60800 DEOPT PACKING pc=0x00000000036ff4ec sp=0x0000000001d5dae0
Event: 2.612 Thread 0x0000000001d60800 DEOPT UNPACKING pc=0x000000000344556a sp=0x0000000001d5da68 mode 2
Event: 2.630 Thread 0x0000000036c88800 DEOPT PACKING pc=0x00000000038fc3c5 sp=0x00000000374eeb40
Event: 2.630 Thread 0x0000000036c88800 DEOPT UNPACKING pc=0x00000000034475bf sp=0x00000000374ee8d8 mode 0
Event: 2.652 Thread 0x0000000036c86000 DEOPT PACKING pc=0x00000000038fc3c5 sp=0x00000000371eea00
Event: 2.652 Thread 0x0000000036c86000 DEOPT UNPACKING pc=0x00000000034475bf sp=0x00000000371ee798 mode 0


Dynamic libraries:
0x00007ff6142d0000 - 0x00007ff614301000 	C:\Program Files\Android\Android Studio\jre\bin\java.exe
0x00007ff8d89a0000 - 0x00007ff8d8b71000 	C:\WINDOWS\SYSTEM32\ntdll.dll
0x00007ff8d6040000 - 0x00007ff8d60ec000 	C:\WINDOWS\System32\KERNEL32.DLL
0x00007ff8d5480000 - 0x00007ff8d569d000 	C:\WINDOWS\System32\KERNELBASE.dll
0x00007ff8d8200000 - 0x00007ff8d82a2000 	C:\WINDOWS\System32\ADVAPI32.dll
0x00007ff8d8370000 - 0x00007ff8d840e000 	C:\WINDOWS\System32\msvcrt.dll
0x00007ff8d8510000 - 0x00007ff8d8569000 	C:\WINDOWS\System32\sechost.dll
0x00007ff8d60f0000 - 0x00007ff8d6211000 	C:\WINDOWS\System32\RPCRT4.dll
0x00007ff8d6250000 - 0x00007ff8d63b5000 	C:\WINDOWS\System32\USER32.dll
0x00007ff8d50d0000 - 0x00007ff8d50ee000 	C:\WINDOWS\System32\win32u.dll
0x00007ff8d82c0000 - 0x00007ff8d82f4000 	C:\WINDOWS\System32\GDI32.dll
0x00007ff8d4f50000 - 0x00007ff8d50d0000 	C:\WINDOWS\System32\gdi32full.dll
0x00007ff8c92b0000 - 0x00007ff8c952a000 	C:\WINDOWS\WinSxS\amd64_microsoft.windows.common-controls_6595b64144ccf1df_6.0.14393.953_none_42151e83c686086b\COMCTL32.dll
0x00007ff8d7ed0000 - 0x00007ff8d8198000 	C:\WINDOWS\System32\combase.dll
0x00007ff8d5380000 - 0x00007ff8d5475000 	C:\WINDOWS\System32\ucrtbase.dll
0x00007ff8d50f0000 - 0x00007ff8d515a000 	C:\WINDOWS\System32\bcryptPrimitives.dll
0x00007ff8d6220000 - 0x00007ff8d624e000 	C:\WINDOWS\System32\IMM32.DLL
0x0000000054e70000 - 0x0000000054f42000 	C:\Program Files\Android\Android Studio\jre\jre\bin\msvcr100.dll
0x0000000055220000 - 0x0000000055a5c000 	C:\Program Files\Android\Android Studio\jre\jre\bin\server\jvm.dll
0x00007ff8d7ec0000 - 0x00007ff8d7ec8000 	C:\WINDOWS\System32\PSAPI.DLL
0x00007ff8ce090000 - 0x00007ff8ce099000 	C:\WINDOWS\SYSTEM32\WSOCK32.dll
0x00007ff8d2fb0000 - 0x00007ff8d2fd3000 	C:\WINDOWS\SYSTEM32\WINMM.dll
0x00007ff8c8fd0000 - 0x00007ff8c8fda000 	C:\WINDOWS\SYSTEM32\VERSION.dll
0x00007ff8d5fd0000 - 0x00007ff8d603a000 	C:\WINDOWS\System32\WS2_32.dll
0x0000000001a30000 - 0x0000000001a5b000 	C:\WINDOWS\SYSTEM32\WINMMBASE.dll
0x00007ff8d5160000 - 0x00007ff8d51a2000 	C:\WINDOWS\System32\cfgmgr32.dll
0x00007ff8c9ee0000 - 0x00007ff8c9eef000 	C:\Program Files\Android\Android Studio\jre\jre\bin\verify.dll
0x00007ff8bc6f0000 - 0x00007ff8bc719000 	C:\Program Files\Android\Android Studio\jre\jre\bin\java.dll
0x00007ff8b5a50000 - 0x00007ff8b5a66000 	C:\Program Files\Android\Android Studio\jre\jre\bin\zip.dll
0x00007ff8d68f0000 - 0x00007ff8d7df8000 	C:\WINDOWS\System32\SHELL32.dll
0x00007ff8d5850000 - 0x00007ff8d5f2a000 	C:\WINDOWS\System32\windows.storage.dll
0x00007ff8d4e50000 - 0x00007ff8d4e9c000 	C:\WINDOWS\System32\powrprof.dll
0x00007ff8d81a0000 - 0x00007ff8d81f2000 	C:\WINDOWS\System32\shlwapi.dll
0x00007ff8d4e20000 - 0x00007ff8d4e2f000 	C:\WINDOWS\System32\kernel.appcore.dll
0x00007ff8d5700000 - 0x00007ff8d57a9000 	C:\WINDOWS\System32\shcore.dll
0x00007ff8d4e30000 - 0x00007ff8d4e44000 	C:\WINDOWS\System32\profapi.dll

VM Arguments:
jvm_args: -Djava.awt.headless=true -Xmx100g -Dfile.encoding=windows-1251 -Duser.country=RU -Duser.language=ru -Duser.variant 
java_command: com.android.dx.command.Main --dex --num-threads=4 --multi-dex --output C:\Users\User\Documents\GitHub\iCRM\iCRM\app\build\intermediates\transforms\dex\debug\folders\1000\1\retrolambda_34c6bec93c2ca5ecd762d0dced68cc56e1a389f8 C:\Users\User\Documents\GitHub\iCRM\iCRM\app\build\intermediates\transforms\retrolambda\debug\folders\1\1\retrolambda
java_class_path (initial): C:\Users\User\AppData\Local\Android\sdk\build-tools\25.0.2\lib\dx.jar
Launcher Type: SUN_STANDARD

Environment Variables:
PATH=C:\ProgramData\Oracle\Java\javapath;C:\Program Files\Broadcom\Broadcom 802.11 Network Adapter;C:\Program Files (x86)\NVIDIA Corporation\PhysX\Common;C:\Program Files (x86)\Intel\iCLS Client\;C:\Program Files\Intel\iCLS Client\;C:\Windows\system32;C:\Windows;C:\Windows\System32\Wbem;C:\Windows\System32\WindowsPowerShell\v1.0\;C:\Program Files\Intel\Intel(R) Management Engine Components\DAL;C:\Program Files\Intel\Intel(R) Management Engine Components\IPT;C:\Program Files (x86)\Intel\Intel(R) Management Engine Components\DAL;C:\Program Files (x86)\Intel\Intel(R) Management Engine Components\IPT;C:\Program Files\WIDCOMM\Bluetooth Software\;C:\Program Files\WIDCOMM\Bluetooth Software\syswow64;C:\Program Files\Acer\Remote Files\;C:\Program Files\OpenVPN\bin;C:\WINDOWS\system32;C:\WINDOWS;C:\WINDOWS\System32\Wbem;C:\WINDOWS\System32\WindowsPowerShell\v1.0\;C:\Users\User\AppData\Local\Microsoft\WindowsApps;
USERNAME=User
OS=Windows_NT
PROCESSOR_IDENTIFIER=Intel64 Family 6 Model 69 Stepping 1, GenuineIntel



---------------  S Y S T E M  ---------------

OS: Windows 10.0 , 64 bit Build 14393 (10.0.14393.1198)

CPU:total 4 (2 cores per cpu, 2 threads per core) family 6 model 69 stepping 1, cmov, cx8, fxsr, mmx, sse, sse2, sse3, ssse3, sse4.1, sse4.2, popcnt, avx, avx2, aes, clmul, erms, lzcnt, ht, tsc, tscinvbit, bmi1, bmi2

Memory: 4k page, physical 8310040k(2145628k free), swap 12406040k(4128k free)

vm_info: OpenJDK 64-Bit Server VM (25.112-b06) for windows-amd64 JRE (1.8.0_112-release-b06), built on Dec  8 2016 00:54:26 by "builder" with MS VC++ 10.0 (VS2010)

time: Tue Jun 20 11:34:11 2017
elapsed time: 2 seconds (0d 0h 0m 2s)

