#
# There is insufficient memory for the Java Runtime Environment to continue.
# Native memory allocation (malloc) failed to allocate 1742656 bytes for Chunk::new
# Possible reasons:
#   The system is out of physical RAM or swap space
#   In 32 bit mode, the process size limit was hit
# Possible solutions:
#   Reduce memory load on the system
#   Increase physical memory or swap space
#   Check if swap backing store is full
#   Use 64 bit Java on a 64 bit OS
#   Decrease Java heap size (-Xmx/-Xms)
#   Decrease number of Java threads
#   Decrease Java thread stack sizes (-Xss)
#   Set larger code cache with -XX:ReservedCodeCacheSize=
# This output file may be truncated or incomplete.
#
#  Out of Memory Error (allocation.cpp:390), pid=1236, tid=3408
#
# JRE version: Java(TM) SE Runtime Environment (8.0_20-b26) (build 1.8.0_20-b26)
# Java VM: Java HotSpot(TM) 64-Bit Server VM (25.20-b23 mixed mode windows-amd64 )
# Failed to write core dump. Minidumps are not enabled by default on client versions of Windows
#

---------------  T H R E A D  ---------------

Current thread (0x0000000001e6c000):  JavaThread "C2 CompilerThread0" daemon [_thread_in_native, id=3408, stack(0x0000000024ea0000,0x0000000024fa0000)]

Stack: [0x0000000024ea0000,0x0000000024fa0000]
Native frames: (J=compiled Java code, j=interpreted, Vv=VM code, C=native code)
V  [jvm.dll+0x3152fa]
V  [jvm.dll+0x265d03]
V  [jvm.dll+0x266943]
V  [jvm.dll+0x25e265]
V  [jvm.dll+0xbe255]
V  [jvm.dll+0xbe6fc]
V  [jvm.dll+0x45c472]
V  [jvm.dll+0x49d76f]
V  [jvm.dll+0x451438]
V  [jvm.dll+0x452634]
V  [jvm.dll+0x435fc2]
V  [jvm.dll+0x97b62]
V  [jvm.dll+0x98353]
V  [jvm.dll+0x22aac4]
V  [jvm.dll+0x283f5a]
C  [msvcr100.dll+0x21d9f]
C  [msvcr100.dll+0x21e3b]
C  [KERNEL32.DLL+0x8364]
C  [ntdll.dll+0x65e91]


Current CompileTask:
C2:  61889 3669       4       com.android.dx.dex.file.CodeItem::place0 (88 bytes)


---------------  P R O C E S S  ---------------

Java Threads: ( => current thread )
  0x0000000025ac6000 JavaThread "pool-1-thread-2" [_thread_blocked, id=156, stack(0x00000000286a0000,0x00000000287a0000)]
  0x0000000025e0b000 JavaThread "pool-1-thread-1" [_thread_blocked, id=7632, stack(0x0000000027470000,0x0000000027570000)]
  0x0000000001ece000 JavaThread "Service Thread" daemon [_thread_blocked, id=2932, stack(0x00000000255a0000,0x00000000256a0000)]
  0x0000000001e75000 JavaThread "C1 CompilerThread2" daemon [_thread_blocked, id=6328, stack(0x00000000250a0000,0x00000000251a0000)]
  0x0000000001e6e800 JavaThread "C2 CompilerThread1" daemon [_thread_blocked, id=1684, stack(0x0000000024fa0000,0x00000000250a0000)]
=>0x0000000001e6c000 JavaThread "C2 CompilerThread0" daemon [_thread_in_native, id=3408, stack(0x0000000024ea0000,0x0000000024fa0000)]
  0x0000000001e6a800 JavaThread "Attach Listener" daemon [_thread_blocked, id=2108, stack(0x0000000024da0000,0x0000000024ea0000)]
  0x0000000001e69800 JavaThread "Signal Dispatcher" daemon [_thread_blocked, id=11212, stack(0x0000000024ca0000,0x0000000024da0000)]
  0x0000000001506000 JavaThread "Finalizer" daemon [_thread_blocked, id=10104, stack(0x0000000024ba0000,0x0000000024ca0000)]
  0x00000000014fd000 JavaThread "Reference Handler" daemon [_thread_blocked, id=9984, stack(0x0000000024aa0000,0x0000000024ba0000)]
  0x0000000001412800 JavaThread "main" [_thread_blocked, id=4908, stack(0x0000000001270000,0x0000000001370000)]

Other Threads:
  0x0000000001e35800 VMThread [stack: 0x0000000001ed0000,0x0000000001fd0000] [id=5744]
  0x00000000251d0800 WatcherThread [stack: 0x00000000256a0000,0x00000000257a0000] [id=10520]

VM state:at safepoint (normal execution)

VM Mutex/Monitor currently owned by a thread:  ([mutex/lock_event])
[0x0000000000eac2b0] Threads_lock - owner thread: 0x0000000001e35800
[0x0000000000eac1b0] Heap_lock - owner thread: 0x0000000025e0b000

Heap:
 PSYoungGen      total 1078272K, used 798720K [0x00000008d5580000, 0x0000000939d80000, 0x0000000d00000000)
  eden space 798720K, 100% used [0x00000008d5580000,0x0000000906180000,0x0000000906180000)
  from space 279552K, 0% used [0x0000000906180000,0x0000000906180000,0x0000000917280000)
  to   space 374272K, 0% used [0x0000000923000000,0x0000000923000000,0x0000000939d80000)
 ParOldGen       total 786944K, used 786743K [0x0000000080000000, 0x00000000b0080000, 0x00000008d5580000)
  object space 786944K, 99% used [0x0000000080000000,0x00000000b004dfc0,0x00000000b0080000)
 Metaspace       used 7006K, capacity 7240K, committed 7424K, reserved 8192K

Card table byte_map: [0x0000000012400000,0x0000000018810000] byte_map_base: 0x0000000012000000

Marking Bits: (ParMarkBitMap*) 0x000000005196b460
 Begin Bits: [0x0000000d00000000, 0x0000000d32000000)
 End Bits:   [0x0000000d32000000, 0x0000000d64000000)

Polling page: 0x0000000000e80000

CodeCache: size=245760Kb used=13125Kb max_used=14202Kb free=232634Kb
 bounds [0x0000000003400000, 0x00000000041f0000, 0x0000000012400000]
 total_blobs=3045 nmethods=2779 adapters=179
 compilation: enabled

Compilation events (10 events):
Event: 61.618 Thread 0x0000000001e75000 3714       2       java.util.ComparableTimSort::mergeForceCollapse (50 bytes)
Event: 61.619 Thread 0x0000000001e75000 nmethod 3714 0x0000000003a824d0 code [0x0000000003a82640, 0x0000000003a82888]
Event: 61.625 Thread 0x0000000001e75000 3715       2       com.android.dx.dex.code.form.Form21h::codeSize (2 bytes)
Event: 61.625 Thread 0x0000000001e75000 nmethod 3715 0x0000000003a82110 code [0x0000000003a82260, 0x0000000003a823b0]
Event: 61.631 Thread 0x0000000001e75000 3716       1       com.android.dx.dex.code.form.Form3rc::codeSize (2 bytes)
Event: 61.631 Thread 0x0000000001e75000 nmethod 3716 0x0000000003d97690 code [0x0000000003d977e0, 0x0000000003d978f0]
Event: 61.634 Thread 0x0000000001e75000 3717       2       com.android.dx.dex.code.form.Form22x::isCompatible (54 bytes)
Event: 61.635 Thread 0x0000000001e75000 nmethod 3717 0x0000000003a5db50 code [0x0000000003a5dce0, 0x0000000003a5df98]
Event: 61.647 Thread 0x0000000001e75000 3718       2       com.android.dx.dex.code.LocalList$MakeState::aboutToProcess (127 bytes)
Event: 61.648 Thread 0x0000000001e75000 nmethod 3718 0x0000000003a976d0 code [0x0000000003a97860, 0x0000000003a97da8]

GC Heap History (10 events):
Event: 39.372 GC heap before
{Heap before GC invocations=25 (full 8):
 PSYoungGen      total 1078272K, used 798720K [0x00000008d5580000, 0x0000000939d80000, 0x0000000d00000000)
  eden space 798720K, 100% used [0x00000008d5580000,0x0000000906180000,0x0000000906180000)
  from space 279552K, 0% used [0x0000000906180000,0x0000000906180000,0x0000000917280000)
  to   space 374272K, 0% used [0x0000000923000000,0x0000000923000000,0x0000000939d80000)
 ParOldGen       total 786944K, used 786872K [0x0000000080000000, 0x00000000b0080000, 0x00000008d5580000)
  object space 786944K, 99% used [0x0000000080000000,0x00000000b006e3d0,0x00000000b0080000)
 Metaspace       used 6672K, capacity 6920K, committed 7168K, reserved 8192K
Event: 43.956 GC heap after
Heap after GC invocations=25 (full 8):
 PSYoungGen      total 1078272K, used 396372K [0x00000008d5580000, 0x0000000939d80000, 0x0000000d00000000)
  eden space 798720K, 49% used [0x00000008d5580000,0x00000008ed895278,0x0000000906180000)
  from space 279552K, 0% used [0x0000000906180000,0x0000000906180000,0x0000000917280000)
  to   space 374272K, 0% used [0x0000000923000000,0x0000000923000000,0x0000000939d80000)
 ParOldGen       total 786944K, used 786782K [0x0000000080000000, 0x00000000b0080000, 0x00000008d5580000)
  object space 786944K, 99% used [0x0000000080000000,0x00000000b0057b28,0x00000000b0080000)
 Metaspace       used 6672K, capacity 6920K, committed 7168K, reserved 8192K
}
Event: 44.657 GC heap before
{Heap before GC invocations=26 (full 9):
 PSYoungGen      total 1078272K, used 798720K [0x00000008d5580000, 0x0000000939d80000, 0x0000000d00000000)
  eden space 798720K, 100% used [0x00000008d5580000,0x0000000906180000,0x0000000906180000)
  from space 279552K, 0% used [0x0000000906180000,0x0000000906180000,0x0000000917280000)
  to   space 374272K, 0% used [0x0000000923000000,0x0000000923000000,0x0000000939d80000)
 ParOldGen       total 786944K, used 786782K [0x0000000080000000, 0x00000000b0080000, 0x00000008d5580000)
  object space 786944K, 99% used [0x0000000080000000,0x00000000b0057b28,0x00000000b0080000)
 Metaspace       used 6706K, capacity 6984K, committed 7168K, reserved 8192K
Event: 49.216 GC heap after
Heap after GC invocations=26 (full 9):
 PSYoungGen      total 1078272K, used 447297K [0x00000008d5580000, 0x0000000939d80000, 0x0000000d00000000)
  eden space 798720K, 56% used [0x00000008d5580000,0x00000008f0a507c8,0x0000000906180000)
  from space 279552K, 0% used [0x0000000906180000,0x0000000906180000,0x0000000917280000)
  to   space 374272K, 0% used [0x0000000923000000,0x0000000923000000,0x0000000939d80000)
 ParOldGen       total 786944K, used 786832K [0x0000000080000000, 0x00000000b0080000, 0x00000008d5580000)
  object space 786944K, 99% used [0x0000000080000000,0x00000000b0064328,0x00000000b0080000)
 Metaspace       used 6706K, capacity 6984K, committed 7168K, reserved 8192K
}
Event: 49.932 GC heap before
{Heap before GC invocations=27 (full 10):
 PSYoungGen      total 1078272K, used 798720K [0x00000008d5580000, 0x0000000939d80000, 0x0000000d00000000)
  eden space 798720K, 100% used [0x00000008d5580000,0x0000000906180000,0x0000000906180000)
  from space 279552K, 0% used [0x0000000906180000,0x0000000906180000,0x0000000917280000)
  to   space 374272K, 0% used [0x0000000923000000,0x0000000923000000,0x0000000939d80000)
 ParOldGen       total 786944K, used 786832K [0x0000000080000000, 0x00000000b0080000, 0x00000008d5580000)
  object space 786944K, 99% used [0x0000000080000000,0x00000000b0064328,0x00000000b0080000)
 Metaspace       used 6716K, capacity 6984K, committed 7168K, reserved 8192K
Event: 52.676 GC heap after
Heap after GC invocations=27 (full 10):
 PSYoungGen      total 1078272K, used 502434K [0x00000008d5580000, 0x0000000939d80000, 0x0000000d00000000)
  eden space 798720K, 62% used [0x00000008d5580000,0x00000008f4028b58,0x0000000906180000)
  from space 279552K, 0% used [0x0000000906180000,0x0000000906180000,0x0000000917280000)
  to   space 374272K, 0% used [0x0000000923000000,0x0000000923000000,0x0000000939d80000)
 ParOldGen       total 786944K, used 786757K [0x0000000080000000, 0x00000000b0080000, 0x00000008d5580000)
  object space 786944K, 99% used [0x0000000080000000,0x00000000b0051728,0x00000000b0080000)
 Metaspace       used 6716K, capacity 6984K, committed 7168K, reserved 8192K
}
Event: 53.029 GC heap before
{Heap before GC invocations=28 (full 11):
 PSYoungGen      total 1078272K, used 798720K [0x00000008d5580000, 0x0000000939d80000, 0x0000000d00000000)
  eden space 798720K, 100% used [0x00000008d5580000,0x0000000906180000,0x0000000906180000)
  from space 279552K, 0% used [0x0000000906180000,0x0000000906180000,0x0000000917280000)
  to   space 374272K, 0% used [0x0000000923000000,0x0000000923000000,0x0000000939d80000)
 ParOldGen       total 786944K, used 786757K [0x0000000080000000, 0x00000000b0080000, 0x00000008d5580000)
  object space 786944K, 99% used [0x0000000080000000,0x00000000b0051728,0x00000000b0080000)
 Metaspace       used 6716K, capacity 6984K, committed 7168K, reserved 8192K
Event: 55.795 GC heap after
Heap after GC invocations=28 (full 11):
 PSYoungGen      total 1078272K, used 548710K [0x00000008d5580000, 0x0000000939d80000, 0x0000000d00000000)
  eden space 798720K, 68% used [0x00000008d5580000,0x00000008f6d599f8,0x0000000906180000)
  from space 279552K, 0% used [0x0000000906180000,0x0000000906180000,0x0000000917280000)
  to   space 374272K, 0% used [0x0000000923000000,0x0000000923000000,0x0000000939d80000)
 ParOldGen       total 786944K, used 786754K [0x0000000080000000, 0x00000000b0080000, 0x00000008d5580000)
  object space 786944K, 99% used [0x0000000080000000,0x00000000b0050b40,0x00000000b0080000)
 Metaspace       used 6716K, capacity 6984K, committed 7168K, reserved 8192K
}
Event: 56.388 GC heap before
{Heap before GC invocations=29 (full 12):
 PSYoungGen      total 1078272K, used 798720K [0x00000008d5580000, 0x0000000939d80000, 0x0000000d00000000)
  eden space 798720K, 100% used [0x00000008d5580000,0x0000000906180000,0x0000000906180000)
  from space 279552K, 0% used [0x0000000906180000,0x0000000906180000,0x0000000917280000)
  to   space 374272K, 0% used [0x0000000923000000,0x0000000923000000,0x0000000939d80000)
 ParOldGen       total 786944K, used 786754K [0x0000000080000000, 0x00000000b0080000, 0x00000008d5580000)
  object space 786944K, 99% used [0x0000000080000000,0x00000000b0050b40,0x00000000b0080000)
 Metaspace       used 6750K, capacity 6984K, committed 7168K, reserved 8192K
Event: 59.779 GC heap after
Heap after GC invocations=29 (full 12):
 PSYoungGen      total 1078272K, used 574162K [0x00000008d5580000, 0x0000000939d80000, 0x0000000d00000000)
  eden space 798720K, 71% used [0x00000008d5580000,0x00000008f8634840,0x0000000906180000)
  from space 279552K, 0% used [0x0000000906180000,0x0000000906180000,0x0000000917280000)
  to   space 374272K, 0% used [0x0000000923000000,0x0000000923000000,0x0000000939d80000)
 ParOldGen       total 786944K, used 786743K [0x0000000080000000, 0x00000000b0080000, 0x00000008d5580000)
  object space 786944K, 99% used [0x0000000080000000,0x00000000b004dfc0,0x00000000b0080000)
 Metaspace       used 6750K, capacity 6984K, committed 7168K, reserved 8192K
}

Deoptimization events (10 events):
Event: 61.501 Thread 0x0000000025ac6000 Uncommon trap: reason=bimorphic action=maybe_recompile pc=0x00000000040db484 method=java.util.ComparableTimSort.countRunAndMakeAscending([Ljava/lang/Object;II)I @ 42
Event: 61.501 Thread 0x0000000025ac6000 Uncommon trap: reason=bimorphic action=maybe_recompile pc=0x00000000040db484 method=java.util.ComparableTimSort.countRunAndMakeAscending([Ljava/lang/Object;II)I @ 42
Event: 61.501 Thread 0x0000000025ac6000 Uncommon trap: reason=bimorphic action=maybe_recompile pc=0x00000000040db484 method=java.util.ComparableTimSort.countRunAndMakeAscending([Ljava/lang/Object;II)I @ 42
Event: 61.504 Thread 0x0000000025ac6000 Uncommon trap: reason=unreached action=reinterpret pc=0x0000000003730c64 method=com.android.dx.rop.code.RegisterSpecSet.withOffset(I)Lcom/android/dx/rop/code/RegisterSpecSet; @ 37
Event: 61.504 Thread 0x0000000025ac6000 Uncommon trap: reason=unreached action=reinterpret pc=0x00000000038d8638 method=com.android.dx.rop.code.RegisterSpecSet.withOffset(I)Lcom/android/dx/rop/code/RegisterSpecSet; @ 37
Event: 61.508 Thread 0x0000000025ac6000 Uncommon trap: reason=null_check action=make_not_entrant pc=0x0000000003bde914 method=com.android.dx.dex.code.LocalList$MakeState.finish()Lcom/android/dx/dex/code/LocalList; @ 81
Event: 61.508 Thread 0x0000000025ac6000 Uncommon trap: reason=unreached action=reinterpret pc=0x0000000003dc8be0 method=com.android.dx.dex.code.LocalList$MakeState.filterSpec(Lcom/android/dx/rop/code/RegisterSpec;)Lcom/android/dx/rop/code/RegisterSpec; @ 1
Event: 61.518 Thread 0x0000000025ac6000 Uncommon trap: reason=unreached action=reinterpret pc=0x0000000003851d00 method=com.android.dx.dex.code.LocalList$MakeState.snapshot(ILcom/android/dx/rop/code/RegisterSpecSet;)V @ 51
Event: 61.556 Thread 0x0000000025e0b000 Uncommon trap: reason=predicate action=maybe_recompile pc=0x00000000040c877c method=java.util.ComparableTimSort.binarySort([Ljava/lang/Object;III)V @ 37
Event: 61.646 Thread 0x0000000025ac6000 Uncommon trap: reason=unreached action=reinterpret pc=0x000000000380b300 method=com.android.dx.dex.code.LocalList$MakeState.aboutToProcess(II)V @ 86

Internal exceptions (10 events):
Event: 60.931 Thread 0x0000000025ac6000 Exception <a 'java/security/PrivilegedActionException'> (0x0000000901a932b0) thrown at [D:\re\workspace\8-2-build-windows-amd64-cygwin\jdk8u20\1074\hotspot\src\share\vm\prims\jvm.cpp, line 1275]
Event: 60.933 Thread 0x0000000025ac6000 Exception <a 'java/security/PrivilegedActionException'> (0x0000000901a99ee0) thrown at [D:\re\workspace\8-2-build-windows-amd64-cygwin\jdk8u20\1074\hotspot\src\share\vm\prims\jvm.cpp, line 1275]
Event: 60.934 Thread 0x0000000025ac6000 Exception <a 'java/security/PrivilegedActionException'> (0x0000000901a9eb78) thrown at [D:\re\workspace\8-2-build-windows-amd64-cygwin\jdk8u20\1074\hotspot\src\share\vm\prims\jvm.cpp, line 1275]
Event: 60.948 Thread 0x0000000025ac6000 Exception <a 'java/security/PrivilegedActionException'> (0x0000000901aafa58) thrown at [D:\re\workspace\8-2-build-windows-amd64-cygwin\jdk8u20\1074\hotspot\src\share\vm\prims\jvm.cpp, line 1275]
Event: 60.949 Thread 0x0000000025ac6000 Exception <a 'java/security/PrivilegedActionException'> (0x0000000901ab3160) thrown at [D:\re\workspace\8-2-build-windows-amd64-cygwin\jdk8u20\1074\hotspot\src\share\vm\prims\jvm.cpp, line 1275]
Event: 60.949 Thread 0x0000000025ac6000 Exception <a 'java/security/PrivilegedActionException'> (0x0000000901ab6900) thrown at [D:\re\workspace\8-2-build-windows-amd64-cygwin\jdk8u20\1074\hotspot\src\share\vm\prims\jvm.cpp, line 1275]
Event: 60.967 Thread 0x0000000025ac6000 Exception <a 'java/security/PrivilegedActionException'> (0x0000000901ae7b28) thrown at [D:\re\workspace\8-2-build-windows-amd64-cygwin\jdk8u20\1074\hotspot\src\share\vm\prims\jvm.cpp, line 1275]
Event: 61.269 Thread 0x0000000025ac6000 Exception <a 'java/security/PrivilegedActionException'> (0x0000000902d141b8) thrown at [D:\re\workspace\8-2-build-windows-amd64-cygwin\jdk8u20\1074\hotspot\src\share\vm\prims\jvm.cpp, line 1275]
Event: 61.269 Thread 0x0000000025ac6000 Exception <a 'java/security/PrivilegedActionException'> (0x0000000902d177a0) thrown at [D:\re\workspace\8-2-build-windows-amd64-cygwin\jdk8u20\1074\hotspot\src\share\vm\prims\jvm.cpp, line 1275]
Event: 61.508 Thread 0x0000000025ac6000 Implicit null exception at 0x0000000003bde34f to 0x0000000003bde909

Events (10 events):
Event: 61.508 Thread 0x0000000025ac6000 DEOPT UNPACKING pc=0x000000000344556a sp=0x000000002879ec38 mode 2
Event: 61.518 Thread 0x0000000025ac6000 Uncommon trap: trap_request=0xffffffad fr.pc=0x0000000003851d00
Event: 61.518 Thread 0x0000000025ac6000 DEOPT PACKING pc=0x0000000003851d00 sp=0x000000002879eb50
Event: 61.518 Thread 0x0000000025ac6000 DEOPT UNPACKING pc=0x000000000344556a sp=0x000000002879eb38 mode 2
Event: 61.556 Thread 0x0000000025e0b000 Uncommon trap: trap_request=0xffffff86 fr.pc=0x00000000040c877c
Event: 61.556 Thread 0x0000000025e0b000 DEOPT PACKING pc=0x00000000040c877c sp=0x000000002756e910
Event: 61.556 Thread 0x0000000025e0b000 DEOPT UNPACKING pc=0x000000000344556a sp=0x000000002756e8d0 mode 2
Event: 61.646 Thread 0x0000000025ac6000 Uncommon trap: trap_request=0xffffffad fr.pc=0x000000000380b300
Event: 61.646 Thread 0x0000000025ac6000 DEOPT PACKING pc=0x000000000380b300 sp=0x000000002879ebb0
Event: 61.646 Thread 0x0000000025ac6000 DEOPT UNPACKING pc=0x000000000344556a sp=0x000000002879eb60 mode 2


Dynamic libraries:
0x00007ff63a9b0000 - 0x00007ff63a9e4000 	C:\Program Files\Java\jdk1.8.0_20\bin\java.exe
0x00007ff8b1230000 - 0x00007ff8b1401000 	C:\WINDOWS\SYSTEM32\ntdll.dll
0x00007ff8b02d0000 - 0x00007ff8b037b000 	C:\WINDOWS\System32\KERNEL32.DLL
0x00007ff8add70000 - 0x00007ff8adf8d000 	C:\WINDOWS\System32\KERNELBASE.dll
0x00007ff8aec10000 - 0x00007ff8aecb2000 	C:\WINDOWS\System32\ADVAPI32.dll
0x00007ff8aea90000 - 0x00007ff8aeb2e000 	C:\WINDOWS\System32\msvcrt.dll
0x00007ff8b0f30000 - 0x00007ff8b0f89000 	C:\WINDOWS\System32\sechost.dll
0x00007ff8b0be0000 - 0x00007ff8b0d01000 	C:\WINDOWS\System32\RPCRT4.dll
0x00007ff8b0f90000 - 0x00007ff8b10f5000 	C:\WINDOWS\System32\USER32.dll
0x00007ff8ad8b0000 - 0x00007ff8ad8ce000 	C:\WINDOWS\System32\win32u.dll
0x00007ff8b01d0000 - 0x00007ff8b0204000 	C:\WINDOWS\System32\GDI32.dll
0x00007ff8ad720000 - 0x00007ff8ad8a2000 	C:\WINDOWS\System32\gdi32full.dll
0x00007ff8a7aa0000 - 0x00007ff8a7d1a000 	C:\WINDOWS\WinSxS\amd64_microsoft.windows.common-controls_6595b64144ccf1df_6.0.14393.351_none_4213128bc687e6d3\COMCTL32.dll
0x00007ff8b07b0000 - 0x00007ff8b0a77000 	C:\WINDOWS\System32\combase.dll
0x00007ff8ad940000 - 0x00007ff8ada35000 	C:\WINDOWS\System32\ucrtbase.dll
0x00007ff8ad8d0000 - 0x00007ff8ad93a000 	C:\WINDOWS\System32\bcryptPrimitives.dll
0x00007ff8ae820000 - 0x00007ff8ae84e000 	C:\WINDOWS\System32\IMM32.DLL
0x00000000519f0000 - 0x0000000051ac2000 	C:\Program Files\Java\jdk1.8.0_20\jre\bin\msvcr100.dll
0x0000000051190000 - 0x00000000519e8000 	C:\Program Files\Java\jdk1.8.0_20\jre\bin\server\jvm.dll
0x00007ff8aeb30000 - 0x00007ff8aeb38000 	C:\WINDOWS\System32\PSAPI.DLL
0x00007ff8ab450000 - 0x00007ff8ab473000 	C:\WINDOWS\SYSTEM32\WINMM.dll
0x00007ff8a2d60000 - 0x00007ff8a2d69000 	C:\WINDOWS\SYSTEM32\WSOCK32.dll
0x00007ff8b11c0000 - 0x00007ff8b122a000 	C:\WINDOWS\System32\WS2_32.dll
0x00007ff8ab420000 - 0x00007ff8ab44b000 	C:\WINDOWS\SYSTEM32\WINMMBASE.dll
0x00007ff8ae770000 - 0x00007ff8ae7b2000 	C:\WINDOWS\System32\cfgmgr32.dll
0x0000000052c40000 - 0x0000000052c4f000 	C:\Program Files\Java\jdk1.8.0_20\jre\bin\verify.dll
0x0000000052c10000 - 0x0000000052c38000 	C:\Program Files\Java\jdk1.8.0_20\jre\bin\java.dll
0x0000000052bf0000 - 0x0000000052c06000 	C:\Program Files\Java\jdk1.8.0_20\jre\bin\zip.dll
0x00007ff8aecc0000 - 0x00007ff8b01c9000 	C:\WINDOWS\System32\SHELL32.dll
0x00007ff8ae090000 - 0x00007ff8ae76a000 	C:\WINDOWS\System32\windows.storage.dll
0x00007ff8ad6c0000 - 0x00007ff8ad70c000 	C:\WINDOWS\System32\powrprof.dll
0x00007ff8aebb0000 - 0x00007ff8aec02000 	C:\WINDOWS\System32\shlwapi.dll
0x00007ff8ad710000 - 0x00007ff8ad71f000 	C:\WINDOWS\System32\kernel.appcore.dll
0x00007ff8ada40000 - 0x00007ff8adae9000 	C:\WINDOWS\System32\shcore.dll
0x00007ff8ad6a0000 - 0x00007ff8ad6b4000 	C:\WINDOWS\System32\profapi.dll
0x00007ff89e170000 - 0x00007ff89e302000 	C:\WINDOWS\SYSTEM32\dbghelp.dll

VM Arguments:
jvm_args: -Djava.awt.headless=true -Xmx50g -Dfile.encoding=windows-1251 -Duser.country=RU -Duser.language=ru -Duser.variant 
java_command: com.android.dx.command.Main --dex --num-threads=4 --multi-dex --main-dex-list C:\Users\User\Documents\GitHub\iCRM\iCRM\app\build\intermediates\multi-dex\debug\maindexlist.txt --output C:\Users\User\Documents\GitHub\iCRM\iCRM\app\build\intermediates\transforms\dex\debug\folders\1000\1f\main C:\Users\User\Documents\GitHub\iCRM\iCRM\app\build\intermediates\transforms\jarMerging\debug\jars\1\1f\combined.jar
java_class_path (initial): C:\Users\User\AppData\Local\Android\sdk\build-tools\23.0.3\lib\dx.jar
Launcher Type: SUN_STANDARD

Environment Variables:
PATH=C:\ProgramData\Oracle\Java\javapath;C:\Program Files\Broadcom\Broadcom 802.11 Network Adapter;C:\Program Files (x86)\NVIDIA Corporation\PhysX\Common;C:\Program Files (x86)\Intel\iCLS Client\;C:\Program Files\Intel\iCLS Client\;C:\Windows\system32;C:\Windows;C:\Windows\System32\Wbem;C:\Windows\System32\WindowsPowerShell\v1.0\;C:\Program Files\Intel\Intel(R) Management Engine Components\DAL;C:\Program Files\Intel\Intel(R) Management Engine Components\IPT;C:\Program Files (x86)\Intel\Intel(R) Management Engine Components\DAL;C:\Program Files (x86)\Intel\Intel(R) Management Engine Components\IPT;C:\Program Files\WIDCOMM\Bluetooth Software\;C:\Program Files\WIDCOMM\Bluetooth Software\syswow64;C:\Program Files\Acer\Remote Files\;C:\Program Files (x86)\Skype\Phone\;C:\Program Files\OpenVPN\bin;C:\WINDOWS\system32;C:\WINDOWS;C:\WINDOWS\System32\Wbem;C:\WINDOWS\System32\WindowsPowerShell\v1.0\;C:\Users\User\AppData\Local\Microsoft\WindowsApps;
USERNAME=User
OS=Windows_NT
PROCESSOR_IDENTIFIER=Intel64 Family 6 Model 69 Stepping 1, GenuineIntel



---------------  S Y S T E M  ---------------

OS: Windows 8.1 , 64 bit Build 9600 

CPU:total 4 (2 cores per cpu, 2 threads per core) family 6 model 69 stepping 1, cmov, cx8, fxsr, mmx, sse, sse2, sse3, ssse3, sse4.1, sse4.2, popcnt, avx, avx2, aes, clmul, erms, lzcnt, ht, tsc, tscinvbit, bmi1, bmi2

Memory: 4k page, physical 8310040k(1108528k free), swap 12406040k(6276k free)

vm_info: Java HotSpot(TM) 64-Bit Server VM (25.20-b23) for windows-amd64 JRE (1.8.0_20-b26), built on Jul 30 2014 13:51:23 by "java_re" with MS VC++ 10.0 (VS2010)

time: Fri Nov 04 23:31:32 2016
elapsed time: 61 seconds (0d 0h 1m 1s)

