#
# There is insufficient memory for the Java Runtime Environment to continue.
# Native memory allocation (malloc) failed to allocate 1757376 bytes for Chunk::new
# Possible reasons:
#   The system is out of physical RAM or swap space
#   In 32 bit mode, the process size limit was hit
# Possible solutions:
#   Reduce memory load on the system
#   Increase physical memory or swap space
#   Check if swap backing store is full
#   Use 64 bit Java on a 64 bit OS
#   Decrease Java heap size (-Xmx/-Xms)
#   Decrease number of Java threads
#   Decrease Java thread stack sizes (-Xss)
#   Set larger code cache with -XX:ReservedCodeCacheSize=
# This output file may be truncated or incomplete.
#
#  Out of Memory Error (allocation.cpp:390), pid=9520, tid=8888
#
# JRE version: Java(TM) SE Runtime Environment (8.0_20-b26) (build 1.8.0_20-b26)
# Java VM: Java HotSpot(TM) 64-Bit Server VM (25.20-b23 mixed mode windows-amd64 )
# Failed to write core dump. Minidumps are not enabled by default on client versions of Windows
#

---------------  T H R E A D  ---------------

Current thread (0x0000000023d4e000):  JavaThread "C2 CompilerThread1" daemon [_thread_in_native, id=8888, stack(0x00000000253b0000,0x00000000254b0000)]

Stack: [0x00000000253b0000,0x00000000254b0000]
Native frames: (J=compiled Java code, j=interpreted, Vv=VM code, C=native code)
V  [jvm.dll+0x3152fa]
V  [jvm.dll+0x265d03]
V  [jvm.dll+0x266943]
V  [jvm.dll+0x25e265]
V  [jvm.dll+0xbe255]
V  [jvm.dll+0xbe6fc]
V  [jvm.dll+0x45c472]
V  [jvm.dll+0x49d76f]
V  [jvm.dll+0x4515a4]
V  [jvm.dll+0x452634]
V  [jvm.dll+0x435fc2]
V  [jvm.dll+0x97b62]
V  [jvm.dll+0x98353]
V  [jvm.dll+0x22aac4]
V  [jvm.dll+0x283f5a]
C  [msvcr100.dll+0x21d9f]
C  [msvcr100.dll+0x21e3b]
C  [KERNEL32.DLL+0x8364]
C  [ntdll.dll+0x65e91]


Current CompileTask:
C2:  43215 3212       4       com.android.dx.dex.file.ClassDataItem::addContents (207 bytes)


---------------  P R O C E S S  ---------------

Java Threads: ( => current thread )
  0x00000000258f5800 JavaThread "pool-1-thread-1" [_thread_blocked, id=13984, stack(0x0000000027880000,0x0000000027980000)]
  0x00000000258fa000 JavaThread "pool-2-thread-4" [_thread_blocked, id=12176, stack(0x0000000027780000,0x0000000027880000)]
  0x00000000258f9800 JavaThread "pool-2-thread-3" [_thread_blocked, id=3488, stack(0x0000000027680000,0x0000000027780000)]
  0x00000000258f7000 JavaThread "pool-2-thread-2" [_thread_blocked, id=2628, stack(0x0000000027580000,0x0000000027680000)]
  0x0000000025bfb000 JavaThread "pool-3-thread-1" [_thread_blocked, id=10192, stack(0x0000000027480000,0x0000000027580000)]
  0x0000000025f61800 JavaThread "pool-2-thread-1" [_thread_blocked, id=11764, stack(0x0000000027380000,0x0000000027480000)]
  0x0000000023dae800 JavaThread "Service Thread" daemon [_thread_blocked, id=12268, stack(0x00000000259b0000,0x0000000025ab0000)]
  0x0000000023d56000 JavaThread "C1 CompilerThread2" daemon [_thread_blocked, id=5564, stack(0x00000000254b0000,0x00000000255b0000)]
=>0x0000000023d4e000 JavaThread "C2 CompilerThread1" daemon [_thread_in_native, id=8888, stack(0x00000000253b0000,0x00000000254b0000)]
  0x0000000023d4c000 JavaThread "C2 CompilerThread0" daemon [_thread_blocked, id=9404, stack(0x00000000252b0000,0x00000000253b0000)]
  0x0000000023d4a800 JavaThread "Attach Listener" daemon [_thread_blocked, id=688, stack(0x00000000251b0000,0x00000000252b0000)]
  0x0000000023d49800 JavaThread "Signal Dispatcher" daemon [_thread_blocked, id=12208, stack(0x00000000250b0000,0x00000000251b0000)]
  0x0000000001826000 JavaThread "Finalizer" daemon [_thread_blocked, id=5796, stack(0x0000000024fb0000,0x00000000250b0000)]
  0x000000000181d000 JavaThread "Reference Handler" daemon [_thread_blocked, id=5544, stack(0x0000000024eb0000,0x0000000024fb0000)]
  0x0000000001732800 JavaThread "main" [_thread_blocked, id=7004, stack(0x0000000001620000,0x0000000001720000)]

Other Threads:
  0x0000000023d15800 VMThread [stack: 0x0000000024db0000,0x0000000024eb0000] [id=6488]
  0x00000000255d8800 WatcherThread [stack: 0x0000000025ab0000,0x0000000025bb0000] [id=14160]

VM state:at safepoint (normal execution)

VM Mutex/Monitor currently owned by a thread:  ([mutex/lock_event])
[0x000000000172c2b0] Threads_lock - owner thread: 0x0000000023d15800
[0x000000000172c630] Heap_lock - owner thread: 0x0000000001732800

Heap:
 PSYoungGen      total 950784K, used 733184K [0x00000008d5580000, 0x000000092a580000, 0x0000000d00000000)
  eden space 733184K, 100% used [0x00000008d5580000,0x0000000902180000,0x0000000902180000)
  from space 217600K, 0% used [0x0000000902180000,0x0000000902180000,0x000000090f600000)
  to   space 260608K, 0% used [0x000000091a700000,0x000000091a700000,0x000000092a580000)
 ParOldGen       total 874496K, used 874472K [0x0000000080000000, 0x00000000b5600000, 0x00000008d5580000)
  object space 874496K, 99% used [0x0000000080000000,0x00000000b55fa048,0x00000000b5600000)
 Metaspace       used 6672K, capacity 6920K, committed 7168K, reserved 8192K

Card table byte_map: [0x0000000012400000,0x0000000018810000] byte_map_base: 0x0000000012000000

Marking Bits: (ParMarkBitMap*) 0x000000005401b460
 Begin Bits: [0x0000000d00000000, 0x0000000d32000000)
 End Bits:   [0x0000000d32000000, 0x0000000d64000000)

Polling page: 0x0000000000e50000

CodeCache: size=245760Kb used=13128Kb max_used=13133Kb free=232631Kb
 bounds [0x0000000003400000, 0x00000000040e0000, 0x0000000012400000]
 total_blobs=3039 nmethods=2773 adapters=179
 compilation: enabled

Compilation events (10 events):
Event: 42.459 Thread 0x0000000023d56000 3211       3       java.util.ComparableTimSort::gallopLeft (327 bytes)
Event: 42.460 Thread 0x0000000023d56000 nmethod 3211 0x00000000040b3b90 code [0x00000000040b3d80, 0x00000000040b4818]
Event: 42.467 Thread 0x0000000023d56000 3213       3       java.util.ComparableTimSort::mergeCollapse (101 bytes)
Event: 42.468 Thread 0x0000000023d56000 nmethod 3213 0x00000000040a4390 code [0x00000000040a4520, 0x00000000040a4938]
Event: 42.475 Thread 0x0000000023d4e000 nmethod 3194 0x00000000040bb9d0 code [0x00000000040bbd20, 0x00000000040be208]
Event: 42.475 Thread 0x0000000023d4e000 3212       4       com.android.dx.dex.file.ClassDataItem::addContents (207 bytes)
Event: 42.591 Thread 0x0000000023d4c000 nmethod 3210 0x00000000040c7310 code [0x00000000040c76c0, 0x00000000040cb078]
Event: 42.591 Thread 0x0000000023d4c000 3214       4       java.util.ComparableTimSort::sort (219 bytes)
Event: 42.697 Thread 0x0000000023d56000 3217       3       java.util.ComparableTimSort::mergeHi (729 bytes)
Event: 42.700 Thread 0x0000000023d56000 nmethod 3217 0x00000000040b8390 code [0x00000000040b86e0, 0x00000000040bab58]

GC Heap History (10 events):
Event: 25.605 GC heap before
{Heap before GC invocations=21 (full 4):
 PSYoungGen      total 993792K, used 993770K [0x00000008d5580000, 0x000000092a580000, 0x0000000d00000000)
  eden space 733184K, 100% used [0x00000008d5580000,0x0000000902180000,0x0000000902180000)
  from space 260608K, 99% used [0x000000091a700000,0x000000092a57aa50,0x000000092a580000)
  to   space 217600K, 0% used [0x0000000902180000,0x0000000902180000,0x000000090f600000)
 ParOldGen       total 803328K, used 656573K [0x0000000080000000, 0x00000000b1080000, 0x00000008d5580000)
  object space 803328K, 81% used [0x0000000080000000,0x00000000a812f4a0,0x00000000b1080000)
 Metaspace       used 6595K, capacity 6920K, committed 7168K, reserved 8192K
Event: 25.900 GC heap after
Heap after GC invocations=21 (full 4):
 PSYoungGen      total 950784K, used 209524K [0x00000008d5580000, 0x000000092a580000, 0x0000000d00000000)
  eden space 733184K, 0% used [0x00000008d5580000,0x00000008d5580000,0x0000000902180000)
  from space 217600K, 96% used [0x0000000902180000,0x000000090ee1d2b0,0x000000090f600000)
  to   space 260608K, 0% used [0x000000091a700000,0x000000091a700000,0x000000092a580000)
 ParOldGen       total 874496K, used 874489K [0x0000000080000000, 0x00000000b5600000, 0x00000008d5580000)
  object space 874496K, 99% used [0x0000000080000000,0x00000000b55fe608,0x00000000b5600000)
 Metaspace       used 6595K, capacity 6920K, committed 7168K, reserved 8192K
}
Event: 25.900 GC heap before
{Heap before GC invocations=22 (full 5):
 PSYoungGen      total 950784K, used 209524K [0x00000008d5580000, 0x000000092a580000, 0x0000000d00000000)
  eden space 733184K, 0% used [0x00000008d5580000,0x00000008d5580000,0x0000000902180000)
  from space 217600K, 96% used [0x0000000902180000,0x000000090ee1d2b0,0x000000090f600000)
  to   space 260608K, 0% used [0x000000091a700000,0x000000091a700000,0x000000092a580000)
 ParOldGen       total 874496K, used 874489K [0x0000000080000000, 0x00000000b5600000, 0x00000008d5580000)
  object space 874496K, 99% used [0x0000000080000000,0x00000000b55fe608,0x00000000b5600000)
 Metaspace       used 6595K, capacity 6920K, committed 7168K, reserved 8192K
Event: 29.485 GC heap after
Heap after GC invocations=22 (full 5):
 PSYoungGen      total 950784K, used 152069K [0x00000008d5580000, 0x000000092a580000, 0x0000000d00000000)
  eden space 733184K, 0% used [0x00000008d5580000,0x00000008d5580000,0x0000000902180000)
  from space 217600K, 69% used [0x0000000902180000,0x000000090b601560,0x000000090f600000)
  to   space 260608K, 0% used [0x000000091a700000,0x000000091a700000,0x000000092a580000)
 ParOldGen       total 874496K, used 874081K [0x0000000080000000, 0x00000000b5600000, 0x00000008d5580000)
  object space 874496K, 99% used [0x0000000080000000,0x00000000b5598518,0x00000000b5600000)
 Metaspace       used 6595K, capacity 6920K, committed 7168K, reserved 8192K
}
Event: 30.989 GC heap before
{Heap before GC invocations=23 (full 6):
 PSYoungGen      total 950784K, used 885253K [0x00000008d5580000, 0x000000092a580000, 0x0000000d00000000)
  eden space 733184K, 100% used [0x00000008d5580000,0x0000000902180000,0x0000000902180000)
  from space 217600K, 69% used [0x0000000902180000,0x000000090b601560,0x000000090f600000)
  to   space 260608K, 0% used [0x000000091a700000,0x000000091a700000,0x000000092a580000)
 ParOldGen       total 874496K, used 874081K [0x0000000080000000, 0x00000000b5600000, 0x00000008d5580000)
  object space 874496K, 99% used [0x0000000080000000,0x00000000b5598518,0x00000000b5600000)
 Metaspace       used 6595K, capacity 6920K, committed 7168K, reserved 8192K
Event: 34.070 GC heap after
Heap after GC invocations=23 (full 6):
 PSYoungGen      total 950784K, used 103502K [0x00000008d5580000, 0x000000092a580000, 0x0000000d00000000)
  eden space 733184K, 14% used [0x00000008d5580000,0x00000008dba93a88,0x0000000902180000)
  from space 217600K, 0% used [0x0000000902180000,0x0000000902180000,0x000000090f600000)
  to   space 260608K, 0% used [0x000000091a700000,0x000000091a700000,0x000000092a580000)
 ParOldGen       total 874496K, used 874378K [0x0000000080000000, 0x00000000b5600000, 0x00000008d5580000)
  object space 874496K, 99% used [0x0000000080000000,0x00000000b55e2850,0x00000000b5600000)
 Metaspace       used 6595K, capacity 6920K, committed 7168K, reserved 8192K
}
Event: 34.698 GC heap before
{Heap before GC invocations=24 (full 7):
 PSYoungGen      total 950784K, used 733184K [0x00000008d5580000, 0x000000092a580000, 0x0000000d00000000)
  eden space 733184K, 100% used [0x00000008d5580000,0x0000000902180000,0x0000000902180000)
  from space 217600K, 0% used [0x0000000902180000,0x0000000902180000,0x000000090f600000)
  to   space 260608K, 0% used [0x000000091a700000,0x000000091a700000,0x000000092a580000)
 ParOldGen       total 874496K, used 874378K [0x0000000080000000, 0x00000000b5600000, 0x00000008d5580000)
  object space 874496K, 99% used [0x0000000080000000,0x00000000b55e2850,0x00000000b5600000)
 Metaspace       used 6596K, capacity 6920K, committed 7168K, reserved 8192K
Event: 38.179 GC heap after
Heap after GC invocations=24 (full 7):
 PSYoungGen      total 950784K, used 203794K [0x00000008d5580000, 0x000000092a580000, 0x0000000d00000000)
  eden space 733184K, 27% used [0x00000008d5580000,0x00000008e1c84868,0x0000000902180000)
  from space 217600K, 0% used [0x0000000902180000,0x0000000902180000,0x000000090f600000)
  to   space 260608K, 0% used [0x000000091a700000,0x000000091a700000,0x000000092a580000)
 ParOldGen       total 874496K, used 874075K [0x0000000080000000, 0x00000000b5600000, 0x00000008d5580000)
  object space 874496K, 99% used [0x0000000080000000,0x00000000b5596fb0,0x00000000b5600000)
 Metaspace       used 6596K, capacity 6920K, committed 7168K, reserved 8192K
}
Event: 38.731 GC heap before
{Heap before GC invocations=25 (full 8):
 PSYoungGen      total 950784K, used 733184K [0x00000008d5580000, 0x000000092a580000, 0x0000000d00000000)
  eden space 733184K, 100% used [0x00000008d5580000,0x0000000902180000,0x0000000902180000)
  from space 217600K, 0% used [0x0000000902180000,0x0000000902180000,0x000000090f600000)
  to   space 260608K, 0% used [0x000000091a700000,0x000000091a700000,0x000000092a580000)
 ParOldGen       total 874496K, used 874075K [0x0000000080000000, 0x00000000b5600000, 0x00000008d5580000)
  object space 874496K, 99% used [0x0000000080000000,0x00000000b5596fb0,0x00000000b5600000)
 Metaspace       used 6596K, capacity 6920K, committed 7168K, reserved 8192K
Event: 42.091 GC heap after
Heap after GC invocations=25 (full 8):
 PSYoungGen      total 950784K, used 284721K [0x00000008d5580000, 0x000000092a580000, 0x0000000d00000000)
  eden space 733184K, 38% used [0x00000008d5580000,0x00000008e6b8c630,0x0000000902180000)
  from space 217600K, 0% used [0x0000000902180000,0x0000000902180000,0x000000090f600000)
  to   space 260608K, 0% used [0x000000091a700000,0x000000091a700000,0x000000092a580000)
 ParOldGen       total 874496K, used 874065K [0x0000000080000000, 0x00000000b5600000, 0x00000008d5580000)
  object space 874496K, 99% used [0x0000000080000000,0x00000000b5594688,0x00000000b5600000)
 Metaspace       used 6596K, capacity 6920K, committed 7168K, reserved 8192K
}

Deoptimization events (10 events):
Event: 24.607 Thread 0x00000000258f9800 Uncommon trap: reason=class_check action=maybe_recompile pc=0x00000000035cc27c method=com.android.dx.util.BitIntSet.merge(Lcom/android/dx/util/IntSet;)V @ 1
Event: 34.219 Thread 0x00000000258f9800 Uncommon trap: reason=null_check action=make_not_entrant pc=0x000000000368dd50 method=com.android.dx.rop.cst.CstKnownNull.equals(Ljava/lang/Object;)Z @ 1
Event: 34.597 Thread 0x0000000025f61800 Uncommon trap: reason=range_check action=make_not_entrant pc=0x00000000040459c0 method=java.util.DualPivotQuicksort.sort([IIIZ)V @ 56
Event: 42.104 Thread 0x00000000258f5800 Uncommon trap: reason=bimorphic action=maybe_recompile pc=0x000000000405a798 method=java.util.concurrent.FutureTask.run()V @ 42
Event: 42.158 Thread 0x00000000258f5800 Uncommon trap: reason=class_check action=maybe_recompile pc=0x0000000003970d54 method=java.util.Arrays.hashCode([Ljava/lang/Object;)I @ 43
Event: 42.158 Thread 0x00000000258f5800 Uncommon trap: reason=class_check action=maybe_recompile pc=0x0000000003970d54 method=java.util.Arrays.hashCode([Ljava/lang/Object;)I @ 43
Event: 42.158 Thread 0x00000000258f5800 Uncommon trap: reason=class_check action=maybe_recompile pc=0x0000000003970d54 method=java.util.Arrays.hashCode([Ljava/lang/Object;)I @ 43
Event: 42.158 Thread 0x00000000258f5800 Uncommon trap: reason=class_check action=maybe_recompile pc=0x0000000003970d54 method=java.util.Arrays.hashCode([Ljava/lang/Object;)I @ 43
Event: 42.158 Thread 0x00000000258f5800 Uncommon trap: reason=class_check action=maybe_recompile pc=0x0000000003929c4c method=java.util.Arrays.hashCode([Ljava/lang/Object;)I @ 43
Event: 42.158 Thread 0x00000000258f5800 Uncommon trap: reason=unreached action=reinterpret pc=0x00000000038b407c method=java.util.Arrays.sort([Ljava/lang/Object;IILjava/util/Comparator;)V @ 1

Internal exceptions (10 events):
Event: 9.946 Thread 0x0000000001732800 Implicit null exception at 0x00000000035cac68 to 0x00000000035cb259
Event: 10.125 Thread 0x00000000258f7000 Exception <a 'java/security/PrivilegedActionException'> (0x00000008d7883bb8) thrown at [D:\re\workspace\8-2-build-windows-amd64-cygwin\jdk8u20\1074\hotspot\src\share\vm\prims\jvm.cpp, line 1275]
Event: 12.610 Thread 0x0000000025f61800 Implicit null exception at 0x0000000003ed363d to 0x0000000003ed6645
Event: 14.713 Thread 0x0000000001732800 Exception <a 'java/security/PrivilegedActionException'> (0x00000008ded71548) thrown at [D:\re\workspace\8-2-build-windows-amd64-cygwin\jdk8u20\1074\hotspot\src\share\vm\prims\jvm.cpp, line 1275]
Event: 14.901 Thread 0x00000000258f7000 Exception <a 'java/security/PrivilegedActionException'> (0x00000008e2529578) thrown at [D:\re\workspace\8-2-build-windows-amd64-cygwin\jdk8u20\1074\hotspot\src\share\vm\prims\jvm.cpp, line 1275]
Event: 20.996 Thread 0x00000000258f9800 Exception <a 'java/security/PrivilegedActionException'> (0x00000008f3c10ef0) thrown at [D:\re\workspace\8-2-build-windows-amd64-cygwin\jdk8u20\1074\hotspot\src\share\vm\prims\jvm.cpp, line 1275]
Event: 21.011 Thread 0x00000000258f9800 Exception <a 'java/security/PrivilegedActionException'> (0x00000008f3c7f7a0) thrown at [D:\re\workspace\8-2-build-windows-amd64-cygwin\jdk8u20\1074\hotspot\src\share\vm\prims\jvm.cpp, line 1275]
Event: 34.219 Thread 0x00000000258f9800 Implicit null exception at 0x000000000368dd1c to 0x000000000368dd44
Event: 42.103 Thread 0x0000000001732800 Exception <a 'java/security/PrivilegedActionException'> (0x00000008e6e61d68) thrown at [D:\re\workspace\8-2-build-windows-amd64-cygwin\jdk8u20\1074\hotspot\src\share\vm\prims\jvm.cpp, line 1275]
Event: 42.163 Thread 0x00000000258f5800 Exception <a 'java/security/PrivilegedActionException'> (0x00000008e7a90800) thrown at [D:\re\workspace\8-2-build-windows-amd64-cygwin\jdk8u20\1074\hotspot\src\share\vm\prims\jvm.cpp, line 1275]

Events (10 events):
Event: 42.158 Thread 0x00000000258f5800 DEOPT PACKING pc=0x0000000003970d54 sp=0x000000002797e650
Event: 42.158 Thread 0x00000000258f5800 DEOPT UNPACKING pc=0x000000000344556a sp=0x000000002797e580 mode 2
Event: 42.158 Thread 0x00000000258f5800 Uncommon trap: trap_request=0xffffffde fr.pc=0x0000000003929c4c
Event: 42.158 Thread 0x00000000258f5800 DEOPT PACKING pc=0x0000000003929c4c sp=0x000000002797e600
Event: 42.158 Thread 0x00000000258f5800 DEOPT UNPACKING pc=0x000000000344556a sp=0x000000002797e588 mode 2
Event: 42.158 Thread 0x00000000258f5800 Uncommon trap: trap_request=0xffffffad fr.pc=0x00000000038b407c
Event: 42.158 Thread 0x00000000258f5800 DEOPT PACKING pc=0x00000000038b407c sp=0x000000002797e960
Event: 42.158 Thread 0x00000000258f5800 DEOPT UNPACKING pc=0x000000000344556a sp=0x000000002797e8f8 mode 2
Event: 42.163 loading class com/android/dx/rop/cst/Zeroes
Event: 42.163 loading class com/android/dx/rop/cst/Zeroes done


Dynamic libraries:
0x00007ff7d3eb0000 - 0x00007ff7d3ee4000 	C:\Program Files\Java\jdk1.8.0_20\bin\java.exe
0x00007ff9b0c20000 - 0x00007ff9b0df1000 	C:\WINDOWS\SYSTEM32\ntdll.dll
0x00007ff9b0060000 - 0x00007ff9b010b000 	C:\WINDOWS\System32\KERNEL32.DLL
0x00007ff9adb20000 - 0x00007ff9add3d000 	C:\WINDOWS\System32\KERNELBASE.dll
0x00007ff9b0210000 - 0x00007ff9b02b2000 	C:\WINDOWS\System32\ADVAPI32.dll
0x00007ff9affc0000 - 0x00007ff9b005e000 	C:\WINDOWS\System32\msvcrt.dll
0x00007ff9b0bc0000 - 0x00007ff9b0c19000 	C:\WINDOWS\System32\sechost.dll
0x00007ff9b0970000 - 0x00007ff9b0a91000 	C:\WINDOWS\System32\RPCRT4.dll
0x00007ff9b07f0000 - 0x00007ff9b0955000 	C:\WINDOWS\System32\USER32.dll
0x00007ff9ad300000 - 0x00007ff9ad31e000 	C:\WINDOWS\System32\win32u.dll
0x00007ff9b02c0000 - 0x00007ff9b02f4000 	C:\WINDOWS\System32\GDI32.dll
0x00007ff9adda0000 - 0x00007ff9adf22000 	C:\WINDOWS\System32\gdi32full.dll
0x00007ff9a7ae0000 - 0x00007ff9a7d5a000 	C:\WINDOWS\WinSxS\amd64_microsoft.windows.common-controls_6595b64144ccf1df_6.0.14393.351_none_4213128bc687e6d3\COMCTL32.dll
0x00007ff9b03c0000 - 0x00007ff9b0687000 	C:\WINDOWS\System32\combase.dll
0x00007ff9ad1b0000 - 0x00007ff9ad2a5000 	C:\WINDOWS\System32\ucrtbase.dll
0x00007ff9ad320000 - 0x00007ff9ad38a000 	C:\WINDOWS\System32\bcryptPrimitives.dll
0x00007ff9ae370000 - 0x00007ff9ae39e000 	C:\WINDOWS\System32\IMM32.DLL
0x0000000054c30000 - 0x0000000054d02000 	C:\Program Files\Java\jdk1.8.0_20\jre\bin\msvcr100.dll
0x0000000053840000 - 0x0000000054098000 	C:\Program Files\Java\jdk1.8.0_20\jre\bin\server\jvm.dll
0x00007ff9b0960000 - 0x00007ff9b0968000 	C:\WINDOWS\System32\PSAPI.DLL
0x00007ff9a2eb0000 - 0x00007ff9a2eb9000 	C:\WINDOWS\SYSTEM32\WSOCK32.dll
0x00007ff9ab2a0000 - 0x00007ff9ab2c3000 	C:\WINDOWS\SYSTEM32\WINMM.dll
0x00007ff9aea40000 - 0x00007ff9aeaaa000 	C:\WINDOWS\System32\WS2_32.dll
0x00007ff9ab270000 - 0x00007ff9ab29b000 	C:\WINDOWS\SYSTEM32\WINMMBASE.dll
0x00007ff9ad2b0000 - 0x00007ff9ad2f2000 	C:\WINDOWS\System32\cfgmgr32.dll
0x00000000550b0000 - 0x00000000550bf000 	C:\Program Files\Java\jdk1.8.0_20\jre\bin\verify.dll
0x0000000055080000 - 0x00000000550a8000 	C:\Program Files\Java\jdk1.8.0_20\jre\bin\java.dll
0x0000000055060000 - 0x0000000055076000 	C:\Program Files\Java\jdk1.8.0_20\jre\bin\zip.dll
0x00007ff9aeab0000 - 0x00007ff9affb9000 	C:\WINDOWS\System32\SHELL32.dll
0x00007ff9ad440000 - 0x00007ff9adb1a000 	C:\WINDOWS\System32\windows.storage.dll
0x00007ff9ad0b0000 - 0x00007ff9ad0fc000 	C:\WINDOWS\System32\powrprof.dll
0x00007ff9ae970000 - 0x00007ff9ae9c2000 	C:\WINDOWS\System32\shlwapi.dll
0x00007ff9ad0a0000 - 0x00007ff9ad0af000 	C:\WINDOWS\System32\kernel.appcore.dll
0x00007ff9adf30000 - 0x00007ff9adfd9000 	C:\WINDOWS\System32\shcore.dll
0x00007ff9ad080000 - 0x00007ff9ad094000 	C:\WINDOWS\System32\profapi.dll
0x00007ff9a64b0000 - 0x00007ff9a6642000 	C:\WINDOWS\SYSTEM32\dbghelp.dll

VM Arguments:
jvm_args: -Djava.awt.headless=true -Xmx50g -Dfile.encoding=windows-1251 -Duser.country=RU -Duser.language=ru -Duser.variant 
java_command: com.android.dx.command.Main --dex --num-threads=4 --multi-dex --main-dex-list C:\Users\User\Documents\GitHub\iCRM\iCRM\app\build\intermediates\multi-dex\debug\maindexlist.txt --output C:\Users\User\Documents\GitHub\iCRM\iCRM\app\build\intermediates\transforms\dex\debug\folders\1000\1f\main C:\Users\User\Documents\GitHub\iCRM\iCRM\app\build\intermediates\transforms\jarMerging\debug\jars\1\1f\combined.jar
java_class_path (initial): C:\Users\User\AppData\Local\Android\sdk\build-tools\23.0.3\lib\dx.jar
Launcher Type: SUN_STANDARD

Environment Variables:
PATH=C:\ProgramData\Oracle\Java\javapath;C:\Program Files\Broadcom\Broadcom 802.11 Network Adapter;C:\Program Files (x86)\NVIDIA Corporation\PhysX\Common;C:\Program Files (x86)\Intel\iCLS Client\;C:\Program Files\Intel\iCLS Client\;C:\Windows\system32;C:\Windows;C:\Windows\System32\Wbem;C:\Windows\System32\WindowsPowerShell\v1.0\;C:\Program Files\Intel\Intel(R) Management Engine Components\DAL;C:\Program Files\Intel\Intel(R) Management Engine Components\IPT;C:\Program Files (x86)\Intel\Intel(R) Management Engine Components\DAL;C:\Program Files (x86)\Intel\Intel(R) Management Engine Components\IPT;C:\Program Files\WIDCOMM\Bluetooth Software\;C:\Program Files\WIDCOMM\Bluetooth Software\syswow64;C:\Program Files\Acer\Remote Files\;C:\Program Files (x86)\Skype\Phone\;C:\Program Files\OpenVPN\bin;C:\WINDOWS\system32;C:\WINDOWS;C:\WINDOWS\System32\Wbem;C:\WINDOWS\System32\WindowsPowerShell\v1.0\;C:\Users\User\AppData\Local\Microsoft\WindowsApps;
USERNAME=User
OS=Windows_NT
PROCESSOR_IDENTIFIER=Intel64 Family 6 Model 69 Stepping 1, GenuineIntel



---------------  S Y S T E M  ---------------

OS: Windows 8.1 , 64 bit Build 9600 

CPU:total 4 (2 cores per cpu, 2 threads per core) family 6 model 69 stepping 1, cmov, cx8, fxsr, mmx, sse, sse2, sse3, ssse3, sse4.1, sse4.2, popcnt, avx, avx2, aes, clmul, erms, lzcnt, ht, tsc, tscinvbit, bmi1, bmi2

Memory: 4k page, physical 8310040k(556596k free), swap 12406040k(5284k free)

vm_info: Java HotSpot(TM) 64-Bit Server VM (25.20-b23) for windows-amd64 JRE (1.8.0_20-b26), built on Jul 30 2014 13:51:23 by "java_re" with MS VC++ 10.0 (VS2010)

time: Wed Nov 02 21:07:24 2016
elapsed time: 43 seconds (0d 0h 0m 43s)

