#
# There is insufficient memory for the Java Runtime Environment to continue.
# Native memory allocation (malloc) failed to allocate 1240736 bytes for Chunk::new
# Possible reasons:
#   The system is out of physical RAM or swap space
#   In 32 bit mode, the process size limit was hit
# Possible solutions:
#   Reduce memory load on the system
#   Increase physical memory or swap space
#   Check if swap backing store is full
#   Use 64 bit Java on a 64 bit OS
#   Decrease Java heap size (-Xmx/-Xms)
#   Decrease number of Java threads
#   Decrease Java thread stack sizes (-Xss)
#   Set larger code cache with -XX:ReservedCodeCacheSize=
# This output file may be truncated or incomplete.
#
#  Out of Memory Error (allocation.cpp:390), pid=8008, tid=4792
#
# JRE version: Java(TM) SE Runtime Environment (8.0_20-b26) (build 1.8.0_20-b26)
# Java VM: Java HotSpot(TM) 64-Bit Server VM (25.20-b23 mixed mode windows-amd64 )
# Failed to write core dump. Minidumps are not enabled by default on client versions of Windows
#

---------------  T H R E A D  ---------------

Current thread (0x000000002410e000):  JavaThread "C2 CompilerThread1" daemon [_thread_in_native, id=4792, stack(0x0000000025780000,0x0000000025880000)]

Stack: [0x0000000025780000,0x0000000025880000]
Native frames: (J=compiled Java code, j=interpreted, Vv=VM code, C=native code)
V  [jvm.dll+0x3152fa]
V  [jvm.dll+0x265d03]
V  [jvm.dll+0x266943]
V  [jvm.dll+0x25e265]
V  [jvm.dll+0xbe255]
V  [jvm.dll+0xbe6fc]
V  [jvm.dll+0x45c472]
V  [jvm.dll+0x49d76f]
V  [jvm.dll+0x451045]
V  [jvm.dll+0x452634]
V  [jvm.dll+0x435fc2]
V  [jvm.dll+0x97b62]
V  [jvm.dll+0x98353]
V  [jvm.dll+0x22aac4]
V  [jvm.dll+0x283f5a]
C  [msvcr100.dll+0x21d9f]
C  [msvcr100.dll+0x21e3b]
C  [KERNEL32.DLL+0x8364]
C  [ntdll.dll+0x65e91]


Current CompileTask:
C2:  54857 3731       4       com.android.dx.dex.file.CodeItem::place0 (88 bytes)


---------------  P R O C E S S  ---------------

Java Threads: ( => current thread )
  0x0000000026763800 JavaThread "pool-1-thread-2" [_thread_in_Java, id=16100, stack(0x000000002a1a0000,0x000000002a2a0000)]
  0x0000000026a0f800 JavaThread "pool-1-thread-1" [_thread_in_Java, id=13072, stack(0x000000002a0a0000,0x000000002a1a0000)]
  0x00000000259aa800 JavaThread "Service Thread" daemon [_thread_blocked, id=11732, stack(0x0000000025d80000,0x0000000025e80000)]
  0x0000000024111800 JavaThread "C1 CompilerThread2" daemon [_thread_blocked, id=5008, stack(0x0000000025880000,0x0000000025980000)]
=>0x000000002410e000 JavaThread "C2 CompilerThread1" daemon [_thread_in_native, id=4792, stack(0x0000000025780000,0x0000000025880000)]
  0x000000002410c000 JavaThread "C2 CompilerThread0" daemon [_thread_in_native, id=7676, stack(0x0000000025680000,0x0000000025780000)]
  0x000000002410a800 JavaThread "Attach Listener" daemon [_thread_blocked, id=12760, stack(0x0000000025580000,0x0000000025680000)]
  0x0000000024109800 JavaThread "Signal Dispatcher" daemon [_thread_blocked, id=12492, stack(0x0000000025480000,0x0000000025580000)]
  0x0000000001ca6000 JavaThread "Finalizer" daemon [_thread_blocked, id=3520, stack(0x0000000025380000,0x0000000025480000)]
  0x0000000001c9d000 JavaThread "Reference Handler" daemon [_thread_blocked, id=13020, stack(0x0000000025280000,0x0000000025380000)]
  0x0000000001bb2800 JavaThread "main" [_thread_blocked, id=4272, stack(0x0000000001ab0000,0x0000000001bb0000)]

Other Threads:
  0x00000000240d5800 VMThread [stack: 0x0000000025180000,0x0000000025280000] [id=376]
  0x00000000259af000 WatcherThread [stack: 0x0000000025e80000,0x0000000025f80000] [id=10856]

VM state:not at safepoint (normal execution)

VM Mutex/Monitor currently owned by a thread: None

Heap:
 PSYoungGen      total 1039872K, used 421287K [0x00000008d5580000, 0x0000000936300000, 0x0000000d00000000)
  eden space 672768K, 8% used [0x00000008d5580000,0x00000008d8a6c828,0x00000008fe680000)
  from space 367104K, 99% used [0x00000008fe680000,0x0000000914cfd6b8,0x0000000914d00000)
  to   space 407552K, 0% used [0x000000091d500000,0x000000091d500000,0x0000000936300000)
 ParOldGen       total 1543680K, used 995433K [0x0000000080000000, 0x00000000de380000, 0x00000008d5580000)
  object space 1543680K, 64% used [0x0000000080000000,0x00000000bcc1a790,0x00000000de380000)
 Metaspace       used 6989K, capacity 7240K, committed 7424K, reserved 8192K

Card table byte_map: [0x00000000127c0000,0x0000000018bd0000] byte_map_base: 0x00000000123c0000

Marking Bits: (ParMarkBitMap*) 0x0000000076c4b460
 Begin Bits: [0x0000000d00000000, 0x0000000d32000000)
 End Bits:   [0x0000000d32000000, 0x0000000d64000000)

Polling page: 0x00000000019a0000

CodeCache: size=245760Kb used=13690Kb max_used=15036Kb free=232069Kb
 bounds [0x0000000003400000, 0x00000000042e0000, 0x0000000012400000]
 total_blobs=3239 nmethods=2973 adapters=179
 compilation: enabled

Compilation events (10 events):
Event: 54.595 Thread 0x0000000024111800 3735       1       java.util.TreeMap$Entry::setValue (12 bytes)
Event: 54.595 Thread 0x0000000024111800 nmethod 3735 0x0000000003833710 code [0x0000000003833860, 0x0000000003833990]
Event: 54.602 Thread 0x0000000024111800 3736 %     3       com.android.dx.dex.file.StringIdsSection::orderItems @ 15 (46 bytes)
Event: 54.603 Thread 0x0000000024111800 nmethod 3736% 0x0000000003863b90 code [0x0000000003863d80, 0x00000000038646f8]
Event: 54.603 Thread 0x0000000024111800 3737       3       com.android.dx.dex.file.StringIdsSection::orderItems (46 bytes)
Event: 54.604 Thread 0x0000000024111800 nmethod 3737 0x00000000036101d0 code [0x00000000036103c0, 0x0000000003610cf8]
Event: 54.622 Thread 0x0000000024111800 3738       1       com.android.dx.rop.cst.CstKnownNull::fitsInInt (2 bytes)
Event: 54.622 Thread 0x0000000024111800 nmethod 3738 0x0000000003833450 code [0x00000000038335a0, 0x00000000038336b0]
Event: 54.622 Thread 0x0000000024111800 3739       1       com.android.dx.rop.cst.CstKnownNull::getIntBits (2 bytes)
Event: 54.622 Thread 0x0000000024111800 nmethod 3739 0x0000000003833190 code [0x00000000038332e0, 0x00000000038333f0]

GC Heap History (10 events):
Event: 33.092 GC heap before
{Heap before GC invocations=27 (full 5):
 PSYoungGen      total 1080320K, used 283822K [0x00000008d5580000, 0x0000000936300000, 0x0000000d00000000)
  eden space 672768K, 0% used [0x00000008d5580000,0x00000008d5580000,0x00000008fe680000)
  from space 407552K, 69% used [0x000000091d500000,0x000000092ea2b828,0x0000000936300000)
  to   space 367104K, 0% used [0x00000008fe680000,0x00000008fe680000,0x0000000914d00000)
 ParOldGen       total 932864K, used 932707K [0x0000000080000000, 0x00000000b8f00000, 0x00000008d5580000)
  object space 932864K, 99% used [0x0000000080000000,0x00000000b8ed8eb8,0x00000000b8f00000)
 Metaspace       used 6590K, capacity 6920K, committed 7168K, reserved 8192K
Event: 37.814 GC heap after
Heap after GC invocations=27 (full 5):
 PSYoungGen      total 1080320K, used 230387K [0x00000008d5580000, 0x0000000936300000, 0x0000000d00000000)
  eden space 672768K, 0% used [0x00000008d5580000,0x00000008d5580000,0x00000008fe680000)
  from space 407552K, 56% used [0x000000091d500000,0x000000092b5fce40,0x0000000936300000)
  to   space 367104K, 0% used [0x00000008fe680000,0x00000008fe680000,0x0000000914d00000)
 ParOldGen       total 932864K, used 932497K [0x0000000080000000, 0x00000000b8f00000, 0x00000008d5580000)
  object space 932864K, 99% used [0x0000000080000000,0x00000000b8ea45f8,0x00000000b8f00000)
 Metaspace       used 6590K, capacity 6920K, committed 7168K, reserved 8192K
}
Event: 39.129 GC heap before
{Heap before GC invocations=28 (full 6):
 PSYoungGen      total 1080320K, used 903155K [0x00000008d5580000, 0x0000000936300000, 0x0000000d00000000)
  eden space 672768K, 100% used [0x00000008d5580000,0x00000008fe680000,0x00000008fe680000)
  from space 407552K, 56% used [0x000000091d500000,0x000000092b5fce40,0x0000000936300000)
  to   space 367104K, 0% used [0x00000008fe680000,0x00000008fe680000,0x0000000914d00000)
 ParOldGen       total 932864K, used 932497K [0x0000000080000000, 0x00000000b8f00000, 0x00000008d5580000)
  object space 932864K, 99% used [0x0000000080000000,0x00000000b8ea45f8,0x00000000b8f00000)
 Metaspace       used 6694K, capacity 6984K, committed 7168K, reserved 8192K
Event: 44.241 GC heap after
Heap after GC invocations=28 (full 6):
 PSYoungGen      total 1080320K, used 317992K [0x00000008d5580000, 0x0000000936300000, 0x0000000d00000000)
  eden space 672768K, 47% used [0x00000008d5580000,0x00000008e8c0a278,0x00000008fe680000)
  from space 407552K, 0% used [0x000000091d500000,0x000000091d500000,0x0000000936300000)
  to   space 367104K, 0% used [0x00000008fe680000,0x00000008fe680000,0x0000000914d00000)
 ParOldGen       total 932864K, used 932837K [0x0000000080000000, 0x00000000b8f00000, 0x00000008d5580000)
  object space 932864K, 99% used [0x0000000080000000,0x00000000b8ef9410,0x00000000b8f00000)
 Metaspace       used 6694K, capacity 6984K, committed 7168K, reserved 8192K
}
Event: 44.689 GC heap before
{Heap before GC invocations=29 (full 7):
 PSYoungGen      total 1080320K, used 672768K [0x00000008d5580000, 0x0000000936300000, 0x0000000d00000000)
  eden space 672768K, 100% used [0x00000008d5580000,0x00000008fe680000,0x00000008fe680000)
  from space 407552K, 0% used [0x000000091d500000,0x000000091d500000,0x0000000936300000)
  to   space 367104K, 0% used [0x00000008fe680000,0x00000008fe680000,0x0000000914d00000)
 ParOldGen       total 932864K, used 932837K [0x0000000080000000, 0x00000000b8f00000, 0x00000008d5580000)
  object space 932864K, 99% used [0x0000000080000000,0x00000000b8ef9410,0x00000000b8f00000)
 Metaspace       used 6695K, capacity 6984K, committed 7168K, reserved 8192K
Event: 47.873 GC heap after
Heap after GC invocations=29 (full 7):
 PSYoungGen      total 1080320K, used 372744K [0x00000008d5580000, 0x0000000936300000, 0x0000000d00000000)
  eden space 672768K, 55% used [0x00000008d5580000,0x00000008ec182390,0x00000008fe680000)
  from space 407552K, 0% used [0x000000091d500000,0x000000091d500000,0x0000000936300000)
  to   space 367104K, 0% used [0x00000008fe680000,0x00000008fe680000,0x0000000914d00000)
 ParOldGen       total 932864K, used 932416K [0x0000000080000000, 0x00000000b8f00000, 0x00000008d5580000)
  object space 932864K, 99% used [0x0000000080000000,0x00000000b8e903b0,0x00000000b8f00000)
 Metaspace       used 6695K, capacity 6984K, committed 7168K, reserved 8192K
}
Event: 48.521 GC heap before
{Heap before GC invocations=30 (full 8):
 PSYoungGen      total 1080320K, used 672768K [0x00000008d5580000, 0x0000000936300000, 0x0000000d00000000)
  eden space 672768K, 100% used [0x00000008d5580000,0x00000008fe680000,0x00000008fe680000)
  from space 407552K, 0% used [0x000000091d500000,0x000000091d500000,0x0000000936300000)
  to   space 367104K, 0% used [0x00000008fe680000,0x00000008fe680000,0x0000000914d00000)
 ParOldGen       total 932864K, used 932416K [0x0000000080000000, 0x00000000b8f00000, 0x00000008d5580000)
  object space 932864K, 99% used [0x0000000080000000,0x00000000b8e903b0,0x00000000b8f00000)
 Metaspace       used 6729K, capacity 6984K, committed 7168K, reserved 8192K
Event: 52.019 GC heap after
Heap after GC invocations=30 (full 8):
 PSYoungGen      total 1080320K, used 410539K [0x00000008d5580000, 0x0000000936300000, 0x0000000d00000000)
  eden space 672768K, 61% used [0x00000008d5580000,0x00000008ee66ad48,0x00000008fe680000)
  from space 407552K, 0% used [0x000000091d500000,0x000000091d500000,0x0000000936300000)
  to   space 367104K, 0% used [0x00000008fe680000,0x00000008fe680000,0x0000000914d00000)
 ParOldGen       total 1543680K, used 932405K [0x0000000080000000, 0x00000000de380000, 0x00000008d5580000)
  object space 1543680K, 60% used [0x0000000080000000,0x00000000b8e8d680,0x00000000de380000)
 Metaspace       used 6729K, capacity 6984K, committed 7168K, reserved 8192K
}
Event: 53.800 GC heap before
{Heap before GC invocations=31 (full 8):
 PSYoungGen      total 1080320K, used 672768K [0x00000008d5580000, 0x0000000936300000, 0x0000000d00000000)
  eden space 672768K, 100% used [0x00000008d5580000,0x00000008fe680000,0x00000008fe680000)
  from space 407552K, 0% used [0x000000091d500000,0x000000091d500000,0x0000000936300000)
  to   space 367104K, 0% used [0x00000008fe680000,0x00000008fe680000,0x0000000914d00000)
 ParOldGen       total 1543680K, used 932405K [0x0000000080000000, 0x00000000de380000, 0x00000008d5580000)
  object space 1543680K, 60% used [0x0000000080000000,0x00000000b8e8d680,0x00000000de380000)
 Metaspace       used 6952K, capacity 7176K, committed 7424K, reserved 8192K
Event: 54.385 GC heap after
Heap after GC invocations=31 (full 8):
 PSYoungGen      total 1039872K, used 367093K [0x00000008d5580000, 0x0000000936300000, 0x0000000d00000000)
  eden space 672768K, 0% used [0x00000008d5580000,0x00000008d5580000,0x00000008fe680000)
  from space 367104K, 99% used [0x00000008fe680000,0x0000000914cfd6b8,0x0000000914d00000)
  to   space 407552K, 0% used [0x000000091d500000,0x000000091d500000,0x0000000936300000)
 ParOldGen       total 1543680K, used 995433K [0x0000000080000000, 0x00000000de380000, 0x00000008d5580000)
  object space 1543680K, 64% used [0x0000000080000000,0x00000000bcc1a790,0x00000000de380000)
 Metaspace       used 6952K, capacity 7176K, committed 7424K, reserved 8192K
}

Deoptimization events (10 events):
Event: 53.505 Thread 0x0000000026763800 Uncommon trap: reason=class_check action=maybe_recompile pc=0x000000000376fb90 method=java.util.Arrays.equals([Ljava/lang/Object;[Ljava/lang/Object;)Z @ 62
Event: 53.505 Thread 0x0000000026763800 Uncommon trap: reason=class_check action=maybe_recompile pc=0x000000000376fb90 method=java.util.Arrays.equals([Ljava/lang/Object;[Ljava/lang/Object;)Z @ 62
Event: 53.505 Thread 0x0000000026763800 Uncommon trap: reason=class_check action=maybe_recompile pc=0x000000000376fb90 method=java.util.Arrays.equals([Ljava/lang/Object;[Ljava/lang/Object;)Z @ 62
Event: 53.505 Thread 0x0000000026763800 Uncommon trap: reason=class_check action=maybe_recompile pc=0x000000000376fb90 method=java.util.Arrays.equals([Ljava/lang/Object;[Ljava/lang/Object;)Z @ 62
Event: 54.394 Thread 0x0000000026763800 Uncommon trap: reason=uninitialized action=reinterpret pc=0x0000000003d859d8 method=com.android.dx.dex.code.PositionList.make(Lcom/android/dx/dex/code/DalvInsnList;I)Lcom/android/dx/dex/code/PositionList; @ 150
Event: 54.395 Thread 0x0000000026763800 Uncommon trap: reason=unreached action=reinterpret pc=0x0000000003ece7d4 method=com.android.dx.dex.code.LocalList.make(Lcom/android/dx/dex/code/DalvInsnList;)Lcom/android/dx/dex/code/LocalList; @ 65
Event: 54.396 Thread 0x0000000026763800 Uncommon trap: reason=unreached action=reinterpret pc=0x00000000039562c4 method=com.android.dx.dex.code.LocalList$MakeState.filterSpec(Lcom/android/dx/rop/code/RegisterSpec;)Lcom/android/dx/rop/code/RegisterSpec; @ 1
Event: 54.463 Thread 0x0000000026a0f800 Uncommon trap: reason=bimorphic action=maybe_recompile pc=0x00000000040c6f6c method=com.android.dx.dex.file.UniformItemSection.prepare0()V @ 6
Event: 54.546 Thread 0x0000000026a0f800 Uncommon trap: reason=bimorphic action=maybe_recompile pc=0x00000000040c6f6c method=com.android.dx.dex.file.UniformItemSection.prepare0()V @ 6
Event: 54.591 Thread 0x0000000026a0f800 Uncommon trap: reason=bimorphic action=maybe_recompile pc=0x00000000040c6f6c method=com.android.dx.dex.file.UniformItemSection.prepare0()V @ 6

Internal exceptions (10 events):
Event: 53.436 Thread 0x0000000026763800 Exception <a 'java/security/PrivilegedActionException'> (0x00000008fd597df8) thrown at [D:\re\workspace\8-2-build-windows-amd64-cygwin\jdk8u20\1074\hotspot\src\share\vm\prims\jvm.cpp, line 1275]
Event: 53.436 Thread 0x0000000026763800 Exception <a 'java/security/PrivilegedActionException'> (0x00000008fd59d5c8) thrown at [D:\re\workspace\8-2-build-windows-amd64-cygwin\jdk8u20\1074\hotspot\src\share\vm\prims\jvm.cpp, line 1275]
Event: 53.437 Thread 0x0000000026763800 Exception <a 'java/security/PrivilegedActionException'> (0x00000008fd5a4198) thrown at [D:\re\workspace\8-2-build-windows-amd64-cygwin\jdk8u20\1074\hotspot\src\share\vm\prims\jvm.cpp, line 1275]
Event: 53.442 Thread 0x0000000026763800 Exception <a 'java/security/PrivilegedActionException'> (0x00000008fd5a8e30) thrown at [D:\re\workspace\8-2-build-windows-amd64-cygwin\jdk8u20\1074\hotspot\src\share\vm\prims\jvm.cpp, line 1275]
Event: 53.448 Thread 0x0000000026763800 Exception <a 'java/security/PrivilegedActionException'> (0x00000008fd5b8e38) thrown at [D:\re\workspace\8-2-build-windows-amd64-cygwin\jdk8u20\1074\hotspot\src\share\vm\prims\jvm.cpp, line 1275]
Event: 53.503 Thread 0x0000000026763800 Exception <a 'java/security/PrivilegedActionException'> (0x00000008fd69ef70) thrown at [D:\re\workspace\8-2-build-windows-amd64-cygwin\jdk8u20\1074\hotspot\src\share\vm\prims\jvm.cpp, line 1275]
Event: 53.505 Thread 0x0000000026763800 Exception <a 'java/security/PrivilegedActionException'> (0x00000008fd6a30f8) thrown at [D:\re\workspace\8-2-build-windows-amd64-cygwin\jdk8u20\1074\hotspot\src\share\vm\prims\jvm.cpp, line 1275]
Event: 53.506 Thread 0x0000000026763800 Exception <a 'java/security/PrivilegedActionException'> (0x00000008fd6a6bc0) thrown at [D:\re\workspace\8-2-build-windows-amd64-cygwin\jdk8u20\1074\hotspot\src\share\vm\prims\jvm.cpp, line 1275]
Event: 54.395 Thread 0x0000000026763800 Exception <a 'java/security/PrivilegedActionException'> (0x00000008d56cf510) thrown at [D:\re\workspace\8-2-build-windows-amd64-cygwin\jdk8u20\1074\hotspot\src\share\vm\prims\jvm.cpp, line 1275]
Event: 54.396 Thread 0x0000000026763800 Exception <a 'java/security/PrivilegedActionException'> (0x00000008d56d2af8) thrown at [D:\re\workspace\8-2-build-windows-amd64-cygwin\jdk8u20\1074\hotspot\src\share\vm\prims\jvm.cpp, line 1275]

Events (10 events):
Event: 54.470 Thread 0x0000000026763800 DEOPT PACKING pc=0x00000000040c8ce9 sp=0x000000002a29ea10
Event: 54.472 Thread 0x0000000026763800 DEOPT UNPACKING pc=0x00000000034475bf sp=0x000000002a29e760 mode 0
Event: 54.479 Thread 0x0000000026763800 DEOPT PACKING pc=0x00000000040c8ce9 sp=0x000000002a29ea10
Event: 54.479 Thread 0x0000000026763800 DEOPT UNPACKING pc=0x00000000034475bf sp=0x000000002a29e760 mode 0
Event: 54.546 Thread 0x0000000026a0f800 Uncommon trap: trap_request=0xffffffc6 fr.pc=0x00000000040c6f6c
Event: 54.546 Thread 0x0000000026a0f800 DEOPT PACKING pc=0x00000000040c6f6c sp=0x000000002a19eb40
Event: 54.546 Thread 0x0000000026a0f800 DEOPT UNPACKING pc=0x000000000344556a sp=0x000000002a19eae0 mode 2
Event: 54.591 Thread 0x0000000026a0f800 Uncommon trap: trap_request=0xffffffc6 fr.pc=0x00000000040c6f6c
Event: 54.591 Thread 0x0000000026a0f800 DEOPT PACKING pc=0x00000000040c6f6c sp=0x000000002a19eb40
Event: 54.591 Thread 0x0000000026a0f800 DEOPT UNPACKING pc=0x000000000344556a sp=0x000000002a19eae0 mode 2


Dynamic libraries:
0x00007ff634000000 - 0x00007ff634034000 	C:\Program Files\Java\jdk1.8.0_20\bin\java.exe
0x00007ffd3f9f0000 - 0x00007ffd3fbc1000 	C:\WINDOWS\SYSTEM32\ntdll.dll
0x00007ffd3ee50000 - 0x00007ffd3eefb000 	C:\WINDOWS\System32\KERNEL32.DLL
0x00007ffd3c940000 - 0x00007ffd3cb5d000 	C:\WINDOWS\System32\KERNELBASE.dll
0x00007ffd3d2d0000 - 0x00007ffd3d372000 	C:\WINDOWS\System32\ADVAPI32.dll
0x00007ffd3f8c0000 - 0x00007ffd3f95e000 	C:\WINDOWS\System32\msvcrt.dll
0x00007ffd3f990000 - 0x00007ffd3f9e9000 	C:\WINDOWS\System32\sechost.dll
0x00007ffd3f400000 - 0x00007ffd3f521000 	C:\WINDOWS\System32\RPCRT4.dll
0x00007ffd3d430000 - 0x00007ffd3d595000 	C:\WINDOWS\System32\USER32.dll
0x00007ffd3cd90000 - 0x00007ffd3cdae000 	C:\WINDOWS\System32\win32u.dll
0x00007ffd3d380000 - 0x00007ffd3d3b4000 	C:\WINDOWS\System32\GDI32.dll
0x00007ffd3bf30000 - 0x00007ffd3c0b2000 	C:\WINDOWS\System32\gdi32full.dll
0x00007ffd389f0000 - 0x00007ffd38c69000 	C:\WINDOWS\WinSxS\amd64_microsoft.windows.common-controls_6595b64144ccf1df_6.0.14393.0_none_2d0f50fcbdb171b8\COMCTL32.dll
0x00007ffd3f5d0000 - 0x00007ffd3f897000 	C:\WINDOWS\System32\combase.dll
0x00007ffd3c0c0000 - 0x00007ffd3c1b5000 	C:\WINDOWS\System32\ucrtbase.dll
0x00007ffd3ccc0000 - 0x00007ffd3cd2a000 	C:\WINDOWS\System32\bcryptPrimitives.dll
0x00007ffd3f960000 - 0x00007ffd3f98e000 	C:\WINDOWS\System32\IMM32.DLL
0x0000000077b70000 - 0x0000000077c42000 	C:\Program Files\Java\jdk1.8.0_20\jre\bin\msvcr100.dll
0x0000000076470000 - 0x0000000076cc8000 	C:\Program Files\Java\jdk1.8.0_20\jre\bin\server\jvm.dll
0x00007ffd3ef60000 - 0x00007ffd3ef68000 	C:\WINDOWS\System32\PSAPI.DLL
0x00007ffd3a390000 - 0x00007ffd3a3b3000 	C:\WINDOWS\SYSTEM32\WINMM.dll
0x00007ffd32410000 - 0x00007ffd32419000 	C:\WINDOWS\SYSTEM32\WSOCK32.dll
0x00007ffd3d3c0000 - 0x00007ffd3d42a000 	C:\WINDOWS\System32\WS2_32.dll
0x00007ffd3a330000 - 0x00007ffd3a35b000 	C:\WINDOWS\SYSTEM32\WINMMBASE.dll
0x00007ffd3bee0000 - 0x00007ffd3bf22000 	C:\WINDOWS\System32\cfgmgr32.dll
0x0000000050030000 - 0x000000005003f000 	C:\Program Files\Java\jdk1.8.0_20\jre\bin\verify.dll
0x0000000050000000 - 0x0000000050028000 	C:\Program Files\Java\jdk1.8.0_20\jre\bin\java.dll
0x0000000077fe0000 - 0x0000000077ff6000 	C:\Program Files\Java\jdk1.8.0_20\jre\bin\zip.dll
0x00007ffd3d6e0000 - 0x00007ffd3ebe8000 	C:\WINDOWS\System32\SHELL32.dll
0x00007ffd3c1c0000 - 0x00007ffd3c89a000 	C:\WINDOWS\System32\windows.storage.dll
0x00007ffd3be80000 - 0x00007ffd3becc000 	C:\WINDOWS\System32\powrprof.dll
0x00007ffd3ef00000 - 0x00007ffd3ef52000 	C:\WINDOWS\System32\shlwapi.dll
0x00007ffd3bed0000 - 0x00007ffd3bedf000 	C:\WINDOWS\System32\kernel.appcore.dll
0x00007ffd3cb60000 - 0x00007ffd3cc09000 	C:\WINDOWS\System32\shcore.dll
0x00007ffd3be50000 - 0x00007ffd3be64000 	C:\WINDOWS\System32\profapi.dll
0x00007ffd2d520000 - 0x00007ffd2d6b2000 	C:\WINDOWS\SYSTEM32\dbghelp.dll

VM Arguments:
jvm_args: -Djava.awt.headless=true -Xmx50g -Dfile.encoding=windows-1251 -Duser.country=RU -Duser.language=ru -Duser.variant 
java_command: com.android.dx.command.Main --dex --num-threads=4 --multi-dex --main-dex-list C:\Users\User\Documents\GitHub\iCRM\iCRM\app\build\intermediates\multi-dex\debug\maindexlist.txt --output C:\Users\User\Documents\GitHub\iCRM\iCRM\app\build\intermediates\transforms\dex\debug\folders\1000\1f\main C:\Users\User\Documents\GitHub\iCRM\iCRM\app\build\intermediates\transforms\jarMerging\debug\jars\1\1f\combined.jar
java_class_path (initial): C:\Users\User\AppData\Local\Android\sdk\build-tools\23.0.3\lib\dx.jar
Launcher Type: SUN_STANDARD

Environment Variables:
PATH=C:\ProgramData\Oracle\Java\javapath;C:\Program Files\Broadcom\Broadcom 802.11 Network Adapter;C:\Program Files (x86)\NVIDIA Corporation\PhysX\Common;C:\Program Files (x86)\Intel\iCLS Client\;C:\Program Files\Intel\iCLS Client\;C:\Windows\system32;C:\Windows;C:\Windows\System32\Wbem;C:\Windows\System32\WindowsPowerShell\v1.0\;C:\Program Files\Intel\Intel(R) Management Engine Components\DAL;C:\Program Files\Intel\Intel(R) Management Engine Components\IPT;C:\Program Files (x86)\Intel\Intel(R) Management Engine Components\DAL;C:\Program Files (x86)\Intel\Intel(R) Management Engine Components\IPT;C:\Program Files\WIDCOMM\Bluetooth Software\;C:\Program Files\WIDCOMM\Bluetooth Software\syswow64;C:\Program Files\Acer\Remote Files\;C:\Program Files (x86)\Skype\Phone\;C:\Program Files\OpenVPN\bin;C:\WINDOWS\system32;C:\WINDOWS;C:\WINDOWS\System32\Wbem;C:\WINDOWS\System32\WindowsPowerShell\v1.0\;C:\Users\User\AppData\Local\Microsoft\WindowsApps;
USERNAME=User
OS=Windows_NT
PROCESSOR_IDENTIFIER=Intel64 Family 6 Model 69 Stepping 1, GenuineIntel



---------------  S Y S T E M  ---------------

OS: Windows 8.1 , 64 bit Build 9600 

CPU:total 4 (2 cores per cpu, 2 threads per core) family 6 model 69 stepping 1, cmov, cx8, fxsr, mmx, sse, sse2, sse3, ssse3, sse4.1, sse4.2, popcnt, avx, avx2, aes, clmul, erms, lzcnt, ht, tsc, tscinvbit, bmi1, bmi2

Memory: 4k page, physical 8310040k(930812k free), swap 12406040k(4664k free)

vm_info: Java HotSpot(TM) 64-Bit Server VM (25.20-b23) for windows-amd64 JRE (1.8.0_20-b26), built on Jul 30 2014 13:51:23 by "java_re" with MS VC++ 10.0 (VS2010)

time: Fri Oct 28 00:56:16 2016
elapsed time: 54 seconds (0d 0h 0m 54s)

