#
# There is insufficient memory for the Java Runtime Environment to continue.
# Native memory allocation (malloc) failed to allocate 1780816 bytes for Chunk::new
# Possible reasons:
#   The system is out of physical RAM or swap space
#   In 32 bit mode, the process size limit was hit
# Possible solutions:
#   Reduce memory load on the system
#   Increase physical memory or swap space
#   Check if swap backing store is full
#   Use 64 bit Java on a 64 bit OS
#   Decrease Java heap size (-Xmx/-Xms)
#   Decrease number of Java threads
#   Decrease Java thread stack sizes (-Xss)
#   Set larger code cache with -XX:ReservedCodeCacheSize=
# This output file may be truncated or incomplete.
#
#  Out of Memory Error (allocation.cpp:390), pid=6656, tid=11212
#
# JRE version: Java(TM) SE Runtime Environment (8.0_20-b26) (build 1.8.0_20-b26)
# Java VM: Java HotSpot(TM) 64-Bit Server VM (25.20-b23 mixed mode windows-amd64 )
# Failed to write core dump. Minidumps are not enabled by default on client versions of Windows
#

---------------  T H R E A D  ---------------

Current thread (0x0000000001e3f800):  JavaThread "C2 CompilerThread1" daemon [_thread_in_native, id=11212, stack(0x0000000024f90000,0x0000000025090000)]

Stack: [0x0000000024f90000,0x0000000025090000]
Native frames: (J=compiled Java code, j=interpreted, Vv=VM code, C=native code)
V  [jvm.dll+0x3152fa]
V  [jvm.dll+0x265d03]
V  [jvm.dll+0x266943]
V  [jvm.dll+0x25e265]
V  [jvm.dll+0xbe255]
V  [jvm.dll+0xbe6fc]
V  [jvm.dll+0x45c472]
V  [jvm.dll+0x49d76f]
V  [jvm.dll+0x4515a4]
V  [jvm.dll+0x452634]
V  [jvm.dll+0x435fc2]
V  [jvm.dll+0x97b62]
V  [jvm.dll+0x98353]
V  [jvm.dll+0x22aac4]
V  [jvm.dll+0x283f5a]
C  [msvcr100.dll+0x21d9f]
C  [msvcr100.dll+0x21e3b]
C  [KERNEL32.DLL+0x8364]
C  [ntdll.dll+0x65e91]


Current CompileTask:
C2:  35933 2762       4       com.android.dx.dex.cf.CfTranslator::translate0 (259 bytes)


---------------  P R O C E S S  ---------------

Java Threads: ( => current thread )
  0x00000000259ff800 JavaThread "pool-2-thread-4" [_thread_blocked, id=5648, stack(0x0000000027360000,0x0000000027460000)]
  0x0000000025a83800 JavaThread "pool-2-thread-3" [_thread_blocked, id=3476, stack(0x0000000027260000,0x0000000027360000)]
  0x0000000025a83000 JavaThread "pool-2-thread-2" [_thread_blocked, id=7300, stack(0x0000000027160000,0x0000000027260000)]
  0x0000000025ccb000 JavaThread "pool-3-thread-1" [_thread_blocked, id=8136, stack(0x0000000027060000,0x0000000027160000)]
  0x0000000025f90800 JavaThread "pool-2-thread-1" [_thread_blocked, id=4328, stack(0x0000000026f60000,0x0000000027060000)]
  0x0000000001e9e000 JavaThread "Service Thread" daemon [_thread_blocked, id=12364, stack(0x0000000025590000,0x0000000025690000)]
  0x0000000001e44000 JavaThread "C1 CompilerThread2" daemon [_thread_blocked, id=2916, stack(0x0000000025090000,0x0000000025190000)]
=>0x0000000001e3f800 JavaThread "C2 CompilerThread1" daemon [_thread_in_native, id=11212, stack(0x0000000024f90000,0x0000000025090000)]
  0x0000000001e3d000 JavaThread "C2 CompilerThread0" daemon [_thread_in_native, id=6912, stack(0x0000000024e90000,0x0000000024f90000)]
  0x0000000001e3b800 JavaThread "Attach Listener" daemon [_thread_blocked, id=8412, stack(0x0000000024d90000,0x0000000024e90000)]
  0x0000000001e3a800 JavaThread "Signal Dispatcher" daemon [_thread_blocked, id=8084, stack(0x0000000024c90000,0x0000000024d90000)]
  0x00000000014d6000 JavaThread "Finalizer" daemon [_thread_blocked, id=11768, stack(0x0000000024b90000,0x0000000024c90000)]
  0x00000000014cd000 JavaThread "Reference Handler" daemon [_thread_blocked, id=1752, stack(0x0000000024a90000,0x0000000024b90000)]
  0x00000000013e2800 JavaThread "main" [_thread_blocked, id=5976, stack(0x0000000001270000,0x0000000001370000)]

Other Threads:
  0x0000000001e05800 VMThread [stack: 0x0000000024990000,0x0000000024a90000] [id=12600]
  0x00000000251bc000 WatcherThread [stack: 0x0000000025690000,0x0000000025790000] [id=12540]

VM state:at safepoint (normal execution)

VM Mutex/Monitor currently owned by a thread:  ([mutex/lock_event])
[0x000000000138c9b0] Threads_lock - owner thread: 0x0000000001e05800
[0x000000000138c2b0] Heap_lock - owner thread: 0x0000000025a83800

Heap:
 PSYoungGen      total 924672K, used 924657K [0x00000008d5580000, 0x0000000922b00000, 0x0000000d00000000)
  eden space 660992K, 100% used [0x00000008d5580000,0x00000008fdb00000,0x00000008fdb00000)
  from space 263680K, 99% used [0x0000000912980000,0x0000000922afc5d8,0x0000000922b00000)
  to   space 250880K, 21% used [0x00000008fdb00000,0x0000000900f77a38,0x000000090d000000)
 ParOldGen       total 898048K, used 697622K [0x0000000080000000, 0x00000000b6d00000, 0x00000008d5580000)
  object space 898048K, 77% used [0x0000000080000000,0x00000000aa945bd8,0x00000000b6d00000)
 Metaspace       used 6607K, capacity 6920K, committed 7168K, reserved 8192K

Card table byte_map: [0x0000000012400000,0x0000000018810000] byte_map_base: 0x0000000012000000

Marking Bits: (ParMarkBitMap*) 0x000000005401b460
 Begin Bits: [0x0000000d00000000, 0x0000000d32000000)
 End Bits:   [0x0000000d32000000, 0x0000000d64000000)

Polling page: 0x0000000000f00000

CodeCache: size=245760Kb used=11150Kb max_used=11812Kb free=234609Kb
 bounds [0x0000000003400000, 0x0000000003fa0000, 0x0000000012400000]
 total_blobs=2626 nmethods=2360 adapters=179
 compilation: enabled

Compilation events (10 events):
Event: 34.098 Thread 0x0000000001e3f800 nmethod 2757 0x00000000038c6410 code [0x00000000038c6560, 0x00000000038c66d8]
Event: 34.098 Thread 0x0000000001e3f800 2729       4       com.android.dx.ssa.back.InterferenceGraph::add (46 bytes)
Event: 34.148 Thread 0x0000000001e3f800 nmethod 2729 0x0000000003b32750 code [0x0000000003b32920, 0x0000000003b33fa8]
Event: 34.148 Thread 0x0000000001e3f800 2726       4       com.android.dx.ssa.SsaInsn::isResultReg (24 bytes)
Event: 34.149 Thread 0x0000000001e3f800 nmethod 2726 0x0000000003726d90 code [0x0000000003726ec0, 0x0000000003726f38]
Event: 34.149 Thread 0x0000000001e3f800 2762       4       com.android.dx.dex.cf.CfTranslator::translate0 (259 bytes)
Event: 34.172 Thread 0x0000000001e44000 2765       3       com.android.dx.rop.code.Rops::pickBinaryOp (158 bytes)
Event: 34.173 Thread 0x0000000001e44000 nmethod 2765 0x00000000039c8210 code [0x00000000039c8460, 0x00000000039c9298]
Event: 34.451 Thread 0x0000000001e44000 2766       3       com.android.dx.rop.code.Rops::opXor (21 bytes)
Event: 34.452 Thread 0x0000000001e44000 nmethod 2766 0x0000000003716810 code [0x0000000003716980, 0x0000000003716b48]

GC Heap History (10 events):
Event: 21.268 GC heap after
Heap after GC invocations=18 (full 3):
 PSYoungGen      total 764416K, used 195578K [0x00000008d5580000, 0x000000091b180000, 0x0000000d00000000)
  eden space 568832K, 0% used [0x00000008d5580000,0x00000008d5580000,0x00000008f8100000)
  from space 195584K, 99% used [0x00000008f8100000,0x0000000903ffe980,0x0000000904000000)
  to   space 230912K, 0% used [0x000000090d000000,0x000000090d000000,0x000000091b180000)
 ParOldGen       total 595968K, used 377617K [0x0000000080000000, 0x00000000a4600000, 0x00000008d5580000)
  object space 595968K, 63% used [0x0000000080000000,0x00000000970c4640,0x00000000a4600000)
 Metaspace       used 6591K, capacity 6920K, committed 7168K, reserved 8192K
}
Event: 23.052 GC heap before
{Heap before GC invocations=19 (full 3):
 PSYoungGen      total 764416K, used 764410K [0x00000008d5580000, 0x000000091b180000, 0x0000000d00000000)
  eden space 568832K, 100% used [0x00000008d5580000,0x00000008f8100000,0x00000008f8100000)
  from space 195584K, 99% used [0x00000008f8100000,0x0000000903ffe980,0x0000000904000000)
  to   space 230912K, 0% used [0x000000090d000000,0x000000090d000000,0x000000091b180000)
 ParOldGen       total 595968K, used 377617K [0x0000000080000000, 0x00000000a4600000, 0x00000008d5580000)
  object space 595968K, 63% used [0x0000000080000000,0x00000000970c4640,0x00000000a4600000)
 Metaspace       used 6594K, capacity 6920K, committed 7168K, reserved 8192K
Event: 23.552 GC heap after
Heap after GC invocations=19 (full 3):
 PSYoungGen      total 891904K, used 177854K [0x00000008d5580000, 0x000000091ec00000, 0x0000000d00000000)
  eden space 660992K, 0% used [0x00000008d5580000,0x00000008d5580000,0x00000008fdb00000)
  from space 230912K, 77% used [0x000000090d000000,0x0000000917daf8b8,0x000000091b180000)
  to   space 250880K, 0% used [0x00000008fdb00000,0x00000008fdb00000,0x000000090d000000)
 ParOldGen       total 595968K, used 489287K [0x0000000080000000, 0x00000000a4600000, 0x00000008d5580000)
  object space 595968K, 82% used [0x0000000080000000,0x000000009ddd1fa0,0x00000000a4600000)
 Metaspace       used 6594K, capacity 6920K, committed 7168K, reserved 8192K
}
Event: 23.552 GC heap before
{Heap before GC invocations=20 (full 4):
 PSYoungGen      total 891904K, used 177854K [0x00000008d5580000, 0x000000091ec00000, 0x0000000d00000000)
  eden space 660992K, 0% used [0x00000008d5580000,0x00000008d5580000,0x00000008fdb00000)
  from space 230912K, 77% used [0x000000090d000000,0x0000000917daf8b8,0x000000091b180000)
  to   space 250880K, 0% used [0x00000008fdb00000,0x00000008fdb00000,0x000000090d000000)
 ParOldGen       total 595968K, used 489287K [0x0000000080000000, 0x00000000a4600000, 0x00000008d5580000)
  object space 595968K, 82% used [0x0000000080000000,0x000000009ddd1fa0,0x00000000a4600000)
 Metaspace       used 6594K, capacity 6920K, committed 7168K, reserved 8192K
Event: 27.086 GC heap after
Heap after GC invocations=20 (full 4):
 PSYoungGen      total 891904K, used 66271K [0x00000008d5580000, 0x000000091ec00000, 0x0000000d00000000)
  eden space 660992K, 0% used [0x00000008d5580000,0x00000008d5580000,0x00000008fdb00000)
  from space 230912K, 28% used [0x000000090d000000,0x00000009110b7fd0,0x000000091b180000)
  to   space 250880K, 0% used [0x00000008fdb00000,0x00000008fdb00000,0x000000090d000000)
 ParOldGen       total 898048K, used 595721K [0x0000000080000000, 0x00000000b6d00000, 0x00000008d5580000)
  object space 898048K, 66% used [0x0000000080000000,0x00000000a45c2488,0x00000000b6d00000)
 Metaspace       used 6594K, capacity 6920K, committed 7168K, reserved 8192K
}
Event: 29.783 GC heap before
{Heap before GC invocations=21 (full 4):
 PSYoungGen      total 891904K, used 727263K [0x00000008d5580000, 0x000000091ec00000, 0x0000000d00000000)
  eden space 660992K, 100% used [0x00000008d5580000,0x00000008fdb00000,0x00000008fdb00000)
  from space 230912K, 28% used [0x000000090d000000,0x00000009110b7fd0,0x000000091b180000)
  to   space 250880K, 0% used [0x00000008fdb00000,0x00000008fdb00000,0x000000090d000000)
 ParOldGen       total 898048K, used 595721K [0x0000000080000000, 0x00000000b6d00000, 0x00000008d5580000)
  object space 898048K, 66% used [0x0000000080000000,0x00000000a45c2488,0x00000000b6d00000)
 Metaspace       used 6607K, capacity 6920K, committed 7168K, reserved 8192K
Event: 30.123 GC heap after
Heap after GC invocations=21 (full 4):
 PSYoungGen      total 911872K, used 169895K [0x00000008d5580000, 0x0000000922b00000, 0x0000000d00000000)
  eden space 660992K, 0% used [0x00000008d5580000,0x00000008d5580000,0x00000008fdb00000)
  from space 250880K, 67% used [0x00000008fdb00000,0x00000009080e9e38,0x000000090d000000)
  to   space 263680K, 0% used [0x0000000912980000,0x0000000912980000,0x0000000922b00000)
 ParOldGen       total 898048K, used 595721K [0x0000000080000000, 0x00000000b6d00000, 0x00000008d5580000)
  object space 898048K, 66% used [0x0000000080000000,0x00000000a45c2488,0x00000000b6d00000)
 Metaspace       used 6607K, capacity 6920K, committed 7168K, reserved 8192K
}
Event: 32.544 GC heap before
{Heap before GC invocations=22 (full 4):
 PSYoungGen      total 911872K, used 830887K [0x00000008d5580000, 0x0000000922b00000, 0x0000000d00000000)
  eden space 660992K, 100% used [0x00000008d5580000,0x00000008fdb00000,0x00000008fdb00000)
  from space 250880K, 67% used [0x00000008fdb00000,0x00000009080e9e38,0x000000090d000000)
  to   space 263680K, 0% used [0x0000000912980000,0x0000000912980000,0x0000000922b00000)
 ParOldGen       total 898048K, used 595721K [0x0000000080000000, 0x00000000b6d00000, 0x00000008d5580000)
  object space 898048K, 66% used [0x0000000080000000,0x00000000a45c2488,0x00000000b6d00000)
 Metaspace       used 6607K, capacity 6920K, committed 7168K, reserved 8192K
Event: 32.959 GC heap after
Heap after GC invocations=22 (full 4):
 PSYoungGen      total 924672K, used 263665K [0x00000008d5580000, 0x0000000922b00000, 0x0000000d00000000)
  eden space 660992K, 0% used [0x00000008d5580000,0x00000008d5580000,0x00000008fdb00000)
  from space 263680K, 99% used [0x0000000912980000,0x0000000922afc5d8,0x0000000922b00000)
  to   space 250880K, 0% used [0x00000008fdb00000,0x00000008fdb00000,0x000000090d000000)
 ParOldGen       total 898048K, used 681687K [0x0000000080000000, 0x00000000b6d00000, 0x00000008d5580000)
  object space 898048K, 75% used [0x0000000080000000,0x00000000a99b5e70,0x00000000b6d00000)
 Metaspace       used 6607K, capacity 6920K, committed 7168K, reserved 8192K
}
Event: 35.787 GC heap before
{Heap before GC invocations=23 (full 4):
 PSYoungGen      total 924672K, used 924657K [0x00000008d5580000, 0x0000000922b00000, 0x0000000d00000000)
  eden space 660992K, 100% used [0x00000008d5580000,0x00000008fdb00000,0x00000008fdb00000)
  from space 263680K, 99% used [0x0000000912980000,0x0000000922afc5d8,0x0000000922b00000)
  to   space 250880K, 0% used [0x00000008fdb00000,0x00000008fdb00000,0x000000090d000000)
 ParOldGen       total 898048K, used 681687K [0x0000000080000000, 0x00000000b6d00000, 0x00000008d5580000)
  object space 898048K, 75% used [0x0000000080000000,0x00000000a99b5e70,0x00000000b6d00000)
 Metaspace       used 6607K, capacity 6920K, committed 7168K, reserved 8192K

Deoptimization events (10 events):
Event: 33.499 Thread 0x00000000259ff800 Uncommon trap: reason=class_check action=maybe_recompile pc=0x0000000003e90d30 method=com.android.dx.ssa.back.InterferenceGraph.mergeInterferenceSet(ILcom/android/dx/util/IntSet;)V @ 20
Event: 33.499 Thread 0x00000000259ff800 Uncommon trap: reason=class_check action=maybe_recompile pc=0x00000000036749bc method=com.android.dx.util.BitIntSet.merge(Lcom/android/dx/util/IntSet;)V @ 1
Event: 33.500 Thread 0x00000000259ff800 Uncommon trap: reason=class_check action=maybe_recompile pc=0x00000000035918d4 method=com.android.dx.ssa.back.InterferenceGraph.mergeInterferenceSet(ILcom/android/dx/util/IntSet;)V @ 20
Event: 33.500 Thread 0x00000000259ff800 Uncommon trap: reason=class_check action=maybe_recompile pc=0x00000000036749bc method=com.android.dx.util.BitIntSet.merge(Lcom/android/dx/util/IntSet;)V @ 1
Event: 33.500 Thread 0x00000000259ff800 Uncommon trap: reason=class_check action=maybe_recompile pc=0x00000000035918d4 method=com.android.dx.ssa.back.InterferenceGraph.mergeInterferenceSet(ILcom/android/dx/util/IntSet;)V @ 20
Event: 33.500 Thread 0x00000000259ff800 Uncommon trap: reason=class_check action=maybe_recompile pc=0x00000000036749bc method=com.android.dx.util.BitIntSet.merge(Lcom/android/dx/util/IntSet;)V @ 1
Event: 33.510 Thread 0x0000000025a83000 Uncommon trap: reason=class_check action=maybe_recompile pc=0x0000000003e90d30 method=com.android.dx.ssa.back.InterferenceGraph.mergeInterferenceSet(ILcom/android/dx/util/IntSet;)V @ 20
Event: 33.510 Thread 0x0000000025a83000 Uncommon trap: reason=class_check action=maybe_recompile pc=0x00000000036749bc method=com.android.dx.util.BitIntSet.merge(Lcom/android/dx/util/IntSet;)V @ 1
Event: 33.511 Thread 0x0000000025a83000 Uncommon trap: reason=class_check action=maybe_recompile pc=0x00000000035918d4 method=com.android.dx.ssa.back.InterferenceGraph.mergeInterferenceSet(ILcom/android/dx/util/IntSet;)V @ 20
Event: 33.522 Thread 0x0000000025a83000 Uncommon trap: reason=class_check action=maybe_recompile pc=0x0000000003df3a70 method=com.android.dx.ssa.back.InterferenceGraph.mergeInterferenceSet(ILcom/android/dx/util/IntSet;)V @ 20

Internal exceptions (10 events):
Event: 1.713 Thread 0x0000000025f90800 Exception <a 'java/lang/ArrayIndexOutOfBoundsException': 145> (0x00000008dae81de8) thrown at [D:\re\workspace\8-2-build-windows-amd64-cygwin\jdk8u20\1074\hotspot\src\share\vm\interpreter\interpreterRuntime.cpp, line 366]
Event: 1.722 Thread 0x0000000025f90800 Exception <a 'java/lang/ArrayIndexOutOfBoundsException'> (0x00000008dae83630) thrown at [D:\re\workspace\8-2-build-windows-amd64-cygwin\jdk8u20\1074\hotspot\src\share\vm\runtime\sharedRuntime.cpp, line 604]
Event: 2.817 Thread 0x0000000025a83000 Exception <a 'java/security/PrivilegedActionException'> (0x00000008d8c13390) thrown at [D:\re\workspace\8-2-build-windows-amd64-cygwin\jdk8u20\1074\hotspot\src\share\vm\prims\jvm.cpp, line 1275]
Event: 10.607 Thread 0x00000000013e2800 Exception <a 'java/security/PrivilegedActionException'> (0x00000008e5dd3a40) thrown at [D:\re\workspace\8-2-build-windows-amd64-cygwin\jdk8u20\1074\hotspot\src\share\vm\prims\jvm.cpp, line 1275]
Event: 10.611 Thread 0x00000000013e2800 Implicit null exception at 0x00000000035de2e8 to 0x00000000035de8d9
Event: 22.631 Thread 0x0000000025a83800 Exception <a 'java/security/PrivilegedActionException'> (0x00000008ee5003b8) thrown at [D:\re\workspace\8-2-build-windows-amd64-cygwin\jdk8u20\1074\hotspot\src\share\vm\prims\jvm.cpp, line 1275]
Event: 27.259 Thread 0x0000000025a83800 Exception <a 'java/security/PrivilegedActionException'> (0x00000008d83a1978) thrown at [D:\re\workspace\8-2-build-windows-amd64-cygwin\jdk8u20\1074\hotspot\src\share\vm\prims\jvm.cpp, line 1275]
Event: 27.556 Thread 0x00000000013e2800 Exception <a 'java/security/PrivilegedActionException'> (0x00000008da9b3bc0) thrown at [D:\re\workspace\8-2-build-windows-amd64-cygwin\jdk8u20\1074\hotspot\src\share\vm\prims\jvm.cpp, line 1275]
Event: 28.108 Thread 0x0000000025a83000 Exception <a 'java/security/PrivilegedActionException'> (0x00000008e428c6c0) thrown at [D:\re\workspace\8-2-build-windows-amd64-cygwin\jdk8u20\1074\hotspot\src\share\vm\prims\jvm.cpp, line 1275]
Event: 28.215 Thread 0x0000000025a83000 Exception <a 'java/security/PrivilegedActionException'> (0x00000008e42faf90) thrown at [D:\re\workspace\8-2-build-windows-amd64-cygwin\jdk8u20\1074\hotspot\src\share\vm\prims\jvm.cpp, line 1275]

Events (10 events):
Event: 33.522 Thread 0x0000000025a83000 Uncommon trap: trap_request=0xffffffde fr.pc=0x0000000003df3a70
Event: 33.522 Thread 0x0000000025a83000 DEOPT PACKING pc=0x0000000003df3a70 sp=0x000000002725efd0
Event: 33.522 Thread 0x0000000025a83000 DEOPT UNPACKING pc=0x000000000344556a sp=0x000000002725ee38 mode 2
Event: 33.913 Thread 0x00000000013e2800 DEOPT PACKING pc=0x00000000039a212d sp=0x000000000136e180
Event: 33.913 Thread 0x00000000013e2800 DEOPT UNPACKING pc=0x00000000034475bf sp=0x000000000136dfb0 mode 0
Event: 34.079 Thread 0x0000000025f90800 DEOPT PACKING pc=0x0000000003b2bf0c sp=0x000000002705eab0
Event: 34.079 Thread 0x0000000025f90800 DEOPT UNPACKING pc=0x00000000034475bf sp=0x000000002705e890 mode 0
Event: 34.096 Thread 0x00000000013e2800 DEOPT PACKING pc=0x0000000003b1307a sp=0x000000000136e690
Event: 34.096 Thread 0x00000000013e2800 DEOPT UNPACKING pc=0x00000000034475bf sp=0x000000000136e4a0 mode 0
Event: 35.758 Executing VM operation: ParallelGCFailedAllocation


Dynamic libraries:
0x00007ff7d3eb0000 - 0x00007ff7d3ee4000 	C:\Program Files\Java\jdk1.8.0_20\bin\java.exe
0x00007ff9b0c20000 - 0x00007ff9b0df1000 	C:\WINDOWS\SYSTEM32\ntdll.dll
0x00007ff9b0060000 - 0x00007ff9b010b000 	C:\WINDOWS\System32\KERNEL32.DLL
0x00007ff9adb20000 - 0x00007ff9add3d000 	C:\WINDOWS\System32\KERNELBASE.dll
0x00007ff9b0210000 - 0x00007ff9b02b2000 	C:\WINDOWS\System32\ADVAPI32.dll
0x00007ff9affc0000 - 0x00007ff9b005e000 	C:\WINDOWS\System32\msvcrt.dll
0x00007ff9b0bc0000 - 0x00007ff9b0c19000 	C:\WINDOWS\System32\sechost.dll
0x00007ff9b0970000 - 0x00007ff9b0a91000 	C:\WINDOWS\System32\RPCRT4.dll
0x00007ff9b07f0000 - 0x00007ff9b0955000 	C:\WINDOWS\System32\USER32.dll
0x00007ff9ad300000 - 0x00007ff9ad31e000 	C:\WINDOWS\System32\win32u.dll
0x00007ff9b02c0000 - 0x00007ff9b02f4000 	C:\WINDOWS\System32\GDI32.dll
0x00007ff9adda0000 - 0x00007ff9adf22000 	C:\WINDOWS\System32\gdi32full.dll
0x00007ff9a7ae0000 - 0x00007ff9a7d5a000 	C:\WINDOWS\WinSxS\amd64_microsoft.windows.common-controls_6595b64144ccf1df_6.0.14393.351_none_4213128bc687e6d3\COMCTL32.dll
0x00007ff9b03c0000 - 0x00007ff9b0687000 	C:\WINDOWS\System32\combase.dll
0x00007ff9ad1b0000 - 0x00007ff9ad2a5000 	C:\WINDOWS\System32\ucrtbase.dll
0x00007ff9ad320000 - 0x00007ff9ad38a000 	C:\WINDOWS\System32\bcryptPrimitives.dll
0x00007ff9ae370000 - 0x00007ff9ae39e000 	C:\WINDOWS\System32\IMM32.DLL
0x0000000054c30000 - 0x0000000054d02000 	C:\Program Files\Java\jdk1.8.0_20\jre\bin\msvcr100.dll
0x0000000053840000 - 0x0000000054098000 	C:\Program Files\Java\jdk1.8.0_20\jre\bin\server\jvm.dll
0x00007ff9b0960000 - 0x00007ff9b0968000 	C:\WINDOWS\System32\PSAPI.DLL
0x00007ff9a2eb0000 - 0x00007ff9a2eb9000 	C:\WINDOWS\SYSTEM32\WSOCK32.dll
0x00007ff9ab2a0000 - 0x00007ff9ab2c3000 	C:\WINDOWS\SYSTEM32\WINMM.dll
0x00007ff9aea40000 - 0x00007ff9aeaaa000 	C:\WINDOWS\System32\WS2_32.dll
0x0000000001240000 - 0x000000000126b000 	C:\WINDOWS\SYSTEM32\WINMMBASE.dll
0x00007ff9ad2b0000 - 0x00007ff9ad2f2000 	C:\WINDOWS\System32\cfgmgr32.dll
0x00000000550b0000 - 0x00000000550bf000 	C:\Program Files\Java\jdk1.8.0_20\jre\bin\verify.dll
0x0000000055080000 - 0x00000000550a8000 	C:\Program Files\Java\jdk1.8.0_20\jre\bin\java.dll
0x0000000055060000 - 0x0000000055076000 	C:\Program Files\Java\jdk1.8.0_20\jre\bin\zip.dll
0x00007ff9aeab0000 - 0x00007ff9affb9000 	C:\WINDOWS\System32\SHELL32.dll
0x00007ff9ad440000 - 0x00007ff9adb1a000 	C:\WINDOWS\System32\windows.storage.dll
0x00007ff9ad0b0000 - 0x00007ff9ad0fc000 	C:\WINDOWS\System32\powrprof.dll
0x00007ff9ae970000 - 0x00007ff9ae9c2000 	C:\WINDOWS\System32\shlwapi.dll
0x00007ff9ad0a0000 - 0x00007ff9ad0af000 	C:\WINDOWS\System32\kernel.appcore.dll
0x00007ff9adf30000 - 0x00007ff9adfd9000 	C:\WINDOWS\System32\shcore.dll
0x00007ff9ad080000 - 0x00007ff9ad094000 	C:\WINDOWS\System32\profapi.dll
0x00007ff9a64b0000 - 0x00007ff9a6642000 	C:\WINDOWS\SYSTEM32\dbghelp.dll

VM Arguments:
jvm_args: -Djava.awt.headless=true -Xmx50g -Dfile.encoding=windows-1251 -Duser.country=RU -Duser.language=ru -Duser.variant 
java_command: com.android.dx.command.Main --dex --num-threads=4 --multi-dex --main-dex-list C:\Users\User\Documents\GitHub\iCRM\iCRM\app\build\intermediates\multi-dex\debug\maindexlist.txt --output C:\Users\User\Documents\GitHub\iCRM\iCRM\app\build\intermediates\transforms\dex\debug\folders\1000\1f\main C:\Users\User\Documents\GitHub\iCRM\iCRM\app\build\intermediates\transforms\jarMerging\debug\jars\1\1f\combined.jar
java_class_path (initial): C:\Users\User\AppData\Local\Android\sdk\build-tools\23.0.3\lib\dx.jar
Launcher Type: SUN_STANDARD

Environment Variables:
PATH=C:\ProgramData\Oracle\Java\javapath;C:\Program Files\Broadcom\Broadcom 802.11 Network Adapter;C:\Program Files (x86)\NVIDIA Corporation\PhysX\Common;C:\Program Files (x86)\Intel\iCLS Client\;C:\Program Files\Intel\iCLS Client\;C:\Windows\system32;C:\Windows;C:\Windows\System32\Wbem;C:\Windows\System32\WindowsPowerShell\v1.0\;C:\Program Files\Intel\Intel(R) Management Engine Components\DAL;C:\Program Files\Intel\Intel(R) Management Engine Components\IPT;C:\Program Files (x86)\Intel\Intel(R) Management Engine Components\DAL;C:\Program Files (x86)\Intel\Intel(R) Management Engine Components\IPT;C:\Program Files\WIDCOMM\Bluetooth Software\;C:\Program Files\WIDCOMM\Bluetooth Software\syswow64;C:\Program Files\Acer\Remote Files\;C:\Program Files (x86)\Skype\Phone\;C:\Program Files\OpenVPN\bin;C:\WINDOWS\system32;C:\WINDOWS;C:\WINDOWS\System32\Wbem;C:\WINDOWS\System32\WindowsPowerShell\v1.0\;C:\Users\User\AppData\Local\Microsoft\WindowsApps;
USERNAME=User
OS=Windows_NT
PROCESSOR_IDENTIFIER=Intel64 Family 6 Model 69 Stepping 1, GenuineIntel



---------------  S Y S T E M  ---------------

OS: Windows 8.1 , 64 bit Build 9600 

CPU:total 4 (2 cores per cpu, 2 threads per core) family 6 model 69 stepping 1, cmov, cx8, fxsr, mmx, sse, sse2, sse3, ssse3, sse4.1, sse4.2, popcnt, avx, avx2, aes, clmul, erms, lzcnt, ht, tsc, tscinvbit, bmi1, bmi2

Memory: 4k page, physical 8310040k(729256k free), swap 12406040k(5148k free)

vm_info: Java HotSpot(TM) 64-Bit Server VM (25.20-b23) for windows-amd64 JRE (1.8.0_20-b26), built on Jul 30 2014 13:51:23 by "java_re" with MS VC++ 10.0 (VS2010)

time: Wed Nov 02 14:45:11 2016
elapsed time: 35 seconds (0d 0h 0m 35s)

