#
# There is insufficient memory for the Java Runtime Environment to continue.
# Native memory allocation (malloc) failed to allocate 512736 bytes for Chunk::new
# Possible reasons:
#   The system is out of physical RAM or swap space
#   In 32 bit mode, the process size limit was hit
# Possible solutions:
#   Reduce memory load on the system
#   Increase physical memory or swap space
#   Check if swap backing store is full
#   Use 64 bit Java on a 64 bit OS
#   Decrease Java heap size (-Xmx/-Xms)
#   Decrease number of Java threads
#   Decrease Java thread stack sizes (-Xss)
#   Set larger code cache with -XX:ReservedCodeCacheSize=
# This output file may be truncated or incomplete.
#
#  Out of Memory Error (allocation.cpp:390), pid=15800, tid=0x0000000000002b30
#
# JRE version: OpenJDK Runtime Environment (8.0_112-b06) (build 1.8.0_112-release-b06)
# Java VM: OpenJDK 64-Bit Server VM (25.112-b06 mixed mode windows-amd64 )
# Failed to write core dump. Minidumps are not enabled by default on client versions of Windows
#

---------------  T H R E A D  ---------------

Current thread (0x0000000001dc2000):  JavaThread "C2 CompilerThread1" daemon [_thread_in_native, id=11056, stack(0x0000000024c90000,0x0000000024d90000)]

Stack: [0x0000000024c90000,0x0000000024d90000]
[error occurred during error reporting (printing stack bounds), id 0xc0000005]

Native frames: (J=compiled Java code, j=interpreted, Vv=VM code, C=native code)


Current CompileTask:
C2:   3038 1796       4       com.android.dx.ssa.SCCP::simulateBranch (666 bytes)


---------------  P R O C E S S  ---------------

Java Threads: ( => current thread )
  0x000000002518f000 JavaThread "pool-2-thread-4" [_thread_in_Java, id=10836, stack(0x0000000025890000,0x0000000025990000)]
  0x000000002518e000 JavaThread "pool-2-thread-3" [_thread_in_Java, id=6420, stack(0x0000000025790000,0x0000000025890000)]
  0x000000002518d800 JavaThread "pool-2-thread-2" [_thread_in_Java, id=13500, stack(0x0000000025690000,0x0000000025790000)]
  0x0000000025188800 JavaThread "pool-3-thread-1" [_thread_blocked, id=13740, stack(0x0000000025590000,0x0000000025690000)]
  0x0000000025103000 JavaThread "pool-2-thread-1" [_thread_in_Java, id=5340, stack(0x0000000025490000,0x0000000025590000)]
  0x0000000024e93800 JavaThread "Service Thread" daemon [_thread_blocked, id=12096, stack(0x0000000025290000,0x0000000025390000)]
  0x000000000106c800 JavaThread "C1 CompilerThread2" daemon [_thread_blocked, id=14788, stack(0x0000000024d90000,0x0000000024e90000)]
=>0x0000000001dc2000 JavaThread "C2 CompilerThread1" daemon [_thread_in_native, id=11056, stack(0x0000000024c90000,0x0000000024d90000)]
  0x0000000001dbf000 JavaThread "C2 CompilerThread0" daemon [_thread_in_native, id=5136, stack(0x0000000024b90000,0x0000000024c90000)]
  0x0000000001dbe000 JavaThread "Attach Listener" daemon [_thread_blocked, id=12724, stack(0x0000000024a90000,0x0000000024b90000)]
  0x0000000001dbc800 JavaThread "Signal Dispatcher" daemon [_thread_blocked, id=14600, stack(0x0000000024990000,0x0000000024a90000)]
  0x0000000001065800 JavaThread "Finalizer" daemon [_thread_blocked, id=15704, stack(0x00000000247a0000,0x00000000248a0000)]
  0x0000000001062000 JavaThread "Reference Handler" daemon [_thread_blocked, id=15640, stack(0x00000000246a0000,0x00000000247a0000)]
  0x0000000000f70800 JavaThread "main" [_thread_in_Java, id=13924, stack(0x0000000000e50000,0x0000000000f50000)]

Other Threads:
  0x0000000001d84800 VMThread [stack: 0x00000000245a0000,0x00000000246a0000] [id=9888]
  0x0000000024e95000 WatcherThread [stack: 0x0000000025390000,0x0000000025490000] [id=9088]

VM state:not at safepoint (normal execution)

VM Mutex/Monitor currently owned by a thread: None

Heap:
 PSYoungGen      total 138240K, used 42600K [0x00000008d5580000, 0x00000008de180000, 0x0000000d00000000)
  eden space 133120K, 28% used [0x00000008d5580000,0x00000008d7a1c7b8,0x00000008dd780000)
  from space 5120K, 99% used [0x00000008ddc80000,0x00000008de17d950,0x00000008de180000)
  to   space 5120K, 0% used [0x00000008dd780000,0x00000008dd780000,0x00000008ddc80000)
 ParOldGen       total 87552K, used 28625K [0x0000000080000000, 0x0000000085580000, 0x00000008d5580000)
  object space 87552K, 32% used [0x0000000080000000,0x0000000081bf45a8,0x0000000085580000)
 Metaspace       used 6264K, capacity 6728K, committed 6912K, reserved 8192K

Card table byte_map: [0x0000000012400000,0x0000000018810000] byte_map_base: 0x0000000012000000

Marking Bits: (ParMarkBitMap*) 0x00000000559e18f0
 Begin Bits: [0x0000000d00000000, 0x0000000d32000000)
 End Bits:   [0x0000000d32000000, 0x0000000d64000000)

Polling page: 0x0000000000790000

CodeCache: size=245760Kb used=7147Kb max_used=7147Kb free=238612Kb
 bounds [0x0000000003400000, 0x0000000003b00000, 0x0000000012400000]
 total_blobs=2059 nmethods=1790 adapters=181
 compilation: disabled (not enough contiguous free space left)

Compilation events (10 events):
Event: 3.000 Thread 0x000000000106c800 1830       2       java.util.concurrent.ArrayBlockingQueue::checkNotNull (13 bytes)
Event: 3.001 Thread 0x000000000106c800 nmethod 1830 0x0000000003ad6fd0 code [0x0000000003ad7140, 0x0000000003ad7308]
Event: 3.002 Thread 0x000000000106c800 1832       2       com.android.dx.cf.direct.StdAttributeFactory::exceptions (105 bytes)
Event: 3.003 Thread 0x000000000106c800 nmethod 1832 0x0000000003afcf50 code [0x0000000003afd1a0, 0x0000000003afda78]
Event: 3.007 Thread 0x000000000106c800 1833   !   2       com.android.dx.cf.direct.DirectClassFile::parse (75 bytes)
Event: 3.008 Thread 0x000000000106c800 nmethod 1833 0x0000000003afe410 code [0x0000000003afe600, 0x0000000003afec78]
Event: 3.008 Thread 0x000000000106c800 1834       2       com.android.dx.rop.cst.CstNat::equals (48 bytes)
Event: 3.009 Thread 0x000000000106c800 nmethod 1834 0x0000000003aff0d0 code [0x0000000003aff260, 0x0000000003aff598]
Event: 3.009 Thread 0x000000000106c800 1835       2       com.android.dx.dex.file.AnnotationUtils::makeCstArray (57 bytes)
Event: 3.013 Thread 0x000000000106c800 


GC Heap History (8 events):
Event: 1.076 GC heap before
{Heap before GC invocations=1 (full 0):
 PSYoungGen      total 38400K, used 33280K [0x00000008d5580000, 0x00000008d8000000, 0x0000000d00000000)
  eden space 33280K, 100% used [0x00000008d5580000,0x00000008d7600000,0x00000008d7600000)
  from space 5120K, 0% used [0x00000008d7b00000,0x00000008d7b00000,0x00000008d8000000)
  to   space 5120K, 0% used [0x00000008d7600000,0x00000008d7600000,0x00000008d7b00000)
 ParOldGen       total 87552K, used 0K [0x0000000080000000, 0x0000000085580000, 0x00000008d5580000)
  object space 87552K, 0% used [0x0000000080000000,0x0000000080000000,0x0000000085580000)
 Metaspace       used 5810K, capacity 6344K, committed 6400K, reserved 8192K
Event: 1.132 GC heap after
Heap after GC invocations=1 (full 0):
 PSYoungGen      total 38400K, used 5088K [0x00000008d5580000, 0x00000008da080000, 0x0000000d00000000)
  eden space 33280K, 0% used [0x00000008d5580000,0x00000008d5580000,0x00000008d7600000)
  from space 5120K, 99% used [0x00000008d7600000,0x00000008d7af8090,0x00000008d7b00000)
  to   space 5120K, 0% used [0x00000008d9b80000,0x00000008d9b80000,0x00000008da080000)
 ParOldGen       total 87552K, used 1207K [0x0000000080000000, 0x0000000085580000, 0x00000008d5580000)
  object space 87552K, 1% used [0x0000000080000000,0x000000008012dd08,0x0000000085580000)
 Metaspace       used 5810K, capacity 6344K, committed 6400K, reserved 8192K
}
Event: 1.648 GC heap before
{Heap before GC invocations=2 (full 0):
 PSYoungGen      total 38400K, used 38368K [0x00000008d5580000, 0x00000008da080000, 0x0000000d00000000)
  eden space 33280K, 100% used [0x00000008d5580000,0x00000008d7600000,0x00000008d7600000)
  from space 5120K, 99% used [0x00000008d7600000,0x00000008d7af8090,0x00000008d7b00000)
  to   space 5120K, 0% used [0x00000008d9b80000,0x00000008d9b80000,0x00000008da080000)
 ParOldGen       total 87552K, used 1207K [0x0000000080000000, 0x0000000085580000, 0x00000008d5580000)
  object space 87552K, 1% used [0x0000000080000000,0x000000008012dd08,0x0000000085580000)
 Metaspace       used 6045K, capacity 6600K, committed 6656K, reserved 8192K
Event: 1.669 GC heap after
Heap after GC invocations=2 (full 0):
 PSYoungGen      total 71680K, used 5095K [0x00000008d5580000, 0x00000008da080000, 0x0000000d00000000)
  eden space 66560K, 0% used [0x00000008d5580000,0x00000008d5580000,0x00000008d9680000)
  from space 5120K, 99% used [0x00000008d9b80000,0x00000008da079c70,0x00000008da080000)
  to   space 5120K, 0% used [0x00000008d9680000,0x00000008d9680000,0x00000008d9b80000)
 ParOldGen       total 87552K, used 5911K [0x0000000080000000, 0x0000000085580000, 0x00000008d5580000)
  object space 87552K, 6% used [0x0000000080000000,0x00000000805c5e48,0x0000000085580000)
 Metaspace       used 6045K, capacity 6600K, committed 6656K, reserved 8192K
}
Event: 2.394 GC heap before
{Heap before GC invocations=3 (full 0):
 PSYoungGen      total 71680K, used 71655K [0x00000008d5580000, 0x00000008da080000, 0x0000000d00000000)
  eden space 66560K, 100% used [0x00000008d5580000,0x00000008d9680000,0x00000008d9680000)
  from space 5120K, 99% used [0x00000008d9b80000,0x00000008da079c70,0x00000008da080000)
  to   space 5120K, 0% used [0x00000008d9680000,0x00000008d9680000,0x00000008d9b80000)
 ParOldGen       total 87552K, used 5911K [0x0000000080000000, 0x0000000085580000, 0x00000008d5580000)
  object space 87552K, 6% used [0x0000000080000000,0x00000000805c5e48,0x0000000085580000)
 Metaspace       used 6193K, capacity 6664K, committed 6912K, reserved 8192K
Event: 2.419 GC heap after
Heap after GC invocations=3 (full 0):
 PSYoungGen      total 71680K, used 5104K [0x00000008d5580000, 0x00000008de180000, 0x0000000d00000000)
  eden space 66560K, 0% used [0x00000008d5580000,0x00000008d5580000,0x00000008d9680000)
  from space 5120K, 99% used [0x00000008d9680000,0x00000008d9b7c030,0x00000008d9b80000)
  to   space 5120K, 0% used [0x00000008ddc80000,0x00000008ddc80000,0x00000008de180000)
 ParOldGen       total 87552K, used 15330K [0x0000000080000000, 0x0000000085580000, 0x00000008d5580000)
  object space 87552K, 17% used [0x0000000080000000,0x0000000080ef8a60,0x0000000085580000)
 Metaspace       used 6193K, capacity 6664K, committed 6912K, reserved 8192K
}
Event: 2.867 GC heap before
{Heap before GC invocations=4 (full 0):
 PSYoungGen      total 71680K, used 71664K [0x00000008d5580000, 0x00000008de180000, 0x0000000d00000000)
  eden space 66560K, 100% used [0x00000008d5580000,0x00000008d9680000,0x00000008d9680000)
  from space 5120K, 99% used [0x00000008d9680000,0x00000008d9b7c030,0x00000008d9b80000)
  to   space 5120K, 0% used [0x00000008ddc80000,0x00000008ddc80000,0x00000008de180000)
 ParOldGen       total 87552K, used 15330K [0x0000000080000000, 0x0000000085580000, 0x00000008d5580000)
  object space 87552K, 17% used [0x0000000080000000,0x0000000080ef8a60,0x0000000085580000)
 Metaspace       used 6240K, capacity 6728K, committed 6912K, reserved 8192K
Event: 2.900 GC heap after
Heap after GC invocations=4 (full 0):
 PSYoungGen      total 138240K, used 5110K [0x00000008d5580000, 0x00000008de180000, 0x0000000d00000000)
  eden space 133120K, 0% used [0x00000008d5580000,0x00000008d5580000,0x00000008dd780000)
  from space 5120K, 99% used [0x00000008ddc80000,0x00000008de17d950,0x00000008de180000)
  to   space 5120K, 0% used [0x00000008dd780000,0x00000008dd780000,0x00000008ddc80000)
 ParOldGen       total 87552K, used 28625K [0x0000000080000000, 0x0000000085580000, 0x00000008d5580000)
  object space 87552K, 32% used [0x0000000080000000,0x0000000081bf45a8,0x0000000085580000)
 Metaspace       used 6240K, capacity 6728K, committed 6912K, reserved 8192K
}

Deoptimization events (10 events):
Event: 1.783 Thread 0x000000002518f000 Uncommon trap: reason=bimorphic action=maybe_recompile pc=0x0000000003656b2c method=java.util.HashMap.getNode(ILjava/lang/Object;)Ljava/util/HashMap$Node; @ 126
Event: 1.945 Thread 0x0000000025103000 Uncommon trap: reason=unstable_if action=reinterpret pc=0x0000000003832614 method=com.android.dx.ssa.SCCP.simulateStmt(Lcom/android/dx/ssa/SsaInsn;)V @ 53
Event: 1.954 Thread 0x000000002518d800 Uncommon trap: reason=unstable_if action=reinterpret pc=0x00000000039d7d10 method=com.android.dx.ssa.SCCP.simulateBranch(Lcom/android/dx/ssa/SsaInsn;)V @ 548
Event: 1.966 Thread 0x000000002518d800 Uncommon trap: reason=bimorphic action=maybe_recompile pc=0x00000000038fe4fc method=com.android.dx.cf.code.BytecodeArray.parseInstruction(ILcom/android/dx/cf/code/BytecodeArray$Visitor;)I @ 1501
Event: 1.966 Thread 0x000000002518d800 Uncommon trap: reason=bimorphic action=maybe_recompile pc=0x00000000038fe4fc method=com.android.dx.cf.code.BytecodeArray.parseInstruction(ILcom/android/dx/cf/code/BytecodeArray$Visitor;)I @ 1501
Event: 2.050 Thread 0x000000002518e000 Uncommon trap: reason=bimorphic action=maybe_recompile pc=0x0000000003900a98 method=com.android.dx.cf.code.BytecodeArray.parseInstruction(ILcom/android/dx/cf/code/BytecodeArray$Visitor;)I @ 907
Event: 2.050 Thread 0x000000002518e000 Uncommon trap: reason=bimorphic action=maybe_recompile pc=0x0000000003900a98 method=com.android.dx.cf.code.BytecodeArray.parseInstruction(ILcom/android/dx/cf/code/BytecodeArray$Visitor;)I @ 907
Event: 2.540 Thread 0x000000002518e000 Uncommon trap: reason=unstable_if action=reinterpret pc=0x00000000039d505c method=com.android.dx.ssa.MoveParamCombiner$1.visitNonMoveInsn(Lcom/android/dx/ssa/NormalSsaInsn;)V @ 27
Event: 2.933 Thread 0x0000000025103000 Uncommon trap: reason=unstable_if action=reinterpret pc=0x00000000037c8580 method=java.util.HashMap.putVal(ILjava/lang/Object;Ljava/lang/Object;ZZ)Ljava/lang/Object; @ 94
Event: 2.966 Thread 0x000000002518e000 Uncommon trap: reason=uninitialized action=reinterpret pc=0x0000000003ab7cdc method=com.android.dx.cf.code.BytecodeArray.parseInstruction(ILcom/android/dx/cf/code/BytecodeArray$Visitor;)I @ 1079

Internal exceptions (2 events):
Event: 0.065 Thread 0x0000000000f70800 Exception <a 'java/lang/NoSuchMethodError': Method sun.misc.Unsafe.defineClass(Ljava/lang/String;[BII)Ljava/lang/Class; name or signature does not match> (0x00000008d558b8b8) thrown at [C:\src\android\AOSP-openjdk\external\jetbrains\jdk\hotspot\src\share\v¦Ì§ò“°?
Event: 0.065 Thread 0x0000000000f70800 Exception <a 'java/lang/NoSuchMethodError': Method sun.misc.Unsafe.prefetchRead(Ljava/lang/Object;J)V name or signature does not match> (0x00000008d558bc80) thrown at [C:\src\android\AOSP-openjdk\external\jetbrains\jdk\hotspot\src\share\vm\prims\jni.cpp, l

Events (10 events):
Event: 2.933 Thread 0x0000000025103000 DEOPT UNPACKING pc=0x000000000344556a sp=0x000000002558e620 mode 2
Event: 2.935 Thread 0x000000002518f000 DEOPT PACKING pc=0x00000000036f0d34 sp=0x000000002598ec80
Event: 2.935 Thread 0x000000002518f000 DEOPT UNPACKING pc=0x00000000034475bf sp=0x000000002598e998 mode 0
Event: 2.942 Thread 0x0000000025103000 DEOPT PACKING pc=0x00000000039b2aa3 sp=0x000000002558e8e0
Event: 2.942 Thread 0x0000000025103000 DEOPT UNPACKING pc=0x00000000034475bf sp=0x000000002558e630 mode 0
Event: 2.966 Thread 0x000000002518e000 Uncommon trap: trap_request=0xffffffb5 fr.pc=0x0000000003ab7cdc
Event: 2.966 Thread 0x000000002518e000 DEOPT PACKING pc=0x0000000003ab7cdc sp=0x000000002588ea20
Event: 2.966 Thread 0x000000002518e000 DEOPT UNPACKING pc=0x000000000344556a sp=0x000000002588e9e0 mode 2
Event: 3.032 Thread 0x000000002518f000 DEOPT PACKING pc=0x00000000036f0d34 sp=0x000000002598ec80
Event: 3.032 Thread 0x000000002518f000 DEOPT UNPACKING pc=0x00000000034475bf sp=0x000000002598e998 mode 0


Dynamic libraries:
0x00007ff6142d0000 - 0x00007ff614301000 	C:\Program Files\Android\Android Studio\jre\bin\java.exe
0x00007ff8d89a0000 - 0x00007ff8d8b71000 	C:\WINDOWS\SYSTEM32\ntdll.dll
0x00007ff8d6040000 - 0x00007ff8d60ec000 	C:\WINDOWS\System32\KERNEL32.DLL
0x00007ff8d5480000 - 0x00007ff8d569d000 	C:\WINDOWS\System32\KERNELBASE.dll
0x00007ff8d8200000 - 0x00007ff8d82a2000 	C:\WINDOWS\System32\ADVAPI32.dll
0x00007ff8d8370000 - 0x00007ff8d840e000 	C:\WINDOWS\System32\msvcrt.dll
0x00007ff8d8510000 - 0x00007ff8d8569000 	C:\WINDOWS\System32\sechost.dll
0x00007ff8d60f0000 - 0x00007ff8d6211000 	C:\WINDOWS\System32\RPCRT4.dll
0x00007ff8d6250000 - 0x00007ff8d63b5000 	C:\WINDOWS\System32\USER32.dll
0x00007ff8d50d0000 - 0x00007ff8d50ee000 	C:\WINDOWS\System32\win32u.dll
0x00007ff8d82c0000 - 0x00007ff8d82f4000 	C:\WINDOWS\System32\GDI32.dll
0x00007ff8d4f50000 - 0x00007ff8d50d0000 	C:\WINDOWS\System32\gdi32full.dll
0x00007ff8c92b0000 - 0x00007ff8c952a000 	C:\WINDOWS\WinSxS\amd64_microsoft.windows.common-controls_6595b64144ccf1df_6.0.14393.953_none_42151e83c686086b\COMCTL32.dll
0x00007ff8d7ed0000 - 0x00007ff8d8198000 	C:\WINDOWS\System32\combase.dll
0x00007ff8d5380000 - 0x00007ff8d5475000 	C:\WINDOWS\System32\ucrtbase.dll
0x00007ff8d50f0000 - 0x00007ff8d515a000 	C:\WINDOWS\System32\bcryptPrimitives.dll
0x00007ff8d6220000 - 0x00007ff8d624e000 	C:\WINDOWS\System32\IMM32.DLL
0x0000000054e70000 - 0x0000000054f42000 	C:\Program Files\Android\Android Studio\jre\jre\bin\msvcr100.dll
0x0000000055220000 - 0x0000000055a5c000 	C:\Program Files\Android\Android Studio\jre\jre\bin\server\jvm.dll
0x00007ff8d7ec0000 - 0x00007ff8d7ec8000 	C:\WINDOWS\System32\PSAPI.DLL
0x00007ff8ce090000 - 0x00007ff8ce099000 	C:\WINDOWS\SYSTEM32\WSOCK32.dll
0x00007ff8d2fb0000 - 0x00007ff8d2fd3000 	C:\WINDOWS\SYSTEM32\WINMM.dll
0x00007ff8d5fd0000 - 0x00007ff8d603a000 	C:\WINDOWS\System32\WS2_32.dll
0x00007ff8c8fd0000 - 0x00007ff8c8fda000 	C:\WINDOWS\SYSTEM32\VERSION.dll
0x00007ff8d2d80000 - 0x00007ff8d2dab000 	C:\WINDOWS\SYSTEM32\WINMMBASE.dll
0x00007ff8d5160000 - 0x00007ff8d51a2000 	C:\WINDOWS\System32\cfgmgr32.dll
0x00007ff8c9ee0000 - 0x00007ff8c9eef000 	C:\Program Files\Android\Android Studio\jre\jre\bin\verify.dll
0x00007ff8bc6f0000 - 0x00007ff8bc719000 	C:\Program Files\Android\Android Studio\jre\jre\bin\java.dll
0x00007ff8b5a50000 - 0x00007ff8b5a66000 	C:\Program Files\Android\Android Studio\jre\jre\bin\zip.dll
0x00007ff8d68f0000 - 0x00007ff8d7df8000 	C:\WINDOWS\System32\SHELL32.dll
0x00007ff8d5850000 - 0x00007ff8d5f2a000 	C:\WINDOWS\System32\windows.storage.dll
0x00007ff8d4e50000 - 0x00007ff8d4e9c000 	C:\WINDOWS\System32\powrprof.dll
0x00007ff8d81a0000 - 0x00007ff8d81f2000 	C:\WINDOWS\System32\shlwapi.dll
0x00007ff8d4e20000 - 0x00007ff8d4e2f000 	C:\WINDOWS\System32\kernel.appcore.dll
0x00007ff8d5700000 - 0x00007ff8d57a9000 	C:\WINDOWS\System32\shcore.dll
0x00007ff8d4e30000 - 0x00007ff8d4e44000 	C:\WINDOWS\System32\profapi.dll

VM Arguments:
jvm_args: -Djava.awt.headless=true -Xmx50g -Dfile.encoding=windows-1251 -Duser.country=RU -Duser.language=ru -Duser.variant 
java_command: com.android.dx.command.Main --dex --num-threads=4 --multi-dex --output C:\Users\User\Documents\GitHub\iCRM\iCRM\app\build\intermediates\transforms\dex\debug\folders\1000\10\classes_05026be2648ce9bb2c3522c3be9379b36590b234 C:\Users\User\.android\build-cache\cd78214d6cea9075d1fe86e35efeeeba1f336bc9\output\jars\classes.jar
java_class_path (initial): C:\Users\User\AppData\Local\Android\sdk\build-tools\25.0.2\lib\dx.jar
Launcher Type: SUN_STANDARD

Environment Variables:
PATH=C:\ProgramData\Oracle\Java\javapath;C:\Program Files\Broadcom\Broadcom 802.11 Network Adapter;C:\Program Files (x86)\NVIDIA Corporation\PhysX\Common;C:\Program Files (x86)\Intel\iCLS Client\;C:\Program Files\Intel\iCLS Client\;C:\Windows\system32;C:\Windows;C:\Windows\System32\Wbem;C:\Windows\System32\WindowsPowerShell\v1.0\;C:\Program Files\Intel\Intel(R) Management Engine Components\DAL;C:\Program Files\Intel\Intel(R) Management Engine Components\IPT;C:\Program Files (x86)\Intel\Intel(R) Management Engine Components\DAL;C:\Program Files (x86)\Intel\Intel(R) Management Engine Components\IPT;C:\Program Files\WIDCOMM\Bluetooth Software\;C:\Program Files\WIDCOMM\Bluetooth Software\syswow64;C:\Program Files\Acer\Remote Files\;C:\Program Files\OpenVPN\bin;C:\WINDOWS\system32;C:\WINDOWS;C:\WINDOWS\System32\Wbem;C:\WINDOWS\System32\WindowsPowerShell\v1.0\;C:\Users\User\AppData\Local\Microsoft\WindowsApps;
USERNAME=User
OS=Windows_NT
PROCESSOR_IDENTIFIER=Intel64 Family 6 Model 69 Stepping 1, GenuineIntel



---------------  S Y S T E M  ---------------

OS: Windows 10.0 , 64 bit Build 14393 (10.0.14393.1198)

CPU:total 4 (2 cores per cpu, 2 threads per core) family 6 model 69 stepping 1, cmov, cx8, fxsr, mmx, sse, sse2, sse3, ssse3, sse4.1, sse4.2, popcnt, avx, avx2, aes, clmul, erms, lzcnt, ht, tsc, tscinvbit, bmi1, bmi2

Memory: 4k page, physical 8310040k(1823316k free), swap 12406040k(3168k free)

vm_info: OpenJDK 64-Bit Server VM (25.112-b06) for windows-amd64 JRE (1.8.0_112-release-b06), built on Dec  8 2016 00:54:26 by "builder" with MS VC++ 10.0 (VS2010)

time: Tue Jun 20 11:16:02 2017
elapsed time: 3 seconds (0d 0h 0m 3s)

