#
# There is insufficient memory for the Java Runtime Environment to continue.
# Native memory allocation (malloc) failed to allocate 1796656 bytes for Chunk::new
# Possible reasons:
#   The system is out of physical RAM or swap space
#   In 32 bit mode, the process size limit was hit
# Possible solutions:
#   Reduce memory load on the system
#   Increase physical memory or swap space
#   Check if swap backing store is full
#   Use 64 bit Java on a 64 bit OS
#   Decrease Java heap size (-Xmx/-Xms)
#   Decrease number of Java threads
#   Decrease Java thread stack sizes (-Xss)
#   Set larger code cache with -XX:ReservedCodeCacheSize=
# This output file may be truncated or incomplete.
#
#  Out of Memory Error (allocation.cpp:390), pid=13220, tid=12988
#
# JRE version: Java(TM) SE Runtime Environment (8.0_20-b26) (build 1.8.0_20-b26)
# Java VM: Java HotSpot(TM) 64-Bit Server VM (25.20-b23 mixed mode windows-amd64 )
# Failed to write core dump. Minidumps are not enabled by default on client versions of Windows
#

---------------  T H R E A D  ---------------

Current thread (0x0000000023d4e800):  JavaThread "C2 CompilerThread1" daemon [_thread_in_native, id=12988, stack(0x00000000253a0000,0x00000000254a0000)]

Stack: [0x00000000253a0000,0x00000000254a0000]
Native frames: (J=compiled Java code, j=interpreted, Vv=VM code, C=native code)
V  [jvm.dll+0x3152fa]
V  [jvm.dll+0x265d03]
V  [jvm.dll+0x266943]
V  [jvm.dll+0x25e265]
V  [jvm.dll+0xbe255]
V  [jvm.dll+0xbe6fc]
V  [jvm.dll+0x45c472]
V  [jvm.dll+0x49d76f]
V  [jvm.dll+0x451911]
V  [jvm.dll+0x452634]
V  [jvm.dll+0x435fc2]
V  [jvm.dll+0x97b62]
V  [jvm.dll+0x98353]
V  [jvm.dll+0x22aac4]
V  [jvm.dll+0x283f5a]
C  [msvcr100.dll+0x21d9f]
C  [msvcr100.dll+0x21e3b]
C  [KERNEL32.DLL+0x8364]
C  [ntdll.dll+0x65e91]


Current CompileTask:
C2:  28219 2848   !   4       com.android.dx.dex.cf.CfTranslator::processMethods (583 bytes)


---------------  P R O C E S S  ---------------

Java Threads: ( => current thread )
  0x0000000025d82800 JavaThread "pool-2-thread-4" [_thread_in_Java, id=1644, stack(0x0000000027770000,0x0000000027870000)]
  0x0000000025e01800 JavaThread "pool-2-thread-3" [_thread_in_Java, id=5460, stack(0x0000000027670000,0x0000000027770000)]
  0x0000000025d41000 JavaThread "pool-2-thread-2" [_thread_in_Java, id=9480, stack(0x0000000027570000,0x0000000027670000)]
  0x0000000025e25800 JavaThread "pool-3-thread-1" [_thread_blocked, id=8996, stack(0x0000000027470000,0x0000000027570000)]
  0x0000000025e24800 JavaThread "pool-2-thread-1" [_thread_in_Java, id=12128, stack(0x0000000027370000,0x0000000027470000)]
  0x0000000023dae800 JavaThread "Service Thread" daemon [_thread_blocked, id=11332, stack(0x00000000259a0000,0x0000000025aa0000)]
  0x0000000023d67800 JavaThread "C1 CompilerThread2" daemon [_thread_blocked, id=9972, stack(0x00000000254a0000,0x00000000255a0000)]
=>0x0000000023d4e800 JavaThread "C2 CompilerThread1" daemon [_thread_in_native, id=12988, stack(0x00000000253a0000,0x00000000254a0000)]
  0x0000000023d4c000 JavaThread "C2 CompilerThread0" daemon [_thread_in_native, id=8176, stack(0x00000000252a0000,0x00000000253a0000)]
  0x0000000023d4a800 JavaThread "Attach Listener" daemon [_thread_blocked, id=2464, stack(0x00000000251a0000,0x00000000252a0000)]
  0x0000000023d49800 JavaThread "Signal Dispatcher" daemon [_thread_blocked, id=7984, stack(0x00000000250a0000,0x00000000251a0000)]
  0x0000000001886000 JavaThread "Finalizer" daemon [_thread_blocked, id=6260, stack(0x0000000024fa0000,0x00000000250a0000)]
  0x000000000187d000 JavaThread "Reference Handler" daemon [_thread_blocked, id=8216, stack(0x0000000024ea0000,0x0000000024fa0000)]
  0x0000000001792800 JavaThread "main" [_thread_in_Java, id=7640, stack(0x0000000001690000,0x0000000001790000)]

Other Threads:
  0x0000000023d15800 VMThread [stack: 0x0000000024da0000,0x0000000024ea0000] [id=10976]
  0x00000000255d3800 WatcherThread [stack: 0x0000000025aa0000,0x0000000025ba0000] [id=6832]

VM state:not at safepoint (normal execution)

VM Mutex/Monitor currently owned by a thread: None

Heap:
 PSYoungGen      total 1004544K, used 887919K [0x00000008d5580000, 0x000000092f600000, 0x0000000d00000000)
  eden space 755200K, 85% used [0x00000008d5580000,0x00000008fc9acaa0,0x0000000903700000)
  from space 249344K, 98% used [0x0000000903700000,0x00000009125ef2f8,0x0000000912a80000)
  to   space 290816K, 0% used [0x000000091da00000,0x000000091da00000,0x000000092f600000)
 ParOldGen       total 781824K, used 498988K [0x0000000080000000, 0x00000000afb80000, 0x00000008d5580000)
  object space 781824K, 63% used [0x0000000080000000,0x000000009e74b320,0x00000000afb80000)
 Metaspace       used 6604K, capacity 6920K, committed 7168K, reserved 8192K

Card table byte_map: [0x0000000012400000,0x0000000018810000] byte_map_base: 0x0000000012000000

Marking Bits: (ParMarkBitMap*) 0x0000000053deb460
 Begin Bits: [0x0000000d00000000, 0x0000000d32000000)
 End Bits:   [0x0000000d32000000, 0x0000000d64000000)

Polling page: 0x0000000001610000

CodeCache: size=245760Kb used=10340Kb max_used=14583Kb free=235419Kb
 bounds [0x0000000003400000, 0x0000000004250000, 0x0000000012400000]
 total_blobs=2522 nmethods=2256 adapters=179
 compilation: enabled

Compilation events (10 events):
Event: 27.479 Thread 0x0000000023d4c000 2861       4       com.android.dx.rop.code.ThrowingInsn::accept (8 bytes)
Event: 27.480 Thread 0x0000000023d4c000 nmethod 2861 0x0000000003bcd910 code [0x0000000003bcda40, 0x0000000003bcdab8]
Event: 27.487 Thread 0x0000000023d67800 2862       3       java.util.concurrent.locks.AbstractQueuedSynchronizer$ConditionObject::doSignal (43 bytes)
Event: 27.488 Thread 0x0000000023d67800 nmethod 2862 0x0000000003600950 code [0x0000000003600ac0, 0x0000000003600e48]
Event: 27.493 Thread 0x0000000023d67800 2863       1       com.android.dx.rop.cst.StdConstantPool::size (6 bytes)
Event: 27.493 Thread 0x0000000023d67800 nmethod 2863 0x00000000038c6810 code [0x00000000038c6960, 0x00000000038c6a70]
Event: 27.497 Thread 0x0000000023d4c000 2864       4       com.android.dx.ssa.InterferenceRegisterMapper::areAnyPinned (81 bytes)
Event: 27.504 Thread 0x0000000023d4c000 nmethod 2864 0x0000000003967650 code [0x00000000039677a0, 0x0000000003967b58]
Event: 27.576 Thread 0x0000000023d67800 2865       3       java.io.FilterInputStream::read (9 bytes)
Event: 27.576 Thread 0x0000000023d67800 nmethod 2865 0x00000000036fc290 code [0x00000000036fc400, 0x00000000036fc628]

GC Heap History (10 events):
Event: 14.909 GC heap before
{Heap before GC invocations=15 (full 3):
 PSYoungGen      total 813056K, used 153039K [0x00000008d5580000, 0x0000000915f80000, 0x0000000d00000000)
  eden space 659456K, 0% used [0x00000008d5580000,0x00000008d5580000,0x00000008fd980000)
  from space 153600K, 99% used [0x0000000908a00000,0x0000000911f73d18,0x0000000912000000)
  to   space 180736K, 0% used [0x00000008fd980000,0x00000008fd980000,0x0000000908a00000)
 ParOldGen       total 304640K, used 279530K [0x0000000080000000, 0x0000000092980000, 0x00000008d5580000)
  object space 304640K, 91% used [0x0000000080000000,0x00000000910fa988,0x0000000092980000)
 Metaspace       used 6586K, capacity 6920K, committed 7168K, reserved 8192K
Event: 17.408 GC heap after
Heap after GC invocations=15 (full 3):
 PSYoungGen      total 813056K, used 117465K [0x00000008d5580000, 0x0000000915f80000, 0x0000000d00000000)
  eden space 659456K, 0% used [0x00000008d5580000,0x00000008d5580000,0x00000008fd980000)
  from space 153600K, 76% used [0x0000000908a00000,0x000000090fcb67c0,0x0000000912000000)
  to   space 180736K, 0% used [0x00000008fd980000,0x00000008fd980000,0x0000000908a00000)
 ParOldGen       total 499200K, used 304305K [0x0000000080000000, 0x000000009e780000, 0x00000008d5580000)
  object space 499200K, 60% used [0x0000000080000000,0x000000009292c430,0x000000009e780000)
 Metaspace       used 6586K, capacity 6920K, committed 7168K, reserved 8192K
}
Event: 19.626 GC heap before
{Heap before GC invocations=16 (full 3):
 PSYoungGen      total 813056K, used 776921K [0x00000008d5580000, 0x0000000915f80000, 0x0000000d00000000)
  eden space 659456K, 100% used [0x00000008d5580000,0x00000008fd980000,0x00000008fd980000)
  from space 153600K, 76% used [0x0000000908a00000,0x000000090fcb67c0,0x0000000912000000)
  to   space 180736K, 0% used [0x00000008fd980000,0x00000008fd980000,0x0000000908a00000)
 ParOldGen       total 499200K, used 304305K [0x0000000080000000, 0x000000009e780000, 0x00000008d5580000)
  object space 499200K, 60% used [0x0000000080000000,0x000000009292c430,0x000000009e780000)
 Metaspace       used 6590K, capacity 6920K, committed 7168K, reserved 8192K
Event: 20.040 GC heap after
Heap after GC invocations=16 (full 3):
 PSYoungGen      total 840192K, used 180725K [0x00000008d5580000, 0x0000000920880000, 0x0000000d00000000)
  eden space 659456K, 0% used [0x00000008d5580000,0x00000008d5580000,0x00000008fd980000)
  from space 180736K, 99% used [0x00000008fd980000,0x00000009089fd768,0x0000000908a00000)
  to   space 227328K, 0% used [0x0000000912a80000,0x0000000912a80000,0x0000000920880000)
 ParOldGen       total 499200K, used 345022K [0x0000000080000000, 0x000000009e780000, 0x00000008d5580000)
  object space 499200K, 69% used [0x0000000080000000,0x00000000950ef900,0x000000009e780000)
 Metaspace       used 6590K, capacity 6920K, committed 7168K, reserved 8192K
}
Event: 21.974 GC heap before
{Heap before GC invocations=17 (full 3):
 PSYoungGen      total 840192K, used 840181K [0x00000008d5580000, 0x0000000920880000, 0x0000000d00000000)
  eden space 659456K, 100% used [0x00000008d5580000,0x00000008fd980000,0x00000008fd980000)
  from space 180736K, 99% used [0x00000008fd980000,0x00000009089fd768,0x0000000908a00000)
  to   space 227328K, 0% used [0x0000000912a80000,0x0000000912a80000,0x0000000920880000)
 ParOldGen       total 499200K, used 345022K [0x0000000080000000, 0x000000009e780000, 0x00000008d5580000)
  object space 499200K, 69% used [0x0000000080000000,0x00000000950ef900,0x000000009e780000)
 Metaspace       used 6593K, capacity 6920K, committed 7168K, reserved 8192K
Event: 22.360 GC heap after
Heap after GC invocations=17 (full 3):
 PSYoungGen      total 982528K, used 177804K [0x00000008d5580000, 0x0000000924300000, 0x0000000d00000000)
  eden space 755200K, 0% used [0x00000008d5580000,0x00000008d5580000,0x0000000903700000)
  from space 227328K, 78% used [0x0000000912a80000,0x000000091d8233c0,0x0000000920880000)
  to   space 249344K, 0% used [0x0000000903700000,0x0000000903700000,0x0000000912a80000)
 ParOldGen       total 499200K, used 455426K [0x0000000080000000, 0x000000009e780000, 0x00000008d5580000)
  object space 499200K, 91% used [0x0000000080000000,0x000000009bcc0ae0,0x000000009e780000)
 Metaspace       used 6593K, capacity 6920K, committed 7168K, reserved 8192K
}
Event: 22.360 GC heap before
{Heap before GC invocations=18 (full 4):
 PSYoungGen      total 982528K, used 177804K [0x00000008d5580000, 0x0000000924300000, 0x0000000d00000000)
  eden space 755200K, 0% used [0x00000008d5580000,0x00000008d5580000,0x0000000903700000)
  from space 227328K, 78% used [0x0000000912a80000,0x000000091d8233c0,0x0000000920880000)
  to   space 249344K, 0% used [0x0000000903700000,0x0000000903700000,0x0000000912a80000)
 ParOldGen       total 499200K, used 455426K [0x0000000080000000, 0x000000009e780000, 0x00000008d5580000)
  object space 499200K, 91% used [0x0000000080000000,0x000000009bcc0ae0,0x000000009e780000)
 Metaspace       used 6593K, capacity 6920K, committed 7168K, reserved 8192K
Event: 24.490 GC heap after
Heap after GC invocations=18 (full 4):
 PSYoungGen      total 982528K, used 125797K [0x00000008d5580000, 0x0000000924300000, 0x0000000d00000000)
  eden space 755200K, 0% used [0x00000008d5580000,0x00000008d5580000,0x0000000903700000)
  from space 227328K, 55% used [0x0000000912a80000,0x000000091a559788,0x0000000920880000)
  to   space 249344K, 0% used [0x0000000903700000,0x0000000903700000,0x0000000912a80000)
 ParOldGen       total 781824K, used 498988K [0x0000000080000000, 0x00000000afb80000, 0x00000008d5580000)
  object space 781824K, 63% used [0x0000000080000000,0x000000009e74b320,0x00000000afb80000)
 Metaspace       used 6593K, capacity 6920K, committed 7168K, reserved 8192K
}
Event: 26.586 GC heap before
{Heap before GC invocations=19 (full 4):
 PSYoungGen      total 982528K, used 880997K [0x00000008d5580000, 0x0000000924300000, 0x0000000d00000000)
  eden space 755200K, 100% used [0x00000008d5580000,0x0000000903700000,0x0000000903700000)
  from space 227328K, 55% used [0x0000000912a80000,0x000000091a559788,0x0000000920880000)
  to   space 249344K, 0% used [0x0000000903700000,0x0000000903700000,0x0000000912a80000)
 ParOldGen       total 781824K, used 498988K [0x0000000080000000, 0x00000000afb80000, 0x00000008d5580000)
  object space 781824K, 63% used [0x0000000080000000,0x000000009e74b320,0x00000000afb80000)
 Metaspace       used 6604K, capacity 6920K, committed 7168K, reserved 8192K
Event: 26.986 GC heap after
Heap after GC invocations=19 (full 4):
 PSYoungGen      total 1004544K, used 244668K [0x00000008d5580000, 0x000000092f600000, 0x0000000d00000000)
  eden space 755200K, 0% used [0x00000008d5580000,0x00000008d5580000,0x0000000903700000)
  from space 249344K, 98% used [0x0000000903700000,0x00000009125ef2f8,0x0000000912a80000)
  to   space 290816K, 0% used [0x000000091da00000,0x000000091da00000,0x000000092f600000)
 ParOldGen       total 781824K, used 498988K [0x0000000080000000, 0x00000000afb80000, 0x00000008d5580000)
  object space 781824K, 63% used [0x0000000080000000,0x000000009e74b320,0x00000000afb80000)
 Metaspace       used 6604K, capacity 6920K, committed 7168K, reserved 8192K
}

Deoptimization events (10 events):
Event: 25.856 Thread 0x0000000025e01800 Uncommon trap: reason=class_check action=maybe_recompile pc=0x0000000003c7d8c8 method=com.android.dx.ssa.DomFront.calcDomFronts()V @ 101
Event: 25.857 Thread 0x0000000025e01800 Uncommon trap: reason=class_check action=maybe_recompile pc=0x0000000003c5659c method=com.android.dx.ssa.DomFront.calcDomFronts()V @ 101
Event: 25.857 Thread 0x0000000025e01800 Uncommon trap: reason=class_check action=maybe_recompile pc=0x0000000003c5659c method=com.android.dx.ssa.DomFront.calcDomFronts()V @ 101
Event: 25.858 Thread 0x0000000025e01800 Uncommon trap: reason=class_check action=maybe_recompile pc=0x0000000003c5659c method=com.android.dx.ssa.DomFront.calcDomFronts()V @ 101
Event: 25.862 Thread 0x0000000025e01800 Uncommon trap: reason=class_check action=maybe_recompile pc=0x0000000003e1f188 method=com.android.dx.ssa.SsaConverter.placePhiFunctions(Lcom/android/dx/ssa/SsaMethod;Lcom/android/dx/ssa/LocalVariableInfo;I)V @ 257
Event: 25.940 Thread 0x0000000025d82800 Uncommon trap: reason=class_check action=maybe_recompile pc=0x00000000037c9da4 method=java.util.HashMap.putVal(ILjava/lang/Object;Ljava/lang/Object;ZZ)Ljava/lang/Object; @ 203
Event: 27.021 Thread 0x0000000025e24800 Uncommon trap: reason=class_check action=maybe_recompile pc=0x00000000037d1ea8 method=com.android.dx.rop.cst.CstLiteral64.equals(Ljava/lang/Object;)Z @ 20
Event: 27.021 Thread 0x0000000025e24800 Uncommon trap: reason=class_check action=maybe_recompile pc=0x00000000037d1ea8 method=com.android.dx.rop.cst.CstLiteral64.equals(Ljava/lang/Object;)Z @ 20
Event: 27.022 Thread 0x0000000025e24800 Uncommon trap: reason=class_check action=maybe_recompile pc=0x00000000037d1ea8 method=com.android.dx.rop.cst.CstLiteral64.equals(Ljava/lang/Object;)Z @ 20
Event: 27.022 Thread 0x0000000025e24800 Uncommon trap: reason=class_check action=maybe_recompile pc=0x00000000037d1ea8 method=com.android.dx.rop.cst.CstLiteral64.equals(Ljava/lang/Object;)Z @ 20

Internal exceptions (10 events):
Event: 5.573 Thread 0x0000000001792800 Implicit null exception at 0x0000000003c9e108 to 0x0000000003ca5a01
Event: 11.358 Thread 0x0000000001792800 Exception <a 'java/security/PrivilegedActionException'> (0x00000008d57efcd0) thrown at [D:\re\workspace\8-2-build-windows-amd64-cygwin\jdk8u20\1074\hotspot\src\share\vm\prims\jvm.cpp, line 1275]
Event: 11.361 Thread 0x0000000001792800 Implicit null exception at 0x00000000035dc968 to 0x00000000035dcf59
Event: 12.529 Thread 0x0000000025d82800 Exception <a 'java/security/PrivilegedActionException'> (0x00000008f3a30698) thrown at [D:\re\workspace\8-2-build-windows-amd64-cygwin\jdk8u20\1074\hotspot\src\share\vm\prims\jvm.cpp, line 1275]
Event: 13.192 Thread 0x0000000025d82800 Implicit null exception at 0x0000000003f4b35d to 0x0000000003f4c131
Event: 14.402 Thread 0x0000000001792800 Exception <a 'java/security/PrivilegedActionException'> (0x00000008f1bd7740) thrown at [D:\re\workspace\8-2-build-windows-amd64-cygwin\jdk8u20\1074\hotspot\src\share\vm\prims\jvm.cpp, line 1275]
Event: 17.454 Thread 0x0000000025d41000 Exception <a 'java/security/PrivilegedActionException'> (0x00000008d61629d8) thrown at [D:\re\workspace\8-2-build-windows-amd64-cygwin\jdk8u20\1074\hotspot\src\share\vm\prims\jvm.cpp, line 1275]
Event: 21.058 Thread 0x0000000025d41000 Implicit null exception at 0x00000000039ec5f2 to 0x00000000039ed909
Event: 25.852 Thread 0x0000000025e01800 Exception <a 'java/security/PrivilegedActionException'> (0x00000008f4540de8) thrown at [D:\re\workspace\8-2-build-windows-amd64-cygwin\jdk8u20\1074\hotspot\src\share\vm\prims\jvm.cpp, line 1275]
Event: 25.863 Thread 0x0000000025e01800 Exception <a 'java/security/PrivilegedActionException'> (0x00000008f600cd90) thrown at [D:\re\workspace\8-2-build-windows-amd64-cygwin\jdk8u20\1074\hotspot\src\share\vm\prims\jvm.cpp, line 1275]

Events (10 events):
Event: 27.059 Thread 0x0000000023d67800 flushing nmethod 0x0000000003fbab10
Event: 27.059 Thread 0x0000000023d67800 flushing nmethod 0x0000000003fef310
Event: 27.059 Thread 0x0000000023d67800 flushing nmethod 0x0000000004046fd0
Event: 27.059 Thread 0x0000000023d67800 flushing nmethod 0x00000000040849d0
Event: 27.059 Thread 0x0000000023d67800 flushing nmethod 0x00000000040aa010
Event: 27.059 Thread 0x0000000023d67800 flushing nmethod 0x00000000040c2150
Event: 27.060 Thread 0x0000000023d67800 flushing nmethod 0x00000000040f0ad0
Event: 27.060 Thread 0x0000000023d67800 flushing nmethod 0x00000000040f77d0
Event: 27.060 Thread 0x0000000023d67800 flushing nmethod 0x000000000414e8d0
Event: 27.060 Thread 0x0000000023d67800 flushing nmethod 0x000000000415e910


Dynamic libraries:
0x00007ff7d3eb0000 - 0x00007ff7d3ee4000 	C:\Program Files\Java\jdk1.8.0_20\bin\java.exe
0x00007ff9b0c20000 - 0x00007ff9b0df1000 	C:\WINDOWS\SYSTEM32\ntdll.dll
0x00007ff9b0060000 - 0x00007ff9b010b000 	C:\WINDOWS\System32\KERNEL32.DLL
0x00007ff9adb20000 - 0x00007ff9add3d000 	C:\WINDOWS\System32\KERNELBASE.dll
0x00007ff9b0210000 - 0x00007ff9b02b2000 	C:\WINDOWS\System32\ADVAPI32.dll
0x00007ff9affc0000 - 0x00007ff9b005e000 	C:\WINDOWS\System32\msvcrt.dll
0x00007ff9b0bc0000 - 0x00007ff9b0c19000 	C:\WINDOWS\System32\sechost.dll
0x00007ff9b0970000 - 0x00007ff9b0a91000 	C:\WINDOWS\System32\RPCRT4.dll
0x00007ff9b07f0000 - 0x00007ff9b0955000 	C:\WINDOWS\System32\USER32.dll
0x00007ff9ad300000 - 0x00007ff9ad31e000 	C:\WINDOWS\System32\win32u.dll
0x00007ff9b02c0000 - 0x00007ff9b02f4000 	C:\WINDOWS\System32\GDI32.dll
0x00007ff9adda0000 - 0x00007ff9adf22000 	C:\WINDOWS\System32\gdi32full.dll
0x00007ff9a7ae0000 - 0x00007ff9a7d5a000 	C:\WINDOWS\WinSxS\amd64_microsoft.windows.common-controls_6595b64144ccf1df_6.0.14393.351_none_4213128bc687e6d3\COMCTL32.dll
0x00007ff9b03c0000 - 0x00007ff9b0687000 	C:\WINDOWS\System32\combase.dll
0x00007ff9ad1b0000 - 0x00007ff9ad2a5000 	C:\WINDOWS\System32\ucrtbase.dll
0x00007ff9ad320000 - 0x00007ff9ad38a000 	C:\WINDOWS\System32\bcryptPrimitives.dll
0x00007ff9ae370000 - 0x00007ff9ae39e000 	C:\WINDOWS\System32\IMM32.DLL
0x0000000054c30000 - 0x0000000054d02000 	C:\Program Files\Java\jdk1.8.0_20\jre\bin\msvcr100.dll
0x0000000053610000 - 0x0000000053e68000 	C:\Program Files\Java\jdk1.8.0_20\jre\bin\server\jvm.dll
0x00007ff9b0960000 - 0x00007ff9b0968000 	C:\WINDOWS\System32\PSAPI.DLL
0x00007ff9a2eb0000 - 0x00007ff9a2eb9000 	C:\WINDOWS\SYSTEM32\WSOCK32.dll
0x00007ff9ab2a0000 - 0x00007ff9ab2c3000 	C:\WINDOWS\SYSTEM32\WINMM.dll
0x00007ff9aea40000 - 0x00007ff9aeaaa000 	C:\WINDOWS\System32\WS2_32.dll
0x00000000015e0000 - 0x000000000160b000 	C:\WINDOWS\SYSTEM32\WINMMBASE.dll
0x00007ff9ad2b0000 - 0x00007ff9ad2f2000 	C:\WINDOWS\System32\cfgmgr32.dll
0x00000000550b0000 - 0x00000000550bf000 	C:\Program Files\Java\jdk1.8.0_20\jre\bin\verify.dll
0x0000000055080000 - 0x00000000550a8000 	C:\Program Files\Java\jdk1.8.0_20\jre\bin\java.dll
0x0000000055060000 - 0x0000000055076000 	C:\Program Files\Java\jdk1.8.0_20\jre\bin\zip.dll
0x00007ff9aeab0000 - 0x00007ff9affb9000 	C:\WINDOWS\System32\SHELL32.dll
0x00007ff9ad440000 - 0x00007ff9adb1a000 	C:\WINDOWS\System32\windows.storage.dll
0x00007ff9ad0b0000 - 0x00007ff9ad0fc000 	C:\WINDOWS\System32\powrprof.dll
0x00007ff9ae970000 - 0x00007ff9ae9c2000 	C:\WINDOWS\System32\shlwapi.dll
0x00007ff9ad0a0000 - 0x00007ff9ad0af000 	C:\WINDOWS\System32\kernel.appcore.dll
0x00007ff9adf30000 - 0x00007ff9adfd9000 	C:\WINDOWS\System32\shcore.dll
0x00007ff9ad080000 - 0x00007ff9ad094000 	C:\WINDOWS\System32\profapi.dll
0x00007ff9a64b0000 - 0x00007ff9a6642000 	C:\WINDOWS\SYSTEM32\dbghelp.dll

VM Arguments:
jvm_args: -Djava.awt.headless=true -Xmx50g -Dfile.encoding=windows-1251 -Duser.country=RU -Duser.language=ru -Duser.variant 
java_command: com.android.dx.command.Main --dex --num-threads=4 --multi-dex --main-dex-list C:\Users\User\Documents\GitHub\iCRM\iCRM\app\build\intermediates\multi-dex\debug\maindexlist.txt --output C:\Users\User\Documents\GitHub\iCRM\iCRM\app\build\intermediates\transforms\dex\debug\folders\1000\1f\main C:\Users\User\Documents\GitHub\iCRM\iCRM\app\build\intermediates\transforms\jarMerging\debug\jars\1\1f\combined.jar
java_class_path (initial): C:\Users\User\AppData\Local\Android\sdk\build-tools\23.0.3\lib\dx.jar
Launcher Type: SUN_STANDARD

Environment Variables:
PATH=C:\ProgramData\Oracle\Java\javapath;C:\Program Files\Broadcom\Broadcom 802.11 Network Adapter;C:\Program Files (x86)\NVIDIA Corporation\PhysX\Common;C:\Program Files (x86)\Intel\iCLS Client\;C:\Program Files\Intel\iCLS Client\;C:\Windows\system32;C:\Windows;C:\Windows\System32\Wbem;C:\Windows\System32\WindowsPowerShell\v1.0\;C:\Program Files\Intel\Intel(R) Management Engine Components\DAL;C:\Program Files\Intel\Intel(R) Management Engine Components\IPT;C:\Program Files (x86)\Intel\Intel(R) Management Engine Components\DAL;C:\Program Files (x86)\Intel\Intel(R) Management Engine Components\IPT;C:\Program Files\WIDCOMM\Bluetooth Software\;C:\Program Files\WIDCOMM\Bluetooth Software\syswow64;C:\Program Files\Acer\Remote Files\;C:\Program Files (x86)\Skype\Phone\;C:\Program Files\OpenVPN\bin;C:\WINDOWS\system32;C:\WINDOWS;C:\WINDOWS\System32\Wbem;C:\WINDOWS\System32\WindowsPowerShell\v1.0\;C:\Users\User\AppData\Local\Microsoft\WindowsApps;
USERNAME=User
OS=Windows_NT
PROCESSOR_IDENTIFIER=Intel64 Family 6 Model 69 Stepping 1, GenuineIntel



---------------  S Y S T E M  ---------------

OS: Windows 8.1 , 64 bit Build 9600 

CPU:total 4 (2 cores per cpu, 2 threads per core) family 6 model 69 stepping 1, cmov, cx8, fxsr, mmx, sse, sse2, sse3, ssse3, sse4.1, sse4.2, popcnt, avx, avx2, aes, clmul, erms, lzcnt, ht, tsc, tscinvbit, bmi1, bmi2

Memory: 4k page, physical 8310040k(1239980k free), swap 12406040k(3500k free)

vm_info: Java HotSpot(TM) 64-Bit Server VM (25.20-b23) for windows-amd64 JRE (1.8.0_20-b26), built on Jul 30 2014 13:51:23 by "java_re" with MS VC++ 10.0 (VS2010)

time: Wed Nov 02 11:56:18 2016
elapsed time: 28 seconds (0d 0h 0m 28s)

