#
# There is insufficient memory for the Java Runtime Environment to continue.
# Native memory allocation (malloc) failed to allocate 567776 bytes for Chunk::new
# Possible reasons:
#   The system is out of physical RAM or swap space
#   In 32 bit mode, the process size limit was hit
# Possible solutions:
#   Reduce memory load on the system
#   Increase physical memory or swap space
#   Check if swap backing store is full
#   Use 64 bit Java on a 64 bit OS
#   Decrease Java heap size (-Xmx/-Xms)
#   Decrease number of Java threads
#   Decrease Java thread stack sizes (-Xss)
#   Set larger code cache with -XX:ReservedCodeCacheSize=
# This output file may be truncated or incomplete.
#
#  Out of Memory Error (allocation.cpp:390), pid=10808, tid=12056
#
# JRE version: Java(TM) SE Runtime Environment (8.0_20-b26) (build 1.8.0_20-b26)
# Java VM: Java HotSpot(TM) 64-Bit Server VM (25.20-b23 mixed mode windows-amd64 )
# Failed to write core dump. Minidumps are not enabled by default on client versions of Windows
#

---------------  T H R E A D  ---------------

Current thread (0x0000000001dfd800):  JavaThread "C2 CompilerThread0" daemon [_thread_in_native, id=12056, stack(0x0000000024aa0000,0x0000000024ba0000)]

Stack: [0x0000000024aa0000,0x0000000024ba0000]
Native frames: (J=compiled Java code, j=interpreted, Vv=VM code, C=native code)
V  [jvm.dll+0x3152fa]


Current CompileTask:
C2:  33896 2976       4       com.android.dx.ssa.back.SsaToRop::convert (99 bytes)


---------------  P R O C E S S  ---------------

Java Threads: ( => current thread )
  0x000000002559a800 JavaThread "pool-2-thread-4" [_thread_in_Java, id=4700, stack(0x0000000026f70000,0x0000000027070000)]
  0x00000000258a5800 JavaThread "pool-2-thread-3" [_thread_in_Java, id=844, stack(0x0000000026e70000,0x0000000026f70000)]
  0x0000000025b0f800 JavaThread "pool-2-thread-2" [_thread_in_Java, id=7736, stack(0x0000000026d70000,0x0000000026e70000)]
  0x000000002515c000 JavaThread "pool-3-thread-1" [_thread_blocked, id=9508, stack(0x0000000026c70000,0x0000000026d70000)]
  0x0000000025af4000 JavaThread "pool-2-thread-1" [_thread_blocked, id=9836, stack(0x0000000026b70000,0x0000000026c70000)]
  0x0000000024dd0800 JavaThread "Service Thread" daemon [_thread_blocked, id=8520, stack(0x00000000251a0000,0x00000000252a0000)]
  0x0000000001e05800 JavaThread "C1 CompilerThread2" daemon [_thread_in_vm, id=7132, stack(0x0000000024ca0000,0x0000000024da0000)]
  0x0000000001dff800 JavaThread "C2 CompilerThread1" daemon [_thread_in_native, id=5804, stack(0x0000000024ba0000,0x0000000024ca0000)]
=>0x0000000001dfd800 JavaThread "C2 CompilerThread0" daemon [_thread_in_native, id=12056, stack(0x0000000024aa0000,0x0000000024ba0000)]
  0x0000000001dfb800 JavaThread "Attach Listener" daemon [_thread_blocked, id=1792, stack(0x00000000249a0000,0x0000000024aa0000)]
  0x0000000001dfa800 JavaThread "Signal Dispatcher" daemon [_thread_blocked, id=11336, stack(0x00000000248a0000,0x00000000249a0000)]
  0x00000000010a6000 JavaThread "Finalizer" daemon [_thread_blocked, id=12036, stack(0x00000000247a0000,0x00000000248a0000)]
  0x000000000109d000 JavaThread "Reference Handler" daemon [_thread_blocked, id=10860, stack(0x00000000246a0000,0x00000000247a0000)]
  0x0000000000fb2800 JavaThread "main" [_thread_in_Java, id=4184, stack(0x0000000000eb0000,0x0000000000fb0000)]

Other Threads:
  0x0000000001dc5800 VMThread [stack: 0x00000000245a0000,0x00000000246a0000] [id=10180]
  0x0000000024dd2800 WatcherThread [stack: 0x00000000252a0000,0x00000000253a0000] [id=11284]

VM state:not at safepoint (normal execution)

VM Mutex/Monitor currently owned by a thread: None

Heap:
 PSYoungGen      total 1127936K, used 656306K [0x00000008d5580000, 0x0000000946200000, 0x0000000d00000000)
  eden space 753664K, 87% used [0x00000008d5580000,0x00000008fd66c930,0x0000000903580000)
  from space 374272K, 0% used [0x0000000903580000,0x0000000903580000,0x000000091a300000)
  to   space 494080K, 0% used [0x0000000927f80000,0x0000000927f80000,0x0000000946200000)
 ParOldGen       total 799232K, used 799174K [0x0000000080000000, 0x00000000b0c80000, 0x00000008d5580000)
  object space 799232K, 99% used [0x0000000080000000,0x00000000b0c71910,0x00000000b0c80000)
 Metaspace       used 6604K, capacity 6920K, committed 7168K, reserved 8192K

Card table byte_map: [0x0000000012400000,0x0000000018810000] byte_map_base: 0x0000000012000000

Marking Bits: (ParMarkBitMap*) 0x0000000076d2b460
 Begin Bits: [0x0000000d00000000, 0x0000000d32000000)
 End Bits:   [0x0000000d32000000, 0x0000000d64000000)

Polling page: 0x0000000000df0000

CodeCache: size=245760Kb used=12131Kb max_used=12142Kb free=233628Kb
 bounds [0x0000000003400000, 0x0000000003ff0000, 0x0000000012400000]
 total_blobs=2788 nmethods=2522 adapters=179
 compilation: enabled

Compilation events (10 events):
Event: 33.802 Thread 0x0000000001e05800 nmethod 2974 0x0000000003fc23d0 code [0x0000000003fc2540, 0x0000000003fc2810]
Event: 33.802 Thread 0x0000000001e05800 2975       3       java.util.HashMap::values (27 bytes)
Event: 33.802 Thread 0x0000000001e05800 nmethod 2975 0x0000000003fe1dd0 code [0x0000000003fe1f40, 0x0000000003fe2270]
Event: 33.805 Thread 0x0000000001dff800 nmethod 2973 0x0000000003fe00d0 code [0x0000000003fe0220, 0x0000000003fe0478]
Event: 33.813 Thread 0x0000000001dfd800 2976       4       com.android.dx.ssa.back.SsaToRop::convert (99 bytes)
Event: 33.814 Thread 0x0000000001dff800 2977       4       com.android.dx.ssa.MoveParamCombiner::run (45 bytes)
Event: 33.828 Thread 0x0000000001dff800 nmethod 2977 0x0000000003fe3210 code [0x0000000003fe33a0, 0x0000000003fe3ab8]
Event: 33.828 Thread 0x0000000001dff800 2978       4       com.android.dx.ssa.Optimizer::runSsaFormSteps (117 bytes)
Event: 33.844 Thread 0x0000000001e05800 2979       3       com.android.dx.ssa.back.FirstFitLocalCombiningAllocator$Alignment$1::nextClearBit (26 bytes)
Event: 33.845 Thread 0x0000000001e05800 nmethod 2979 0x0000000003fe2ad0 code [0x0000000003fe2c60, 0x0000000003fe3018]

GC Heap History (10 events):
Event: 21.666 GC heap before
{Heap before GC invocations=19 (full 4):
 PSYoungGen      total 948736K, used 827346K [0x00000008d5580000, 0x0000000922e00000, 0x0000000d00000000)
  eden space 720384K, 100% used [0x00000008d5580000,0x0000000901500000,0x0000000901500000)
  from space 228352K, 46% used [0x0000000910c00000,0x0000000917474aa8,0x000000091eb00000)
  to   space 252928K, 0% used [0x0000000901500000,0x0000000901500000,0x0000000910c00000)
 ParOldGen       total 798720K, used 512209K [0x0000000080000000, 0x00000000b0c00000, 0x00000008d5580000)
  object space 798720K, 64% used [0x0000000080000000,0x000000009f434408,0x00000000b0c00000)
 Metaspace       used 6601K, capacity 6920K, committed 7168K, reserved 8192K
Event: 21.939 GC heap after
Heap after GC invocations=19 (full 4):
 PSYoungGen      total 973312K, used 220373K [0x00000008d5580000, 0x000000092b900000, 0x0000000d00000000)
  eden space 720384K, 0% used [0x00000008d5580000,0x00000008d5580000,0x0000000901500000)
  from space 252928K, 87% used [0x0000000901500000,0x000000090ec35770,0x0000000910c00000)
  to   space 284672K, 0% used [0x000000091a300000,0x000000091a300000,0x000000092b900000)
 ParOldGen       total 798720K, used 512209K [0x0000000080000000, 0x00000000b0c00000, 0x00000008d5580000)
  object space 798720K, 64% used [0x0000000080000000,0x000000009f434408,0x00000000b0c00000)
 Metaspace       used 6601K, capacity 6920K, committed 7168K, reserved 8192K
}
Event: 23.791 GC heap before
{Heap before GC invocations=20 (full 4):
 PSYoungGen      total 973312K, used 940757K [0x00000008d5580000, 0x000000092b900000, 0x0000000d00000000)
  eden space 720384K, 100% used [0x00000008d5580000,0x0000000901500000,0x0000000901500000)
  from space 252928K, 87% used [0x0000000901500000,0x000000090ec35770,0x0000000910c00000)
  to   space 284672K, 0% used [0x000000091a300000,0x000000091a300000,0x000000092b900000)
 ParOldGen       total 798720K, used 512209K [0x0000000080000000, 0x00000000b0c00000, 0x00000008d5580000)
  object space 798720K, 64% used [0x0000000080000000,0x000000009f434408,0x00000000b0c00000)
 Metaspace       used 6603K, capacity 6920K, committed 7168K, reserved 8192K
Event: 24.148 GC heap after
Heap after GC invocations=20 (full 4):
 PSYoungGen      total 1038336K, used 284641K [0x00000008d5580000, 0x0000000937480000, 0x0000000d00000000)
  eden space 753664K, 0% used [0x00000008d5580000,0x00000008d5580000,0x0000000903580000)
  from space 284672K, 99% used [0x000000091a300000,0x000000092b8f8628,0x000000092b900000)
  to   space 374272K, 0% used [0x0000000903580000,0x0000000903580000,0x000000091a300000)
 ParOldGen       total 798720K, used 621353K [0x0000000080000000, 0x00000000b0c00000, 0x00000008d5580000)
  object space 798720K, 77% used [0x0000000080000000,0x00000000a5eca480,0x00000000b0c00000)
 Metaspace       used 6603K, capacity 6920K, committed 7168K, reserved 8192K
}
Event: 25.561 GC heap before
{Heap before GC invocations=21 (full 4):
 PSYoungGen      total 1038336K, used 1038305K [0x00000008d5580000, 0x0000000937480000, 0x0000000d00000000)
  eden space 753664K, 100% used [0x00000008d5580000,0x0000000903580000,0x0000000903580000)
  from space 284672K, 99% used [0x000000091a300000,0x000000092b8f8628,0x000000092b900000)
  to   space 374272K, 0% used [0x0000000903580000,0x0000000903580000,0x000000091a300000)
 ParOldGen       total 798720K, used 621353K [0x0000000080000000, 0x00000000b0c00000, 0x00000008d5580000)
  object space 798720K, 77% used [0x0000000080000000,0x00000000a5eca480,0x00000000b0c00000)
 Metaspace       used 6603K, capacity 6920K, committed 7168K, reserved 8192K
Event: 25.922 GC heap after
Heap after GC invocations=21 (full 4):
 PSYoungGen      total 1127936K, used 374240K [0x00000008d5580000, 0x0000000946200000, 0x0000000d00000000)
  eden space 753664K, 0% used [0x00000008d5580000,0x00000008d5580000,0x0000000903580000)
  from space 374272K, 99% used [0x0000000903580000,0x000000091a2f8108,0x000000091a300000)
  to   space 494080K, 0% used [0x0000000927f80000,0x0000000927f80000,0x0000000946200000)
 ParOldGen       total 798720K, used 768623K [0x0000000080000000, 0x00000000b0c00000, 0x00000008d5580000)
  object space 798720K, 96% used [0x0000000080000000,0x00000000aee9bed8,0x00000000b0c00000)
 Metaspace       used 6603K, capacity 6920K, committed 7168K, reserved 8192K
}
Event: 25.922 GC heap before
{Heap before GC invocations=22 (full 5):
 PSYoungGen      total 1127936K, used 374240K [0x00000008d5580000, 0x0000000946200000, 0x0000000d00000000)
  eden space 753664K, 0% used [0x00000008d5580000,0x00000008d5580000,0x0000000903580000)
  from space 374272K, 99% used [0x0000000903580000,0x000000091a2f8108,0x000000091a300000)
  to   space 494080K, 0% used [0x0000000927f80000,0x0000000927f80000,0x0000000946200000)
 ParOldGen       total 798720K, used 768623K [0x0000000080000000, 0x00000000b0c00000, 0x00000008d5580000)
  object space 798720K, 96% used [0x0000000080000000,0x00000000aee9bed8,0x00000000b0c00000)
 Metaspace       used 6603K, capacity 6920K, committed 7168K, reserved 8192K
Event: 29.434 GC heap after
Heap after GC invocations=22 (full 5):
 PSYoungGen      total 1127936K, used 227142K [0x00000008d5580000, 0x0000000946200000, 0x0000000d00000000)
  eden space 753664K, 0% used [0x00000008d5580000,0x00000008d5580000,0x0000000903580000)
  from space 374272K, 60% used [0x0000000903580000,0x0000000911351af0,0x000000091a300000)
  to   space 494080K, 0% used [0x0000000927f80000,0x0000000927f80000,0x0000000946200000)
 ParOldGen       total 798720K, used 798703K [0x0000000080000000, 0x00000000b0c00000, 0x00000008d5580000)
  object space 798720K, 99% used [0x0000000080000000,0x00000000b0bfbed0,0x00000000b0c00000)
 Metaspace       used 6603K, capacity 6920K, committed 7168K, reserved 8192K
}
Event: 30.694 GC heap before
{Heap before GC invocations=23 (full 6):
 PSYoungGen      total 1127936K, used 980806K [0x00000008d5580000, 0x0000000946200000, 0x0000000d00000000)
  eden space 753664K, 100% used [0x00000008d5580000,0x0000000903580000,0x0000000903580000)
  from space 374272K, 60% used [0x0000000903580000,0x0000000911351af0,0x000000091a300000)
  to   space 494080K, 0% used [0x0000000927f80000,0x0000000927f80000,0x0000000946200000)
 ParOldGen       total 799232K, used 798744K [0x0000000080000000, 0x00000000b0c80000, 0x00000008d5580000)
  object space 799232K, 99% used [0x0000000080000000,0x00000000b0c06300,0x00000000b0c80000)
 Metaspace       used 6603K, capacity 6920K, committed 7168K, reserved 8192K
Event: 33.444 GC heap after
Heap after GC invocations=23 (full 6):
 PSYoungGen      total 1127936K, used 176418K [0x00000008d5580000, 0x0000000946200000, 0x0000000d00000000)
  eden space 753664K, 23% used [0x00000008d5580000,0x00000008e01c8b80,0x0000000903580000)
  from space 374272K, 0% used [0x0000000903580000,0x0000000903580000,0x000000091a300000)
  to   space 494080K, 0% used [0x0000000927f80000,0x0000000927f80000,0x0000000946200000)
 ParOldGen       total 799232K, used 799174K [0x0000000080000000, 0x00000000b0c80000, 0x00000008d5580000)
  object space 799232K, 99% used [0x0000000080000000,0x00000000b0c71910,0x00000000b0c80000)
 Metaspace       used 6603K, capacity 6920K, committed 7168K, reserved 8192K
}

Deoptimization events (10 events):
Event: 24.443 Thread 0x00000000258a5800 Uncommon trap: reason=class_check action=maybe_recompile pc=0x000000000361baf0 method=com.android.dx.ssa.back.InterferenceGraph.add(II)V @ 19
Event: 24.591 Thread 0x00000000258a5800 Uncommon trap: reason=class_check action=maybe_recompile pc=0x0000000003d84494 method=com.android.dx.ssa.back.InterferenceGraph.mergeInterferenceSet(ILcom/android/dx/util/IntSet;)V @ 20
Event: 24.591 Thread 0x00000000258a5800 Uncommon trap: reason=class_check action=maybe_recompile pc=0x00000000036330bc method=com.android.dx.util.BitIntSet.merge(Lcom/android/dx/util/IntSet;)V @ 1
Event: 24.592 Thread 0x00000000258a5800 Uncommon trap: reason=class_check action=maybe_recompile pc=0x0000000003d84494 method=com.android.dx.ssa.back.InterferenceGraph.mergeInterferenceSet(ILcom/android/dx/util/IntSet;)V @ 20
Event: 24.592 Thread 0x00000000258a5800 Uncommon trap: reason=class_check action=maybe_recompile pc=0x00000000036330bc method=com.android.dx.util.BitIntSet.merge(Lcom/android/dx/util/IntSet;)V @ 1
Event: 24.593 Thread 0x00000000258a5800 Uncommon trap: reason=class_check action=maybe_recompile pc=0x0000000003d84494 method=com.android.dx.ssa.back.InterferenceGraph.mergeInterferenceSet(ILcom/android/dx/util/IntSet;)V @ 20
Event: 24.593 Thread 0x00000000258a5800 Uncommon trap: reason=class_check action=maybe_recompile pc=0x00000000036330bc method=com.android.dx.util.BitIntSet.merge(Lcom/android/dx/util/IntSet;)V @ 1
Event: 24.598 Thread 0x00000000258a5800 Uncommon trap: reason=class_check action=maybe_recompile pc=0x0000000003d84494 method=com.android.dx.ssa.back.InterferenceGraph.mergeInterferenceSet(ILcom/android/dx/util/IntSet;)V @ 20
Event: 24.599 Thread 0x00000000258a5800 Uncommon trap: reason=class_check action=maybe_recompile pc=0x00000000036330bc method=com.android.dx.util.BitIntSet.merge(Lcom/android/dx/util/IntSet;)V @ 1
Event: 33.573 Thread 0x0000000025af4000 Uncommon trap: reason=null_check action=make_not_entrant pc=0x0000000003ac9510 method=com.android.dx.rop.cst.CstKnownNull.equals(Ljava/lang/Object;)Z @ 1

Internal exceptions (10 events):
Event: 4.911 Thread 0x0000000000fb2800 Implicit null exception at 0x0000000003c4d5f8 to 0x0000000003c54b8d
Event: 9.954 Thread 0x0000000000fb2800 Exception <a 'java/security/PrivilegedActionException'> (0x00000008f2358f10) thrown at [D:\re\workspace\8-2-build-windows-amd64-cygwin\jdk8u20\1074\hotspot\src\share\vm\prims\jvm.cpp, line 1275]
Event: 9.957 Thread 0x0000000000fb2800 Implicit null exception at 0x000000000358dd68 to 0x000000000358e359
Event: 11.650 Thread 0x000000002559a800 Implicit null exception at 0x0000000003e8e93d to 0x0000000003e9194d
Event: 14.793 Thread 0x00000000258a5800 Exception <a 'java/security/PrivilegedActionException'> (0x00000008d786fb58) thrown at [D:\re\workspace\8-2-build-windows-amd64-cygwin\jdk8u20\1074\hotspot\src\share\vm\prims\jvm.cpp, line 1275]
Event: 15.354 Thread 0x0000000025b0f800 Exception <a 'java/security/PrivilegedActionException'> (0x00000008e40542c0) thrown at [D:\re\workspace\8-2-build-windows-amd64-cygwin\jdk8u20\1074\hotspot\src\share\vm\prims\jvm.cpp, line 1275]
Event: 16.225 Thread 0x0000000000fb2800 Exception <a 'java/security/PrivilegedActionException'> (0x00000008f94e9310) thrown at [D:\re\workspace\8-2-build-windows-amd64-cygwin\jdk8u20\1074\hotspot\src\share\vm\prims\jvm.cpp, line 1275]
Event: 20.983 Thread 0x00000000258a5800 Exception <a 'java/security/PrivilegedActionException'> (0x00000008f15aa1b0) thrown at [D:\re\workspace\8-2-build-windows-amd64-cygwin\jdk8u20\1074\hotspot\src\share\vm\prims\jvm.cpp, line 1275]
Event: 20.992 Thread 0x00000000258a5800 Exception <a 'java/security/PrivilegedActionException'> (0x00000008f1618a60) thrown at [D:\re\workspace\8-2-build-windows-amd64-cygwin\jdk8u20\1074\hotspot\src\share\vm\prims\jvm.cpp, line 1275]
Event: 33.573 Thread 0x0000000025af4000 Implicit null exception at 0x0000000003ac94dc to 0x0000000003ac9504

Events (10 events):
Event: 24.889 Thread 0x0000000000fb2800 DEOPT UNPACKING pc=0x00000000034475bf sp=0x0000000000fae000 mode 0
Event: 25.560 Executing VM operation: ParallelGCFailedAllocation
Event: 29.434 Executing VM operation: ParallelGCFailedAllocation done
Event: 30.693 Executing VM operation: ParallelGCFailedAllocation
Event: 30.693 Executing VM operation: ParallelGCFailedAllocation done
Event: 30.694 Executing VM operation: ParallelGCSystemGC
Event: 33.444 Executing VM operation: ParallelGCSystemGC done
Event: 33.573 Thread 0x0000000025af4000 Uncommon trap: trap_request=0xfffffff4 fr.pc=0x0000000003ac9510
Event: 33.573 Thread 0x0000000025af4000 DEOPT PACKING pc=0x0000000003ac9510 sp=0x0000000026c6e960
Event: 33.573 Thread 0x0000000025af4000 DEOPT UNPACKING pc=0x000000000344556a sp=0x0000000026c6e8e8 mode 2


Dynamic libraries:
0x00007ff61e4f0000 - 0x00007ff61e524000 	C:\Program Files\Java\jdk1.8.0_20\bin\java.exe
0x00007ffd3f9f0000 - 0x00007ffd3fbc1000 	C:\WINDOWS\SYSTEM32\ntdll.dll
0x00007ffd3ee50000 - 0x00007ffd3eefb000 	C:\WINDOWS\System32\KERNEL32.DLL
0x00007ffd3c940000 - 0x00007ffd3cb5d000 	C:\WINDOWS\System32\KERNELBASE.dll
0x00007ffd3d2d0000 - 0x00007ffd3d372000 	C:\WINDOWS\System32\ADVAPI32.dll
0x00007ffd3f8c0000 - 0x00007ffd3f95e000 	C:\WINDOWS\System32\msvcrt.dll
0x00007ffd3f990000 - 0x00007ffd3f9e9000 	C:\WINDOWS\System32\sechost.dll
0x00007ffd3f400000 - 0x00007ffd3f521000 	C:\WINDOWS\System32\RPCRT4.dll
0x00007ffd3d430000 - 0x00007ffd3d595000 	C:\WINDOWS\System32\USER32.dll
0x00007ffd3cd90000 - 0x00007ffd3cdae000 	C:\WINDOWS\System32\win32u.dll
0x00007ffd3d380000 - 0x00007ffd3d3b4000 	C:\WINDOWS\System32\GDI32.dll
0x00007ffd3bf30000 - 0x00007ffd3c0b2000 	C:\WINDOWS\System32\gdi32full.dll
0x00007ffd389f0000 - 0x00007ffd38c69000 	C:\WINDOWS\WinSxS\amd64_microsoft.windows.common-controls_6595b64144ccf1df_6.0.14393.0_none_2d0f50fcbdb171b8\COMCTL32.dll
0x00007ffd3f5d0000 - 0x00007ffd3f897000 	C:\WINDOWS\System32\combase.dll
0x00007ffd3c0c0000 - 0x00007ffd3c1b5000 	C:\WINDOWS\System32\ucrtbase.dll
0x00007ffd3ccc0000 - 0x00007ffd3cd2a000 	C:\WINDOWS\System32\bcryptPrimitives.dll
0x00007ffd3f960000 - 0x00007ffd3f98e000 	C:\WINDOWS\System32\IMM32.DLL
0x0000000077b70000 - 0x0000000077c42000 	C:\Program Files\Java\jdk1.8.0_20\jre\bin\msvcr100.dll
0x0000000076550000 - 0x0000000076da8000 	C:\Program Files\Java\jdk1.8.0_20\jre\bin\server\jvm.dll
0x00007ffd3ef60000 - 0x00007ffd3ef68000 	C:\WINDOWS\System32\PSAPI.DLL
0x00007ffd3a390000 - 0x00007ffd3a3b3000 	C:\WINDOWS\SYSTEM32\WINMM.dll
0x00007ffd2f640000 - 0x00007ffd2f649000 	C:\WINDOWS\SYSTEM32\WSOCK32.dll
0x00007ffd3d3c0000 - 0x00007ffd3d42a000 	C:\WINDOWS\System32\WS2_32.dll
0x0000000000e10000 - 0x0000000000e3b000 	C:\WINDOWS\SYSTEM32\WINMMBASE.dll
0x00007ffd3bee0000 - 0x00007ffd3bf22000 	C:\WINDOWS\System32\cfgmgr32.dll
0x0000000050010000 - 0x000000005001f000 	C:\Program Files\Java\jdk1.8.0_20\jre\bin\verify.dll
0x0000000077fd0000 - 0x0000000077ff8000 	C:\Program Files\Java\jdk1.8.0_20\jre\bin\java.dll
0x0000000077fb0000 - 0x0000000077fc6000 	C:\Program Files\Java\jdk1.8.0_20\jre\bin\zip.dll
0x00007ffd3d6e0000 - 0x00007ffd3ebe8000 	C:\WINDOWS\System32\SHELL32.dll
0x00007ffd3c1c0000 - 0x00007ffd3c89a000 	C:\WINDOWS\System32\windows.storage.dll
0x00007ffd3be80000 - 0x00007ffd3becc000 	C:\WINDOWS\System32\powrprof.dll
0x00007ffd3ef00000 - 0x00007ffd3ef52000 	C:\WINDOWS\System32\shlwapi.dll
0x00007ffd3bed0000 - 0x00007ffd3bedf000 	C:\WINDOWS\System32\kernel.appcore.dll
0x00007ffd3cb60000 - 0x00007ffd3cc09000 	C:\WINDOWS\System32\shcore.dll
0x00007ffd3be50000 - 0x00007ffd3be64000 	C:\WINDOWS\System32\profapi.dll

VM Arguments:
jvm_args: -Djava.awt.headless=true -Xmx50g -Dfile.encoding=windows-1251 -Duser.country=RU -Duser.language=ru -Duser.variant 
java_command: com.android.dx.command.Main --dex --num-threads=4 --multi-dex --main-dex-list C:\Users\User\Documents\GitHub\iCRM\iCRM\app\build\intermediates\multi-dex\debug\maindexlist.txt --output C:\Users\User\Documents\GitHub\iCRM\iCRM\app\build\intermediates\transforms\dex\debug\folders\1000\1f\main C:\Users\User\Documents\GitHub\iCRM\iCRM\app\build\intermediates\transforms\jarMerging\debug\jars\1\1f\combined.jar
java_class_path (initial): C:\Users\User\AppData\Local\Android\sdk\build-tools\23.0.3\lib\dx.jar
Launcher Type: SUN_STANDARD

Environment Variables:
PATH=C:\ProgramData\Oracle\Java\javapath;C:\Program Files\Broadcom\Broadcom 802.11 Network Adapter;C:\Program Files (x86)\NVIDIA Corporation\PhysX\Common;C:\Program Files (x86)\Intel\iCLS Client\;C:\Program Files\Intel\iCLS Client\;C:\Windows\system32;C:\Windows;C:\Windows\System32\Wbem;C:\Windows\System32\WindowsPowerShell\v1.0\;C:\Program Files\Intel\Intel(R) Management Engine Components\DAL;C:\Program Files\Intel\Intel(R) Management Engine Components\IPT;C:\Program Files (x86)\Intel\Intel(R) Management Engine Components\DAL;C:\Program Files (x86)\Intel\Intel(R) Management Engine Components\IPT;C:\Program Files\WIDCOMM\Bluetooth Software\;C:\Program Files\WIDCOMM\Bluetooth Software\syswow64;C:\Program Files\Acer\Remote Files\;C:\Program Files (x86)\Skype\Phone\;C:\Program Files\OpenVPN\bin;C:\WINDOWS\system32;C:\WINDOWS;C:\WINDOWS\System32\Wbem;C:\WINDOWS\System32\WindowsPowerShell\v1.0\;C:\Users\User\AppData\Local\Microsoft\WindowsApps;
USERNAME=User
OS=Windows_NT
PROCESSOR_IDENTIFIER=Intel64 Family 6 Model 69 Stepping 1, GenuineIntel



---------------  S Y S T E M  ---------------

OS: Windows 8.1 , 64 bit Build 9600 

CPU:total 4 (2 cores per cpu, 2 threads per core) family 6 model 69 stepping 1, cmov, cx8, fxsr, mmx, sse, sse2, sse3, ssse3, sse4.1, sse4.2, popcnt, avx, avx2, aes, clmul, erms, lzcnt, ht, tsc, tscinvbit, bmi1, bmi2

Memory: 4k page, physical 8310040k(947864k free), swap 12406040k(5236k free)

vm_info: Java HotSpot(TM) 64-Bit Server VM (25.20-b23) for windows-amd64 JRE (1.8.0_20-b26), built on Jul 30 2014 13:51:23 by "java_re" with MS VC++ 10.0 (VS2010)

time: Fri Oct 14 18:54:41 2016
elapsed time: 33 seconds (0d 0h 0m 33s)

