#
# There is insufficient memory for the Java Runtime Environment to continue.
# Native memory allocation (malloc) failed to allocate 1272816 bytes for Chunk::new
# Possible reasons:
#   The system is out of physical RAM or swap space
#   In 32 bit mode, the process size limit was hit
# Possible solutions:
#   Reduce memory load on the system
#   Increase physical memory or swap space
#   Check if swap backing store is full
#   Use 64 bit Java on a 64 bit OS
#   Decrease Java heap size (-Xmx/-Xms)
#   Decrease number of Java threads
#   Decrease Java thread stack sizes (-Xss)
#   Set larger code cache with -XX:ReservedCodeCacheSize=
# This output file may be truncated or incomplete.
#
#  Out of Memory Error (allocation.cpp:390), pid=8168, tid=11812
#
# JRE version: Java(TM) SE Runtime Environment (8.0_20-b26) (build 1.8.0_20-b26)
# Java VM: Java HotSpot(TM) 64-Bit Server VM (25.20-b23 mixed mode windows-amd64 )
# Failed to write core dump. Minidumps are not enabled by default on client versions of Windows
#

---------------  T H R E A D  ---------------

Current thread (0x0000000001ebc000):  JavaThread "C2 CompilerThread0" daemon [_thread_in_native, id=11812, stack(0x0000000024bc0000,0x0000000024cc0000)]

Stack: [0x0000000024bc0000,0x0000000024cc0000]
Native frames: (J=compiled Java code, j=interpreted, Vv=VM code, C=native code)
V  [jvm.dll+0x3152fa]


Current CompileTask:
C2:  26092 2820   !   4       com.android.dx.dex.cf.CfTranslator::processMethods (583 bytes)


---------------  P R O C E S S  ---------------

Java Threads: ( => current thread )
  0x0000000025e1f000 JavaThread "pool-2-thread-4" [_thread_blocked, id=1108, stack(0x0000000027090000,0x0000000027190000)]
  0x000000002587b000 JavaThread "pool-2-thread-3" [_thread_in_Java, id=12028, stack(0x0000000026f90000,0x0000000027090000)]
  0x000000002516a800 JavaThread "pool-2-thread-2" [_thread_blocked, id=11304, stack(0x0000000026e90000,0x0000000026f90000)]
  0x00000000259c8800 JavaThread "pool-3-thread-1" [_thread_blocked, id=10656, stack(0x0000000026d90000,0x0000000026e90000)]
  0x00000000259c7800 JavaThread "pool-2-thread-1" [_thread_blocked, id=1004, stack(0x0000000026c90000,0x0000000026d90000)]
  0x0000000001f1e800 JavaThread "Service Thread" daemon [_thread_blocked, id=9100, stack(0x00000000252c0000,0x00000000253c0000)]
  0x0000000001ec1800 JavaThread "C1 CompilerThread2" daemon [_thread_blocked, id=8296, stack(0x0000000024dc0000,0x0000000024ec0000)]
  0x0000000001ebe000 JavaThread "C2 CompilerThread1" daemon [_thread_blocked, id=12316, stack(0x0000000024cc0000,0x0000000024dc0000)]
=>0x0000000001ebc000 JavaThread "C2 CompilerThread0" daemon [_thread_in_native, id=11812, stack(0x0000000024bc0000,0x0000000024cc0000)]
  0x0000000001eba800 JavaThread "Attach Listener" daemon [_thread_blocked, id=11680, stack(0x0000000024ac0000,0x0000000024bc0000)]
  0x0000000001eb9800 JavaThread "Signal Dispatcher" daemon [_thread_blocked, id=10088, stack(0x00000000249c0000,0x0000000024ac0000)]
  0x0000000001166000 JavaThread "Finalizer" daemon [_thread_blocked, id=9208, stack(0x00000000248c0000,0x00000000249c0000)]
  0x000000000115d000 JavaThread "Reference Handler" daemon [_thread_blocked, id=13208, stack(0x00000000247c0000,0x00000000248c0000)]
  0x0000000001072800 JavaThread "main" [_thread_in_Java, id=10536, stack(0x0000000000ea0000,0x0000000000fa0000)]

Other Threads:
  0x0000000001e85800 VMThread [stack: 0x00000000246c0000,0x00000000247c0000] [id=1572]
  0x0000000024ee6800 WatcherThread [stack: 0x00000000253c0000,0x00000000254c0000] [id=5248]

VM state:not at safepoint (normal execution)

VM Mutex/Monitor currently owned by a thread: None

Heap:
 PSYoungGen      total 935424K, used 412274K [0x00000008d5580000, 0x000000092be80000, 0x0000000d00000000)
  eden space 680448K, 32% used [0x00000008d5580000,0x00000008e309d890,0x00000008fee00000)
  from space 254976K, 73% used [0x00000008fee00000,0x000000090a57f0e0,0x000000090e700000)
  to   space 315392K, 0% used [0x0000000918a80000,0x0000000918a80000,0x000000092be80000)
 ParOldGen       total 894976K, used 604664K [0x0000000080000000, 0x00000000b6a00000, 0x00000008d5580000)
  object space 894976K, 67% used [0x0000000080000000,0x00000000a4e7e128,0x00000000b6a00000)
 Metaspace       used 6590K, capacity 6920K, committed 7168K, reserved 8192K

Card table byte_map: [0x0000000012400000,0x0000000018810000] byte_map_base: 0x0000000012000000

Marking Bits: (ParMarkBitMap*) 0x0000000076c4b460
 Begin Bits: [0x0000000d00000000, 0x0000000d32000000)
 End Bits:   [0x0000000d32000000, 0x0000000d64000000)

Polling page: 0x0000000000a70000

CodeCache: size=245760Kb used=12216Kb max_used=14903Kb free=233543Kb
 bounds [0x0000000003400000, 0x00000000042b0000, 0x0000000012400000]
 total_blobs=2743 nmethods=2477 adapters=179
 compilation: enabled

Compilation events (10 events):
Event: 25.910 Thread 0x0000000001ebe000 nmethod 2892 0x00000000036fa990 code [0x00000000036faae0, 0x00000000036fab98]
Event: 25.913 Thread 0x0000000001ec1800 2893       3       com.android.dx.ssa.SsaMethod$1::visitMoveInsn (17 bytes)
Event: 25.914 Thread 0x0000000001ec1800 nmethod 2893 0x000000000352fa50 code [0x000000000352fbc0, 0x000000000352ffb0]
Event: 25.923 Thread 0x0000000001ec1800 2894       3       com.android.dx.rop.code.RegisterSpecList::withoutLast (60 bytes)
Event: 25.924 Thread 0x0000000001ec1800 nmethod 2894 0x0000000003694390 code [0x00000000036945c0, 0x0000000003695308]
Event: 25.930 Thread 0x0000000001ec1800 2895       3       java.util.ArrayList$SubList::get (23 bytes)
Event: 25.931 Thread 0x0000000001ec1800 nmethod 2895 0x00000000038c2f50 code [0x00000000038c3100, 0x00000000038c35c8]
Event: 25.996 Thread 0x0000000001ec1800 2896   !   3       com.android.dx.cf.direct.DirectClassFile::parse (75 bytes)
Event: 25.997 Thread 0x0000000001ec1800 nmethod 2896 0x00000000039064d0 code [0x0000000003906740, 0x0000000003907698]
Event: 25.999 Thread 0x0000000001ebe000 2897       4       com.android.dx.dex.file.EncodedField::hashCode (8 bytes)

GC Heap History (10 events):
Event: 14.726 GC heap before
{Heap before GC invocations=17 (full 3):
 PSYoungGen      total 766464K, used 128220K [0x00000008d5580000, 0x0000000911d80000, 0x0000000d00000000)
  eden space 590336K, 0% used [0x00000008d5580000,0x00000008d5580000,0x00000008f9600000)
  from space 176128K, 72% used [0x0000000904e80000,0x000000090cbb7210,0x000000090fa80000)
  to   space 188928K, 0% used [0x00000008f9600000,0x00000008f9600000,0x0000000904e80000)
 ParOldGen       total 382464K, used 381593K [0x0000000080000000, 0x0000000097580000, 0x00000008d5580000)
  object space 382464K, 99% used [0x0000000080000000,0x00000000974a66f8,0x0000000097580000)
 Metaspace       used 6573K, capacity 6856K, committed 6912K, reserved 8192K
Event: 16.458 GC heap after
Heap after GC invocations=17 (full 3):
 PSYoungGen      total 766464K, used 112557K [0x00000008d5580000, 0x0000000911d80000, 0x0000000d00000000)
  eden space 590336K, 0% used [0x00000008d5580000,0x00000008d5580000,0x00000008f9600000)
  from space 176128K, 63% used [0x0000000904e80000,0x000000090bc6b550,0x000000090fa80000)
  to   space 188928K, 0% used [0x00000008f9600000,0x00000008f9600000,0x0000000904e80000)
 ParOldGen       total 604672K, used 382277K [0x0000000080000000, 0x00000000a4e80000, 0x00000008d5580000)
  object space 604672K, 63% used [0x0000000080000000,0x0000000097551478,0x00000000a4e80000)
 Metaspace       used 6573K, capacity 6856K, committed 6912K, reserved 8192K
}
Event: 18.191 GC heap before
{Heap before GC invocations=18 (full 3):
 PSYoungGen      total 766464K, used 702893K [0x00000008d5580000, 0x0000000911d80000, 0x0000000d00000000)
  eden space 590336K, 100% used [0x00000008d5580000,0x00000008f9600000,0x00000008f9600000)
  from space 176128K, 63% used [0x0000000904e80000,0x000000090bc6b550,0x000000090fa80000)
  to   space 188928K, 0% used [0x00000008f9600000,0x00000008f9600000,0x0000000904e80000)
 ParOldGen       total 604672K, used 382277K [0x0000000080000000, 0x00000000a4e80000, 0x00000008d5580000)
  object space 604672K, 63% used [0x0000000080000000,0x0000000097551478,0x00000000a4e80000)
 Metaspace       used 6578K, capacity 6856K, committed 6912K, reserved 8192K
Event: 18.427 GC heap after
Heap after GC invocations=18 (full 3):
 PSYoungGen      total 779264K, used 188896K [0x00000008d5580000, 0x000000091c600000, 0x0000000d00000000)
  eden space 590336K, 0% used [0x00000008d5580000,0x00000008d5580000,0x00000008f9600000)
  from space 188928K, 99% used [0x00000008f9600000,0x0000000904e78060,0x0000000904e80000)
  to   space 228352K, 0% used [0x000000090e700000,0x000000090e700000,0x000000091c600000)
 ParOldGen       total 604672K, used 400644K [0x0000000080000000, 0x00000000a4e80000, 0x00000008d5580000)
  object space 604672K, 66% used [0x0000000080000000,0x0000000098741108,0x00000000a4e80000)
 Metaspace       used 6578K, capacity 6856K, committed 6912K, reserved 8192K
}
Event: 19.995 GC heap before
{Heap before GC invocations=19 (full 3):
 PSYoungGen      total 779264K, used 779232K [0x00000008d5580000, 0x000000091c600000, 0x0000000d00000000)
  eden space 590336K, 100% used [0x00000008d5580000,0x00000008f9600000,0x00000008f9600000)
  from space 188928K, 99% used [0x00000008f9600000,0x0000000904e78060,0x0000000904e80000)
  to   space 228352K, 0% used [0x000000090e700000,0x000000090e700000,0x000000091c600000)
 ParOldGen       total 604672K, used 401648K [0x0000000080000000, 0x00000000a4e80000, 0x00000008d5580000)
  object space 604672K, 66% used [0x0000000080000000,0x000000009883c338,0x00000000a4e80000)
 Metaspace       used 6579K, capacity 6856K, committed 6912K, reserved 8192K
Event: 20.263 GC heap after
Heap after GC invocations=19 (full 3):
 PSYoungGen      total 908800K, used 194122K [0x00000008d5580000, 0x0000000920680000, 0x0000000d00000000)
  eden space 680448K, 0% used [0x00000008d5580000,0x00000008d5580000,0x00000008fee00000)
  from space 228352K, 85% used [0x000000090e700000,0x000000091a492880,0x000000091c600000)
  to   space 254976K, 0% used [0x00000008fee00000,0x00000008fee00000,0x000000090e700000)
 ParOldGen       total 604672K, used 499582K [0x0000000080000000, 0x00000000a4e80000, 0x00000008d5580000)
  object space 604672K, 82% used [0x0000000080000000,0x000000009e7df840,0x00000000a4e80000)
 Metaspace       used 6579K, capacity 6856K, committed 6912K, reserved 8192K
}
Event: 21.872 GC heap before
{Heap before GC invocations=20 (full 3):
 PSYoungGen      total 908800K, used 874570K [0x00000008d5580000, 0x0000000920680000, 0x0000000d00000000)
  eden space 680448K, 100% used [0x00000008d5580000,0x00000008fee00000,0x00000008fee00000)
  from space 228352K, 85% used [0x000000090e700000,0x000000091a492880,0x000000091c600000)
  to   space 254976K, 0% used [0x00000008fee00000,0x00000008fee00000,0x000000090e700000)
 ParOldGen       total 604672K, used 499584K [0x0000000080000000, 0x00000000a4e80000, 0x00000008d5580000)
  object space 604672K, 82% used [0x0000000080000000,0x000000009e7e01c8,0x00000000a4e80000)
 Metaspace       used 6590K, capacity 6920K, committed 7168K, reserved 8192K
Event: 22.156 GC heap after
Heap after GC invocations=20 (full 3):
 PSYoungGen      total 935424K, used 254975K [0x00000008d5580000, 0x000000092be80000, 0x0000000d00000000)
  eden space 680448K, 0% used [0x00000008d5580000,0x00000008d5580000,0x00000008fee00000)
  from space 254976K, 99% used [0x00000008fee00000,0x000000090e6ffca8,0x000000090e700000)
  to   space 315392K, 0% used [0x0000000918a80000,0x0000000918a80000,0x000000092be80000)
 ParOldGen       total 604672K, used 545759K [0x0000000080000000, 0x00000000a4e80000, 0x00000008d5580000)
  object space 604672K, 90% used [0x0000000080000000,0x00000000a14f7cc8,0x00000000a4e80000)
 Metaspace       used 6590K, capacity 6920K, committed 7168K, reserved 8192K
}
Event: 22.156 GC heap before
{Heap before GC invocations=21 (full 4):
 PSYoungGen      total 935424K, used 254975K [0x00000008d5580000, 0x000000092be80000, 0x0000000d00000000)
  eden space 680448K, 0% used [0x00000008d5580000,0x00000008d5580000,0x00000008fee00000)
  from space 254976K, 99% used [0x00000008fee00000,0x000000090e6ffca8,0x000000090e700000)
  to   space 315392K, 0% used [0x0000000918a80000,0x0000000918a80000,0x000000092be80000)
 ParOldGen       total 604672K, used 545759K [0x0000000080000000, 0x00000000a4e80000, 0x00000008d5580000)
  object space 604672K, 90% used [0x0000000080000000,0x00000000a14f7cc8,0x00000000a4e80000)
 Metaspace       used 6590K, capacity 6920K, committed 7168K, reserved 8192K
Event: 25.695 GC heap after
Heap after GC invocations=21 (full 4):
 PSYoungGen      total 935424K, used 187900K [0x00000008d5580000, 0x000000092be80000, 0x0000000d00000000)
  eden space 680448K, 0% used [0x00000008d5580000,0x00000008d5580000,0x00000008fee00000)
  from space 254976K, 73% used [0x00000008fee00000,0x000000090a57f0e0,0x000000090e700000)
  to   space 315392K, 0% used [0x0000000918a80000,0x0000000918a80000,0x000000092be80000)
 ParOldGen       total 894976K, used 604664K [0x0000000080000000, 0x00000000b6a00000, 0x00000008d5580000)
  object space 894976K, 67% used [0x0000000080000000,0x00000000a4e7e128,0x00000000b6a00000)
 Metaspace       used 6590K, capacity 6920K, committed 7168K, reserved 8192K
}

Deoptimization events (10 events):
Event: 17.561 Thread 0x0000000025e1f000 Uncommon trap: reason=unreached action=reinterpret pc=0x00000000041252c4 method=java.util.HashMap$TreeNode.find(ILjava/lang/Object;Ljava/lang/Class;)Ljava/util/HashMap$TreeNode; @ 58
Event: 20.386 Thread 0x000000002587b000 Uncommon trap: reason=predicate action=maybe_recompile pc=0x0000000003f0d030 method=com.android.dx.ssa.DomFront.run()[Lcom/android/dx/ssa/DomFront$DomInfo; @ 175
Event: 20.392 Thread 0x000000002587b000 Uncommon trap: reason=class_check action=maybe_recompile pc=0x0000000003e4441c method=com.android.dx.ssa.DomFront.calcDomFronts()V @ 101
Event: 20.392 Thread 0x000000002587b000 Uncommon trap: reason=class_check action=maybe_recompile pc=0x0000000003cad400 method=com.android.dx.ssa.DomFront.calcDomFronts()V @ 101
Event: 20.393 Thread 0x000000002587b000 Uncommon trap: reason=class_check action=maybe_recompile pc=0x0000000003cad400 method=com.android.dx.ssa.DomFront.calcDomFronts()V @ 101
Event: 20.394 Thread 0x000000002587b000 Uncommon trap: reason=class_check action=maybe_recompile pc=0x0000000003cad400 method=com.android.dx.ssa.DomFront.calcDomFronts()V @ 101
Event: 20.400 Thread 0x000000002587b000 Uncommon trap: reason=class_check action=maybe_recompile pc=0x000000000406168c method=com.android.dx.ssa.SsaConverter.placePhiFunctions(Lcom/android/dx/ssa/SsaMethod;Lcom/android/dx/ssa/LocalVariableInfo;I)V @ 257
Event: 20.405 Thread 0x000000002587b000 Uncommon trap: reason=class_check action=maybe_recompile pc=0x0000000003e07f3c method=com.android.dx.ssa.SsaConverter.placePhiFunctions(Lcom/android/dx/ssa/SsaMethod;Lcom/android/dx/ssa/LocalVariableInfo;I)V @ 257
Event: 20.405 Thread 0x000000002587b000 Uncommon trap: reason=class_check action=maybe_recompile pc=0x0000000003e07f3c method=com.android.dx.ssa.SsaConverter.placePhiFunctions(Lcom/android/dx/ssa/SsaMethod;Lcom/android/dx/ssa/LocalVariableInfo;I)V @ 257
Event: 20.405 Thread 0x000000002587b000 Uncommon trap: reason=class_check action=maybe_recompile pc=0x0000000003e07f3c method=com.android.dx.ssa.SsaConverter.placePhiFunctions(Lcom/android/dx/ssa/SsaMethod;Lcom/android/dx/ssa/LocalVariableInfo;I)V @ 257

Internal exceptions (10 events):
Event: 2.673 Thread 0x000000002516a800 Exception <a 'java/security/PrivilegedActionException'> (0x00000008d891cc10) thrown at [D:\re\workspace\8-2-build-windows-amd64-cygwin\jdk8u20\1074\hotspot\src\share\vm\prims\jvm.cpp, line 1275]
Event: 4.829 Thread 0x0000000001072800 Implicit null exception at 0x0000000003c6ed24 to 0x0000000003c781a1
Event: 9.473 Thread 0x0000000001072800 Exception <a 'java/security/PrivilegedActionException'> (0x00000008e22d3408) thrown at [D:\re\workspace\8-2-build-windows-amd64-cygwin\jdk8u20\1074\hotspot\src\share\vm\prims\jvm.cpp, line 1275]
Event: 9.477 Thread 0x0000000001072800 Implicit null exception at 0x00000000035d29e8 to 0x00000000035d2fd9
Event: 9.989 Thread 0x00000000259c7800 Exception <a 'java/security/PrivilegedActionException'> (0x00000008d57c53c8) thrown at [D:\re\workspace\8-2-build-windows-amd64-cygwin\jdk8u20\1074\hotspot\src\share\vm\prims\jvm.cpp, line 1275]
Event: 11.128 Thread 0x00000000259c7800 Implicit null exception at 0x0000000003f2343d to 0x0000000003f26449
Event: 17.246 Thread 0x0000000025e1f000 Exception <a 'java/security/PrivilegedActionException'> (0x00000008e67f0520) thrown at [D:\re\workspace\8-2-build-windows-amd64-cygwin\jdk8u20\1074\hotspot\src\share\vm\prims\jvm.cpp, line 1275]
Event: 17.356 Thread 0x0000000001072800 Exception <a 'java/security/PrivilegedActionException'> (0x00000008e7665778) thrown at [D:\re\workspace\8-2-build-windows-amd64-cygwin\jdk8u20\1074\hotspot\src\share\vm\prims\jvm.cpp, line 1275]
Event: 20.386 Thread 0x000000002587b000 Exception <a 'java/security/PrivilegedActionException'> (0x00000008d827cd58) thrown at [D:\re\workspace\8-2-build-windows-amd64-cygwin\jdk8u20\1074\hotspot\src\share\vm\prims\jvm.cpp, line 1275]
Event: 20.400 Thread 0x000000002587b000 Exception <a 'java/security/PrivilegedActionException'> (0x00000008d82eb628) thrown at [D:\re\workspace\8-2-build-windows-amd64-cygwin\jdk8u20\1074\hotspot\src\share\vm\prims\jvm.cpp, line 1275]

Events (10 events):
Event: 25.721 Thread 0x0000000001ebe000 flushing nmethod 0x0000000003912450
Event: 25.721 Thread 0x0000000001ebe000 flushing nmethod 0x000000000391fd10
Event: 25.721 Thread 0x0000000001ebe000 flushing nmethod 0x00000000039494d0
Event: 25.726 Thread 0x0000000001ebe000 flushing nmethod 0x0000000003978710
Event: 25.733 Thread 0x0000000001ec1800 flushing nmethod 0x0000000003a94950
Event: 25.733 Thread 0x0000000001ec1800 flushing nmethod 0x0000000003a96310
Event: 25.746 Thread 0x0000000001ec1800 flushing nmethod 0x0000000003ae3490
Event: 25.773 Thread 0x0000000001ec1800 flushing nmethod 0x0000000003ba4a10
Event: 25.810 Thread 0x0000000001ec1800 flushing nmethod 0x0000000003e89810
Event: 25.810 Thread 0x0000000001ec1800 flushing nmethod 0x0000000003eb7390


Dynamic libraries:
0x00007ff62e540000 - 0x00007ff62e574000 	C:\Program Files\Java\jdk1.8.0_20\bin\java.exe
0x00007ffd3f9f0000 - 0x00007ffd3fbc1000 	C:\WINDOWS\SYSTEM32\ntdll.dll
0x00007ffd3ee50000 - 0x00007ffd3eefb000 	C:\WINDOWS\System32\KERNEL32.DLL
0x00007ffd3c940000 - 0x00007ffd3cb5d000 	C:\WINDOWS\System32\KERNELBASE.dll
0x00007ffd3d2d0000 - 0x00007ffd3d372000 	C:\WINDOWS\System32\ADVAPI32.dll
0x00007ffd3f8c0000 - 0x00007ffd3f95e000 	C:\WINDOWS\System32\msvcrt.dll
0x00007ffd3f990000 - 0x00007ffd3f9e9000 	C:\WINDOWS\System32\sechost.dll
0x00007ffd3f400000 - 0x00007ffd3f521000 	C:\WINDOWS\System32\RPCRT4.dll
0x00007ffd3d430000 - 0x00007ffd3d595000 	C:\WINDOWS\System32\USER32.dll
0x00007ffd3cd90000 - 0x00007ffd3cdae000 	C:\WINDOWS\System32\win32u.dll
0x00007ffd3d380000 - 0x00007ffd3d3b4000 	C:\WINDOWS\System32\GDI32.dll
0x00007ffd3bf30000 - 0x00007ffd3c0b2000 	C:\WINDOWS\System32\gdi32full.dll
0x00007ffd389f0000 - 0x00007ffd38c69000 	C:\WINDOWS\WinSxS\amd64_microsoft.windows.common-controls_6595b64144ccf1df_6.0.14393.0_none_2d0f50fcbdb171b8\COMCTL32.dll
0x00007ffd3f5d0000 - 0x00007ffd3f897000 	C:\WINDOWS\System32\combase.dll
0x00007ffd3c0c0000 - 0x00007ffd3c1b5000 	C:\WINDOWS\System32\ucrtbase.dll
0x00007ffd3ccc0000 - 0x00007ffd3cd2a000 	C:\WINDOWS\System32\bcryptPrimitives.dll
0x00007ffd3f960000 - 0x00007ffd3f98e000 	C:\WINDOWS\System32\IMM32.DLL
0x0000000076cd0000 - 0x0000000076da2000 	C:\Program Files\Java\jdk1.8.0_20\jre\bin\msvcr100.dll
0x0000000076470000 - 0x0000000076cc8000 	C:\Program Files\Java\jdk1.8.0_20\jre\bin\server\jvm.dll
0x00007ffd3ef60000 - 0x00007ffd3ef68000 	C:\WINDOWS\System32\PSAPI.DLL
0x00007ffd38710000 - 0x00007ffd38719000 	C:\WINDOWS\SYSTEM32\WSOCK32.dll
0x00007ffd3a390000 - 0x00007ffd3a3b3000 	C:\WINDOWS\SYSTEM32\WINMM.dll
0x00007ffd3d3c0000 - 0x00007ffd3d42a000 	C:\WINDOWS\System32\WS2_32.dll
0x0000000000a40000 - 0x0000000000a6b000 	C:\WINDOWS\SYSTEM32\WINMMBASE.dll
0x00007ffd3bee0000 - 0x00007ffd3bf22000 	C:\WINDOWS\System32\cfgmgr32.dll
0x0000000050010000 - 0x000000005001f000 	C:\Program Files\Java\jdk1.8.0_20\jre\bin\verify.dll
0x0000000077fd0000 - 0x0000000077ff8000 	C:\Program Files\Java\jdk1.8.0_20\jre\bin\java.dll
0x0000000077fb0000 - 0x0000000077fc6000 	C:\Program Files\Java\jdk1.8.0_20\jre\bin\zip.dll
0x00007ffd3d6e0000 - 0x00007ffd3ebe8000 	C:\WINDOWS\System32\SHELL32.dll
0x00007ffd3c1c0000 - 0x00007ffd3c89a000 	C:\WINDOWS\System32\windows.storage.dll
0x00007ffd3be80000 - 0x00007ffd3becc000 	C:\WINDOWS\System32\powrprof.dll
0x00007ffd3ef00000 - 0x00007ffd3ef52000 	C:\WINDOWS\System32\shlwapi.dll
0x00007ffd3bed0000 - 0x00007ffd3bedf000 	C:\WINDOWS\System32\kernel.appcore.dll
0x00007ffd3cb60000 - 0x00007ffd3cc09000 	C:\WINDOWS\System32\shcore.dll
0x00007ffd3be50000 - 0x00007ffd3be64000 	C:\WINDOWS\System32\profapi.dll
0x00007ffd2d520000 - 0x00007ffd2d6b2000 	C:\WINDOWS\SYSTEM32\dbghelp.dll

VM Arguments:
jvm_args: -Djava.awt.headless=true -Xmx50g -Dfile.encoding=windows-1251 -Duser.country=RU -Duser.language=ru -Duser.variant 
java_command: com.android.dx.command.Main --dex --num-threads=4 --multi-dex --main-dex-list C:\Users\User\Documents\GitHub\iCRM\iCRM\app\build\intermediates\multi-dex\debug\maindexlist.txt --output C:\Users\User\Documents\GitHub\iCRM\iCRM\app\build\intermediates\transforms\dex\debug\folders\1000\1f\main C:\Users\User\Documents\GitHub\iCRM\iCRM\app\build\intermediates\transforms\jarMerging\debug\jars\1\1f\combined.jar
java_class_path (initial): C:\Users\User\AppData\Local\Android\sdk\build-tools\23.0.3\lib\dx.jar
Launcher Type: SUN_STANDARD

Environment Variables:
PATH=C:\ProgramData\Oracle\Java\javapath;C:\Program Files\Broadcom\Broadcom 802.11 Network Adapter;C:\Program Files (x86)\NVIDIA Corporation\PhysX\Common;C:\Program Files (x86)\Intel\iCLS Client\;C:\Program Files\Intel\iCLS Client\;C:\Windows\system32;C:\Windows;C:\Windows\System32\Wbem;C:\Windows\System32\WindowsPowerShell\v1.0\;C:\Program Files\Intel\Intel(R) Management Engine Components\DAL;C:\Program Files\Intel\Intel(R) Management Engine Components\IPT;C:\Program Files (x86)\Intel\Intel(R) Management Engine Components\DAL;C:\Program Files (x86)\Intel\Intel(R) Management Engine Components\IPT;C:\Program Files\WIDCOMM\Bluetooth Software\;C:\Program Files\WIDCOMM\Bluetooth Software\syswow64;C:\Program Files\Acer\Remote Files\;C:\Program Files (x86)\Skype\Phone\;C:\Program Files\OpenVPN\bin;C:\WINDOWS\system32;C:\WINDOWS;C:\WINDOWS\System32\Wbem;C:\WINDOWS\System32\WindowsPowerShell\v1.0\;C:\Users\User\AppData\Local\Microsoft\WindowsApps;
USERNAME=User
OS=Windows_NT
PROCESSOR_IDENTIFIER=Intel64 Family 6 Model 69 Stepping 1, GenuineIntel



---------------  S Y S T E M  ---------------

OS: Windows 8.1 , 64 bit Build 9600 

CPU:total 4 (2 cores per cpu, 2 threads per core) family 6 model 69 stepping 1, cmov, cx8, fxsr, mmx, sse, sse2, sse3, ssse3, sse4.1, sse4.2, popcnt, avx, avx2, aes, clmul, erms, lzcnt, ht, tsc, tscinvbit, bmi1, bmi2

Memory: 4k page, physical 8310040k(1436168k free), swap 12406040k(5128k free)

vm_info: Java HotSpot(TM) 64-Bit Server VM (25.20-b23) for windows-amd64 JRE (1.8.0_20-b26), built on Jul 30 2014 13:51:23 by "java_re" with MS VC++ 10.0 (VS2010)

time: Wed Oct 19 19:37:39 2016
elapsed time: 26 seconds (0d 0h 0m 26s)

