#
# There is insufficient memory for the Java Runtime Environment to continue.
# Native memory allocation (malloc) failed to allocate 235216 bytes for Chunk::new
# Possible reasons:
#   The system is out of physical RAM or swap space
#   In 32 bit mode, the process size limit was hit
# Possible solutions:
#   Reduce memory load on the system
#   Increase physical memory or swap space
#   Check if swap backing store is full
#   Use 64 bit Java on a 64 bit OS
#   Decrease Java heap size (-Xmx/-Xms)
#   Decrease number of Java threads
#   Decrease Java thread stack sizes (-Xss)
#   Set larger code cache with -XX:ReservedCodeCacheSize=
# This output file may be truncated or incomplete.
#
#  Out of Memory Error (allocation.cpp:390), pid=11400, tid=3432
#
# JRE version: Java(TM) SE Runtime Environment (8.0_20-b26) (build 1.8.0_20-b26)
# Java VM: Java HotSpot(TM) 64-Bit Server VM (25.20-b23 mixed mode windows-amd64 )
# Failed to write core dump. Minidumps are not enabled by default on client versions of Windows
#

---------------  T H R E A D  ---------------

Current thread (0x000000002385e000):  JavaThread "C2 CompilerThread1" daemon [_thread_in_native, id=3432, stack(0x0000000024ed0000,0x0000000024fd0000)]

Stack: [0x0000000024ed0000,0x0000000024fd0000]
Native frames: (J=compiled Java code, j=interpreted, Vv=VM code, C=native code)
V  [jvm.dll+0x3152fa]
V  [jvm.dll+0x265d03]
V  [jvm.dll+0x266943]
V  [jvm.dll+0x25e265]
V  [jvm.dll+0xbe255]
V  [jvm.dll+0xbe6fc]
V  [jvm.dll+0x45c472]
V  [jvm.dll+0x49d76f]
V  [jvm.dll+0x451911]
V  [jvm.dll+0x452634]
V  [jvm.dll+0x435fc2]
V  [jvm.dll+0x97b62]
V  [jvm.dll+0x98353]
V  [jvm.dll+0x22aac4]
V  [jvm.dll+0x283f5a]
C  [msvcr100.dll+0x21d9f]
C  [msvcr100.dll+0x21e3b]
C  [KERNEL32.DLL+0x8364]
C  [ntdll.dll+0x65e91]


Current CompileTask:
C2:  48533 3134       4       com.android.dx.command.dexer.Main$MainDexListFilter::accept (26 bytes)


---------------  P R O C E S S  ---------------

Java Threads: ( => current thread )
  0x0000000025eea800 JavaThread "pool-2-thread-4" [_thread_blocked, id=3484, stack(0x00000000272a0000,0x00000000273a0000)]
  0x0000000025483800 JavaThread "pool-2-thread-3" [_thread_blocked, id=6660, stack(0x00000000271a0000,0x00000000272a0000)]
  0x0000000025482800 JavaThread "pool-2-thread-2" [_thread_blocked, id=9756, stack(0x00000000270a0000,0x00000000271a0000)]
  0x0000000025482000 JavaThread "pool-3-thread-1" [_thread_blocked, id=10872, stack(0x0000000026fa0000,0x00000000270a0000)]
  0x0000000025916800 JavaThread "pool-2-thread-1" [_thread_blocked, id=9616, stack(0x0000000026ea0000,0x0000000026fa0000)]
  0x00000000250fb800 JavaThread "Service Thread" daemon [_thread_blocked, id=6568, stack(0x00000000254d0000,0x00000000255d0000)]
  0x0000000023865000 JavaThread "C1 CompilerThread2" daemon [_thread_blocked, id=3268, stack(0x0000000024fd0000,0x00000000250d0000)]
=>0x000000002385e000 JavaThread "C2 CompilerThread1" daemon [_thread_in_native, id=3432, stack(0x0000000024ed0000,0x0000000024fd0000)]
  0x000000002385c000 JavaThread "C2 CompilerThread0" daemon [_thread_in_vm, id=5728, stack(0x0000000024dd0000,0x0000000024ed0000)]
  0x000000002385a800 JavaThread "Attach Listener" daemon [_thread_blocked, id=9792, stack(0x0000000024cd0000,0x0000000024dd0000)]
  0x0000000023859800 JavaThread "Signal Dispatcher" daemon [_thread_blocked, id=4136, stack(0x0000000024bd0000,0x0000000024cd0000)]
  0x00000000013b6000 JavaThread "Finalizer" daemon [_thread_blocked, id=7444, stack(0x0000000024ad0000,0x0000000024bd0000)]
  0x00000000013ad000 JavaThread "Reference Handler" daemon [_thread_blocked, id=12056, stack(0x00000000249d0000,0x0000000024ad0000)]
  0x00000000012c2800 JavaThread "main" [_thread_blocked, id=7592, stack(0x0000000001190000,0x0000000001290000)]

Other Threads:
  0x0000000023825800 VMThread [stack: 0x00000000248d0000,0x00000000249d0000] [id=12456]
  0x000000002510c000 WatcherThread [stack: 0x00000000255d0000,0x00000000256d0000] [id=7016]

VM state:synchronizing (normal execution)

VM Mutex/Monitor currently owned by a thread:  ([mutex/lock_event])
[0x000000000129cab0] Threads_lock - owner thread: 0x0000000023825800

Heap:
 PSYoungGen      total 948224K, used 475555K [0x00000008d5580000, 0x0000000925b00000, 0x0000000d00000000)
  eden space 692736K, 68% used [0x00000008d5580000,0x00000008f25e8ff0,0x00000008ffa00000)
  from space 255488K, 0% used [0x0000000910a80000,0x0000000910a80000,0x0000000920400000)
  to   space 279040K, 0% used [0x00000008ffa00000,0x00000008ffa00000,0x0000000910a80000)
 ParOldGen       total 813056K, used 813005K [0x0000000080000000, 0x00000000b1a00000, 0x00000008d5580000)
  object space 813056K, 99% used [0x0000000080000000,0x00000000b19f3440,0x00000000b1a00000)
 Metaspace       used 6593K, capacity 6920K, committed 7168K, reserved 8192K

Card table byte_map: [0x0000000012400000,0x0000000018810000] byte_map_base: 0x0000000012000000

Marking Bits: (ParMarkBitMap*) 0x000000005401b460
 Begin Bits: [0x0000000d00000000, 0x0000000d32000000)
 End Bits:   [0x0000000d32000000, 0x0000000d64000000)

Polling page: 0x00000000012a0000

CodeCache: size=245760Kb used=10377Kb max_used=14018Kb free=235382Kb
 bounds [0x0000000003400000, 0x00000000041c0000, 0x0000000012400000]
 total_blobs=2616 nmethods=2350 adapters=179
 compilation: enabled

Compilation events (10 events):
Event: 42.411 Thread 0x000000002385e000 nmethod 3130 0x00000000039b8a10 code [0x00000000039b8bc0, 0x00000000039b94c8]
Event: 42.512 Thread 0x000000002385c000 3131       4       com.android.dx.rop.annotation.NameValuePair::<init> (43 bytes)
Event: 42.513 Thread 0x000000002385c000 nmethod 3131 0x000000000376e390 code [0x000000000376e4c0, 0x000000000376e558]
Event: 46.822 Thread 0x000000002385e000 3132       4       com.android.dx.cf.direct.AttributeFactory::parse0 (53 bytes)
Event: 46.829 Thread 0x000000002385e000 nmethod 3132 0x0000000003d2a190 code [0x0000000003d2a300, 0x0000000003d2a768]
Event: 46.897 Thread 0x000000002385c000 3133       4       java.util.zip.ZipEntry::isDirectory (10 bytes)
Event: 46.897 Thread 0x000000002385e000 3134       4       com.android.dx.command.dexer.Main$MainDexListFilter::accept (26 bytes)
Event: 46.899 Thread 0x000000002385c000 nmethod 3133 0x000000000363fe90 code [0x000000000363ffe0, 0x0000000003640098]
Event: 46.932 Thread 0x0000000023865000 3135       3       com.android.dx.ssa.MoveParamCombiner$1$1::map (21 bytes)
Event: 46.932 Thread 0x0000000023865000 nmethod 3135 0x0000000003658650 code [0x00000000036587c0, 0x0000000003658a90]

GC Heap History (10 events):
Event: 29.733 GC heap before
{Heap before GC invocations=21 (full 4):
 PSYoungGen      total 948224K, used 857972K [0x00000008d5580000, 0x0000000925b00000, 0x0000000d00000000)
  eden space 692736K, 100% used [0x00000008d5580000,0x00000008ffa00000,0x00000008ffa00000)
  from space 255488K, 64% used [0x0000000910a80000,0x000000091abdd1b0,0x0000000920400000)
  to   space 279040K, 0% used [0x00000008ffa00000,0x00000008ffa00000,0x0000000910a80000)
 ParOldGen       total 813056K, used 543020K [0x0000000080000000, 0x00000000b1a00000, 0x00000008d5580000)
  object space 813056K, 66% used [0x0000000080000000,0x00000000a124b090,0x00000000b1a00000)
 Metaspace       used 6592K, capacity 6920K, committed 7168K, reserved 8192K
Event: 30.083 GC heap after
Heap after GC invocations=21 (full 4):
 PSYoungGen      total 971776K, used 271324K [0x00000008d5580000, 0x0000000925b00000, 0x0000000d00000000)
  eden space 692736K, 0% used [0x00000008d5580000,0x00000008d5580000,0x00000008ffa00000)
  from space 279040K, 97% used [0x00000008ffa00000,0x00000009102f72f8,0x0000000910a80000)
  to   space 255488K, 0% used [0x0000000910a80000,0x0000000910a80000,0x0000000920400000)
 ParOldGen       total 813056K, used 543020K [0x0000000080000000, 0x00000000b1a00000, 0x00000008d5580000)
  object space 813056K, 66% used [0x0000000080000000,0x00000000a124b090,0x00000000b1a00000)
 Metaspace       used 6592K, capacity 6920K, committed 7168K, reserved 8192K
}
Event: 32.070 GC heap before
{Heap before GC invocations=22 (full 4):
 PSYoungGen      total 971776K, used 964060K [0x00000008d5580000, 0x0000000925b00000, 0x0000000d00000000)
  eden space 692736K, 100% used [0x00000008d5580000,0x00000008ffa00000,0x00000008ffa00000)
  from space 279040K, 97% used [0x00000008ffa00000,0x00000009102f72f8,0x0000000910a80000)
  to   space 255488K, 0% used [0x0000000910a80000,0x0000000910a80000,0x0000000920400000)
 ParOldGen       total 813056K, used 543020K [0x0000000080000000, 0x00000000b1a00000, 0x00000008d5580000)
  object space 813056K, 66% used [0x0000000080000000,0x00000000a124b090,0x00000000b1a00000)
 Metaspace       used 6592K, capacity 6920K, committed 7168K, reserved 8192K
Event: 32.530 GC heap after
Heap after GC invocations=22 (full 4):
 PSYoungGen      total 948224K, used 255472K [0x00000008d5580000, 0x0000000925b00000, 0x0000000d00000000)
  eden space 692736K, 0% used [0x00000008d5580000,0x00000008d5580000,0x00000008ffa00000)
  from space 255488K, 99% used [0x0000000910a80000,0x00000009203fc0f8,0x0000000920400000)
  to   space 279040K, 0% used [0x00000008ffa00000,0x00000008ffa00000,0x0000000910a80000)
 ParOldGen       total 813056K, used 805542K [0x0000000080000000, 0x00000000b1a00000, 0x00000008d5580000)
  object space 813056K, 99% used [0x0000000080000000,0x00000000b12a9800,0x00000000b1a00000)
 Metaspace       used 6592K, capacity 6920K, committed 7168K, reserved 8192K
}
Event: 32.530 GC heap before
{Heap before GC invocations=23 (full 5):
 PSYoungGen      total 948224K, used 255472K [0x00000008d5580000, 0x0000000925b00000, 0x0000000d00000000)
  eden space 692736K, 0% used [0x00000008d5580000,0x00000008d5580000,0x00000008ffa00000)
  from space 255488K, 99% used [0x0000000910a80000,0x00000009203fc0f8,0x0000000920400000)
  to   space 279040K, 0% used [0x00000008ffa00000,0x00000008ffa00000,0x0000000910a80000)
 ParOldGen       total 813056K, used 805542K [0x0000000080000000, 0x00000000b1a00000, 0x00000008d5580000)
  object space 813056K, 99% used [0x0000000080000000,0x00000000b12a9800,0x00000000b1a00000)
 Metaspace       used 6592K, capacity 6920K, committed 7168K, reserved 8192K
Event: 36.384 GC heap after
Heap after GC invocations=23 (full 5):
 PSYoungGen      total 948224K, used 226051K [0x00000008d5580000, 0x0000000925b00000, 0x0000000d00000000)
  eden space 692736K, 0% used [0x00000008d5580000,0x00000008d5580000,0x00000008ffa00000)
  from space 255488K, 88% used [0x0000000910a80000,0x000000091e740c78,0x0000000920400000)
  to   space 279040K, 0% used [0x00000008ffa00000,0x00000008ffa00000,0x0000000910a80000)
 ParOldGen       total 813056K, used 812775K [0x0000000080000000, 0x00000000b1a00000, 0x00000008d5580000)
  object space 813056K, 99% used [0x0000000080000000,0x00000000b19b9f20,0x00000000b1a00000)
 Metaspace       used 6592K, capacity 6920K, committed 7168K, reserved 8192K
}
Event: 38.080 GC heap before
{Heap before GC invocations=24 (full 6):
 PSYoungGen      total 948224K, used 918787K [0x00000008d5580000, 0x0000000925b00000, 0x0000000d00000000)
  eden space 692736K, 100% used [0x00000008d5580000,0x00000008ffa00000,0x00000008ffa00000)
  from space 255488K, 88% used [0x0000000910a80000,0x000000091e740c78,0x0000000920400000)
  to   space 279040K, 0% used [0x00000008ffa00000,0x00000008ffa00000,0x0000000910a80000)
 ParOldGen       total 813056K, used 812775K [0x0000000080000000, 0x00000000b1a00000, 0x00000008d5580000)
  object space 813056K, 99% used [0x0000000080000000,0x00000000b19b9f20,0x00000000b1a00000)
 Metaspace       used 6592K, capacity 6920K, committed 7168K, reserved 8192K
Event: 40.890 GC heap after
Heap after GC invocations=24 (full 6):
 PSYoungGen      total 948224K, used 171267K [0x00000008d5580000, 0x0000000925b00000, 0x0000000d00000000)
  eden space 692736K, 0% used [0x00000008d5580000,0x00000008d5580000,0x00000008ffa00000)
  from space 255488K, 67% used [0x0000000910a80000,0x000000091b1c0c28,0x0000000920400000)
  to   space 279040K, 0% used [0x00000008ffa00000,0x00000008ffa00000,0x0000000910a80000)
 ParOldGen       total 813056K, used 812772K [0x0000000080000000, 0x00000000b1a00000, 0x00000008d5580000)
  object space 813056K, 99% used [0x0000000080000000,0x00000000b19b9050,0x00000000b1a00000)
 Metaspace       used 6592K, capacity 6920K, committed 7168K, reserved 8192K
}
Event: 43.237 GC heap before
{Heap before GC invocations=25 (full 7):
 PSYoungGen      total 948224K, used 864003K [0x00000008d5580000, 0x0000000925b00000, 0x0000000d00000000)
  eden space 692736K, 100% used [0x00000008d5580000,0x00000008ffa00000,0x00000008ffa00000)
  from space 255488K, 67% used [0x0000000910a80000,0x000000091b1c0c28,0x0000000920400000)
  to   space 279040K, 0% used [0x00000008ffa00000,0x00000008ffa00000,0x0000000910a80000)
 ParOldGen       total 813056K, used 812772K [0x0000000080000000, 0x00000000b1a00000, 0x00000008d5580000)
  object space 813056K, 99% used [0x0000000080000000,0x00000000b19b9050,0x00000000b1a00000)
 Metaspace       used 6592K, capacity 6920K, committed 7168K, reserved 8192K
Event: 46.129 GC heap after
Heap after GC invocations=25 (full 7):
 PSYoungGen      total 948224K, used 217653K [0x00000008d5580000, 0x0000000925b00000, 0x0000000d00000000)
  eden space 692736K, 31% used [0x00000008d5580000,0x00000008e2a0d740,0x00000008ffa00000)
  from space 255488K, 0% used [0x0000000910a80000,0x0000000910a80000,0x0000000920400000)
  to   space 279040K, 0% used [0x00000008ffa00000,0x00000008ffa00000,0x0000000910a80000)
 ParOldGen       total 813056K, used 813005K [0x0000000080000000, 0x00000000b1a00000, 0x00000008d5580000)
  object space 813056K, 99% used [0x0000000080000000,0x00000000b19f3440,0x00000000b1a00000)
 Metaspace       used 6592K, capacity 6920K, committed 7168K, reserved 8192K
}

Deoptimization events (10 events):
Event: 31.784 Thread 0x0000000025916800 Uncommon trap: reason=class_check action=maybe_recompile pc=0x0000000004112330 method=com.android.dx.ssa.back.InterferenceGraph.add(II)V @ 19
Event: 31.784 Thread 0x0000000025916800 Uncommon trap: reason=class_check action=maybe_recompile pc=0x0000000004112330 method=com.android.dx.ssa.back.InterferenceGraph.add(II)V @ 19
Event: 31.784 Thread 0x0000000025916800 Uncommon trap: reason=class_check action=maybe_recompile pc=0x0000000004112330 method=com.android.dx.ssa.back.InterferenceGraph.add(II)V @ 19
Event: 31.784 Thread 0x0000000025916800 Uncommon trap: reason=class_check action=maybe_recompile pc=0x0000000004112330 method=com.android.dx.ssa.back.InterferenceGraph.add(II)V @ 19
Event: 31.861 Thread 0x0000000025482800 Uncommon trap: reason=predicate action=maybe_recompile pc=0x0000000003e2aa04 method=com.android.dx.ssa.back.InterferenceGraph.<init>(I)V @ 23
Event: 31.918 Thread 0x0000000025916800 Uncommon trap: reason=class_check action=maybe_recompile pc=0x0000000003bed2fc method=com.android.dx.ssa.back.InterferenceGraph.mergeInterferenceSet(ILcom/android/dx/util/IntSet;)V @ 20
Event: 31.919 Thread 0x0000000025916800 Uncommon trap: reason=class_check action=maybe_recompile pc=0x0000000003bed2fc method=com.android.dx.ssa.back.InterferenceGraph.mergeInterferenceSet(ILcom/android/dx/util/IntSet;)V @ 20
Event: 31.919 Thread 0x0000000025916800 Uncommon trap: reason=class_check action=maybe_recompile pc=0x0000000003bed2fc method=com.android.dx.ssa.back.InterferenceGraph.mergeInterferenceSet(ILcom/android/dx/util/IntSet;)V @ 20
Event: 31.984 Thread 0x0000000025916800 Uncommon trap: reason=class_check action=maybe_recompile pc=0x0000000003bed2fc method=com.android.dx.ssa.back.InterferenceGraph.mergeInterferenceSet(ILcom/android/dx/util/IntSet;)V @ 20
Event: 41.808 Thread 0x0000000025483800 Uncommon trap: reason=null_check action=make_not_entrant pc=0x00000000040c3b10 method=com.android.dx.rop.cst.CstKnownNull.equals(Ljava/lang/Object;)Z @ 1

Internal exceptions (10 events):
Event: 7.259 Thread 0x0000000025482800 Implicit null exception at 0x0000000003d6fd14 to 0x0000000003d73c29
Event: 7.580 Thread 0x0000000025916800 Exception <a 'java/security/PrivilegedActionException'> (0x00000008e5efc688) thrown at [D:\re\workspace\8-2-build-windows-amd64-cygwin\jdk8u20\1074\hotspot\src\share\vm\prims\jvm.cpp, line 1275]
Event: 11.171 Thread 0x00000000012c2800 Exception <a 'java/security/PrivilegedActionException'> (0x00000008e0e984c8) thrown at [D:\re\workspace\8-2-build-windows-amd64-cygwin\jdk8u20\1074\hotspot\src\share\vm\prims\jvm.cpp, line 1275]
Event: 11.175 Thread 0x00000000012c2800 Implicit null exception at 0x00000000035c0828 to 0x00000000035c0e19
Event: 13.008 Thread 0x0000000025eea800 Implicit null exception at 0x0000000003e0773d to 0x0000000003e0a755
Event: 13.211 Thread 0x00000000012c2800 Exception <a 'java/security/PrivilegedActionException'> (0x00000008efb545c8) thrown at [D:\re\workspace\8-2-build-windows-amd64-cygwin\jdk8u20\1074\hotspot\src\share\vm\prims\jvm.cpp, line 1275]
Event: 14.617 Thread 0x0000000025482800 Exception <a 'java/security/PrivilegedActionException'> (0x00000008dc628e70) thrown at [D:\re\workspace\8-2-build-windows-amd64-cygwin\jdk8u20\1074\hotspot\src\share\vm\prims\jvm.cpp, line 1275]
Event: 28.421 Thread 0x0000000025482800 Exception <a 'java/security/PrivilegedActionException'> (0x00000008d5e45e20) thrown at [D:\re\workspace\8-2-build-windows-amd64-cygwin\jdk8u20\1074\hotspot\src\share\vm\prims\jvm.cpp, line 1275]
Event: 28.431 Thread 0x0000000025482800 Exception <a 'java/security/PrivilegedActionException'> (0x00000008d5eb46f0) thrown at [D:\re\workspace\8-2-build-windows-amd64-cygwin\jdk8u20\1074\hotspot\src\share\vm\prims\jvm.cpp, line 1275]
Event: 41.808 Thread 0x0000000025483800 Implicit null exception at 0x00000000040c3adc to 0x00000000040c3b04

Events (10 events):
Event: 38.080 Executing VM operation: ParallelGCFailedAllocation
Event: 40.890 Executing VM operation: ParallelGCFailedAllocation done
Event: 41.808 Thread 0x0000000025483800 Uncommon trap: trap_request=0xfffffff4 fr.pc=0x00000000040c3b10
Event: 41.808 Thread 0x0000000025483800 DEOPT PACKING pc=0x00000000040c3b10 sp=0x000000002729ed30
Event: 41.808 Thread 0x0000000025483800 DEOPT UNPACKING pc=0x000000000344556a sp=0x000000002729ecb8 mode 2
Event: 43.237 Executing VM operation: ParallelGCFailedAllocation
Event: 46.130 Executing VM operation: ParallelGCFailedAllocation done
Event: 46.932 Thread 0x0000000023865000 flushing nmethod 0x00000000035c72d0
Event: 46.932 Thread 0x0000000023865000 flushing nmethod 0x00000000035e3750
Event: 46.932 Thread 0x0000000023865000 flushing nmethod 0x00000000036181d0


Dynamic libraries:
0x00007ff7d3eb0000 - 0x00007ff7d3ee4000 	C:\Program Files\Java\jdk1.8.0_20\bin\java.exe
0x00007ff9b0c20000 - 0x00007ff9b0df1000 	C:\WINDOWS\SYSTEM32\ntdll.dll
0x00007ff9b0060000 - 0x00007ff9b010b000 	C:\WINDOWS\System32\KERNEL32.DLL
0x00007ff9adb20000 - 0x00007ff9add3d000 	C:\WINDOWS\System32\KERNELBASE.dll
0x00007ff9b0210000 - 0x00007ff9b02b2000 	C:\WINDOWS\System32\ADVAPI32.dll
0x00007ff9affc0000 - 0x00007ff9b005e000 	C:\WINDOWS\System32\msvcrt.dll
0x00007ff9b0bc0000 - 0x00007ff9b0c19000 	C:\WINDOWS\System32\sechost.dll
0x00007ff9b0970000 - 0x00007ff9b0a91000 	C:\WINDOWS\System32\RPCRT4.dll
0x00007ff9b07f0000 - 0x00007ff9b0955000 	C:\WINDOWS\System32\USER32.dll
0x00007ff9ad300000 - 0x00007ff9ad31e000 	C:\WINDOWS\System32\win32u.dll
0x00007ff9b02c0000 - 0x00007ff9b02f4000 	C:\WINDOWS\System32\GDI32.dll
0x00007ff9adda0000 - 0x00007ff9adf22000 	C:\WINDOWS\System32\gdi32full.dll
0x00007ff9a7ae0000 - 0x00007ff9a7d5a000 	C:\WINDOWS\WinSxS\amd64_microsoft.windows.common-controls_6595b64144ccf1df_6.0.14393.351_none_4213128bc687e6d3\COMCTL32.dll
0x00007ff9b03c0000 - 0x00007ff9b0687000 	C:\WINDOWS\System32\combase.dll
0x00007ff9ad1b0000 - 0x00007ff9ad2a5000 	C:\WINDOWS\System32\ucrtbase.dll
0x00007ff9ad320000 - 0x00007ff9ad38a000 	C:\WINDOWS\System32\bcryptPrimitives.dll
0x00007ff9ae370000 - 0x00007ff9ae39e000 	C:\WINDOWS\System32\IMM32.DLL
0x0000000054c30000 - 0x0000000054d02000 	C:\Program Files\Java\jdk1.8.0_20\jre\bin\msvcr100.dll
0x0000000053840000 - 0x0000000054098000 	C:\Program Files\Java\jdk1.8.0_20\jre\bin\server\jvm.dll
0x00007ff9b0960000 - 0x00007ff9b0968000 	C:\WINDOWS\System32\PSAPI.DLL
0x00007ff9ab2a0000 - 0x00007ff9ab2c3000 	C:\WINDOWS\SYSTEM32\WINMM.dll
0x00007ff9a2eb0000 - 0x00007ff9a2eb9000 	C:\WINDOWS\SYSTEM32\WSOCK32.dll
0x00007ff9aea40000 - 0x00007ff9aeaaa000 	C:\WINDOWS\System32\WS2_32.dll
0x00007ff9ab270000 - 0x00007ff9ab29b000 	C:\WINDOWS\SYSTEM32\WINMMBASE.dll
0x00007ff9ad2b0000 - 0x00007ff9ad2f2000 	C:\WINDOWS\System32\cfgmgr32.dll
0x00000000550b0000 - 0x00000000550bf000 	C:\Program Files\Java\jdk1.8.0_20\jre\bin\verify.dll
0x0000000055080000 - 0x00000000550a8000 	C:\Program Files\Java\jdk1.8.0_20\jre\bin\java.dll
0x0000000055060000 - 0x0000000055076000 	C:\Program Files\Java\jdk1.8.0_20\jre\bin\zip.dll
0x00007ff9aeab0000 - 0x00007ff9affb9000 	C:\WINDOWS\System32\SHELL32.dll
0x00007ff9ad440000 - 0x00007ff9adb1a000 	C:\WINDOWS\System32\windows.storage.dll
0x00007ff9ad0b0000 - 0x00007ff9ad0fc000 	C:\WINDOWS\System32\powrprof.dll
0x00007ff9ae970000 - 0x00007ff9ae9c2000 	C:\WINDOWS\System32\shlwapi.dll
0x00007ff9ad0a0000 - 0x00007ff9ad0af000 	C:\WINDOWS\System32\kernel.appcore.dll
0x00007ff9adf30000 - 0x00007ff9adfd9000 	C:\WINDOWS\System32\shcore.dll
0x00007ff9ad080000 - 0x00007ff9ad094000 	C:\WINDOWS\System32\profapi.dll
0x00007ff9a64b0000 - 0x00007ff9a6642000 	C:\WINDOWS\SYSTEM32\dbghelp.dll

VM Arguments:
jvm_args: -Djava.awt.headless=true -Xmx50g -Dfile.encoding=windows-1251 -Duser.country=RU -Duser.language=ru -Duser.variant 
java_command: com.android.dx.command.Main --dex --num-threads=4 --multi-dex --main-dex-list C:\Users\User\Documents\GitHub\iCRM\iCRM\app\build\intermediates\multi-dex\debug\maindexlist.txt --output C:\Users\User\Documents\GitHub\iCRM\iCRM\app\build\intermediates\transforms\dex\debug\folders\1000\1f\main C:\Users\User\Documents\GitHub\iCRM\iCRM\app\build\intermediates\transforms\jarMerging\debug\jars\1\1f\combined.jar
java_class_path (initial): C:\Users\User\AppData\Local\Android\sdk\build-tools\23.0.3\lib\dx.jar
Launcher Type: SUN_STANDARD

Environment Variables:
PATH=C:\ProgramData\Oracle\Java\javapath;C:\Program Files\Broadcom\Broadcom 802.11 Network Adapter;C:\Program Files (x86)\NVIDIA Corporation\PhysX\Common;C:\Program Files (x86)\Intel\iCLS Client\;C:\Program Files\Intel\iCLS Client\;C:\Windows\system32;C:\Windows;C:\Windows\System32\Wbem;C:\Windows\System32\WindowsPowerShell\v1.0\;C:\Program Files\Intel\Intel(R) Management Engine Components\DAL;C:\Program Files\Intel\Intel(R) Management Engine Components\IPT;C:\Program Files (x86)\Intel\Intel(R) Management Engine Components\DAL;C:\Program Files (x86)\Intel\Intel(R) Management Engine Components\IPT;C:\Program Files\WIDCOMM\Bluetooth Software\;C:\Program Files\WIDCOMM\Bluetooth Software\syswow64;C:\Program Files\Acer\Remote Files\;C:\Program Files (x86)\Skype\Phone\;C:\Program Files\OpenVPN\bin;C:\WINDOWS\system32;C:\WINDOWS;C:\WINDOWS\System32\Wbem;C:\WINDOWS\System32\WindowsPowerShell\v1.0\;C:\Users\User\AppData\Local\Microsoft\WindowsApps;
USERNAME=User
OS=Windows_NT
PROCESSOR_IDENTIFIER=Intel64 Family 6 Model 69 Stepping 1, GenuineIntel



---------------  S Y S T E M  ---------------

OS: Windows 8.1 , 64 bit Build 9600 

CPU:total 4 (2 cores per cpu, 2 threads per core) family 6 model 69 stepping 1, cmov, cx8, fxsr, mmx, sse, sse2, sse3, ssse3, sse4.1, sse4.2, popcnt, avx, avx2, aes, clmul, erms, lzcnt, ht, tsc, tscinvbit, bmi1, bmi2

Memory: 4k page, physical 8310040k(1067248k free), swap 12406040k(59372k free)

vm_info: Java HotSpot(TM) 64-Bit Server VM (25.20-b23) for windows-amd64 JRE (1.8.0_20-b26), built on Jul 30 2014 13:51:23 by "java_re" with MS VC++ 10.0 (VS2010)

time: Wed Nov 02 14:27:18 2016
elapsed time: 48 seconds (0d 0h 0m 48s)

