#
# There is insufficient memory for the Java Runtime Environment to continue.
# Native memory allocation (malloc) failed to allocate 67108880 bytes for Chunk::new
# Possible reasons:
#   The system is out of physical RAM or swap space
#   In 32 bit mode, the process size limit was hit
# Possible solutions:
#   Reduce memory load on the system
#   Increase physical memory or swap space
#   Check if swap backing store is full
#   Use 64 bit Java on a 64 bit OS
#   Decrease Java heap size (-Xmx/-Xms)
#   Decrease number of Java threads
#   Decrease Java thread stack sizes (-Xss)
#   Set larger code cache with -XX:ReservedCodeCacheSize=
# This output file may be truncated or incomplete.
#
#  Out of Memory Error (allocation.cpp:390), pid=8028, tid=10976
#
# JRE version: Java(TM) SE Runtime Environment (8.0_20-b26) (build 1.8.0_20-b26)
# Java VM: Java HotSpot(TM) 64-Bit Server VM (25.20-b23 mixed mode windows-amd64 )
# Failed to write core dump. Minidumps are not enabled by default on client versions of Windows
#

---------------  T H R E A D  ---------------

Current thread (0x0000000023c4b800):  JavaThread "C2 CompilerThread0" daemon [_thread_in_native, id=10976, stack(0x0000000025090000,0x0000000025190000)]

Stack: [0x0000000025090000,0x0000000025190000]
Native frames: (J=compiled Java code, j=interpreted, Vv=VM code, C=native code)
V  [jvm.dll+0x3152fa]
V  [jvm.dll+0x265d03]
V  [jvm.dll+0x266943]
V  [jvm.dll+0x25e265]
V  [jvm.dll+0xbe255]
V  [jvm.dll+0xbe6fc]
V  [jvm.dll+0xf3878]
V  [jvm.dll+0x45df30]
V  [jvm.dll+0x45e1ea]
V  [jvm.dll+0x45f0cf]
V  [jvm.dll+0x461191]
V  [jvm.dll+0x4635c5]
V  [jvm.dll+0x463f4c]
V  [jvm.dll+0x464293]
V  [jvm.dll+0x451093]
V  [jvm.dll+0x452634]
V  [jvm.dll+0x435fc2]
V  [jvm.dll+0x97b62]
V  [jvm.dll+0x98353]
V  [jvm.dll+0x22aac4]
V  [jvm.dll+0x283f5a]
C  [msvcr100.dll+0x21d9f]
C  [msvcr100.dll+0x21e3b]
C  [KERNEL32.DLL+0x8364]
C  [ntdll.dll+0x65e91]


Current CompileTask:
C2:  88141 3936   !   4       com.android.dx.cf.code.Ropper::processBlock (1101 bytes)


---------------  P R O C E S S  ---------------

Java Threads: ( => current thread )
  0x00000000253a3800 JavaThread "Service Thread" daemon [_thread_blocked, id=1724, stack(0x0000000025790000,0x0000000025890000)]
  0x0000000023c51000 JavaThread "C1 CompilerThread2" daemon [_thread_blocked, id=13756, stack(0x0000000025290000,0x0000000025390000)]
  0x0000000023c4e000 JavaThread "C2 CompilerThread1" daemon [_thread_blocked, id=4744, stack(0x0000000025190000,0x0000000025290000)]
=>0x0000000023c4b800 JavaThread "C2 CompilerThread0" daemon [_thread_in_native, id=10976, stack(0x0000000025090000,0x0000000025190000)]
  0x0000000023c4a800 JavaThread "Attach Listener" daemon [_thread_blocked, id=12904, stack(0x0000000024f90000,0x0000000025090000)]
  0x0000000023c49000 JavaThread "Signal Dispatcher" daemon [_thread_blocked, id=8112, stack(0x0000000024e90000,0x0000000024f90000)]
  0x00000000016d6000 JavaThread "Finalizer" daemon [_thread_blocked, id=13600, stack(0x0000000024d90000,0x0000000024e90000)]
  0x00000000016cd000 JavaThread "Reference Handler" daemon [_thread_blocked, id=9884, stack(0x0000000024c90000,0x0000000024d90000)]

Other Threads:
  0x0000000023c15800 VMThread [stack: 0x0000000024b90000,0x0000000024c90000] [id=13996]

VM state:at safepoint (normal execution)

VM Mutex/Monitor currently owned by a thread:  ([mutex/lock_event])
[0x00000000015dcf00] Threads_lock - owner thread: 0x0000000023c15800
[0x00000000015dcc00] Heap_lock - owner thread: 0x00000000015e0800

Heap:
 PSYoungGen      total 1242624K, used 381489K [0x00000008d5580000, 0x0000000945980000, 0x0000000d00000000)
  eden space 712704K, 17% used [0x00000008d5580000,0x00000008dd1557d8,0x0000000900d80000)
  from space 529920K, 48% used [0x0000000925400000,0x0000000934cb6db8,0x0000000945980000)
  to   space 563200K, 0% used [0x0000000900d80000,0x0000000900d80000,0x0000000923380000)
 ParOldGen       total 1405952K, used 1009586K [0x0000000080000000, 0x00000000d5d00000, 0x00000008d5580000)
  object space 1405952K, 71% used [0x0000000080000000,0x00000000bd9ec8e0,0x00000000d5d00000)
 Metaspace       used 7444K, capacity 7512K, committed 7680K, reserved 8192K

Card table byte_map: [0x0000000012400000,0x0000000018810000] byte_map_base: 0x0000000012000000

Marking Bits: (ParMarkBitMap*) 0x0000000076c4b460
 Begin Bits: [0x0000000d00000000, 0x0000000d32000000)
 End Bits:   [0x0000000d32000000, 0x0000000d64000000)

Polling page: 0x0000000001580000

CodeCache: size=245760Kb used=15619Kb max_used=15630Kb free=230140Kb
 bounds [0x0000000003400000, 0x0000000004360000, 0x0000000012400000]
 total_blobs=3546 nmethods=3272 adapters=187
 compilation: enabled

Compilation events (10 events):
Event: 84.573 Thread 0x0000000023c4e000 4206 %     4       sun.security.provider.SHA::implCompress @ 12 (491 bytes)
Event: 84.603 Thread 0x0000000023c4e000 nmethod 4206% 0x0000000004351010 code [0x0000000004351160, 0x0000000004351bd8]
Event: 84.603 Thread 0x0000000023c4e000 4207       4       sun.security.provider.SHA::implCompress (491 bytes)
Event: 84.621 Thread 0x0000000023c4e000 nmethod 4207 0x000000000434ba10 code [0x000000000434bb60, 0x000000000434c4a8]
Event: 84.635 Thread 0x0000000023c51000 4208 %     3       sun.security.provider.DigestBase::engineUpdate @ 136 (188 bytes)
Event: 84.636 Thread 0x0000000023c51000 nmethod 4208% 0x000000000434ff90 code [0x0000000004350180, 0x0000000004350d78]
Event: 84.636 Thread 0x0000000023c51000 4209       3       sun.security.provider.DigestBase::engineUpdate (188 bytes)
Event: 84.637 Thread 0x0000000023c51000 nmethod 4209 0x000000000434d890 code [0x000000000434da80, 0x000000000434e598]
Event: 84.663 Thread 0x0000000023c4e000 4210 %     4       sun.security.provider.DigestBase::engineUpdate @ 136 (188 bytes)
Event: 84.667 Thread 0x0000000023c4e000 nmethod 4210% 0x000000000434fa50 code [0x000000000434fba0, 0x000000000434fdc8]

GC Heap History (10 events):
Event: 63.496 GC heap before
{Heap before GC invocations=30 (full 5):
 PSYoungGen      total 1041408K, used 923718K [0x00000008d5580000, 0x000000092ee80000, 0x0000000d00000000)
  eden space 663552K, 100% used [0x00000008d5580000,0x00000008fdd80000,0x00000008fdd80000)
  from space 377856K, 68% used [0x0000000916180000,0x0000000925f91830,0x000000092d280000)
  to   space 397312K, 0% used [0x00000008fdd80000,0x00000008fdd80000,0x0000000916180000)
 ParOldGen       total 1009664K, used 764957K [0x0000000080000000, 0x00000000bda00000, 0x00000008d5580000)
  object space 1009664K, 75% used [0x0000000080000000,0x00000000aeb074a0,0x00000000bda00000)
 Metaspace       used 6594K, capacity 6920K, committed 7168K, reserved 8192K
Event: 63.901 GC heap after
Heap after GC invocations=30 (full 5):
 PSYoungGen      total 1060864K, used 366957K [0x00000008d5580000, 0x0000000938880000, 0x0000000d00000000)
  eden space 663552K, 0% used [0x00000008d5580000,0x00000008d5580000,0x00000008fdd80000)
  from space 397312K, 92% used [0x00000008fdd80000,0x00000009143db5a0,0x0000000916180000)
  to   space 451584K, 0% used [0x000000091cf80000,0x000000091cf80000,0x0000000938880000)
 ParOldGen       total 1009664K, used 764957K [0x0000000080000000, 0x00000000bda00000, 0x00000008d5580000)
  object space 1009664K, 75% used [0x0000000080000000,0x00000000aeb074a0,0x00000000bda00000)
 Metaspace       used 6594K, capacity 6920K, committed 7168K, reserved 8192K
}
Event: 65.841 GC heap before
{Heap before GC invocations=31 (full 5):
 PSYoungGen      total 1060864K, used 1030509K [0x00000008d5580000, 0x0000000938880000, 0x0000000d00000000)
  eden space 663552K, 100% used [0x00000008d5580000,0x00000008fdd80000,0x00000008fdd80000)
  from space 397312K, 92% used [0x00000008fdd80000,0x00000009143db5a0,0x0000000916180000)
  to   space 451584K, 0% used [0x000000091cf80000,0x000000091cf80000,0x0000000938880000)
 ParOldGen       total 1009664K, used 764957K [0x0000000080000000, 0x00000000bda00000, 0x00000008d5580000)
  object space 1009664K, 75% used [0x0000000080000000,0x00000000aeb074a0,0x00000000bda00000)
 Metaspace       used 6698K, capacity 6920K, committed 7168K, reserved 8192K
Event: 66.406 GC heap after
Heap after GC invocations=31 (full 5):
 PSYoungGen      total 1095680K, used 451583K [0x00000008d5580000, 0x0000000942e80000, 0x0000000d00000000)
  eden space 644096K, 0% used [0x00000008d5580000,0x00000008d5580000,0x00000008fca80000)
  from space 451584K, 99% used [0x000000091cf80000,0x000000093887fd28,0x0000000938880000)
  to   space 529408K, 0% used [0x00000008fca80000,0x00000008fca80000,0x000000091cf80000)
 ParOldGen       total 1009664K, used 775034K [0x0000000080000000, 0x00000000bda00000, 0x00000008d5580000)
  object space 1009664K, 76% used [0x0000000080000000,0x00000000af4deae8,0x00000000bda00000)
 Metaspace       used 6698K, capacity 6920K, committed 7168K, reserved 8192K
}
Event: 69.833 GC heap before
{Heap before GC invocations=32 (full 5):
 PSYoungGen      total 1095680K, used 1095679K [0x00000008d5580000, 0x0000000942e80000, 0x0000000d00000000)
  eden space 644096K, 100% used [0x00000008d5580000,0x00000008fca80000,0x00000008fca80000)
  from space 451584K, 99% used [0x000000091cf80000,0x000000093887fd28,0x0000000938880000)
  to   space 529408K, 0% used [0x00000008fca80000,0x00000008fca80000,0x000000091cf80000)
 ParOldGen       total 1009664K, used 775034K [0x0000000080000000, 0x00000000bda00000, 0x00000008d5580000)
  object space 1009664K, 76% used [0x0000000080000000,0x00000000af4deae8,0x00000000bda00000)
 Metaspace       used 6962K, capacity 7176K, committed 7424K, reserved 8192K
Event: 70.529 GC heap after
Heap after GC invocations=32 (full 5):
 PSYoungGen      total 1173504K, used 457472K [0x00000008d5580000, 0x0000000949480000, 0x0000000d00000000)
  eden space 644096K, 0% used [0x00000008d5580000,0x00000008d5580000,0x00000008fca80000)
  from space 529408K, 86% used [0x00000008fca80000,0x00000009189400b0,0x000000091cf80000)
  to   space 590336K, 0% used [0x0000000925400000,0x0000000925400000,0x0000000949480000)
 ParOldGen       total 1009664K, used 899917K [0x0000000080000000, 0x00000000bda00000, 0x00000008d5580000)
  object space 1009664K, 89% used [0x0000000080000000,0x00000000b6ed35f8,0x00000000bda00000)
 Metaspace       used 6962K, capacity 7176K, committed 7424K, reserved 8192K
}
Event: 70.530 GC heap before
{Heap before GC invocations=33 (full 6):
 PSYoungGen      total 1173504K, used 457472K [0x00000008d5580000, 0x0000000949480000, 0x0000000d00000000)
  eden space 644096K, 0% used [0x00000008d5580000,0x00000008d5580000,0x00000008fca80000)
  from space 529408K, 86% used [0x00000008fca80000,0x00000009189400b0,0x000000091cf80000)
  to   space 590336K, 0% used [0x0000000925400000,0x0000000925400000,0x0000000949480000)
 ParOldGen       total 1009664K, used 899917K [0x0000000080000000, 0x00000000bda00000, 0x00000008d5580000)
  object space 1009664K, 89% used [0x0000000080000000,0x00000000b6ed35f8,0x00000000bda00000)
 Metaspace       used 6962K, capacity 7176K, committed 7424K, reserved 8192K
Event: 78.320 GC heap after
Heap after GC invocations=33 (full 6):
 PSYoungGen      total 1173504K, used 216882K [0x00000008d5580000, 0x0000000949480000, 0x0000000d00000000)
  eden space 644096K, 0% used [0x00000008d5580000,0x00000008d5580000,0x00000008fca80000)
  from space 529408K, 40% used [0x00000008fca80000,0x0000000909e4c990,0x000000091cf80000)
  to   space 590336K, 0% used [0x0000000925400000,0x0000000925400000,0x0000000949480000)
 ParOldGen       total 1405952K, used 1009586K [0x0000000080000000, 0x00000000d5d00000, 0x00000008d5580000)
  object space 1405952K, 71% used [0x0000000080000000,0x00000000bd9ec8e0,0x00000000d5d00000)
 Metaspace       used 6962K, capacity 7176K, committed 7424K, reserved 8192K
}
Event: 81.416 GC heap before
{Heap before GC invocations=34 (full 6):
 PSYoungGen      total 1173504K, used 860978K [0x00000008d5580000, 0x0000000949480000, 0x0000000d00000000)
  eden space 644096K, 100% used [0x00000008d5580000,0x00000008fca80000,0x00000008fca80000)
  from space 529408K, 40% used [0x00000008fca80000,0x0000000909e4c990,0x000000091cf80000)
  to   space 590336K, 0% used [0x0000000925400000,0x0000000925400000,0x0000000949480000)
 ParOldGen       total 1405952K, used 1009586K [0x0000000080000000, 0x00000000d5d00000, 0x00000008d5580000)
  object space 1405952K, 71% used [0x0000000080000000,0x00000000bd9ec8e0,0x00000000d5d00000)
 Metaspace       used 7116K, capacity 7368K, committed 7424K, reserved 8192K
Event: 82.052 GC heap after
Heap after GC invocations=34 (full 6):
 PSYoungGen      total 1242624K, used 254683K [0x00000008d5580000, 0x0000000945980000, 0x0000000d00000000)
  eden space 712704K, 0% used [0x00000008d5580000,0x00000008d5580000,0x0000000900d80000)
  from space 529920K, 48% used [0x0000000925400000,0x0000000934cb6db8,0x0000000945980000)
  to   space 563200K, 0% used [0x0000000900d80000,0x0000000900d80000,0x0000000923380000)
 ParOldGen       total 1405952K, used 1009586K [0x0000000080000000, 0x00000000d5d00000, 0x00000008d5580000)
  object space 1405952K, 71% used [0x0000000080000000,0x00000000bd9ec8e0,0x00000000d5d00000)
 Metaspace       used 7116K, capacity 7368K, committed 7424K, reserved 8192K
}

Deoptimization events (10 events):
Event: 84.238 Thread 0x00000000262d5000 Uncommon trap: reason=bimorphic action=maybe_recompile pc=0x00000000036a8aa0 method=java.util.ArrayList.indexOf(Ljava/lang/Object;)I @ 51
Event: 84.238 Thread 0x00000000262d5000 Uncommon trap: reason=bimorphic action=maybe_recompile pc=0x00000000036a8aa0 method=java.util.ArrayList.indexOf(Ljava/lang/Object;)I @ 51
Event: 84.238 Thread 0x00000000262d5000 Uncommon trap: reason=bimorphic action=maybe_recompile pc=0x00000000036a8aa0 method=java.util.ArrayList.indexOf(Ljava/lang/Object;)I @ 51
Event: 84.238 Thread 0x00000000262d5000 Uncommon trap: reason=unreached action=reinterpret pc=0x00000000037a0058 method=java.util.Arrays.copyOf([Ljava/lang/Object;ILjava/lang/Class;)[Ljava/lang/Object; @ 3
Event: 84.330 Thread 0x00000000262d5000 Uncommon trap: reason=speculate_class_check action=maybe_recompile pc=0x0000000003f04508 method=java.util.HashMap.putVal(ILjava/lang/Object;Ljava/lang/Object;ZZ)Ljava/lang/Object; @ 56
Event: 84.331 Thread 0x00000000262d5000 Uncommon trap: reason=speculate_class_check action=maybe_recompile pc=0x0000000003f04554 method=java.util.HashMap.putVal(ILjava/lang/Object;Ljava/lang/Object;ZZ)Ljava/lang/Object; @ 152
Event: 84.331 Thread 0x00000000262d5000 Uncommon trap: reason=speculate_class_check action=maybe_recompile pc=0x0000000003f04508 method=java.util.HashMap.putVal(ILjava/lang/Object;Ljava/lang/Object;ZZ)Ljava/lang/Object; @ 56
Event: 84.331 Thread 0x00000000262d5000 Uncommon trap: reason=speculate_class_check action=maybe_recompile pc=0x0000000003f04508 method=java.util.HashMap.putVal(ILjava/lang/Object;Ljava/lang/Object;ZZ)Ljava/lang/Object; @ 56
Event: 84.331 Thread 0x00000000262d5000 Uncommon trap: reason=class_check action=maybe_recompile pc=0x0000000004068718 method=java.util.HashMap.putVal(ILjava/lang/Object;Ljava/lang/Object;ZZ)Ljava/lang/Object; @ 56
Event: 84.331 Thread 0x00000000262d5000 Uncommon trap: reason=class_check action=maybe_recompile pc=0x0000000004068718 method=java.util.HashMap.putVal(ILjava/lang/Object;Ljava/lang/Object;ZZ)Ljava/lang/Object; @ 56

Internal exceptions (10 events):
Event: 79.947 Thread 0x0000000025d17000 Exception <a 'java/security/PrivilegedActionException'> (0x00000008e7a9b210) thrown at [D:\re\workspace\8-2-build-windows-amd64-cygwin\jdk8u20\1074\hotspot\src\share\vm\prims\jvm.cpp, line 1275]
Event: 80.003 Thread 0x0000000025b23000 Exception <a 'java/security/PrivilegedActionException'> (0x00000008e8518f40) thrown at [D:\re\workspace\8-2-build-windows-amd64-cygwin\jdk8u20\1074\hotspot\src\share\vm\prims\jvm.cpp, line 1275]
Event: 80.009 Thread 0x0000000025b23000 Exception <a 'java/security/PrivilegedActionException'> (0x00000008e85230c0) thrown at [D:\re\workspace\8-2-build-windows-amd64-cygwin\jdk8u20\1074\hotspot\src\share\vm\prims\jvm.cpp, line 1275]
Event: 80.010 Thread 0x0000000025b23000 Exception <a 'java/security/PrivilegedActionException'> (0x00000008e8526678) thrown at [D:\re\workspace\8-2-build-windows-amd64-cygwin\jdk8u20\1074\hotspot\src\share\vm\prims\jvm.cpp, line 1275]
Event: 80.011 Thread 0x0000000025b23000 Exception <a 'java/security/PrivilegedActionException'> (0x00000008e852dd30) thrown at [D:\re\workspace\8-2-build-windows-amd64-cygwin\jdk8u20\1074\hotspot\src\share\vm\prims\jvm.cpp, line 1275]
Event: 80.338 Thread 0x0000000025d17000 Exception <a 'java/security/PrivilegedActionException'> (0x00000008ee76bc38) thrown at [D:\re\workspace\8-2-build-windows-amd64-cygwin\jdk8u20\1074\hotspot\src\share\vm\prims\jvm.cpp, line 1275]
Event: 80.944 Thread 0x0000000025d17000 Exception <a 'java/security/PrivilegedActionException'> (0x00000008f53295c0) thrown at [D:\re\workspace\8-2-build-windows-amd64-cygwin\jdk8u20\1074\hotspot\src\share\vm\prims\jvm.cpp, line 1275]
Event: 81.051 Thread 0x0000000025d17000 Exception <a 'java/security/PrivilegedActionException'> (0x00000008f532fe88) thrown at [D:\re\workspace\8-2-build-windows-amd64-cygwin\jdk8u20\1074\hotspot\src\share\vm\prims\jvm.cpp, line 1275]
Event: 82.938 Thread 0x0000000025d17000 Implicit null exception at 0x00000000042adbe6 to 0x00000000042af1b1
Event: 83.411 Thread 0x0000000025d17000 Exception <a 'java/security/PrivilegedActionException'> (0x00000008d8fcabf0) thrown at [D:\re\workspace\8-2-build-windows-amd64-cygwin\jdk8u20\1074\hotspot\src\share\vm\prims\jvm.cpp, line 1275]

Events (10 events):
Event: 84.704 Thread 0x0000000025d17000 Thread exited: 0x0000000025d17000
Event: 84.781 loading class java/io/FileOutputStream$1
Event: 85.091 loading class java/io/FileOutputStream$1 done
Event: 85.142 Thread 0x00000000015e0800 Thread exited: 0x00000000015e0800
Event: 85.142 Thread 0x00000000015e0800 Thread added: 0x00000000015e0800
Event: 85.142 loading class java/lang/Shutdown
Event: 85.198 loading class java/lang/Shutdown done
Event: 85.198 loading class java/lang/Shutdown$Lock
Event: 85.198 loading class java/lang/Shutdown$Lock done
Event: 85.198 Thread 0x00000000015e0800 Thread exited: 0x00000000015e0800


Dynamic libraries:
0x00007ff78ac10000 - 0x00007ff78ac44000 	C:\Program Files\Java\jdk1.8.0_20\bin\java.exe
0x00007ffd3f9f0000 - 0x00007ffd3fbc1000 	C:\WINDOWS\SYSTEM32\ntdll.dll
0x00007ffd3ee50000 - 0x00007ffd3eefb000 	C:\WINDOWS\System32\KERNEL32.DLL
0x00007ffd3c940000 - 0x00007ffd3cb5d000 	C:\WINDOWS\System32\KERNELBASE.dll
0x00007ffd3d2d0000 - 0x00007ffd3d372000 	C:\WINDOWS\System32\ADVAPI32.dll
0x00007ffd3f8c0000 - 0x00007ffd3f95e000 	C:\WINDOWS\System32\msvcrt.dll
0x00007ffd3f990000 - 0x00007ffd3f9e9000 	C:\WINDOWS\System32\sechost.dll
0x00007ffd3f400000 - 0x00007ffd3f521000 	C:\WINDOWS\System32\RPCRT4.dll
0x00007ffd3d430000 - 0x00007ffd3d595000 	C:\WINDOWS\System32\USER32.dll
0x00007ffd3cd90000 - 0x00007ffd3cdae000 	C:\WINDOWS\System32\win32u.dll
0x00007ffd3d380000 - 0x00007ffd3d3b4000 	C:\WINDOWS\System32\GDI32.dll
0x00007ffd3bf30000 - 0x00007ffd3c0b2000 	C:\WINDOWS\System32\gdi32full.dll
0x00007ffd389f0000 - 0x00007ffd38c69000 	C:\WINDOWS\WinSxS\amd64_microsoft.windows.common-controls_6595b64144ccf1df_6.0.14393.0_none_2d0f50fcbdb171b8\COMCTL32.dll
0x00007ffd3f5d0000 - 0x00007ffd3f897000 	C:\WINDOWS\System32\combase.dll
0x00007ffd3c0c0000 - 0x00007ffd3c1b5000 	C:\WINDOWS\System32\ucrtbase.dll
0x00007ffd3ccc0000 - 0x00007ffd3cd2a000 	C:\WINDOWS\System32\bcryptPrimitives.dll
0x00007ffd3f960000 - 0x00007ffd3f98e000 	C:\WINDOWS\System32\IMM32.DLL
0x0000000076cd0000 - 0x0000000076da2000 	C:\Program Files\Java\jdk1.8.0_20\jre\bin\msvcr100.dll
0x0000000076470000 - 0x0000000076cc8000 	C:\Program Files\Java\jdk1.8.0_20\jre\bin\server\jvm.dll
0x00007ffd3ef60000 - 0x00007ffd3ef68000 	C:\WINDOWS\System32\PSAPI.DLL
0x00007ffd3a390000 - 0x00007ffd3a3b3000 	C:\WINDOWS\SYSTEM32\WINMM.dll
0x00007ffd30030000 - 0x00007ffd30039000 	C:\WINDOWS\SYSTEM32\WSOCK32.dll
0x00007ffd3d3c0000 - 0x00007ffd3d42a000 	C:\WINDOWS\System32\ws2_32.DLL
0x00007ffd3a330000 - 0x00007ffd3a35b000 	C:\WINDOWS\SYSTEM32\WINMMBASE.dll
0x00007ffd3bee0000 - 0x00007ffd3bf22000 	C:\WINDOWS\System32\cfgmgr32.dll
0x0000000050030000 - 0x000000005003f000 	C:\Program Files\Java\jdk1.8.0_20\jre\bin\verify.dll
0x0000000050000000 - 0x0000000050028000 	C:\Program Files\Java\jdk1.8.0_20\jre\bin\java.dll
0x0000000077fe0000 - 0x0000000077ff6000 	C:\Program Files\Java\jdk1.8.0_20\jre\bin\zip.dll
0x00007ffd3d6e0000 - 0x00007ffd3ebe8000 	C:\WINDOWS\System32\SHELL32.dll
0x00007ffd3c1c0000 - 0x00007ffd3c89a000 	C:\WINDOWS\System32\windows.storage.dll
0x00007ffd3be80000 - 0x00007ffd3becc000 	C:\WINDOWS\System32\powrprof.dll
0x00007ffd3ef00000 - 0x00007ffd3ef52000 	C:\WINDOWS\System32\shlwapi.dll
0x00007ffd3bed0000 - 0x00007ffd3bedf000 	C:\WINDOWS\System32\kernel.appcore.dll
0x00007ffd3cb60000 - 0x00007ffd3cc09000 	C:\WINDOWS\System32\shcore.dll
0x00007ffd3be50000 - 0x00007ffd3be64000 	C:\WINDOWS\System32\profapi.dll
0x00007ffd2d520000 - 0x00007ffd2d6b2000 	C:\WINDOWS\SYSTEM32\dbghelp.dll

VM Arguments:
jvm_args: -Djava.awt.headless=true -Xmx50g -Dfile.encoding=windows-1251 -Duser.country=RU -Duser.language=ru -Duser.variant 
java_command: com.android.dx.command.Main --dex --num-threads=4 --multi-dex --main-dex-list C:\Users\User\Documents\GitHub\iCRM\iCRM\app\build\intermediates\multi-dex\debug\maindexlist.txt --output C:\Users\User\Documents\GitHub\iCRM\iCRM\app\build\intermediates\transforms\dex\debug\folders\1000\1f\main C:\Users\User\Documents\GitHub\iCRM\iCRM\app\build\intermediates\transforms\jarMerging\debug\jars\1\1f\combined.jar
java_class_path (initial): C:\Users\User\AppData\Local\Android\sdk\build-tools\23.0.3\lib\dx.jar
Launcher Type: SUN_STANDARD

Environment Variables:
PATH=C:\ProgramData\Oracle\Java\javapath;C:\Program Files\Broadcom\Broadcom 802.11 Network Adapter;C:\Program Files (x86)\NVIDIA Corporation\PhysX\Common;C:\Program Files (x86)\Intel\iCLS Client\;C:\Program Files\Intel\iCLS Client\;C:\Windows\system32;C:\Windows;C:\Windows\System32\Wbem;C:\Windows\System32\WindowsPowerShell\v1.0\;C:\Program Files\Intel\Intel(R) Management Engine Components\DAL;C:\Program Files\Intel\Intel(R) Management Engine Components\IPT;C:\Program Files (x86)\Intel\Intel(R) Management Engine Components\DAL;C:\Program Files (x86)\Intel\Intel(R) Management Engine Components\IPT;C:\Program Files\WIDCOMM\Bluetooth Software\;C:\Program Files\WIDCOMM\Bluetooth Software\syswow64;C:\Program Files\Acer\Remote Files\;C:\Program Files (x86)\Skype\Phone\;C:\Program Files\OpenVPN\bin;C:\WINDOWS\system32;C:\WINDOWS;C:\WINDOWS\System32\Wbem;C:\WINDOWS\System32\WindowsPowerShell\v1.0\;C:\Users\User\AppData\Local\Microsoft\WindowsApps;
USERNAME=User
OS=Windows_NT
PROCESSOR_IDENTIFIER=Intel64 Family 6 Model 69 Stepping 1, GenuineIntel



---------------  S Y S T E M  ---------------

OS: Windows 8.1 , 64 bit Build 9600 

CPU:total 4 (2 cores per cpu, 2 threads per core) family 6 model 69 stepping 1, cmov, cx8, fxsr, mmx, sse, sse2, sse3, ssse3, sse4.1, sse4.2, popcnt, avx, avx2, aes, clmul, erms, lzcnt, ht, tsc, tscinvbit, bmi1, bmi2

Memory: 4k page, physical 8310040k(348132k free), swap 12406040k(35212k free)

vm_info: Java HotSpot(TM) 64-Bit Server VM (25.20-b23) for windows-amd64 JRE (1.8.0_20-b26), built on Jul 30 2014 13:51:23 by "java_re" with MS VC++ 10.0 (VS2010)

time: Sun Oct 23 10:16:14 2016
elapsed time: 88 seconds (0d 0h 1m 28s)

