#
# There is insufficient memory for the Java Runtime Environment to continue.
# Native memory allocation (malloc) failed to allocate 897616 bytes for Chunk::new
# Possible reasons:
#   The system is out of physical RAM or swap space
#   In 32 bit mode, the process size limit was hit
# Possible solutions:
#   Reduce memory load on the system
#   Increase physical memory or swap space
#   Check if swap backing store is full
#   Use 64 bit Java on a 64 bit OS
#   Decrease Java heap size (-Xmx/-Xms)
#   Decrease number of Java threads
#   Decrease Java thread stack sizes (-Xss)
#   Set larger code cache with -XX:ReservedCodeCacheSize=
# This output file may be truncated or incomplete.
#
#  Out of Memory Error (allocation.cpp:390), pid=14840, tid=5584
#
# JRE version: Java(TM) SE Runtime Environment (8.0_20-b26) (build 1.8.0_20-b26)
# Java VM: Java HotSpot(TM) 64-Bit Server VM (25.20-b23 mixed mode windows-amd64 )
# Failed to write core dump. Minidumps are not enabled by default on client versions of Windows
#

---------------  T H R E A D  ---------------

Current thread (0x0000000023e4f000):  JavaThread "C2 CompilerThread1" daemon [_thread_in_native, id=5584, stack(0x00000000254b0000,0x00000000255b0000)]

Stack: [0x00000000254b0000,0x00000000255b0000]
Native frames: (J=compiled Java code, j=interpreted, Vv=VM code, C=native code)
V  [jvm.dll+0x3152fa]
V  [jvm.dll+0x265d03]
V  [jvm.dll+0x266943]
V  [jvm.dll+0x25e265]
V  [jvm.dll+0xbe255]
V  [jvm.dll+0xbe6fc]
V  [jvm.dll+0x45c472]
V  [jvm.dll+0x49d76f]
V  [jvm.dll+0x4512bf]
V  [jvm.dll+0x452634]
V  [jvm.dll+0x435fc2]
V  [jvm.dll+0x97b62]
V  [jvm.dll+0x98353]
V  [jvm.dll+0x22aac4]
V  [jvm.dll+0x283f5a]
C  [msvcr100.dll+0x21d9f]
C  [msvcr100.dll+0x21e3b]
C  [KERNEL32.DLL+0x8364]
C  [ntdll.dll+0x65e91]


Current CompileTask:
C2:  53213 3128       4       com.android.dx.dex.file.ClassDataItem::addContents (207 bytes)


---------------  P R O C E S S  ---------------

Java Threads: ( => current thread )
  0x000000002734f800 JavaThread "pool-1-thread-1" [_thread_in_Java, id=8456, stack(0x0000000027980000,0x0000000027a80000)]
  0x0000000025aae000 JavaThread "pool-2-thread-4" [_thread_blocked, id=7344, stack(0x0000000027880000,0x0000000027980000)]
  0x0000000025aad800 JavaThread "pool-2-thread-3" [_thread_in_Java, id=8400, stack(0x0000000027780000,0x0000000027880000)]
  0x0000000025aaa000 JavaThread "pool-2-thread-2" [_thread_blocked, id=1496, stack(0x0000000027680000,0x0000000027780000)]
  0x0000000025dd5000 JavaThread "pool-3-thread-1" [_thread_blocked, id=15264, stack(0x0000000027580000,0x0000000027680000)]
  0x0000000025d43800 JavaThread "pool-2-thread-1" [_thread_blocked, id=13404, stack(0x0000000027480000,0x0000000027580000)]
  0x00000000256dc800 JavaThread "Service Thread" daemon [_thread_blocked, id=14136, stack(0x0000000025ab0000,0x0000000025bb0000)]
  0x0000000023e56000 JavaThread "C1 CompilerThread2" daemon [_thread_blocked, id=7904, stack(0x00000000255b0000,0x00000000256b0000)]
=>0x0000000023e4f000 JavaThread "C2 CompilerThread1" daemon [_thread_in_native, id=5584, stack(0x00000000254b0000,0x00000000255b0000)]
  0x0000000023e4d000 JavaThread "C2 CompilerThread0" daemon [_thread_in_native, id=14040, stack(0x00000000253b0000,0x00000000254b0000)]
  0x0000000023e4b800 JavaThread "Attach Listener" daemon [_thread_blocked, id=204, stack(0x00000000252b0000,0x00000000253b0000)]
  0x0000000023e4a800 JavaThread "Signal Dispatcher" daemon [_thread_blocked, id=3668, stack(0x00000000251b0000,0x00000000252b0000)]
  0x0000000001926000 JavaThread "Finalizer" daemon [_thread_blocked, id=8036, stack(0x00000000250b0000,0x00000000251b0000)]
  0x000000000191d000 JavaThread "Reference Handler" daemon [_thread_blocked, id=13692, stack(0x0000000024fb0000,0x00000000250b0000)]
  0x0000000001832800 JavaThread "main" [_thread_in_native, id=10840, stack(0x00000000016b0000,0x00000000017b0000)]

Other Threads:
  0x0000000023e15800 VMThread [stack: 0x0000000024eb0000,0x0000000024fb0000] [id=3088]
  0x00000000256de800 WatcherThread [stack: 0x0000000025bb0000,0x0000000025cb0000] [id=12792]

VM state:not at safepoint (normal execution)

VM Mutex/Monitor currently owned by a thread: None

Heap:
 PSYoungGen      total 1068032K, used 446272K [0x00000008d5580000, 0x000000093f080000, 0x0000000d00000000)
  eden space 655872K, 68% used [0x00000008d5580000,0x00000008f09503c0,0x00000008fd600000)
  from space 412160K, 0% used [0x00000008fd600000,0x00000008fd600000,0x0000000916880000)
  to   space 482304K, 0% used [0x0000000921980000,0x0000000921980000,0x000000093f080000)
 ParOldGen       total 822272K, used 822208K [0x0000000080000000, 0x00000000b2300000, 0x00000008d5580000)
  object space 822272K, 99% used [0x0000000080000000,0x00000000b22f0368,0x00000000b2300000)
 Metaspace       used 6683K, capacity 6920K, committed 7168K, reserved 8192K

Card table byte_map: [0x0000000012400000,0x0000000018810000] byte_map_base: 0x0000000012000000

Marking Bits: (ParMarkBitMap*) 0x0000000076bab460
 Begin Bits: [0x0000000d00000000, 0x0000000d32000000)
 End Bits:   [0x0000000d32000000, 0x0000000d64000000)

Polling page: 0x00000000012e0000

CodeCache: size=245760Kb used=10719Kb max_used=14953Kb free=235041Kb
 bounds [0x0000000003400000, 0x00000000042b0000, 0x0000000012400000]
 total_blobs=2524 nmethods=2258 adapters=179
 compilation: enabled

Compilation events (10 events):
Event: 46.398 Thread 0x0000000023e56000 3126       3       java.util.ComparableTimSort::gallopRight (327 bytes)
Event: 46.400 Thread 0x0000000023e56000 nmethod 3126 0x0000000003883890 code [0x0000000003883a80, 0x0000000003884538]
Event: 46.401 Thread 0x0000000023e56000 3127       3       java.util.ComparableTimSort::gallopLeft (327 bytes)
Event: 46.402 Thread 0x0000000023e56000 nmethod 3127 0x0000000003a93d50 code [0x0000000003a93f40, 0x0000000003a949d8]
Event: 52.970 Thread 0x0000000023e56000 3129       3       java.util.ComparableTimSort::mergeCollapse (101 bytes)
Event: 52.970 Thread 0x0000000023e56000 nmethod 3129 0x0000000003aa3910 code [0x0000000003aa3aa0, 0x0000000003aa3eb8]
Event: 53.034 Thread 0x0000000023e4f000 nmethod 3125 0x00000000039e6050 code [0x00000000039e6400, 0x00000000039e9d98]
Event: 53.034 Thread 0x0000000023e4f000 3128       4       com.android.dx.dex.file.ClassDataItem::addContents (207 bytes)
Event: 53.094 Thread 0x0000000023e56000 3132       3       java.util.ComparableTimSort::mergeHi (729 bytes)
Event: 53.097 Thread 0x0000000023e56000 nmethod 3132 0x0000000003928610 code [0x0000000003928960, 0x000000000392add8]

GC Heap History (10 events):
Event: 27.986 GC heap before
{Heap before GC invocations=24 (full 5):
 PSYoungGen      total 1068032K, used 408575K [0x00000008d5580000, 0x000000093f080000, 0x0000000d00000000)
  eden space 655872K, 0% used [0x00000008d5580000,0x00000008d5580000,0x00000008fd600000)
  from space 412160K, 99% used [0x00000008fd600000,0x00000009164ffde8,0x0000000916880000)
  to   space 482304K, 0% used [0x0000000921980000,0x0000000921980000,0x000000093f080000)
 ParOldGen       total 822272K, used 819281K [0x0000000080000000, 0x00000000b2300000, 0x00000008d5580000)
  object space 822272K, 99% used [0x0000000080000000,0x00000000b2014460,0x00000000b2300000)
 Metaspace       used 6605K, capacity 6920K, committed 7168K, reserved 8192K
Event: 32.200 GC heap after
Heap after GC invocations=24 (full 5):
 PSYoungGen      total 1068032K, used 254934K [0x00000008d5580000, 0x000000093f080000, 0x0000000d00000000)
  eden space 655872K, 0% used [0x00000008d5580000,0x00000008d5580000,0x00000008fd600000)
  from space 412160K, 61% used [0x00000008fd600000,0x000000090cef5b80,0x0000000916880000)
  to   space 482304K, 0% used [0x0000000921980000,0x0000000921980000,0x000000093f080000)
 ParOldGen       total 822272K, used 822068K [0x0000000080000000, 0x00000000b2300000, 0x00000008d5580000)
  object space 822272K, 99% used [0x0000000080000000,0x00000000b22cd298,0x00000000b2300000)
 Metaspace       used 6605K, capacity 6920K, committed 7168K, reserved 8192K
}
Event: 33.482 GC heap before
{Heap before GC invocations=25 (full 6):
 PSYoungGen      total 1068032K, used 910806K [0x00000008d5580000, 0x000000093f080000, 0x0000000d00000000)
  eden space 655872K, 100% used [0x00000008d5580000,0x00000008fd600000,0x00000008fd600000)
  from space 412160K, 61% used [0x00000008fd600000,0x000000090cef5b80,0x0000000916880000)
  to   space 482304K, 0% used [0x0000000921980000,0x0000000921980000,0x000000093f080000)
 ParOldGen       total 822272K, used 822068K [0x0000000080000000, 0x00000000b2300000, 0x00000008d5580000)
  object space 822272K, 99% used [0x0000000080000000,0x00000000b22cd298,0x00000000b2300000)
 Metaspace       used 6605K, capacity 6920K, committed 7168K, reserved 8192K
Event: 36.824 GC heap after
Heap after GC invocations=25 (full 6):
 PSYoungGen      total 1068032K, used 178660K [0x00000008d5580000, 0x000000093f080000, 0x0000000d00000000)
  eden space 655872K, 27% used [0x00000008d5580000,0x00000008e03f90e0,0x00000008fd600000)
  from space 412160K, 0% used [0x00000008fd600000,0x00000008fd600000,0x0000000916880000)
  to   space 482304K, 0% used [0x0000000921980000,0x0000000921980000,0x000000093f080000)
 ParOldGen       total 822272K, used 822231K [0x0000000080000000, 0x00000000b2300000, 0x00000008d5580000)
  object space 822272K, 99% used [0x0000000080000000,0x00000000b22f5e68,0x00000000b2300000)
 Metaspace       used 6605K, capacity 6920K, committed 7168K, reserved 8192K
}
Event: 39.297 GC heap before
{Heap before GC invocations=26 (full 7):
 PSYoungGen      total 1068032K, used 655872K [0x00000008d5580000, 0x000000093f080000, 0x0000000d00000000)
  eden space 655872K, 100% used [0x00000008d5580000,0x00000008fd600000,0x00000008fd600000)
  from space 412160K, 0% used [0x00000008fd600000,0x00000008fd600000,0x0000000916880000)
  to   space 482304K, 0% used [0x0000000921980000,0x0000000921980000,0x000000093f080000)
 ParOldGen       total 822272K, used 822231K [0x0000000080000000, 0x00000000b2300000, 0x00000008d5580000)
  object space 822272K, 99% used [0x0000000080000000,0x00000000b22f5e68,0x00000000b2300000)
 Metaspace       used 6606K, capacity 6920K, committed 7168K, reserved 8192K
Event: 42.171 GC heap after
Heap after GC invocations=26 (full 7):
 PSYoungGen      total 1068032K, used 255533K [0x00000008d5580000, 0x000000093f080000, 0x0000000d00000000)
  eden space 655872K, 38% used [0x00000008d5580000,0x00000008e4f0b6e0,0x00000008fd600000)
  from space 412160K, 0% used [0x00000008fd600000,0x00000008fd600000,0x0000000916880000)
  to   space 482304K, 0% used [0x0000000921980000,0x0000000921980000,0x000000093f080000)
 ParOldGen       total 822272K, used 821939K [0x0000000080000000, 0x00000000b2300000, 0x00000008d5580000)
  object space 822272K, 99% used [0x0000000080000000,0x00000000b22acc98,0x00000000b2300000)
 Metaspace       used 6606K, capacity 6920K, committed 7168K, reserved 8192K
}
Event: 42.685 GC heap before
{Heap before GC invocations=27 (full 8):
 PSYoungGen      total 1068032K, used 655872K [0x00000008d5580000, 0x000000093f080000, 0x0000000d00000000)
  eden space 655872K, 100% used [0x00000008d5580000,0x00000008fd600000,0x00000008fd600000)
  from space 412160K, 0% used [0x00000008fd600000,0x00000008fd600000,0x0000000916880000)
  to   space 482304K, 0% used [0x0000000921980000,0x0000000921980000,0x000000093f080000)
 ParOldGen       total 822272K, used 821939K [0x0000000080000000, 0x00000000b2300000, 0x00000008d5580000)
  object space 822272K, 99% used [0x0000000080000000,0x00000000b22acc98,0x00000000b2300000)
 Metaspace       used 6606K, capacity 6920K, committed 7168K, reserved 8192K
Event: 45.755 GC heap after
Heap after GC invocations=27 (full 8):
 PSYoungGen      total 1068032K, used 317711K [0x00000008d5580000, 0x000000093f080000, 0x0000000d00000000)
  eden space 655872K, 48% used [0x00000008d5580000,0x00000008e8bc3e28,0x00000008fd600000)
  from space 412160K, 0% used [0x00000008fd600000,0x00000008fd600000,0x0000000916880000)
  to   space 482304K, 0% used [0x0000000921980000,0x0000000921980000,0x000000093f080000)
 ParOldGen       total 822272K, used 821930K [0x0000000080000000, 0x00000000b2300000, 0x00000008d5580000)
  object space 822272K, 99% used [0x0000000080000000,0x00000000b22aaa90,0x00000000b2300000)
 Metaspace       used 6606K, capacity 6920K, committed 7168K, reserved 8192K
}
Event: 46.415 GC heap before
{Heap before GC invocations=28 (full 9):
 PSYoungGen      total 1068032K, used 655872K [0x00000008d5580000, 0x000000093f080000, 0x0000000d00000000)
  eden space 655872K, 100% used [0x00000008d5580000,0x00000008fd600000,0x00000008fd600000)
  from space 412160K, 0% used [0x00000008fd600000,0x00000008fd600000,0x0000000916880000)
  to   space 482304K, 0% used [0x0000000921980000,0x0000000921980000,0x000000093f080000)
 ParOldGen       total 822272K, used 821930K [0x0000000080000000, 0x00000000b2300000, 0x00000008d5580000)
  object space 822272K, 99% used [0x0000000080000000,0x00000000b22aaa90,0x00000000b2300000)
 Metaspace       used 6672K, capacity 6920K, committed 7168K, reserved 8192K
Event: 52.964 GC heap after
Heap after GC invocations=28 (full 9):
 PSYoungGen      total 1068032K, used 362539K [0x00000008d5580000, 0x000000093f080000, 0x0000000d00000000)
  eden space 655872K, 55% used [0x00000008d5580000,0x00000008eb78ae00,0x00000008fd600000)
  from space 412160K, 0% used [0x00000008fd600000,0x00000008fd600000,0x0000000916880000)
  to   space 482304K, 0% used [0x0000000921980000,0x0000000921980000,0x000000093f080000)
 ParOldGen       total 822272K, used 822208K [0x0000000080000000, 0x00000000b2300000, 0x00000008d5580000)
  object space 822272K, 99% used [0x0000000080000000,0x00000000b22f0368,0x00000000b2300000)
 Metaspace       used 6672K, capacity 6920K, committed 7168K, reserved 8192K
}

Deoptimization events (10 events):
Event: 24.602 Thread 0x0000000001832800 Uncommon trap: reason=class_check action=maybe_recompile pc=0x0000000003db9cac method=com.android.dx.ssa.back.InterferenceGraph.mergeInterferenceSet(ILcom/android/dx/util/IntSet;)V @ 20
Event: 24.602 Thread 0x0000000001832800 Uncommon trap: reason=class_check action=maybe_recompile pc=0x000000000407ab98 method=com.android.dx.util.BitIntSet.merge(Lcom/android/dx/util/IntSet;)V @ 1
Event: 24.630 Thread 0x0000000001832800 Uncommon trap: reason=class_check action=maybe_recompile pc=0x0000000003db9cac method=com.android.dx.ssa.back.InterferenceGraph.mergeInterferenceSet(ILcom/android/dx/util/IntSet;)V @ 20
Event: 24.630 Thread 0x0000000001832800 Uncommon trap: reason=class_check action=maybe_recompile pc=0x000000000407ab98 method=com.android.dx.util.BitIntSet.merge(Lcom/android/dx/util/IntSet;)V @ 1
Event: 33.463 Thread 0x0000000025aaa000 Uncommon trap: reason=null_check action=make_not_entrant pc=0x000000000407a6d0 method=com.android.dx.rop.cst.CstKnownNull.equals(Ljava/lang/Object;)Z @ 1
Event: 46.032 Thread 0x000000002734f800 Uncommon trap: reason=class_check action=maybe_recompile pc=0x000000000395c354 method=java.util.Arrays.hashCode([Ljava/lang/Object;)I @ 43
Event: 46.032 Thread 0x000000002734f800 Uncommon trap: reason=class_check action=maybe_recompile pc=0x000000000395c354 method=java.util.Arrays.hashCode([Ljava/lang/Object;)I @ 43
Event: 46.032 Thread 0x000000002734f800 Uncommon trap: reason=class_check action=maybe_recompile pc=0x000000000395c354 method=java.util.Arrays.hashCode([Ljava/lang/Object;)I @ 43
Event: 46.032 Thread 0x000000002734f800 Uncommon trap: reason=class_check action=maybe_recompile pc=0x000000000395c354 method=java.util.Arrays.hashCode([Ljava/lang/Object;)I @ 43
Event: 46.032 Thread 0x000000002734f800 Uncommon trap: reason=unreached action=reinterpret pc=0x0000000003995c88 method=java.util.Arrays.sort([Ljava/lang/Object;IILjava/util/Comparator;)V @ 1

Internal exceptions (10 events):
Event: 15.010 Thread 0x0000000025aae000 Exception <a 'java/security/PrivilegedActionException'> (0x00000008e0f95198) thrown at [D:\re\workspace\8-2-build-windows-amd64-cygwin\jdk8u20\1074\hotspot\src\share\vm\prims\jvm.cpp, line 1275]
Event: 15.156 Thread 0x0000000001832800 Exception <a 'java/security/PrivilegedActionException'> (0x00000008e4fe4f90) thrown at [D:\re\workspace\8-2-build-windows-amd64-cygwin\jdk8u20\1074\hotspot\src\share\vm\prims\jvm.cpp, line 1275]
Event: 15.275 Thread 0x0000000025aad800 Exception <a 'java/security/PrivilegedActionException'> (0x00000008e91a7ef0) thrown at [D:\re\workspace\8-2-build-windows-amd64-cygwin\jdk8u20\1074\hotspot\src\share\vm\prims\jvm.cpp, line 1275]
Event: 16.784 Thread 0x0000000025aaa000 Implicit null exception at 0x00000000039df6eb to 0x00000000039e07b1
Event: 21.409 Thread 0x0000000025aad800 Exception <a 'java/security/PrivilegedActionException'> (0x00000008d63db530) thrown at [D:\re\workspace\8-2-build-windows-amd64-cygwin\jdk8u20\1074\hotspot\src\share\vm\prims\jvm.cpp, line 1275]
Event: 21.427 Thread 0x0000000025aad800 Exception <a 'java/security/PrivilegedActionException'> (0x00000008d6449e00) thrown at [D:\re\workspace\8-2-build-windows-amd64-cygwin\jdk8u20\1074\hotspot\src\share\vm\prims\jvm.cpp, line 1275]
Event: 33.463 Thread 0x0000000025aaa000 Implicit null exception at 0x000000000407a69c to 0x000000000407a6c4
Event: 45.997 Thread 0x0000000001832800 Exception <a 'java/security/PrivilegedActionException'> (0x00000008f24b46f8) thrown at [D:\re\workspace\8-2-build-windows-amd64-cygwin\jdk8u20\1074\hotspot\src\share\vm\prims\jvm.cpp, line 1275]
Event: 46.032 Thread 0x000000002734f800 Implicit null exception at 0x0000000003994779 to 0x0000000003995c69
Event: 46.037 Thread 0x000000002734f800 Exception <a 'java/security/PrivilegedActionException'> (0x00000008f25c7eb0) thrown at [D:\re\workspace\8-2-build-windows-amd64-cygwin\jdk8u20\1074\hotspot\src\share\vm\prims\jvm.cpp, line 1275]

Events (10 events):
Event: 53.098 Thread 0x0000000023e56000 flushing nmethod 0x000000000362a010
Event: 53.098 Thread 0x0000000023e56000 flushing nmethod 0x000000000362a710
Event: 53.098 Thread 0x0000000023e56000 flushing nmethod 0x000000000362cf50
Event: 53.098 Thread 0x0000000023e56000 flushing nmethod 0x0000000003630f50
Event: 53.098 Thread 0x0000000023e56000 flushing nmethod 0x0000000003637c50
Event: 53.098 Thread 0x0000000023e56000 flushing nmethod 0x00000000036435d0
Event: 53.098 Thread 0x0000000023e56000 flushing nmethod 0x0000000003645210
Event: 53.098 Thread 0x0000000023e56000 flushing nmethod 0x000000000364c5d0
Event: 53.098 Thread 0x0000000023e56000 flushing nmethod 0x0000000003651c10
Event: 53.098 Thread 0x0000000023e56000 flushing nmethod 0x0000000003655b50


Dynamic libraries:
0x00007ff634000000 - 0x00007ff634034000 	C:\Program Files\Java\jdk1.8.0_20\bin\java.exe
0x00007ffd3f9f0000 - 0x00007ffd3fbc1000 	C:\WINDOWS\SYSTEM32\ntdll.dll
0x00007ffd3ee50000 - 0x00007ffd3eefb000 	C:\WINDOWS\System32\KERNEL32.DLL
0x00007ffd3c940000 - 0x00007ffd3cb5d000 	C:\WINDOWS\System32\KERNELBASE.dll
0x00007ffd3d2d0000 - 0x00007ffd3d372000 	C:\WINDOWS\System32\ADVAPI32.dll
0x00007ffd3f8c0000 - 0x00007ffd3f95e000 	C:\WINDOWS\System32\msvcrt.dll
0x00007ffd3f990000 - 0x00007ffd3f9e9000 	C:\WINDOWS\System32\sechost.dll
0x00007ffd3f400000 - 0x00007ffd3f521000 	C:\WINDOWS\System32\RPCRT4.dll
0x00007ffd3d430000 - 0x00007ffd3d595000 	C:\WINDOWS\System32\USER32.dll
0x00007ffd3cd90000 - 0x00007ffd3cdae000 	C:\WINDOWS\System32\win32u.dll
0x00007ffd3d380000 - 0x00007ffd3d3b4000 	C:\WINDOWS\System32\GDI32.dll
0x00007ffd3bf30000 - 0x00007ffd3c0b2000 	C:\WINDOWS\System32\gdi32full.dll
0x00007ffd389f0000 - 0x00007ffd38c69000 	C:\WINDOWS\WinSxS\amd64_microsoft.windows.common-controls_6595b64144ccf1df_6.0.14393.0_none_2d0f50fcbdb171b8\COMCTL32.dll
0x00007ffd3f5d0000 - 0x00007ffd3f897000 	C:\WINDOWS\System32\combase.dll
0x00007ffd3c0c0000 - 0x00007ffd3c1b5000 	C:\WINDOWS\System32\ucrtbase.dll
0x00007ffd3ccc0000 - 0x00007ffd3cd2a000 	C:\WINDOWS\System32\bcryptPrimitives.dll
0x00007ffd3f960000 - 0x00007ffd3f98e000 	C:\WINDOWS\System32\IMM32.DLL
0x0000000077b70000 - 0x0000000077c42000 	C:\Program Files\Java\jdk1.8.0_20\jre\bin\msvcr100.dll
0x00000000763d0000 - 0x0000000076c28000 	C:\Program Files\Java\jdk1.8.0_20\jre\bin\server\jvm.dll
0x00007ffd3ef60000 - 0x00007ffd3ef68000 	C:\WINDOWS\System32\PSAPI.DLL
0x00007ffd3a390000 - 0x00007ffd3a3b3000 	C:\WINDOWS\SYSTEM32\WINMM.dll
0x00007ffd32410000 - 0x00007ffd32419000 	C:\WINDOWS\SYSTEM32\WSOCK32.dll
0x00007ffd3a330000 - 0x00007ffd3a35b000 	C:\WINDOWS\SYSTEM32\WINMMBASE.dll
0x00007ffd3d3c0000 - 0x00007ffd3d42a000 	C:\WINDOWS\System32\WS2_32.dll
0x00007ffd3bee0000 - 0x00007ffd3bf22000 	C:\WINDOWS\System32\cfgmgr32.dll
0x0000000050030000 - 0x000000005003f000 	C:\Program Files\Java\jdk1.8.0_20\jre\bin\verify.dll
0x0000000050000000 - 0x0000000050028000 	C:\Program Files\Java\jdk1.8.0_20\jre\bin\java.dll
0x0000000077fe0000 - 0x0000000077ff6000 	C:\Program Files\Java\jdk1.8.0_20\jre\bin\zip.dll
0x00007ffd3d6e0000 - 0x00007ffd3ebe8000 	C:\WINDOWS\System32\SHELL32.dll
0x00007ffd3c1c0000 - 0x00007ffd3c89a000 	C:\WINDOWS\System32\windows.storage.dll
0x00007ffd3be80000 - 0x00007ffd3becc000 	C:\WINDOWS\System32\powrprof.dll
0x00007ffd3ef00000 - 0x00007ffd3ef52000 	C:\WINDOWS\System32\shlwapi.dll
0x00007ffd3bed0000 - 0x00007ffd3bedf000 	C:\WINDOWS\System32\kernel.appcore.dll
0x00007ffd3cb60000 - 0x00007ffd3cc09000 	C:\WINDOWS\System32\shcore.dll
0x00007ffd3be50000 - 0x00007ffd3be64000 	C:\WINDOWS\System32\profapi.dll
0x00007ffd2d520000 - 0x00007ffd2d6b2000 	C:\WINDOWS\SYSTEM32\dbghelp.dll

VM Arguments:
jvm_args: -Djava.awt.headless=true -Xmx50g -Dfile.encoding=windows-1251 -Duser.country=RU -Duser.language=ru -Duser.variant 
java_command: com.android.dx.command.Main --dex --num-threads=4 --multi-dex --main-dex-list C:\Users\User\Documents\GitHub\iCRM\iCRM\app\build\intermediates\multi-dex\debug\maindexlist.txt --output C:\Users\User\Documents\GitHub\iCRM\iCRM\app\build\intermediates\transforms\dex\debug\folders\1000\1f\main C:\Users\User\Documents\GitHub\iCRM\iCRM\app\build\intermediates\transforms\jarMerging\debug\jars\1\1f\combined.jar
java_class_path (initial): C:\Users\User\AppData\Local\Android\sdk\build-tools\23.0.3\lib\dx.jar
Launcher Type: SUN_STANDARD

Environment Variables:
PATH=C:\ProgramData\Oracle\Java\javapath;C:\Program Files\Broadcom\Broadcom 802.11 Network Adapter;C:\Program Files (x86)\NVIDIA Corporation\PhysX\Common;C:\Program Files (x86)\Intel\iCLS Client\;C:\Program Files\Intel\iCLS Client\;C:\Windows\system32;C:\Windows;C:\Windows\System32\Wbem;C:\Windows\System32\WindowsPowerShell\v1.0\;C:\Program Files\Intel\Intel(R) Management Engine Components\DAL;C:\Program Files\Intel\Intel(R) Management Engine Components\IPT;C:\Program Files (x86)\Intel\Intel(R) Management Engine Components\DAL;C:\Program Files (x86)\Intel\Intel(R) Management Engine Components\IPT;C:\Program Files\WIDCOMM\Bluetooth Software\;C:\Program Files\WIDCOMM\Bluetooth Software\syswow64;C:\Program Files\Acer\Remote Files\;C:\Program Files (x86)\Skype\Phone\;C:\Program Files\OpenVPN\bin;C:\WINDOWS\system32;C:\WINDOWS;C:\WINDOWS\System32\Wbem;C:\WINDOWS\System32\WindowsPowerShell\v1.0\;C:\Users\User\AppData\Local\Microsoft\WindowsApps;
USERNAME=User
OS=Windows_NT
PROCESSOR_IDENTIFIER=Intel64 Family 6 Model 69 Stepping 1, GenuineIntel



---------------  S Y S T E M  ---------------

OS: Windows 8.1 , 64 bit Build 9600 

CPU:total 4 (2 cores per cpu, 2 threads per core) family 6 model 69 stepping 1, cmov, cx8, fxsr, mmx, sse, sse2, sse3, ssse3, sse4.1, sse4.2, popcnt, avx, avx2, aes, clmul, erms, lzcnt, ht, tsc, tscinvbit, bmi1, bmi2

Memory: 4k page, physical 8310040k(1165164k free), swap 12406040k(4492k free)

vm_info: Java HotSpot(TM) 64-Bit Server VM (25.20-b23) for windows-amd64 JRE (1.8.0_20-b26), built on Jul 30 2014 13:51:23 by "java_re" with MS VC++ 10.0 (VS2010)

time: Thu Oct 27 15:53:53 2016
elapsed time: 53 seconds (0d 0h 0m 53s)

