#
# There is insufficient memory for the Java Runtime Environment to continue.
# Native memory allocation (malloc) failed to allocate 1553136 bytes for Chunk::new
# Possible reasons:
#   The system is out of physical RAM or swap space
#   In 32 bit mode, the process size limit was hit
# Possible solutions:
#   Reduce memory load on the system
#   Increase physical memory or swap space
#   Check if swap backing store is full
#   Use 64 bit Java on a 64 bit OS
#   Decrease Java heap size (-Xmx/-Xms)
#   Decrease number of Java threads
#   Decrease Java thread stack sizes (-Xss)
#   Set larger code cache with -XX:ReservedCodeCacheSize=
# This output file may be truncated or incomplete.
#
#  Out of Memory Error (allocation.cpp:390), pid=7392, tid=3720
#
# JRE version: Java(TM) SE Runtime Environment (8.0_20-b26) (build 1.8.0_20-b26)
# Java VM: Java HotSpot(TM) 64-Bit Server VM (25.20-b23 mixed mode windows-amd64 )
# Failed to write core dump. Minidumps are not enabled by default on client versions of Windows
#

---------------  T H R E A D  ---------------

Current thread (0x0000000001e7f000):  JavaThread "C2 CompilerThread1" daemon [_thread_in_native, id=3720, stack(0x00000000250b0000,0x00000000251b0000)]

Stack: [0x00000000250b0000,0x00000000251b0000]
Native frames: (J=compiled Java code, j=interpreted, Vv=VM code, C=native code)
V  [jvm.dll+0x3152fa]
V  [jvm.dll+0x265d03]
V  [jvm.dll+0x266943]
V  [jvm.dll+0x25e265]
V  [jvm.dll+0xbe255]
V  [jvm.dll+0xbe6fc]
V  [jvm.dll+0x477e2c]
V  [jvm.dll+0x444fab]
V  [jvm.dll+0x4500de]
V  [jvm.dll+0x4526c8]
V  [jvm.dll+0x435fc2]
V  [jvm.dll+0x97b62]
V  [jvm.dll+0x98353]
V  [jvm.dll+0x22aac4]
V  [jvm.dll+0x283f5a]
C  [msvcr100.dll+0x21d9f]
C  [msvcr100.dll+0x21e3b]
C  [KERNEL32.DLL+0x8364]
C  [ntdll.dll+0x65e91]


Current CompileTask:
C2:  59964 3160       4       com.android.dx.dex.file.ClassDataItem::addContents (207 bytes)


---------------  P R O C E S S  ---------------

Java Threads: ( => current thread )
  0x00000000261fa000 JavaThread "pool-1-thread-1" [_thread_in_Java, id=5212, stack(0x0000000027580000,0x0000000027680000)]
  0x00000000256ae000 JavaThread "pool-2-thread-4" [_thread_blocked, id=5352, stack(0x0000000027480000,0x0000000027580000)]
  0x00000000256ad800 JavaThread "pool-2-thread-3" [_thread_blocked, id=13960, stack(0x0000000027380000,0x0000000027480000)]
  0x00000000256ab800 JavaThread "pool-2-thread-2" [_thread_blocked, id=12388, stack(0x0000000027280000,0x0000000027380000)]
  0x0000000025c90000 JavaThread "pool-3-thread-1" [_thread_blocked, id=2660, stack(0x0000000027180000,0x0000000027280000)]
  0x0000000025c8f000 JavaThread "pool-2-thread-1" [_thread_blocked, id=7260, stack(0x0000000027080000,0x0000000027180000)]
  0x0000000001ede800 JavaThread "Service Thread" daemon [_thread_blocked, id=6452, stack(0x00000000256b0000,0x00000000257b0000)]
  0x0000000001e86000 JavaThread "C1 CompilerThread2" daemon [_thread_blocked, id=8876, stack(0x00000000251b0000,0x00000000252b0000)]
=>0x0000000001e7f000 JavaThread "C2 CompilerThread1" daemon [_thread_in_native, id=3720, stack(0x00000000250b0000,0x00000000251b0000)]
  0x0000000001e7d000 JavaThread "C2 CompilerThread0" daemon [_thread_blocked, id=10512, stack(0x0000000024fb0000,0x00000000250b0000)]
  0x0000000001e7b800 JavaThread "Attach Listener" daemon [_thread_blocked, id=5932, stack(0x0000000024eb0000,0x0000000024fb0000)]
  0x0000000001e7a000 JavaThread "Signal Dispatcher" daemon [_thread_blocked, id=7444, stack(0x0000000024db0000,0x0000000024eb0000)]
  0x0000000001456000 JavaThread "Finalizer" daemon [_thread_blocked, id=9432, stack(0x0000000024cb0000,0x0000000024db0000)]
  0x000000000144d000 JavaThread "Reference Handler" daemon [_thread_blocked, id=9368, stack(0x0000000024bb0000,0x0000000024cb0000)]
  0x0000000001360800 JavaThread "main" [_thread_in_native, id=11768, stack(0x0000000001200000,0x0000000001300000)]

Other Threads:
  0x0000000001e45800 VMThread [stack: 0x0000000024ab0000,0x0000000024bb0000] [id=5644]
  0x00000000252d6800 WatcherThread [stack: 0x00000000257b0000,0x00000000258b0000] [id=11480]

VM state:not at safepoint (normal execution)

VM Mutex/Monitor currently owned by a thread: None

Heap:
 PSYoungGen      total 1091584K, used 714831K [0x00000008d5580000, 0x000000093de80000, 0x0000000d00000000)
  eden space 672256K, 44% used [0x00000008d5580000,0x00000008e7b41018,0x00000008fe600000)
  from space 419328K, 98% used [0x00000008fe600000,0x0000000917a52d18,0x0000000917f80000)
  to   space 486400K, 0% used [0x0000000920380000,0x0000000920380000,0x000000093de80000)
 ParOldGen       total 1229824K, used 964713K [0x0000000080000000, 0x00000000cb100000, 0x00000008d5580000)
  object space 1229824K, 78% used [0x0000000080000000,0x00000000bae1a430,0x00000000cb100000)
 Metaspace       used 6711K, capacity 6984K, committed 7168K, reserved 8192K

Card table byte_map: [0x0000000012400000,0x0000000018810000] byte_map_base: 0x0000000012000000

Marking Bits: (ParMarkBitMap*) 0x0000000053d9b460
 Begin Bits: [0x0000000d00000000, 0x0000000d32000000)
 End Bits:   [0x0000000d32000000, 0x0000000d64000000)

Polling page: 0x0000000001300000

CodeCache: size=245760Kb used=11963Kb max_used=13455Kb free=233796Kb
 bounds [0x0000000003400000, 0x0000000004150000, 0x0000000012400000]
 total_blobs=2751 nmethods=2485 adapters=179
 compilation: enabled

Compilation events (10 events):
Event: 59.210 Thread 0x0000000001e86000 3204       3       java.util.HashMap::keySet (27 bytes)
Event: 59.210 Thread 0x0000000001e86000 nmethod 3204 0x0000000003d52b10 code [0x0000000003d52ca0, 0x0000000003d53030]
Event: 59.210 Thread 0x0000000001e86000 3205       3       java.util.HashMap$KeySet::iterator (12 bytes)
Event: 59.210 Thread 0x0000000001e86000 nmethod 3205 0x0000000003897110 code [0x0000000003897280, 0x00000000038974e8]
Event: 59.212 Thread 0x0000000001e86000 3206       3       com.android.dx.dex.file.DebugInfoItem::<init> (36 bytes)
Event: 59.212 Thread 0x0000000001e86000 nmethod 3206 0x00000000037e7f10 code [0x00000000037e8080, 0x00000000037e8338]
Event: 59.214 Thread 0x0000000001e7d000 nmethod 3194 0x0000000003b07510 code [0x0000000003b07720, 0x0000000003b08850]
Event: 59.214 Thread 0x0000000001e7d000 3198       4       com.android.dx.dex.code.OutputFinisher::addConstants (93 bytes)
Event: 59.269 Thread 0x0000000001e86000 3207  s    3       java.util.Vector::addElement (38 bytes)
Event: 59.269 Thread 0x0000000001e86000 nmethod 3207 0x0000000003b06c50 code [0x0000000003b06de0, 0x0000000003b072e8]

GC Heap History (10 events):
Event: 41.569 GC heap before
{Heap before GC invocations=26 (full 5):
 PSYoungGen      total 827392K, used 237548K [0x00000008d5580000, 0x0000000927180000, 0x0000000d00000000)
  eden space 589824K, 0% used [0x00000008d5580000,0x00000008d5580000,0x00000008f9580000)
  from space 237568K, 99% used [0x00000008f9580000,0x0000000907d7b028,0x0000000907d80000)
  to   space 333312K, 0% used [0x0000000912c00000,0x0000000912c00000,0x0000000927180000)
 ParOldGen       total 823808K, used 823364K [0x0000000080000000, 0x00000000b2480000, 0x00000008d5580000)
  object space 823808K, 99% used [0x0000000080000000,0x00000000b2411120,0x00000000b2480000)
 Metaspace       used 6605K, capacity 6920K, committed 7168K, reserved 8192K
Event: 45.874 GC heap after
Heap after GC invocations=26 (full 5):
 PSYoungGen      total 827392K, used 212500K [0x00000008d5580000, 0x0000000927180000, 0x0000000d00000000)
  eden space 589824K, 0% used [0x00000008d5580000,0x00000008d5580000,0x00000008f9580000)
  from space 237568K, 89% used [0x00000008f9580000,0x00000009065052b0,0x0000000907d80000)
  to   space 333312K, 0% used [0x0000000912c00000,0x0000000912c00000,0x0000000927180000)
 ParOldGen       total 1229824K, used 823484K [0x0000000080000000, 0x00000000cb100000, 0x00000008d5580000)
  object space 1229824K, 66% used [0x0000000080000000,0x00000000b242f260,0x00000000cb100000)
 Metaspace       used 6605K, capacity 6920K, committed 7168K, reserved 8192K
}
Event: 47.692 GC heap before
{Heap before GC invocations=27 (full 5):
 PSYoungGen      total 827392K, used 802324K [0x00000008d5580000, 0x0000000927180000, 0x0000000d00000000)
  eden space 589824K, 100% used [0x00000008d5580000,0x00000008f9580000,0x00000008f9580000)
  from space 237568K, 89% used [0x00000008f9580000,0x00000009065052b0,0x0000000907d80000)
  to   space 333312K, 0% used [0x0000000912c00000,0x0000000912c00000,0x0000000927180000)
 ParOldGen       total 1229824K, used 823484K [0x0000000080000000, 0x00000000cb100000, 0x00000008d5580000)
  object space 1229824K, 66% used [0x0000000080000000,0x00000000b242f260,0x00000000cb100000)
 Metaspace       used 6605K, capacity 6920K, committed 7168K, reserved 8192K
Event: 48.483 GC heap after
Heap after GC invocations=27 (full 5):
 PSYoungGen      total 960000K, used 303258K [0x00000008d5580000, 0x000000092c580000, 0x0000000d00000000)
  eden space 626688K, 0% used [0x00000008d5580000,0x00000008d5580000,0x00000008fb980000)
  from space 333312K, 90% used [0x0000000912c00000,0x0000000925426968,0x0000000927180000)
  to   space 379392K, 0% used [0x00000008fb980000,0x00000008fb980000,0x0000000912c00000)
 ParOldGen       total 1229824K, used 964713K [0x0000000080000000, 0x00000000cb100000, 0x00000008d5580000)
  object space 1229824K, 78% used [0x0000000080000000,0x00000000bae1a430,0x00000000cb100000)
 Metaspace       used 6605K, capacity 6920K, committed 7168K, reserved 8192K
}
Event: 50.485 GC heap before
{Heap before GC invocations=28 (full 5):
 PSYoungGen      total 960000K, used 929946K [0x00000008d5580000, 0x000000092c580000, 0x0000000d00000000)
  eden space 626688K, 100% used [0x00000008d5580000,0x00000008fb980000,0x00000008fb980000)
  from space 333312K, 90% used [0x0000000912c00000,0x0000000925426968,0x0000000927180000)
  to   space 379392K, 0% used [0x00000008fb980000,0x00000008fb980000,0x0000000912c00000)
 ParOldGen       total 1229824K, used 964713K [0x0000000080000000, 0x00000000cb100000, 0x00000008d5580000)
  object space 1229824K, 78% used [0x0000000080000000,0x00000000bae1a430,0x00000000cb100000)
 Metaspace       used 6605K, capacity 6920K, committed 7168K, reserved 8192K
Event: 50.841 GC heap after
Heap after GC invocations=28 (full 5):
 PSYoungGen      total 1006080K, used 209869K [0x00000008d5580000, 0x000000092f400000, 0x0000000d00000000)
  eden space 626688K, 0% used [0x00000008d5580000,0x00000008d5580000,0x00000008fb980000)
  from space 379392K, 55% used [0x00000008fb980000,0x0000000908673738,0x0000000912c00000)
  to   space 381440K, 0% used [0x0000000917f80000,0x0000000917f80000,0x000000092f400000)
 ParOldGen       total 1229824K, used 964713K [0x0000000080000000, 0x00000000cb100000, 0x00000008d5580000)
  object space 1229824K, 78% used [0x0000000080000000,0x00000000bae1a430,0x00000000cb100000)
 Metaspace       used 6605K, capacity 6920K, committed 7168K, reserved 8192K
}
Event: 55.430 GC heap before
{Heap before GC invocations=29 (full 5):
 PSYoungGen      total 1006080K, used 836557K [0x00000008d5580000, 0x000000092f400000, 0x0000000d00000000)
  eden space 626688K, 100% used [0x00000008d5580000,0x00000008fb980000,0x00000008fb980000)
  from space 379392K, 55% used [0x00000008fb980000,0x0000000908673738,0x0000000912c00000)
  to   space 381440K, 0% used [0x0000000917f80000,0x0000000917f80000,0x000000092f400000)
 ParOldGen       total 1229824K, used 964713K [0x0000000080000000, 0x00000000cb100000, 0x00000008d5580000)
  object space 1229824K, 78% used [0x0000000080000000,0x00000000bae1a430,0x00000000cb100000)
 Metaspace       used 6606K, capacity 6920K, committed 7168K, reserved 8192K
Event: 55.791 GC heap after
Heap after GC invocations=29 (full 5):
 PSYoungGen      total 1053696K, used 312864K [0x00000008d5580000, 0x0000000933780000, 0x0000000d00000000)
  eden space 672256K, 0% used [0x00000008d5580000,0x00000008d5580000,0x00000008fe600000)
  from space 381440K, 82% used [0x0000000917f80000,0x000000092b1083e0,0x000000092f400000)
  to   space 419328K, 0% used [0x00000008fe600000,0x00000008fe600000,0x0000000917f80000)
 ParOldGen       total 1229824K, used 964713K [0x0000000080000000, 0x00000000cb100000, 0x00000008d5580000)
  object space 1229824K, 78% used [0x0000000080000000,0x00000000bae1a430,0x00000000cb100000)
 Metaspace       used 6606K, capacity 6920K, committed 7168K, reserved 8192K
}
Event: 58.107 GC heap before
{Heap before GC invocations=30 (full 5):
 PSYoungGen      total 1053696K, used 985120K [0x00000008d5580000, 0x0000000933780000, 0x0000000d00000000)
  eden space 672256K, 100% used [0x00000008d5580000,0x00000008fe600000,0x00000008fe600000)
  from space 381440K, 82% used [0x0000000917f80000,0x000000092b1083e0,0x000000092f400000)
  to   space 419328K, 0% used [0x00000008fe600000,0x00000008fe600000,0x0000000917f80000)
 ParOldGen       total 1229824K, used 964713K [0x0000000080000000, 0x00000000cb100000, 0x00000008d5580000)
  object space 1229824K, 78% used [0x0000000080000000,0x00000000bae1a430,0x00000000cb100000)
 Metaspace       used 6671K, capacity 6920K, committed 7168K, reserved 8192K
Event: 58.670 GC heap after
Heap after GC invocations=30 (full 5):
 PSYoungGen      total 1091584K, used 414027K [0x00000008d5580000, 0x000000093de80000, 0x0000000d00000000)
  eden space 672256K, 0% used [0x00000008d5580000,0x00000008d5580000,0x00000008fe600000)
  from space 419328K, 98% used [0x00000008fe600000,0x0000000917a52d18,0x0000000917f80000)
  to   space 486400K, 0% used [0x0000000920380000,0x0000000920380000,0x000000093de80000)
 ParOldGen       total 1229824K, used 964713K [0x0000000080000000, 0x00000000cb100000, 0x00000008d5580000)
  object space 1229824K, 78% used [0x0000000080000000,0x00000000bae1a430,0x00000000cb100000)
 Metaspace       used 6671K, capacity 6920K, committed 7168K, reserved 8192K
}

Deoptimization events (10 events):
Event: 45.931 Thread 0x00000000256ad800 Uncommon trap: reason=class_check action=maybe_recompile pc=0x00000000036f467c method=com.android.dx.util.BitIntSet.merge(Lcom/android/dx/util/IntSet;)V @ 1
Event: 47.176 Thread 0x00000000256ad800 Uncommon trap: reason=class_check action=maybe_recompile pc=0x0000000003ffd57c method=com.android.dx.ssa.SsaConverter.placePhiFunctions(Lcom/android/dx/ssa/SsaMethod;Lcom/android/dx/ssa/LocalVariableInfo;I)V @ 257
Event: 51.100 Thread 0x0000000025c8f000 Uncommon trap: reason=null_check action=make_not_entrant pc=0x0000000004054350 method=com.android.dx.rop.cst.CstKnownNull.equals(Ljava/lang/Object;)Z @ 1
Event: 55.346 Thread 0x0000000025c8f000 Uncommon trap: reason=null_check action=make_not_entrant pc=0x0000000003af330c method=com.android.dx.cf.code.Ropper$CatchInfo.getSetup(Lcom/android/dx/rop/type/Type;)Lcom/android/dx/cf/code/Ropper$ExceptionHandlerSetup; @ 10
Event: 57.585 Thread 0x00000000261fa000 Uncommon trap: reason=class_check action=maybe_recompile pc=0x00000000039ee814 method=java.util.Arrays.hashCode([Ljava/lang/Object;)I @ 43
Event: 57.585 Thread 0x00000000261fa000 Uncommon trap: reason=class_check action=maybe_recompile pc=0x00000000039ee814 method=java.util.Arrays.hashCode([Ljava/lang/Object;)I @ 43
Event: 57.585 Thread 0x00000000261fa000 Uncommon trap: reason=class_check action=maybe_recompile pc=0x00000000039ee814 method=java.util.Arrays.hashCode([Ljava/lang/Object;)I @ 43
Event: 57.585 Thread 0x00000000261fa000 Uncommon trap: reason=class_check action=maybe_recompile pc=0x00000000039ee814 method=java.util.Arrays.hashCode([Ljava/lang/Object;)I @ 43
Event: 57.585 Thread 0x00000000261fa000 Uncommon trap: reason=class_check action=maybe_recompile pc=0x00000000039bce4c method=java.util.Arrays.hashCode([Ljava/lang/Object;)I @ 43
Event: 59.011 Thread 0x00000000261fa000 Uncommon trap: reason=unreached action=reinterpret pc=0x00000000039589e8 method=com.android.dx.dex.file.OffsettedItem.equals(Ljava/lang/Object;)Z @ 26

Internal exceptions (10 events):
Event: 25.559 Thread 0x0000000001360800 Exception <a 'java/security/PrivilegedActionException'> (0x00000008db6be340) thrown at [D:\re\workspace\8-2-build-windows-amd64-cygwin\jdk8u20\1074\hotspot\src\share\vm\prims\jvm.cpp, line 1275]
Event: 25.869 Thread 0x0000000001360800 Exception <a 'java/security/PrivilegedActionException'> (0x00000008dfd339a0) thrown at [D:\re\workspace\8-2-build-windows-amd64-cygwin\jdk8u20\1074\hotspot\src\share\vm\prims\jvm.cpp, line 1275]
Event: 27.618 Thread 0x0000000025c8f000 Exception <a 'java/security/PrivilegedActionException'> (0x00000008d7ad21d8) thrown at [D:\re\workspace\8-2-build-windows-amd64-cygwin\jdk8u20\1074\hotspot\src\share\vm\prims\jvm.cpp, line 1275]
Event: 36.643 Thread 0x00000000256ae000 Exception <a 'java/security/PrivilegedActionException'> (0x00000008ea780260) thrown at [D:\re\workspace\8-2-build-windows-amd64-cygwin\jdk8u20\1074\hotspot\src\share\vm\prims\jvm.cpp, line 1275]
Event: 36.688 Thread 0x00000000256ae000 Exception <a 'java/security/PrivilegedActionException'> (0x00000008eaa2a898) thrown at [D:\re\workspace\8-2-build-windows-amd64-cygwin\jdk8u20\1074\hotspot\src\share\vm\prims\jvm.cpp, line 1275]
Event: 51.100 Thread 0x0000000025c8f000 Implicit null exception at 0x000000000405431c to 0x0000000004054344
Event: 55.346 Thread 0x0000000025c8f000 Implicit null exception at 0x0000000003aec7f8 to 0x0000000003af32cd
Event: 57.551 Thread 0x0000000001360800 Exception <a 'java/security/PrivilegedActionException'> (0x00000008ee23a540) thrown at [D:\re\workspace\8-2-build-windows-amd64-cygwin\jdk8u20\1074\hotspot\src\share\vm\prims\jvm.cpp, line 1275]
Event: 57.657 Thread 0x00000000261fa000 Exception <a 'java/security/PrivilegedActionException'> (0x00000008eeedbe68) thrown at [D:\re\workspace\8-2-build-windows-amd64-cygwin\jdk8u20\1074\hotspot\src\share\vm\prims\jvm.cpp, line 1275]
Event: 59.215 Thread 0x00000000261fa000 Exception <a 'java/security/PrivilegedActionException'> (0x00000008dddf7c00) thrown at [D:\re\workspace\8-2-build-windows-amd64-cygwin\jdk8u20\1074\hotspot\src\share\vm\prims\jvm.cpp, line 1275]

Events (10 events):
Event: 58.671 Executing VM operation: ParallelGCFailedAllocation done
Event: 59.011 Thread 0x00000000261fa000 Uncommon trap: trap_request=0xffffffad fr.pc=0x00000000039589e8
Event: 59.011 Thread 0x00000000261fa000 DEOPT PACKING pc=0x00000000039589e8 sp=0x000000002767efb0
Event: 59.011 Thread 0x00000000261fa000 DEOPT UNPACKING pc=0x000000000344556a sp=0x000000002767ee28 mode 2
Event: 59.182 loading class java/util/HashMap$KeySet
Event: 59.182 loading class java/util/HashMap$KeySet done
Event: 59.182 loading class java/util/HashMap$KeyIterator
Event: 59.182 loading class java/util/HashMap$KeyIterator done
Event: 59.215 loading class com/android/dx/dex/file/CatchStructs
Event: 59.215 loading class com/android/dx/dex/file/CatchStructs done


Dynamic libraries:
0x00007ff64dce0000 - 0x00007ff64dd14000 	C:\Program Files\Java\jdk1.8.0_20\bin\java.exe
0x00007ff9b0c20000 - 0x00007ff9b0df1000 	C:\WINDOWS\SYSTEM32\ntdll.dll
0x00007ff9b0060000 - 0x00007ff9b010b000 	C:\WINDOWS\System32\KERNEL32.DLL
0x00007ff9adb20000 - 0x00007ff9add3d000 	C:\WINDOWS\System32\KERNELBASE.dll
0x00007ff9b0210000 - 0x00007ff9b02b2000 	C:\WINDOWS\System32\ADVAPI32.dll
0x00007ff9affc0000 - 0x00007ff9b005e000 	C:\WINDOWS\System32\msvcrt.dll
0x00007ff9b0bc0000 - 0x00007ff9b0c19000 	C:\WINDOWS\System32\sechost.dll
0x00007ff9b0970000 - 0x00007ff9b0a91000 	C:\WINDOWS\System32\RPCRT4.dll
0x00007ff9b07f0000 - 0x00007ff9b0955000 	C:\WINDOWS\System32\USER32.dll
0x00007ff9ad300000 - 0x00007ff9ad31e000 	C:\WINDOWS\System32\win32u.dll
0x00007ff9b02c0000 - 0x00007ff9b02f4000 	C:\WINDOWS\System32\GDI32.dll
0x00007ff9adda0000 - 0x00007ff9adf22000 	C:\WINDOWS\System32\gdi32full.dll
0x00007ff9a7ae0000 - 0x00007ff9a7d5a000 	C:\WINDOWS\WinSxS\amd64_microsoft.windows.common-controls_6595b64144ccf1df_6.0.14393.351_none_4213128bc687e6d3\COMCTL32.dll
0x00007ff9b03c0000 - 0x00007ff9b0687000 	C:\WINDOWS\System32\combase.dll
0x00007ff9ad1b0000 - 0x00007ff9ad2a5000 	C:\WINDOWS\System32\ucrtbase.dll
0x00007ff9ad320000 - 0x00007ff9ad38a000 	C:\WINDOWS\System32\bcryptPrimitives.dll
0x00007ff9ae370000 - 0x00007ff9ae39e000 	C:\WINDOWS\System32\IMM32.DLL
0x0000000053e20000 - 0x0000000053ef2000 	C:\Program Files\Java\jdk1.8.0_20\jre\bin\msvcr100.dll
0x00000000535c0000 - 0x0000000053e18000 	C:\Program Files\Java\jdk1.8.0_20\jre\bin\server\jvm.dll
0x00007ff9b0960000 - 0x00007ff9b0968000 	C:\WINDOWS\System32\PSAPI.DLL
0x00007ff9a0850000 - 0x00007ff9a0859000 	C:\WINDOWS\SYSTEM32\WSOCK32.dll
0x00007ff9ab2a0000 - 0x00007ff9ab2c3000 	C:\WINDOWS\SYSTEM32\WINMM.dll
0x00007ff9aea40000 - 0x00007ff9aeaaa000 	C:\WINDOWS\System32\WS2_32.dll
0x00000000011d0000 - 0x00000000011fb000 	C:\WINDOWS\SYSTEM32\WINMMBASE.dll
0x00007ff9ad2b0000 - 0x00007ff9ad2f2000 	C:\WINDOWS\System32\cfgmgr32.dll
0x0000000055020000 - 0x000000005502f000 	C:\Program Files\Java\jdk1.8.0_20\jre\bin\verify.dll
0x0000000053590000 - 0x00000000535b8000 	C:\Program Files\Java\jdk1.8.0_20\jre\bin\java.dll
0x0000000053570000 - 0x0000000053586000 	C:\Program Files\Java\jdk1.8.0_20\jre\bin\zip.dll
0x00007ff9aeab0000 - 0x00007ff9affb9000 	C:\WINDOWS\System32\SHELL32.dll
0x00007ff9ad440000 - 0x00007ff9adb1a000 	C:\WINDOWS\System32\windows.storage.dll
0x00007ff9ad0b0000 - 0x00007ff9ad0fc000 	C:\WINDOWS\System32\powrprof.dll
0x00007ff9ae970000 - 0x00007ff9ae9c2000 	C:\WINDOWS\System32\shlwapi.dll
0x00007ff9ad0a0000 - 0x00007ff9ad0af000 	C:\WINDOWS\System32\kernel.appcore.dll
0x00007ff9adf30000 - 0x00007ff9adfd9000 	C:\WINDOWS\System32\shcore.dll
0x00007ff9ad080000 - 0x00007ff9ad094000 	C:\WINDOWS\System32\profapi.dll
0x00007ff9a64b0000 - 0x00007ff9a6642000 	C:\WINDOWS\SYSTEM32\dbghelp.dll

VM Arguments:
jvm_args: -Djava.awt.headless=true -Xmx50g -Dfile.encoding=windows-1251 -Duser.country=RU -Duser.language=ru -Duser.variant 
java_command: com.android.dx.command.Main --dex --num-threads=4 --multi-dex --main-dex-list C:\Users\User\Documents\GitHub\iCRM\iCRM\app\build\intermediates\multi-dex\debug\maindexlist.txt --output C:\Users\User\Documents\GitHub\iCRM\iCRM\app\build\intermediates\transforms\dex\debug\folders\1000\1f\main C:\Users\User\Documents\GitHub\iCRM\iCRM\app\build\intermediates\transforms\jarMerging\debug\jars\1\1f\combined.jar
java_class_path (initial): C:\Users\User\AppData\Local\Android\sdk\build-tools\23.0.3\lib\dx.jar
Launcher Type: SUN_STANDARD

Environment Variables:
PATH=C:\ProgramData\Oracle\Java\javapath;C:\Program Files\Broadcom\Broadcom 802.11 Network Adapter;C:\Program Files (x86)\NVIDIA Corporation\PhysX\Common;C:\Program Files (x86)\Intel\iCLS Client\;C:\Program Files\Intel\iCLS Client\;C:\Windows\system32;C:\Windows;C:\Windows\System32\Wbem;C:\Windows\System32\WindowsPowerShell\v1.0\;C:\Program Files\Intel\Intel(R) Management Engine Components\DAL;C:\Program Files\Intel\Intel(R) Management Engine Components\IPT;C:\Program Files (x86)\Intel\Intel(R) Management Engine Components\DAL;C:\Program Files (x86)\Intel\Intel(R) Management Engine Components\IPT;C:\Program Files\WIDCOMM\Bluetooth Software\;C:\Program Files\WIDCOMM\Bluetooth Software\syswow64;C:\Program Files\Acer\Remote Files\;C:\Program Files (x86)\Skype\Phone\;C:\Program Files\OpenVPN\bin;C:\WINDOWS\system32;C:\WINDOWS;C:\WINDOWS\System32\Wbem;C:\WINDOWS\System32\WindowsPowerShell\v1.0\;C:\Users\User\AppData\Local\Microsoft\WindowsApps;
USERNAME=User
OS=Windows_NT
PROCESSOR_IDENTIFIER=Intel64 Family 6 Model 69 Stepping 1, GenuineIntel



---------------  S Y S T E M  ---------------

OS: Windows 8.1 , 64 bit Build 9600 

CPU:total 4 (2 cores per cpu, 2 threads per core) family 6 model 69 stepping 1, cmov, cx8, fxsr, mmx, sse, sse2, sse3, ssse3, sse4.1, sse4.2, popcnt, avx, avx2, aes, clmul, erms, lzcnt, ht, tsc, tscinvbit, bmi1, bmi2

Memory: 4k page, physical 8310040k(662452k free), swap 12406040k(4240k free)

vm_info: Java HotSpot(TM) 64-Bit Server VM (25.20-b23) for windows-amd64 JRE (1.8.0_20-b26), built on Jul 30 2014 13:51:23 by "java_re" with MS VC++ 10.0 (VS2010)

time: Thu Nov 03 09:41:05 2016
elapsed time: 60 seconds (0d 0h 1m 0s)

