#
# There is insufficient memory for the Java Runtime Environment to continue.
# Native memory allocation (malloc) failed to allocate 989088 bytes for Chunk::new
# Possible reasons:
#   The system is out of physical RAM or swap space
#   In 32 bit mode, the process size limit was hit
# Possible solutions:
#   Reduce memory load on the system
#   Increase physical memory or swap space
#   Check if swap backing store is full
#   Use 64 bit Java on a 64 bit OS
#   Decrease Java heap size (-Xmx/-Xms)
#   Decrease number of Java threads
#   Decrease Java thread stack sizes (-Xss)
#   Set larger code cache with -XX:ReservedCodeCacheSize=
# This output file may be truncated or incomplete.
#
#  Out of Memory Error (allocation.cpp:390), pid=10960, tid=3124
#
# JRE version: Java(TM) SE Runtime Environment (8.0_20-b26) (build 1.8.0_20-b26)
# Java VM: Java HotSpot(TM) 64-Bit Server VM (25.20-b23 mixed mode windows-amd64 )
# Failed to write core dump. Minidumps are not enabled by default on client versions of Windows
#

---------------  T H R E A D  ---------------

Current thread (0x0000000001cbf800):  JavaThread "C2 CompilerThread1" daemon [_thread_in_native, id=3124, stack(0x0000000024aa0000,0x0000000024ba0000)]

Stack: [0x0000000024aa0000,0x0000000024ba0000]
Native frames: (J=compiled Java code, j=interpreted, Vv=VM code, C=native code)
V  [jvm.dll+0x3152fa]
V  [jvm.dll+0x265d03]
V  [jvm.dll+0x266943]
V  [jvm.dll+0x25e265]
V  [jvm.dll+0xbe255]
V  [jvm.dll+0xbe6fc]
V  [jvm.dll+0x477e87]
V  [jvm.dll+0x444fab]
V  [jvm.dll+0x4500de]
V  [jvm.dll+0x4526c8]
V  [jvm.dll+0x435fc2]
V  [jvm.dll+0x97b62]
V  [jvm.dll+0x98353]
V  [jvm.dll+0x22aac4]
V  [jvm.dll+0x283f5a]
C  [msvcr100.dll+0x21d9f]
C  [msvcr100.dll+0x21e3b]
C  [KERNEL32.DLL+0x8364]
C  [ntdll.dll+0x65e91]


Current CompileTask:
C2:  55622 3876   !   4       com.android.dx.cf.code.Ropper::processBlock (1101 bytes)


---------------  P R O C E S S  ---------------

Java Threads: ( => current thread )
  0x000000002886f800 JavaThread "pool-1-thread-1" [_thread_in_Java, id=724, stack(0x0000000026f70000,0x0000000027070000)]
  0x00000000256bd800 JavaThread "pool-2-thread-3" [_thread_in_Java, id=704, stack(0x0000000026d70000,0x0000000026e70000)]
  0x00000000256bd000 JavaThread "pool-3-thread-1" [_thread_blocked, id=10868, stack(0x0000000026b70000,0x0000000026c70000)]
  0x0000000024cc4800 JavaThread "Service Thread" daemon [_thread_blocked, id=7032, stack(0x00000000250a0000,0x00000000251a0000)]
  0x0000000001cc2800 JavaThread "C1 CompilerThread2" daemon [_thread_blocked, id=988, stack(0x0000000024ba0000,0x0000000024ca0000)]
=>0x0000000001cbf800 JavaThread "C2 CompilerThread1" daemon [_thread_in_native, id=3124, stack(0x0000000024aa0000,0x0000000024ba0000)]
  0x0000000001cbd800 JavaThread "C2 CompilerThread0" daemon [_thread_blocked, id=3324, stack(0x00000000249a0000,0x0000000024aa0000)]
  0x0000000001cbb800 JavaThread "Attach Listener" daemon [_thread_blocked, id=7228, stack(0x00000000248a0000,0x00000000249a0000)]
  0x0000000001cba800 JavaThread "Signal Dispatcher" daemon [_thread_blocked, id=10144, stack(0x00000000247a0000,0x00000000248a0000)]
  0x0000000000f66000 JavaThread "Finalizer" daemon [_thread_blocked, id=8100, stack(0x00000000246a0000,0x00000000247a0000)]
  0x0000000000f5d000 JavaThread "Reference Handler" daemon [_thread_blocked, id=9144, stack(0x00000000245a0000,0x00000000246a0000)]
  0x0000000000e72800 JavaThread "main" [_thread_blocked, id=10196, stack(0x0000000000d70000,0x0000000000e70000)]

Other Threads:
  0x0000000001c85800 VMThread [stack: 0x00000000244a0000,0x00000000245a0000] [id=9864]
  0x0000000024ccf800 WatcherThread [stack: 0x00000000251a0000,0x00000000252a0000] [id=7920]

VM state:not at safepoint (normal execution)

VM Mutex/Monitor currently owned by a thread: None

Heap:
 PSYoungGen      total 1192448K, used 694105K [0x00000008d5580000, 0x0000000947480000, 0x0000000d00000000)
  eden space 669184K, 42% used [0x00000008d5580000,0x00000008e6a91608,0x00000008fe300000)
  from space 523264K, 78% used [0x00000008fe300000,0x00000009173c5038,0x000000091e200000)
  to   space 568320K, 0% used [0x0000000924980000,0x0000000924980000,0x0000000947480000)
 ParOldGen       total 1300480K, used 1088393K [0x0000000080000000, 0x00000000cf600000, 0x00000008d5580000)
  object space 1300480K, 83% used [0x0000000080000000,0x00000000c26e2678,0x00000000cf600000)
 Metaspace       used 7124K, capacity 7368K, committed 7424K, reserved 8192K

Card table byte_map: [0x0000000012400000,0x0000000018810000] byte_map_base: 0x0000000012000000

Marking Bits: (ParMarkBitMap*) 0x000000005196b460
 Begin Bits: [0x0000000d00000000, 0x0000000d32000000)
 End Bits:   [0x0000000d32000000, 0x0000000d64000000)

Polling page: 0x0000000000c70000

CodeCache: size=245760Kb used=12890Kb max_used=15357Kb free=232869Kb
 bounds [0x0000000003400000, 0x0000000004310000, 0x0000000012400000]
 total_blobs=3043 nmethods=2776 adapters=180
 compilation: enabled

Compilation events (10 events):
Event: 55.499 Thread 0x0000000001cc2800 3924       3       com.android.dx.dex.file.MethodIdItem::itemType (4 bytes)
Event: 55.500 Thread 0x0000000001cc2800 nmethod 3924 0x00000000040b8050 code [0x00000000040b81a0, 0x00000000040b82f0]
Event: 55.500 Thread 0x0000000001cc2800 3925       1       com.android.dx.dex.file.MethodIdItem::itemType (4 bytes)
Event: 55.500 Thread 0x0000000001cc2800 nmethod 3925 0x00000000041a27d0 code [0x00000000041a2920, 0x00000000041a2a30]
Event: 55.516 Thread 0x0000000001cc2800 3926       3       com.android.dx.dex.file.ClassDefItem::itemType (4 bytes)
Event: 55.516 Thread 0x0000000001cc2800 nmethod 3926 0x0000000003ac2110 code [0x0000000003ac2260, 0x0000000003ac23b0]
Event: 55.517 Thread 0x0000000001cc2800 3927       1       com.android.dx.dex.file.ClassDefItem::itemType (4 bytes)
Event: 55.517 Thread 0x0000000001cc2800 nmethod 3927 0x0000000003ddaa50 code [0x0000000003ddaba0, 0x0000000003ddacb0]
Event: 55.532 Thread 0x0000000001cbd800 nmethod 3914 0x0000000004167510 code [0x0000000004167840, 0x000000000416a750]
Event: 55.532 Thread 0x0000000001cbd800 3923 %     4       com.android.dx.dex.file.MapItem::addMap @ 92 (247 bytes)

GC Heap History (10 events):
Event: 40.769 GC heap before
{Heap before GC invocations=28 (full 5):
 PSYoungGen      total 949248K, used 924522K [0x00000008d5580000, 0x000000092a200000, 0x0000000d00000000)
  eden space 636928K, 100% used [0x00000008d5580000,0x00000008fc380000,0x00000008fc380000)
  from space 312320K, 92% used [0x0000000912000000,0x00000009238da988,0x0000000925100000)
  to   space 356864K, 0% used [0x00000008fc380000,0x00000008fc380000,0x0000000912000000)
 ParOldGen       total 1300480K, used 983502K [0x0000000080000000, 0x00000000cf600000, 0x00000008d5580000)
  object space 1300480K, 75% used [0x0000000080000000,0x00000000bc073a28,0x00000000cf600000)
 Metaspace       used 6607K, capacity 6920K, committed 7168K, reserved 8192K
Event: 40.989 GC heap after
Heap after GC invocations=28 (full 5):
 PSYoungGen      total 993792K, used 194465K [0x00000008d5580000, 0x000000092c280000, 0x0000000d00000000)
  eden space 636928K, 0% used [0x00000008d5580000,0x00000008d5580000,0x00000008fc380000)
  from space 356864K, 54% used [0x00000008fc380000,0x0000000908168460,0x0000000912000000)
  to   space 357888K, 0% used [0x0000000916500000,0x0000000916500000,0x000000092c280000)
 ParOldGen       total 1300480K, used 983502K [0x0000000080000000, 0x00000000cf600000, 0x00000008d5580000)
  object space 1300480K, 75% used [0x0000000080000000,0x00000000bc073a28,0x00000000cf600000)
 Metaspace       used 6607K, capacity 6920K, committed 7168K, reserved 8192K
}
Event: 42.927 GC heap before
{Heap before GC invocations=29 (full 5):
 PSYoungGen      total 993792K, used 831393K [0x00000008d5580000, 0x000000092c280000, 0x0000000d00000000)
  eden space 636928K, 100% used [0x00000008d5580000,0x00000008fc380000,0x00000008fc380000)
  from space 356864K, 54% used [0x00000008fc380000,0x0000000908168460,0x0000000912000000)
  to   space 357888K, 0% used [0x0000000916500000,0x0000000916500000,0x000000092c280000)
 ParOldGen       total 1300480K, used 983502K [0x0000000080000000, 0x00000000cf600000, 0x00000008d5580000)
  object space 1300480K, 75% used [0x0000000080000000,0x00000000bc073a28,0x00000000cf600000)
 Metaspace       used 6609K, capacity 6920K, committed 7168K, reserved 8192K
Event: 43.240 GC heap after
Heap after GC invocations=29 (full 5):
 PSYoungGen      total 1027584K, used 296574K [0x00000008d5580000, 0x0000000930e80000, 0x0000000d00000000)
  eden space 669696K, 0% used [0x00000008d5580000,0x00000008d5580000,0x00000008fe380000)
  from space 357888K, 82% used [0x0000000916500000,0x000000092869f988,0x000000092c280000)
  to   space 394752K, 0% used [0x00000008fe380000,0x00000008fe380000,0x0000000916500000)
 ParOldGen       total 1300480K, used 983502K [0x0000000080000000, 0x00000000cf600000, 0x00000008d5580000)
  object space 1300480K, 75% used [0x0000000080000000,0x00000000bc073a28,0x00000000cf600000)
 Metaspace       used 6609K, capacity 6920K, committed 7168K, reserved 8192K
}
Event: 45.698 GC heap before
{Heap before GC invocations=30 (full 5):
 PSYoungGen      total 1027584K, used 966270K [0x00000008d5580000, 0x0000000930e80000, 0x0000000d00000000)
  eden space 669696K, 100% used [0x00000008d5580000,0x00000008fe380000,0x00000008fe380000)
  from space 357888K, 82% used [0x0000000916500000,0x000000092869f988,0x000000092c280000)
  to   space 394752K, 0% used [0x00000008fe380000,0x00000008fe380000,0x0000000916500000)
 ParOldGen       total 1300480K, used 983502K [0x0000000080000000, 0x00000000cf600000, 0x00000008d5580000)
  object space 1300480K, 75% used [0x0000000080000000,0x00000000bc073a28,0x00000000cf600000)
 Metaspace       used 6672K, capacity 6920K, committed 7168K, reserved 8192K
Event: 46.142 GC heap after
Heap after GC invocations=30 (full 5):
 PSYoungGen      total 1064448K, used 394721K [0x00000008d5580000, 0x000000093a400000, 0x0000000d00000000)
  eden space 669696K, 0% used [0x00000008d5580000,0x00000008d5580000,0x00000008fe380000)
  from space 394752K, 99% used [0x00000008fe380000,0x00000009164f86c8,0x0000000916500000)
  to   space 460800K, 0% used [0x000000091e200000,0x000000091e200000,0x000000093a400000)
 ParOldGen       total 1300480K, used 985698K [0x0000000080000000, 0x00000000cf600000, 0x00000008d5580000)
  object space 1300480K, 75% used [0x0000000080000000,0x00000000bc298940,0x00000000cf600000)
 Metaspace       used 6672K, capacity 6920K, committed 7168K, reserved 8192K
}
Event: 50.187 GC heap before
{Heap before GC invocations=31 (full 5):
 PSYoungGen      total 1064448K, used 1064417K [0x00000008d5580000, 0x000000093a400000, 0x0000000d00000000)
  eden space 669696K, 100% used [0x00000008d5580000,0x00000008fe380000,0x00000008fe380000)
  from space 394752K, 99% used [0x00000008fe380000,0x00000009164f86c8,0x0000000916500000)
  to   space 460800K, 0% used [0x000000091e200000,0x000000091e200000,0x000000093a400000)
 ParOldGen       total 1300480K, used 985698K [0x0000000080000000, 0x00000000cf600000, 0x00000008d5580000)
  object space 1300480K, 75% used [0x0000000080000000,0x00000000bc298940,0x00000000cf600000)
 Metaspace       used 6981K, capacity 7240K, committed 7424K, reserved 8192K
Event: 50.702 GC heap after
Heap after GC invocations=31 (full 5):
 PSYoungGen      total 1129984K, used 423251K [0x00000008d5580000, 0x0000000941d00000, 0x0000000d00000000)
  eden space 669184K, 0% used [0x00000008d5580000,0x00000008d5580000,0x00000008fe300000)
  from space 460800K, 91% used [0x000000091e200000,0x0000000937f54d20,0x000000093a400000)
  to   space 523264K, 0% used [0x00000008fe300000,0x00000008fe300000,0x000000091e200000)
 ParOldGen       total 1300480K, used 1088385K [0x0000000080000000, 0x00000000cf600000, 0x00000008d5580000)
  object space 1300480K, 83% used [0x0000000080000000,0x00000000c26e0678,0x00000000cf600000)
 Metaspace       used 6981K, capacity 7240K, committed 7424K, reserved 8192K
}
Event: 53.779 GC heap before
{Heap before GC invocations=32 (full 5):
 PSYoungGen      total 1129984K, used 1092435K [0x00000008d5580000, 0x0000000941d00000, 0x0000000d00000000)
  eden space 669184K, 100% used [0x00000008d5580000,0x00000008fe300000,0x00000008fe300000)
  from space 460800K, 91% used [0x000000091e200000,0x0000000937f54d20,0x000000093a400000)
  to   space 523264K, 0% used [0x00000008fe300000,0x00000008fe300000,0x000000091e200000)
 ParOldGen       total 1300480K, used 1088385K [0x0000000080000000, 0x00000000cf600000, 0x00000008d5580000)
  object space 1300480K, 83% used [0x0000000080000000,0x00000000c26e0678,0x00000000cf600000)
 Metaspace       used 7072K, capacity 7304K, committed 7424K, reserved 8192K
Event: 54.196 GC heap after
Heap after GC invocations=32 (full 5):
 PSYoungGen      total 1192448K, used 410388K [0x00000008d5580000, 0x0000000947480000, 0x0000000d00000000)
  eden space 669184K, 0% used [0x00000008d5580000,0x00000008d5580000,0x00000008fe300000)
  from space 523264K, 78% used [0x00000008fe300000,0x00000009173c5038,0x000000091e200000)
  to   space 568320K, 0% used [0x0000000924980000,0x0000000924980000,0x0000000947480000)
 ParOldGen       total 1300480K, used 1088393K [0x0000000080000000, 0x00000000cf600000, 0x00000008d5580000)
  object space 1300480K, 83% used [0x0000000080000000,0x00000000c26e2678,0x00000000cf600000)
 Metaspace       used 7072K, capacity 7304K, committed 7424K, reserved 8192K
}

Deoptimization events (10 events):
Event: 54.726 Thread 0x00000000252cd800 Uncommon trap: reason=class_check action=maybe_recompile pc=0x000000000399b01c method=com.android.dx.cf.code.OneLocalsArray.merge(Lcom/android/dx/cf/code/LocalsArray;)Lcom/android/dx/cf/code/LocalsArray; @ 1
Event: 54.726 Thread 0x00000000252cd800 Uncommon trap: reason=class_check action=maybe_recompile pc=0x000000000399b01c method=com.android.dx.cf.code.OneLocalsArray.merge(Lcom/android/dx/cf/code/LocalsArray;)Lcom/android/dx/cf/code/LocalsArray; @ 1
Event: 54.726 Thread 0x00000000252cd800 Uncommon trap: reason=class_check action=maybe_recompile pc=0x000000000399b01c method=com.android.dx.cf.code.OneLocalsArray.merge(Lcom/android/dx/cf/code/LocalsArray;)Lcom/android/dx/cf/code/LocalsArray; @ 1
Event: 54.728 Thread 0x00000000252cd800 Uncommon trap: reason=class_check action=maybe_recompile pc=0x000000000399b01c method=com.android.dx.cf.code.OneLocalsArray.merge(Lcom/android/dx/cf/code/LocalsArray;)Lcom/android/dx/cf/code/LocalsArray; @ 1
Event: 54.728 Thread 0x00000000252cd800 Uncommon trap: reason=class_check action=maybe_recompile pc=0x00000000042eb980 method=com.android.dx.cf.code.OneLocalsArray.merge(Lcom/android/dx/cf/code/LocalsArray;)Lcom/android/dx/cf/code/LocalsArray; @ 1
Event: 54.770 Thread 0x000000002886f800 Uncommon trap: reason=class_check action=maybe_recompile pc=0x000000000381a19c method=com.android.dx.dex.file.ValueEncoder.constantToValueType(Lcom/android/dx/rop/cst/Constant;)I @ 137
Event: 54.770 Thread 0x000000002886f800 Uncommon trap: reason=class_check action=maybe_recompile pc=0x000000000381a19c method=com.android.dx.dex.file.ValueEncoder.constantToValueType(Lcom/android/dx/rop/cst/Constant;)I @ 137
Event: 54.770 Thread 0x000000002886f800 Uncommon trap: reason=class_check action=maybe_recompile pc=0x000000000381a19c method=com.android.dx.dex.file.ValueEncoder.constantToValueType(Lcom/android/dx/rop/cst/Constant;)I @ 137
Event: 54.896 Thread 0x000000002886f800 Uncommon trap: reason=unreached action=reinterpret pc=0x000000000381a144 method=com.android.dx.dex.file.ValueEncoder.constantToValueType(Lcom/android/dx/rop/cst/Constant;)I @ 40
Event: 54.896 Thread 0x000000002886f800 Uncommon trap: reason=unreached action=reinterpret pc=0x00000000035cf264 method=com.android.dx.dex.file.ValueEncoder.constantToValueType(Lcom/android/dx/rop/cst/Constant;)I @ 40

Internal exceptions (10 events):
Event: 52.461 Thread 0x00000000256bd800 Implicit null exception at 0x0000000003acdf3c to 0x0000000003ace036
Event: 53.245 Thread 0x000000002886f800 Exception <a 'java/security/PrivilegedActionException'> (0x00000008fa71cb28) thrown at [D:\re\workspace\8-2-build-windows-amd64-cygwin\jdk8u20\1074\hotspot\src\share\vm\prims\jvm.cpp, line 1275]
Event: 53.283 Thread 0x000000002886f800 Exception <a 'java/security/PrivilegedActionException'> (0x00000008fa728eb0) thrown at [D:\re\workspace\8-2-build-windows-amd64-cygwin\jdk8u20\1074\hotspot\src\share\vm\prims\jvm.cpp, line 1275]
Event: 53.283 Thread 0x000000002886f800 Exception <a 'java/security/PrivilegedActionException'> (0x00000008fa72c0c0) thrown at [D:\re\workspace\8-2-build-windows-amd64-cygwin\jdk8u20\1074\hotspot\src\share\vm\prims\jvm.cpp, line 1275]
Event: 53.464 Thread 0x00000000256bd800 Exception <a 'java/security/PrivilegedActionException'> (0x00000008f8d84550) thrown at [D:\re\workspace\8-2-build-windows-amd64-cygwin\jdk8u20\1074\hotspot\src\share\vm\prims\jvm.cpp, line 1275]
Event: 53.474 Thread 0x00000000256bd800 Exception <a 'java/security/PrivilegedActionException'> (0x00000008f8d8e630) thrown at [D:\re\workspace\8-2-build-windows-amd64-cygwin\jdk8u20\1074\hotspot\src\share\vm\prims\jvm.cpp, line 1275]
Event: 53.475 Thread 0x00000000256bd800 Exception <a 'java/security/PrivilegedActionException'> (0x00000008f8d91be8) thrown at [D:\re\workspace\8-2-build-windows-amd64-cygwin\jdk8u20\1074\hotspot\src\share\vm\prims\jvm.cpp, line 1275]
Event: 53.476 Thread 0x00000000256bd800 Exception <a 'java/security/PrivilegedActionException'> (0x00000008f8d992a0) thrown at [D:\re\workspace\8-2-build-windows-amd64-cygwin\jdk8u20\1074\hotspot\src\share\vm\prims\jvm.cpp, line 1275]
Event: 54.234 Thread 0x000000002886f800 Exception <a 'java/security/PrivilegedActionException'> (0x00000008d66e6530) thrown at [D:\re\workspace\8-2-build-windows-amd64-cygwin\jdk8u20\1074\hotspot\src\share\vm\prims\jvm.cpp, line 1275]
Event: 55.305 Thread 0x000000002886f800 Exception <a 'java/security/PrivilegedActionException'> (0x00000008e24f79c8) thrown at [D:\re\workspace\8-2-build-windows-amd64-cygwin\jdk8u20\1074\hotspot\src\share\vm\prims\jvm.cpp, line 1275]

Events (10 events):
Event: 55.356 Thread 0x0000000001cbd800 flushing nmethod 0x00000000041ada90
Event: 55.356 Thread 0x0000000001cbd800 flushing nmethod 0x00000000041aee90
Event: 55.356 Thread 0x0000000001cbd800 flushing nmethod 0x00000000041b2d50
Event: 55.356 Thread 0x0000000001cbd800 flushing nmethod 0x00000000041b5150
Event: 55.356 Thread 0x0000000001cbd800 flushing nmethod 0x00000000041b7c50
Event: 55.356 Thread 0x0000000001cbd800 flushing nmethod 0x00000000041c1750
Event: 55.357 Thread 0x0000000001cbd800 flushing nmethod 0x00000000041dfb90
Event: 55.359 Thread 0x0000000001cbd800 flushing nmethod 0x00000000041ef710
Event: 55.476 Thread 0x00000000252cd800 Thread exited: 0x00000000252cd800
Event: 55.476 Thread 0x0000000025656000 Thread exited: 0x0000000025656000


Dynamic libraries:
0x00007ff63a9b0000 - 0x00007ff63a9e4000 	C:\Program Files\Java\jdk1.8.0_20\bin\java.exe
0x00007ff8b1230000 - 0x00007ff8b1401000 	C:\WINDOWS\SYSTEM32\ntdll.dll
0x00007ff8b02d0000 - 0x00007ff8b037b000 	C:\WINDOWS\System32\KERNEL32.DLL
0x00007ff8add70000 - 0x00007ff8adf8d000 	C:\WINDOWS\System32\KERNELBASE.dll
0x00007ff8aec10000 - 0x00007ff8aecb2000 	C:\WINDOWS\System32\ADVAPI32.dll
0x00007ff8aea90000 - 0x00007ff8aeb2e000 	C:\WINDOWS\System32\msvcrt.dll
0x00007ff8b0f30000 - 0x00007ff8b0f89000 	C:\WINDOWS\System32\sechost.dll
0x00007ff8b0be0000 - 0x00007ff8b0d01000 	C:\WINDOWS\System32\RPCRT4.dll
0x00007ff8b0f90000 - 0x00007ff8b10f5000 	C:\WINDOWS\System32\USER32.dll
0x00007ff8ad8b0000 - 0x00007ff8ad8ce000 	C:\WINDOWS\System32\win32u.dll
0x00007ff8b01d0000 - 0x00007ff8b0204000 	C:\WINDOWS\System32\GDI32.dll
0x00007ff8ad720000 - 0x00007ff8ad8a2000 	C:\WINDOWS\System32\gdi32full.dll
0x00007ff8a7aa0000 - 0x00007ff8a7d1a000 	C:\WINDOWS\WinSxS\amd64_microsoft.windows.common-controls_6595b64144ccf1df_6.0.14393.351_none_4213128bc687e6d3\COMCTL32.dll
0x00007ff8b07b0000 - 0x00007ff8b0a77000 	C:\WINDOWS\System32\combase.dll
0x00007ff8ad940000 - 0x00007ff8ada35000 	C:\WINDOWS\System32\ucrtbase.dll
0x00007ff8ad8d0000 - 0x00007ff8ad93a000 	C:\WINDOWS\System32\bcryptPrimitives.dll
0x00007ff8ae820000 - 0x00007ff8ae84e000 	C:\WINDOWS\System32\IMM32.DLL
0x00000000519f0000 - 0x0000000051ac2000 	C:\Program Files\Java\jdk1.8.0_20\jre\bin\msvcr100.dll
0x0000000051190000 - 0x00000000519e8000 	C:\Program Files\Java\jdk1.8.0_20\jre\bin\server\jvm.dll
0x00007ff8aeb30000 - 0x00007ff8aeb38000 	C:\WINDOWS\System32\PSAPI.DLL
0x00007ff8a2d60000 - 0x00007ff8a2d69000 	C:\WINDOWS\SYSTEM32\WSOCK32.dll
0x00007ff8ab450000 - 0x00007ff8ab473000 	C:\WINDOWS\SYSTEM32\WINMM.dll
0x00007ff8b11c0000 - 0x00007ff8b122a000 	C:\WINDOWS\System32\WS2_32.dll
0x00007ff8ab420000 - 0x00007ff8ab44b000 	C:\WINDOWS\SYSTEM32\WINMMBASE.dll
0x00007ff8ae770000 - 0x00007ff8ae7b2000 	C:\WINDOWS\System32\cfgmgr32.dll
0x0000000052c40000 - 0x0000000052c4f000 	C:\Program Files\Java\jdk1.8.0_20\jre\bin\verify.dll
0x0000000052c10000 - 0x0000000052c38000 	C:\Program Files\Java\jdk1.8.0_20\jre\bin\java.dll
0x0000000052bf0000 - 0x0000000052c06000 	C:\Program Files\Java\jdk1.8.0_20\jre\bin\zip.dll
0x00007ff8aecc0000 - 0x00007ff8b01c9000 	C:\WINDOWS\System32\SHELL32.dll
0x00007ff8ae090000 - 0x00007ff8ae76a000 	C:\WINDOWS\System32\windows.storage.dll
0x00007ff8ad6c0000 - 0x00007ff8ad70c000 	C:\WINDOWS\System32\powrprof.dll
0x00007ff8aebb0000 - 0x00007ff8aec02000 	C:\WINDOWS\System32\shlwapi.dll
0x00007ff8ad710000 - 0x00007ff8ad71f000 	C:\WINDOWS\System32\kernel.appcore.dll
0x00007ff8ada40000 - 0x00007ff8adae9000 	C:\WINDOWS\System32\shcore.dll
0x00007ff8ad6a0000 - 0x00007ff8ad6b4000 	C:\WINDOWS\System32\profapi.dll
0x00007ff89e170000 - 0x00007ff89e302000 	C:\WINDOWS\SYSTEM32\dbghelp.dll

VM Arguments:
jvm_args: -Djava.awt.headless=true -Xmx50g -Dfile.encoding=windows-1251 -Duser.country=RU -Duser.language=ru -Duser.variant 
java_command: com.android.dx.command.Main --dex --num-threads=4 --multi-dex --main-dex-list C:\Users\User\Documents\GitHub\iCRM\iCRM\app\build\intermediates\multi-dex\debug\maindexlist.txt --output C:\Users\User\Documents\GitHub\iCRM\iCRM\app\build\intermediates\transforms\dex\debug\folders\1000\1f\main C:\Users\User\Documents\GitHub\iCRM\iCRM\app\build\intermediates\transforms\jarMerging\debug\jars\1\1f\combined.jar
java_class_path (initial): C:\Users\User\AppData\Local\Android\sdk\build-tools\23.0.3\lib\dx.jar
Launcher Type: SUN_STANDARD

Environment Variables:
PATH=C:\ProgramData\Oracle\Java\javapath;C:\Program Files\Broadcom\Broadcom 802.11 Network Adapter;C:\Program Files (x86)\NVIDIA Corporation\PhysX\Common;C:\Program Files (x86)\Intel\iCLS Client\;C:\Program Files\Intel\iCLS Client\;C:\Windows\system32;C:\Windows;C:\Windows\System32\Wbem;C:\Windows\System32\WindowsPowerShell\v1.0\;C:\Program Files\Intel\Intel(R) Management Engine Components\DAL;C:\Program Files\Intel\Intel(R) Management Engine Components\IPT;C:\Program Files (x86)\Intel\Intel(R) Management Engine Components\DAL;C:\Program Files (x86)\Intel\Intel(R) Management Engine Components\IPT;C:\Program Files\WIDCOMM\Bluetooth Software\;C:\Program Files\WIDCOMM\Bluetooth Software\syswow64;C:\Program Files\Acer\Remote Files\;C:\Program Files (x86)\Skype\Phone\;C:\Program Files\OpenVPN\bin;C:\WINDOWS\system32;C:\WINDOWS;C:\WINDOWS\System32\Wbem;C:\WINDOWS\System32\WindowsPowerShell\v1.0\;C:\Users\User\AppData\Local\Microsoft\WindowsApps;
USERNAME=User
OS=Windows_NT
PROCESSOR_IDENTIFIER=Intel64 Family 6 Model 69 Stepping 1, GenuineIntel



---------------  S Y S T E M  ---------------

OS: Windows 8.1 , 64 bit Build 9600 

CPU:total 4 (2 cores per cpu, 2 threads per core) family 6 model 69 stepping 1, cmov, cx8, fxsr, mmx, sse, sse2, sse3, ssse3, sse4.1, sse4.2, popcnt, avx, avx2, aes, clmul, erms, lzcnt, ht, tsc, tscinvbit, bmi1, bmi2

Memory: 4k page, physical 8310040k(786072k free), swap 12406040k(2496k free)

vm_info: Java HotSpot(TM) 64-Bit Server VM (25.20-b23) for windows-amd64 JRE (1.8.0_20-b26), built on Jul 30 2014 13:51:23 by "java_re" with MS VC++ 10.0 (VS2010)

time: Fri Nov 04 11:20:37 2016
elapsed time: 55 seconds (0d 0h 0m 55s)

