#
# There is insufficient memory for the Java Runtime Environment to continue.
# Native memory allocation (malloc) failed to allocate 72336 bytes for Chunk::new
# Possible reasons:
#   The system is out of physical RAM or swap space
#   In 32 bit mode, the process size limit was hit
# Possible solutions:
#   Reduce memory load on the system
#   Increase physical memory or swap space
#   Check if swap backing store is full
#   Use 64 bit Java on a 64 bit OS
#   Decrease Java heap size (-Xmx/-Xms)
#   Decrease number of Java threads
#   Decrease Java thread stack sizes (-Xss)
#   Set larger code cache with -XX:ReservedCodeCacheSize=
# This output file may be truncated or incomplete.
#
#  Out of Memory Error (allocation.cpp:390), pid=6644, tid=12080
#
# JRE version: Java(TM) SE Runtime Environment (8.0_20-b26) (build 1.8.0_20-b26)
# Java VM: Java HotSpot(TM) 64-Bit Server VM (25.20-b23 mixed mode windows-amd64 )
# Failed to write core dump. Minidumps are not enabled by default on client versions of Windows
#

---------------  T H R E A D  ---------------

Current thread (0x0000000023e4e800):  JavaThread "C2 CompilerThread1" daemon [_thread_in_native, id=12080, stack(0x00000000254a0000,0x00000000255a0000)]

Stack: [0x00000000254a0000,0x00000000255a0000]
Native frames: (J=compiled Java code, j=interpreted, Vv=VM code, C=native code)
V  [jvm.dll+0x3152fa]
V  [jvm.dll+0x265d03]
V  [jvm.dll+0x266943]
V  [jvm.dll+0x25e265]
V  [jvm.dll+0xbe255]
V  [jvm.dll+0xbe6fc]
V  [jvm.dll+0x45c4c3]
V  [jvm.dll+0x49d76f]
V  [jvm.dll+0x451045]
V  [jvm.dll+0x452634]
V  [jvm.dll+0x435fc2]
V  [jvm.dll+0x97b62]
V  [jvm.dll+0x98353]
V  [jvm.dll+0x22aac4]
V  [jvm.dll+0x283f5a]
C  [msvcr100.dll+0x21d9f]
C  [msvcr100.dll+0x21e3b]
C  [KERNEL32.DLL+0x8364]
C  [ntdll.dll+0x65e91]


Current CompileTask:
C2:  37065 2675       4       com.android.dx.dex.file.ValueEncoder::addContents (75 bytes)


---------------  P R O C E S S  ---------------

Java Threads: ( => current thread )
  0x00000000261de800 JavaThread "pool-2-thread-4" [_thread_in_Java, id=13448, stack(0x0000000027870000,0x0000000027970000)]
  0x00000000261de000 JavaThread "pool-2-thread-3" [_thread_in_Java, id=10928, stack(0x0000000027770000,0x0000000027870000)]
  0x00000000261e3800 JavaThread "pool-2-thread-2" [_thread_in_Java, id=13824, stack(0x0000000027670000,0x0000000027770000)]
  0x00000000264ff000 JavaThread "pool-3-thread-1" [_thread_blocked, id=14052, stack(0x0000000027570000,0x0000000027670000)]
  0x0000000025991000 JavaThread "pool-2-thread-1" [_thread_in_Java, id=11636, stack(0x0000000027470000,0x0000000027570000)]
  0x00000000256c4800 JavaThread "Service Thread" daemon [_thread_blocked, id=2240, stack(0x0000000025aa0000,0x0000000025ba0000)]
  0x0000000023e57000 JavaThread "C1 CompilerThread2" daemon [_thread_blocked, id=13672, stack(0x00000000255a0000,0x00000000256a0000)]
=>0x0000000023e4e800 JavaThread "C2 CompilerThread1" daemon [_thread_in_native, id=12080, stack(0x00000000254a0000,0x00000000255a0000)]
  0x0000000023e4c000 JavaThread "C2 CompilerThread0" daemon [_thread_in_native, id=13720, stack(0x00000000253a0000,0x00000000254a0000)]
  0x0000000023e4a800 JavaThread "Attach Listener" daemon [_thread_blocked, id=4268, stack(0x00000000252a0000,0x00000000253a0000)]
  0x0000000023e49800 JavaThread "Signal Dispatcher" daemon [_thread_blocked, id=5144, stack(0x00000000251a0000,0x00000000252a0000)]
  0x00000000019c6000 JavaThread "Finalizer" daemon [_thread_blocked, id=9612, stack(0x00000000250a0000,0x00000000251a0000)]
  0x00000000019bd000 JavaThread "Reference Handler" daemon [_thread_blocked, id=8468, stack(0x0000000024fa0000,0x00000000250a0000)]
  0x00000000018d2800 JavaThread "main" [_thread_in_Java, id=13972, stack(0x00000000017d0000,0x00000000018d0000)]

Other Threads:
  0x0000000023e15800 VMThread [stack: 0x0000000024ea0000,0x0000000024fa0000] [id=3272]
  0x00000000256c7000 WatcherThread [stack: 0x0000000025ba0000,0x0000000025ca0000] [id=13132]

VM state:not at safepoint (normal execution)

VM Mutex/Monitor currently owned by a thread: None

Heap:
 PSYoungGen      total 845824K, used 356374K [0x00000008d5580000, 0x000000091cf80000, 0x0000000d00000000)
  eden space 623616K, 41% used [0x00000008d5580000,0x00000008e54cff58,0x00000008fb680000)
  from space 222208K, 42% used [0x000000090f680000,0x00000009153359c0,0x000000091cf80000)
  to   space 181248K, 0% used [0x00000008fb680000,0x00000008fb680000,0x0000000906780000)
 ParOldGen       total 518144K, used 518011K [0x0000000080000000, 0x000000009fa00000, 0x00000008d5580000)
  object space 518144K, 99% used [0x0000000080000000,0x000000009f9dedb8,0x000000009fa00000)
 Metaspace       used 6585K, capacity 6920K, committed 7168K, reserved 8192K

Card table byte_map: [0x0000000012400000,0x0000000018810000] byte_map_base: 0x0000000012000000

Marking Bits: (ParMarkBitMap*) 0x0000000053f5b460
 Begin Bits: [0x0000000d00000000, 0x0000000d32000000)
 End Bits:   [0x0000000d32000000, 0x0000000d64000000)

Polling page: 0x0000000001620000

CodeCache: size=245760Kb used=11530Kb max_used=11530Kb free=234229Kb
 bounds [0x0000000003400000, 0x0000000003f70000, 0x0000000012400000]
 total_blobs=2488 nmethods=2222 adapters=179
 compilation: enabled

Compilation events (10 events):
Event: 31.020 Thread 0x0000000023e4e800 nmethod 2612 0x0000000003b6dfd0 code [0x0000000003b6e100, 0x0000000003b6e178]
Event: 31.020 Thread 0x0000000023e4e800 2618       4       com.android.dx.cf.code.Simulator$SimVisitor::visitNoArgs (2108 bytes)
Event: 36.557 Thread 0x0000000023e4e800 nmethod 2618 0x0000000003f4f850 code [0x0000000003f50d60, 0x0000000003f586e0]
Event: 36.557 Thread 0x0000000023e4e800 2675       4       com.android.dx.dex.file.ValueEncoder::addContents (75 bytes)
Event: 36.573 Thread 0x0000000023e57000 2687 %     3       com.android.dx.ssa.back.FirstFitLocalCombiningAllocator$Multiset::getAndRemoveHighestCount @ 9 (63 bytes)
Event: 36.573 Thread 0x0000000023e57000 nmethod 2687% 0x00000000036f5390 code [0x00000000036f5500, 0x00000000036f5830]
Event: 36.607 Thread 0x0000000023e57000 2690       2       com.android.dx.cf.code.ExecutionStack::peekType (11 bytes)
Event: 36.608 Thread 0x0000000023e57000 nmethod 2690 0x0000000003748390 code [0x0000000003748500, 0x0000000003748698]
Event: 36.618 Thread 0x0000000023e57000 2692       1       com.android.dx.cf.direct.DirectClassFile$DcfTypeList::isMutable (2 bytes)
Event: 36.618 Thread 0x0000000023e57000 nmethod 2692 0x00000000036d4b10 code [0x00000000036d4c60, 0x00000000036d4d70]

GC Heap History (10 events):
Event: 20.485 GC heap before
{Heap before GC invocations=14 (full 2):
 PSYoungGen      total 680960K, used 680941K [0x00000008d5580000, 0x000000090ff80000, 0x0000000d00000000)
  eden space 563712K, 100% used [0x00000008d5580000,0x00000008f7c00000,0x00000008f7c00000)
  from space 117248K, 99% used [0x00000008f7c00000,0x00000008fee7b448,0x00000008fee80000)
  to   space 155648K, 0% used [0x0000000906780000,0x0000000906780000,0x000000090ff80000)
 ParOldGen       total 313344K, used 225926K [0x0000000080000000, 0x0000000093200000, 0x00000008d5580000)
  object space 313344K, 72% used [0x0000000080000000,0x000000008dca1b70,0x0000000093200000)
 Metaspace       used 6576K, capacity 6920K, committed 7168K, reserved 8192K
Event: 21.157 GC heap after
Heap after GC invocations=14 (full 2):
 PSYoungGen      total 779264K, used 150523K [0x00000008d5580000, 0x0000000914200000, 0x0000000d00000000)
  eden space 623616K, 0% used [0x00000008d5580000,0x00000008d5580000,0x00000008fb680000)
  from space 155648K, 96% used [0x0000000906780000,0x000000090fa7eee0,0x000000090ff80000)
  to   space 181248K, 0% used [0x00000008fb680000,0x00000008fb680000,0x0000000906780000)
 ParOldGen       total 313344K, used 284144K [0x0000000080000000, 0x0000000093200000, 0x00000008d5580000)
  object space 313344K, 90% used [0x0000000080000000,0x000000009157c3c0,0x0000000093200000)
 Metaspace       used 6576K, capacity 6920K, committed 7168K, reserved 8192K
}
Event: 21.157 GC heap before
{Heap before GC invocations=15 (full 3):
 PSYoungGen      total 779264K, used 150523K [0x00000008d5580000, 0x0000000914200000, 0x0000000d00000000)
  eden space 623616K, 0% used [0x00000008d5580000,0x00000008d5580000,0x00000008fb680000)
  from space 155648K, 96% used [0x0000000906780000,0x000000090fa7eee0,0x000000090ff80000)
  to   space 181248K, 0% used [0x00000008fb680000,0x00000008fb680000,0x0000000906780000)
 ParOldGen       total 313344K, used 284144K [0x0000000080000000, 0x0000000093200000, 0x00000008d5580000)
  object space 313344K, 90% used [0x0000000080000000,0x000000009157c3c0,0x0000000093200000)
 Metaspace       used 6576K, capacity 6920K, committed 7168K, reserved 8192K
Event: 24.407 GC heap after
Heap after GC invocations=15 (full 3):
 PSYoungGen      total 779264K, used 108449K [0x00000008d5580000, 0x0000000914200000, 0x0000000d00000000)
  eden space 623616K, 0% used [0x00000008d5580000,0x00000008d5580000,0x00000008fb680000)
  from space 155648K, 69% used [0x0000000906780000,0x000000090d168590,0x000000090ff80000)
  to   space 181248K, 0% used [0x00000008fb680000,0x00000008fb680000,0x0000000906780000)
 ParOldGen       total 518144K, used 313254K [0x0000000080000000, 0x000000009fa00000, 0x00000008d5580000)
  object space 518144K, 60% used [0x0000000080000000,0x00000000931e9808,0x000000009fa00000)
 Metaspace       used 6576K, capacity 6920K, committed 7168K, reserved 8192K
}
Event: 26.946 GC heap before
{Heap before GC invocations=16 (full 3):
 PSYoungGen      total 779264K, used 732065K [0x00000008d5580000, 0x0000000914200000, 0x0000000d00000000)
  eden space 623616K, 100% used [0x00000008d5580000,0x00000008fb680000,0x00000008fb680000)
  from space 155648K, 69% used [0x0000000906780000,0x000000090d168590,0x000000090ff80000)
  to   space 181248K, 0% used [0x00000008fb680000,0x00000008fb680000,0x0000000906780000)
 ParOldGen       total 518144K, used 313254K [0x0000000080000000, 0x000000009fa00000, 0x00000008d5580000)
  object space 518144K, 60% used [0x0000000080000000,0x00000000931e9808,0x000000009fa00000)
 Metaspace       used 6582K, capacity 6920K, committed 7168K, reserved 8192K
Event: 27.420 GC heap after
Heap after GC invocations=16 (full 3):
 PSYoungGen      total 804864K, used 181219K [0x00000008d5580000, 0x000000091cf80000, 0x0000000d00000000)
  eden space 623616K, 0% used [0x00000008d5580000,0x00000008d5580000,0x00000008fb680000)
  from space 181248K, 99% used [0x00000008fb680000,0x0000000906778c10,0x0000000906780000)
  to   space 222208K, 0% used [0x000000090f680000,0x000000090f680000,0x000000091cf80000)
 ParOldGen       total 518144K, used 337632K [0x0000000080000000, 0x000000009fa00000, 0x00000008d5580000)
  object space 518144K, 65% used [0x0000000080000000,0x00000000949b8350,0x000000009fa00000)
 Metaspace       used 6582K, capacity 6920K, committed 7168K, reserved 8192K
}
Event: 31.118 GC heap before
{Heap before GC invocations=17 (full 3):
 PSYoungGen      total 804864K, used 804835K [0x00000008d5580000, 0x000000091cf80000, 0x0000000d00000000)
  eden space 623616K, 100% used [0x00000008d5580000,0x00000008fb680000,0x00000008fb680000)
  from space 181248K, 99% used [0x00000008fb680000,0x0000000906778c10,0x0000000906780000)
  to   space 222208K, 0% used [0x000000090f680000,0x000000090f680000,0x000000091cf80000)
 ParOldGen       total 518144K, used 337632K [0x0000000080000000, 0x000000009fa00000, 0x00000008d5580000)
  object space 518144K, 65% used [0x0000000080000000,0x00000000949b8350,0x000000009fa00000)
 Metaspace       used 6585K, capacity 6920K, committed 7168K, reserved 8192K
Event: 31.692 GC heap after
Heap after GC invocations=17 (full 3):
 PSYoungGen      total 845824K, used 181072K [0x00000008d5580000, 0x000000091cf80000, 0x0000000d00000000)
  eden space 623616K, 0% used [0x00000008d5580000,0x00000008d5580000,0x00000008fb680000)
  from space 222208K, 81% used [0x000000090f680000,0x000000091a754108,0x000000091cf80000)
  to   space 181248K, 0% used [0x00000008fb680000,0x00000008fb680000,0x0000000906780000)
 ParOldGen       total 518144K, used 439441K [0x0000000080000000, 0x000000009fa00000, 0x00000008d5580000)
  object space 518144K, 84% used [0x0000000080000000,0x000000009ad24748,0x000000009fa00000)
 Metaspace       used 6585K, capacity 6920K, committed 7168K, reserved 8192K
}
Event: 31.692 GC heap before
{Heap before GC invocations=18 (full 4):
 PSYoungGen      total 845824K, used 181072K [0x00000008d5580000, 0x000000091cf80000, 0x0000000d00000000)
  eden space 623616K, 0% used [0x00000008d5580000,0x00000008d5580000,0x00000008fb680000)
  from space 222208K, 81% used [0x000000090f680000,0x000000091a754108,0x000000091cf80000)
  to   space 181248K, 0% used [0x00000008fb680000,0x00000008fb680000,0x0000000906780000)
 ParOldGen       total 518144K, used 439441K [0x0000000080000000, 0x000000009fa00000, 0x00000008d5580000)
  object space 518144K, 84% used [0x0000000080000000,0x000000009ad24748,0x000000009fa00000)
 Metaspace       used 6585K, capacity 6920K, committed 7168K, reserved 8192K
Event: 36.271 GC heap after
Heap after GC invocations=18 (full 4):
 PSYoungGen      total 845824K, used 94934K [0x00000008d5580000, 0x000000091cf80000, 0x0000000d00000000)
  eden space 623616K, 0% used [0x00000008d5580000,0x00000008d5580000,0x00000008fb680000)
  from space 222208K, 42% used [0x000000090f680000,0x00000009153359c0,0x000000091cf80000)
  to   space 181248K, 0% used [0x00000008fb680000,0x00000008fb680000,0x0000000906780000)
 ParOldGen       total 518144K, used 518011K [0x0000000080000000, 0x000000009fa00000, 0x00000008d5580000)
  object space 518144K, 99% used [0x0000000080000000,0x000000009f9dedb8,0x000000009fa00000)
 Metaspace       used 6585K, capacity 6920K, committed 7168K, reserved 8192K
}

Deoptimization events (10 events):
Event: 17.781 Thread 0x00000000261de000 Uncommon trap: reason=unreached action=reinterpret pc=0x0000000003732bd4 method=com.android.dx.ssa.back.SsaToRop.convertBasicBlocks()Lcom/android/dx/rop/code/BasicBlockList; @ 33
Event: 19.759 Thread 0x0000000025991000 Uncommon trap: reason=unreached action=reinterpret pc=0x0000000003b7623c method=java.util.HashMap.putVal(ILjava/lang/Object;Ljava/lang/Object;ZZ)Ljava/lang/Object; @ 109
Event: 24.517 Thread 0x00000000261de000 Uncommon trap: reason=bimorphic action=maybe_recompile pc=0x00000000037e07e4 method=com.android.dx.ssa.LiteralOpUpgrader.tryReplacingWithConstant(Lcom/android/dx/ssa/NormalSsaInsn;)Z @ 62
Event: 24.580 Thread 0x00000000261e3800 Uncommon trap: reason=bimorphic action=maybe_recompile pc=0x00000000037e07e4 method=com.android.dx.ssa.LiteralOpUpgrader.tryReplacingWithConstant(Lcom/android/dx/ssa/NormalSsaInsn;)Z @ 62
Event: 25.118 Thread 0x00000000261e3800 Uncommon trap: reason=bimorphic action=maybe_recompile pc=0x0000000003c94a24 method=com.android.dx.cf.code.BytecodeArray.parseInstruction(ILcom/android/dx/cf/code/BytecodeArray$Visitor;)I @ 1597
Event: 25.118 Thread 0x00000000261e3800 Uncommon trap: reason=bimorphic action=maybe_recompile pc=0x0000000003c94a24 method=com.android.dx.cf.code.BytecodeArray.parseInstruction(ILcom/android/dx/cf/code/BytecodeArray$Visitor;)I @ 1597
Event: 26.705 Thread 0x0000000025991000 Uncommon trap: reason=bimorphic action=maybe_recompile pc=0x0000000003c3f540 method=com.android.dx.cf.code.BytecodeArray.parseInstruction(ILcom/android/dx/cf/code/BytecodeArray$Visitor;)I @ 2554
Event: 26.705 Thread 0x0000000025991000 Uncommon trap: reason=bimorphic action=maybe_recompile pc=0x0000000003c3f540 method=com.android.dx.cf.code.BytecodeArray.parseInstruction(ILcom/android/dx/cf/code/BytecodeArray$Visitor;)I @ 2554
Event: 27.822 Thread 0x00000000261de800 Uncommon trap: reason=bimorphic action=maybe_recompile pc=0x0000000003ec964c method=com.android.dx.cf.code.BytecodeArray.parseInstruction(ILcom/android/dx/cf/code/BytecodeArray$Visitor;)I @ 1067
Event: 27.822 Thread 0x00000000261de800 Uncommon trap: reason=bimorphic action=maybe_recompile pc=0x0000000003ec964c method=com.android.dx.cf.code.BytecodeArray.parseInstruction(ILcom/android/dx/cf/code/BytecodeArray$Visitor;)I @ 1067

Internal exceptions (10 events):
Event: 2.402 Thread 0x00000000261de000 Exception <a 'java/lang/ArrayIndexOutOfBoundsException': 18> (0x00000008db6416b8) thrown at [D:\re\workspace\8-2-build-windows-amd64-cygwin\jdk8u20\1074\hotspot\src\share\vm\interpreter\interpreterRuntime.cpp, line 366]
Event: 2.402 Thread 0x00000000261de000 Exception <a 'java/lang/ArrayIndexOutOfBoundsException': 145> (0x00000008db643a18) thrown at [D:\re\workspace\8-2-build-windows-amd64-cygwin\jdk8u20\1074\hotspot\src\share\vm\interpreter\interpreterRuntime.cpp, line 366]
Event: 2.403 Thread 0x00000000261de000 Exception <a 'java/lang/ArrayIndexOutOfBoundsException'> (0x00000008db645260) thrown at [D:\re\workspace\8-2-build-windows-amd64-cygwin\jdk8u20\1074\hotspot\src\share\vm\runtime\sharedRuntime.cpp, line 604]
Event: 3.895 Thread 0x00000000261e3800 Exception <a 'java/security/PrivilegedActionException'> (0x00000008d855e8d0) thrown at [D:\re\workspace\8-2-build-windows-amd64-cygwin\jdk8u20\1074\hotspot\src\share\vm\prims\jvm.cpp, line 1275]
Event: 14.649 Thread 0x00000000018d2800 Exception <a 'java/security/PrivilegedActionException'> (0x00000008d56ccd08) thrown at [D:\re\workspace\8-2-build-windows-amd64-cygwin\jdk8u20\1074\hotspot\src\share\vm\prims\jvm.cpp, line 1275]
Event: 14.652 Thread 0x00000000018d2800 Implicit null exception at 0x00000000035a6d80 to 0x00000000035a82e1
Event: 17.781 Thread 0x00000000261de000 Implicit null exception at 0x000000000372fcbd to 0x0000000003732bb1
Event: 25.393 Thread 0x00000000261de800 Exception <a 'java/security/PrivilegedActionException'> (0x00000008e384be88) thrown at [D:\re\workspace\8-2-build-windows-amd64-cygwin\jdk8u20\1074\hotspot\src\share\vm\prims\jvm.cpp, line 1275]
Event: 26.874 Thread 0x00000000018d2800 Exception <a 'java/security/PrivilegedActionException'> (0x00000008f9e914a0) thrown at [D:\re\workspace\8-2-build-windows-amd64-cygwin\jdk8u20\1074\hotspot\src\share\vm\prims\jvm.cpp, line 1275]
Event: 27.656 Thread 0x00000000261de800 Exception <a 'java/security/PrivilegedActionException'> (0x00000008da5fd4f8) thrown at [D:\re\workspace\8-2-build-windows-amd64-cygwin\jdk8u20\1074\hotspot\src\share\vm\prims\jvm.cpp, line 1275]

Events (10 events):
Event: 31.081 Thread 0x00000000018d2800 DEOPT PACKING pc=0x0000000003aeb3ba sp=0x00000000018ce890
Event: 31.081 Thread 0x00000000018d2800 DEOPT UNPACKING pc=0x00000000034475bf sp=0x00000000018ce6a0 mode 0
Event: 31.085 Thread 0x00000000018d2800 DEOPT PACKING pc=0x0000000003ba5284 sp=0x00000000018ce790
Event: 31.085 Thread 0x00000000018d2800 DEOPT UNPACKING pc=0x00000000034475bf sp=0x00000000018ce550 mode 0
Event: 31.110 Executing VM operation: ParallelGCFailedAllocation
Event: 36.271 Executing VM operation: ParallelGCFailedAllocation done
Event: 36.427 Thread 0x00000000018d2800 DEOPT PACKING pc=0x0000000003aeb3ba sp=0x00000000018ce890
Event: 36.427 Thread 0x00000000018d2800 DEOPT UNPACKING pc=0x00000000034475bf sp=0x00000000018ce6a0 mode 0
Event: 36.428 Thread 0x00000000018d2800 DEOPT PACKING pc=0x0000000003ba5284 sp=0x00000000018ce790
Event: 36.428 Thread 0x00000000018d2800 DEOPT UNPACKING pc=0x00000000034475bf sp=0x00000000018ce550 mode 0


Dynamic libraries:
0x00007ff64dce0000 - 0x00007ff64dd14000 	C:\Program Files\Java\jdk1.8.0_20\bin\java.exe
0x00007ff9b0c20000 - 0x00007ff9b0df1000 	C:\WINDOWS\SYSTEM32\ntdll.dll
0x00007ff9b0060000 - 0x00007ff9b010b000 	C:\WINDOWS\System32\KERNEL32.DLL
0x00007ff9adb20000 - 0x00007ff9add3d000 	C:\WINDOWS\System32\KERNELBASE.dll
0x00007ff9b0210000 - 0x00007ff9b02b2000 	C:\WINDOWS\System32\ADVAPI32.dll
0x00007ff9affc0000 - 0x00007ff9b005e000 	C:\WINDOWS\System32\msvcrt.dll
0x00007ff9b0bc0000 - 0x00007ff9b0c19000 	C:\WINDOWS\System32\sechost.dll
0x00007ff9b0970000 - 0x00007ff9b0a91000 	C:\WINDOWS\System32\RPCRT4.dll
0x00007ff9b07f0000 - 0x00007ff9b0955000 	C:\WINDOWS\System32\USER32.dll
0x00007ff9ad300000 - 0x00007ff9ad31e000 	C:\WINDOWS\System32\win32u.dll
0x00007ff9b02c0000 - 0x00007ff9b02f4000 	C:\WINDOWS\System32\GDI32.dll
0x00007ff9adda0000 - 0x00007ff9adf22000 	C:\WINDOWS\System32\gdi32full.dll
0x00007ff9a7ae0000 - 0x00007ff9a7d5a000 	C:\WINDOWS\WinSxS\amd64_microsoft.windows.common-controls_6595b64144ccf1df_6.0.14393.351_none_4213128bc687e6d3\COMCTL32.dll
0x00007ff9b03c0000 - 0x00007ff9b0687000 	C:\WINDOWS\System32\combase.dll
0x00007ff9ad1b0000 - 0x00007ff9ad2a5000 	C:\WINDOWS\System32\ucrtbase.dll
0x00007ff9ad320000 - 0x00007ff9ad38a000 	C:\WINDOWS\System32\bcryptPrimitives.dll
0x00007ff9ae370000 - 0x00007ff9ae39e000 	C:\WINDOWS\System32\IMM32.DLL
0x0000000055cc0000 - 0x0000000055d92000 	C:\Program Files\Java\jdk1.8.0_20\jre\bin\msvcr100.dll
0x0000000053780000 - 0x0000000053fd8000 	C:\Program Files\Java\jdk1.8.0_20\jre\bin\server\jvm.dll
0x00007ff9b0960000 - 0x00007ff9b0968000 	C:\WINDOWS\System32\PSAPI.DLL
0x00007ff9ab2a0000 - 0x00007ff9ab2c3000 	C:\WINDOWS\SYSTEM32\WINMM.dll
0x00007ff9a0850000 - 0x00007ff9a0859000 	C:\WINDOWS\SYSTEM32\WSOCK32.dll
0x00007ff9ab270000 - 0x00007ff9ab29b000 	C:\WINDOWS\SYSTEM32\WINMMBASE.dll
0x00007ff9aea40000 - 0x00007ff9aeaaa000 	C:\WINDOWS\System32\WS2_32.dll
0x00007ff9ad2b0000 - 0x00007ff9ad2f2000 	C:\WINDOWS\System32\cfgmgr32.dll
0x0000000055cb0000 - 0x0000000055cbf000 	C:\Program Files\Java\jdk1.8.0_20\jre\bin\verify.dll
0x0000000055c80000 - 0x0000000055ca8000 	C:\Program Files\Java\jdk1.8.0_20\jre\bin\java.dll
0x0000000055c60000 - 0x0000000055c76000 	C:\Program Files\Java\jdk1.8.0_20\jre\bin\zip.dll
0x00007ff9aeab0000 - 0x00007ff9affb9000 	C:\WINDOWS\System32\SHELL32.dll
0x00007ff9ad440000 - 0x00007ff9adb1a000 	C:\WINDOWS\System32\windows.storage.dll
0x00007ff9ad0b0000 - 0x00007ff9ad0fc000 	C:\WINDOWS\System32\powrprof.dll
0x00007ff9ae970000 - 0x00007ff9ae9c2000 	C:\WINDOWS\System32\shlwapi.dll
0x00007ff9ad0a0000 - 0x00007ff9ad0af000 	C:\WINDOWS\System32\kernel.appcore.dll
0x00007ff9adf30000 - 0x00007ff9adfd9000 	C:\WINDOWS\System32\shcore.dll
0x00007ff9ad080000 - 0x00007ff9ad094000 	C:\WINDOWS\System32\profapi.dll
0x00007ff9a64b0000 - 0x00007ff9a6642000 	C:\WINDOWS\SYSTEM32\dbghelp.dll

VM Arguments:
jvm_args: -Djava.awt.headless=true -Xmx50g -Dfile.encoding=windows-1251 -Duser.country=RU -Duser.language=ru -Duser.variant 
java_command: com.android.dx.command.Main --dex --num-threads=4 --multi-dex --main-dex-list C:\Users\User\Documents\GitHub\iCRM\iCRM\app\build\intermediates\multi-dex\debug\maindexlist.txt --output C:\Users\User\Documents\GitHub\iCRM\iCRM\app\build\intermediates\transforms\dex\debug\folders\1000\1f\main C:\Users\User\Documents\GitHub\iCRM\iCRM\app\build\intermediates\transforms\jarMerging\debug\jars\1\1f\combined.jar
java_class_path (initial): C:\Users\User\AppData\Local\Android\sdk\build-tools\23.0.3\lib\dx.jar
Launcher Type: SUN_STANDARD

Environment Variables:
PATH=C:\ProgramData\Oracle\Java\javapath;C:\Program Files\Broadcom\Broadcom 802.11 Network Adapter;C:\Program Files (x86)\NVIDIA Corporation\PhysX\Common;C:\Program Files (x86)\Intel\iCLS Client\;C:\Program Files\Intel\iCLS Client\;C:\Windows\system32;C:\Windows;C:\Windows\System32\Wbem;C:\Windows\System32\WindowsPowerShell\v1.0\;C:\Program Files\Intel\Intel(R) Management Engine Components\DAL;C:\Program Files\Intel\Intel(R) Management Engine Components\IPT;C:\Program Files (x86)\Intel\Intel(R) Management Engine Components\DAL;C:\Program Files (x86)\Intel\Intel(R) Management Engine Components\IPT;C:\Program Files\WIDCOMM\Bluetooth Software\;C:\Program Files\WIDCOMM\Bluetooth Software\syswow64;C:\Program Files\Acer\Remote Files\;C:\Program Files (x86)\Skype\Phone\;C:\Program Files\OpenVPN\bin;C:\WINDOWS\system32;C:\WINDOWS;C:\WINDOWS\System32\Wbem;C:\WINDOWS\System32\WindowsPowerShell\v1.0\;C:\Users\User\AppData\Local\Microsoft\WindowsApps;
USERNAME=User
OS=Windows_NT
PROCESSOR_IDENTIFIER=Intel64 Family 6 Model 69 Stepping 1, GenuineIntel



---------------  S Y S T E M  ---------------

OS: Windows 8.1 , 64 bit Build 9600 

CPU:total 4 (2 cores per cpu, 2 threads per core) family 6 model 69 stepping 1, cmov, cx8, fxsr, mmx, sse, sse2, sse3, ssse3, sse4.1, sse4.2, popcnt, avx, avx2, aes, clmul, erms, lzcnt, ht, tsc, tscinvbit, bmi1, bmi2

Memory: 4k page, physical 8310040k(501800k free), swap 12406040k(4512k free)

vm_info: Java HotSpot(TM) 64-Bit Server VM (25.20-b23) for windows-amd64 JRE (1.8.0_20-b26), built on Jul 30 2014 13:51:23 by "java_re" with MS VC++ 10.0 (VS2010)

time: Thu Nov 03 17:45:17 2016
elapsed time: 37 seconds (0d 0h 0m 37s)

