#
# There is insufficient memory for the Java Runtime Environment to continue.
# Native memory allocation (malloc) failed to allocate 725376 bytes for Chunk::new
# Possible reasons:
#   The system is out of physical RAM or swap space
#   In 32 bit mode, the process size limit was hit
# Possible solutions:
#   Reduce memory load on the system
#   Increase physical memory or swap space
#   Check if swap backing store is full
#   Use 64 bit Java on a 64 bit OS
#   Decrease Java heap size (-Xmx/-Xms)
#   Decrease number of Java threads
#   Decrease Java thread stack sizes (-Xss)
#   Set larger code cache with -XX:ReservedCodeCacheSize=
# This output file may be truncated or incomplete.
#
#  Out of Memory Error (allocation.cpp:390), pid=6124, tid=0x0000000000002c64
#
# JRE version: OpenJDK Runtime Environment (8.0_112-b06) (build 1.8.0_112-release-b06)
# Java VM: OpenJDK 64-Bit Server VM (25.112-b06 mixed mode windows-amd64 )
# Failed to write core dump. Minidumps are not enabled by default on client versions of Windows
#

---------------  T H R E A D  ---------------

Current thread (0x0000000024213000):  JavaThread "C2 CompilerThread1" daemon [_thread_in_native, id=11364, stack(0x0000000025960000,0x0000000025a60000)]

Stack: [0x0000000025960000,0x0000000025a60000]
[error occurred during error reporting (printing stack bounds), id 0xc0000005]

Native frames: (J=compiled Java code, j=interpreted, Vv=VM code, C=native code)


Current CompileTask:
C2:  10027 1838   !   4       com.android.dx.cf.code.Ropper::processBlock (1101 bytes)


---------------  P R O C E S S  ---------------

Java Threads: ( => current thread )
  0x0000000025d14000 JavaThread "pool-2-thread-4" [_thread_blocked, id=13500, stack(0x0000000026560000,0x0000000026660000)]
  0x0000000025cfc000 JavaThread "pool-2-thread-3" [_thread_blocked, id=10928, stack(0x0000000026460000,0x0000000026560000)]
  0x0000000025cfb000 JavaThread "pool-2-thread-2" [_thread_blocked, id=444, stack(0x0000000026360000,0x0000000026460000)]
  0x0000000025ca7000 JavaThread "pool-3-thread-1" [_thread_blocked, id=13652, stack(0x0000000026260000,0x0000000026360000)]
  0x0000000025ca6800 JavaThread "pool-2-thread-1" [_thread_blocked, id=15704, stack(0x0000000026160000,0x0000000026260000)]
  0x0000000025b81000 JavaThread "Service Thread" daemon [_thread_blocked, id=7140, stack(0x0000000025f60000,0x0000000026060000)]
  0x0000000024264000 JavaThread "C1 CompilerThread2" daemon [_thread_blocked, id=8788, stack(0x0000000025a60000,0x0000000025b60000)]
=>0x0000000024213000 JavaThread "C2 CompilerThread1" daemon [_thread_in_native, id=11364, stack(0x0000000025960000,0x0000000025a60000)]
  0x0000000024210800 JavaThread "C2 CompilerThread0" daemon [_thread_in_native, id=6864, stack(0x0000000025860000,0x0000000025960000)]
  0x000000002420f800 JavaThread "Attach Listener" daemon [_thread_blocked, id=15856, stack(0x0000000025760000,0x0000000025860000)]
  0x000000002420c800 JavaThread "Signal Dispatcher" daemon [_thread_blocked, id=7272, stack(0x0000000025660000,0x0000000025760000)]
  0x0000000001d5b000 JavaThread "Finalizer" daemon [_thread_blocked, id=12344, stack(0x0000000025470000,0x0000000025570000)]
  0x0000000001d50000 JavaThread "Reference Handler" daemon [_thread_blocked, id=9372, stack(0x0000000025370000,0x0000000025470000)]
  0x0000000001c60800 JavaThread "main" [_thread_in_native, id=11336, stack(0x0000000001b60000,0x0000000001c60000)]

Other Threads:
  0x00000000241d5800 VMThread [stack: 0x0000000025270000,0x0000000025370000] [id=3992]
  0x000000002426c000 WatcherThread [stack: 0x0000000026060000,0x0000000026160000] [id=1720]

VM state:not at safepoint (normal execution)

VM Mutex/Monitor currently owned by a thread: None

Heap:
 PSYoungGen      total 71680K, used 17140K [0x00000008d5580000, 0x00000008de180000, 0x0000000d00000000)
  eden space 66560K, 18% used [0x00000008d5580000,0x00000008d6142038,0x00000008d9680000)
  from space 5120K, 99% used [0x00000008d9680000,0x00000008d9b7b218,0x00000008d9b80000)
  to   space 5120K, 0% used [0x00000008ddc80000,0x00000008ddc80000,0x00000008de180000)
 ParOldGen       total 87552K, used 20553K [0x0000000080000000, 0x0000000085580000, 0x00000008d5580000)
  object space 87552K, 23% used [0x0000000080000000,0x00000000814125d8,0x0000000085580000)
 Metaspace       used 6056K, capacity 6728K, committed 6912K, reserved 8192K

Card table byte_map: [0x00000000127c0000,0x0000000018bd0000] byte_map_base: 0x00000000123c0000

Marking Bits: (ParMarkBitMap*) 0x00000000559e18f0
 Begin Bits: [0x0000000d00000000, 0x0000000d32000000)
 End Bits:   [0x0000000d32000000, 0x0000000d64000000)

Polling page: 0x00000000019e0000

CodeCache: size=245760Kb used=8246Kb max_used=8258Kb free=237513Kb
 bounds [0x0000000003400000, 0x0000000003c20000, 0x0000000012400000]
 total_blobs=2081 nmethods=1819 adapters=175
 compilation: enabled

Compilation events (10 events):
Event: 9.890 Thread 0x0000000024264000 1833       3       java.io.FileInputStream::open (6 bytes)
Event: 9.890 Thread 0x0000000024264000 nmethod 1833 0x0000000003c12950 code [0x0000000003c12ac0, 0x0000000003c12c48]
Event: 9.890 Thread 0x0000000024264000 1835       3       com.android.dx.rop.code.Rops::opReturn (89 bytes)
Event: 9.891 Thread 0x0000000024264000 nmethod 1835 0x0000000003c0c250 code [0x0000000003c0c480, 0x0000000003c0d058]
Event: 9.895 Thread 0x0000000024213000 nmethod 1831 0x0000000003bf3690 code [0x0000000003bf37e0, 0x0000000003bf3bb8]
Event: 9.895 Thread 0x0000000024213000 1838   !   4       com.android.dx.cf.code.Ropper::processBlock (1101 bytes)
Event: 9.911 Thread 0x0000000024210800 nmethod 1829 0x0000000003c18010 code [0x0000000003c18200, 0x0000000003c19280]
Event: 9.911 Thread 0x0000000024210800 1839       4       com.android.dx.cf.code.BaseMachine::storeResults (90 bytes)
Event: 9.918 Thread 0x0000000024210800 nmethod 1839 0x0000000003c157d0 code [0x0000000003c15960, 0x0000000003c15df8]
Event: 9.918 Thread 0x0000000024210800 1840   !   4       com.android.dx.cf.code.RopperMachine::run (1550 bytes)

GC Heap History (6 events):
Event: 3.473 GC heap before
{Heap before GC invocations=1 (full 0):
 PSYoungGen      total 38400K, used 33280K [0x00000008d5580000, 0x00000008d8000000, 0x0000000d00000000)
  eden space 33280K, 100% used [0x00000008d5580000,0x00000008d7600000,0x00000008d7600000)
  from space 5120K, 0% used [0x00000008d7b00000,0x00000008d7b00000,0x00000008d8000000)
  to   space 5120K, 0% used [0x00000008d7600000,0x00000008d7600000,0x00000008d7b00000)
 ParOldGen       total 87552K, used 0K [0x0000000080000000, 0x0000000085580000, 0x00000008d5580000)
  object space 87552K, 0% used [0x0000000080000000,0x0000000080000000,0x0000000085580000)
 Metaspace       used 5671K, capacity 6408K, committed 6656K, reserved 8192K
Event: 3.637 GC heap after
Heap after GC invocations=1 (full 0):
 PSYoungGen      total 38400K, used 5106K [0x00000008d5580000, 0x00000008da080000, 0x0000000d00000000)
  eden space 33280K, 0% used [0x00000008d5580000,0x00000008d5580000,0x00000008d7600000)
  from space 5120K, 99% used [0x00000008d7600000,0x00000008d7afcb10,0x00000008d7b00000)
  to   space 5120K, 0% used [0x00000008d9b80000,0x00000008d9b80000,0x00000008da080000)
 ParOldGen       total 87552K, used 4711K [0x0000000080000000, 0x0000000085580000, 0x00000008d5580000)
  object space 87552K, 5% used [0x0000000080000000,0x0000000080499eb0,0x0000000085580000)
 Metaspace       used 5671K, capacity 6408K, committed 6656K, reserved 8192K
}
Event: 4.451 GC heap before
{Heap before GC invocations=2 (full 0):
 PSYoungGen      total 38400K, used 38386K [0x00000008d5580000, 0x00000008da080000, 0x0000000d00000000)
  eden space 33280K, 100% used [0x00000008d5580000,0x00000008d7600000,0x00000008d7600000)
  from space 5120K, 99% used [0x00000008d7600000,0x00000008d7afcb10,0x00000008d7b00000)
  to   space 5120K, 0% used [0x00000008d9b80000,0x00000008d9b80000,0x00000008da080000)
 ParOldGen       total 87552K, used 4711K [0x0000000080000000, 0x0000000085580000, 0x00000008d5580000)
  object space 87552K, 5% used [0x0000000080000000,0x0000000080499eb0,0x0000000085580000)
 Metaspace       used 5934K, capacity 6600K, committed 6656K, reserved 8192K
Event: 4.481 GC heap after
Heap after GC invocations=2 (full 0):
 PSYoungGen      total 71680K, used 5091K [0x00000008d5580000, 0x00000008da080000, 0x0000000d00000000)
  eden space 66560K, 0% used [0x00000008d5580000,0x00000008d5580000,0x00000008d9680000)
  from space 5120K, 99% used [0x00000008d9b80000,0x00000008da078d98,0x00000008da080000)
  to   space 5120K, 0% used [0x00000008d9680000,0x00000008d9680000,0x00000008d9b80000)
 ParOldGen       total 87552K, used 11198K [0x0000000080000000, 0x0000000085580000, 0x00000008d5580000)
  object space 87552K, 12% used [0x0000000080000000,0x0000000080aef9d8,0x0000000085580000)
 Metaspace       used 5934K, capacity 6600K, committed 6656K, reserved 8192K
}
Event: 7.336 GC heap before
{Heap before GC invocations=3 (full 0):
 PSYoungGen      total 71680K, used 71651K [0x00000008d5580000, 0x00000008da080000, 0x0000000d00000000)
  eden space 66560K, 100% used [0x00000008d5580000,0x00000008d9680000,0x00000008d9680000)
  from space 5120K, 99% used [0x00000008d9b80000,0x00000008da078d98,0x00000008da080000)
  to   space 5120K, 0% used [0x00000008d9680000,0x00000008d9680000,0x00000008d9b80000)
 ParOldGen       total 87552K, used 11198K [0x0000000080000000, 0x0000000085580000, 0x00000008d5580000)
  object space 87552K, 12% used [0x0000000080000000,0x0000000080aef9d8,0x0000000085580000)
 Metaspace       used 6042K, capacity 6728K, committed 6912K, reserved 8192K
Event: 7.363 GC heap after
Heap after GC invocations=3 (full 0):
 PSYoungGen      total 71680K, used 5100K [0x00000008d5580000, 0x00000008de180000, 0x0000000d00000000)
  eden space 66560K, 0% used [0x00000008d5580000,0x00000008d5580000,0x00000008d9680000)
  from space 5120K, 99% used [0x00000008d9680000,0x00000008d9b7b218,0x00000008d9b80000)
  to   space 5120K, 0% used [0x00000008ddc80000,0x00000008ddc80000,0x00000008de180000)
 ParOldGen       total 87552K, used 20553K [0x0000000080000000, 0x0000000085580000, 0x00000008d5580000)
  object space 87552K, 23% used [0x0000000080000000,0x00000000814125d8,0x0000000085580000)
 Metaspace       used 6042K, capacity 6728K, committed 6912K, reserved 8192K
}

Deoptimization events (10 events):
Event: 4.815 Thread 0x0000000025ca6800 Uncommon trap: reason=uninitialized action=reinterpret pc=0x00000000039e75a8 method=com.android.dx.cf.code.BytecodeArray.parseInstruction(ILcom/android/dx/cf/code/BytecodeArray$Visitor;)I @ 1079
Event: 4.821 Thread 0x0000000025ca6800 Uncommon trap: reason=bimorphic action=maybe_recompile pc=0x00000000037412a4 method=java.util.HashMap.putVal(ILjava/lang/Object;Ljava/lang/Object;ZZ)Ljava/lang/Object; @ 91
Event: 4.843 Thread 0x0000000025ca6800 Uncommon trap: reason=unstable_if action=reinterpret pc=0x0000000003a203cc method=com.android.dx.util.IntList.sort()V @ 8
Event: 5.714 Thread 0x0000000025d14000 Uncommon trap: reason=unstable_if action=reinterpret pc=0x0000000003a36c2c method=com.android.dx.ssa.SCCP.simulateStmt(Lcom/android/dx/ssa/SsaInsn;)V @ 53
Event: 5.780 Thread 0x0000000025ca6800 Uncommon trap: reason=bimorphic action=maybe_recompile pc=0x00000000037412a4 method=java.util.HashMap.putVal(ILjava/lang/Object;Ljava/lang/Object;ZZ)Ljava/lang/Object; @ 91
Event: 5.780 Thread 0x0000000025ca6800 Uncommon trap: reason=bimorphic action=maybe_recompile pc=0x0000000003677c68 method=java.util.HashMap.getNode(ILjava/lang/Object;)Ljava/util/HashMap$Node; @ 126
Event: 7.368 Thread 0x0000000025cfc000 Uncommon trap: reason=class_check action=maybe_recompile pc=0x0000000003afbe5c method=com.android.dx.rop.code.RegisterSpec.withSimpleType()Lcom/android/dx/rop/code/RegisterSpec; @ 21
Event: 7.373 Thread 0x0000000025cfc000 Uncommon trap: reason=class_check action=maybe_recompile pc=0x0000000003afbe5c method=com.android.dx.rop.code.RegisterSpec.withSimpleType()Lcom/android/dx/rop/code/RegisterSpec; @ 21
Event: 7.374 Thread 0x0000000025cfc000 Uncommon trap: reason=class_check action=maybe_recompile pc=0x0000000003afbe5c method=com.android.dx.rop.code.RegisterSpec.withSimpleType()Lcom/android/dx/rop/code/RegisterSpec; @ 21
Event: 7.374 Thread 0x0000000025cfc000 Uncommon trap: reason=class_check action=maybe_recompile pc=0x0000000003afbe5c method=com.android.dx.rop.code.RegisterSpec.withSimpleType()Lcom/android/dx/rop/code/RegisterSpec; @ 21

Internal exceptions (3 events):
Event: 0.048 Thread 0x0000000001c60800 Exception <a 'java/lang/NoSuchMethodError': Method sun.misc.Unsafe.defineClass(Ljava/lang/String;[BII)Ljava/lang/Class; name or signature does not match> (0x00000008d558b8b8) thrown at [C:\src\android\AOSP-openjdk\external\jetbrains\jdk\hotspot\src\share\v‘T·Ä`¨?
Event: 0.048 Thread 0x0000000001c60800 Exception <a 'java/lang/NoSuchMethodError': Method sun.misc.Unsafe.prefetchRead(Ljava/lang/Object;J)V name or signature does not match> (0x00000008d558bc80) thrown at [C:\src\android\AOSP-openjdk\external\jetbrains\jdk\hotspot\src\share\vm\prims\jni.cpp, l´uôU4"@
Event: 4.033 Thread 0x0000000025cfc000 Implicit null exception at 0x000000000381e3d2 to 0x000000000381e4d9

Events (10 events):
Event: 7.373 Thread 0x0000000025cfc000 DEOPT PACKING pc=0x0000000003afbe5c sp=0x000000002655e950
Event: 7.373 Thread 0x0000000025cfc000 DEOPT UNPACKING pc=0x000000000344556a sp=0x000000002655e898 mode 2
Event: 7.373 Thread 0x0000000025cfc000 Uncommon trap: trap_request=0xffffffde fr.pc=0x0000000003afbe5c
Event: 7.374 Thread 0x0000000025cfc000 DEOPT PACKING pc=0x0000000003afbe5c sp=0x000000002655e950
Event: 7.374 Thread 0x0000000025cfc000 DEOPT UNPACKING pc=0x000000000344556a sp=0x000000002655e898 mode 2
Event: 7.374 Thread 0x0000000025cfc000 Uncommon trap: trap_request=0xffffffde fr.pc=0x0000000003afbe5c
Event: 7.374 Thread 0x0000000025cfc000 DEOPT PACKING pc=0x0000000003afbe5c sp=0x000000002655e950
Event: 7.374 Thread 0x0000000025cfc000 DEOPT UNPACKING pc=0x000000000344556a sp=0x000000002655e898 mode 2
Event: 8.342 loading class com/android/dx/rop/code/RegisterSpec$1
Event: 8.342 loading class com/android/dx/rop/code/RegisterSpec$1 done


Dynamic libraries:
0x00007ff6142d0000 - 0x00007ff614301000 	C:\Program Files\Android\Android Studio\jre\bin\java.exe
0x00007ff8d89a0000 - 0x00007ff8d8b71000 	C:\WINDOWS\SYSTEM32\ntdll.dll
0x00007ff8d6040000 - 0x00007ff8d60ec000 	C:\WINDOWS\System32\KERNEL32.DLL
0x00007ff8d5480000 - 0x00007ff8d569d000 	C:\WINDOWS\System32\KERNELBASE.dll
0x00007ff8d8200000 - 0x00007ff8d82a2000 	C:\WINDOWS\System32\ADVAPI32.dll
0x00007ff8d8370000 - 0x00007ff8d840e000 	C:\WINDOWS\System32\msvcrt.dll
0x00007ff8d8510000 - 0x00007ff8d8569000 	C:\WINDOWS\System32\sechost.dll
0x00007ff8d60f0000 - 0x00007ff8d6211000 	C:\WINDOWS\System32\RPCRT4.dll
0x00007ff8d6250000 - 0x00007ff8d63b5000 	C:\WINDOWS\System32\USER32.dll
0x00007ff8d50d0000 - 0x00007ff8d50ee000 	C:\WINDOWS\System32\win32u.dll
0x00007ff8d82c0000 - 0x00007ff8d82f4000 	C:\WINDOWS\System32\GDI32.dll
0x00007ff8d4f50000 - 0x00007ff8d50d0000 	C:\WINDOWS\System32\gdi32full.dll
0x00007ff8c92b0000 - 0x00007ff8c952a000 	C:\WINDOWS\WinSxS\amd64_microsoft.windows.common-controls_6595b64144ccf1df_6.0.14393.953_none_42151e83c686086b\COMCTL32.dll
0x00007ff8d7ed0000 - 0x00007ff8d8198000 	C:\WINDOWS\System32\combase.dll
0x00007ff8d5380000 - 0x00007ff8d5475000 	C:\WINDOWS\System32\ucrtbase.dll
0x00007ff8d50f0000 - 0x00007ff8d515a000 	C:\WINDOWS\System32\bcryptPrimitives.dll
0x00007ff8d6220000 - 0x00007ff8d624e000 	C:\WINDOWS\System32\IMM32.DLL
0x0000000054e70000 - 0x0000000054f42000 	C:\Program Files\Android\Android Studio\jre\jre\bin\msvcr100.dll
0x0000000055220000 - 0x0000000055a5c000 	C:\Program Files\Android\Android Studio\jre\jre\bin\server\jvm.dll
0x00007ff8d7ec0000 - 0x00007ff8d7ec8000 	C:\WINDOWS\System32\PSAPI.DLL
0x00007ff8ce090000 - 0x00007ff8ce099000 	C:\WINDOWS\SYSTEM32\WSOCK32.dll
0x00007ff8d2fb0000 - 0x00007ff8d2fd3000 	C:\WINDOWS\SYSTEM32\WINMM.dll
0x00007ff8d5fd0000 - 0x00007ff8d603a000 	C:\WINDOWS\System32\WS2_32.dll
0x00007ff8c8fd0000 - 0x00007ff8c8fda000 	C:\WINDOWS\SYSTEM32\VERSION.dll
0x00007ff8d2d80000 - 0x00007ff8d2dab000 	C:\WINDOWS\SYSTEM32\WINMMBASE.dll
0x00007ff8d5160000 - 0x00007ff8d51a2000 	C:\WINDOWS\System32\cfgmgr32.dll
0x00007ff8c9ee0000 - 0x00007ff8c9eef000 	C:\Program Files\Android\Android Studio\jre\jre\bin\verify.dll
0x00007ff8bc6f0000 - 0x00007ff8bc719000 	C:\Program Files\Android\Android Studio\jre\jre\bin\java.dll
0x00007ff8b5a50000 - 0x00007ff8b5a66000 	C:\Program Files\Android\Android Studio\jre\jre\bin\zip.dll
0x00007ff8d68f0000 - 0x00007ff8d7df8000 	C:\WINDOWS\System32\SHELL32.dll
0x00007ff8d5850000 - 0x00007ff8d5f2a000 	C:\WINDOWS\System32\windows.storage.dll
0x00007ff8d4e50000 - 0x00007ff8d4e9c000 	C:\WINDOWS\System32\powrprof.dll
0x00007ff8d81a0000 - 0x00007ff8d81f2000 	C:\WINDOWS\System32\shlwapi.dll
0x00007ff8d4e20000 - 0x00007ff8d4e2f000 	C:\WINDOWS\System32\kernel.appcore.dll
0x00007ff8d5700000 - 0x00007ff8d57a9000 	C:\WINDOWS\System32\shcore.dll
0x00007ff8d4e30000 - 0x00007ff8d4e44000 	C:\WINDOWS\System32\profapi.dll

VM Arguments:
jvm_args: -Djava.awt.headless=true -Xmx50g -Dfile.encoding=windows-1251 -Duser.country=RU -Duser.language=ru -Duser.variant 
java_command: com.android.dx.command.Main --dex --num-threads=4 --multi-dex --output C:\Users\User\Documents\GitHub\iCRM\iCRM\app\build\intermediates\transforms\dex\debug\folders\1000\1\retrolambda_34c6bec93c2ca5ecd762d0dced68cc56e1a389f8 C:\Users\User\Documents\GitHub\iCRM\iCRM\app\build\intermediates\transforms\retrolambda\debug\folders\1\1\retrolambda
java_class_path (initial): C:\Users\User\AppData\Local\Android\sdk\build-tools\25.0.2\lib\dx.jar
Launcher Type: SUN_STANDARD

Environment Variables:
PATH=C:\ProgramData\Oracle\Java\javapath;C:\Program Files\Broadcom\Broadcom 802.11 Network Adapter;C:\Program Files (x86)\NVIDIA Corporation\PhysX\Common;C:\Program Files (x86)\Intel\iCLS Client\;C:\Program Files\Intel\iCLS Client\;C:\Windows\system32;C:\Windows;C:\Windows\System32\Wbem;C:\Windows\System32\WindowsPowerShell\v1.0\;C:\Program Files\Intel\Intel(R) Management Engine Components\DAL;C:\Program Files\Intel\Intel(R) Management Engine Components\IPT;C:\Program Files (x86)\Intel\Intel(R) Management Engine Components\DAL;C:\Program Files (x86)\Intel\Intel(R) Management Engine Components\IPT;C:\Program Files\WIDCOMM\Bluetooth Software\;C:\Program Files\WIDCOMM\Bluetooth Software\syswow64;C:\Program Files\Acer\Remote Files\;C:\Program Files\OpenVPN\bin;C:\WINDOWS\system32;C:\WINDOWS;C:\WINDOWS\System32\Wbem;C:\WINDOWS\System32\WindowsPowerShell\v1.0\;C:\Users\User\AppData\Local\Microsoft\WindowsApps;
USERNAME=User
OS=Windows_NT
PROCESSOR_IDENTIFIER=Intel64 Family 6 Model 69 Stepping 1, GenuineIntel



---------------  S Y S T E M  ---------------

OS: Windows 10.0 , 64 bit Build 14393 (10.0.14393.1198)

CPU:total 4 (2 cores per cpu, 2 threads per core) family 6 model 69 stepping 1, cmov, cx8, fxsr, mmx, sse, sse2, sse3, ssse3, sse4.1, sse4.2, popcnt, avx, avx2, aes, clmul, erms, lzcnt, ht, tsc, tscinvbit, bmi1, bmi2

Memory: 4k page, physical 8310040k(1821244k free), swap 12406040k(4568k free)

vm_info: OpenJDK 64-Bit Server VM (25.112-b06) for windows-amd64 JRE (1.8.0_112-release-b06), built on Dec  8 2016 00:54:26 by "builder" with MS VC++ 10.0 (VS2010)

time: Tue Jun 20 11:14:01 2017
elapsed time: 10 seconds (0d 0h 0m 10s)

