#
# There is insufficient memory for the Java Runtime Environment to continue.
# Native memory allocation (malloc) failed to allocate 751616 bytes for Chunk::new
# Possible reasons:
#   The system is out of physical RAM or swap space
#   In 32 bit mode, the process size limit was hit
# Possible solutions:
#   Reduce memory load on the system
#   Increase physical memory or swap space
#   Check if swap backing store is full
#   Use 64 bit Java on a 64 bit OS
#   Decrease Java heap size (-Xmx/-Xms)
#   Decrease number of Java threads
#   Decrease Java thread stack sizes (-Xss)
#   Set larger code cache with -XX:ReservedCodeCacheSize=
# This output file may be truncated or incomplete.
#
#  Out of Memory Error (allocation.cpp:390), pid=9364, tid=1620
#
# JRE version: Java(TM) SE Runtime Environment (8.0_20-b26) (build 1.8.0_20-b26)
# Java VM: Java HotSpot(TM) 64-Bit Server VM (25.20-b23 mixed mode windows-amd64 )
# Failed to write core dump. Minidumps are not enabled by default on client versions of Windows
#

---------------  T H R E A D  ---------------

Current thread (0x000000002385c000):  JavaThread "C2 CompilerThread0" daemon [_thread_in_native, id=1620, stack(0x0000000024cb0000,0x0000000024db0000)]

Stack: [0x0000000024cb0000,0x0000000024db0000]
Native frames: (J=compiled Java code, j=interpreted, Vv=VM code, C=native code)
V  [jvm.dll+0x3152fa]
V  [jvm.dll+0x265d03]
V  [jvm.dll+0x266943]
V  [jvm.dll+0x25e265]
V  [jvm.dll+0xbe255]
V  [jvm.dll+0xbe6fc]
V  [jvm.dll+0x45c472]
V  [jvm.dll+0x49d76f]
V  [jvm.dll+0x451045]
V  [jvm.dll+0x452634]
V  [jvm.dll+0x435fc2]
V  [jvm.dll+0x97b62]
V  [jvm.dll+0x98353]
V  [jvm.dll+0x22aac4]
V  [jvm.dll+0x283f5a]
C  [msvcr100.dll+0x21d9f]
C  [msvcr100.dll+0x21e3b]
C  [KERNEL32.DLL+0x8364]
C  [ntdll.dll+0x670d1]


Current CompileTask:
C2:  47545 3229   !   4       com.android.dx.dex.cf.CfTranslator::processFields (251 bytes)


---------------  P R O C E S S  ---------------

Java Threads: ( => current thread )
  0x0000000025cb1800 JavaThread "pool-1-thread-1" [_thread_in_Java, id=5780, stack(0x0000000028250000,0x0000000028350000)]
  0x0000000025275800 JavaThread "pool-2-thread-4" [_thread_in_Java, id=9212, stack(0x0000000027180000,0x0000000027280000)]
  0x000000002591a000 JavaThread "pool-2-thread-3" [_thread_blocked, id=6592, stack(0x0000000027080000,0x0000000027180000)]
  0x0000000025919000 JavaThread "pool-2-thread-2" [_thread_in_Java, id=8404, stack(0x0000000026f80000,0x0000000027080000)]
  0x0000000025756000 JavaThread "pool-3-thread-1" [_thread_blocked, id=5008, stack(0x0000000026e80000,0x0000000026f80000)]
  0x00000000251f8800 JavaThread "pool-2-thread-1" [_thread_in_Java, id=2896, stack(0x0000000026d80000,0x0000000026e80000)]
  0x0000000024fe0800 JavaThread "Service Thread" daemon [_thread_blocked, id=6928, stack(0x00000000253b0000,0x00000000254b0000)]
  0x0000000023864800 JavaThread "C1 CompilerThread2" daemon [_thread_blocked, id=12856, stack(0x0000000024eb0000,0x0000000024fb0000)]
  0x000000002385e000 JavaThread "C2 CompilerThread1" daemon [_thread_in_native, id=12232, stack(0x0000000024db0000,0x0000000024eb0000)]
=>0x000000002385c000 JavaThread "C2 CompilerThread0" daemon [_thread_in_native, id=1620, stack(0x0000000024cb0000,0x0000000024db0000)]
  0x000000002385a800 JavaThread "Attach Listener" daemon [_thread_blocked, id=4256, stack(0x0000000024bb0000,0x0000000024cb0000)]
  0x0000000023859800 JavaThread "Signal Dispatcher" daemon [_thread_blocked, id=5864, stack(0x0000000024ab0000,0x0000000024bb0000)]
  0x0000000001274800 JavaThread "Finalizer" daemon [_thread_blocked, id=784, stack(0x00000000249b0000,0x0000000024ab0000)]
  0x000000000126b800 JavaThread "Reference Handler" daemon [_thread_blocked, id=1628, stack(0x00000000248b0000,0x00000000249b0000)]
  0x0000000001182800 JavaThread "main" [_thread_in_Java, id=6216, stack(0x0000000001080000,0x0000000001180000)]

Other Threads:
  0x0000000023825800 VMThread [stack: 0x00000000247b0000,0x00000000248b0000] [id=12780]
  0x00000000238be800 WatcherThread [stack: 0x00000000254b0000,0x00000000255b0000] [id=10140]

VM state:not at safepoint (normal execution)

VM Mutex/Monitor currently owned by a thread: None

Heap:
 PSYoungGen      total 1004032K, used 697379K [0x00000008d5580000, 0x0000000932f80000, 0x0000000d00000000)
  eden space 562688K, 58% used [0x00000008d5580000,0x00000008e9927040,0x00000008f7b00000)
  from space 441344K, 82% used [0x0000000918080000,0x000000092e5e1e88,0x0000000932f80000)
  to   space 375808K, 0% used [0x00000008f7b00000,0x00000008f7b00000,0x000000090ea00000)
 ParOldGen       total 1393664K, used 1173366K [0x0000000080000000, 0x00000000d5100000, 0x00000008d5580000)
  object space 1393664K, 84% used [0x0000000080000000,0x00000000c79dd9c0,0x00000000d5100000)
 Metaspace       used 6696K, capacity 6920K, committed 7168K, reserved 8192K

Card table byte_map: [0x0000000012400000,0x0000000018810000] byte_map_base: 0x0000000012000000

Marking Bits: (ParMarkBitMap*) 0x00000000613fb460
 Begin Bits: [0x0000000d00000000, 0x0000000d32000000)
 End Bits:   [0x0000000d32000000, 0x0000000d64000000)

Polling page: 0x0000000000f80000

CodeCache: size=245760Kb used=10881Kb max_used=14499Kb free=234878Kb
 bounds [0x0000000003400000, 0x0000000004260000, 0x0000000012400000]
 total_blobs=2608 nmethods=2342 adapters=179
 compilation: enabled

Compilation events (10 events):
Event: 46.263 Thread 0x0000000023864800 nmethod 3226 0x00000000039acad0 code [0x00000000039accc0, 0x00000000039ad5f8]
Event: 46.264 Thread 0x000000002385c000 nmethod 3225 0x0000000003899e90 code [0x0000000003899fe0, 0x000000000389a0a8]
Event: 46.264 Thread 0x000000002385e000 3227       4       java.util.DualPivotQuicksort::sort (614 bytes)
Event: 46.300 Thread 0x0000000023864800 3228       3       com.android.dx.dex.code.OutputFinisher::addConstants (93 bytes)
Event: 46.301 Thread 0x0000000023864800 nmethod 3228 0x000000000388a8d0 code [0x000000000388ab20, 0x000000000388bc58]
Event: 46.303 Thread 0x000000002385c000 3229   !   4       com.android.dx.dex.cf.CfTranslator::processFields (251 bytes)
Event: 46.333 Thread 0x000000002385e000 nmethod 3227 0x000000000398ae50 code [0x000000000398b000, 0x000000000398c928]
Event: 46.340 Thread 0x0000000023864800 3230       3       com.android.dx.dex.code.OutputFinisher::addConstants (68 bytes)
Event: 46.342 Thread 0x0000000023864800 nmethod 3230 0x0000000003a79e50 code [0x0000000003a7a0e0, 0x0000000003a7b3f8]
Event: 46.347 Thread 0x000000002385e000 3231       4       com.android.dx.dex.code.OutputFinisher::addConstants (93 bytes)

GC Heap History (10 events):
Event: 39.530 GC heap before
{Heap before GC invocations=25 (full 6):
 PSYoungGen      total 681472K, used 642879K [0x00000008d5580000, 0x0000000917a80000, 0x0000000d00000000)
  eden space 510976K, 100% used [0x00000008d5580000,0x00000008f4880000,0x00000008f4880000)
  from space 170496K, 77% used [0x0000000903b00000,0x000000090bbcfdb8,0x000000090e180000)
  to   space 248320K, 0% used [0x00000008f4880000,0x00000008f4880000,0x0000000903b00000)
 ParOldGen       total 1393664K, used 941621K [0x0000000080000000, 0x00000000d5100000, 0x00000008d5580000)
  object space 1393664K, 67% used [0x0000000080000000,0x00000000b978d448,0x00000000d5100000)
 Metaspace       used 6586K, capacity 6920K, committed 7168K, reserved 8192K
Event: 40.054 GC heap after
Heap after GC invocations=25 (full 6):
 PSYoungGen      total 759296K, used 237365K [0x00000008d5580000, 0x000000091b180000, 0x0000000d00000000)
  eden space 510976K, 0% used [0x00000008d5580000,0x00000008d5580000,0x00000008f4880000)
  from space 248320K, 95% used [0x00000008f4880000,0x000000090304d438,0x0000000903b00000)
  to   space 287232K, 0% used [0x0000000909900000,0x0000000909900000,0x000000091b180000)
 ParOldGen       total 1393664K, used 1065106K [0x0000000080000000, 0x00000000d5100000, 0x00000008d5580000)
  object space 1393664K, 76% used [0x0000000080000000,0x00000000c1024ad8,0x00000000d5100000)
 Metaspace       used 6586K, capacity 6920K, committed 7168K, reserved 8192K
}
Event: 41.400 GC heap before
{Heap before GC invocations=26 (full 6):
 PSYoungGen      total 759296K, used 748341K [0x00000008d5580000, 0x000000091b180000, 0x0000000d00000000)
  eden space 510976K, 100% used [0x00000008d5580000,0x00000008f4880000,0x00000008f4880000)
  from space 248320K, 95% used [0x00000008f4880000,0x000000090304d438,0x0000000903b00000)
  to   space 287232K, 0% used [0x0000000909900000,0x0000000909900000,0x000000091b180000)
 ParOldGen       total 1393664K, used 1065106K [0x0000000080000000, 0x00000000d5100000, 0x00000008d5580000)
  object space 1393664K, 76% used [0x0000000080000000,0x00000000c1024ad8,0x00000000d5100000)
 Metaspace       used 6586K, capacity 6920K, committed 7168K, reserved 8192K
Event: 41.658 GC heap after
Heap after GC invocations=26 (full 6):
 PSYoungGen      total 822272K, used 242784K [0x00000008d5580000, 0x000000091f380000, 0x0000000d00000000)
  eden space 535040K, 0% used [0x00000008d5580000,0x00000008d5580000,0x00000008f6000000)
  from space 287232K, 84% used [0x0000000909900000,0x00000009186183f8,0x000000091b180000)
  to   space 320512K, 0% used [0x00000008f6000000,0x00000008f6000000,0x0000000909900000)
 ParOldGen       total 1393664K, used 1065106K [0x0000000080000000, 0x00000000d5100000, 0x00000008d5580000)
  object space 1393664K, 76% used [0x0000000080000000,0x00000000c1024ad8,0x00000000d5100000)
 Metaspace       used 6586K, capacity 6920K, committed 7168K, reserved 8192K
}
Event: 42.433 GC heap before
{Heap before GC invocations=27 (full 6):
 PSYoungGen      total 822272K, used 777824K [0x00000008d5580000, 0x000000091f380000, 0x0000000d00000000)
  eden space 535040K, 100% used [0x00000008d5580000,0x00000008f6000000,0x00000008f6000000)
  from space 287232K, 84% used [0x0000000909900000,0x00000009186183f8,0x000000091b180000)
  to   space 320512K, 0% used [0x00000008f6000000,0x00000008f6000000,0x0000000909900000)
 ParOldGen       total 1393664K, used 1065106K [0x0000000080000000, 0x00000000d5100000, 0x00000008d5580000)
  object space 1393664K, 76% used [0x0000000080000000,0x00000000c1024ad8,0x00000000d5100000)
 Metaspace       used 6587K, capacity 6920K, committed 7168K, reserved 8192K
Event: 42.717 GC heap after
Heap after GC invocations=27 (full 6):
 PSYoungGen      total 855552K, used 210417K [0x00000008d5580000, 0x0000000923080000, 0x0000000d00000000)
  eden space 535040K, 0% used [0x00000008d5580000,0x00000008d5580000,0x00000008f6000000)
  from space 320512K, 65% used [0x00000008f6000000,0x0000000902d7c4d0,0x0000000909900000)
  to   space 334336K, 0% used [0x000000090ea00000,0x000000090ea00000,0x0000000923080000)
 ParOldGen       total 1393664K, used 1065106K [0x0000000080000000, 0x00000000d5100000, 0x00000008d5580000)
  object space 1393664K, 76% used [0x0000000080000000,0x00000000c1024ad8,0x00000000d5100000)
 Metaspace       used 6587K, capacity 6920K, committed 7168K, reserved 8192K
}
Event: 43.649 GC heap before
{Heap before GC invocations=28 (full 6):
 PSYoungGen      total 855552K, used 745457K [0x00000008d5580000, 0x0000000923080000, 0x0000000d00000000)
  eden space 535040K, 100% used [0x00000008d5580000,0x00000008f6000000,0x00000008f6000000)
  from space 320512K, 65% used [0x00000008f6000000,0x0000000902d7c4d0,0x0000000909900000)
  to   space 334336K, 0% used [0x000000090ea00000,0x000000090ea00000,0x0000000923080000)
 ParOldGen       total 1393664K, used 1065106K [0x0000000080000000, 0x00000000d5100000, 0x00000008d5580000)
  object space 1393664K, 76% used [0x0000000080000000,0x00000000c1024ad8,0x00000000d5100000)
 Metaspace       used 6621K, capacity 6920K, committed 7168K, reserved 8192K
Event: 44.071 GC heap after
Heap after GC invocations=28 (full 6):
 PSYoungGen      total 897024K, used 294907K [0x00000008d5580000, 0x0000000928980000, 0x0000000d00000000)
  eden space 562688K, 0% used [0x00000008d5580000,0x00000008d5580000,0x00000008f7b00000)
  from space 334336K, 88% used [0x000000090ea00000,0x00000009209fecd0,0x0000000923080000)
  to   space 375808K, 0% used [0x00000008f7b00000,0x00000008f7b00000,0x000000090ea00000)
 ParOldGen       total 1393664K, used 1065106K [0x0000000080000000, 0x00000000d5100000, 0x00000008d5580000)
  object space 1393664K, 76% used [0x0000000080000000,0x00000000c1024ad8,0x00000000d5100000)
 Metaspace       used 6621K, capacity 6920K, committed 7168K, reserved 8192K
}
Event: 45.499 GC heap before
{Heap before GC invocations=29 (full 6):
 PSYoungGen      total 897024K, used 857595K [0x00000008d5580000, 0x0000000928980000, 0x0000000d00000000)
  eden space 562688K, 100% used [0x00000008d5580000,0x00000008f7b00000,0x00000008f7b00000)
  from space 334336K, 88% used [0x000000090ea00000,0x00000009209fecd0,0x0000000923080000)
  to   space 375808K, 0% used [0x00000008f7b00000,0x00000008f7b00000,0x000000090ea00000)
 ParOldGen       total 1393664K, used 1065106K [0x0000000080000000, 0x00000000d5100000, 0x00000008d5580000)
  object space 1393664K, 76% used [0x0000000080000000,0x00000000c1024ad8,0x00000000d5100000)
 Metaspace       used 6693K, capacity 6920K, committed 7168K, reserved 8192K
Event: 46.207 GC heap after
Heap after GC invocations=29 (full 6):
 PSYoungGen      total 938496K, used 375781K [0x00000008d5580000, 0x0000000932f80000, 0x0000000d00000000)
  eden space 562688K, 0% used [0x00000008d5580000,0x00000008d5580000,0x00000008f7b00000)
  from space 375808K, 99% used [0x00000008f7b00000,0x000000090e9f97b8,0x000000090ea00000)
  to   space 441344K, 0% used [0x0000000918080000,0x0000000918080000,0x0000000932f80000)
 ParOldGen       total 1393664K, used 1073666K [0x0000000080000000, 0x00000000d5100000, 0x00000008d5580000)
  object space 1393664K, 77% used [0x0000000080000000,0x00000000c1880b80,0x00000000d5100000)
 Metaspace       used 6693K, capacity 6920K, committed 7168K, reserved 8192K
}

Deoptimization events (10 events):
Event: 43.643 Thread 0x0000000025cb1800 Uncommon trap: reason=class_check action=maybe_recompile pc=0x0000000003921494 method=java.util.Arrays.hashCode([Ljava/lang/Object;)I @ 43
Event: 43.643 Thread 0x0000000025cb1800 Uncommon trap: reason=class_check action=maybe_recompile pc=0x0000000003921494 method=java.util.Arrays.hashCode([Ljava/lang/Object;)I @ 43
Event: 43.643 Thread 0x0000000025cb1800 Uncommon trap: reason=class_check action=maybe_recompile pc=0x00000000038ff6cc method=java.util.Arrays.hashCode([Ljava/lang/Object;)I @ 43
Event: 44.862 Thread 0x0000000025cb1800 Uncommon trap: reason=unreached action=reinterpret pc=0x0000000003821c60 method=com.android.dx.dex.file.OffsettedItem.equals(Ljava/lang/Object;)Z @ 26
Event: 44.967 Thread 0x0000000025cb1800 Uncommon trap: reason=speculate_class_check action=maybe_recompile pc=0x00000000035eb7bc method=java.util.HashMap.comparableClassFor(Ljava/lang/Object;)Ljava/lang/Class; @ 15
Event: 44.967 Thread 0x0000000025cb1800 Uncommon trap: reason=speculate_class_check action=maybe_recompile pc=0x00000000035eb7bc method=java.util.HashMap.comparableClassFor(Ljava/lang/Object;)Ljava/lang/Class; @ 15
Event: 44.967 Thread 0x0000000025cb1800 Uncommon trap: reason=speculate_class_check action=maybe_recompile pc=0x00000000035eb7bc method=java.util.HashMap.comparableClassFor(Ljava/lang/Object;)Ljava/lang/Class; @ 15
Event: 44.967 Thread 0x0000000025cb1800 Uncommon trap: reason=speculate_class_check action=maybe_recompile pc=0x00000000035eb7bc method=java.util.HashMap.comparableClassFor(Ljava/lang/Object;)Ljava/lang/Class; @ 15
Event: 46.300 Thread 0x0000000025cb1800 Uncommon trap: reason=unreached action=reinterpret pc=0x00000000041e690c method=com.android.dx.dex.code.OutputFinisher.addConstants(Ljava/util/HashSet;Lcom/android/dx/rop/code/RegisterSpec;)V @ 32
Event: 46.340 Thread 0x0000000025cb1800 Uncommon trap: reason=unreached action=reinterpret pc=0x0000000003a2531c method=com.android.dx.dex.code.OutputFinisher.addConstants(Ljava/util/HashSet;Lcom/android/dx/rop/code/RegisterSpec;)V @ 32

Internal exceptions (10 events):
Event: 13.370 Thread 0x0000000001182800 Implicit null exception at 0x00000000035902a8 to 0x0000000003590899
Event: 15.525 Thread 0x0000000001182800 Exception <a 'java/security/PrivilegedActionException'> (0x00000008ea5aec48) thrown at [D:\re\workspace\8-2-build-windows-amd64-cygwin\jdk8u20\1074\hotspot\src\share\vm\prims\jvm.cpp, line 1275]
Event: 15.863 Thread 0x0000000001182800 Exception <a 'java/security/PrivilegedActionException'> (0x00000008edd6bc18) thrown at [D:\re\workspace\8-2-build-windows-amd64-cygwin\jdk8u20\1074\hotspot\src\share\vm\prims\jvm.cpp, line 1275]
Event: 17.002 Thread 0x0000000025919000 Implicit null exception at 0x0000000003e2c2b5 to 0x0000000003e2f1bd
Event: 29.868 Thread 0x000000002591a000 Exception <a 'java/security/PrivilegedActionException'> (0x00000008e125a068) thrown at [D:\re\workspace\8-2-build-windows-amd64-cygwin\jdk8u20\1074\hotspot\src\share\vm\prims\jvm.cpp, line 1275]
Event: 29.882 Thread 0x000000002591a000 Exception <a 'java/security/PrivilegedActionException'> (0x00000008e12ef5b0) thrown at [D:\re\workspace\8-2-build-windows-amd64-cygwin\jdk8u20\1074\hotspot\src\share\vm\prims\jvm.cpp, line 1275]
Event: 41.985 Thread 0x0000000001182800 Implicit null exception at 0x000000000407675c to 0x0000000004076784
Event: 43.601 Thread 0x0000000001182800 Exception <a 'java/security/PrivilegedActionException'> (0x00000008f3b27210) thrown at [D:\re\workspace\8-2-build-windows-amd64-cygwin\jdk8u20\1074\hotspot\src\share\vm\prims\jvm.cpp, line 1275]
Event: 43.649 Thread 0x0000000025cb1800 Exception <a 'java/security/PrivilegedActionException'> (0x00000008f5523630) thrown at [D:\re\workspace\8-2-build-windows-amd64-cygwin\jdk8u20\1074\hotspot\src\share\vm\prims\jvm.cpp, line 1275]
Event: 45.224 Thread 0x0000000025cb1800 Exception <a 'java/security/PrivilegedActionException'> (0x00000008f25d8d08) thrown at [D:\re\workspace\8-2-build-windows-amd64-cygwin\jdk8u20\1074\hotspot\src\share\vm\prims\jvm.cpp, line 1275]

Events (10 events):
Event: 45.242 Thread 0x0000000025cb1800 DEOPT PACKING pc=0x000000000378afb9 sp=0x000000002834ebc0
Event: 45.242 Thread 0x0000000025cb1800 DEOPT UNPACKING pc=0x00000000034475bf sp=0x000000002834e950 mode 0
Event: 45.498 Executing VM operation: ParallelGCFailedAllocation
Event: 46.207 Executing VM operation: ParallelGCFailedAllocation done
Event: 46.300 Thread 0x0000000025cb1800 Uncommon trap: trap_request=0xffffffad fr.pc=0x00000000041e690c
Event: 46.300 Thread 0x0000000025cb1800 DEOPT PACKING pc=0x00000000041e690c sp=0x000000002834ec20
Event: 46.300 Thread 0x0000000025cb1800 DEOPT UNPACKING pc=0x000000000344556a sp=0x000000002834eb58 mode 2
Event: 46.340 Thread 0x0000000025cb1800 Uncommon trap: trap_request=0xffffffad fr.pc=0x0000000003a2531c
Event: 46.340 Thread 0x0000000025cb1800 DEOPT PACKING pc=0x0000000003a2531c sp=0x000000002834eb60
Event: 46.340 Thread 0x0000000025cb1800 DEOPT UNPACKING pc=0x000000000344556a sp=0x000000002834eaf0 mode 2


Dynamic libraries:
0x00007ff6d0100000 - 0x00007ff6d0134000 	C:\Program Files\Java\jdk1.8.0_20\bin\java.exe
0x00007fff79450000 - 0x00007fff79621000 	C:\WINDOWS\SYSTEM32\ntdll.dll
0x00007fff78b90000 - 0x00007fff78c3b000 	C:\WINDOWS\System32\KERNEL32.DLL
0x00007fff75da0000 - 0x00007fff75fbd000 	C:\WINDOWS\System32\KERNELBASE.dll
0x00007fff76fb0000 - 0x00007fff77052000 	C:\WINDOWS\System32\ADVAPI32.dll
0x00007fff793b0000 - 0x00007fff7944e000 	C:\WINDOWS\System32\msvcrt.dll
0x00007fff79130000 - 0x00007fff79189000 	C:\WINDOWS\System32\sechost.dll
0x00007fff769e0000 - 0x00007fff76b01000 	C:\WINDOWS\System32\RPCRT4.dll
0x00007fff76b10000 - 0x00007fff76c75000 	C:\WINDOWS\System32\USER32.dll
0x00007fff76800000 - 0x00007fff7681e000 	C:\WINDOWS\System32\win32u.dll
0x00007fff78990000 - 0x00007fff789c4000 	C:\WINDOWS\System32\GDI32.dll
0x00007fff75c10000 - 0x00007fff75d92000 	C:\WINDOWS\System32\gdi32full.dll
0x00007fff72260000 - 0x00007fff724d9000 	C:\WINDOWS\WinSxS\amd64_microsoft.windows.common-controls_6595b64144ccf1df_6.0.14393.447_none_42191651c6827bb3\COMCTL32.dll
0x00007fff76ce0000 - 0x00007fff76fa8000 	C:\WINDOWS\System32\combase.dll
0x00007fff76870000 - 0x00007fff76965000 	C:\WINDOWS\System32\ucrtbase.dll
0x00007fff76970000 - 0x00007fff769da000 	C:\WINDOWS\System32\bcryptPrimitives.dll
0x00007fff79380000 - 0x00007fff793ae000 	C:\WINDOWS\System32\IMM32.DLL
0x0000000061480000 - 0x0000000061552000 	C:\Program Files\Java\jdk1.8.0_20\jre\bin\msvcr100.dll
0x0000000060c20000 - 0x0000000061478000 	C:\Program Files\Java\jdk1.8.0_20\jre\bin\server\jvm.dll
0x00007fff791f0000 - 0x00007fff791f8000 	C:\WINDOWS\System32\PSAPI.DLL
0x00007fff737a0000 - 0x00007fff737c3000 	C:\WINDOWS\SYSTEM32\WINMM.dll
0x00007fff6f040000 - 0x00007fff6f049000 	C:\WINDOWS\SYSTEM32\WSOCK32.dll
0x00007fff73740000 - 0x00007fff7376b000 	C:\WINDOWS\SYSTEM32\WINMMBASE.dll
0x00007fff79270000 - 0x00007fff792da000 	C:\WINDOWS\System32\WS2_32.dll
0x00007fff76820000 - 0x00007fff76862000 	C:\WINDOWS\System32\cfgmgr32.dll
0x0000000062860000 - 0x000000006286f000 	C:\Program Files\Java\jdk1.8.0_20\jre\bin\verify.dll
0x0000000062830000 - 0x0000000062858000 	C:\Program Files\Java\jdk1.8.0_20\jre\bin\java.dll
0x0000000062810000 - 0x0000000062826000 	C:\Program Files\Java\jdk1.8.0_20\jre\bin\zip.dll
0x00007fff77300000 - 0x00007fff78809000 	C:\WINDOWS\System32\SHELL32.dll
0x00007fff75fc0000 - 0x00007fff7669a000 	C:\WINDOWS\System32\windows.storage.dll
0x00007fff758c0000 - 0x00007fff7590c000 	C:\WINDOWS\System32\powrprof.dll
0x00007fff79190000 - 0x00007fff791e2000 	C:\WINDOWS\System32\shlwapi.dll
0x00007fff758b0000 - 0x00007fff758bf000 	C:\WINDOWS\System32\kernel.appcore.dll
0x00007fff76750000 - 0x00007fff767f9000 	C:\WINDOWS\System32\shcore.dll
0x00007fff75920000 - 0x00007fff75934000 	C:\WINDOWS\System32\profapi.dll
0x00007fff663f0000 - 0x00007fff66582000 	C:\WINDOWS\SYSTEM32\dbghelp.dll

VM Arguments:
jvm_args: -Djava.awt.headless=true -Xmx50g -Dfile.encoding=windows-1251 -Duser.country=RU -Duser.language=ru -Duser.variant 
java_command: com.android.dx.command.Main --dex --num-threads=4 --multi-dex --main-dex-list C:\Users\User\Documents\GitHub\iCRM\iCRM\app\build\intermediates\multi-dex\debug\maindexlist.txt --output C:\Users\User\Documents\GitHub\iCRM\iCRM\app\build\intermediates\transforms\dex\debug\folders\1000\1f\main C:\Users\User\Documents\GitHub\iCRM\iCRM\app\build\intermediates\transforms\jarMerging\debug\jars\1\1f\combined.jar
java_class_path (initial): C:\Users\User\AppData\Local\Android\sdk\build-tools\23.0.3\lib\dx.jar
Launcher Type: SUN_STANDARD

Environment Variables:
PATH=C:\ProgramData\Oracle\Java\javapath;C:\Program Files\Broadcom\Broadcom 802.11 Network Adapter;C:\Program Files (x86)\NVIDIA Corporation\PhysX\Common;C:\Program Files (x86)\Intel\iCLS Client\;C:\Program Files\Intel\iCLS Client\;C:\Windows\system32;C:\Windows;C:\Windows\System32\Wbem;C:\Windows\System32\WindowsPowerShell\v1.0\;C:\Program Files\Intel\Intel(R) Management Engine Components\DAL;C:\Program Files\Intel\Intel(R) Management Engine Components\IPT;C:\Program Files (x86)\Intel\Intel(R) Management Engine Components\DAL;C:\Program Files (x86)\Intel\Intel(R) Management Engine Components\IPT;C:\Program Files\WIDCOMM\Bluetooth Software\;C:\Program Files\WIDCOMM\Bluetooth Software\syswow64;C:\Program Files\Acer\Remote Files\;C:\Program Files (x86)\Skype\Phone\;C:\Program Files\OpenVPN\bin;C:\WINDOWS\system32;C:\WINDOWS;C:\WINDOWS\System32\Wbem;C:\WINDOWS\System32\WindowsPowerShell\v1.0\;C:\Users\User\AppData\Local\Microsoft\WindowsApps;
USERNAME=User
OS=Windows_NT
PROCESSOR_IDENTIFIER=Intel64 Family 6 Model 69 Stepping 1, GenuineIntel



---------------  S Y S T E M  ---------------

OS: Windows 8.1 , 64 bit Build 9600 

CPU:total 4 (2 cores per cpu, 2 threads per core) family 6 model 69 stepping 1, cmov, cx8, fxsr, mmx, sse, sse2, sse3, ssse3, sse4.1, sse4.2, popcnt, avx, avx2, aes, clmul, erms, lzcnt, ht, tsc, tscinvbit, bmi1, bmi2

Memory: 4k page, physical 8310040k(716316k free), swap 12406040k(7324k free)

vm_info: Java HotSpot(TM) 64-Bit Server VM (25.20-b23) for windows-amd64 JRE (1.8.0_20-b26), built on Jul 30 2014 13:51:23 by "java_re" with MS VC++ 10.0 (VS2010)

time: Thu Feb 02 19:43:34 2017
elapsed time: 47 seconds (0d 0h 0m 47s)

