#
# There is insufficient memory for the Java Runtime Environment to continue.
# Native memory allocation (malloc) failed to allocate 857216 bytes for Chunk::new
# Possible reasons:
#   The system is out of physical RAM or swap space
#   In 32 bit mode, the process size limit was hit
# Possible solutions:
#   Reduce memory load on the system
#   Increase physical memory or swap space
#   Check if swap backing store is full
#   Use 64 bit Java on a 64 bit OS
#   Decrease Java heap size (-Xmx/-Xms)
#   Decrease number of Java threads
#   Decrease Java thread stack sizes (-Xss)
#   Set larger code cache with -XX:ReservedCodeCacheSize=
# This output file may be truncated or incomplete.
#
#  Out of Memory Error (allocation.cpp:390), pid=10480, tid=0x0000000000002b70
#
# JRE version: OpenJDK Runtime Environment (8.0_112-b06) (build 1.8.0_112-release-b06)
# Java VM: OpenJDK 64-Bit Server VM (25.112-b06 mixed mode windows-amd64 compressed oops)
# Failed to write core dump. Minidumps are not enabled by default on client versions of Windows
#

---------------  T H R E A D  ---------------

Current thread (0x0000000014d9d800):  JavaThread "C2 CompilerThread0" daemon [_thread_in_native, id=11120, stack(0x00000000162e0000,0x00000000163e0000)]

Stack: [0x00000000162e0000,0x00000000163e0000]
[error occurred during error reporting (printing stack bounds), id 0xc0000005]

Native frames: (J=compiled Java code, j=interpreted, Vv=VM code, C=native code)


Current CompileTask:
C2: 977523 17776       4       java.io.WinNTFileSystem::canonicalize (372 bytes)


---------------  P R O C E S S  ---------------

Java Threads: ( => current thread )
  0x000000001d280000 JavaThread "Forward streams with process: command 'C:\Program Files\Android\Android Studio\jre\bin\java.exe' Thread 3" [_thread_in_native, id=6840, stack(0x0000000025420000,0x0000000025520000)]
  0x000000001d285000 JavaThread "Forward streams with process: command 'C:\Program Files\Android\Android Studio\jre\bin\java.exe' Thread 2" [_thread_in_native, id=13768, stack(0x0000000025320000,0x0000000025420000)]
  0x000000001de20000 JavaThread "Forward streams with process: command 'C:\Program Files\Android\Android Studio\jre\bin\java.exe'" [_thread_blocked, id=13512, stack(0x0000000025220000,0x0000000025320000)]
  0x000000001de1d000 JavaThread "Run command 'C:\Program Files\Android\Android Studio\jre\bin\java.exe'" [_thread_in_native, id=8812, stack(0x0000000025020000,0x0000000025120000)]
  0x000000001de1f000 JavaThread "pool-2-thread-2" [_thread_blocked, id=1700, stack(0x0000000024f20000,0x0000000025020000)]
  0x000000001de1b800 JavaThread "Cache worker for file content cache (C:\Users\User\Documents\GitHub\iCRM\iCRM\.gradle\3.4.1\fileContent)" [_thread_blocked, id=10524, stack(0x0000000024420000,0x0000000024520000)]
  0x000000001de21800 JavaThread "Cache worker for task history cache (C:\Users\User\Documents\GitHub\iCRM\iCRM\.gradle\3.4.1\taskHistory)" [_thread_blocked, id=4548, stack(0x0000000024320000,0x0000000024420000)]
  0x000000001de13000 JavaThread "Asynchronous log dispatcher for DefaultDaemonConnection: socket connection from /127.0.0.1:64280 to /127.0.0.1:53129" [_thread_blocked, id=14752, stack(0x0000000024120000,0x0000000024220000)]
  0x000000001de19000 JavaThread "Daemon worker Thread 3" [_thread_blocked, id=8384, stack(0x0000000024020000,0x0000000024120000)]
  0x000000001de17000 JavaThread "Cancel handler" [_thread_blocked, id=14004, stack(0x0000000023f20000,0x0000000024020000)]
  0x000000001de1a000 JavaThread "Handler for socket connection from /127.0.0.1:64280 to /127.0.0.1:53129" [_thread_in_native, id=8280, stack(0x0000000023e20000,0x0000000023f20000)]
  0x000000001de14000 JavaThread "Daemon Thread 3" [_thread_blocked, id=11092, stack(0x0000000023d20000,0x0000000023e20000)]
  0x000000001de15800 JavaThread "pool-2-thread-1" [_thread_blocked, id=15620, stack(0x0000000022260000,0x0000000022360000)]
  0x000000001d283000 JavaThread "Memory manager" [_thread_blocked, id=1316, stack(0x000000001cf80000,0x000000001d080000)]
  0x000000001d282000 JavaThread "pool-1-thread-1" [_thread_blocked, id=7584, stack(0x000000001cba0000,0x000000001cca0000)]
  0x0000000017cc3800 JavaThread "File lock request listener" [_thread_in_native, id=11536, stack(0x0000000019530000,0x0000000019630000)]
  0x00000000178fd000 JavaThread "Cache worker for file hash cache (C:\Users\User\.gradle\caches\3.4.1\fileHashes)" [_thread_blocked, id=14140, stack(0x0000000019430000,0x0000000019530000)]
  0x000000001780e000 JavaThread "Daemon periodic checks" [_thread_blocked, id=9516, stack(0x0000000018b30000,0x0000000018c30000)]
  0x0000000016ff0000 JavaThread "Incoming local TCP Connector on port 64280" [_thread_in_native, id=7860, stack(0x00000000188f0000,0x00000000189f0000)]
  0x000000001660d000 JavaThread "Service Thread" daemon [_thread_blocked, id=13256, stack(0x00000000169e0000,0x0000000016ae0000)]
  0x0000000014da4800 JavaThread "C1 CompilerThread2" daemon [_thread_blocked, id=14776, stack(0x00000000164e0000,0x00000000165e0000)]
  0x0000000014da0800 JavaThread "C2 CompilerThread1" daemon [_thread_blocked, id=13476, stack(0x00000000163e0000,0x00000000164e0000)]
=>0x0000000014d9d800 JavaThread "C2 CompilerThread0" daemon [_thread_in_native, id=11120, stack(0x00000000162e0000,0x00000000163e0000)]
  0x0000000014d9c000 JavaThread "Attach Listener" daemon [_thread_blocked, id=12020, stack(0x00000000161e0000,0x00000000162e0000)]
  0x0000000014d9a800 JavaThread "Signal Dispatcher" daemon [_thread_blocked, id=6564, stack(0x00000000160e0000,0x00000000161e0000)]
  0x0000000014d88800 JavaThread "Finalizer" daemon [_thread_blocked, id=11484, stack(0x0000000015ef0000,0x0000000015ff0000)]
  0x00000000010b1800 JavaThread "Reference Handler" daemon [_thread_blocked, id=3660, stack(0x0000000015df0000,0x0000000015ef0000)]
  0x0000000000dfe000 JavaThread "main" [_thread_blocked, id=8264, stack(0x0000000000ec0000,0x0000000000fc0000)]

Other Threads:
  0x0000000014d64000 VMThread [stack: 0x0000000015cf0000,0x0000000015df0000] [id=12484]
  0x0000000016611800 WatcherThread [stack: 0x0000000016ae0000,0x0000000016be0000] [id=1656]

VM state:not at safepoint (normal execution)

VM Mutex/Monitor currently owned by a thread: None

Heap:
 PSYoungGen      total 252416K, used 58960K [0x00000000eab00000, 0x0000000100000000, 0x0000000100000000)
  eden space 166400K, 35% used [0x00000000eab00000,0x00000000ee465668,0x00000000f4d80000)
  from space 86016K, 0% used [0x00000000f4d80000,0x00000000f4daea58,0x00000000fa180000)
  to   space 84992K, 0% used [0x00000000fad00000,0x00000000fad00000,0x0000000100000000)
 ParOldGen       total 354816K, used 183772K [0x00000000c0000000, 0x00000000d5a80000, 0x00000000eab00000)
  object space 354816K, 51% used [0x00000000c0000000,0x00000000cb377380,0x00000000d5a80000)
 Metaspace       used 66882K, capacity 68938K, committed 69376K, reserved 1110016K
  class space    used 8450K, capacity 8870K, committed 8960K, reserved 1048576K

Card table byte_map: [0x0000000001480000,0x0000000001690000] byte_map_base: 0x0000000000e80000

Marking Bits: (ParMarkBitMap*) 0x0000000071bd18f0
 Begin Bits: [0x0000000012400000, 0x0000000013400000)
 End Bits:   [0x0000000013400000, 0x0000000014400000)

Polling page: 0x0000000000590000

CodeCache: size=245760Kb used=47675Kb max_used=47903Kb free=198084Kb
 bounds [0x0000000003400000, 0x0000000006350000, 0x0000000012400000]
 total_blobs=14145 nmethods=13355 adapters=700
 compilation: enabled

Compilation events (10 events):
Event: 977.209 Thread 0x0000000014da4800 nmethod 17772 0x0000000004a1ab50 code [0x0000000004a1ada0, 0x0000000004a1bb48]
Event: 977.211 Thread 0x0000000014da4800 17773   !   3       org.gradle.cache.internal.FileIntegrityViolationSuppressingPersistentStateCacheDecorator::get (13 bytes)
Event: 977.211 Thread 0x0000000014da4800 nmethod 17773 0x00000000035ec090 code [0x00000000035ec200, 0x00000000035ec448]
Event: 977.213 Thread 0x0000000014da4800 17774       3       org.gradle.cache.internal.SimpleStateCache::get (18 bytes)
Event: 977.213 Thread 0x0000000014da4800 nmethod 17774 0x0000000005202ed0 code [0x0000000005203040, 0x0000000005203388]
Event: 977.215 Thread 0x0000000014da4800 17775   !   3       org.gradle.cache.internal.OnDemandFileAccess::readFile (51 bytes)
Event: 977.215 Thread 0x0000000014d9d800 17776       4       java.io.WinNTFileSystem::canonicalize (372 bytes)
Event: 977.216 Thread 0x0000000014da4800 nmethod 17775 0x0000000006072c50 code [0x0000000006072e20, 0x0000000006073418]
Event: 977.218 Thread 0x0000000014da4800 17777       3       org.gradle.cache.internal.SimpleStateCache$1::create (8 bytes)
Event: 977.218 Thread 0x0000000014da4800 nmethod 17777 0x0000000003bf6050 code [0x0000000003bf61c0, 0x0000000003bf63a8]

GC Heap History (10 events):
Event: 925.174 GC heap before
{Heap before GC invocations=35 (full 5):
 PSYoungGen      total 268288K, used 268283K [0x00000000eab00000, 0x0000000100000000, 0x0000000100000000)
  eden space 188928K, 100% used [0x00000000eab00000,0x00000000f6380000,0x00000000f6380000)
  from space 79360K, 99% used [0x00000000f6380000,0x00000000fb0fefa8,0x00000000fb100000)
  to   space 80896K, 0% used [0x00000000fb100000,0x00000000fb100000,0x0000000100000000)
 ParOldGen       total 217600K, used 65767K [0x00000000c0000000, 0x00000000cd480000, 0x00000000eab00000)
  object space 217600K, 30% used [0x00000000c0000000,0x00000000c4039c60,0x00000000cd480000)
 Metaspace       used 66900K, capacity 69046K, committed 69376K, reserved 1110016K
  class space    used 8461K, capacity 8910K, committed 8960K, reserved 1048576K
Event: 925.322 GC heap after
Heap after GC invocations=35 (full 5):
 PSYoungGen      total 243712K, used 39872K [0x00000000eab00000, 0x0000000100000000, 0x0000000100000000)
  eden space 162816K, 0% used [0x00000000eab00000,0x00000000eab00000,0x00000000f4a00000)
  from space 80896K, 49% used [0x00000000fb100000,0x00000000fd7f0000,0x0000000100000000)
  to   space 93184K, 0% used [0x00000000f4a00000,0x00000000f4a00000,0x00000000fa500000)
 ParOldGen       total 217600K, used 133517K [0x00000000c0000000, 0x00000000cd480000, 0x00000000eab00000)
  object space 217600K, 61% used [0x00000000c0000000,0x00000000c82637f0,0x00000000cd480000)
 Metaspace       used 66900K, capacity 69046K, committed 69376K, reserved 1110016K
  class space    used 8461K, capacity 8910K, committed 8960K, reserved 1048576K
}
Event: 925.635 GC heap before
{Heap before GC invocations=36 (full 5):
 PSYoungGen      total 243712K, used 202688K [0x00000000eab00000, 0x0000000100000000, 0x0000000100000000)
  eden space 162816K, 100% used [0x00000000eab00000,0x00000000f4a00000,0x00000000f4a00000)
  from space 80896K, 49% used [0x00000000fb100000,0x00000000fd7f0000,0x0000000100000000)
  to   space 93184K, 0% used [0x00000000f4a00000,0x00000000f4a00000,0x00000000fa500000)
 ParOldGen       total 217600K, used 133517K [0x00000000c0000000, 0x00000000cd480000, 0x00000000eab00000)
  object space 217600K, 61% used [0x00000000c0000000,0x00000000c82637f0,0x00000000cd480000)
 Metaspace       used 66900K, capacity 69046K, committed 69376K, reserved 1110016K
  class space    used 8461K, capacity 8910K, committed 8960K, reserved 1048576K
Event: 925.705 GC heap after
Heap after GC invocations=36 (full 5):
 PSYoungGen      total 256000K, used 16000K [0x00000000eab00000, 0x0000000100000000, 0x0000000100000000)
  eden space 162816K, 0% used [0x00000000eab00000,0x00000000eab00000,0x00000000f4a00000)
  from space 93184K, 17% used [0x00000000f4a00000,0x00000000f59a0000,0x00000000fa500000)
  to   space 89600K, 0% used [0x00000000fa880000,0x00000000fa880000,0x0000000100000000)
 ParOldGen       total 217600K, used 171346K [0x00000000c0000000, 0x00000000cd480000, 0x00000000eab00000)
  object space 217600K, 78% used [0x00000000c0000000,0x00000000ca754a20,0x00000000cd480000)
 Metaspace       used 66900K, capacity 69046K, committed 69376K, reserved 1110016K
  class space    used 8461K, capacity 8910K, committed 8960K, reserved 1048576K
}
Event: 925.705 GC heap before
{Heap before GC invocations=37 (full 6):
 PSYoungGen      total 256000K, used 16000K [0x00000000eab00000, 0x0000000100000000, 0x0000000100000000)
  eden space 162816K, 0% used [0x00000000eab00000,0x00000000eab00000,0x00000000f4a00000)
  from space 93184K, 17% used [0x00000000f4a00000,0x00000000f59a0000,0x00000000fa500000)
  to   space 89600K, 0% used [0x00000000fa880000,0x00000000fa880000,0x0000000100000000)
 ParOldGen       total 217600K, used 171346K [0x00000000c0000000, 0x00000000cd480000, 0x00000000eab00000)
  object space 217600K, 78% used [0x00000000c0000000,0x00000000ca754a20,0x00000000cd480000)
 Metaspace       used 66900K, capacity 69046K, committed 69376K, reserved 1110016K
  class space    used 8461K, capacity 8910K, committed 8960K, reserved 1048576K
Event: 926.620 GC heap after
Heap after GC invocations=37 (full 6):
 PSYoungGen      total 256000K, used 0K [0x00000000eab00000, 0x0000000100000000, 0x0000000100000000)
  eden space 162816K, 0% used [0x00000000eab00000,0x00000000eab00000,0x00000000f4a00000)
  from space 93184K, 0% used [0x00000000f4a00000,0x00000000f4a00000,0x00000000fa500000)
  to   space 89600K, 0% used [0x00000000fa880000,0x00000000fa880000,0x0000000100000000)
 ParOldGen       total 354816K, used 170364K [0x00000000c0000000, 0x00000000d5a80000, 0x00000000eab00000)
  object space 354816K, 48% used [0x00000000c0000000,0x00000000ca65f380,0x00000000d5a80000)
 Metaspace       used 66813K, capacity 68874K, committed 69376K, reserved 1110016K
  class space    used 8448K, capacity 8870K, committed 8960K, reserved 1048576K
}
Event: 927.179 GC heap before
{Heap before GC invocations=38 (full 6):
 PSYoungGen      total 256000K, used 162816K [0x00000000eab00000, 0x0000000100000000, 0x0000000100000000)
  eden space 162816K, 100% used [0x00000000eab00000,0x00000000f4a00000,0x00000000f4a00000)
  from space 93184K, 0% used [0x00000000f4a00000,0x00000000f4a00000,0x00000000fa500000)
  to   space 89600K, 0% used [0x00000000fa880000,0x00000000fa880000,0x0000000100000000)
 ParOldGen       total 354816K, used 170364K [0x00000000c0000000, 0x00000000d5a80000, 0x00000000eab00000)
  object space 354816K, 48% used [0x00000000c0000000,0x00000000ca65f380,0x00000000d5a80000)
 Metaspace       used 66814K, capacity 68874K, committed 69376K, reserved 1110016K
  class space    used 8448K, capacity 8870K, committed 8960K, reserved 1048576K
Event: 927.205 GC heap after
Heap after GC invocations=38 (full 6):
 PSYoungGen      total 245248K, used 13408K [0x00000000eab00000, 0x00000000ff580000, 0x0000000100000000)
  eden space 166400K, 0% used [0x00000000eab00000,0x00000000eab00000,0x00000000f4d80000)
  from space 78848K, 17% used [0x00000000fa880000,0x00000000fb598000,0x00000000ff580000)
  to   space 86016K, 0% used [0x00000000f4d80000,0x00000000f4d80000,0x00000000fa180000)
 ParOldGen       total 354816K, used 170364K [0x00000000c0000000, 0x00000000d5a80000, 0x00000000eab00000)
  object space 354816K, 48% used [0x00000000c0000000,0x00000000ca65f380,0x00000000d5a80000)
 Metaspace       used 66814K, capacity 68874K, committed 69376K, reserved 1110016K
  class space    used 8448K, capacity 8870K, committed 8960K, reserved 1048576K
}
Event: 927.989 GC heap before
{Heap before GC invocations=39 (full 6):
 PSYoungGen      total 245248K, used 179808K [0x00000000eab00000, 0x00000000ff580000, 0x0000000100000000)
  eden space 166400K, 100% used [0x00000000eab00000,0x00000000f4d80000,0x00000000f4d80000)
  from space 78848K, 17% used [0x00000000fa880000,0x00000000fb598000,0x00000000ff580000)
  to   space 86016K, 0% used [0x00000000f4d80000,0x00000000f4d80000,0x00000000fa180000)
 ParOldGen       total 354816K, used 170364K [0x00000000c0000000, 0x00000000d5a80000, 0x00000000eab00000)
  object space 354816K, 48% used [0x00000000c0000000,0x00000000ca65f380,0x00000000d5a80000)
 Metaspace       used 66815K, capacity 68874K, committed 69376K, reserved 1110016K
  class space    used 8448K, capacity 8870K, committed 8960K, reserved 1048576K
Event: 928.014 GC heap after
Heap after GC invocations=39 (full 6):
 PSYoungGen      total 252416K, used 186K [0x00000000eab00000, 0x0000000100000000, 0x0000000100000000)
  eden space 166400K, 0% used [0x00000000eab00000,0x00000000eab00000,0x00000000f4d80000)
  from space 86016K, 0% used [0x00000000f4d80000,0x00000000f4daea58,0x00000000fa180000)
  to   space 84992K, 0% used [0x00000000fad00000,0x00000000fad00000,0x0000000100000000)
 ParOldGen       total 354816K, used 183772K [0x00000000c0000000, 0x00000000d5a80000, 0x00000000eab00000)
  object space 354816K, 51% used [0x00000000c0000000,0x00000000cb377380,0x00000000d5a80000)
 Metaspace       used 66815K, capacity 68874K, committed 69376K, reserved 1110016K
  class space    used 8448K, capacity 8870K, committed 8960K, reserved 1048576K
}

Deoptimization events (10 events):
Event: 928.189 Thread 0x000000001de19000 Uncommon trap: reason=array_check action=maybe_recompile pc=0x00000000036c57ec method=proguard.shrink.ClassShrinker.shrinkArray([Lproguard/classfile/VisitorAccepter;I)I @ 36
Event: 928.189 Thread 0x000000001de19000 Uncommon trap: reason=array_check action=maybe_recompile pc=0x00000000036c57ec method=proguard.shrink.ClassShrinker.shrinkArray([Lproguard/classfile/VisitorAccepter;I)I @ 36
Event: 928.189 Thread 0x000000001de19000 Uncommon trap: reason=array_check action=maybe_recompile pc=0x00000000036c57ec method=proguard.shrink.ClassShrinker.shrinkArray([Lproguard/classfile/VisitorAccepter;I)I @ 36
Event: 928.189 Thread 0x000000001de19000 Uncommon trap: reason=array_check action=maybe_recompile pc=0x00000000036c57ec method=proguard.shrink.ClassShrinker.shrinkArray([Lproguard/classfile/VisitorAccepter;I)I @ 36
Event: 928.199 Thread 0x000000001de19000 Uncommon trap: reason=array_check action=maybe_recompile pc=0x00000000060726b0 method=java.util.ComparableTimSort.binarySort([Ljava/lang/Object;III)V @ 183
Event: 928.199 Thread 0x000000001de19000 Uncommon trap: reason=array_check action=maybe_recompile pc=0x00000000060726b0 method=java.util.ComparableTimSort.binarySort([Ljava/lang/Object;III)V @ 183
Event: 928.199 Thread 0x000000001de19000 Uncommon trap: reason=array_check action=maybe_recompile pc=0x0000000006177b20 method=java.util.ComparableTimSort.reverseRange([Ljava/lang/Object;II)V @ 27
Event: 928.199 Thread 0x000000001de19000 Uncommon trap: reason=array_check action=maybe_recompile pc=0x0000000006177b20 method=java.util.ComparableTimSort.reverseRange([Ljava/lang/Object;II)V @ 27
Event: 932.154 Thread 0x000000001de19000 Uncommon trap: reason=unstable_if action=reinterpret pc=0x00000000058ef25c method=java.lang.ref.SoftReference.get()Ljava/lang/Object; @ 6
Event: 932.163 Thread 0x000000001de1f000 Uncommon trap: reason=class_check action=maybe_recompile pc=0x0000000004dbb958 method=java.lang.ThreadLocal.setInitialValue()Ljava/lang/Object; @ 31

Internal exceptions (10 events):
Event: 908.353 Thread 0x000000001de19000 Exception <a 'sun/nio/fs/WindowsException'> (0x00000000f47b99d8) thrown at [C:\src\android\AOSP-openjdk\external\jetbrains\jdk\hotspot\src\share\vm\prims\jni.cpp, line 709]
Event: 908.353 Thread 0x000000001de19000 Exception <a 'sun/nio/fs/WindowsException'> (0x00000000f47bb6e0) thrown at [C:\src\android\AOSP-openjdk\external\jetbrains\jdk\hotspot\src\share\vm\prims\jni.cpp, line 709]
Event: 908.353 Thread 0x000000001de19000 Exception <a 'sun/nio/fs/WindowsException'> (0x00000000f47bc3f8) thrown at [C:\src\android\AOSP-openjdk\external\jetbrains\jdk\hotspot\src\share\vm\prims\jni.cpp, line 709]
Event: 908.353 Thread 0x000000001de19000 Exception <a 'sun/nio/fs/WindowsException'> (0x00000000f47c04b8) thrown at [C:\src\android\AOSP-openjdk\external\jetbrains\jdk\hotspot\src\share\vm\prims\jni.cpp, line 709]
Event: 908.354 Thread 0x000000001de19000 Exception <a 'sun/nio/fs/WindowsException'> (0x00000000f47c1178) thrown at [C:\src\android\AOSP-openjdk\external\jetbrains\jdk\hotspot\src\share\vm\prims\jni.cpp, line 709]
Event: 908.354 Thread 0x000000001de19000 Exception <a 'sun/nio/fs/WindowsException'> (0x00000000f47c2e80) thrown at [C:\src\android\AOSP-openjdk\external\jetbrains\jdk\hotspot\src\share\vm\prims\jni.cpp, line 709]
Event: 908.354 Thread 0x000000001de19000 Exception <a 'sun/nio/fs/WindowsException'> (0x00000000f47c3b78) thrown at [C:\src\android\AOSP-openjdk\external\jetbrains\jdk\hotspot\src\share\vm\prims\jni.cpp, line 709]
Event: 908.356 Thread 0x000000001de19000 Exception <a 'sun/nio/fs/WindowsException'> (0x00000000f47d63b0) thrown at [C:\src\android\AOSP-openjdk\external\jetbrains\jdk\hotspot\src\share\vm\prims\jni.cpp, line 709]
Event: 908.966 Thread 0x000000001de19000 Implicit null exception at 0x0000000003e7c040 to 0x0000000003e7c4ad
Event: 911.458 Thread 0x000000001de19000 Implicit null exception at 0x00000000062528e2 to 0x00000000062529e9

Events (10 events):
Event: 977.214 Thread 0x0000000014da4800 flushing nmethod 0x0000000003b48c10
Event: 977.215 Thread 0x0000000014da4800 flushing nmethod 0x0000000003b53290
Event: 977.216 Thread 0x0000000014da4800 flushing nmethod 0x0000000003c2ba50
Event: 977.216 Thread 0x0000000014da4800 flushing nmethod 0x0000000003cb7790
Event: 977.217 Thread 0x0000000014da4800 flushing nmethod 0x0000000003d55cd0
Event: 977.217 Thread 0x0000000014da4800 flushing nmethod 0x0000000003db58d0
Event: 977.219 Thread 0x0000000014da4800 flushing nmethod 0x0000000003e1e1d0
Event: 977.219 Thread 0x0000000014da4800 flushing nmethod 0x0000000003edc750
Event: 977.219 Thread 0x0000000014da4800 flushing nmethod 0x0000000003f429d0
Event: 977.220 Thread 0x0000000014da4800 flushing nmethod 0x0000000003fcf6d0


Dynamic libraries:
0x00007ff7e57b0000 - 0x00007ff7e57e1000 	C:\Program Files\Android\Android Studio\jre\bin\java.exe
0x00007ffa3aa10000 - 0x00007ffa3abe1000 	C:\WINDOWS\SYSTEM32\ntdll.dll
0x00007ffa37fd0000 - 0x00007ffa3807b000 	C:\WINDOWS\System32\KERNEL32.DLL
0x00007ffa37830000 - 0x00007ffa37a4d000 	C:\WINDOWS\System32\KERNELBASE.dll
0x00007ffa38700000 - 0x00007ffa387a2000 	C:\WINDOWS\System32\ADVAPI32.dll
0x00007ffa38080000 - 0x00007ffa3811e000 	C:\WINDOWS\System32\msvcrt.dll
0x00007ffa3a050000 - 0x00007ffa3a0a9000 	C:\WINDOWS\System32\sechost.dll
0x00007ffa385d0000 - 0x00007ffa386f1000 	C:\WINDOWS\System32\RPCRT4.dll
0x00007ffa38460000 - 0x00007ffa385c5000 	C:\WINDOWS\System32\USER32.dll
0x00007ffa36fb0000 - 0x00007ffa36fce000 	C:\WINDOWS\System32\win32u.dll
0x00007ffa381f0000 - 0x00007ffa38224000 	C:\WINDOWS\System32\GDI32.dll
0x00007ffa37aa0000 - 0x00007ffa37c22000 	C:\WINDOWS\System32\gdi32full.dll
0x00007ffa2c5a0000 - 0x00007ffa2c81a000 	C:\WINDOWS\WinSxS\amd64_microsoft.windows.common-controls_6595b64144ccf1df_6.0.14393.953_none_42151e83c686086b\COMCTL32.dll
0x00007ffa39cc0000 - 0x00007ffa39f88000 	C:\WINDOWS\System32\combase.dll
0x00007ffa37c30000 - 0x00007ffa37d25000 	C:\WINDOWS\System32\ucrtbase.dll
0x00007ffa377c0000 - 0x00007ffa3782a000 	C:\WINDOWS\System32\bcryptPrimitives.dll
0x00007ffa37fa0000 - 0x00007ffa37fce000 	C:\WINDOWS\System32\IMM32.DLL
0x0000000070cd0000 - 0x0000000070da2000 	C:\Program Files\Android\Android Studio\jre\jre\bin\msvcr100.dll
0x0000000071410000 - 0x0000000071c4c000 	C:\Program Files\Android\Android Studio\jre\jre\bin\server\jvm.dll
0x00007ffa3a960000 - 0x00007ffa3a968000 	C:\WINDOWS\System32\PSAPI.DLL
0x00007ffa34e30000 - 0x00007ffa34e39000 	C:\WINDOWS\SYSTEM32\WSOCK32.dll
0x00007ffa2a680000 - 0x00007ffa2a68a000 	C:\WINDOWS\SYSTEM32\VERSION.dll
0x00007ffa34db0000 - 0x00007ffa34dd3000 	C:\WINDOWS\SYSTEM32\WINMM.dll
0x00007ffa34d50000 - 0x00007ffa34d7b000 	C:\WINDOWS\SYSTEM32\WINMMBASE.dll
0x00007ffa37a50000 - 0x00007ffa37a92000 	C:\WINDOWS\System32\cfgmgr32.dll
0x00007ffa383f0000 - 0x00007ffa3845a000 	C:\WINDOWS\System32\WS2_32.dll
0x00007ffa34800000 - 0x00007ffa3480f000 	C:\Program Files\Android\Android Studio\jre\jre\bin\verify.dll
0x00007ffa2e210000 - 0x00007ffa2e239000 	C:\Program Files\Android\Android Studio\jre\jre\bin\java.dll
0x00007ffa2e500000 - 0x00007ffa2e516000 	C:\Program Files\Android\Android Studio\jre\jre\bin\zip.dll
0x00007ffa387b0000 - 0x00007ffa39cb8000 	C:\WINDOWS\System32\SHELL32.dll
0x00007ffa37030000 - 0x00007ffa3770a000 	C:\WINDOWS\System32\windows.storage.dll
0x00007ffa36ea0000 - 0x00007ffa36eec000 	C:\WINDOWS\System32\powrprof.dll
0x00007ffa38330000 - 0x00007ffa38382000 	C:\WINDOWS\System32\shlwapi.dll
0x00007ffa36e90000 - 0x00007ffa36e9f000 	C:\WINDOWS\System32\kernel.appcore.dll
0x00007ffa37710000 - 0x00007ffa377b9000 	C:\WINDOWS\System32\shcore.dll
0x00007ffa36e70000 - 0x00007ffa36e84000 	C:\WINDOWS\System32\profapi.dll
0x00007ffa2e3f0000 - 0x00007ffa2e40a000 	C:\Program Files\Android\Android Studio\jre\jre\bin\net.dll
0x00007ffa36740000 - 0x00007ffa3679c000 	C:\WINDOWS\system32\mswsock.dll
0x00007ffa2e280000 - 0x00007ffa2e291000 	C:\Program Files\Android\Android Studio\jre\jre\bin\nio.dll
0x00007ffa2e4b0000 - 0x00007ffa2e4ce000 	C:\Users\User\.gradle\native\24\windows-amd64\native-platform.dll
0x00007ffa368e0000 - 0x00007ffa368f7000 	C:\WINDOWS\SYSTEM32\CRYPTSP.dll
0x00007ffa36340000 - 0x00007ffa36373000 	C:\WINDOWS\system32\rsaenh.dll
0x00007ffa36db0000 - 0x00007ffa36ddb000 	C:\WINDOWS\SYSTEM32\bcrypt.dll
0x00007ffa365c0000 - 0x00007ffa365df000 	C:\WINDOWS\SYSTEM32\USERENV.dll
0x00007ffa36900000 - 0x00007ffa3690b000 	C:\WINDOWS\SYSTEM32\CRYPTBASE.dll
0x00007ffa364c0000 - 0x00007ffa364f8000 	C:\WINDOWS\SYSTEM32\IPHLPAPI.DLL
0x00007ffa3a4e0000 - 0x00007ffa3a4e8000 	C:\WINDOWS\System32\NSI.dll
0x00007ffa334a0000 - 0x00007ffa334b6000 	C:\WINDOWS\SYSTEM32\dhcpcsvc6.DLL
0x00007ffa33480000 - 0x00007ffa3349a000 	C:\WINDOWS\SYSTEM32\dhcpcsvc.DLL
0x00007ffa2e390000 - 0x00007ffa2e39d000 	C:\Program Files\Android\Android Studio\jre\jre\bin\management.dll

VM Arguments:
jvm_args: -XX:MaxPermSize=256m -XX:+HeapDumpOnOutOfMemoryError -Xmx1024m -Dfile.encoding=windows-1251 -Duser.country=RU -Duser.language=ru -Duser.variant 
java_command: org.gradle.launcher.daemon.bootstrap.GradleDaemon 3.4.1
java_class_path (initial): C:\Users\User\.gradle\wrapper\dists\gradle-3.4.1-all\c3ib5obfnqr0no9szq6qc17do\gradle-3.4.1\lib\gradle-launcher-3.4.1.jar
Launcher Type: SUN_STANDARD

Environment Variables:
PATH=C:\ProgramData\Oracle\Java\javapath;C:\Program Files\Broadcom\Broadcom 802.11 Network Adapter;C:\Program Files (x86)\NVIDIA Corporation\PhysX\Common;C:\Program Files (x86)\Intel\iCLS Client\;C:\Program Files\Intel\iCLS Client\;C:\Windows\system32;C:\Windows;C:\Windows\System32\Wbem;C:\Windows\System32\WindowsPowerShell\v1.0\;C:\Program Files\Intel\Intel(R) Management Engine Components\DAL;C:\Program Files\Intel\Intel(R) Management Engine Components\IPT;C:\Program Files (x86)\Intel\Intel(R) Management Engine Components\DAL;C:\Program Files (x86)\Intel\Intel(R) Management Engine Components\IPT;C:\Program Files\WIDCOMM\Bluetooth Software\;C:\Program Files\WIDCOMM\Bluetooth Software\syswow64;C:\Program Files\Acer\Remote Files\;C:\Program Files\OpenVPN\bin;C:\WINDOWS\system32;C:\WINDOWS;C:\WINDOWS\System32\Wbem;C:\WINDOWS\System32\WindowsPowerShell\v1.0\;C:\Users\User\AppData\Local\Microsoft\WindowsApps;
USERNAME=User
OS=Windows_NT
PROCESSOR_IDENTIFIER=Intel64 Family 6 Model 69 Stepping 1, GenuineIntel



---------------  S Y S T E M  ---------------

OS: Windows 10.0 , 64 bit Build 14393 (10.0.14393.0)

CPU:total 4 (2 cores per cpu, 2 threads per core) family 6 model 69 stepping 1, cmov, cx8, fxsr, mmx, sse, sse2, sse3, ssse3, sse4.1, sse4.2, popcnt, avx, avx2, aes, clmul, erms, lzcnt, ht, tsc, tscinvbit, bmi1, bmi2

Memory: 4k page, physical 8310040k(658628k free), swap 12406040k(5812k free)

vm_info: OpenJDK 64-Bit Server VM (25.112-b06) for windows-amd64 JRE (1.8.0_112-release-b06), built on Dec  8 2016 00:54:26 by "builder" with MS VC++ 10.0 (VS2010)

time: Thu Apr 13 13:39:58 2017
elapsed time: 977 seconds (0d 0h 16m 17s)

